[38;5;159m[Genesis] [08:56:07] [INFO] [38;5;121m╭───────────────────────────────────────────────╮[0m[38;5;159m[0m
[38;5;159m[Genesis] [08:56:07] [INFO] [38;5;121m│┈┉┈┉┈┉┈┉┈┉┈┉┈┉┈┉┈┉┈[0m[38;5;159m [38;5;121m[1m[3mGenesis[0m[38;5;159m [38;5;121m┈┉┈┉┈┉┈┉┈┉┈┉┈┉┈┉┈┉┈│[0m[38;5;159m[0m
[38;5;159m[Genesis] [08:56:07] [INFO] [38;5;121m╰───────────────────────────────────────────────╯[0m[38;5;159m[0m
[38;5;159m[Genesis] [08:56:08] [INFO] Running on [38;5;121m[4m[NVIDIA GeForce RTX 5090][0m[38;5;159m with backend [38;5;121m[4mgs.cuda[0m[38;5;159m. Device memory: [38;5;121m[4m31.36[0m[38;5;159m GB.[0m
[38;5;159m[Genesis] [08:56:08] [INFO] 🚀 Genesis initialized. 🔖 version: [38;5;121m[4m0.4.7[0m[38;5;159m, 🎨 theme: [38;5;121m[4mdark[0m[38;5;159m, 🌱 seed: [38;5;121m[4mNone[0m[38;5;159m, 🐛 debug: [38;5;121m[4mFalse[0m[38;5;159m, 📏 precision: [38;5;121m[4m32[0m[38;5;159m, 🔥 performance: [38;5;121m[4mFalse[0m[38;5;159m, 💬 verbose: [38;5;121m[4mINFO[0m[38;5;159m[0m
[38;5;226m[Genesis] [08:56:11] [WARNING] Viewer option 'n_rendered_envs' is deprecated and will be removed in a future release. Please use 'rendered_envs_idx' instead.[0m
[38;5;159m[Genesis] [08:56:12] [INFO] Scene [38;5;121m[3m<8a985ae>[0m[38;5;159m created.[0m
[38;5;159m[Genesis] [08:56:12] [INFO] Adding [38;5;121m<gs.engine.entities.RigidEntity>[0m[38;5;159m. idx: [38;5;121m0[0m[38;5;159m, uid: [38;5;121m[3m<985455a>[0m[38;5;159m, morph: [38;5;121m<gs.morphs.Plane>[0m[38;5;159m, material: [38;5;121m<gs.materials.Rigid>[0m[38;5;159m.[0m
[38;5;159m[Genesis] [08:56:12] [INFO] Adding [38;5;121m<gs.engine.entities.RigidEntity>[0m[38;5;159m. idx: [38;5;121m1[0m[38;5;159m, uid: [38;5;121m[3m<64f38a2>[0m[38;5;159m, morph: [38;5;121m<gs.morphs.URDF(file='/home/jfriesen/.local/lib/python3.12/site-packages/genesis/assets/urdf/go2/urdf/go2.urdf')>[0m[38;5;159m, material: [38;5;121m<gs.materials.Rigid>[0m[38;5;159m.[0m
[38;5;159m[Genesis] [08:56:14] [INFO] Building scene [38;5;121m[3m<8a985ae>[0m[38;5;159m...[0m
[38;5;226m[Genesis] [08:56:15] [WARNING] Neutral robot position (qpos0) exceeds joint limits.[0m
[38;5;159m[Genesis] [08:56:16] [INFO] Compiling simulation kernels...[0m
[38;5;159m[Genesis] [08:56:17] [INFO] Building visualizer...[0m
[38;5;226m[Genesis] [08:56:17] [WARNING] This property is deprecated and will be removed in future release. Please use 'dofs_idx_local' instead.[0m
[38;5;226m[Genesis] [08:56:17] [WARNING] This property is deprecated and will be removed in future release. Please use 'dofs_idx_local' instead.[0m
[38;5;226m[Genesis] [08:56:17] [WARNING] This property is deprecated and will be removed in future release. Please use 'dofs_idx_local' instead.[0m
[38;5;226m[Genesis] [08:56:17] [WARNING] This property is deprecated and will be removed in future release. Please use 'dofs_idx_local' instead.[0m
[38;5;226m[Genesis] [08:56:17] [WARNING] This property is deprecated and will be removed in future release. Please use 'dofs_idx_local' instead.[0m
[38;5;226m[Genesis] [08:56:17] [WARNING] This property is deprecated and will be removed in future release. Please use 'dofs_idx_local' instead.[0m
[38;5;226m[Genesis] [08:56:17] [WARNING] This property is deprecated and will be removed in future release. Please use 'dofs_idx_local' instead.[0m
[38;5;226m[Genesis] [08:56:17] [WARNING] This property is deprecated and will be removed in future release. Please use 'dofs_idx_local' instead.[0m
[38;5;226m[Genesis] [08:56:17] [WARNING] This property is deprecated and will be removed in future release. Please use 'dofs_idx_local' instead.[0m
[38;5;226m[Genesis] [08:56:17] [WARNING] This property is deprecated and will be removed in future release. Please use 'dofs_idx_local' instead.[0m
[38;5;226m[Genesis] [08:56:17] [WARNING] This property is deprecated and will be removed in future release. Please use 'dofs_idx_local' instead.[0m
[38;5;226m[Genesis] [08:56:17] [WARNING] This property is deprecated and will be removed in future release. Please use 'dofs_idx_local' instead.[0m
/home/jfriesen/.local/lib/python3.12/site-packages/torch/utils/_device.py:122: UserWarning: To copy construct from a tensor, it is recommended to use sourceTensor.detach().clone() or sourceTensor.detach().clone().requires_grad_(True), rather than torch.tensor(sourceTensor).
  return func(*args, **kwargs)
Actor MLP: Sequential(
  (0): Linear(in_features=51, out_features=512, bias=True)
  (1): ELU(alpha=1.0)
  (2): Linear(in_features=512, out_features=256, bias=True)
  (3): ELU(alpha=1.0)
  (4): Linear(in_features=256, out_features=128, bias=True)
  (5): ELU(alpha=1.0)
  (6): Linear(in_features=128, out_features=12, bias=True)
)
Critic MLP: Sequential(
  (0): Linear(in_features=75, out_features=512, bias=True)
  (1): ELU(alpha=1.0)
  (2): Linear(in_features=512, out_features=256, bias=True)
  (3): ELU(alpha=1.0)
  (4): Linear(in_features=256, out_features=128, bias=True)
  (5): ELU(alpha=1.0)
  (6): Linear(in_features=128, out_features=1, bias=True)
)
[38;5;159m[Genesis] [08:56:19] [INFO] Running at [38;5;121m1.66[0m[38;5;159m FPS ([38;5;121m1.66[0m[38;5;159m FPS per env, [38;5;121m1[0m[38;5;159m envs).[0m
[38;5;159m[Genesis] [08:56:20] [INFO] Running at [38;5;121m12.54[0m[38;5;159m FPS ([38;5;121m12.54[0m[38;5;159m FPS per env, [38;5;121m1[0m[38;5;159m envs).[0m
[38;5;159m[Genesis] [08:56:20] [INFO] Running at [38;5;121m79.22[0m[38;5;159m FPS ([38;5;121m79.22[0m[38;5;159m FPS per env, [38;5;121m1[0m[38;5;159m envs).[0m
[38;5;159m[Genesis] [08:56:20] [INFO] Running at [38;5;121m78.90[0m[38;5;159m FPS ([38;5;121m78.90[0m[38;5;159m FPS per env, [38;5;121m1[0m[38;5;159m envs).[0m
[38;5;159m[Genesis] [08:56:20] [INFO] Running at [38;5;121m78.85[0m[38;5;159m FPS ([38;5;121m78.85[0m[38;5;159m FPS per env, [38;5;121m1[0m[38;5;159m envs).[0m
[38;5;159m[Genesis] [08:56:20] [INFO] Running at [38;5;121m78.82[0m[38;5;159m FPS ([38;5;121m78.82[0m[38;5;159m FPS per env, [38;5;121m1[0m[38;5;159m envs).[0m
[38;5;159m[Genesis] [08:56:20] [INFO] Running at [38;5;121m78.78[0m[38;5;159m FPS ([38;5;121m78.78[0m[38;5;159m FPS per env, [38;5;121m1[0m[38;5;159m envs).[0m
[38;5;159m[Genesis] [08:56:20] [INFO] Running at [38;5;121m78.74[0m[38;5;159m FPS ([38;5;121m78.74[0m[38;5;159m FPS per env, [38;5;121m1[0m[38;5;159m envs).[0m
[38;5;159m[Genesis] [08:56:20] [INFO] Running at [38;5;121m78.72[0m[38;5;159m FPS ([38;5;121m78.72[0m[38;5;159m FPS per env, [38;5;121m1[0m[38;5;159m envs).[0m
[38;5;159m[Genesis] [08:56:20] [INFO] Running at [38;5;121m78.68[0m[38;5;159m FPS ([38;5;121m78.68[0m[38;5;159m FPS per env, [38;5;121m1[0m[38;5;159m envs).[0m
[38;5;159m[Genesis] [08:56:20] [INFO] Running at [38;5;121m78.64[0m[38;5;159m FPS ([38;5;121m78.64[0m[38;5;159m FPS per env, [38;5;121m1[0m[38;5;159m envs).[0m
[38;5;159m[Genesis] [08:56:20] [INFO] Running at [38;5;121m78.62[0m[38;5;159m FPS ([38;5;121m78.62[0m[38;5;159m FPS per env, [38;5;121m1[0m[38;5;159m envs).[0m
[38;5;159m[Genesis] [08:56:20] [INFO] Running at [38;5;121m78.61[0m[38;5;159m FPS ([38;5;121m78.61[0m[38;5;159m FPS per env, [38;5;121m1[0m[38;5;159m envs).[0m
[38;5;159m[Genesis] [08:56:20] [INFO] Running at [38;5;121m78.57[0m[38;5;159m FPS ([38;5;121m78.57[0m[38;5;159m FPS per env, [38;5;121m1[0m[38;5;159m envs).[0m
[38;5;159m[Genesis] [08:56:20] [INFO] Running at [38;5;121m78.58[0m[38;5;159m FPS ([38;5;121m78.58[0m[38;5;159m FPS per env, [38;5;121m1[0m[38;5;159m envs).[0m
[38;5;159m[Genesis] [08:56:20] [INFO] Running at [38;5;121m78.56[0m[38;5;159m FPS ([38;5;121m78.56[0m[38;5;159m FPS per env, [38;5;121m1[0m[38;5;159m envs).[0m
[38;5;159m[Genesis] [08:56:20] [INFO] Running at [38;5;121m78.52[0m[38;5;159m FPS ([38;5;121m78.52[0m[38;5;159m FPS per env, [38;5;121m1[0m[38;5;159m envs).[0m
[38;5;159m[Genesis] [08:56:20] [INFO] Running at [38;5;121m78.52[0m[38;5;159m FPS ([38;5;121m78.52[0m[38;5;159m FPS per env, [38;5;121m1[0m[38;5;159m envs).[0m
[38;5;159m[Genesis] [08:56:20] [INFO] Running at [38;5;121m78.51[0m[38;5;159m FPS ([38;5;121m78.51[0m[38;5;159m FPS per env, [38;5;121m1[0m[38;5;159m envs).[0m
[38;5;159m[Genesis] [08:56:20] [INFO] Running at [38;5;121m78.49[0m[38;5;159m FPS ([38;5;121m78.49[0m[38;5;159m FPS per env, [38;5;121m1[0m[38;5;159m envs).[0m
[38;5;159m[Genesis] [08:56:20] [INFO] Running at [38;5;121m78.48[0m[38;5;159m FPS ([38;5;121m78.48[0m[38;5;159m FPS per env, [38;5;121m1[0m[38;5;159m envs).[0m
[38;5;159m[Genesis] [08:56:21] [INFO] Running at [38;5;121m78.49[0m[38;5;159m FPS ([38;5;121m78.49[0m[38;5;159m FPS per env, [38;5;121m1[0m[38;5;159m envs).[0m
[38;5;159m[Genesis] [08:56:21] [INFO] Running at [38;5;121m78.27[0m[38;5;159m FPS ([38;5;121m78.27[0m[38;5;159m FPS per env, [38;5;121m1[0m[38;5;159m envs).[0m
[38;5;159m[Genesis] [08:56:21] [INFO] Running at [38;5;121m78.28[0m[38;5;159m FPS ([38;5;121m78.28[0m[38;5;159m FPS per env, [38;5;121m1[0m[38;5;159m envs).[0m
[38;5;159m[Genesis] [08:56:21] [INFO] Running at [38;5;121m78.29[0m[38;5;159m FPS ([38;5;121m78.29[0m[38;5;159m FPS per env, [38;5;121m1[0m[38;5;159m envs).[0m
[38;5;159m[Genesis] [08:56:21] [INFO] Running at [38;5;121m78.26[0m[38;5;159m FPS ([38;5;121m78.26[0m[38;5;159m FPS per env, [38;5;121m1[0m[38;5;159m envs).[0m
[38;5;159m[Genesis] [08:56:21] [INFO] Running at [38;5;121m78.25[0m[38;5;159m FPS ([38;5;121m78.25[0m[38;5;159m FPS per env, [38;5;121m1[0m[38;5;159m envs).[0m
[38;5;159m[Genesis] [08:56:21] [INFO] Running at [38;5;121m78.27[0m[38;5;159m FPS ([38;5;121m78.27[0m[38;5;159m FPS per env, [38;5;121m1[0m[38;5;159m envs).[0m
[38;5;159m[Genesis] [08:56:21] [INFO] Running at [38;5;121m78.25[0m[38;5;159m FPS ([38;5;121m78.25[0m[38;5;159m FPS per env, [38;5;121m1[0m[38;5;159m envs).[0m
[38;5;159m[Genesis] [08:56:21] [INFO] Running at [38;5;121m78.26[0m[38;5;159m FPS ([38;5;121m78.26[0m[38;5;159m FPS per env, [38;5;121m1[0m[38;5;159m envs).[0m
[38;5;159m[Genesis] [08:56:21] [INFO] Running at [38;5;121m78.27[0m[38;5;159m FPS ([38;5;121m78.27[0m[38;5;159m FPS per env, [38;5;121m1[0m[38;5;159m envs).[0m
[38;5;159m[Genesis] [08:56:21] [INFO] Running at [38;5;121m78.26[0m[38;5;159m FPS ([38;5;121m78.26[0m[38;5;159m FPS per env, [38;5;121m1[0m[38;5;159m envs).[0m
[38;5;159m[Genesis] [08:56:21] [INFO] Running at [38;5;121m78.26[0m[38;5;159m FPS ([38;5;121m78.26[0m[38;5;159m FPS per env, [38;5;121m1[0m[38;5;159m envs).[0m
[38;5;159m[Genesis] [08:56:21] [INFO] Running at [38;5;121m78.29[0m[38;5;159m FPS ([38;5;121m78.29[0m[38;5;159m FPS per env, [38;5;121m1[0m[38;5;159m envs).[0m
[38;5;159m[Genesis] [08:56:21] [INFO] Running at [38;5;121m78.30[0m[38;5;159m FPS ([38;5;121m78.30[0m[38;5;159m FPS per env, [38;5;121m1[0m[38;5;159m envs).[0m
[38;5;159m[Genesis] [08:56:21] [INFO] Running at [38;5;121m78.31[0m[38;5;159m FPS ([38;5;121m78.31[0m[38;5;159m FPS per env, [38;5;121m1[0m[38;5;159m envs).[0m
[38;5;159m[Genesis] [08:56:21] [INFO] Running at [38;5;121m78.29[0m[38;5;159m FPS ([38;5;121m78.29[0m[38;5;159m FPS per env, [38;5;121m1[0m[38;5;159m envs).[0m
[38;5;159m[Genesis] [08:56:21] [INFO] Running at [38;5;121m78.29[0m[38;5;159m FPS ([38;5;121m78.29[0m[38;5;159m FPS per env, [38;5;121m1[0m[38;5;159m envs).[0m
[38;5;159m[Genesis] [08:56:21] [INFO] Running at [38;5;121m78.31[0m[38;5;159m FPS ([38;5;121m78.31[0m[38;5;159m FPS per env, [38;5;121m1[0m[38;5;159m envs).[0m
[38;5;159m[Genesis] [08:56:21] [INFO] Running at [38;5;121m78.32[0m[38;5;159m FPS ([38;5;121m78.32[0m[38;5;159m FPS per env, [38;5;121m1[0m[38;5;159m envs).[0m
[38;5;159m[Genesis] [08:56:22] [INFO] Running at [38;5;121m78.33[0m[38;5;159m FPS ([38;5;121m78.33[0m[38;5;159m FPS per env, [38;5;121m1[0m[38;5;159m envs).[0m
[38;5;159m[Genesis] [08:56:22] [INFO] Running at [38;5;121m78.33[0m[38;5;159m FPS ([38;5;121m78.33[0m[38;5;159m FPS per env, [38;5;121m1[0m[38;5;159m envs).[0m
[38;5;159m[Genesis] [08:56:22] [INFO] Running at [38;5;121m78.32[0m[38;5;159m FPS ([38;5;121m78.32[0m[38;5;159m FPS per env, [38;5;121m1[0m[38;5;159m envs).[0m
[38;5;159m[Genesis] [08:56:22] [INFO] Running at [38;5;121m78.14[0m[38;5;159m FPS ([38;5;121m78.14[0m[38;5;159m FPS per env, [38;5;121m1[0m[38;5;159m envs).[0m
[38;5;159m[Genesis] [08:56:22] [INFO] Running at [38;5;121m78.12[0m[38;5;159m FPS ([38;5;121m78.12[0m[38;5;159m FPS per env, [38;5;121m1[0m[38;5;159m envs).[0m
[38;5;159m[Genesis] [08:56:22] [INFO] Running at [38;5;121m78.12[0m[38;5;159m FPS ([38;5;121m78.12[0m[38;5;159m FPS per env, [38;5;121m1[0m[38;5;159m envs).[0m
[38;5;159m[Genesis] [08:56:22] [INFO] Running at [38;5;121m78.09[0m[38;5;159m FPS ([38;5;121m78.09[0m[38;5;159m FPS per env, [38;5;121m1[0m[38;5;159m envs).[0m
[38;5;159m[Genesis] [08:56:22] [INFO] Running at [38;5;121m78.08[0m[38;5;159m FPS ([38;5;121m78.08[0m[38;5;159m FPS per env, [38;5;121m1[0m[38;5;159m envs).[0m
[38;5;159m[Genesis] [08:56:22] [INFO] Running at [38;5;121m78.07[0m[38;5;159m FPS ([38;5;121m78.07[0m[38;5;159m FPS per env, [38;5;121m1[0m[38;5;159m envs).[0m
[38;5;159m[Genesis] [08:56:22] [INFO] Running at [38;5;121m78.04[0m[38;5;159m FPS ([38;5;121m78.04[0m[38;5;159m FPS per env, [38;5;121m1[0m[38;5;159m envs).[0m
[38;5;159m[Genesis] [08:56:22] [INFO] Running at [38;5;121m78.03[0m[38;5;159m FPS ([38;5;121m78.03[0m[38;5;159m FPS per env, [38;5;121m1[0m[38;5;159m envs).[0m
[38;5;159m[Genesis] [08:56:22] [INFO] Running at [38;5;121m77.98[0m[38;5;159m FPS ([38;5;121m77.98[0m[38;5;159m FPS per env, [38;5;121m1[0m[38;5;159m envs).[0m
[38;5;159m[Genesis] [08:56:22] [INFO] Running at [38;5;121m77.96[0m[38;5;159m FPS ([38;5;121m77.96[0m[38;5;159m FPS per env, [38;5;121m1[0m[38;5;159m envs).[0m
[38;5;159m[Genesis] [08:56:22] [INFO] Running at [38;5;121m77.93[0m[38;5;159m FPS ([38;5;121m77.93[0m[38;5;159m FPS per env, [38;5;121m1[0m[38;5;159m envs).[0m
[38;5;159m[Genesis] [08:56:22] [INFO] Running at [38;5;121m77.92[0m[38;5;159m FPS ([38;5;121m77.92[0m[38;5;159m FPS per env, [38;5;121m1[0m[38;5;159m envs).[0m
[38;5;159m[Genesis] [08:56:22] [INFO] Running at [38;5;121m77.90[0m[38;5;159m FPS ([38;5;121m77.90[0m[38;5;159m FPS per env, [38;5;121m1[0m[38;5;159m envs).[0m
[38;5;159m[Genesis] [08:56:22] [INFO] Running at [38;5;121m77.84[0m[38;5;159m FPS ([38;5;121m77.84[0m[38;5;159m FPS per env, [38;5;121m1[0m[38;5;159m envs).[0m
[38;5;159m[Genesis] [08:56:22] [INFO] Running at [38;5;121m77.83[0m[38;5;159m FPS ([38;5;121m77.83[0m[38;5;159m FPS per env, [38;5;121m1[0m[38;5;159m envs).[0m
[38;5;159m[Genesis] [08:56:22] [INFO] Running at [38;5;121m77.79[0m[38;5;159m FPS ([38;5;121m77.79[0m[38;5;159m FPS per env, [38;5;121m1[0m[38;5;159m envs).[0m
[38;5;159m[Genesis] [08:56:22] [INFO] Running at [38;5;121m77.78[0m[38;5;159m FPS ([38;5;121m77.78[0m[38;5;159m FPS per env, [38;5;121m1[0m[38;5;159m envs).[0m
[38;5;159m[Genesis] [08:56:23] [INFO] Running at [38;5;121m77.74[0m[38;5;159m FPS ([38;5;121m77.74[0m[38;5;159m FPS per env, [38;5;121m1[0m[38;5;159m envs).[0m
[38;5;159m[Genesis] [08:56:23] [INFO] Running at [38;5;121m77.71[0m[38;5;159m FPS ([38;5;121m77.71[0m[38;5;159m FPS per env, [38;5;121m1[0m[38;5;159m envs).[0m
[38;5;159m[Genesis] [08:56:23] [INFO] Running at [38;5;121m77.68[0m[38;5;159m FPS ([38;5;121m77.68[0m[38;5;159m FPS per env, [38;5;121m1[0m[38;5;159m envs).[0m
[38;5;159m[Genesis] [08:56:23] [INFO] Running at [38;5;121m77.65[0m[38;5;159m FPS ([38;5;121m77.65[0m[38;5;159m FPS per env, [38;5;121m1[0m[38;5;159m envs).[0m
[38;5;159m[Genesis] [08:56:23] [INFO] Running at [38;5;121m77.64[0m[38;5;159m FPS ([38;5;121m77.64[0m[38;5;159m FPS per env, [38;5;121m1[0m[38;5;159m envs).[0m
[38;5;159m[Genesis] [08:56:23] [INFO] Running at [38;5;121m77.43[0m[38;5;159m FPS ([38;5;121m77.43[0m[38;5;159m FPS per env, [38;5;121m1[0m[38;5;159m envs).[0m
[38;5;159m[Genesis] [08:56:23] [INFO] Running at [38;5;121m77.44[0m[38;5;159m FPS ([38;5;121m77.44[0m[38;5;159m FPS per env, [38;5;121m1[0m[38;5;159m envs).[0m
[38;5;159m[Genesis] [08:56:23] [INFO] Running at [38;5;121m77.43[0m[38;5;159m FPS ([38;5;121m77.43[0m[38;5;159m FPS per env, [38;5;121m1[0m[38;5;159m envs).[0m
[38;5;159m[Genesis] [08:56:23] [INFO] Running at [38;5;121m77.42[0m[38;5;159m FPS ([38;5;121m77.42[0m[38;5;159m FPS per env, [38;5;121m1[0m[38;5;159m envs).[0m
[38;5;159m[Genesis] [08:56:23] [INFO] Running at [38;5;121m77.41[0m[38;5;159m FPS ([38;5;121m77.41[0m[38;5;159m FPS per env, [38;5;121m1[0m[38;5;159m envs).[0m
[38;5;159m[Genesis] [08:56:23] [INFO] Running at [38;5;121m77.41[0m[38;5;159m FPS ([38;5;121m77.41[0m[38;5;159m FPS per env, [38;5;121m1[0m[38;5;159m envs).[0m
[38;5;159m[Genesis] [08:56:23] [INFO] Running at [38;5;121m77.40[0m[38;5;159m FPS ([38;5;121m77.40[0m[38;5;159m FPS per env, [38;5;121m1[0m[38;5;159m envs).[0m
[38;5;159m[Genesis] [08:56:23] [INFO] Running at [38;5;121m77.40[0m[38;5;159m FPS ([38;5;121m77.40[0m[38;5;159m FPS per env, [38;5;121m1[0m[38;5;159m envs).[0m
[38;5;159m[Genesis] [08:56:23] [INFO] Running at [38;5;121m77.39[0m[38;5;159m FPS ([38;5;121m77.39[0m[38;5;159m FPS per env, [38;5;121m1[0m[38;5;159m envs).[0m
[38;5;159m[Genesis] [08:56:23] [INFO] Running at [38;5;121m77.39[0m[38;5;159m FPS ([38;5;121m77.39[0m[38;5;159m FPS per env, [38;5;121m1[0m[38;5;159m envs).[0m
[38;5;159m[Genesis] [08:56:23] [INFO] Running at [38;5;121m77.39[0m[38;5;159m FPS ([38;5;121m77.39[0m[38;5;159m FPS per env, [38;5;121m1[0m[38;5;159m envs).[0m
[38;5;159m[Genesis] [08:56:23] [INFO] Running at [38;5;121m77.39[0m[38;5;159m FPS ([38;5;121m77.39[0m[38;5;159m FPS per env, [38;5;121m1[0m[38;5;159m envs).[0m
[38;5;159m[Genesis] [08:56:23] [INFO] Running at [38;5;121m76.98[0m[38;5;159m FPS ([38;5;121m76.98[0m[38;5;159m FPS per env, [38;5;121m1[0m[38;5;159m envs).[0m
[38;5;159m[Genesis] [08:56:23] [INFO] Running at [38;5;121m57.55[0m[38;5;159m FPS ([38;5;121m57.55[0m[38;5;159m FPS per env, [38;5;121m1[0m[38;5;159m envs).[0m
[38;5;159m[Genesis] [08:56:24] [INFO] Running at [38;5;121m57.45[0m[38;5;159m FPS ([38;5;121m57.45[0m[38;5;159m FPS per env, [38;5;121m1[0m[38;5;159m envs).[0m
[38;5;159m[Genesis] [08:56:24] [INFO] Running at [38;5;121m57.27[0m[38;5;159m FPS ([38;5;121m57.27[0m[38;5;159m FPS per env, [38;5;121m1[0m[38;5;159m envs).[0m
[38;5;159m[Genesis] [08:56:24] [INFO] Running at [38;5;121m57.19[0m[38;5;159m FPS ([38;5;121m57.19[0m[38;5;159m FPS per env, [38;5;121m1[0m[38;5;159m envs).[0m
[38;5;159m[Genesis] [08:56:24] [INFO] Running at [38;5;121m56.83[0m[38;5;159m FPS ([38;5;121m56.83[0m[38;5;159m FPS per env, [38;5;121m1[0m[38;5;159m envs).[0m
[38;5;159m[Genesis] [08:56:24] [INFO] Running at [38;5;121m56.95[0m[38;5;159m FPS ([38;5;121m56.95[0m[38;5;159m FPS per env, [38;5;121m1[0m[38;5;159m envs).[0m
[38;5;159m[Genesis] [08:56:24] [INFO] Running at [38;5;121m56.84[0m[38;5;159m FPS ([38;5;121m56.84[0m[38;5;159m FPS per env, [38;5;121m1[0m[38;5;159m envs).[0m
[38;5;159m[Genesis] [08:56:24] [INFO] Running at [38;5;121m56.60[0m[38;5;159m FPS ([38;5;121m56.60[0m[38;5;159m FPS per env, [38;5;121m1[0m[38;5;159m envs).[0m
[38;5;159m[Genesis] [08:56:24] [INFO] Running at [38;5;121m56.50[0m[38;5;159m FPS ([38;5;121m56.50[0m[38;5;159m FPS per env, [38;5;121m1[0m[38;5;159m envs).[0m
[38;5;159m[Genesis] [08:56:24] [INFO] Running at [38;5;121m56.50[0m[38;5;159m FPS ([38;5;121m56.50[0m[38;5;159m FPS per env, [38;5;121m1[0m[38;5;159m envs).[0m
[38;5;159m[Genesis] [08:56:24] [INFO] Running at [38;5;121m56.65[0m[38;5;159m FPS ([38;5;121m56.65[0m[38;5;159m FPS per env, [38;5;121m1[0m[38;5;159m envs).[0m
[38;5;159m[Genesis] [08:56:24] [INFO] Running at [38;5;121m56.59[0m[38;5;159m FPS ([38;5;121m56.59[0m[38;5;159m FPS per env, [38;5;121m1[0m[38;5;159m envs).[0m
[38;5;159m[Genesis] [08:56:24] [INFO] Running at [38;5;121m74.64[0m[38;5;159m FPS ([38;5;121m74.64[0m[38;5;159m FPS per env, [38;5;121m1[0m[38;5;159m envs).[0m
[38;5;159m[Genesis] [08:56:24] [INFO] Running at [38;5;121m56.17[0m[38;5;159m FPS ([38;5;121m56.17[0m[38;5;159m FPS per env, [38;5;121m1[0m[38;5;159m envs).[0m
[38;5;159m[Genesis] [08:56:24] [INFO] Running at [38;5;121m74.22[0m[38;5;159m FPS ([38;5;121m74.22[0m[38;5;159m FPS per env, [38;5;121m1[0m[38;5;159m envs).[0m
[38;5;159m[Genesis] [08:56:24] [INFO] Running at [38;5;121m73.46[0m[38;5;159m FPS ([38;5;121m73.46[0m[38;5;159m FPS per env, [38;5;121m1[0m[38;5;159m envs).[0m
[38;5;159m[Genesis] [08:56:24] [INFO] Running at [38;5;121m55.32[0m[38;5;159m FPS ([38;5;121m55.32[0m[38;5;159m FPS per env, [38;5;121m1[0m[38;5;159m envs).[0m
[38;5;159m[Genesis] [08:56:24] [INFO] Running at [38;5;121m72.95[0m[38;5;159m FPS ([38;5;121m72.95[0m[38;5;159m FPS per env, [38;5;121m1[0m[38;5;159m envs).[0m
[38;5;159m[Genesis] [08:56:25] [INFO] Running at [38;5;121m54.84[0m[38;5;159m FPS ([38;5;121m54.84[0m[38;5;159m FPS per env, [38;5;121m1[0m[38;5;159m envs).[0m
[38;5;159m[Genesis] [08:56:25] [INFO] Running at [38;5;121m55.07[0m[38;5;159m FPS ([38;5;121m55.07[0m[38;5;159m FPS per env, [38;5;121m1[0m[38;5;159m envs).[0m
[38;5;159m[Genesis] [08:56:25] [INFO] Running at [38;5;121m55.29[0m[38;5;159m FPS ([38;5;121m55.29[0m[38;5;159m FPS per env, [38;5;121m1[0m[38;5;159m envs).[0m
[38;5;159m[Genesis] [08:56:25] [INFO] Running at [38;5;121m55.48[0m[38;5;159m FPS ([38;5;121m55.48[0m[38;5;159m FPS per env, [38;5;121m1[0m[38;5;159m envs).[0m
[38;5;159m[Genesis] [08:56:25] [INFO] Running at [38;5;121m55.68[0m[38;5;159m FPS ([38;5;121m55.68[0m[38;5;159m FPS per env, [38;5;121m1[0m[38;5;159m envs).[0m
[38;5;159m[Genesis] [08:56:25] [INFO] Running at [38;5;121m55.84[0m[38;5;159m FPS ([38;5;121m55.84[0m[38;5;159m FPS per env, [38;5;121m1[0m[38;5;159m envs).[0m
[38;5;159m[Genesis] [08:56:25] [INFO] Running at [38;5;121m55.93[0m[38;5;159m FPS ([38;5;121m55.93[0m[38;5;159m FPS per env, [38;5;121m1[0m[38;5;159m envs).[0m
[38;5;159m[Genesis] [08:56:25] [INFO] Running at [38;5;121m56.09[0m[38;5;159m FPS ([38;5;121m56.09[0m[38;5;159m FPS per env, [38;5;121m1[0m[38;5;159m envs).[0m
[38;5;159m[Genesis] [08:56:25] [INFO] Running at [38;5;121m56.24[0m[38;5;159m FPS ([38;5;121m56.24[0m[38;5;159m FPS per env, [38;5;121m1[0m[38;5;159m envs).[0m
[38;5;159m[Genesis] [08:56:25] [INFO] Running at [38;5;121m56.34[0m[38;5;159m FPS ([38;5;121m56.34[0m[38;5;159m FPS per env, [38;5;121m1[0m[38;5;159m envs).[0m
[38;5;159m[Genesis] [08:56:25] [INFO] Running at [38;5;121m56.51[0m[38;5;159m FPS ([38;5;121m56.51[0m[38;5;159m FPS per env, [38;5;121m1[0m[38;5;159m envs).[0m
[38;5;159m[Genesis] [08:56:25] [INFO] Running at [38;5;121m56.60[0m[38;5;159m FPS ([38;5;121m56.60[0m[38;5;159m FPS per env, [38;5;121m1[0m[38;5;159m envs).[0m
[38;5;159m[Genesis] [08:56:25] [INFO] Running at [38;5;121m74.77[0m[38;5;159m FPS ([38;5;121m74.77[0m[38;5;159m FPS per env, [38;5;121m1[0m[38;5;159m envs).[0m
[38;5;159m[Genesis] [08:56:25] [INFO] Running at [38;5;121m74.11[0m[38;5;159m FPS ([38;5;121m74.11[0m[38;5;159m FPS per env, [38;5;121m1[0m[38;5;159m envs).[0m
[38;5;159m[Genesis] [08:56:25] [INFO] Running at [38;5;121m73.47[0m[38;5;159m FPS ([38;5;121m73.47[0m[38;5;159m FPS per env, [38;5;121m1[0m[38;5;159m envs).[0m
[38;5;159m[Genesis] [08:56:25] [INFO] Running at [38;5;121m72.87[0m[38;5;159m FPS ([38;5;121m72.87[0m[38;5;159m FPS per env, [38;5;121m1[0m[38;5;159m envs).[0m
[38;5;159m[Genesis] [08:56:25] [INFO] Running at [38;5;121m72.29[0m[38;5;159m FPS ([38;5;121m72.29[0m[38;5;159m FPS per env, [38;5;121m1[0m[38;5;159m envs).[0m
[38;5;159m[Genesis] [08:56:25] [INFO] Running at [38;5;121m71.79[0m[38;5;159m FPS ([38;5;121m71.79[0m[38;5;159m FPS per env, [38;5;121m1[0m[38;5;159m envs).[0m
[38;5;159m[Genesis] [08:56:25] [INFO] Running at [38;5;121m54.10[0m[38;5;159m FPS ([38;5;121m54.10[0m[38;5;159m FPS per env, [38;5;121m1[0m[38;5;159m envs).[0m
[38;5;159m[Genesis] [08:56:26] [INFO] Running at [38;5;121m71.60[0m[38;5;159m FPS ([38;5;121m71.60[0m[38;5;159m FPS per env, [38;5;121m1[0m[38;5;159m envs).[0m
[38;5;159m[Genesis] [08:56:26] [INFO] Running at [38;5;121m71.15[0m[38;5;159m FPS ([38;5;121m71.15[0m[38;5;159m FPS per env, [38;5;121m1[0m[38;5;159m envs).[0m
[38;5;159m[Genesis] [08:56:26] [INFO] Running at [38;5;121m71.28[0m[38;5;159m FPS ([38;5;121m71.28[0m[38;5;159m FPS per env, [38;5;121m1[0m[38;5;159m envs).[0m
[38;5;159m[Genesis] [08:56:26] [INFO] Running at [38;5;121m71.34[0m[38;5;159m FPS ([38;5;121m71.34[0m[38;5;159m FPS per env, [38;5;121m1[0m[38;5;159m envs).[0m
[38;5;159m[Genesis] [08:56:26] [INFO] Running at [38;5;121m70.68[0m[38;5;159m FPS ([38;5;121m70.68[0m[38;5;159m FPS per env, [38;5;121m1[0m[38;5;159m envs).[0m
[38;5;159m[Genesis] [08:56:26] [INFO] Running at [38;5;121m70.18[0m[38;5;159m FPS ([38;5;121m70.18[0m[38;5;159m FPS per env, [38;5;121m1[0m[38;5;159m envs).[0m
[38;5;159m[Genesis] [08:56:26] [INFO] Running at [38;5;121m69.82[0m[38;5;159m FPS ([38;5;121m69.82[0m[38;5;159m FPS per env, [38;5;121m1[0m[38;5;159m envs).[0m
[38;5;159m[Genesis] [08:56:26] [INFO] Running at [38;5;121m69.50[0m[38;5;159m FPS ([38;5;121m69.50[0m[38;5;159m FPS per env, [38;5;121m1[0m[38;5;159m envs).[0m
[38;5;159m[Genesis] [08:56:26] [INFO] Running at [38;5;121m69.15[0m[38;5;159m FPS ([38;5;121m69.15[0m[38;5;159m FPS per env, [38;5;121m1[0m[38;5;159m envs).[0m
[38;5;159m[Genesis] [08:56:26] [INFO] Running at [38;5;121m68.76[0m[38;5;159m FPS ([38;5;121m68.76[0m[38;5;159m FPS per env, [38;5;121m1[0m[38;5;159m envs).[0m
[38;5;159m[Genesis] [08:56:26] [INFO] Running at [38;5;121m68.50[0m[38;5;159m FPS ([38;5;121m68.50[0m[38;5;159m FPS per env, [38;5;121m1[0m[38;5;159m envs).[0m
[38;5;159m[Genesis] [08:56:26] [INFO] Running at [38;5;121m68.31[0m[38;5;159m FPS ([38;5;121m68.31[0m[38;5;159m FPS per env, [38;5;121m1[0m[38;5;159m envs).[0m
[38;5;159m[Genesis] [08:56:26] [INFO] Running at [38;5;121m68.10[0m[38;5;159m FPS ([38;5;121m68.10[0m[38;5;159m FPS per env, [38;5;121m1[0m[38;5;159m envs).[0m
[38;5;159m[Genesis] [08:56:26] [INFO] Running at [38;5;121m67.86[0m[38;5;159m FPS ([38;5;121m67.86[0m[38;5;159m FPS per env, [38;5;121m1[0m[38;5;159m envs).[0m
[38;5;159m[Genesis] [08:56:26] [INFO] Running at [38;5;121m67.69[0m[38;5;159m FPS ([38;5;121m67.69[0m[38;5;159m FPS per env, [38;5;121m1[0m[38;5;159m envs).[0m
[38;5;159m[Genesis] [08:56:26] [INFO] Running at [38;5;121m67.48[0m[38;5;159m FPS ([38;5;121m67.48[0m[38;5;159m FPS per env, [38;5;121m1[0m[38;5;159m envs).[0m
[38;5;159m[Genesis] [08:56:27] [INFO] Running at [38;5;121m67.23[0m[38;5;159m FPS ([38;5;121m67.23[0m[38;5;159m FPS per env, [38;5;121m1[0m[38;5;159m envs).[0m
[38;5;159m[Genesis] [08:56:27] [INFO] Running at [38;5;121m67.13[0m[38;5;159m FPS ([38;5;121m67.13[0m[38;5;159m FPS per env, [38;5;121m1[0m[38;5;159m envs).[0m
[38;5;159m[Genesis] [08:56:27] [INFO] Running at [38;5;121m67.05[0m[38;5;159m FPS ([38;5;121m67.05[0m[38;5;159m FPS per env, [38;5;121m1[0m[38;5;159m envs).[0m
[38;5;159m[Genesis] [08:56:27] [INFO] Running at [38;5;121m66.95[0m[38;5;159m FPS ([38;5;121m66.95[0m[38;5;159m FPS per env, [38;5;121m1[0m[38;5;159m envs).[0m
[38;5;159m[Genesis] [08:56:27] [INFO] Running at [38;5;121m66.75[0m[38;5;159m FPS ([38;5;121m66.75[0m[38;5;159m FPS per env, [38;5;121m1[0m[38;5;159m envs).[0m
[38;5;159m[Genesis] [08:56:27] [INFO] Running at [38;5;121m66.61[0m[38;5;159m FPS ([38;5;121m66.61[0m[38;5;159m FPS per env, [38;5;121m1[0m[38;5;159m envs).[0m
[38;5;159m[Genesis] [08:56:27] [INFO] Running at [38;5;121m66.44[0m[38;5;159m FPS ([38;5;121m66.44[0m[38;5;159m FPS per env, [38;5;121m1[0m[38;5;159m envs).[0m
[38;5;159m[Genesis] [08:56:27] [INFO] Running at [38;5;121m66.31[0m[38;5;159m FPS ([38;5;121m66.31[0m[38;5;159m FPS per env, [38;5;121m1[0m[38;5;159m envs).[0m
[38;5;159m[Genesis] [08:56:27] [INFO] Running at [38;5;121m66.24[0m[38;5;159m FPS ([38;5;121m66.24[0m[38;5;159m FPS per env, [38;5;121m1[0m[38;5;159m envs).[0m
[38;5;159m[Genesis] [08:56:27] [INFO] Running at [38;5;121m66.12[0m[38;5;159m FPS ([38;5;121m66.12[0m[38;5;159m FPS per env, [38;5;121m1[0m[38;5;159m envs).[0m
[38;5;159m[Genesis] [08:56:27] [INFO] Running at [38;5;121m66.06[0m[38;5;159m FPS ([38;5;121m66.06[0m[38;5;159m FPS per env, [38;5;121m1[0m[38;5;159m envs).[0m
[38;5;159m[Genesis] [08:56:27] [INFO] Running at [38;5;121m65.97[0m[38;5;159m FPS ([38;5;121m65.97[0m[38;5;159m FPS per env, [38;5;121m1[0m[38;5;159m envs).[0m
[38;5;159m[Genesis] [08:56:27] [INFO] Running at [38;5;121m65.87[0m[38;5;159m FPS ([38;5;121m65.87[0m[38;5;159m FPS per env, [38;5;121m1[0m[38;5;159m envs).[0m
[38;5;159m[Genesis] [08:56:27] [INFO] Running at [38;5;121m66.19[0m[38;5;159m FPS ([38;5;121m66.19[0m[38;5;159m FPS per env, [38;5;121m1[0m[38;5;159m envs).[0m
[38;5;159m[Genesis] [08:56:27] [INFO] Running at [38;5;121m66.57[0m[38;5;159m FPS ([38;5;121m66.57[0m[38;5;159m FPS per env, [38;5;121m1[0m[38;5;159m envs).[0m
[38;5;159m[Genesis] [08:56:27] [INFO] Running at [38;5;121m66.89[0m[38;5;159m FPS ([38;5;121m66.89[0m[38;5;159m FPS per env, [38;5;121m1[0m[38;5;159m envs).[0m
[38;5;159m[Genesis] [08:56:28] [INFO] Running at [38;5;121m67.15[0m[38;5;159m FPS ([38;5;121m67.15[0m[38;5;159m FPS per env, [38;5;121m1[0m[38;5;159m envs).[0m
[38;5;159m[Genesis] [08:56:28] [INFO] Running at [38;5;121m67.40[0m[38;5;159m FPS ([38;5;121m67.40[0m[38;5;159m FPS per env, [38;5;121m1[0m[38;5;159m envs).[0m
[38;5;159m[Genesis] [08:56:28] [INFO] Running at [38;5;121m67.72[0m[38;5;159m FPS ([38;5;121m67.72[0m[38;5;159m FPS per env, [38;5;121m1[0m[38;5;159m envs).[0m
[38;5;159m[Genesis] [08:56:28] [INFO] Running at [38;5;121m68.02[0m[38;5;159m FPS ([38;5;121m68.02[0m[38;5;159m FPS per env, [38;5;121m1[0m[38;5;159m envs).[0m
[38;5;159m[Genesis] [08:56:28] [INFO] Running at [38;5;121m68.27[0m[38;5;159m FPS ([38;5;121m68.27[0m[38;5;159m FPS per env, [38;5;121m1[0m[38;5;159m envs).[0m
[38;5;159m[Genesis] [08:56:28] [INFO] Running at [38;5;121m68.48[0m[38;5;159m FPS ([38;5;121m68.48[0m[38;5;159m FPS per env, [38;5;121m1[0m[38;5;159m envs).[0m
[38;5;159m[Genesis] [08:56:28] [INFO] Running at [38;5;121m68.81[0m[38;5;159m FPS ([38;5;121m68.81[0m[38;5;159m FPS per env, [38;5;121m1[0m[38;5;159m envs).[0m
[38;5;159m[Genesis] [08:56:28] [INFO] Running at [38;5;121m69.09[0m[38;5;159m FPS ([38;5;121m69.09[0m[38;5;159m FPS per env, [38;5;121m1[0m[38;5;159m envs).[0m
[38;5;159m[Genesis] [08:56:28] [INFO] Running at [38;5;121m69.28[0m[38;5;159m FPS ([38;5;121m69.28[0m[38;5;159m FPS per env, [38;5;121m1[0m[38;5;159m envs).[0m
[38;5;159m[Genesis] [08:56:28] [INFO] Running at [38;5;121m69.42[0m[38;5;159m FPS ([38;5;121m69.42[0m[38;5;159m FPS per env, [38;5;121m1[0m[38;5;159m envs).[0m
[38;5;159m[Genesis] [08:56:28] [INFO] Running at [38;5;121m69.23[0m[38;5;159m FPS ([38;5;121m69.23[0m[38;5;159m FPS per env, [38;5;121m1[0m[38;5;159m envs).[0m
[38;5;159m[Genesis] [08:56:28] [INFO] Running at [38;5;121m52.25[0m[38;5;159m FPS ([38;5;121m52.25[0m[38;5;159m FPS per env, [38;5;121m1[0m[38;5;159m envs).[0m
[38;5;159m[Genesis] [08:56:28] [INFO] Running at [38;5;121m69.54[0m[38;5;159m FPS ([38;5;121m69.54[0m[38;5;159m FPS per env, [38;5;121m1[0m[38;5;159m envs).[0m
[38;5;159m[Genesis] [08:56:28] [INFO] Running at [38;5;121m69.42[0m[38;5;159m FPS ([38;5;121m69.42[0m[38;5;159m FPS per env, [38;5;121m1[0m[38;5;159m envs).[0m
[38;5;159m[Genesis] [08:56:28] [INFO] Running at [38;5;121m69.63[0m[38;5;159m FPS ([38;5;121m69.63[0m[38;5;159m FPS per env, [38;5;121m1[0m[38;5;159m envs).[0m
[38;5;159m[Genesis] [08:56:28] [INFO] Running at [38;5;121m69.95[0m[38;5;159m FPS ([38;5;121m69.95[0m[38;5;159m FPS per env, [38;5;121m1[0m[38;5;159m envs).[0m
[38;5;159m[Genesis] [08:56:28] [INFO] Running at [38;5;121m70.28[0m[38;5;159m FPS ([38;5;121m70.28[0m[38;5;159m FPS per env, [38;5;121m1[0m[38;5;159m envs).[0m
[38;5;159m[Genesis] [08:56:28] [INFO] Running at [38;5;121m70.62[0m[38;5;159m FPS ([38;5;121m70.62[0m[38;5;159m FPS per env, [38;5;121m1[0m[38;5;159m envs).[0m
[38;5;159m[Genesis] [08:56:28] [INFO] Running at [38;5;121m70.89[0m[38;5;159m FPS ([38;5;121m70.89[0m[38;5;159m FPS per env, [38;5;121m1[0m[38;5;159m envs).[0m
[38;5;159m[Genesis] [08:56:29] [INFO] Running at [38;5;121m71.17[0m[38;5;159m FPS ([38;5;121m71.17[0m[38;5;159m FPS per env, [38;5;121m1[0m[38;5;159m envs).[0m
[38;5;159m[Genesis] [08:56:29] [INFO] Running at [38;5;121m71.42[0m[38;5;159m FPS ([38;5;121m71.42[0m[38;5;159m FPS per env, [38;5;121m1[0m[38;5;159m envs).[0m
[38;5;159m[Genesis] [08:56:29] [INFO] Running at [38;5;121m71.63[0m[38;5;159m FPS ([38;5;121m71.63[0m[38;5;159m FPS per env, [38;5;121m1[0m[38;5;159m envs).[0m
[38;5;159m[Genesis] [08:56:29] [INFO] Running at [38;5;121m71.85[0m[38;5;159m FPS ([38;5;121m71.85[0m[38;5;159m FPS per env, [38;5;121m1[0m[38;5;159m envs).[0m
[38;5;159m[Genesis] [08:56:29] [INFO] Running at [38;5;121m72.06[0m[38;5;159m FPS ([38;5;121m72.06[0m[38;5;159m FPS per env, [38;5;121m1[0m[38;5;159m envs).[0m
[38;5;159m[Genesis] [08:56:29] [INFO] Running at [38;5;121m72.27[0m[38;5;159m FPS ([38;5;121m72.27[0m[38;5;159m FPS per env, [38;5;121m1[0m[38;5;159m envs).[0m
[38;5;159m[Genesis] [08:56:29] [INFO] Running at [38;5;121m72.36[0m[38;5;159m FPS ([38;5;121m72.36[0m[38;5;159m FPS per env, [38;5;121m1[0m[38;5;159m envs).[0m
[38;5;159m[Genesis] [08:56:29] [INFO] Running at [38;5;121m72.55[0m[38;5;159m FPS ([38;5;121m72.55[0m[38;5;159m FPS per env, [38;5;121m1[0m[38;5;159m envs).[0m
[38;5;159m[Genesis] [08:56:29] [INFO] Running at [38;5;121m72.77[0m[38;5;159m FPS ([38;5;121m72.77[0m[38;5;159m FPS per env, [38;5;121m1[0m[38;5;159m envs).[0m
[38;5;159m[Genesis] [08:56:29] [INFO] Running at [38;5;121m72.95[0m[38;5;159m FPS ([38;5;121m72.95[0m[38;5;159m FPS per env, [38;5;121m1[0m[38;5;159m envs).[0m
[38;5;159m[Genesis] [08:56:29] [INFO] Running at [38;5;121m73.14[0m[38;5;159m FPS ([38;5;121m73.14[0m[38;5;159m FPS per env, [38;5;121m1[0m[38;5;159m envs).[0m
[38;5;159m[Genesis] [08:56:29] [INFO] Running at [38;5;121m73.29[0m[38;5;159m FPS ([38;5;121m73.29[0m[38;5;159m FPS per env, [38;5;121m1[0m[38;5;159m envs).[0m
[38;5;159m[Genesis] [08:56:29] [INFO] Running at [38;5;121m73.30[0m[38;5;159m FPS ([38;5;121m73.30[0m[38;5;159m FPS per env, [38;5;121m1[0m[38;5;159m envs).[0m
[38;5;159m[Genesis] [08:56:29] [INFO] Running at [38;5;121m73.45[0m[38;5;159m FPS ([38;5;121m73.45[0m[38;5;159m FPS per env, [38;5;121m1[0m[38;5;159m envs).[0m
[38;5;159m[Genesis] [08:56:29] [INFO] Running at [38;5;121m73.59[0m[38;5;159m FPS ([38;5;121m73.59[0m[38;5;159m FPS per env, [38;5;121m1[0m[38;5;159m envs).[0m
[38;5;159m[Genesis] [08:56:29] [INFO] Running at [38;5;121m73.74[0m[38;5;159m FPS ([38;5;121m73.74[0m[38;5;159m FPS per env, [38;5;121m1[0m[38;5;159m envs).[0m
[38;5;159m[Genesis] [08:56:29] [INFO] Running at [38;5;121m73.87[0m[38;5;159m FPS ([38;5;121m73.87[0m[38;5;159m FPS per env, [38;5;121m1[0m[38;5;159m envs).[0m
[38;5;159m[Genesis] [08:56:29] [INFO] Running at [38;5;121m74.04[0m[38;5;159m FPS ([38;5;121m74.04[0m[38;5;159m FPS per env, [38;5;121m1[0m[38;5;159m envs).[0m
[38;5;159m[Genesis] [08:56:29] [INFO] Running at [38;5;121m74.21[0m[38;5;159m FPS ([38;5;121m74.21[0m[38;5;159m FPS per env, [38;5;121m1[0m[38;5;159m envs).[0m
[38;5;159m[Genesis] [08:56:30] [INFO] Running at [38;5;121m74.38[0m[38;5;159m FPS ([38;5;121m74.38[0m[38;5;159m FPS per env, [38;5;121m1[0m[38;5;159m envs).[0m
[38;5;159m[Genesis] [08:56:30] [INFO] Running at [38;5;121m74.54[0m[38;5;159m FPS ([38;5;121m74.54[0m[38;5;159m FPS per env, [38;5;121m1[0m[38;5;159m envs).[0m
[38;5;159m[Genesis] [08:56:30] [INFO] Running at [38;5;121m74.69[0m[38;5;159m FPS ([38;5;121m74.69[0m[38;5;159m FPS per env, [38;5;121m1[0m[38;5;159m envs).[0m
[38;5;159m[Genesis] [08:56:30] [INFO] Running at [38;5;121m74.84[0m[38;5;159m FPS ([38;5;121m74.84[0m[38;5;159m FPS per env, [38;5;121m1[0m[38;5;159m envs).[0m
[38;5;159m[Genesis] [08:56:30] [INFO] Running at [38;5;121m74.97[0m[38;5;159m FPS ([38;5;121m74.97[0m[38;5;159m FPS per env, [38;5;121m1[0m[38;5;159m envs).[0m
[38;5;159m[Genesis] [08:56:30] [INFO] Running at [38;5;121m75.10[0m[38;5;159m FPS ([38;5;121m75.10[0m[38;5;159m FPS per env, [38;5;121m1[0m[38;5;159m envs).[0m
[38;5;159m[Genesis] [08:56:30] [INFO] Running at [38;5;121m75.23[0m[38;5;159m FPS ([38;5;121m75.23[0m[38;5;159m FPS per env, [38;5;121m1[0m[38;5;159m envs).[0m
[38;5;159m[Genesis] [08:56:30] [INFO] Running at [38;5;121m75.33[0m[38;5;159m FPS ([38;5;121m75.33[0m[38;5;159m FPS per env, [38;5;121m1[0m[38;5;159m envs).[0m
[38;5;159m[Genesis] [08:56:30] [INFO] Running at [38;5;121m75.44[0m[38;5;159m FPS ([38;5;121m75.44[0m[38;5;159m FPS per env, [38;5;121m1[0m[38;5;159m envs).[0m
[38;5;159m[Genesis] [08:56:30] [INFO] Running at [38;5;121m75.54[0m[38;5;159m FPS ([38;5;121m75.54[0m[38;5;159m FPS per env, [38;5;121m1[0m[38;5;159m envs).[0m
[38;5;159m[Genesis] [08:56:30] [INFO] Running at [38;5;121m75.57[0m[38;5;159m FPS ([38;5;121m75.57[0m[38;5;159m FPS per env, [38;5;121m1[0m[38;5;159m envs).[0m
[38;5;159m[Genesis] [08:56:30] [INFO] Running at [38;5;121m75.61[0m[38;5;159m FPS ([38;5;121m75.61[0m[38;5;159m FPS per env, [38;5;121m1[0m[38;5;159m envs).[0m
[38;5;159m[Genesis] [08:56:30] [INFO] Running at [38;5;121m75.66[0m[38;5;159m FPS ([38;5;121m75.66[0m[38;5;159m FPS per env, [38;5;121m1[0m[38;5;159m envs).[0m
[38;5;159m[Genesis] [08:56:30] [INFO] Running at [38;5;121m75.72[0m[38;5;159m FPS ([38;5;121m75.72[0m[38;5;159m FPS per env, [38;5;121m1[0m[38;5;159m envs).[0m
[38;5;159m[Genesis] [08:56:30] [INFO] Running at [38;5;121m75.79[0m[38;5;159m FPS ([38;5;121m75.79[0m[38;5;159m FPS per env, [38;5;121m1[0m[38;5;159m envs).[0m
[38;5;159m[Genesis] [08:56:30] [INFO] Running at [38;5;121m75.68[0m[38;5;159m FPS ([38;5;121m75.68[0m[38;5;159m FPS per env, [38;5;121m1[0m[38;5;159m envs).[0m
[38;5;159m[Genesis] [08:56:30] [INFO] Running at [38;5;121m75.76[0m[38;5;159m FPS ([38;5;121m75.76[0m[38;5;159m FPS per env, [38;5;121m1[0m[38;5;159m envs).[0m
[38;5;159m[Genesis] [08:56:30] [INFO] Running at [38;5;121m75.80[0m[38;5;159m FPS ([38;5;121m75.80[0m[38;5;159m FPS per env, [38;5;121m1[0m[38;5;159m envs).[0m
[38;5;159m[Genesis] [08:56:30] [INFO] Running at [38;5;121m75.84[0m[38;5;159m FPS ([38;5;121m75.84[0m[38;5;159m FPS per env, [38;5;121m1[0m[38;5;159m envs).[0m
[38;5;159m[Genesis] [08:56:31] [INFO] Running at [38;5;121m75.85[0m[38;5;159m FPS ([38;5;121m75.85[0m[38;5;159m FPS per env, [38;5;121m1[0m[38;5;159m envs).[0m
[38;5;159m[Genesis] [08:56:31] [INFO] Running at [38;5;121m75.88[0m[38;5;159m FPS ([38;5;121m75.88[0m[38;5;159m FPS per env, [38;5;121m1[0m[38;5;159m envs).[0m
[38;5;159m[Genesis] [08:56:31] [INFO] Running at [38;5;121m75.93[0m[38;5;159m FPS ([38;5;121m75.93[0m[38;5;159m FPS per env, [38;5;121m1[0m[38;5;159m envs).[0m
[38;5;159m[Genesis] [08:56:31] [INFO] Running at [38;5;121m75.99[0m[38;5;159m FPS ([38;5;121m75.99[0m[38;5;159m FPS per env, [38;5;121m1[0m[38;5;159m envs).[0m
[38;5;159m[Genesis] [08:56:31] [INFO] Running at [38;5;121m76.05[0m[38;5;159m FPS ([38;5;121m76.05[0m[38;5;159m FPS per env, [38;5;121m1[0m[38;5;159m envs).[0m
[38;5;159m[Genesis] [08:56:31] [INFO] Running at [38;5;121m76.12[0m[38;5;159m FPS ([38;5;121m76.12[0m[38;5;159m FPS per env, [38;5;121m1[0m[38;5;159m envs).[0m
[38;5;159m[Genesis] [08:56:31] [INFO] Running at [38;5;121m76.17[0m[38;5;159m FPS ([38;5;121m76.17[0m[38;5;159m FPS per env, [38;5;121m1[0m[38;5;159m envs).[0m
[38;5;159m[Genesis] [08:56:31] [INFO] Running at [38;5;121m76.26[0m[38;5;159m FPS ([38;5;121m76.26[0m[38;5;159m FPS per env, [38;5;121m1[0m[38;5;159m envs).[0m
[38;5;159m[Genesis] [08:56:31] [INFO] Running at [38;5;121m76.25[0m[38;5;159m FPS ([38;5;121m76.25[0m[38;5;159m FPS per env, [38;5;121m1[0m[38;5;159m envs).[0m
[38;5;159m[Genesis] [08:56:31] [INFO] Running at [38;5;121m76.27[0m[38;5;159m FPS ([38;5;121m76.27[0m[38;5;159m FPS per env, [38;5;121m1[0m[38;5;159m envs).[0m
[38;5;159m[Genesis] [08:56:31] [INFO] Running at [38;5;121m76.34[0m[38;5;159m FPS ([38;5;121m76.34[0m[38;5;159m FPS per env, [38;5;121m1[0m[38;5;159m envs).[0m
[38;5;159m[Genesis] [08:56:31] [INFO] Running at [38;5;121m76.40[0m[38;5;159m FPS ([38;5;121m76.40[0m[38;5;159m FPS per env, [38;5;121m1[0m[38;5;159m envs).[0m
[38;5;159m[Genesis] [08:56:31] [INFO] Running at [38;5;121m76.46[0m[38;5;159m FPS ([38;5;121m76.46[0m[38;5;159m FPS per env, [38;5;121m1[0m[38;5;159m envs).[0m
[38;5;159m[Genesis] [08:56:31] [INFO] Running at [38;5;121m76.52[0m[38;5;159m FPS ([38;5;121m76.52[0m[38;5;159m FPS per env, [38;5;121m1[0m[38;5;159m envs).[0m
[38;5;159m[Genesis] [08:56:31] [INFO] Running at [38;5;121m76.57[0m[38;5;159m FPS ([38;5;121m76.57[0m[38;5;159m FPS per env, [38;5;121m1[0m[38;5;159m envs).[0m
[38;5;159m[Genesis] [08:56:31] [INFO] Running at [38;5;121m76.63[0m[38;5;159m FPS ([38;5;121m76.63[0m[38;5;159m FPS per env, [38;5;121m1[0m[38;5;159m envs).[0m
[38;5;159m[Genesis] [08:56:31] [INFO] Running at [38;5;121m76.58[0m[38;5;159m FPS ([38;5;121m76.58[0m[38;5;159m FPS per env, [38;5;121m1[0m[38;5;159m envs).[0m
[38;5;159m[Genesis] [08:56:31] [INFO] Running at [38;5;121m76.46[0m[38;5;159m FPS ([38;5;121m76.46[0m[38;5;159m FPS per env, [38;5;121m1[0m[38;5;159m envs).[0m
[38;5;159m[Genesis] [08:56:31] [INFO] Running at [38;5;121m76.53[0m[38;5;159m FPS ([38;5;121m76.53[0m[38;5;159m FPS per env, [38;5;121m1[0m[38;5;159m envs).[0m
[38;5;159m[Genesis] [08:56:32] [INFO] Running at [38;5;121m76.57[0m[38;5;159m FPS ([38;5;121m76.57[0m[38;5;159m FPS per env, [38;5;121m1[0m[38;5;159m envs).[0m
[38;5;159m[Genesis] [08:56:32] [INFO] Running at [38;5;121m76.64[0m[38;5;159m FPS ([38;5;121m76.64[0m[38;5;159m FPS per env, [38;5;121m1[0m[38;5;159m envs).[0m
[38;5;159m[Genesis] [08:56:32] [INFO] Running at [38;5;121m76.69[0m[38;5;159m FPS ([38;5;121m76.69[0m[38;5;159m FPS per env, [38;5;121m1[0m[38;5;159m envs).[0m
[38;5;159m[Genesis] [08:56:32] [INFO] Running at [38;5;121m76.75[0m[38;5;159m FPS ([38;5;121m76.75[0m[38;5;159m FPS per env, [38;5;121m1[0m[38;5;159m envs).[0m
[38;5;159m[Genesis] [08:56:32] [INFO] Running at [38;5;121m76.81[0m[38;5;159m FPS ([38;5;121m76.81[0m[38;5;159m FPS per env, [38;5;121m1[0m[38;5;159m envs).[0m
[38;5;159m[Genesis] [08:56:32] [INFO] Running at [38;5;121m76.87[0m[38;5;159m FPS ([38;5;121m76.87[0m[38;5;159m FPS per env, [38;5;121m1[0m[38;5;159m envs).[0m
[38;5;159m[Genesis] [08:56:32] [INFO] Running at [38;5;121m76.93[0m[38;5;159m FPS ([38;5;121m76.93[0m[38;5;159m FPS per env, [38;5;121m1[0m[38;5;159m envs).[0m
[38;5;159m[Genesis] [08:56:32] [INFO] Running at [38;5;121m76.98[0m[38;5;159m FPS ([38;5;121m76.98[0m[38;5;159m FPS per env, [38;5;121m1[0m[38;5;159m envs).[0m
[38;5;159m[Genesis] [08:56:32] [INFO] Running at [38;5;121m77.04[0m[38;5;159m FPS ([38;5;121m77.04[0m[38;5;159m FPS per env, [38;5;121m1[0m[38;5;159m envs).[0m
[38;5;159m[Genesis] [08:56:32] [INFO] Running at [38;5;121m77.11[0m[38;5;159m FPS ([38;5;121m77.11[0m[38;5;159m FPS per env, [38;5;121m1[0m[38;5;159m envs).[0m
[38;5;159m[Genesis] [08:56:32] [INFO] Running at [38;5;121m77.15[0m[38;5;159m FPS ([38;5;121m77.15[0m[38;5;159m FPS per env, [38;5;121m1[0m[38;5;159m envs).[0m
[38;5;159m[Genesis] [08:56:32] [INFO] Running at [38;5;121m77.20[0m[38;5;159m FPS ([38;5;121m77.20[0m[38;5;159m FPS per env, [38;5;121m1[0m[38;5;159m envs).[0m
[38;5;159m[Genesis] [08:56:32] [INFO] Running at [38;5;121m77.25[0m[38;5;159m FPS ([38;5;121m77.25[0m[38;5;159m FPS per env, [38;5;121m1[0m[38;5;159m envs).[0m
[38;5;159m[Genesis] [08:56:32] [INFO] Running at [38;5;121m77.30[0m[38;5;159m FPS ([38;5;121m77.30[0m[38;5;159m FPS per env, [38;5;121m1[0m[38;5;159m envs).[0m
[38;5;159m[Genesis] [08:56:32] [INFO] Running at [38;5;121m77.34[0m[38;5;159m FPS ([38;5;121m77.34[0m[38;5;159m FPS per env, [38;5;121m1[0m[38;5;159m envs).[0m
[38;5;159m[Genesis] [08:56:32] [INFO] Running at [38;5;121m77.38[0m[38;5;159m FPS ([38;5;121m77.38[0m[38;5;159m FPS per env, [38;5;121m1[0m[38;5;159m envs).[0m
[38;5;159m[Genesis] [08:56:32] [INFO] Running at [38;5;121m77.40[0m[38;5;159m FPS ([38;5;121m77.40[0m[38;5;159m FPS per env, [38;5;121m1[0m[38;5;159m envs).[0m
[38;5;159m[Genesis] [08:56:32] [INFO] Running at [38;5;121m77.45[0m[38;5;159m FPS ([38;5;121m77.45[0m[38;5;159m FPS per env, [38;5;121m1[0m[38;5;159m envs).[0m
[38;5;159m[Genesis] [08:56:32] [INFO] Running at [38;5;121m77.48[0m[38;5;159m FPS ([38;5;121m77.48[0m[38;5;159m FPS per env, [38;5;121m1[0m[38;5;159m envs).[0m
[38;5;159m[Genesis] [08:56:32] [INFO] Running at [38;5;121m77.35[0m[38;5;159m FPS ([38;5;121m77.35[0m[38;5;159m FPS per env, [38;5;121m1[0m[38;5;159m envs).[0m
[38;5;159m[Genesis] [08:56:33] [INFO] Running at [38;5;121m77.38[0m[38;5;159m FPS ([38;5;121m77.38[0m[38;5;159m FPS per env, [38;5;121m1[0m[38;5;159m envs).[0m
[38;5;159m[Genesis] [08:56:33] [INFO] Running at [38;5;121m77.41[0m[38;5;159m FPS ([38;5;121m77.41[0m[38;5;159m FPS per env, [38;5;121m1[0m[38;5;159m envs).[0m
[38;5;159m[Genesis] [08:56:33] [INFO] Running at [38;5;121m77.40[0m[38;5;159m FPS ([38;5;121m77.40[0m[38;5;159m FPS per env, [38;5;121m1[0m[38;5;159m envs).[0m
[38;5;159m[Genesis] [08:56:33] [INFO] Running at [38;5;121m77.44[0m[38;5;159m FPS ([38;5;121m77.44[0m[38;5;159m FPS per env, [38;5;121m1[0m[38;5;159m envs).[0m
[38;5;159m[Genesis] [08:56:33] [INFO] Running at [38;5;121m77.47[0m[38;5;159m FPS ([38;5;121m77.47[0m[38;5;159m FPS per env, [38;5;121m1[0m[38;5;159m envs).[0m
[38;5;159m[Genesis] [08:56:33] [INFO] Running at [38;5;121m77.51[0m[38;5;159m FPS ([38;5;121m77.51[0m[38;5;159m FPS per env, [38;5;121m1[0m[38;5;159m envs).[0m
[38;5;159m[Genesis] [08:56:33] [INFO] Running at [38;5;121m77.53[0m[38;5;159m FPS ([38;5;121m77.53[0m[38;5;159m FPS per env, [38;5;121m1[0m[38;5;159m envs).[0m
[38;5;159m[Genesis] [08:56:33] [INFO] Running at [38;5;121m77.56[0m[38;5;159m FPS ([38;5;121m77.56[0m[38;5;159m FPS per env, [38;5;121m1[0m[38;5;159m envs).[0m
[38;5;159m[Genesis] [08:56:33] [INFO] Running at [38;5;121m77.59[0m[38;5;159m FPS ([38;5;121m77.59[0m[38;5;159m FPS per env, [38;5;121m1[0m[38;5;159m envs).[0m
[38;5;159m[Genesis] [08:56:33] [INFO] Running at [38;5;121m77.61[0m[38;5;159m FPS ([38;5;121m77.61[0m[38;5;159m FPS per env, [38;5;121m1[0m[38;5;159m envs).[0m
[38;5;159m[Genesis] [08:56:33] [INFO] Running at [38;5;121m77.64[0m[38;5;159m FPS ([38;5;121m77.64[0m[38;5;159m FPS per env, [38;5;121m1[0m[38;5;159m envs).[0m
[38;5;159m[Genesis] [08:56:33] [INFO] Running at [38;5;121m77.66[0m[38;5;159m FPS ([38;5;121m77.66[0m[38;5;159m FPS per env, [38;5;121m1[0m[38;5;159m envs).[0m
[38;5;159m[Genesis] [08:56:33] [INFO] Running at [38;5;121m77.67[0m[38;5;159m FPS ([38;5;121m77.67[0m[38;5;159m FPS per env, [38;5;121m1[0m[38;5;159m envs).[0m
[38;5;159m[Genesis] [08:56:33] [INFO] Running at [38;5;121m77.71[0m[38;5;159m FPS ([38;5;121m77.71[0m[38;5;159m FPS per env, [38;5;121m1[0m[38;5;159m envs).[0m
[38;5;159m[Genesis] [08:56:33] [INFO] Running at [38;5;121m77.73[0m[38;5;159m FPS ([38;5;121m77.73[0m[38;5;159m FPS per env, [38;5;121m1[0m[38;5;159m envs).[0m
fps 50
[38;5;159m[Genesis] [08:56:33] [INFO] Saving video to [38;5;121m"test_5000_8.0_0.0_behind.mp4"[0m[38;5;159m...[0m
[38;5;159m[Genesis] [08:56:36] [INFO] Video saved.[0m
[38;5;159m[Genesis] [08:56:36] [INFO] Saving video to [38;5;121m"test_5000_8.0_0.0_side.mp4"[0m[38;5;159m...[0m
[38;5;159m[Genesis] [08:56:39] [INFO] Video saved.[0m
Saved recordings for checkpoint 5000.
Final yaw-rate error: 2.80 deg/s
[38;5;159m[Genesis] [08:56:39] [INFO] 💤 Exiting Genesis and caching compiled kernels...[0m
