[38;5;159m[Genesis] [12:48:46] [INFO] [38;5;121m╭───────────────────────────────────────────────╮[0m[38;5;159m[0m
[38;5;159m[Genesis] [12:48:46] [INFO] [38;5;121m│┈┉┈┉┈┉┈┉┈┉┈┉┈┉┈┉┈┉┈[0m[38;5;159m [38;5;121m[1m[3mGenesis[0m[38;5;159m [38;5;121m┈┉┈┉┈┉┈┉┈┉┈┉┈┉┈┉┈┉┈│[0m[38;5;159m[0m
[38;5;159m[Genesis] [12:48:46] [INFO] [38;5;121m╰───────────────────────────────────────────────╯[0m[38;5;159m[0m
[38;5;159m[Genesis] [12:48:47] [INFO] Running on [38;5;121m[4m[NVIDIA GeForce RTX 5090][0m[38;5;159m with backend [38;5;121m[4mgs.cuda[0m[38;5;159m. Device memory: [38;5;121m[4m31.35[0m[38;5;159m GB.[0m
[38;5;159m[Genesis] [12:48:47] [INFO] 🚀 Genesis initialized. 🔖 version: [38;5;121m[4m0.4.7[0m[38;5;159m, 🎨 theme: [38;5;121m[4mdark[0m[38;5;159m, 🌱 seed: [38;5;121m[4mNone[0m[38;5;159m, 🐛 debug: [38;5;121m[4mFalse[0m[38;5;159m, 📏 precision: [38;5;121m[4m32[0m[38;5;159m, 🔥 performance: [38;5;121m[4mFalse[0m[38;5;159m, 💬 verbose: [38;5;121m[4mINFO[0m[38;5;159m[0m
[38;5;226m[Genesis] [12:48:49] [WARNING] Viewer option 'n_rendered_envs' is deprecated and will be removed in a future release. Please use 'rendered_envs_idx' instead.[0m
[38;5;159m[Genesis] [12:48:50] [INFO] Scene [38;5;121m[3m<e9e2e00>[0m[38;5;159m created.[0m
[38;5;159m[Genesis] [12:48:50] [INFO] Adding [38;5;121m<gs.engine.entities.RigidEntity>[0m[38;5;159m. idx: [38;5;121m0[0m[38;5;159m, uid: [38;5;121m[3m<b300f42>[0m[38;5;159m, morph: [38;5;121m<gs.morphs.Plane>[0m[38;5;159m, material: [38;5;121m<gs.materials.Rigid>[0m[38;5;159m.[0m
[38;5;159m[Genesis] [12:48:50] [INFO] Adding [38;5;121m<gs.engine.entities.RigidEntity>[0m[38;5;159m. idx: [38;5;121m1[0m[38;5;159m, uid: [38;5;121m[3m<81943c4>[0m[38;5;159m, morph: [38;5;121m<gs.morphs.URDF(file='/home/jfriesen/.local/lib/python3.12/site-packages/genesis/assets/urdf/go2/urdf/go2.urdf')>[0m[38;5;159m, material: [38;5;121m<gs.materials.Rigid>[0m[38;5;159m.[0m
[38;5;159m[Genesis] [12:48:53] [INFO] Building scene [38;5;121m[3m<e9e2e00>[0m[38;5;159m...[0m
[38;5;226m[Genesis] [12:48:53] [WARNING] Neutral robot position (qpos0) exceeds joint limits.[0m
[38;5;159m[Genesis] [12:48:54] [INFO] Compiling simulation kernels...[0m
[38;5;159m[Genesis] [12:48:55] [INFO] Building visualizer...[0m
[38;5;226m[Genesis] [12:48:56] [WARNING] This property is deprecated and will be removed in future release. Please use 'dofs_idx_local' instead.[0m
[38;5;226m[Genesis] [12:48:56] [WARNING] This property is deprecated and will be removed in future release. Please use 'dofs_idx_local' instead.[0m
[38;5;226m[Genesis] [12:48:56] [WARNING] This property is deprecated and will be removed in future release. Please use 'dofs_idx_local' instead.[0m
[38;5;226m[Genesis] [12:48:56] [WARNING] This property is deprecated and will be removed in future release. Please use 'dofs_idx_local' instead.[0m
[38;5;226m[Genesis] [12:48:56] [WARNING] This property is deprecated and will be removed in future release. Please use 'dofs_idx_local' instead.[0m
[38;5;226m[Genesis] [12:48:56] [WARNING] This property is deprecated and will be removed in future release. Please use 'dofs_idx_local' instead.[0m
[38;5;226m[Genesis] [12:48:56] [WARNING] This property is deprecated and will be removed in future release. Please use 'dofs_idx_local' instead.[0m
[38;5;226m[Genesis] [12:48:56] [WARNING] This property is deprecated and will be removed in future release. Please use 'dofs_idx_local' instead.[0m
[38;5;226m[Genesis] [12:48:56] [WARNING] This property is deprecated and will be removed in future release. Please use 'dofs_idx_local' instead.[0m
[38;5;226m[Genesis] [12:48:56] [WARNING] This property is deprecated and will be removed in future release. Please use 'dofs_idx_local' instead.[0m
[38;5;226m[Genesis] [12:48:56] [WARNING] This property is deprecated and will be removed in future release. Please use 'dofs_idx_local' instead.[0m
[38;5;226m[Genesis] [12:48:56] [WARNING] This property is deprecated and will be removed in future release. Please use 'dofs_idx_local' instead.[0m
/home/jfriesen/.local/lib/python3.12/site-packages/torch/utils/_device.py:122: UserWarning: To copy construct from a tensor, it is recommended to use sourceTensor.detach().clone() or sourceTensor.detach().clone().requires_grad_(True), rather than torch.tensor(sourceTensor).
  return func(*args, **kwargs)
Actor MLP: Sequential(
  (0): Linear(in_features=51, out_features=512, bias=True)
  (1): ELU(alpha=1.0)
  (2): Linear(in_features=512, out_features=256, bias=True)
  (3): ELU(alpha=1.0)
  (4): Linear(in_features=256, out_features=128, bias=True)
  (5): ELU(alpha=1.0)
  (6): Linear(in_features=128, out_features=12, bias=True)
)
Critic MLP: Sequential(
  (0): Linear(in_features=75, out_features=512, bias=True)
  (1): ELU(alpha=1.0)
  (2): Linear(in_features=512, out_features=256, bias=True)
  (3): ELU(alpha=1.0)
  (4): Linear(in_features=256, out_features=128, bias=True)
  (5): ELU(alpha=1.0)
  (6): Linear(in_features=128, out_features=1, bias=True)
)
[38;5;159m[Genesis] [12:48:58] [INFO] Running at [38;5;121m1.61[0m[38;5;159m FPS ([38;5;121m1.61[0m[38;5;159m FPS per env, [38;5;121m1[0m[38;5;159m envs).[0m
[38;5;159m[Genesis] [12:48:58] [INFO] Running at [38;5;121m11.48[0m[38;5;159m FPS ([38;5;121m11.48[0m[38;5;159m FPS per env, [38;5;121m1[0m[38;5;159m envs).[0m
[38;5;159m[Genesis] [12:48:58] [INFO] Running at [38;5;121m77.88[0m[38;5;159m FPS ([38;5;121m77.88[0m[38;5;159m FPS per env, [38;5;121m1[0m[38;5;159m envs).[0m
[38;5;159m[Genesis] [12:48:58] [INFO] Running at [38;5;121m77.64[0m[38;5;159m FPS ([38;5;121m77.64[0m[38;5;159m FPS per env, [38;5;121m1[0m[38;5;159m envs).[0m
[38;5;159m[Genesis] [12:48:58] [INFO] Running at [38;5;121m77.58[0m[38;5;159m FPS ([38;5;121m77.58[0m[38;5;159m FPS per env, [38;5;121m1[0m[38;5;159m envs).[0m
[38;5;159m[Genesis] [12:48:58] [INFO] Running at [38;5;121m77.54[0m[38;5;159m FPS ([38;5;121m77.54[0m[38;5;159m FPS per env, [38;5;121m1[0m[38;5;159m envs).[0m
[38;5;159m[Genesis] [12:48:58] [INFO] Running at [38;5;121m77.50[0m[38;5;159m FPS ([38;5;121m77.50[0m[38;5;159m FPS per env, [38;5;121m1[0m[38;5;159m envs).[0m
[38;5;159m[Genesis] [12:48:59] [INFO] Running at [38;5;121m77.47[0m[38;5;159m FPS ([38;5;121m77.47[0m[38;5;159m FPS per env, [38;5;121m1[0m[38;5;159m envs).[0m
[38;5;159m[Genesis] [12:48:59] [INFO] Running at [38;5;121m77.45[0m[38;5;159m FPS ([38;5;121m77.45[0m[38;5;159m FPS per env, [38;5;121m1[0m[38;5;159m envs).[0m
[38;5;159m[Genesis] [12:48:59] [INFO] Running at [38;5;121m77.40[0m[38;5;159m FPS ([38;5;121m77.40[0m[38;5;159m FPS per env, [38;5;121m1[0m[38;5;159m envs).[0m
[38;5;159m[Genesis] [12:48:59] [INFO] Running at [38;5;121m77.40[0m[38;5;159m FPS ([38;5;121m77.40[0m[38;5;159m FPS per env, [38;5;121m1[0m[38;5;159m envs).[0m
[38;5;159m[Genesis] [12:48:59] [INFO] Running at [38;5;121m77.37[0m[38;5;159m FPS ([38;5;121m77.37[0m[38;5;159m FPS per env, [38;5;121m1[0m[38;5;159m envs).[0m
[38;5;159m[Genesis] [12:48:59] [INFO] Running at [38;5;121m77.38[0m[38;5;159m FPS ([38;5;121m77.38[0m[38;5;159m FPS per env, [38;5;121m1[0m[38;5;159m envs).[0m
[38;5;159m[Genesis] [12:48:59] [INFO] Running at [38;5;121m77.36[0m[38;5;159m FPS ([38;5;121m77.36[0m[38;5;159m FPS per env, [38;5;121m1[0m[38;5;159m envs).[0m
[38;5;159m[Genesis] [12:48:59] [INFO] Running at [38;5;121m77.33[0m[38;5;159m FPS ([38;5;121m77.33[0m[38;5;159m FPS per env, [38;5;121m1[0m[38;5;159m envs).[0m
[38;5;159m[Genesis] [12:48:59] [INFO] Running at [38;5;121m77.30[0m[38;5;159m FPS ([38;5;121m77.30[0m[38;5;159m FPS per env, [38;5;121m1[0m[38;5;159m envs).[0m
[38;5;159m[Genesis] [12:48:59] [INFO] Running at [38;5;121m77.28[0m[38;5;159m FPS ([38;5;121m77.28[0m[38;5;159m FPS per env, [38;5;121m1[0m[38;5;159m envs).[0m
[38;5;159m[Genesis] [12:48:59] [INFO] Running at [38;5;121m77.25[0m[38;5;159m FPS ([38;5;121m77.25[0m[38;5;159m FPS per env, [38;5;121m1[0m[38;5;159m envs).[0m
[38;5;159m[Genesis] [12:48:59] [INFO] Running at [38;5;121m77.25[0m[38;5;159m FPS ([38;5;121m77.25[0m[38;5;159m FPS per env, [38;5;121m1[0m[38;5;159m envs).[0m
[38;5;159m[Genesis] [12:48:59] [INFO] Running at [38;5;121m77.22[0m[38;5;159m FPS ([38;5;121m77.22[0m[38;5;159m FPS per env, [38;5;121m1[0m[38;5;159m envs).[0m
[38;5;159m[Genesis] [12:48:59] [INFO] Running at [38;5;121m77.22[0m[38;5;159m FPS ([38;5;121m77.22[0m[38;5;159m FPS per env, [38;5;121m1[0m[38;5;159m envs).[0m
[38;5;159m[Genesis] [12:48:59] [INFO] Running at [38;5;121m77.20[0m[38;5;159m FPS ([38;5;121m77.20[0m[38;5;159m FPS per env, [38;5;121m1[0m[38;5;159m envs).[0m
[38;5;159m[Genesis] [12:48:59] [INFO] Running at [38;5;121m76.99[0m[38;5;159m FPS ([38;5;121m76.99[0m[38;5;159m FPS per env, [38;5;121m1[0m[38;5;159m envs).[0m
[38;5;159m[Genesis] [12:48:59] [INFO] Running at [38;5;121m76.98[0m[38;5;159m FPS ([38;5;121m76.98[0m[38;5;159m FPS per env, [38;5;121m1[0m[38;5;159m envs).[0m
[38;5;159m[Genesis] [12:48:59] [INFO] Running at [38;5;121m77.01[0m[38;5;159m FPS ([38;5;121m77.01[0m[38;5;159m FPS per env, [38;5;121m1[0m[38;5;159m envs).[0m
[38;5;159m[Genesis] [12:48:59] [INFO] Running at [38;5;121m76.99[0m[38;5;159m FPS ([38;5;121m76.99[0m[38;5;159m FPS per env, [38;5;121m1[0m[38;5;159m envs).[0m
[38;5;159m[Genesis] [12:49:00] [INFO] Running at [38;5;121m77.00[0m[38;5;159m FPS ([38;5;121m77.00[0m[38;5;159m FPS per env, [38;5;121m1[0m[38;5;159m envs).[0m
[38;5;159m[Genesis] [12:49:00] [INFO] Running at [38;5;121m77.02[0m[38;5;159m FPS ([38;5;121m77.02[0m[38;5;159m FPS per env, [38;5;121m1[0m[38;5;159m envs).[0m
[38;5;159m[Genesis] [12:49:00] [INFO] Running at [38;5;121m77.03[0m[38;5;159m FPS ([38;5;121m77.03[0m[38;5;159m FPS per env, [38;5;121m1[0m[38;5;159m envs).[0m
[38;5;159m[Genesis] [12:49:00] [INFO] Running at [38;5;121m77.06[0m[38;5;159m FPS ([38;5;121m77.06[0m[38;5;159m FPS per env, [38;5;121m1[0m[38;5;159m envs).[0m
[38;5;159m[Genesis] [12:49:00] [INFO] Running at [38;5;121m77.08[0m[38;5;159m FPS ([38;5;121m77.08[0m[38;5;159m FPS per env, [38;5;121m1[0m[38;5;159m envs).[0m
[38;5;159m[Genesis] [12:49:00] [INFO] Running at [38;5;121m77.09[0m[38;5;159m FPS ([38;5;121m77.09[0m[38;5;159m FPS per env, [38;5;121m1[0m[38;5;159m envs).[0m
[38;5;159m[Genesis] [12:49:00] [INFO] Running at [38;5;121m77.10[0m[38;5;159m FPS ([38;5;121m77.10[0m[38;5;159m FPS per env, [38;5;121m1[0m[38;5;159m envs).[0m
[38;5;159m[Genesis] [12:49:00] [INFO] Running at [38;5;121m77.08[0m[38;5;159m FPS ([38;5;121m77.08[0m[38;5;159m FPS per env, [38;5;121m1[0m[38;5;159m envs).[0m
[38;5;159m[Genesis] [12:49:00] [INFO] Running at [38;5;121m77.13[0m[38;5;159m FPS ([38;5;121m77.13[0m[38;5;159m FPS per env, [38;5;121m1[0m[38;5;159m envs).[0m
[38;5;159m[Genesis] [12:49:00] [INFO] Running at [38;5;121m77.15[0m[38;5;159m FPS ([38;5;121m77.15[0m[38;5;159m FPS per env, [38;5;121m1[0m[38;5;159m envs).[0m
[38;5;159m[Genesis] [12:49:00] [INFO] Running at [38;5;121m77.17[0m[38;5;159m FPS ([38;5;121m77.17[0m[38;5;159m FPS per env, [38;5;121m1[0m[38;5;159m envs).[0m
[38;5;159m[Genesis] [12:49:00] [INFO] Running at [38;5;121m77.20[0m[38;5;159m FPS ([38;5;121m77.20[0m[38;5;159m FPS per env, [38;5;121m1[0m[38;5;159m envs).[0m
[38;5;159m[Genesis] [12:49:00] [INFO] Running at [38;5;121m77.22[0m[38;5;159m FPS ([38;5;121m77.22[0m[38;5;159m FPS per env, [38;5;121m1[0m[38;5;159m envs).[0m
[38;5;159m[Genesis] [12:49:00] [INFO] Running at [38;5;121m77.24[0m[38;5;159m FPS ([38;5;121m77.24[0m[38;5;159m FPS per env, [38;5;121m1[0m[38;5;159m envs).[0m
[38;5;159m[Genesis] [12:49:00] [INFO] Running at [38;5;121m77.24[0m[38;5;159m FPS ([38;5;121m77.24[0m[38;5;159m FPS per env, [38;5;121m1[0m[38;5;159m envs).[0m
[38;5;159m[Genesis] [12:49:00] [INFO] Running at [38;5;121m77.26[0m[38;5;159m FPS ([38;5;121m77.26[0m[38;5;159m FPS per env, [38;5;121m1[0m[38;5;159m envs).[0m
[38;5;159m[Genesis] [12:49:00] [INFO] Running at [38;5;121m77.25[0m[38;5;159m FPS ([38;5;121m77.25[0m[38;5;159m FPS per env, [38;5;121m1[0m[38;5;159m envs).[0m
[38;5;159m[Genesis] [12:49:00] [INFO] Running at [38;5;121m77.06[0m[38;5;159m FPS ([38;5;121m77.06[0m[38;5;159m FPS per env, [38;5;121m1[0m[38;5;159m envs).[0m
[38;5;159m[Genesis] [12:49:00] [INFO] Running at [38;5;121m77.05[0m[38;5;159m FPS ([38;5;121m77.05[0m[38;5;159m FPS per env, [38;5;121m1[0m[38;5;159m envs).[0m
[38;5;159m[Genesis] [12:49:00] [INFO] Running at [38;5;121m77.05[0m[38;5;159m FPS ([38;5;121m77.05[0m[38;5;159m FPS per env, [38;5;121m1[0m[38;5;159m envs).[0m
[38;5;159m[Genesis] [12:49:01] [INFO] Running at [38;5;121m77.05[0m[38;5;159m FPS ([38;5;121m77.05[0m[38;5;159m FPS per env, [38;5;121m1[0m[38;5;159m envs).[0m
[38;5;159m[Genesis] [12:49:01] [INFO] Running at [38;5;121m77.04[0m[38;5;159m FPS ([38;5;121m77.04[0m[38;5;159m FPS per env, [38;5;121m1[0m[38;5;159m envs).[0m
[38;5;159m[Genesis] [12:49:01] [INFO] Running at [38;5;121m77.04[0m[38;5;159m FPS ([38;5;121m77.04[0m[38;5;159m FPS per env, [38;5;121m1[0m[38;5;159m envs).[0m
[38;5;159m[Genesis] [12:49:01] [INFO] Running at [38;5;121m77.04[0m[38;5;159m FPS ([38;5;121m77.04[0m[38;5;159m FPS per env, [38;5;121m1[0m[38;5;159m envs).[0m
[38;5;159m[Genesis] [12:49:01] [INFO] Running at [38;5;121m77.05[0m[38;5;159m FPS ([38;5;121m77.05[0m[38;5;159m FPS per env, [38;5;121m1[0m[38;5;159m envs).[0m
[38;5;159m[Genesis] [12:49:01] [INFO] Running at [38;5;121m77.06[0m[38;5;159m FPS ([38;5;121m77.06[0m[38;5;159m FPS per env, [38;5;121m1[0m[38;5;159m envs).[0m
[38;5;159m[Genesis] [12:49:01] [INFO] Running at [38;5;121m77.04[0m[38;5;159m FPS ([38;5;121m77.04[0m[38;5;159m FPS per env, [38;5;121m1[0m[38;5;159m envs).[0m
[38;5;159m[Genesis] [12:49:01] [INFO] Running at [38;5;121m77.03[0m[38;5;159m FPS ([38;5;121m77.03[0m[38;5;159m FPS per env, [38;5;121m1[0m[38;5;159m envs).[0m
[38;5;159m[Genesis] [12:49:01] [INFO] Running at [38;5;121m77.05[0m[38;5;159m FPS ([38;5;121m77.05[0m[38;5;159m FPS per env, [38;5;121m1[0m[38;5;159m envs).[0m
[38;5;159m[Genesis] [12:49:01] [INFO] Running at [38;5;121m77.05[0m[38;5;159m FPS ([38;5;121m77.05[0m[38;5;159m FPS per env, [38;5;121m1[0m[38;5;159m envs).[0m
[38;5;159m[Genesis] [12:49:01] [INFO] Running at [38;5;121m77.06[0m[38;5;159m FPS ([38;5;121m77.06[0m[38;5;159m FPS per env, [38;5;121m1[0m[38;5;159m envs).[0m
[38;5;159m[Genesis] [12:49:01] [INFO] Running at [38;5;121m77.07[0m[38;5;159m FPS ([38;5;121m77.07[0m[38;5;159m FPS per env, [38;5;121m1[0m[38;5;159m envs).[0m
[38;5;159m[Genesis] [12:49:01] [INFO] Running at [38;5;121m77.07[0m[38;5;159m FPS ([38;5;121m77.07[0m[38;5;159m FPS per env, [38;5;121m1[0m[38;5;159m envs).[0m
[38;5;159m[Genesis] [12:49:01] [INFO] Running at [38;5;121m77.09[0m[38;5;159m FPS ([38;5;121m77.09[0m[38;5;159m FPS per env, [38;5;121m1[0m[38;5;159m envs).[0m
[38;5;159m[Genesis] [12:49:01] [INFO] Running at [38;5;121m77.08[0m[38;5;159m FPS ([38;5;121m77.08[0m[38;5;159m FPS per env, [38;5;121m1[0m[38;5;159m envs).[0m
[38;5;159m[Genesis] [12:49:01] [INFO] Running at [38;5;121m77.08[0m[38;5;159m FPS ([38;5;121m77.08[0m[38;5;159m FPS per env, [38;5;121m1[0m[38;5;159m envs).[0m
[38;5;159m[Genesis] [12:49:01] [INFO] Running at [38;5;121m77.08[0m[38;5;159m FPS ([38;5;121m77.08[0m[38;5;159m FPS per env, [38;5;121m1[0m[38;5;159m envs).[0m
[38;5;159m[Genesis] [12:49:01] [INFO] Running at [38;5;121m77.08[0m[38;5;159m FPS ([38;5;121m77.08[0m[38;5;159m FPS per env, [38;5;121m1[0m[38;5;159m envs).[0m
[38;5;159m[Genesis] [12:49:01] [INFO] Running at [38;5;121m77.08[0m[38;5;159m FPS ([38;5;121m77.08[0m[38;5;159m FPS per env, [38;5;121m1[0m[38;5;159m envs).[0m
[38;5;159m[Genesis] [12:49:02] [INFO] Running at [38;5;121m76.87[0m[38;5;159m FPS ([38;5;121m76.87[0m[38;5;159m FPS per env, [38;5;121m1[0m[38;5;159m envs).[0m
[38;5;159m[Genesis] [12:49:02] [INFO] Running at [38;5;121m76.87[0m[38;5;159m FPS ([38;5;121m76.87[0m[38;5;159m FPS per env, [38;5;121m1[0m[38;5;159m envs).[0m
[38;5;159m[Genesis] [12:49:02] [INFO] Running at [38;5;121m76.87[0m[38;5;159m FPS ([38;5;121m76.87[0m[38;5;159m FPS per env, [38;5;121m1[0m[38;5;159m envs).[0m
[38;5;159m[Genesis] [12:49:02] [INFO] Running at [38;5;121m76.88[0m[38;5;159m FPS ([38;5;121m76.88[0m[38;5;159m FPS per env, [38;5;121m1[0m[38;5;159m envs).[0m
[38;5;159m[Genesis] [12:49:02] [INFO] Running at [38;5;121m76.89[0m[38;5;159m FPS ([38;5;121m76.89[0m[38;5;159m FPS per env, [38;5;121m1[0m[38;5;159m envs).[0m
[38;5;159m[Genesis] [12:49:02] [INFO] Running at [38;5;121m76.89[0m[38;5;159m FPS ([38;5;121m76.89[0m[38;5;159m FPS per env, [38;5;121m1[0m[38;5;159m envs).[0m
[38;5;159m[Genesis] [12:49:02] [INFO] Running at [38;5;121m76.86[0m[38;5;159m FPS ([38;5;121m76.86[0m[38;5;159m FPS per env, [38;5;121m1[0m[38;5;159m envs).[0m
[38;5;159m[Genesis] [12:49:02] [INFO] Running at [38;5;121m76.83[0m[38;5;159m FPS ([38;5;121m76.83[0m[38;5;159m FPS per env, [38;5;121m1[0m[38;5;159m envs).[0m
[38;5;159m[Genesis] [12:49:02] [INFO] Running at [38;5;121m76.85[0m[38;5;159m FPS ([38;5;121m76.85[0m[38;5;159m FPS per env, [38;5;121m1[0m[38;5;159m envs).[0m
[38;5;159m[Genesis] [12:49:02] [INFO] Running at [38;5;121m76.86[0m[38;5;159m FPS ([38;5;121m76.86[0m[38;5;159m FPS per env, [38;5;121m1[0m[38;5;159m envs).[0m
[38;5;159m[Genesis] [12:49:02] [INFO] Running at [38;5;121m76.87[0m[38;5;159m FPS ([38;5;121m76.87[0m[38;5;159m FPS per env, [38;5;121m1[0m[38;5;159m envs).[0m
[38;5;159m[Genesis] [12:49:02] [INFO] Running at [38;5;121m76.87[0m[38;5;159m FPS ([38;5;121m76.87[0m[38;5;159m FPS per env, [38;5;121m1[0m[38;5;159m envs).[0m
[38;5;159m[Genesis] [12:49:02] [INFO] Running at [38;5;121m76.88[0m[38;5;159m FPS ([38;5;121m76.88[0m[38;5;159m FPS per env, [38;5;121m1[0m[38;5;159m envs).[0m
[38;5;159m[Genesis] [12:49:02] [INFO] Running at [38;5;121m76.88[0m[38;5;159m FPS ([38;5;121m76.88[0m[38;5;159m FPS per env, [38;5;121m1[0m[38;5;159m envs).[0m
[38;5;159m[Genesis] [12:49:02] [INFO] Running at [38;5;121m76.90[0m[38;5;159m FPS ([38;5;121m76.90[0m[38;5;159m FPS per env, [38;5;121m1[0m[38;5;159m envs).[0m
[38;5;159m[Genesis] [12:49:02] [INFO] Running at [38;5;121m76.93[0m[38;5;159m FPS ([38;5;121m76.93[0m[38;5;159m FPS per env, [38;5;121m1[0m[38;5;159m envs).[0m
[38;5;159m[Genesis] [12:49:02] [INFO] Running at [38;5;121m76.93[0m[38;5;159m FPS ([38;5;121m76.93[0m[38;5;159m FPS per env, [38;5;121m1[0m[38;5;159m envs).[0m
[38;5;159m[Genesis] [12:49:02] [INFO] Running at [38;5;121m76.94[0m[38;5;159m FPS ([38;5;121m76.94[0m[38;5;159m FPS per env, [38;5;121m1[0m[38;5;159m envs).[0m
[38;5;159m[Genesis] [12:49:02] [INFO] Running at [38;5;121m76.95[0m[38;5;159m FPS ([38;5;121m76.95[0m[38;5;159m FPS per env, [38;5;121m1[0m[38;5;159m envs).[0m
[38;5;159m[Genesis] [12:49:03] [INFO] Running at [38;5;121m76.81[0m[38;5;159m FPS ([38;5;121m76.81[0m[38;5;159m FPS per env, [38;5;121m1[0m[38;5;159m envs).[0m
[38;5;159m[Genesis] [12:49:03] [INFO] Running at [38;5;121m76.82[0m[38;5;159m FPS ([38;5;121m76.82[0m[38;5;159m FPS per env, [38;5;121m1[0m[38;5;159m envs).[0m
[38;5;159m[Genesis] [12:49:03] [INFO] Running at [38;5;121m76.61[0m[38;5;159m FPS ([38;5;121m76.61[0m[38;5;159m FPS per env, [38;5;121m1[0m[38;5;159m envs).[0m
[38;5;159m[Genesis] [12:49:03] [INFO] Running at [38;5;121m76.64[0m[38;5;159m FPS ([38;5;121m76.64[0m[38;5;159m FPS per env, [38;5;121m1[0m[38;5;159m envs).[0m
[38;5;159m[Genesis] [12:49:03] [INFO] Running at [38;5;121m76.67[0m[38;5;159m FPS ([38;5;121m76.67[0m[38;5;159m FPS per env, [38;5;121m1[0m[38;5;159m envs).[0m
[38;5;159m[Genesis] [12:49:03] [INFO] Running at [38;5;121m76.69[0m[38;5;159m FPS ([38;5;121m76.69[0m[38;5;159m FPS per env, [38;5;121m1[0m[38;5;159m envs).[0m
[38;5;159m[Genesis] [12:49:03] [INFO] Running at [38;5;121m76.72[0m[38;5;159m FPS ([38;5;121m76.72[0m[38;5;159m FPS per env, [38;5;121m1[0m[38;5;159m envs).[0m
[38;5;159m[Genesis] [12:49:03] [INFO] Running at [38;5;121m76.71[0m[38;5;159m FPS ([38;5;121m76.71[0m[38;5;159m FPS per env, [38;5;121m1[0m[38;5;159m envs).[0m
[38;5;159m[Genesis] [12:49:03] [INFO] Running at [38;5;121m76.76[0m[38;5;159m FPS ([38;5;121m76.76[0m[38;5;159m FPS per env, [38;5;121m1[0m[38;5;159m envs).[0m
[38;5;159m[Genesis] [12:49:03] [INFO] Running at [38;5;121m76.80[0m[38;5;159m FPS ([38;5;121m76.80[0m[38;5;159m FPS per env, [38;5;121m1[0m[38;5;159m envs).[0m
[38;5;159m[Genesis] [12:49:03] [INFO] Running at [38;5;121m76.84[0m[38;5;159m FPS ([38;5;121m76.84[0m[38;5;159m FPS per env, [38;5;121m1[0m[38;5;159m envs).[0m
[38;5;159m[Genesis] [12:49:03] [INFO] Running at [38;5;121m76.88[0m[38;5;159m FPS ([38;5;121m76.88[0m[38;5;159m FPS per env, [38;5;121m1[0m[38;5;159m envs).[0m
[38;5;159m[Genesis] [12:49:03] [INFO] Running at [38;5;121m76.91[0m[38;5;159m FPS ([38;5;121m76.91[0m[38;5;159m FPS per env, [38;5;121m1[0m[38;5;159m envs).[0m
[38;5;159m[Genesis] [12:49:03] [INFO] Running at [38;5;121m76.95[0m[38;5;159m FPS ([38;5;121m76.95[0m[38;5;159m FPS per env, [38;5;121m1[0m[38;5;159m envs).[0m
[38;5;159m[Genesis] [12:49:03] [INFO] Running at [38;5;121m76.98[0m[38;5;159m FPS ([38;5;121m76.98[0m[38;5;159m FPS per env, [38;5;121m1[0m[38;5;159m envs).[0m
[38;5;159m[Genesis] [12:49:03] [INFO] Running at [38;5;121m77.02[0m[38;5;159m FPS ([38;5;121m77.02[0m[38;5;159m FPS per env, [38;5;121m1[0m[38;5;159m envs).[0m
[38;5;159m[Genesis] [12:49:03] [INFO] Running at [38;5;121m77.04[0m[38;5;159m FPS ([38;5;121m77.04[0m[38;5;159m FPS per env, [38;5;121m1[0m[38;5;159m envs).[0m
[38;5;159m[Genesis] [12:49:03] [INFO] Running at [38;5;121m77.03[0m[38;5;159m FPS ([38;5;121m77.03[0m[38;5;159m FPS per env, [38;5;121m1[0m[38;5;159m envs).[0m
[38;5;159m[Genesis] [12:49:03] [INFO] Running at [38;5;121m77.06[0m[38;5;159m FPS ([38;5;121m77.06[0m[38;5;159m FPS per env, [38;5;121m1[0m[38;5;159m envs).[0m
[38;5;159m[Genesis] [12:49:04] [INFO] Running at [38;5;121m77.09[0m[38;5;159m FPS ([38;5;121m77.09[0m[38;5;159m FPS per env, [38;5;121m1[0m[38;5;159m envs).[0m
[38;5;159m[Genesis] [12:49:04] [INFO] Running at [38;5;121m77.11[0m[38;5;159m FPS ([38;5;121m77.11[0m[38;5;159m FPS per env, [38;5;121m1[0m[38;5;159m envs).[0m
[38;5;159m[Genesis] [12:49:04] [INFO] Running at [38;5;121m77.13[0m[38;5;159m FPS ([38;5;121m77.13[0m[38;5;159m FPS per env, [38;5;121m1[0m[38;5;159m envs).[0m
[38;5;159m[Genesis] [12:49:04] [INFO] Running at [38;5;121m77.15[0m[38;5;159m FPS ([38;5;121m77.15[0m[38;5;159m FPS per env, [38;5;121m1[0m[38;5;159m envs).[0m
[38;5;159m[Genesis] [12:49:04] [INFO] Running at [38;5;121m76.96[0m[38;5;159m FPS ([38;5;121m76.96[0m[38;5;159m FPS per env, [38;5;121m1[0m[38;5;159m envs).[0m
[38;5;159m[Genesis] [12:49:04] [INFO] Running at [38;5;121m76.97[0m[38;5;159m FPS ([38;5;121m76.97[0m[38;5;159m FPS per env, [38;5;121m1[0m[38;5;159m envs).[0m
[38;5;159m[Genesis] [12:49:04] [INFO] Running at [38;5;121m76.97[0m[38;5;159m FPS ([38;5;121m76.97[0m[38;5;159m FPS per env, [38;5;121m1[0m[38;5;159m envs).[0m
[38;5;159m[Genesis] [12:49:04] [INFO] Running at [38;5;121m76.93[0m[38;5;159m FPS ([38;5;121m76.93[0m[38;5;159m FPS per env, [38;5;121m1[0m[38;5;159m envs).[0m
[38;5;159m[Genesis] [12:49:04] [INFO] Running at [38;5;121m76.91[0m[38;5;159m FPS ([38;5;121m76.91[0m[38;5;159m FPS per env, [38;5;121m1[0m[38;5;159m envs).[0m
[38;5;159m[Genesis] [12:49:04] [INFO] Running at [38;5;121m76.92[0m[38;5;159m FPS ([38;5;121m76.92[0m[38;5;159m FPS per env, [38;5;121m1[0m[38;5;159m envs).[0m
[38;5;159m[Genesis] [12:49:04] [INFO] Running at [38;5;121m76.92[0m[38;5;159m FPS ([38;5;121m76.92[0m[38;5;159m FPS per env, [38;5;121m1[0m[38;5;159m envs).[0m
[38;5;159m[Genesis] [12:49:04] [INFO] Running at [38;5;121m76.91[0m[38;5;159m FPS ([38;5;121m76.91[0m[38;5;159m FPS per env, [38;5;121m1[0m[38;5;159m envs).[0m
[38;5;159m[Genesis] [12:49:04] [INFO] Running at [38;5;121m76.90[0m[38;5;159m FPS ([38;5;121m76.90[0m[38;5;159m FPS per env, [38;5;121m1[0m[38;5;159m envs).[0m
[38;5;159m[Genesis] [12:49:04] [INFO] Running at [38;5;121m76.90[0m[38;5;159m FPS ([38;5;121m76.90[0m[38;5;159m FPS per env, [38;5;121m1[0m[38;5;159m envs).[0m
[38;5;159m[Genesis] [12:49:04] [INFO] Running at [38;5;121m76.90[0m[38;5;159m FPS ([38;5;121m76.90[0m[38;5;159m FPS per env, [38;5;121m1[0m[38;5;159m envs).[0m
[38;5;159m[Genesis] [12:49:04] [INFO] Running at [38;5;121m76.90[0m[38;5;159m FPS ([38;5;121m76.90[0m[38;5;159m FPS per env, [38;5;121m1[0m[38;5;159m envs).[0m
[38;5;159m[Genesis] [12:49:04] [INFO] Running at [38;5;121m76.91[0m[38;5;159m FPS ([38;5;121m76.91[0m[38;5;159m FPS per env, [38;5;121m1[0m[38;5;159m envs).[0m
[38;5;159m[Genesis] [12:49:04] [INFO] Running at [38;5;121m76.91[0m[38;5;159m FPS ([38;5;121m76.91[0m[38;5;159m FPS per env, [38;5;121m1[0m[38;5;159m envs).[0m
[38;5;159m[Genesis] [12:49:04] [INFO] Running at [38;5;121m76.91[0m[38;5;159m FPS ([38;5;121m76.91[0m[38;5;159m FPS per env, [38;5;121m1[0m[38;5;159m envs).[0m
[38;5;159m[Genesis] [12:49:04] [INFO] Running at [38;5;121m76.90[0m[38;5;159m FPS ([38;5;121m76.90[0m[38;5;159m FPS per env, [38;5;121m1[0m[38;5;159m envs).[0m
[38;5;159m[Genesis] [12:49:05] [INFO] Running at [38;5;121m76.91[0m[38;5;159m FPS ([38;5;121m76.91[0m[38;5;159m FPS per env, [38;5;121m1[0m[38;5;159m envs).[0m
[38;5;159m[Genesis] [12:49:05] [INFO] Running at [38;5;121m76.92[0m[38;5;159m FPS ([38;5;121m76.92[0m[38;5;159m FPS per env, [38;5;121m1[0m[38;5;159m envs).[0m
[38;5;159m[Genesis] [12:49:05] [INFO] Running at [38;5;121m76.93[0m[38;5;159m FPS ([38;5;121m76.93[0m[38;5;159m FPS per env, [38;5;121m1[0m[38;5;159m envs).[0m
[38;5;159m[Genesis] [12:49:05] [INFO] Running at [38;5;121m76.94[0m[38;5;159m FPS ([38;5;121m76.94[0m[38;5;159m FPS per env, [38;5;121m1[0m[38;5;159m envs).[0m
[38;5;159m[Genesis] [12:49:05] [INFO] Running at [38;5;121m76.93[0m[38;5;159m FPS ([38;5;121m76.93[0m[38;5;159m FPS per env, [38;5;121m1[0m[38;5;159m envs).[0m
[38;5;159m[Genesis] [12:49:05] [INFO] Running at [38;5;121m76.93[0m[38;5;159m FPS ([38;5;121m76.93[0m[38;5;159m FPS per env, [38;5;121m1[0m[38;5;159m envs).[0m
[38;5;159m[Genesis] [12:49:05] [INFO] Running at [38;5;121m76.73[0m[38;5;159m FPS ([38;5;121m76.73[0m[38;5;159m FPS per env, [38;5;121m1[0m[38;5;159m envs).[0m
[38;5;159m[Genesis] [12:49:05] [INFO] Running at [38;5;121m76.75[0m[38;5;159m FPS ([38;5;121m76.75[0m[38;5;159m FPS per env, [38;5;121m1[0m[38;5;159m envs).[0m
[38;5;159m[Genesis] [12:49:05] [INFO] Running at [38;5;121m76.76[0m[38;5;159m FPS ([38;5;121m76.76[0m[38;5;159m FPS per env, [38;5;121m1[0m[38;5;159m envs).[0m
[38;5;159m[Genesis] [12:49:05] [INFO] Running at [38;5;121m76.78[0m[38;5;159m FPS ([38;5;121m76.78[0m[38;5;159m FPS per env, [38;5;121m1[0m[38;5;159m envs).[0m
[38;5;159m[Genesis] [12:49:05] [INFO] Running at [38;5;121m76.79[0m[38;5;159m FPS ([38;5;121m76.79[0m[38;5;159m FPS per env, [38;5;121m1[0m[38;5;159m envs).[0m
[38;5;159m[Genesis] [12:49:05] [INFO] Running at [38;5;121m76.81[0m[38;5;159m FPS ([38;5;121m76.81[0m[38;5;159m FPS per env, [38;5;121m1[0m[38;5;159m envs).[0m
[38;5;159m[Genesis] [12:49:05] [INFO] Running at [38;5;121m76.82[0m[38;5;159m FPS ([38;5;121m76.82[0m[38;5;159m FPS per env, [38;5;121m1[0m[38;5;159m envs).[0m
[38;5;159m[Genesis] [12:49:05] [INFO] Running at [38;5;121m76.83[0m[38;5;159m FPS ([38;5;121m76.83[0m[38;5;159m FPS per env, [38;5;121m1[0m[38;5;159m envs).[0m
[38;5;159m[Genesis] [12:49:05] [INFO] Running at [38;5;121m76.84[0m[38;5;159m FPS ([38;5;121m76.84[0m[38;5;159m FPS per env, [38;5;121m1[0m[38;5;159m envs).[0m
[38;5;159m[Genesis] [12:49:05] [INFO] Running at [38;5;121m76.83[0m[38;5;159m FPS ([38;5;121m76.83[0m[38;5;159m FPS per env, [38;5;121m1[0m[38;5;159m envs).[0m
[38;5;159m[Genesis] [12:49:05] [INFO] Running at [38;5;121m76.84[0m[38;5;159m FPS ([38;5;121m76.84[0m[38;5;159m FPS per env, [38;5;121m1[0m[38;5;159m envs).[0m
[38;5;159m[Genesis] [12:49:05] [INFO] Running at [38;5;121m76.85[0m[38;5;159m FPS ([38;5;121m76.85[0m[38;5;159m FPS per env, [38;5;121m1[0m[38;5;159m envs).[0m
[38;5;159m[Genesis] [12:49:05] [INFO] Running at [38;5;121m76.86[0m[38;5;159m FPS ([38;5;121m76.86[0m[38;5;159m FPS per env, [38;5;121m1[0m[38;5;159m envs).[0m
[38;5;159m[Genesis] [12:49:06] [INFO] Running at [38;5;121m76.87[0m[38;5;159m FPS ([38;5;121m76.87[0m[38;5;159m FPS per env, [38;5;121m1[0m[38;5;159m envs).[0m
[38;5;159m[Genesis] [12:49:06] [INFO] Running at [38;5;121m76.89[0m[38;5;159m FPS ([38;5;121m76.89[0m[38;5;159m FPS per env, [38;5;121m1[0m[38;5;159m envs).[0m
[38;5;159m[Genesis] [12:49:06] [INFO] Running at [38;5;121m76.90[0m[38;5;159m FPS ([38;5;121m76.90[0m[38;5;159m FPS per env, [38;5;121m1[0m[38;5;159m envs).[0m
[38;5;159m[Genesis] [12:49:06] [INFO] Running at [38;5;121m76.92[0m[38;5;159m FPS ([38;5;121m76.92[0m[38;5;159m FPS per env, [38;5;121m1[0m[38;5;159m envs).[0m
[38;5;159m[Genesis] [12:49:06] [INFO] Running at [38;5;121m76.91[0m[38;5;159m FPS ([38;5;121m76.91[0m[38;5;159m FPS per env, [38;5;121m1[0m[38;5;159m envs).[0m
[38;5;159m[Genesis] [12:49:06] [INFO] Running at [38;5;121m76.91[0m[38;5;159m FPS ([38;5;121m76.91[0m[38;5;159m FPS per env, [38;5;121m1[0m[38;5;159m envs).[0m
[38;5;159m[Genesis] [12:49:06] [INFO] Running at [38;5;121m76.88[0m[38;5;159m FPS ([38;5;121m76.88[0m[38;5;159m FPS per env, [38;5;121m1[0m[38;5;159m envs).[0m
[38;5;159m[Genesis] [12:49:06] [INFO] Running at [38;5;121m76.87[0m[38;5;159m FPS ([38;5;121m76.87[0m[38;5;159m FPS per env, [38;5;121m1[0m[38;5;159m envs).[0m
[38;5;159m[Genesis] [12:49:06] [INFO] Running at [38;5;121m76.69[0m[38;5;159m FPS ([38;5;121m76.69[0m[38;5;159m FPS per env, [38;5;121m1[0m[38;5;159m envs).[0m
[38;5;159m[Genesis] [12:49:06] [INFO] Running at [38;5;121m76.69[0m[38;5;159m FPS ([38;5;121m76.69[0m[38;5;159m FPS per env, [38;5;121m1[0m[38;5;159m envs).[0m
[38;5;159m[Genesis] [12:49:06] [INFO] Running at [38;5;121m76.70[0m[38;5;159m FPS ([38;5;121m76.70[0m[38;5;159m FPS per env, [38;5;121m1[0m[38;5;159m envs).[0m
[38;5;159m[Genesis] [12:49:06] [INFO] Running at [38;5;121m76.74[0m[38;5;159m FPS ([38;5;121m76.74[0m[38;5;159m FPS per env, [38;5;121m1[0m[38;5;159m envs).[0m
[38;5;159m[Genesis] [12:49:06] [INFO] Running at [38;5;121m76.70[0m[38;5;159m FPS ([38;5;121m76.70[0m[38;5;159m FPS per env, [38;5;121m1[0m[38;5;159m envs).[0m
[38;5;159m[Genesis] [12:49:06] [INFO] Running at [38;5;121m76.72[0m[38;5;159m FPS ([38;5;121m76.72[0m[38;5;159m FPS per env, [38;5;121m1[0m[38;5;159m envs).[0m
[38;5;159m[Genesis] [12:49:06] [INFO] Running at [38;5;121m76.74[0m[38;5;159m FPS ([38;5;121m76.74[0m[38;5;159m FPS per env, [38;5;121m1[0m[38;5;159m envs).[0m
[38;5;159m[Genesis] [12:49:06] [INFO] Running at [38;5;121m76.77[0m[38;5;159m FPS ([38;5;121m76.77[0m[38;5;159m FPS per env, [38;5;121m1[0m[38;5;159m envs).[0m
[38;5;159m[Genesis] [12:49:06] [INFO] Running at [38;5;121m76.80[0m[38;5;159m FPS ([38;5;121m76.80[0m[38;5;159m FPS per env, [38;5;121m1[0m[38;5;159m envs).[0m
[38;5;159m[Genesis] [12:49:06] [INFO] Running at [38;5;121m76.84[0m[38;5;159m FPS ([38;5;121m76.84[0m[38;5;159m FPS per env, [38;5;121m1[0m[38;5;159m envs).[0m
[38;5;159m[Genesis] [12:49:06] [INFO] Running at [38;5;121m76.87[0m[38;5;159m FPS ([38;5;121m76.87[0m[38;5;159m FPS per env, [38;5;121m1[0m[38;5;159m envs).[0m
[38;5;159m[Genesis] [12:49:07] [INFO] Running at [38;5;121m76.91[0m[38;5;159m FPS ([38;5;121m76.91[0m[38;5;159m FPS per env, [38;5;121m1[0m[38;5;159m envs).[0m
[38;5;159m[Genesis] [12:49:07] [INFO] Running at [38;5;121m76.93[0m[38;5;159m FPS ([38;5;121m76.93[0m[38;5;159m FPS per env, [38;5;121m1[0m[38;5;159m envs).[0m
[38;5;159m[Genesis] [12:49:07] [INFO] Running at [38;5;121m76.95[0m[38;5;159m FPS ([38;5;121m76.95[0m[38;5;159m FPS per env, [38;5;121m1[0m[38;5;159m envs).[0m
[38;5;159m[Genesis] [12:49:07] [INFO] Running at [38;5;121m76.94[0m[38;5;159m FPS ([38;5;121m76.94[0m[38;5;159m FPS per env, [38;5;121m1[0m[38;5;159m envs).[0m
[38;5;159m[Genesis] [12:49:07] [INFO] Running at [38;5;121m76.95[0m[38;5;159m FPS ([38;5;121m76.95[0m[38;5;159m FPS per env, [38;5;121m1[0m[38;5;159m envs).[0m
[38;5;159m[Genesis] [12:49:07] [INFO] Running at [38;5;121m76.99[0m[38;5;159m FPS ([38;5;121m76.99[0m[38;5;159m FPS per env, [38;5;121m1[0m[38;5;159m envs).[0m
[38;5;159m[Genesis] [12:49:07] [INFO] Running at [38;5;121m77.00[0m[38;5;159m FPS ([38;5;121m77.00[0m[38;5;159m FPS per env, [38;5;121m1[0m[38;5;159m envs).[0m
[38;5;159m[Genesis] [12:49:07] [INFO] Running at [38;5;121m76.99[0m[38;5;159m FPS ([38;5;121m76.99[0m[38;5;159m FPS per env, [38;5;121m1[0m[38;5;159m envs).[0m
[38;5;159m[Genesis] [12:49:07] [INFO] Running at [38;5;121m77.00[0m[38;5;159m FPS ([38;5;121m77.00[0m[38;5;159m FPS per env, [38;5;121m1[0m[38;5;159m envs).[0m
[38;5;159m[Genesis] [12:49:07] [INFO] Running at [38;5;121m77.00[0m[38;5;159m FPS ([38;5;121m77.00[0m[38;5;159m FPS per env, [38;5;121m1[0m[38;5;159m envs).[0m
[38;5;159m[Genesis] [12:49:07] [INFO] Running at [38;5;121m76.82[0m[38;5;159m FPS ([38;5;121m76.82[0m[38;5;159m FPS per env, [38;5;121m1[0m[38;5;159m envs).[0m
[38;5;159m[Genesis] [12:49:07] [INFO] Running at [38;5;121m76.83[0m[38;5;159m FPS ([38;5;121m76.83[0m[38;5;159m FPS per env, [38;5;121m1[0m[38;5;159m envs).[0m
[38;5;159m[Genesis] [12:49:07] [INFO] Running at [38;5;121m76.84[0m[38;5;159m FPS ([38;5;121m76.84[0m[38;5;159m FPS per env, [38;5;121m1[0m[38;5;159m envs).[0m
[38;5;159m[Genesis] [12:49:07] [INFO] Running at [38;5;121m76.86[0m[38;5;159m FPS ([38;5;121m76.86[0m[38;5;159m FPS per env, [38;5;121m1[0m[38;5;159m envs).[0m
[38;5;159m[Genesis] [12:49:07] [INFO] Running at [38;5;121m76.85[0m[38;5;159m FPS ([38;5;121m76.85[0m[38;5;159m FPS per env, [38;5;121m1[0m[38;5;159m envs).[0m
[38;5;159m[Genesis] [12:49:07] [INFO] Running at [38;5;121m76.86[0m[38;5;159m FPS ([38;5;121m76.86[0m[38;5;159m FPS per env, [38;5;121m1[0m[38;5;159m envs).[0m
[38;5;159m[Genesis] [12:49:07] [INFO] Running at [38;5;121m76.86[0m[38;5;159m FPS ([38;5;121m76.86[0m[38;5;159m FPS per env, [38;5;121m1[0m[38;5;159m envs).[0m
[38;5;159m[Genesis] [12:49:07] [INFO] Running at [38;5;121m76.87[0m[38;5;159m FPS ([38;5;121m76.87[0m[38;5;159m FPS per env, [38;5;121m1[0m[38;5;159m envs).[0m
[38;5;159m[Genesis] [12:49:07] [INFO] Running at [38;5;121m76.89[0m[38;5;159m FPS ([38;5;121m76.89[0m[38;5;159m FPS per env, [38;5;121m1[0m[38;5;159m envs).[0m
[38;5;159m[Genesis] [12:49:08] [INFO] Running at [38;5;121m76.75[0m[38;5;159m FPS ([38;5;121m76.75[0m[38;5;159m FPS per env, [38;5;121m1[0m[38;5;159m envs).[0m
[38;5;159m[Genesis] [12:49:08] [INFO] Running at [38;5;121m76.77[0m[38;5;159m FPS ([38;5;121m76.77[0m[38;5;159m FPS per env, [38;5;121m1[0m[38;5;159m envs).[0m
[38;5;159m[Genesis] [12:49:08] [INFO] Running at [38;5;121m76.81[0m[38;5;159m FPS ([38;5;121m76.81[0m[38;5;159m FPS per env, [38;5;121m1[0m[38;5;159m envs).[0m
[38;5;159m[Genesis] [12:49:08] [INFO] Running at [38;5;121m76.82[0m[38;5;159m FPS ([38;5;121m76.82[0m[38;5;159m FPS per env, [38;5;121m1[0m[38;5;159m envs).[0m
[38;5;159m[Genesis] [12:49:08] [INFO] Running at [38;5;121m76.84[0m[38;5;159m FPS ([38;5;121m76.84[0m[38;5;159m FPS per env, [38;5;121m1[0m[38;5;159m envs).[0m
[38;5;159m[Genesis] [12:49:08] [INFO] Running at [38;5;121m76.84[0m[38;5;159m FPS ([38;5;121m76.84[0m[38;5;159m FPS per env, [38;5;121m1[0m[38;5;159m envs).[0m
[38;5;159m[Genesis] [12:49:08] [INFO] Running at [38;5;121m76.86[0m[38;5;159m FPS ([38;5;121m76.86[0m[38;5;159m FPS per env, [38;5;121m1[0m[38;5;159m envs).[0m
[38;5;159m[Genesis] [12:49:08] [INFO] Running at [38;5;121m76.85[0m[38;5;159m FPS ([38;5;121m76.85[0m[38;5;159m FPS per env, [38;5;121m1[0m[38;5;159m envs).[0m
[38;5;159m[Genesis] [12:49:08] [INFO] Running at [38;5;121m76.85[0m[38;5;159m FPS ([38;5;121m76.85[0m[38;5;159m FPS per env, [38;5;121m1[0m[38;5;159m envs).[0m
[38;5;159m[Genesis] [12:49:08] [INFO] Running at [38;5;121m76.88[0m[38;5;159m FPS ([38;5;121m76.88[0m[38;5;159m FPS per env, [38;5;121m1[0m[38;5;159m envs).[0m
[38;5;159m[Genesis] [12:49:08] [INFO] Running at [38;5;121m76.91[0m[38;5;159m FPS ([38;5;121m76.91[0m[38;5;159m FPS per env, [38;5;121m1[0m[38;5;159m envs).[0m
[38;5;159m[Genesis] [12:49:08] [INFO] Running at [38;5;121m76.91[0m[38;5;159m FPS ([38;5;121m76.91[0m[38;5;159m FPS per env, [38;5;121m1[0m[38;5;159m envs).[0m
[38;5;159m[Genesis] [12:49:08] [INFO] Running at [38;5;121m76.93[0m[38;5;159m FPS ([38;5;121m76.93[0m[38;5;159m FPS per env, [38;5;121m1[0m[38;5;159m envs).[0m
[38;5;159m[Genesis] [12:49:08] [INFO] Running at [38;5;121m76.73[0m[38;5;159m FPS ([38;5;121m76.73[0m[38;5;159m FPS per env, [38;5;121m1[0m[38;5;159m envs).[0m
[38;5;159m[Genesis] [12:49:08] [INFO] Running at [38;5;121m76.76[0m[38;5;159m FPS ([38;5;121m76.76[0m[38;5;159m FPS per env, [38;5;121m1[0m[38;5;159m envs).[0m
[38;5;159m[Genesis] [12:49:08] [INFO] Running at [38;5;121m76.78[0m[38;5;159m FPS ([38;5;121m76.78[0m[38;5;159m FPS per env, [38;5;121m1[0m[38;5;159m envs).[0m
[38;5;159m[Genesis] [12:49:08] [INFO] Running at [38;5;121m76.80[0m[38;5;159m FPS ([38;5;121m76.80[0m[38;5;159m FPS per env, [38;5;121m1[0m[38;5;159m envs).[0m
[38;5;159m[Genesis] [12:49:08] [INFO] Running at [38;5;121m76.82[0m[38;5;159m FPS ([38;5;121m76.82[0m[38;5;159m FPS per env, [38;5;121m1[0m[38;5;159m envs).[0m
[38;5;159m[Genesis] [12:49:08] [INFO] Running at [38;5;121m76.84[0m[38;5;159m FPS ([38;5;121m76.84[0m[38;5;159m FPS per env, [38;5;121m1[0m[38;5;159m envs).[0m
[38;5;159m[Genesis] [12:49:09] [INFO] Running at [38;5;121m76.87[0m[38;5;159m FPS ([38;5;121m76.87[0m[38;5;159m FPS per env, [38;5;121m1[0m[38;5;159m envs).[0m
[38;5;159m[Genesis] [12:49:09] [INFO] Running at [38;5;121m76.89[0m[38;5;159m FPS ([38;5;121m76.89[0m[38;5;159m FPS per env, [38;5;121m1[0m[38;5;159m envs).[0m
[38;5;159m[Genesis] [12:49:09] [INFO] Running at [38;5;121m76.90[0m[38;5;159m FPS ([38;5;121m76.90[0m[38;5;159m FPS per env, [38;5;121m1[0m[38;5;159m envs).[0m
[38;5;159m[Genesis] [12:49:09] [INFO] Running at [38;5;121m76.89[0m[38;5;159m FPS ([38;5;121m76.89[0m[38;5;159m FPS per env, [38;5;121m1[0m[38;5;159m envs).[0m
[38;5;159m[Genesis] [12:49:09] [INFO] Running at [38;5;121m76.92[0m[38;5;159m FPS ([38;5;121m76.92[0m[38;5;159m FPS per env, [38;5;121m1[0m[38;5;159m envs).[0m
[38;5;159m[Genesis] [12:49:09] [INFO] Running at [38;5;121m76.89[0m[38;5;159m FPS ([38;5;121m76.89[0m[38;5;159m FPS per env, [38;5;121m1[0m[38;5;159m envs).[0m
[38;5;159m[Genesis] [12:49:09] [INFO] Running at [38;5;121m76.91[0m[38;5;159m FPS ([38;5;121m76.91[0m[38;5;159m FPS per env, [38;5;121m1[0m[38;5;159m envs).[0m
[38;5;159m[Genesis] [12:49:09] [INFO] Running at [38;5;121m76.91[0m[38;5;159m FPS ([38;5;121m76.91[0m[38;5;159m FPS per env, [38;5;121m1[0m[38;5;159m envs).[0m
[38;5;159m[Genesis] [12:49:09] [INFO] Running at [38;5;121m76.91[0m[38;5;159m FPS ([38;5;121m76.91[0m[38;5;159m FPS per env, [38;5;121m1[0m[38;5;159m envs).[0m
[38;5;159m[Genesis] [12:49:09] [INFO] Running at [38;5;121m76.93[0m[38;5;159m FPS ([38;5;121m76.93[0m[38;5;159m FPS per env, [38;5;121m1[0m[38;5;159m envs).[0m
[38;5;159m[Genesis] [12:49:09] [INFO] Running at [38;5;121m76.94[0m[38;5;159m FPS ([38;5;121m76.94[0m[38;5;159m FPS per env, [38;5;121m1[0m[38;5;159m envs).[0m
[38;5;159m[Genesis] [12:49:09] [INFO] Running at [38;5;121m76.95[0m[38;5;159m FPS ([38;5;121m76.95[0m[38;5;159m FPS per env, [38;5;121m1[0m[38;5;159m envs).[0m
[38;5;159m[Genesis] [12:49:09] [INFO] Running at [38;5;121m76.97[0m[38;5;159m FPS ([38;5;121m76.97[0m[38;5;159m FPS per env, [38;5;121m1[0m[38;5;159m envs).[0m
[38;5;159m[Genesis] [12:49:09] [INFO] Running at [38;5;121m76.97[0m[38;5;159m FPS ([38;5;121m76.97[0m[38;5;159m FPS per env, [38;5;121m1[0m[38;5;159m envs).[0m
[38;5;159m[Genesis] [12:49:09] [INFO] Running at [38;5;121m76.99[0m[38;5;159m FPS ([38;5;121m76.99[0m[38;5;159m FPS per env, [38;5;121m1[0m[38;5;159m envs).[0m
[38;5;159m[Genesis] [12:49:09] [INFO] Running at [38;5;121m76.83[0m[38;5;159m FPS ([38;5;121m76.83[0m[38;5;159m FPS per env, [38;5;121m1[0m[38;5;159m envs).[0m
[38;5;159m[Genesis] [12:49:09] [INFO] Running at [38;5;121m76.85[0m[38;5;159m FPS ([38;5;121m76.85[0m[38;5;159m FPS per env, [38;5;121m1[0m[38;5;159m envs).[0m
[38;5;159m[Genesis] [12:49:09] [INFO] Running at [38;5;121m76.90[0m[38;5;159m FPS ([38;5;121m76.90[0m[38;5;159m FPS per env, [38;5;121m1[0m[38;5;159m envs).[0m
[38;5;159m[Genesis] [12:49:09] [INFO] Running at [38;5;121m76.95[0m[38;5;159m FPS ([38;5;121m76.95[0m[38;5;159m FPS per env, [38;5;121m1[0m[38;5;159m envs).[0m
[38;5;159m[Genesis] [12:49:09] [INFO] Running at [38;5;121m76.99[0m[38;5;159m FPS ([38;5;121m76.99[0m[38;5;159m FPS per env, [38;5;121m1[0m[38;5;159m envs).[0m
[38;5;159m[Genesis] [12:49:10] [INFO] Running at [38;5;121m77.04[0m[38;5;159m FPS ([38;5;121m77.04[0m[38;5;159m FPS per env, [38;5;121m1[0m[38;5;159m envs).[0m
[38;5;159m[Genesis] [12:49:10] [INFO] Running at [38;5;121m77.09[0m[38;5;159m FPS ([38;5;121m77.09[0m[38;5;159m FPS per env, [38;5;121m1[0m[38;5;159m envs).[0m
[38;5;159m[Genesis] [12:49:10] [INFO] Running at [38;5;121m77.13[0m[38;5;159m FPS ([38;5;121m77.13[0m[38;5;159m FPS per env, [38;5;121m1[0m[38;5;159m envs).[0m
[38;5;159m[Genesis] [12:49:10] [INFO] Running at [38;5;121m77.16[0m[38;5;159m FPS ([38;5;121m77.16[0m[38;5;159m FPS per env, [38;5;121m1[0m[38;5;159m envs).[0m
[38;5;159m[Genesis] [12:49:10] [INFO] Running at [38;5;121m77.18[0m[38;5;159m FPS ([38;5;121m77.18[0m[38;5;159m FPS per env, [38;5;121m1[0m[38;5;159m envs).[0m
[38;5;159m[Genesis] [12:49:10] [INFO] Running at [38;5;121m77.22[0m[38;5;159m FPS ([38;5;121m77.22[0m[38;5;159m FPS per env, [38;5;121m1[0m[38;5;159m envs).[0m
[38;5;159m[Genesis] [12:49:10] [INFO] Running at [38;5;121m77.23[0m[38;5;159m FPS ([38;5;121m77.23[0m[38;5;159m FPS per env, [38;5;121m1[0m[38;5;159m envs).[0m
[38;5;159m[Genesis] [12:49:10] [INFO] Running at [38;5;121m77.26[0m[38;5;159m FPS ([38;5;121m77.26[0m[38;5;159m FPS per env, [38;5;121m1[0m[38;5;159m envs).[0m
[38;5;159m[Genesis] [12:49:10] [INFO] Running at [38;5;121m77.29[0m[38;5;159m FPS ([38;5;121m77.29[0m[38;5;159m FPS per env, [38;5;121m1[0m[38;5;159m envs).[0m
[38;5;159m[Genesis] [12:49:10] [INFO] Running at [38;5;121m77.31[0m[38;5;159m FPS ([38;5;121m77.31[0m[38;5;159m FPS per env, [38;5;121m1[0m[38;5;159m envs).[0m
[38;5;159m[Genesis] [12:49:10] [INFO] Running at [38;5;121m77.35[0m[38;5;159m FPS ([38;5;121m77.35[0m[38;5;159m FPS per env, [38;5;121m1[0m[38;5;159m envs).[0m
[38;5;159m[Genesis] [12:49:10] [INFO] Running at [38;5;121m77.37[0m[38;5;159m FPS ([38;5;121m77.37[0m[38;5;159m FPS per env, [38;5;121m1[0m[38;5;159m envs).[0m
[38;5;159m[Genesis] [12:49:10] [INFO] Running at [38;5;121m77.39[0m[38;5;159m FPS ([38;5;121m77.39[0m[38;5;159m FPS per env, [38;5;121m1[0m[38;5;159m envs).[0m
[38;5;159m[Genesis] [12:49:10] [INFO] Running at [38;5;121m77.38[0m[38;5;159m FPS ([38;5;121m77.38[0m[38;5;159m FPS per env, [38;5;121m1[0m[38;5;159m envs).[0m
[38;5;159m[Genesis] [12:49:10] [INFO] Running at [38;5;121m77.37[0m[38;5;159m FPS ([38;5;121m77.37[0m[38;5;159m FPS per env, [38;5;121m1[0m[38;5;159m envs).[0m
[38;5;159m[Genesis] [12:49:10] [INFO] Running at [38;5;121m77.39[0m[38;5;159m FPS ([38;5;121m77.39[0m[38;5;159m FPS per env, [38;5;121m1[0m[38;5;159m envs).[0m
[38;5;159m[Genesis] [12:49:10] [INFO] Running at [38;5;121m77.21[0m[38;5;159m FPS ([38;5;121m77.21[0m[38;5;159m FPS per env, [38;5;121m1[0m[38;5;159m envs).[0m
[38;5;159m[Genesis] [12:49:10] [INFO] Running at [38;5;121m77.22[0m[38;5;159m FPS ([38;5;121m77.22[0m[38;5;159m FPS per env, [38;5;121m1[0m[38;5;159m envs).[0m
[38;5;159m[Genesis] [12:49:10] [INFO] Running at [38;5;121m77.22[0m[38;5;159m FPS ([38;5;121m77.22[0m[38;5;159m FPS per env, [38;5;121m1[0m[38;5;159m envs).[0m
[38;5;159m[Genesis] [12:49:11] [INFO] Running at [38;5;121m77.23[0m[38;5;159m FPS ([38;5;121m77.23[0m[38;5;159m FPS per env, [38;5;121m1[0m[38;5;159m envs).[0m
[38;5;159m[Genesis] [12:49:11] [INFO] Running at [38;5;121m77.23[0m[38;5;159m FPS ([38;5;121m77.23[0m[38;5;159m FPS per env, [38;5;121m1[0m[38;5;159m envs).[0m
[38;5;159m[Genesis] [12:49:11] [INFO] Running at [38;5;121m77.25[0m[38;5;159m FPS ([38;5;121m77.25[0m[38;5;159m FPS per env, [38;5;121m1[0m[38;5;159m envs).[0m
[38;5;159m[Genesis] [12:49:11] [INFO] Running at [38;5;121m77.24[0m[38;5;159m FPS ([38;5;121m77.24[0m[38;5;159m FPS per env, [38;5;121m1[0m[38;5;159m envs).[0m
[38;5;159m[Genesis] [12:49:11] [INFO] Running at [38;5;121m77.24[0m[38;5;159m FPS ([38;5;121m77.24[0m[38;5;159m FPS per env, [38;5;121m1[0m[38;5;159m envs).[0m
[38;5;159m[Genesis] [12:49:11] [INFO] Running at [38;5;121m77.24[0m[38;5;159m FPS ([38;5;121m77.24[0m[38;5;159m FPS per env, [38;5;121m1[0m[38;5;159m envs).[0m
[38;5;159m[Genesis] [12:49:11] [INFO] Running at [38;5;121m77.26[0m[38;5;159m FPS ([38;5;121m77.26[0m[38;5;159m FPS per env, [38;5;121m1[0m[38;5;159m envs).[0m
[38;5;159m[Genesis] [12:49:11] [INFO] Running at [38;5;121m77.24[0m[38;5;159m FPS ([38;5;121m77.24[0m[38;5;159m FPS per env, [38;5;121m1[0m[38;5;159m envs).[0m
[38;5;159m[Genesis] [12:49:11] [INFO] Running at [38;5;121m77.24[0m[38;5;159m FPS ([38;5;121m77.24[0m[38;5;159m FPS per env, [38;5;121m1[0m[38;5;159m envs).[0m
[38;5;159m[Genesis] [12:49:11] [INFO] Running at [38;5;121m77.24[0m[38;5;159m FPS ([38;5;121m77.24[0m[38;5;159m FPS per env, [38;5;121m1[0m[38;5;159m envs).[0m
[38;5;159m[Genesis] [12:49:11] [INFO] Running at [38;5;121m77.24[0m[38;5;159m FPS ([38;5;121m77.24[0m[38;5;159m FPS per env, [38;5;121m1[0m[38;5;159m envs).[0m
[38;5;159m[Genesis] [12:49:11] [INFO] Running at [38;5;121m77.24[0m[38;5;159m FPS ([38;5;121m77.24[0m[38;5;159m FPS per env, [38;5;121m1[0m[38;5;159m envs).[0m
[38;5;159m[Genesis] [12:49:11] [INFO] Running at [38;5;121m77.25[0m[38;5;159m FPS ([38;5;121m77.25[0m[38;5;159m FPS per env, [38;5;121m1[0m[38;5;159m envs).[0m
fps 50
[38;5;159m[Genesis] [12:49:11] [INFO] Saving video to [38;5;121m"test_5000_8.0_behind.mp4"[0m[38;5;159m...[0m
[38;5;159m[Genesis] [12:49:13] [INFO] Video saved.[0m
[38;5;159m[Genesis] [12:49:13] [INFO] Saving video to [38;5;121m"test_5000_8.0_side.mp4"[0m[38;5;159m...[0m
[38;5;159m[Genesis] [12:49:16] [INFO] Video saved.[0m
Saved recordings for checkpoint 5000.
Final yaw-rate error: 7.37 deg/s
[38;5;159m[Genesis] [12:49:16] [INFO] 💤 Exiting Genesis and caching compiled kernels...[0m
