[38;5;159m[Genesis] [12:22:28] [INFO] [38;5;121m╭───────────────────────────────────────────────╮[0m[38;5;159m[0m
[38;5;159m[Genesis] [12:22:28] [INFO] [38;5;121m│┈┉┈┉┈┉┈┉┈┉┈┉┈┉┈┉┈┉┈[0m[38;5;159m [38;5;121m[1m[3mGenesis[0m[38;5;159m [38;5;121m┈┉┈┉┈┉┈┉┈┉┈┉┈┉┈┉┈┉┈│[0m[38;5;159m[0m
[38;5;159m[Genesis] [12:22:28] [INFO] [38;5;121m╰───────────────────────────────────────────────╯[0m[38;5;159m[0m
[38;5;159m[Genesis] [12:22:28] [INFO] Running on [38;5;121m[4m[NVIDIA GeForce RTX 5090][0m[38;5;159m with backend [38;5;121m[4mgs.cuda[0m[38;5;159m. Device memory: [38;5;121m[4m31.36[0m[38;5;159m GB.[0m
[38;5;159m[Genesis] [12:22:28] [INFO] 🚀 Genesis initialized. 🔖 version: [38;5;121m[4m0.4.7[0m[38;5;159m, 🎨 theme: [38;5;121m[4mdark[0m[38;5;159m, 🌱 seed: [38;5;121m[4mNone[0m[38;5;159m, 🐛 debug: [38;5;121m[4mFalse[0m[38;5;159m, 📏 precision: [38;5;121m[4m32[0m[38;5;159m, 🔥 performance: [38;5;121m[4mFalse[0m[38;5;159m, 💬 verbose: [38;5;121m[4mINFO[0m[38;5;159m[0m
[38;5;226m[Genesis] [12:22:31] [WARNING] Viewer option 'n_rendered_envs' is deprecated and will be removed in a future release. Please use 'rendered_envs_idx' instead.[0m
[38;5;159m[Genesis] [12:22:31] [INFO] Scene [38;5;121m[3m<be6cd33>[0m[38;5;159m created.[0m
[38;5;159m[Genesis] [12:22:31] [INFO] Adding [38;5;121m<gs.engine.entities.RigidEntity>[0m[38;5;159m. idx: [38;5;121m0[0m[38;5;159m, uid: [38;5;121m[3m<5c9468e>[0m[38;5;159m, morph: [38;5;121m<gs.morphs.Plane>[0m[38;5;159m, material: [38;5;121m<gs.materials.Rigid>[0m[38;5;159m.[0m
[38;5;159m[Genesis] [12:22:31] [INFO] Adding [38;5;121m<gs.engine.entities.RigidEntity>[0m[38;5;159m. idx: [38;5;121m1[0m[38;5;159m, uid: [38;5;121m[3m<a75197d>[0m[38;5;159m, morph: [38;5;121m<gs.morphs.URDF(file='/home/jfriesen/.local/lib/python3.12/site-packages/genesis/assets/urdf/go2/urdf/go2.urdf')>[0m[38;5;159m, material: [38;5;121m<gs.materials.Rigid>[0m[38;5;159m.[0m
[38;5;159m[Genesis] [12:22:34] [INFO] Building scene [38;5;121m[3m<be6cd33>[0m[38;5;159m...[0m
[38;5;226m[Genesis] [12:22:35] [WARNING] Neutral robot position (qpos0) exceeds joint limits.[0m
[38;5;159m[Genesis] [12:22:35] [INFO] Compiling simulation kernels...[0m
[38;5;159m[Genesis] [12:22:36] [INFO] Building visualizer...[0m
[38;5;226m[Genesis] [12:22:37] [WARNING] This property is deprecated and will be removed in future release. Please use 'dofs_idx_local' instead.[0m
[38;5;226m[Genesis] [12:22:37] [WARNING] This property is deprecated and will be removed in future release. Please use 'dofs_idx_local' instead.[0m
[38;5;226m[Genesis] [12:22:37] [WARNING] This property is deprecated and will be removed in future release. Please use 'dofs_idx_local' instead.[0m
[38;5;226m[Genesis] [12:22:37] [WARNING] This property is deprecated and will be removed in future release. Please use 'dofs_idx_local' instead.[0m
[38;5;226m[Genesis] [12:22:37] [WARNING] This property is deprecated and will be removed in future release. Please use 'dofs_idx_local' instead.[0m
[38;5;226m[Genesis] [12:22:37] [WARNING] This property is deprecated and will be removed in future release. Please use 'dofs_idx_local' instead.[0m
[38;5;226m[Genesis] [12:22:37] [WARNING] This property is deprecated and will be removed in future release. Please use 'dofs_idx_local' instead.[0m
[38;5;226m[Genesis] [12:22:37] [WARNING] This property is deprecated and will be removed in future release. Please use 'dofs_idx_local' instead.[0m
[38;5;226m[Genesis] [12:22:37] [WARNING] This property is deprecated and will be removed in future release. Please use 'dofs_idx_local' instead.[0m
[38;5;226m[Genesis] [12:22:37] [WARNING] This property is deprecated and will be removed in future release. Please use 'dofs_idx_local' instead.[0m
[38;5;226m[Genesis] [12:22:37] [WARNING] This property is deprecated and will be removed in future release. Please use 'dofs_idx_local' instead.[0m
[38;5;226m[Genesis] [12:22:37] [WARNING] This property is deprecated and will be removed in future release. Please use 'dofs_idx_local' instead.[0m
/home/jfriesen/.local/lib/python3.12/site-packages/torch/utils/_device.py:122: UserWarning: To copy construct from a tensor, it is recommended to use sourceTensor.detach().clone() or sourceTensor.detach().clone().requires_grad_(True), rather than torch.tensor(sourceTensor).
  return func(*args, **kwargs)
Actor MLP: Sequential(
  (0): Linear(in_features=51, out_features=512, bias=True)
  (1): ELU(alpha=1.0)
  (2): Linear(in_features=512, out_features=256, bias=True)
  (3): ELU(alpha=1.0)
  (4): Linear(in_features=256, out_features=128, bias=True)
  (5): ELU(alpha=1.0)
  (6): Linear(in_features=128, out_features=12, bias=True)
)
Critic MLP: Sequential(
  (0): Linear(in_features=75, out_features=512, bias=True)
  (1): ELU(alpha=1.0)
  (2): Linear(in_features=512, out_features=256, bias=True)
  (3): ELU(alpha=1.0)
  (4): Linear(in_features=256, out_features=128, bias=True)
  (5): ELU(alpha=1.0)
  (6): Linear(in_features=128, out_features=1, bias=True)
)
[38;5;159m[Genesis] [12:22:39] [INFO] Running at [38;5;121m1.63[0m[38;5;159m FPS ([38;5;121m1.63[0m[38;5;159m FPS per env, [38;5;121m1[0m[38;5;159m envs).[0m
[38;5;159m[Genesis] [12:22:39] [INFO] Running at [38;5;121m11.85[0m[38;5;159m FPS ([38;5;121m11.85[0m[38;5;159m FPS per env, [38;5;121m1[0m[38;5;159m envs).[0m
[38;5;159m[Genesis] [12:22:39] [INFO] Running at [38;5;121m77.11[0m[38;5;159m FPS ([38;5;121m77.11[0m[38;5;159m FPS per env, [38;5;121m1[0m[38;5;159m envs).[0m
[38;5;159m[Genesis] [12:22:40] [INFO] Running at [38;5;121m76.96[0m[38;5;159m FPS ([38;5;121m76.96[0m[38;5;159m FPS per env, [38;5;121m1[0m[38;5;159m envs).[0m
[38;5;159m[Genesis] [12:22:40] [INFO] Running at [38;5;121m77.00[0m[38;5;159m FPS ([38;5;121m77.00[0m[38;5;159m FPS per env, [38;5;121m1[0m[38;5;159m envs).[0m
[38;5;159m[Genesis] [12:22:40] [INFO] Running at [38;5;121m77.05[0m[38;5;159m FPS ([38;5;121m77.05[0m[38;5;159m FPS per env, [38;5;121m1[0m[38;5;159m envs).[0m
[38;5;159m[Genesis] [12:22:40] [INFO] Running at [38;5;121m77.12[0m[38;5;159m FPS ([38;5;121m77.12[0m[38;5;159m FPS per env, [38;5;121m1[0m[38;5;159m envs).[0m
[38;5;159m[Genesis] [12:22:40] [INFO] Running at [38;5;121m77.20[0m[38;5;159m FPS ([38;5;121m77.20[0m[38;5;159m FPS per env, [38;5;121m1[0m[38;5;159m envs).[0m
[38;5;159m[Genesis] [12:22:40] [INFO] Running at [38;5;121m77.25[0m[38;5;159m FPS ([38;5;121m77.25[0m[38;5;159m FPS per env, [38;5;121m1[0m[38;5;159m envs).[0m
[38;5;159m[Genesis] [12:22:40] [INFO] Running at [38;5;121m77.30[0m[38;5;159m FPS ([38;5;121m77.30[0m[38;5;159m FPS per env, [38;5;121m1[0m[38;5;159m envs).[0m
[38;5;159m[Genesis] [12:22:40] [INFO] Running at [38;5;121m77.34[0m[38;5;159m FPS ([38;5;121m77.34[0m[38;5;159m FPS per env, [38;5;121m1[0m[38;5;159m envs).[0m
[38;5;159m[Genesis] [12:22:40] [INFO] Running at [38;5;121m77.40[0m[38;5;159m FPS ([38;5;121m77.40[0m[38;5;159m FPS per env, [38;5;121m1[0m[38;5;159m envs).[0m
[38;5;159m[Genesis] [12:22:40] [INFO] Running at [38;5;121m76.92[0m[38;5;159m FPS ([38;5;121m76.92[0m[38;5;159m FPS per env, [38;5;121m1[0m[38;5;159m envs).[0m
[38;5;159m[Genesis] [12:22:40] [INFO] Running at [38;5;121m76.42[0m[38;5;159m FPS ([38;5;121m76.42[0m[38;5;159m FPS per env, [38;5;121m1[0m[38;5;159m envs).[0m
[38;5;159m[Genesis] [12:22:40] [INFO] Running at [38;5;121m76.55[0m[38;5;159m FPS ([38;5;121m76.55[0m[38;5;159m FPS per env, [38;5;121m1[0m[38;5;159m envs).[0m
[38;5;159m[Genesis] [12:22:40] [INFO] Running at [38;5;121m76.65[0m[38;5;159m FPS ([38;5;121m76.65[0m[38;5;159m FPS per env, [38;5;121m1[0m[38;5;159m envs).[0m
[38;5;159m[Genesis] [12:22:40] [INFO] Running at [38;5;121m76.75[0m[38;5;159m FPS ([38;5;121m76.75[0m[38;5;159m FPS per env, [38;5;121m1[0m[38;5;159m envs).[0m
[38;5;159m[Genesis] [12:22:40] [INFO] Running at [38;5;121m76.85[0m[38;5;159m FPS ([38;5;121m76.85[0m[38;5;159m FPS per env, [38;5;121m1[0m[38;5;159m envs).[0m
[38;5;159m[Genesis] [12:22:40] [INFO] Running at [38;5;121m76.95[0m[38;5;159m FPS ([38;5;121m76.95[0m[38;5;159m FPS per env, [38;5;121m1[0m[38;5;159m envs).[0m
[38;5;159m[Genesis] [12:22:40] [INFO] Running at [38;5;121m77.04[0m[38;5;159m FPS ([38;5;121m77.04[0m[38;5;159m FPS per env, [38;5;121m1[0m[38;5;159m envs).[0m
[38;5;159m[Genesis] [12:22:40] [INFO] Running at [38;5;121m77.13[0m[38;5;159m FPS ([38;5;121m77.13[0m[38;5;159m FPS per env, [38;5;121m1[0m[38;5;159m envs).[0m
[38;5;159m[Genesis] [12:22:40] [INFO] Running at [38;5;121m77.21[0m[38;5;159m FPS ([38;5;121m77.21[0m[38;5;159m FPS per env, [38;5;121m1[0m[38;5;159m envs).[0m
[38;5;159m[Genesis] [12:22:41] [INFO] Running at [38;5;121m77.11[0m[38;5;159m FPS ([38;5;121m77.11[0m[38;5;159m FPS per env, [38;5;121m1[0m[38;5;159m envs).[0m
[38;5;159m[Genesis] [12:22:41] [INFO] Running at [38;5;121m77.19[0m[38;5;159m FPS ([38;5;121m77.19[0m[38;5;159m FPS per env, [38;5;121m1[0m[38;5;159m envs).[0m
[38;5;159m[Genesis] [12:22:41] [INFO] Running at [38;5;121m77.27[0m[38;5;159m FPS ([38;5;121m77.27[0m[38;5;159m FPS per env, [38;5;121m1[0m[38;5;159m envs).[0m
[38;5;159m[Genesis] [12:22:41] [INFO] Running at [38;5;121m77.33[0m[38;5;159m FPS ([38;5;121m77.33[0m[38;5;159m FPS per env, [38;5;121m1[0m[38;5;159m envs).[0m
[38;5;159m[Genesis] [12:22:41] [INFO] Running at [38;5;121m77.39[0m[38;5;159m FPS ([38;5;121m77.39[0m[38;5;159m FPS per env, [38;5;121m1[0m[38;5;159m envs).[0m
[38;5;159m[Genesis] [12:22:41] [INFO] Running at [38;5;121m77.46[0m[38;5;159m FPS ([38;5;121m77.46[0m[38;5;159m FPS per env, [38;5;121m1[0m[38;5;159m envs).[0m
[38;5;159m[Genesis] [12:22:41] [INFO] Running at [38;5;121m77.53[0m[38;5;159m FPS ([38;5;121m77.53[0m[38;5;159m FPS per env, [38;5;121m1[0m[38;5;159m envs).[0m
[38;5;159m[Genesis] [12:22:41] [INFO] Running at [38;5;121m77.56[0m[38;5;159m FPS ([38;5;121m77.56[0m[38;5;159m FPS per env, [38;5;121m1[0m[38;5;159m envs).[0m
[38;5;159m[Genesis] [12:22:41] [INFO] Running at [38;5;121m77.62[0m[38;5;159m FPS ([38;5;121m77.62[0m[38;5;159m FPS per env, [38;5;121m1[0m[38;5;159m envs).[0m
[38;5;159m[Genesis] [12:22:41] [INFO] Running at [38;5;121m77.66[0m[38;5;159m FPS ([38;5;121m77.66[0m[38;5;159m FPS per env, [38;5;121m1[0m[38;5;159m envs).[0m
[38;5;159m[Genesis] [12:22:41] [INFO] Running at [38;5;121m77.72[0m[38;5;159m FPS ([38;5;121m77.72[0m[38;5;159m FPS per env, [38;5;121m1[0m[38;5;159m envs).[0m
[38;5;159m[Genesis] [12:22:41] [INFO] Running at [38;5;121m77.77[0m[38;5;159m FPS ([38;5;121m77.77[0m[38;5;159m FPS per env, [38;5;121m1[0m[38;5;159m envs).[0m
[38;5;159m[Genesis] [12:22:41] [INFO] Running at [38;5;121m77.82[0m[38;5;159m FPS ([38;5;121m77.82[0m[38;5;159m FPS per env, [38;5;121m1[0m[38;5;159m envs).[0m
[38;5;159m[Genesis] [12:22:41] [INFO] Running at [38;5;121m77.87[0m[38;5;159m FPS ([38;5;121m77.87[0m[38;5;159m FPS per env, [38;5;121m1[0m[38;5;159m envs).[0m
[38;5;159m[Genesis] [12:22:41] [INFO] Running at [38;5;121m77.90[0m[38;5;159m FPS ([38;5;121m77.90[0m[38;5;159m FPS per env, [38;5;121m1[0m[38;5;159m envs).[0m
[38;5;159m[Genesis] [12:22:41] [INFO] Running at [38;5;121m77.95[0m[38;5;159m FPS ([38;5;121m77.95[0m[38;5;159m FPS per env, [38;5;121m1[0m[38;5;159m envs).[0m
[38;5;159m[Genesis] [12:22:41] [INFO] Running at [38;5;121m77.96[0m[38;5;159m FPS ([38;5;121m77.96[0m[38;5;159m FPS per env, [38;5;121m1[0m[38;5;159m envs).[0m
[38;5;159m[Genesis] [12:22:41] [INFO] Running at [38;5;121m78.01[0m[38;5;159m FPS ([38;5;121m78.01[0m[38;5;159m FPS per env, [38;5;121m1[0m[38;5;159m envs).[0m
[38;5;159m[Genesis] [12:22:41] [INFO] Running at [38;5;121m78.06[0m[38;5;159m FPS ([38;5;121m78.06[0m[38;5;159m FPS per env, [38;5;121m1[0m[38;5;159m envs).[0m
[38;5;159m[Genesis] [12:22:41] [INFO] Running at [38;5;121m78.08[0m[38;5;159m FPS ([38;5;121m78.08[0m[38;5;159m FPS per env, [38;5;121m1[0m[38;5;159m envs).[0m
[38;5;159m[Genesis] [12:22:42] [INFO] Running at [38;5;121m78.12[0m[38;5;159m FPS ([38;5;121m78.12[0m[38;5;159m FPS per env, [38;5;121m1[0m[38;5;159m envs).[0m
[38;5;159m[Genesis] [12:22:42] [INFO] Running at [38;5;121m77.98[0m[38;5;159m FPS ([38;5;121m77.98[0m[38;5;159m FPS per env, [38;5;121m1[0m[38;5;159m envs).[0m
[38;5;159m[Genesis] [12:22:42] [INFO] Running at [38;5;121m78.01[0m[38;5;159m FPS ([38;5;121m78.01[0m[38;5;159m FPS per env, [38;5;121m1[0m[38;5;159m envs).[0m
[38;5;159m[Genesis] [12:22:42] [INFO] Running at [38;5;121m78.04[0m[38;5;159m FPS ([38;5;121m78.04[0m[38;5;159m FPS per env, [38;5;121m1[0m[38;5;159m envs).[0m
[38;5;159m[Genesis] [12:22:42] [INFO] Running at [38;5;121m78.06[0m[38;5;159m FPS ([38;5;121m78.06[0m[38;5;159m FPS per env, [38;5;121m1[0m[38;5;159m envs).[0m
[38;5;159m[Genesis] [12:22:42] [INFO] Running at [38;5;121m78.11[0m[38;5;159m FPS ([38;5;121m78.11[0m[38;5;159m FPS per env, [38;5;121m1[0m[38;5;159m envs).[0m
[38;5;159m[Genesis] [12:22:42] [INFO] Running at [38;5;121m78.12[0m[38;5;159m FPS ([38;5;121m78.12[0m[38;5;159m FPS per env, [38;5;121m1[0m[38;5;159m envs).[0m
[38;5;159m[Genesis] [12:22:42] [INFO] Running at [38;5;121m78.14[0m[38;5;159m FPS ([38;5;121m78.14[0m[38;5;159m FPS per env, [38;5;121m1[0m[38;5;159m envs).[0m
[38;5;159m[Genesis] [12:22:42] [INFO] Running at [38;5;121m78.16[0m[38;5;159m FPS ([38;5;121m78.16[0m[38;5;159m FPS per env, [38;5;121m1[0m[38;5;159m envs).[0m
[38;5;159m[Genesis] [12:22:42] [INFO] Running at [38;5;121m78.18[0m[38;5;159m FPS ([38;5;121m78.18[0m[38;5;159m FPS per env, [38;5;121m1[0m[38;5;159m envs).[0m
[38;5;159m[Genesis] [12:22:42] [INFO] Running at [38;5;121m78.21[0m[38;5;159m FPS ([38;5;121m78.21[0m[38;5;159m FPS per env, [38;5;121m1[0m[38;5;159m envs).[0m
[38;5;159m[Genesis] [12:22:42] [INFO] Running at [38;5;121m78.23[0m[38;5;159m FPS ([38;5;121m78.23[0m[38;5;159m FPS per env, [38;5;121m1[0m[38;5;159m envs).[0m
[38;5;159m[Genesis] [12:22:42] [INFO] Running at [38;5;121m78.26[0m[38;5;159m FPS ([38;5;121m78.26[0m[38;5;159m FPS per env, [38;5;121m1[0m[38;5;159m envs).[0m
[38;5;159m[Genesis] [12:22:42] [INFO] Running at [38;5;121m78.29[0m[38;5;159m FPS ([38;5;121m78.29[0m[38;5;159m FPS per env, [38;5;121m1[0m[38;5;159m envs).[0m
[38;5;159m[Genesis] [12:22:42] [INFO] Running at [38;5;121m78.31[0m[38;5;159m FPS ([38;5;121m78.31[0m[38;5;159m FPS per env, [38;5;121m1[0m[38;5;159m envs).[0m
[38;5;159m[Genesis] [12:22:42] [INFO] Running at [38;5;121m78.33[0m[38;5;159m FPS ([38;5;121m78.33[0m[38;5;159m FPS per env, [38;5;121m1[0m[38;5;159m envs).[0m
[38;5;159m[Genesis] [12:22:42] [INFO] Running at [38;5;121m78.34[0m[38;5;159m FPS ([38;5;121m78.34[0m[38;5;159m FPS per env, [38;5;121m1[0m[38;5;159m envs).[0m
[38;5;159m[Genesis] [12:22:42] [INFO] Running at [38;5;121m78.37[0m[38;5;159m FPS ([38;5;121m78.37[0m[38;5;159m FPS per env, [38;5;121m1[0m[38;5;159m envs).[0m
[38;5;159m[Genesis] [12:22:42] [INFO] Running at [38;5;121m78.38[0m[38;5;159m FPS ([38;5;121m78.38[0m[38;5;159m FPS per env, [38;5;121m1[0m[38;5;159m envs).[0m
[38;5;159m[Genesis] [12:22:42] [INFO] Running at [38;5;121m78.39[0m[38;5;159m FPS ([38;5;121m78.39[0m[38;5;159m FPS per env, [38;5;121m1[0m[38;5;159m envs).[0m
[38;5;159m[Genesis] [12:22:43] [INFO] Running at [38;5;121m78.40[0m[38;5;159m FPS ([38;5;121m78.40[0m[38;5;159m FPS per env, [38;5;121m1[0m[38;5;159m envs).[0m
[38;5;159m[Genesis] [12:22:43] [INFO] Running at [38;5;121m78.42[0m[38;5;159m FPS ([38;5;121m78.42[0m[38;5;159m FPS per env, [38;5;121m1[0m[38;5;159m envs).[0m
[38;5;159m[Genesis] [12:22:43] [INFO] Running at [38;5;121m78.43[0m[38;5;159m FPS ([38;5;121m78.43[0m[38;5;159m FPS per env, [38;5;121m1[0m[38;5;159m envs).[0m
[38;5;159m[Genesis] [12:22:43] [INFO] Running at [38;5;121m78.26[0m[38;5;159m FPS ([38;5;121m78.26[0m[38;5;159m FPS per env, [38;5;121m1[0m[38;5;159m envs).[0m
[38;5;159m[Genesis] [12:22:43] [INFO] Running at [38;5;121m78.26[0m[38;5;159m FPS ([38;5;121m78.26[0m[38;5;159m FPS per env, [38;5;121m1[0m[38;5;159m envs).[0m
[38;5;159m[Genesis] [12:22:43] [INFO] Running at [38;5;121m78.26[0m[38;5;159m FPS ([38;5;121m78.26[0m[38;5;159m FPS per env, [38;5;121m1[0m[38;5;159m envs).[0m
[38;5;159m[Genesis] [12:22:43] [INFO] Running at [38;5;121m78.25[0m[38;5;159m FPS ([38;5;121m78.25[0m[38;5;159m FPS per env, [38;5;121m1[0m[38;5;159m envs).[0m
[38;5;159m[Genesis] [12:22:43] [INFO] Running at [38;5;121m78.27[0m[38;5;159m FPS ([38;5;121m78.27[0m[38;5;159m FPS per env, [38;5;121m1[0m[38;5;159m envs).[0m
[38;5;159m[Genesis] [12:22:43] [INFO] Running at [38;5;121m78.29[0m[38;5;159m FPS ([38;5;121m78.29[0m[38;5;159m FPS per env, [38;5;121m1[0m[38;5;159m envs).[0m
[38;5;159m[Genesis] [12:22:43] [INFO] Running at [38;5;121m78.31[0m[38;5;159m FPS ([38;5;121m78.31[0m[38;5;159m FPS per env, [38;5;121m1[0m[38;5;159m envs).[0m
[38;5;159m[Genesis] [12:22:43] [INFO] Running at [38;5;121m78.33[0m[38;5;159m FPS ([38;5;121m78.33[0m[38;5;159m FPS per env, [38;5;121m1[0m[38;5;159m envs).[0m
[38;5;159m[Genesis] [12:22:43] [INFO] Running at [38;5;121m78.34[0m[38;5;159m FPS ([38;5;121m78.34[0m[38;5;159m FPS per env, [38;5;121m1[0m[38;5;159m envs).[0m
[38;5;159m[Genesis] [12:22:43] [INFO] Running at [38;5;121m78.36[0m[38;5;159m FPS ([38;5;121m78.36[0m[38;5;159m FPS per env, [38;5;121m1[0m[38;5;159m envs).[0m
[38;5;159m[Genesis] [12:22:43] [INFO] Running at [38;5;121m78.38[0m[38;5;159m FPS ([38;5;121m78.38[0m[38;5;159m FPS per env, [38;5;121m1[0m[38;5;159m envs).[0m
[38;5;159m[Genesis] [12:22:43] [INFO] Running at [38;5;121m78.40[0m[38;5;159m FPS ([38;5;121m78.40[0m[38;5;159m FPS per env, [38;5;121m1[0m[38;5;159m envs).[0m
[38;5;159m[Genesis] [12:22:43] [INFO] Running at [38;5;121m78.40[0m[38;5;159m FPS ([38;5;121m78.40[0m[38;5;159m FPS per env, [38;5;121m1[0m[38;5;159m envs).[0m
[38;5;159m[Genesis] [12:22:43] [INFO] Running at [38;5;121m78.41[0m[38;5;159m FPS ([38;5;121m78.41[0m[38;5;159m FPS per env, [38;5;121m1[0m[38;5;159m envs).[0m
[38;5;159m[Genesis] [12:22:43] [INFO] Running at [38;5;121m78.44[0m[38;5;159m FPS ([38;5;121m78.44[0m[38;5;159m FPS per env, [38;5;121m1[0m[38;5;159m envs).[0m
[38;5;159m[Genesis] [12:22:43] [INFO] Running at [38;5;121m78.46[0m[38;5;159m FPS ([38;5;121m78.46[0m[38;5;159m FPS per env, [38;5;121m1[0m[38;5;159m envs).[0m
[38;5;159m[Genesis] [12:22:44] [INFO] Running at [38;5;121m78.47[0m[38;5;159m FPS ([38;5;121m78.47[0m[38;5;159m FPS per env, [38;5;121m1[0m[38;5;159m envs).[0m
[38;5;159m[Genesis] [12:22:44] [INFO] Running at [38;5;121m78.49[0m[38;5;159m FPS ([38;5;121m78.49[0m[38;5;159m FPS per env, [38;5;121m1[0m[38;5;159m envs).[0m
[38;5;159m[Genesis] [12:22:44] [INFO] Running at [38;5;121m78.51[0m[38;5;159m FPS ([38;5;121m78.51[0m[38;5;159m FPS per env, [38;5;121m1[0m[38;5;159m envs).[0m
[38;5;159m[Genesis] [12:22:44] [INFO] Running at [38;5;121m78.27[0m[38;5;159m FPS ([38;5;121m78.27[0m[38;5;159m FPS per env, [38;5;121m1[0m[38;5;159m envs).[0m
[38;5;159m[Genesis] [12:22:44] [INFO] Running at [38;5;121m77.65[0m[38;5;159m FPS ([38;5;121m77.65[0m[38;5;159m FPS per env, [38;5;121m1[0m[38;5;159m envs).[0m
[38;5;159m[Genesis] [12:22:44] [INFO] Running at [38;5;121m77.05[0m[38;5;159m FPS ([38;5;121m77.05[0m[38;5;159m FPS per env, [38;5;121m1[0m[38;5;159m envs).[0m
[38;5;159m[Genesis] [12:22:44] [INFO] Running at [38;5;121m76.64[0m[38;5;159m FPS ([38;5;121m76.64[0m[38;5;159m FPS per env, [38;5;121m1[0m[38;5;159m envs).[0m
[38;5;159m[Genesis] [12:22:44] [INFO] Running at [38;5;121m76.26[0m[38;5;159m FPS ([38;5;121m76.26[0m[38;5;159m FPS per env, [38;5;121m1[0m[38;5;159m envs).[0m
[38;5;159m[Genesis] [12:22:44] [INFO] Running at [38;5;121m75.92[0m[38;5;159m FPS ([38;5;121m75.92[0m[38;5;159m FPS per env, [38;5;121m1[0m[38;5;159m envs).[0m
[38;5;159m[Genesis] [12:22:44] [INFO] Running at [38;5;121m75.60[0m[38;5;159m FPS ([38;5;121m75.60[0m[38;5;159m FPS per env, [38;5;121m1[0m[38;5;159m envs).[0m
[38;5;159m[Genesis] [12:22:44] [INFO] Running at [38;5;121m75.53[0m[38;5;159m FPS ([38;5;121m75.53[0m[38;5;159m FPS per env, [38;5;121m1[0m[38;5;159m envs).[0m
[38;5;159m[Genesis] [12:22:44] [INFO] Running at [38;5;121m75.70[0m[38;5;159m FPS ([38;5;121m75.70[0m[38;5;159m FPS per env, [38;5;121m1[0m[38;5;159m envs).[0m
[38;5;159m[Genesis] [12:22:44] [INFO] Running at [38;5;121m75.86[0m[38;5;159m FPS ([38;5;121m75.86[0m[38;5;159m FPS per env, [38;5;121m1[0m[38;5;159m envs).[0m
[38;5;159m[Genesis] [12:22:44] [INFO] Running at [38;5;121m76.01[0m[38;5;159m FPS ([38;5;121m76.01[0m[38;5;159m FPS per env, [38;5;121m1[0m[38;5;159m envs).[0m
[38;5;159m[Genesis] [12:22:44] [INFO] Running at [38;5;121m75.86[0m[38;5;159m FPS ([38;5;121m75.86[0m[38;5;159m FPS per env, [38;5;121m1[0m[38;5;159m envs).[0m
[38;5;159m[Genesis] [12:22:44] [INFO] Running at [38;5;121m75.53[0m[38;5;159m FPS ([38;5;121m75.53[0m[38;5;159m FPS per env, [38;5;121m1[0m[38;5;159m envs).[0m
[38;5;159m[Genesis] [12:22:44] [INFO] Running at [38;5;121m75.23[0m[38;5;159m FPS ([38;5;121m75.23[0m[38;5;159m FPS per env, [38;5;121m1[0m[38;5;159m envs).[0m
[38;5;159m[Genesis] [12:22:44] [INFO] Running at [38;5;121m74.95[0m[38;5;159m FPS ([38;5;121m74.95[0m[38;5;159m FPS per env, [38;5;121m1[0m[38;5;159m envs).[0m
[38;5;159m[Genesis] [12:22:44] [INFO] Running at [38;5;121m75.13[0m[38;5;159m FPS ([38;5;121m75.13[0m[38;5;159m FPS per env, [38;5;121m1[0m[38;5;159m envs).[0m
[38;5;159m[Genesis] [12:22:45] [INFO] Running at [38;5;121m75.30[0m[38;5;159m FPS ([38;5;121m75.30[0m[38;5;159m FPS per env, [38;5;121m1[0m[38;5;159m envs).[0m
[38;5;159m[Genesis] [12:22:45] [INFO] Running at [38;5;121m75.44[0m[38;5;159m FPS ([38;5;121m75.44[0m[38;5;159m FPS per env, [38;5;121m1[0m[38;5;159m envs).[0m
[38;5;159m[Genesis] [12:22:45] [INFO] Running at [38;5;121m75.60[0m[38;5;159m FPS ([38;5;121m75.60[0m[38;5;159m FPS per env, [38;5;121m1[0m[38;5;159m envs).[0m
[38;5;159m[Genesis] [12:22:45] [INFO] Running at [38;5;121m75.75[0m[38;5;159m FPS ([38;5;121m75.75[0m[38;5;159m FPS per env, [38;5;121m1[0m[38;5;159m envs).[0m
[38;5;159m[Genesis] [12:22:45] [INFO] Running at [38;5;121m75.90[0m[38;5;159m FPS ([38;5;121m75.90[0m[38;5;159m FPS per env, [38;5;121m1[0m[38;5;159m envs).[0m
[38;5;159m[Genesis] [12:22:45] [INFO] Running at [38;5;121m76.04[0m[38;5;159m FPS ([38;5;121m76.04[0m[38;5;159m FPS per env, [38;5;121m1[0m[38;5;159m envs).[0m
[38;5;159m[Genesis] [12:22:45] [INFO] Running at [38;5;121m76.04[0m[38;5;159m FPS ([38;5;121m76.04[0m[38;5;159m FPS per env, [38;5;121m1[0m[38;5;159m envs).[0m
[38;5;159m[Genesis] [12:22:45] [INFO] Running at [38;5;121m75.53[0m[38;5;159m FPS ([38;5;121m75.53[0m[38;5;159m FPS per env, [38;5;121m1[0m[38;5;159m envs).[0m
[38;5;159m[Genesis] [12:22:45] [INFO] Running at [38;5;121m75.23[0m[38;5;159m FPS ([38;5;121m75.23[0m[38;5;159m FPS per env, [38;5;121m1[0m[38;5;159m envs).[0m
[38;5;159m[Genesis] [12:22:45] [INFO] Running at [38;5;121m74.95[0m[38;5;159m FPS ([38;5;121m74.95[0m[38;5;159m FPS per env, [38;5;121m1[0m[38;5;159m envs).[0m
[38;5;159m[Genesis] [12:22:45] [INFO] Running at [38;5;121m75.02[0m[38;5;159m FPS ([38;5;121m75.02[0m[38;5;159m FPS per env, [38;5;121m1[0m[38;5;159m envs).[0m
[38;5;159m[Genesis] [12:22:45] [INFO] Running at [38;5;121m75.18[0m[38;5;159m FPS ([38;5;121m75.18[0m[38;5;159m FPS per env, [38;5;121m1[0m[38;5;159m envs).[0m
[38;5;159m[Genesis] [12:22:45] [INFO] Running at [38;5;121m75.34[0m[38;5;159m FPS ([38;5;121m75.34[0m[38;5;159m FPS per env, [38;5;121m1[0m[38;5;159m envs).[0m
[38;5;159m[Genesis] [12:22:45] [INFO] Running at [38;5;121m75.51[0m[38;5;159m FPS ([38;5;121m75.51[0m[38;5;159m FPS per env, [38;5;121m1[0m[38;5;159m envs).[0m
[38;5;159m[Genesis] [12:22:45] [INFO] Running at [38;5;121m75.26[0m[38;5;159m FPS ([38;5;121m75.26[0m[38;5;159m FPS per env, [38;5;121m1[0m[38;5;159m envs).[0m
[38;5;159m[Genesis] [12:22:45] [INFO] Running at [38;5;121m74.95[0m[38;5;159m FPS ([38;5;121m74.95[0m[38;5;159m FPS per env, [38;5;121m1[0m[38;5;159m envs).[0m
[38;5;159m[Genesis] [12:22:45] [INFO] Running at [38;5;121m74.67[0m[38;5;159m FPS ([38;5;121m74.67[0m[38;5;159m FPS per env, [38;5;121m1[0m[38;5;159m envs).[0m
[38;5;159m[Genesis] [12:22:45] [INFO] Running at [38;5;121m74.52[0m[38;5;159m FPS ([38;5;121m74.52[0m[38;5;159m FPS per env, [38;5;121m1[0m[38;5;159m envs).[0m
[38;5;159m[Genesis] [12:22:46] [INFO] Running at [38;5;121m74.72[0m[38;5;159m FPS ([38;5;121m74.72[0m[38;5;159m FPS per env, [38;5;121m1[0m[38;5;159m envs).[0m
[38;5;159m[Genesis] [12:22:46] [INFO] Running at [38;5;121m74.91[0m[38;5;159m FPS ([38;5;121m74.91[0m[38;5;159m FPS per env, [38;5;121m1[0m[38;5;159m envs).[0m
[38;5;159m[Genesis] [12:22:46] [INFO] Running at [38;5;121m75.09[0m[38;5;159m FPS ([38;5;121m75.09[0m[38;5;159m FPS per env, [38;5;121m1[0m[38;5;159m envs).[0m
[38;5;159m[Genesis] [12:22:46] [INFO] Running at [38;5;121m75.03[0m[38;5;159m FPS ([38;5;121m75.03[0m[38;5;159m FPS per env, [38;5;121m1[0m[38;5;159m envs).[0m
[38;5;159m[Genesis] [12:22:46] [INFO] Running at [38;5;121m74.75[0m[38;5;159m FPS ([38;5;121m74.75[0m[38;5;159m FPS per env, [38;5;121m1[0m[38;5;159m envs).[0m
[38;5;159m[Genesis] [12:22:46] [INFO] Running at [38;5;121m74.48[0m[38;5;159m FPS ([38;5;121m74.48[0m[38;5;159m FPS per env, [38;5;121m1[0m[38;5;159m envs).[0m
[38;5;159m[Genesis] [12:22:46] [INFO] Running at [38;5;121m74.21[0m[38;5;159m FPS ([38;5;121m74.21[0m[38;5;159m FPS per env, [38;5;121m1[0m[38;5;159m envs).[0m
[38;5;159m[Genesis] [12:22:46] [INFO] Running at [38;5;121m74.39[0m[38;5;159m FPS ([38;5;121m74.39[0m[38;5;159m FPS per env, [38;5;121m1[0m[38;5;159m envs).[0m
[38;5;159m[Genesis] [12:22:46] [INFO] Running at [38;5;121m74.60[0m[38;5;159m FPS ([38;5;121m74.60[0m[38;5;159m FPS per env, [38;5;121m1[0m[38;5;159m envs).[0m
[38;5;159m[Genesis] [12:22:46] [INFO] Running at [38;5;121m74.81[0m[38;5;159m FPS ([38;5;121m74.81[0m[38;5;159m FPS per env, [38;5;121m1[0m[38;5;159m envs).[0m
[38;5;159m[Genesis] [12:22:46] [INFO] Running at [38;5;121m75.00[0m[38;5;159m FPS ([38;5;121m75.00[0m[38;5;159m FPS per env, [38;5;121m1[0m[38;5;159m envs).[0m
[38;5;159m[Genesis] [12:22:46] [INFO] Running at [38;5;121m75.03[0m[38;5;159m FPS ([38;5;121m75.03[0m[38;5;159m FPS per env, [38;5;121m1[0m[38;5;159m envs).[0m
[38;5;159m[Genesis] [12:22:46] [INFO] Running at [38;5;121m75.20[0m[38;5;159m FPS ([38;5;121m75.20[0m[38;5;159m FPS per env, [38;5;121m1[0m[38;5;159m envs).[0m
[38;5;159m[Genesis] [12:22:46] [INFO] Running at [38;5;121m75.37[0m[38;5;159m FPS ([38;5;121m75.37[0m[38;5;159m FPS per env, [38;5;121m1[0m[38;5;159m envs).[0m
[38;5;159m[Genesis] [12:22:46] [INFO] Running at [38;5;121m75.42[0m[38;5;159m FPS ([38;5;121m75.42[0m[38;5;159m FPS per env, [38;5;121m1[0m[38;5;159m envs).[0m
[38;5;159m[Genesis] [12:22:46] [INFO] Running at [38;5;121m75.12[0m[38;5;159m FPS ([38;5;121m75.12[0m[38;5;159m FPS per env, [38;5;121m1[0m[38;5;159m envs).[0m
[38;5;159m[Genesis] [12:22:46] [INFO] Running at [38;5;121m74.85[0m[38;5;159m FPS ([38;5;121m74.85[0m[38;5;159m FPS per env, [38;5;121m1[0m[38;5;159m envs).[0m
[38;5;159m[Genesis] [12:22:46] [INFO] Running at [38;5;121m74.57[0m[38;5;159m FPS ([38;5;121m74.57[0m[38;5;159m FPS per env, [38;5;121m1[0m[38;5;159m envs).[0m
[38;5;159m[Genesis] [12:22:46] [INFO] Running at [38;5;121m74.57[0m[38;5;159m FPS ([38;5;121m74.57[0m[38;5;159m FPS per env, [38;5;121m1[0m[38;5;159m envs).[0m
[38;5;159m[Genesis] [12:22:47] [INFO] Running at [38;5;121m74.76[0m[38;5;159m FPS ([38;5;121m74.76[0m[38;5;159m FPS per env, [38;5;121m1[0m[38;5;159m envs).[0m
[38;5;159m[Genesis] [12:22:47] [INFO] Running at [38;5;121m74.95[0m[38;5;159m FPS ([38;5;121m74.95[0m[38;5;159m FPS per env, [38;5;121m1[0m[38;5;159m envs).[0m
[38;5;159m[Genesis] [12:22:47] [INFO] Running at [38;5;121m75.15[0m[38;5;159m FPS ([38;5;121m75.15[0m[38;5;159m FPS per env, [38;5;121m1[0m[38;5;159m envs).[0m
[38;5;159m[Genesis] [12:22:47] [INFO] Running at [38;5;121m75.33[0m[38;5;159m FPS ([38;5;121m75.33[0m[38;5;159m FPS per env, [38;5;121m1[0m[38;5;159m envs).[0m
[38;5;159m[Genesis] [12:22:47] [INFO] Running at [38;5;121m75.51[0m[38;5;159m FPS ([38;5;121m75.51[0m[38;5;159m FPS per env, [38;5;121m1[0m[38;5;159m envs).[0m
[38;5;159m[Genesis] [12:22:47] [INFO] Running at [38;5;121m75.66[0m[38;5;159m FPS ([38;5;121m75.66[0m[38;5;159m FPS per env, [38;5;121m1[0m[38;5;159m envs).[0m
[38;5;159m[Genesis] [12:22:47] [INFO] Running at [38;5;121m75.78[0m[38;5;159m FPS ([38;5;121m75.78[0m[38;5;159m FPS per env, [38;5;121m1[0m[38;5;159m envs).[0m
[38;5;159m[Genesis] [12:22:47] [INFO] Running at [38;5;121m75.48[0m[38;5;159m FPS ([38;5;121m75.48[0m[38;5;159m FPS per env, [38;5;121m1[0m[38;5;159m envs).[0m
[38;5;159m[Genesis] [12:22:47] [INFO] Running at [38;5;121m75.18[0m[38;5;159m FPS ([38;5;121m75.18[0m[38;5;159m FPS per env, [38;5;121m1[0m[38;5;159m envs).[0m
[38;5;159m[Genesis] [12:22:47] [INFO] Running at [38;5;121m74.89[0m[38;5;159m FPS ([38;5;121m74.89[0m[38;5;159m FPS per env, [38;5;121m1[0m[38;5;159m envs).[0m
[38;5;159m[Genesis] [12:22:47] [INFO] Running at [38;5;121m74.74[0m[38;5;159m FPS ([38;5;121m74.74[0m[38;5;159m FPS per env, [38;5;121m1[0m[38;5;159m envs).[0m
[38;5;159m[Genesis] [12:22:47] [INFO] Running at [38;5;121m74.93[0m[38;5;159m FPS ([38;5;121m74.93[0m[38;5;159m FPS per env, [38;5;121m1[0m[38;5;159m envs).[0m
[38;5;159m[Genesis] [12:22:47] [INFO] Running at [38;5;121m75.12[0m[38;5;159m FPS ([38;5;121m75.12[0m[38;5;159m FPS per env, [38;5;121m1[0m[38;5;159m envs).[0m
[38;5;159m[Genesis] [12:22:47] [INFO] Running at [38;5;121m75.13[0m[38;5;159m FPS ([38;5;121m75.13[0m[38;5;159m FPS per env, [38;5;121m1[0m[38;5;159m envs).[0m
[38;5;159m[Genesis] [12:22:47] [INFO] Running at [38;5;121m75.06[0m[38;5;159m FPS ([38;5;121m75.06[0m[38;5;159m FPS per env, [38;5;121m1[0m[38;5;159m envs).[0m
[38;5;159m[Genesis] [12:22:47] [INFO] Running at [38;5;121m74.78[0m[38;5;159m FPS ([38;5;121m74.78[0m[38;5;159m FPS per env, [38;5;121m1[0m[38;5;159m envs).[0m
[38;5;159m[Genesis] [12:22:47] [INFO] Running at [38;5;121m74.51[0m[38;5;159m FPS ([38;5;121m74.51[0m[38;5;159m FPS per env, [38;5;121m1[0m[38;5;159m envs).[0m
[38;5;159m[Genesis] [12:22:47] [INFO] Running at [38;5;121m74.27[0m[38;5;159m FPS ([38;5;121m74.27[0m[38;5;159m FPS per env, [38;5;121m1[0m[38;5;159m envs).[0m
[38;5;159m[Genesis] [12:22:47] [INFO] Running at [38;5;121m74.48[0m[38;5;159m FPS ([38;5;121m74.48[0m[38;5;159m FPS per env, [38;5;121m1[0m[38;5;159m envs).[0m
[38;5;159m[Genesis] [12:22:48] [INFO] Running at [38;5;121m74.68[0m[38;5;159m FPS ([38;5;121m74.68[0m[38;5;159m FPS per env, [38;5;121m1[0m[38;5;159m envs).[0m
[38;5;159m[Genesis] [12:22:48] [INFO] Running at [38;5;121m74.89[0m[38;5;159m FPS ([38;5;121m74.89[0m[38;5;159m FPS per env, [38;5;121m1[0m[38;5;159m envs).[0m
[38;5;159m[Genesis] [12:22:48] [INFO] Running at [38;5;121m75.08[0m[38;5;159m FPS ([38;5;121m75.08[0m[38;5;159m FPS per env, [38;5;121m1[0m[38;5;159m envs).[0m
[38;5;159m[Genesis] [12:22:48] [INFO] Running at [38;5;121m75.27[0m[38;5;159m FPS ([38;5;121m75.27[0m[38;5;159m FPS per env, [38;5;121m1[0m[38;5;159m envs).[0m
[38;5;159m[Genesis] [12:22:48] [INFO] Running at [38;5;121m75.44[0m[38;5;159m FPS ([38;5;121m75.44[0m[38;5;159m FPS per env, [38;5;121m1[0m[38;5;159m envs).[0m
[38;5;159m[Genesis] [12:22:48] [INFO] Running at [38;5;121m75.61[0m[38;5;159m FPS ([38;5;121m75.61[0m[38;5;159m FPS per env, [38;5;121m1[0m[38;5;159m envs).[0m
[38;5;159m[Genesis] [12:22:48] [INFO] Running at [38;5;121m75.66[0m[38;5;159m FPS ([38;5;121m75.66[0m[38;5;159m FPS per env, [38;5;121m1[0m[38;5;159m envs).[0m
[38;5;159m[Genesis] [12:22:48] [INFO] Running at [38;5;121m75.34[0m[38;5;159m FPS ([38;5;121m75.34[0m[38;5;159m FPS per env, [38;5;121m1[0m[38;5;159m envs).[0m
[38;5;159m[Genesis] [12:22:48] [INFO] Running at [38;5;121m75.02[0m[38;5;159m FPS ([38;5;121m75.02[0m[38;5;159m FPS per env, [38;5;121m1[0m[38;5;159m envs).[0m
[38;5;159m[Genesis] [12:22:48] [INFO] Running at [38;5;121m74.75[0m[38;5;159m FPS ([38;5;121m74.75[0m[38;5;159m FPS per env, [38;5;121m1[0m[38;5;159m envs).[0m
[38;5;159m[Genesis] [12:22:48] [INFO] Running at [38;5;121m74.69[0m[38;5;159m FPS ([38;5;121m74.69[0m[38;5;159m FPS per env, [38;5;121m1[0m[38;5;159m envs).[0m
[38;5;159m[Genesis] [12:22:48] [INFO] Running at [38;5;121m74.90[0m[38;5;159m FPS ([38;5;121m74.90[0m[38;5;159m FPS per env, [38;5;121m1[0m[38;5;159m envs).[0m
[38;5;159m[Genesis] [12:22:48] [INFO] Running at [38;5;121m75.11[0m[38;5;159m FPS ([38;5;121m75.11[0m[38;5;159m FPS per env, [38;5;121m1[0m[38;5;159m envs).[0m
[38;5;159m[Genesis] [12:22:48] [INFO] Running at [38;5;121m75.30[0m[38;5;159m FPS ([38;5;121m75.30[0m[38;5;159m FPS per env, [38;5;121m1[0m[38;5;159m envs).[0m
[38;5;159m[Genesis] [12:22:48] [INFO] Running at [38;5;121m75.13[0m[38;5;159m FPS ([38;5;121m75.13[0m[38;5;159m FPS per env, [38;5;121m1[0m[38;5;159m envs).[0m
[38;5;159m[Genesis] [12:22:48] [INFO] Running at [38;5;121m74.70[0m[38;5;159m FPS ([38;5;121m74.70[0m[38;5;159m FPS per env, [38;5;121m1[0m[38;5;159m envs).[0m
[38;5;159m[Genesis] [12:22:48] [INFO] Running at [38;5;121m74.46[0m[38;5;159m FPS ([38;5;121m74.46[0m[38;5;159m FPS per env, [38;5;121m1[0m[38;5;159m envs).[0m
[38;5;159m[Genesis] [12:22:48] [INFO] Running at [38;5;121m74.34[0m[38;5;159m FPS ([38;5;121m74.34[0m[38;5;159m FPS per env, [38;5;121m1[0m[38;5;159m envs).[0m
[38;5;159m[Genesis] [12:22:48] [INFO] Running at [38;5;121m74.56[0m[38;5;159m FPS ([38;5;121m74.56[0m[38;5;159m FPS per env, [38;5;121m1[0m[38;5;159m envs).[0m
[38;5;159m[Genesis] [12:22:49] [INFO] Running at [38;5;121m74.77[0m[38;5;159m FPS ([38;5;121m74.77[0m[38;5;159m FPS per env, [38;5;121m1[0m[38;5;159m envs).[0m
[38;5;159m[Genesis] [12:22:49] [INFO] Running at [38;5;121m74.96[0m[38;5;159m FPS ([38;5;121m74.96[0m[38;5;159m FPS per env, [38;5;121m1[0m[38;5;159m envs).[0m
[38;5;159m[Genesis] [12:22:49] [INFO] Running at [38;5;121m75.03[0m[38;5;159m FPS ([38;5;121m75.03[0m[38;5;159m FPS per env, [38;5;121m1[0m[38;5;159m envs).[0m
[38;5;159m[Genesis] [12:22:49] [INFO] Running at [38;5;121m74.76[0m[38;5;159m FPS ([38;5;121m74.76[0m[38;5;159m FPS per env, [38;5;121m1[0m[38;5;159m envs).[0m
[38;5;159m[Genesis] [12:22:49] [INFO] Running at [38;5;121m74.36[0m[38;5;159m FPS ([38;5;121m74.36[0m[38;5;159m FPS per env, [38;5;121m1[0m[38;5;159m envs).[0m
[38;5;159m[Genesis] [12:22:49] [INFO] Running at [38;5;121m74.12[0m[38;5;159m FPS ([38;5;121m74.12[0m[38;5;159m FPS per env, [38;5;121m1[0m[38;5;159m envs).[0m
[38;5;159m[Genesis] [12:22:49] [INFO] Running at [38;5;121m74.23[0m[38;5;159m FPS ([38;5;121m74.23[0m[38;5;159m FPS per env, [38;5;121m1[0m[38;5;159m envs).[0m
[38;5;159m[Genesis] [12:22:49] [INFO] Running at [38;5;121m74.46[0m[38;5;159m FPS ([38;5;121m74.46[0m[38;5;159m FPS per env, [38;5;121m1[0m[38;5;159m envs).[0m
[38;5;159m[Genesis] [12:22:49] [INFO] Running at [38;5;121m74.69[0m[38;5;159m FPS ([38;5;121m74.69[0m[38;5;159m FPS per env, [38;5;121m1[0m[38;5;159m envs).[0m
[38;5;159m[Genesis] [12:22:49] [INFO] Running at [38;5;121m74.90[0m[38;5;159m FPS ([38;5;121m74.90[0m[38;5;159m FPS per env, [38;5;121m1[0m[38;5;159m envs).[0m
[38;5;159m[Genesis] [12:22:49] [INFO] Running at [38;5;121m74.67[0m[38;5;159m FPS ([38;5;121m74.67[0m[38;5;159m FPS per env, [38;5;121m1[0m[38;5;159m envs).[0m
[38;5;159m[Genesis] [12:22:49] [INFO] Running at [38;5;121m74.43[0m[38;5;159m FPS ([38;5;121m74.43[0m[38;5;159m FPS per env, [38;5;121m1[0m[38;5;159m envs).[0m
[38;5;159m[Genesis] [12:22:49] [INFO] Running at [38;5;121m74.20[0m[38;5;159m FPS ([38;5;121m74.20[0m[38;5;159m FPS per env, [38;5;121m1[0m[38;5;159m envs).[0m
[38;5;159m[Genesis] [12:22:49] [INFO] Running at [38;5;121m74.07[0m[38;5;159m FPS ([38;5;121m74.07[0m[38;5;159m FPS per env, [38;5;121m1[0m[38;5;159m envs).[0m
[38;5;159m[Genesis] [12:22:49] [INFO] Running at [38;5;121m74.30[0m[38;5;159m FPS ([38;5;121m74.30[0m[38;5;159m FPS per env, [38;5;121m1[0m[38;5;159m envs).[0m
[38;5;159m[Genesis] [12:22:49] [INFO] Running at [38;5;121m74.53[0m[38;5;159m FPS ([38;5;121m74.53[0m[38;5;159m FPS per env, [38;5;121m1[0m[38;5;159m envs).[0m
[38;5;159m[Genesis] [12:22:49] [INFO] Running at [38;5;121m74.73[0m[38;5;159m FPS ([38;5;121m74.73[0m[38;5;159m FPS per env, [38;5;121m1[0m[38;5;159m envs).[0m
[38;5;159m[Genesis] [12:22:49] [INFO] Running at [38;5;121m74.72[0m[38;5;159m FPS ([38;5;121m74.72[0m[38;5;159m FPS per env, [38;5;121m1[0m[38;5;159m envs).[0m
[38;5;159m[Genesis] [12:22:50] [INFO] Running at [38;5;121m74.30[0m[38;5;159m FPS ([38;5;121m74.30[0m[38;5;159m FPS per env, [38;5;121m1[0m[38;5;159m envs).[0m
[38;5;159m[Genesis] [12:22:50] [INFO] Running at [38;5;121m74.08[0m[38;5;159m FPS ([38;5;121m74.08[0m[38;5;159m FPS per env, [38;5;121m1[0m[38;5;159m envs).[0m
[38;5;159m[Genesis] [12:22:50] [INFO] Running at [38;5;121m73.86[0m[38;5;159m FPS ([38;5;121m73.86[0m[38;5;159m FPS per env, [38;5;121m1[0m[38;5;159m envs).[0m
[38;5;159m[Genesis] [12:22:50] [INFO] Running at [38;5;121m74.10[0m[38;5;159m FPS ([38;5;121m74.10[0m[38;5;159m FPS per env, [38;5;121m1[0m[38;5;159m envs).[0m
[38;5;159m[Genesis] [12:22:50] [INFO] Running at [38;5;121m74.34[0m[38;5;159m FPS ([38;5;121m74.34[0m[38;5;159m FPS per env, [38;5;121m1[0m[38;5;159m envs).[0m
[38;5;159m[Genesis] [12:22:50] [INFO] Running at [38;5;121m74.57[0m[38;5;159m FPS ([38;5;121m74.57[0m[38;5;159m FPS per env, [38;5;121m1[0m[38;5;159m envs).[0m
[38;5;159m[Genesis] [12:22:50] [INFO] Running at [38;5;121m74.77[0m[38;5;159m FPS ([38;5;121m74.77[0m[38;5;159m FPS per env, [38;5;121m1[0m[38;5;159m envs).[0m
[38;5;159m[Genesis] [12:22:50] [INFO] Running at [38;5;121m74.97[0m[38;5;159m FPS ([38;5;121m74.97[0m[38;5;159m FPS per env, [38;5;121m1[0m[38;5;159m envs).[0m
[38;5;159m[Genesis] [12:22:50] [INFO] Running at [38;5;121m75.14[0m[38;5;159m FPS ([38;5;121m75.14[0m[38;5;159m FPS per env, [38;5;121m1[0m[38;5;159m envs).[0m
[38;5;159m[Genesis] [12:22:50] [INFO] Running at [38;5;121m75.28[0m[38;5;159m FPS ([38;5;121m75.28[0m[38;5;159m FPS per env, [38;5;121m1[0m[38;5;159m envs).[0m
[38;5;159m[Genesis] [12:22:50] [INFO] Running at [38;5;121m75.00[0m[38;5;159m FPS ([38;5;121m75.00[0m[38;5;159m FPS per env, [38;5;121m1[0m[38;5;159m envs).[0m
[38;5;159m[Genesis] [12:22:50] [INFO] Running at [38;5;121m74.60[0m[38;5;159m FPS ([38;5;121m74.60[0m[38;5;159m FPS per env, [38;5;121m1[0m[38;5;159m envs).[0m
[38;5;159m[Genesis] [12:22:50] [INFO] Running at [38;5;121m74.30[0m[38;5;159m FPS ([38;5;121m74.30[0m[38;5;159m FPS per env, [38;5;121m1[0m[38;5;159m envs).[0m
[38;5;159m[Genesis] [12:22:50] [INFO] Running at [38;5;121m73.98[0m[38;5;159m FPS ([38;5;121m73.98[0m[38;5;159m FPS per env, [38;5;121m1[0m[38;5;159m envs).[0m
[38;5;159m[Genesis] [12:22:50] [INFO] Running at [38;5;121m74.05[0m[38;5;159m FPS ([38;5;121m74.05[0m[38;5;159m FPS per env, [38;5;121m1[0m[38;5;159m envs).[0m
[38;5;159m[Genesis] [12:22:50] [INFO] Running at [38;5;121m74.27[0m[38;5;159m FPS ([38;5;121m74.27[0m[38;5;159m FPS per env, [38;5;121m1[0m[38;5;159m envs).[0m
[38;5;159m[Genesis] [12:22:50] [INFO] Running at [38;5;121m74.50[0m[38;5;159m FPS ([38;5;121m74.50[0m[38;5;159m FPS per env, [38;5;121m1[0m[38;5;159m envs).[0m
[38;5;159m[Genesis] [12:22:50] [INFO] Running at [38;5;121m74.69[0m[38;5;159m FPS ([38;5;121m74.69[0m[38;5;159m FPS per env, [38;5;121m1[0m[38;5;159m envs).[0m
[38;5;159m[Genesis] [12:22:50] [INFO] Running at [38;5;121m74.89[0m[38;5;159m FPS ([38;5;121m74.89[0m[38;5;159m FPS per env, [38;5;121m1[0m[38;5;159m envs).[0m
[38;5;159m[Genesis] [12:22:51] [INFO] Running at [38;5;121m75.07[0m[38;5;159m FPS ([38;5;121m75.07[0m[38;5;159m FPS per env, [38;5;121m1[0m[38;5;159m envs).[0m
[38;5;159m[Genesis] [12:22:51] [INFO] Running at [38;5;121m75.24[0m[38;5;159m FPS ([38;5;121m75.24[0m[38;5;159m FPS per env, [38;5;121m1[0m[38;5;159m envs).[0m
[38;5;159m[Genesis] [12:22:51] [INFO] Running at [38;5;121m75.23[0m[38;5;159m FPS ([38;5;121m75.23[0m[38;5;159m FPS per env, [38;5;121m1[0m[38;5;159m envs).[0m
[38;5;159m[Genesis] [12:22:51] [INFO] Running at [38;5;121m75.38[0m[38;5;159m FPS ([38;5;121m75.38[0m[38;5;159m FPS per env, [38;5;121m1[0m[38;5;159m envs).[0m
[38;5;159m[Genesis] [12:22:51] [INFO] Running at [38;5;121m75.54[0m[38;5;159m FPS ([38;5;121m75.54[0m[38;5;159m FPS per env, [38;5;121m1[0m[38;5;159m envs).[0m
[38;5;159m[Genesis] [12:22:51] [INFO] Running at [38;5;121m75.70[0m[38;5;159m FPS ([38;5;121m75.70[0m[38;5;159m FPS per env, [38;5;121m1[0m[38;5;159m envs).[0m
[38;5;159m[Genesis] [12:22:51] [INFO] Running at [38;5;121m75.84[0m[38;5;159m FPS ([38;5;121m75.84[0m[38;5;159m FPS per env, [38;5;121m1[0m[38;5;159m envs).[0m
[38;5;159m[Genesis] [12:22:51] [INFO] Running at [38;5;121m75.98[0m[38;5;159m FPS ([38;5;121m75.98[0m[38;5;159m FPS per env, [38;5;121m1[0m[38;5;159m envs).[0m
[38;5;159m[Genesis] [12:22:51] [INFO] Running at [38;5;121m76.11[0m[38;5;159m FPS ([38;5;121m76.11[0m[38;5;159m FPS per env, [38;5;121m1[0m[38;5;159m envs).[0m
[38;5;159m[Genesis] [12:22:51] [INFO] Running at [38;5;121m76.24[0m[38;5;159m FPS ([38;5;121m76.24[0m[38;5;159m FPS per env, [38;5;121m1[0m[38;5;159m envs).[0m
[38;5;159m[Genesis] [12:22:51] [INFO] Running at [38;5;121m76.38[0m[38;5;159m FPS ([38;5;121m76.38[0m[38;5;159m FPS per env, [38;5;121m1[0m[38;5;159m envs).[0m
[38;5;159m[Genesis] [12:22:51] [INFO] Running at [38;5;121m76.50[0m[38;5;159m FPS ([38;5;121m76.50[0m[38;5;159m FPS per env, [38;5;121m1[0m[38;5;159m envs).[0m
[38;5;159m[Genesis] [12:22:51] [INFO] Running at [38;5;121m76.64[0m[38;5;159m FPS ([38;5;121m76.64[0m[38;5;159m FPS per env, [38;5;121m1[0m[38;5;159m envs).[0m
[38;5;159m[Genesis] [12:22:51] [INFO] Running at [38;5;121m76.75[0m[38;5;159m FPS ([38;5;121m76.75[0m[38;5;159m FPS per env, [38;5;121m1[0m[38;5;159m envs).[0m
[38;5;159m[Genesis] [12:22:51] [INFO] Running at [38;5;121m76.87[0m[38;5;159m FPS ([38;5;121m76.87[0m[38;5;159m FPS per env, [38;5;121m1[0m[38;5;159m envs).[0m
[38;5;159m[Genesis] [12:22:51] [INFO] Running at [38;5;121m76.98[0m[38;5;159m FPS ([38;5;121m76.98[0m[38;5;159m FPS per env, [38;5;121m1[0m[38;5;159m envs).[0m
[38;5;159m[Genesis] [12:22:51] [INFO] Running at [38;5;121m77.10[0m[38;5;159m FPS ([38;5;121m77.10[0m[38;5;159m FPS per env, [38;5;121m1[0m[38;5;159m envs).[0m
[38;5;159m[Genesis] [12:22:51] [INFO] Running at [38;5;121m77.20[0m[38;5;159m FPS ([38;5;121m77.20[0m[38;5;159m FPS per env, [38;5;121m1[0m[38;5;159m envs).[0m
[38;5;159m[Genesis] [12:22:51] [INFO] Running at [38;5;121m77.29[0m[38;5;159m FPS ([38;5;121m77.29[0m[38;5;159m FPS per env, [38;5;121m1[0m[38;5;159m envs).[0m
[38;5;159m[Genesis] [12:22:51] [INFO] Running at [38;5;121m77.37[0m[38;5;159m FPS ([38;5;121m77.37[0m[38;5;159m FPS per env, [38;5;121m1[0m[38;5;159m envs).[0m
[38;5;159m[Genesis] [12:22:52] [INFO] Running at [38;5;121m77.45[0m[38;5;159m FPS ([38;5;121m77.45[0m[38;5;159m FPS per env, [38;5;121m1[0m[38;5;159m envs).[0m
[38;5;159m[Genesis] [12:22:52] [INFO] Running at [38;5;121m77.55[0m[38;5;159m FPS ([38;5;121m77.55[0m[38;5;159m FPS per env, [38;5;121m1[0m[38;5;159m envs).[0m
[38;5;159m[Genesis] [12:22:52] [INFO] Running at [38;5;121m77.62[0m[38;5;159m FPS ([38;5;121m77.62[0m[38;5;159m FPS per env, [38;5;121m1[0m[38;5;159m envs).[0m
[38;5;159m[Genesis] [12:22:52] [INFO] Running at [38;5;121m77.51[0m[38;5;159m FPS ([38;5;121m77.51[0m[38;5;159m FPS per env, [38;5;121m1[0m[38;5;159m envs).[0m
[38;5;159m[Genesis] [12:22:52] [INFO] Running at [38;5;121m77.58[0m[38;5;159m FPS ([38;5;121m77.58[0m[38;5;159m FPS per env, [38;5;121m1[0m[38;5;159m envs).[0m
[38;5;159m[Genesis] [12:22:52] [INFO] Running at [38;5;121m77.65[0m[38;5;159m FPS ([38;5;121m77.65[0m[38;5;159m FPS per env, [38;5;121m1[0m[38;5;159m envs).[0m
[38;5;159m[Genesis] [12:22:52] [INFO] Running at [38;5;121m77.68[0m[38;5;159m FPS ([38;5;121m77.68[0m[38;5;159m FPS per env, [38;5;121m1[0m[38;5;159m envs).[0m
[38;5;159m[Genesis] [12:22:52] [INFO] Running at [38;5;121m77.73[0m[38;5;159m FPS ([38;5;121m77.73[0m[38;5;159m FPS per env, [38;5;121m1[0m[38;5;159m envs).[0m
[38;5;159m[Genesis] [12:22:52] [INFO] Running at [38;5;121m77.79[0m[38;5;159m FPS ([38;5;121m77.79[0m[38;5;159m FPS per env, [38;5;121m1[0m[38;5;159m envs).[0m
[38;5;159m[Genesis] [12:22:52] [INFO] Running at [38;5;121m77.85[0m[38;5;159m FPS ([38;5;121m77.85[0m[38;5;159m FPS per env, [38;5;121m1[0m[38;5;159m envs).[0m
[38;5;159m[Genesis] [12:22:52] [INFO] Running at [38;5;121m77.63[0m[38;5;159m FPS ([38;5;121m77.63[0m[38;5;159m FPS per env, [38;5;121m1[0m[38;5;159m envs).[0m
[38;5;159m[Genesis] [12:22:52] [INFO] Running at [38;5;121m77.20[0m[38;5;159m FPS ([38;5;121m77.20[0m[38;5;159m FPS per env, [38;5;121m1[0m[38;5;159m envs).[0m
[38;5;159m[Genesis] [12:22:52] [INFO] Running at [38;5;121m76.81[0m[38;5;159m FPS ([38;5;121m76.81[0m[38;5;159m FPS per env, [38;5;121m1[0m[38;5;159m envs).[0m
[38;5;159m[Genesis] [12:22:52] [INFO] Running at [38;5;121m76.43[0m[38;5;159m FPS ([38;5;121m76.43[0m[38;5;159m FPS per env, [38;5;121m1[0m[38;5;159m envs).[0m
[38;5;159m[Genesis] [12:22:52] [INFO] Running at [38;5;121m76.49[0m[38;5;159m FPS ([38;5;121m76.49[0m[38;5;159m FPS per env, [38;5;121m1[0m[38;5;159m envs).[0m
[38;5;159m[Genesis] [12:22:52] [INFO] Running at [38;5;121m76.61[0m[38;5;159m FPS ([38;5;121m76.61[0m[38;5;159m FPS per env, [38;5;121m1[0m[38;5;159m envs).[0m
[38;5;159m[Genesis] [12:22:52] [INFO] Running at [38;5;121m76.73[0m[38;5;159m FPS ([38;5;121m76.73[0m[38;5;159m FPS per env, [38;5;121m1[0m[38;5;159m envs).[0m
[38;5;159m[Genesis] [12:22:52] [INFO] Running at [38;5;121m76.85[0m[38;5;159m FPS ([38;5;121m76.85[0m[38;5;159m FPS per env, [38;5;121m1[0m[38;5;159m envs).[0m
[38;5;159m[Genesis] [12:22:52] [INFO] Running at [38;5;121m76.48[0m[38;5;159m FPS ([38;5;121m76.48[0m[38;5;159m FPS per env, [38;5;121m1[0m[38;5;159m envs).[0m
fps 50
[38;5;159m[Genesis] [12:22:53] [INFO] Saving video to [38;5;121m"test_4000_8.0_behind.mp4"[0m[38;5;159m...[0m
[38;5;159m[Genesis] [12:22:55] [INFO] Video saved.[0m
[38;5;159m[Genesis] [12:22:55] [INFO] Saving video to [38;5;121m"test_4000_8.0_side.mp4"[0m[38;5;159m...[0m
[38;5;159m[Genesis] [12:22:58] [INFO] Video saved.[0m
Saved recordings for checkpoint 4000.
Final yaw-rate error: 6.31 deg/s
[38;5;159m[Genesis] [12:22:58] [INFO] 💤 Exiting Genesis and caching compiled kernels...[0m
