[38;5;159m[Genesis] [12:24:26] [INFO] [38;5;121m╭───────────────────────────────────────────────╮[0m[38;5;159m[0m
[38;5;159m[Genesis] [12:24:26] [INFO] [38;5;121m│┈┉┈┉┈┉┈┉┈┉┈┉┈┉┈┉┈┉┈[0m[38;5;159m [38;5;121m[1m[3mGenesis[0m[38;5;159m [38;5;121m┈┉┈┉┈┉┈┉┈┉┈┉┈┉┈┉┈┉┈│[0m[38;5;159m[0m
[38;5;159m[Genesis] [12:24:26] [INFO] [38;5;121m╰───────────────────────────────────────────────╯[0m[38;5;159m[0m
[38;5;159m[Genesis] [12:24:26] [INFO] Running on [38;5;121m[4m[NVIDIA GeForce RTX 5090][0m[38;5;159m with backend [38;5;121m[4mgs.cuda[0m[38;5;159m. Device memory: [38;5;121m[4m31.36[0m[38;5;159m GB.[0m
[38;5;159m[Genesis] [12:24:26] [INFO] 🚀 Genesis initialized. 🔖 version: [38;5;121m[4m0.4.7[0m[38;5;159m, 🎨 theme: [38;5;121m[4mdark[0m[38;5;159m, 🌱 seed: [38;5;121m[4mNone[0m[38;5;159m, 🐛 debug: [38;5;121m[4mFalse[0m[38;5;159m, 📏 precision: [38;5;121m[4m32[0m[38;5;159m, 🔥 performance: [38;5;121m[4mFalse[0m[38;5;159m, 💬 verbose: [38;5;121m[4mINFO[0m[38;5;159m[0m
[38;5;226m[Genesis] [12:24:28] [WARNING] Viewer option 'n_rendered_envs' is deprecated and will be removed in a future release. Please use 'rendered_envs_idx' instead.[0m
[38;5;159m[Genesis] [12:24:29] [INFO] Scene [38;5;121m[3m<8cfcdef>[0m[38;5;159m created.[0m
[38;5;159m[Genesis] [12:24:29] [INFO] Adding [38;5;121m<gs.engine.entities.RigidEntity>[0m[38;5;159m. idx: [38;5;121m0[0m[38;5;159m, uid: [38;5;121m[3m<4ce1232>[0m[38;5;159m, morph: [38;5;121m<gs.morphs.Plane>[0m[38;5;159m, material: [38;5;121m<gs.materials.Rigid>[0m[38;5;159m.[0m
[38;5;159m[Genesis] [12:24:29] [INFO] Adding [38;5;121m<gs.engine.entities.RigidEntity>[0m[38;5;159m. idx: [38;5;121m1[0m[38;5;159m, uid: [38;5;121m[3m<8020af1>[0m[38;5;159m, morph: [38;5;121m<gs.morphs.URDF(file='/home/jfriesen/.local/lib/python3.12/site-packages/genesis/assets/urdf/go2/urdf/go2.urdf')>[0m[38;5;159m, material: [38;5;121m<gs.materials.Rigid>[0m[38;5;159m.[0m
[38;5;159m[Genesis] [12:24:32] [INFO] Building scene [38;5;121m[3m<8cfcdef>[0m[38;5;159m...[0m
[38;5;226m[Genesis] [12:24:32] [WARNING] Neutral robot position (qpos0) exceeds joint limits.[0m
[38;5;159m[Genesis] [12:24:33] [INFO] Compiling simulation kernels...[0m
[38;5;159m[Genesis] [12:24:34] [INFO] Building visualizer...[0m
[38;5;226m[Genesis] [12:24:35] [WARNING] This property is deprecated and will be removed in future release. Please use 'dofs_idx_local' instead.[0m
[38;5;226m[Genesis] [12:24:35] [WARNING] This property is deprecated and will be removed in future release. Please use 'dofs_idx_local' instead.[0m
[38;5;226m[Genesis] [12:24:35] [WARNING] This property is deprecated and will be removed in future release. Please use 'dofs_idx_local' instead.[0m
[38;5;226m[Genesis] [12:24:35] [WARNING] This property is deprecated and will be removed in future release. Please use 'dofs_idx_local' instead.[0m
[38;5;226m[Genesis] [12:24:35] [WARNING] This property is deprecated and will be removed in future release. Please use 'dofs_idx_local' instead.[0m
[38;5;226m[Genesis] [12:24:35] [WARNING] This property is deprecated and will be removed in future release. Please use 'dofs_idx_local' instead.[0m
[38;5;226m[Genesis] [12:24:35] [WARNING] This property is deprecated and will be removed in future release. Please use 'dofs_idx_local' instead.[0m
[38;5;226m[Genesis] [12:24:35] [WARNING] This property is deprecated and will be removed in future release. Please use 'dofs_idx_local' instead.[0m
[38;5;226m[Genesis] [12:24:35] [WARNING] This property is deprecated and will be removed in future release. Please use 'dofs_idx_local' instead.[0m
[38;5;226m[Genesis] [12:24:35] [WARNING] This property is deprecated and will be removed in future release. Please use 'dofs_idx_local' instead.[0m
[38;5;226m[Genesis] [12:24:35] [WARNING] This property is deprecated and will be removed in future release. Please use 'dofs_idx_local' instead.[0m
[38;5;226m[Genesis] [12:24:35] [WARNING] This property is deprecated and will be removed in future release. Please use 'dofs_idx_local' instead.[0m
/home/jfriesen/.local/lib/python3.12/site-packages/torch/utils/_device.py:122: UserWarning: To copy construct from a tensor, it is recommended to use sourceTensor.detach().clone() or sourceTensor.detach().clone().requires_grad_(True), rather than torch.tensor(sourceTensor).
  return func(*args, **kwargs)
Actor MLP: Sequential(
  (0): Linear(in_features=51, out_features=512, bias=True)
  (1): ELU(alpha=1.0)
  (2): Linear(in_features=512, out_features=256, bias=True)
  (3): ELU(alpha=1.0)
  (4): Linear(in_features=256, out_features=128, bias=True)
  (5): ELU(alpha=1.0)
  (6): Linear(in_features=128, out_features=12, bias=True)
)
Critic MLP: Sequential(
  (0): Linear(in_features=75, out_features=512, bias=True)
  (1): ELU(alpha=1.0)
  (2): Linear(in_features=512, out_features=256, bias=True)
  (3): ELU(alpha=1.0)
  (4): Linear(in_features=256, out_features=128, bias=True)
  (5): ELU(alpha=1.0)
  (6): Linear(in_features=128, out_features=1, bias=True)
)
[38;5;159m[Genesis] [12:24:37] [INFO] Running at [38;5;121m1.62[0m[38;5;159m FPS ([38;5;121m1.62[0m[38;5;159m FPS per env, [38;5;121m1[0m[38;5;159m envs).[0m
[38;5;159m[Genesis] [12:24:37] [INFO] Running at [38;5;121m11.47[0m[38;5;159m FPS ([38;5;121m11.47[0m[38;5;159m FPS per env, [38;5;121m1[0m[38;5;159m envs).[0m
[38;5;159m[Genesis] [12:24:37] [INFO] Running at [38;5;121m79.09[0m[38;5;159m FPS ([38;5;121m79.09[0m[38;5;159m FPS per env, [38;5;121m1[0m[38;5;159m envs).[0m
[38;5;159m[Genesis] [12:24:37] [INFO] Running at [38;5;121m78.85[0m[38;5;159m FPS ([38;5;121m78.85[0m[38;5;159m FPS per env, [38;5;121m1[0m[38;5;159m envs).[0m
[38;5;159m[Genesis] [12:24:37] [INFO] Running at [38;5;121m78.81[0m[38;5;159m FPS ([38;5;121m78.81[0m[38;5;159m FPS per env, [38;5;121m1[0m[38;5;159m envs).[0m
[38;5;159m[Genesis] [12:24:37] [INFO] Running at [38;5;121m78.79[0m[38;5;159m FPS ([38;5;121m78.79[0m[38;5;159m FPS per env, [38;5;121m1[0m[38;5;159m envs).[0m
[38;5;159m[Genesis] [12:24:37] [INFO] Running at [38;5;121m78.75[0m[38;5;159m FPS ([38;5;121m78.75[0m[38;5;159m FPS per env, [38;5;121m1[0m[38;5;159m envs).[0m
[38;5;159m[Genesis] [12:24:38] [INFO] Running at [38;5;121m78.76[0m[38;5;159m FPS ([38;5;121m78.76[0m[38;5;159m FPS per env, [38;5;121m1[0m[38;5;159m envs).[0m
[38;5;159m[Genesis] [12:24:38] [INFO] Running at [38;5;121m78.77[0m[38;5;159m FPS ([38;5;121m78.77[0m[38;5;159m FPS per env, [38;5;121m1[0m[38;5;159m envs).[0m
[38;5;159m[Genesis] [12:24:38] [INFO] Running at [38;5;121m78.80[0m[38;5;159m FPS ([38;5;121m78.80[0m[38;5;159m FPS per env, [38;5;121m1[0m[38;5;159m envs).[0m
[38;5;159m[Genesis] [12:24:38] [INFO] Running at [38;5;121m78.77[0m[38;5;159m FPS ([38;5;121m78.77[0m[38;5;159m FPS per env, [38;5;121m1[0m[38;5;159m envs).[0m
[38;5;159m[Genesis] [12:24:38] [INFO] Running at [38;5;121m78.77[0m[38;5;159m FPS ([38;5;121m78.77[0m[38;5;159m FPS per env, [38;5;121m1[0m[38;5;159m envs).[0m
[38;5;159m[Genesis] [12:24:38] [INFO] Running at [38;5;121m78.81[0m[38;5;159m FPS ([38;5;121m78.81[0m[38;5;159m FPS per env, [38;5;121m1[0m[38;5;159m envs).[0m
[38;5;159m[Genesis] [12:24:38] [INFO] Running at [38;5;121m78.78[0m[38;5;159m FPS ([38;5;121m78.78[0m[38;5;159m FPS per env, [38;5;121m1[0m[38;5;159m envs).[0m
[38;5;159m[Genesis] [12:24:38] [INFO] Running at [38;5;121m78.81[0m[38;5;159m FPS ([38;5;121m78.81[0m[38;5;159m FPS per env, [38;5;121m1[0m[38;5;159m envs).[0m
[38;5;159m[Genesis] [12:24:38] [INFO] Running at [38;5;121m78.80[0m[38;5;159m FPS ([38;5;121m78.80[0m[38;5;159m FPS per env, [38;5;121m1[0m[38;5;159m envs).[0m
[38;5;159m[Genesis] [12:24:38] [INFO] Running at [38;5;121m78.80[0m[38;5;159m FPS ([38;5;121m78.80[0m[38;5;159m FPS per env, [38;5;121m1[0m[38;5;159m envs).[0m
[38;5;159m[Genesis] [12:24:38] [INFO] Running at [38;5;121m78.83[0m[38;5;159m FPS ([38;5;121m78.83[0m[38;5;159m FPS per env, [38;5;121m1[0m[38;5;159m envs).[0m
[38;5;159m[Genesis] [12:24:38] [INFO] Running at [38;5;121m78.84[0m[38;5;159m FPS ([38;5;121m78.84[0m[38;5;159m FPS per env, [38;5;121m1[0m[38;5;159m envs).[0m
[38;5;159m[Genesis] [12:24:38] [INFO] Running at [38;5;121m78.88[0m[38;5;159m FPS ([38;5;121m78.88[0m[38;5;159m FPS per env, [38;5;121m1[0m[38;5;159m envs).[0m
[38;5;159m[Genesis] [12:24:38] [INFO] Running at [38;5;121m78.85[0m[38;5;159m FPS ([38;5;121m78.85[0m[38;5;159m FPS per env, [38;5;121m1[0m[38;5;159m envs).[0m
[38;5;159m[Genesis] [12:24:38] [INFO] Running at [38;5;121m78.82[0m[38;5;159m FPS ([38;5;121m78.82[0m[38;5;159m FPS per env, [38;5;121m1[0m[38;5;159m envs).[0m
[38;5;159m[Genesis] [12:24:38] [INFO] Running at [38;5;121m78.63[0m[38;5;159m FPS ([38;5;121m78.63[0m[38;5;159m FPS per env, [38;5;121m1[0m[38;5;159m envs).[0m
[38;5;159m[Genesis] [12:24:38] [INFO] Running at [38;5;121m78.65[0m[38;5;159m FPS ([38;5;121m78.65[0m[38;5;159m FPS per env, [38;5;121m1[0m[38;5;159m envs).[0m
[38;5;159m[Genesis] [12:24:38] [INFO] Running at [38;5;121m78.68[0m[38;5;159m FPS ([38;5;121m78.68[0m[38;5;159m FPS per env, [38;5;121m1[0m[38;5;159m envs).[0m
[38;5;159m[Genesis] [12:24:38] [INFO] Running at [38;5;121m78.67[0m[38;5;159m FPS ([38;5;121m78.67[0m[38;5;159m FPS per env, [38;5;121m1[0m[38;5;159m envs).[0m
[38;5;159m[Genesis] [12:24:39] [INFO] Running at [38;5;121m78.63[0m[38;5;159m FPS ([38;5;121m78.63[0m[38;5;159m FPS per env, [38;5;121m1[0m[38;5;159m envs).[0m
[38;5;159m[Genesis] [12:24:39] [INFO] Running at [38;5;121m78.64[0m[38;5;159m FPS ([38;5;121m78.64[0m[38;5;159m FPS per env, [38;5;121m1[0m[38;5;159m envs).[0m
[38;5;159m[Genesis] [12:24:39] [INFO] Running at [38;5;121m78.65[0m[38;5;159m FPS ([38;5;121m78.65[0m[38;5;159m FPS per env, [38;5;121m1[0m[38;5;159m envs).[0m
[38;5;159m[Genesis] [12:24:39] [INFO] Running at [38;5;121m78.66[0m[38;5;159m FPS ([38;5;121m78.66[0m[38;5;159m FPS per env, [38;5;121m1[0m[38;5;159m envs).[0m
[38;5;159m[Genesis] [12:24:39] [INFO] Running at [38;5;121m78.62[0m[38;5;159m FPS ([38;5;121m78.62[0m[38;5;159m FPS per env, [38;5;121m1[0m[38;5;159m envs).[0m
[38;5;159m[Genesis] [12:24:39] [INFO] Running at [38;5;121m78.60[0m[38;5;159m FPS ([38;5;121m78.60[0m[38;5;159m FPS per env, [38;5;121m1[0m[38;5;159m envs).[0m
[38;5;159m[Genesis] [12:24:39] [INFO] Running at [38;5;121m78.62[0m[38;5;159m FPS ([38;5;121m78.62[0m[38;5;159m FPS per env, [38;5;121m1[0m[38;5;159m envs).[0m
[38;5;159m[Genesis] [12:24:39] [INFO] Running at [38;5;121m78.59[0m[38;5;159m FPS ([38;5;121m78.59[0m[38;5;159m FPS per env, [38;5;121m1[0m[38;5;159m envs).[0m
[38;5;159m[Genesis] [12:24:39] [INFO] Running at [38;5;121m78.58[0m[38;5;159m FPS ([38;5;121m78.58[0m[38;5;159m FPS per env, [38;5;121m1[0m[38;5;159m envs).[0m
[38;5;159m[Genesis] [12:24:39] [INFO] Running at [38;5;121m78.56[0m[38;5;159m FPS ([38;5;121m78.56[0m[38;5;159m FPS per env, [38;5;121m1[0m[38;5;159m envs).[0m
[38;5;159m[Genesis] [12:24:39] [INFO] Running at [38;5;121m78.53[0m[38;5;159m FPS ([38;5;121m78.53[0m[38;5;159m FPS per env, [38;5;121m1[0m[38;5;159m envs).[0m
[38;5;159m[Genesis] [12:24:39] [INFO] Running at [38;5;121m78.53[0m[38;5;159m FPS ([38;5;121m78.53[0m[38;5;159m FPS per env, [38;5;121m1[0m[38;5;159m envs).[0m
[38;5;159m[Genesis] [12:24:39] [INFO] Running at [38;5;121m78.53[0m[38;5;159m FPS ([38;5;121m78.53[0m[38;5;159m FPS per env, [38;5;121m1[0m[38;5;159m envs).[0m
[38;5;159m[Genesis] [12:24:39] [INFO] Running at [38;5;121m78.57[0m[38;5;159m FPS ([38;5;121m78.57[0m[38;5;159m FPS per env, [38;5;121m1[0m[38;5;159m envs).[0m
[38;5;159m[Genesis] [12:24:39] [INFO] Running at [38;5;121m78.60[0m[38;5;159m FPS ([38;5;121m78.60[0m[38;5;159m FPS per env, [38;5;121m1[0m[38;5;159m envs).[0m
[38;5;159m[Genesis] [12:24:39] [INFO] Running at [38;5;121m78.63[0m[38;5;159m FPS ([38;5;121m78.63[0m[38;5;159m FPS per env, [38;5;121m1[0m[38;5;159m envs).[0m
[38;5;159m[Genesis] [12:24:39] [INFO] Running at [38;5;121m78.66[0m[38;5;159m FPS ([38;5;121m78.66[0m[38;5;159m FPS per env, [38;5;121m1[0m[38;5;159m envs).[0m
[38;5;159m[Genesis] [12:24:39] [INFO] Running at [38;5;121m78.51[0m[38;5;159m FPS ([38;5;121m78.51[0m[38;5;159m FPS per env, [38;5;121m1[0m[38;5;159m envs).[0m
[38;5;159m[Genesis] [12:24:39] [INFO] Running at [38;5;121m78.55[0m[38;5;159m FPS ([38;5;121m78.55[0m[38;5;159m FPS per env, [38;5;121m1[0m[38;5;159m envs).[0m
[38;5;159m[Genesis] [12:24:39] [INFO] Running at [38;5;121m78.58[0m[38;5;159m FPS ([38;5;121m78.58[0m[38;5;159m FPS per env, [38;5;121m1[0m[38;5;159m envs).[0m
[38;5;159m[Genesis] [12:24:40] [INFO] Running at [38;5;121m78.60[0m[38;5;159m FPS ([38;5;121m78.60[0m[38;5;159m FPS per env, [38;5;121m1[0m[38;5;159m envs).[0m
[38;5;159m[Genesis] [12:24:40] [INFO] Running at [38;5;121m78.63[0m[38;5;159m FPS ([38;5;121m78.63[0m[38;5;159m FPS per env, [38;5;121m1[0m[38;5;159m envs).[0m
[38;5;159m[Genesis] [12:24:40] [INFO] Running at [38;5;121m78.65[0m[38;5;159m FPS ([38;5;121m78.65[0m[38;5;159m FPS per env, [38;5;121m1[0m[38;5;159m envs).[0m
[38;5;159m[Genesis] [12:24:40] [INFO] Running at [38;5;121m78.63[0m[38;5;159m FPS ([38;5;121m78.63[0m[38;5;159m FPS per env, [38;5;121m1[0m[38;5;159m envs).[0m
[38;5;159m[Genesis] [12:24:40] [INFO] Running at [38;5;121m78.61[0m[38;5;159m FPS ([38;5;121m78.61[0m[38;5;159m FPS per env, [38;5;121m1[0m[38;5;159m envs).[0m
[38;5;159m[Genesis] [12:24:40] [INFO] Running at [38;5;121m78.59[0m[38;5;159m FPS ([38;5;121m78.59[0m[38;5;159m FPS per env, [38;5;121m1[0m[38;5;159m envs).[0m
[38;5;159m[Genesis] [12:24:40] [INFO] Running at [38;5;121m78.59[0m[38;5;159m FPS ([38;5;121m78.59[0m[38;5;159m FPS per env, [38;5;121m1[0m[38;5;159m envs).[0m
[38;5;159m[Genesis] [12:24:40] [INFO] Running at [38;5;121m78.59[0m[38;5;159m FPS ([38;5;121m78.59[0m[38;5;159m FPS per env, [38;5;121m1[0m[38;5;159m envs).[0m
[38;5;159m[Genesis] [12:24:40] [INFO] Running at [38;5;121m78.62[0m[38;5;159m FPS ([38;5;121m78.62[0m[38;5;159m FPS per env, [38;5;121m1[0m[38;5;159m envs).[0m
[38;5;159m[Genesis] [12:24:40] [INFO] Running at [38;5;121m78.64[0m[38;5;159m FPS ([38;5;121m78.64[0m[38;5;159m FPS per env, [38;5;121m1[0m[38;5;159m envs).[0m
[38;5;159m[Genesis] [12:24:40] [INFO] Running at [38;5;121m78.67[0m[38;5;159m FPS ([38;5;121m78.67[0m[38;5;159m FPS per env, [38;5;121m1[0m[38;5;159m envs).[0m
[38;5;159m[Genesis] [12:24:40] [INFO] Running at [38;5;121m78.18[0m[38;5;159m FPS ([38;5;121m78.18[0m[38;5;159m FPS per env, [38;5;121m1[0m[38;5;159m envs).[0m
[38;5;159m[Genesis] [12:24:40] [INFO] Running at [38;5;121m77.73[0m[38;5;159m FPS ([38;5;121m77.73[0m[38;5;159m FPS per env, [38;5;121m1[0m[38;5;159m envs).[0m
[38;5;159m[Genesis] [12:24:40] [INFO] Running at [38;5;121m77.31[0m[38;5;159m FPS ([38;5;121m77.31[0m[38;5;159m FPS per env, [38;5;121m1[0m[38;5;159m envs).[0m
[38;5;159m[Genesis] [12:24:40] [INFO] Running at [38;5;121m76.92[0m[38;5;159m FPS ([38;5;121m76.92[0m[38;5;159m FPS per env, [38;5;121m1[0m[38;5;159m envs).[0m
[38;5;159m[Genesis] [12:24:40] [INFO] Running at [38;5;121m76.54[0m[38;5;159m FPS ([38;5;121m76.54[0m[38;5;159m FPS per env, [38;5;121m1[0m[38;5;159m envs).[0m
[38;5;159m[Genesis] [12:24:40] [INFO] Running at [38;5;121m75.70[0m[38;5;159m FPS ([38;5;121m75.70[0m[38;5;159m FPS per env, [38;5;121m1[0m[38;5;159m envs).[0m
[38;5;159m[Genesis] [12:24:40] [INFO] Running at [38;5;121m75.12[0m[38;5;159m FPS ([38;5;121m75.12[0m[38;5;159m FPS per env, [38;5;121m1[0m[38;5;159m envs).[0m
[38;5;159m[Genesis] [12:24:41] [INFO] Running at [38;5;121m74.75[0m[38;5;159m FPS ([38;5;121m74.75[0m[38;5;159m FPS per env, [38;5;121m1[0m[38;5;159m envs).[0m
[38;5;159m[Genesis] [12:24:41] [INFO] Running at [38;5;121m74.15[0m[38;5;159m FPS ([38;5;121m74.15[0m[38;5;159m FPS per env, [38;5;121m1[0m[38;5;159m envs).[0m
[38;5;159m[Genesis] [12:24:41] [INFO] Running at [38;5;121m74.26[0m[38;5;159m FPS ([38;5;121m74.26[0m[38;5;159m FPS per env, [38;5;121m1[0m[38;5;159m envs).[0m
[38;5;159m[Genesis] [12:24:41] [INFO] Running at [38;5;121m74.02[0m[38;5;159m FPS ([38;5;121m74.02[0m[38;5;159m FPS per env, [38;5;121m1[0m[38;5;159m envs).[0m
[38;5;159m[Genesis] [12:24:41] [INFO] Running at [38;5;121m73.73[0m[38;5;159m FPS ([38;5;121m73.73[0m[38;5;159m FPS per env, [38;5;121m1[0m[38;5;159m envs).[0m
[38;5;159m[Genesis] [12:24:41] [INFO] Running at [38;5;121m73.54[0m[38;5;159m FPS ([38;5;121m73.54[0m[38;5;159m FPS per env, [38;5;121m1[0m[38;5;159m envs).[0m
[38;5;159m[Genesis] [12:24:41] [INFO] Running at [38;5;121m73.47[0m[38;5;159m FPS ([38;5;121m73.47[0m[38;5;159m FPS per env, [38;5;121m1[0m[38;5;159m envs).[0m
[38;5;159m[Genesis] [12:24:41] [INFO] Running at [38;5;121m73.75[0m[38;5;159m FPS ([38;5;121m73.75[0m[38;5;159m FPS per env, [38;5;121m1[0m[38;5;159m envs).[0m
[38;5;159m[Genesis] [12:24:41] [INFO] Running at [38;5;121m74.01[0m[38;5;159m FPS ([38;5;121m74.01[0m[38;5;159m FPS per env, [38;5;121m1[0m[38;5;159m envs).[0m
[38;5;159m[Genesis] [12:24:41] [INFO] Running at [38;5;121m74.27[0m[38;5;159m FPS ([38;5;121m74.27[0m[38;5;159m FPS per env, [38;5;121m1[0m[38;5;159m envs).[0m
[38;5;159m[Genesis] [12:24:41] [INFO] Running at [38;5;121m74.52[0m[38;5;159m FPS ([38;5;121m74.52[0m[38;5;159m FPS per env, [38;5;121m1[0m[38;5;159m envs).[0m
[38;5;159m[Genesis] [12:24:41] [INFO] Running at [38;5;121m74.75[0m[38;5;159m FPS ([38;5;121m74.75[0m[38;5;159m FPS per env, [38;5;121m1[0m[38;5;159m envs).[0m
[38;5;159m[Genesis] [12:24:41] [INFO] Running at [38;5;121m74.98[0m[38;5;159m FPS ([38;5;121m74.98[0m[38;5;159m FPS per env, [38;5;121m1[0m[38;5;159m envs).[0m
[38;5;159m[Genesis] [12:24:41] [INFO] Running at [38;5;121m75.18[0m[38;5;159m FPS ([38;5;121m75.18[0m[38;5;159m FPS per env, [38;5;121m1[0m[38;5;159m envs).[0m
[38;5;159m[Genesis] [12:24:41] [INFO] Running at [38;5;121m75.18[0m[38;5;159m FPS ([38;5;121m75.18[0m[38;5;159m FPS per env, [38;5;121m1[0m[38;5;159m envs).[0m
[38;5;159m[Genesis] [12:24:41] [INFO] Running at [38;5;121m74.92[0m[38;5;159m FPS ([38;5;121m74.92[0m[38;5;159m FPS per env, [38;5;121m1[0m[38;5;159m envs).[0m
[38;5;159m[Genesis] [12:24:41] [INFO] Running at [38;5;121m74.68[0m[38;5;159m FPS ([38;5;121m74.68[0m[38;5;159m FPS per env, [38;5;121m1[0m[38;5;159m envs).[0m
[38;5;159m[Genesis] [12:24:41] [INFO] Running at [38;5;121m74.44[0m[38;5;159m FPS ([38;5;121m74.44[0m[38;5;159m FPS per env, [38;5;121m1[0m[38;5;159m envs).[0m
[38;5;159m[Genesis] [12:24:41] [INFO] Running at [38;5;121m74.56[0m[38;5;159m FPS ([38;5;121m74.56[0m[38;5;159m FPS per env, [38;5;121m1[0m[38;5;159m envs).[0m
[38;5;159m[Genesis] [12:24:42] [INFO] Running at [38;5;121m74.79[0m[38;5;159m FPS ([38;5;121m74.79[0m[38;5;159m FPS per env, [38;5;121m1[0m[38;5;159m envs).[0m
[38;5;159m[Genesis] [12:24:42] [INFO] Running at [38;5;121m74.89[0m[38;5;159m FPS ([38;5;121m74.89[0m[38;5;159m FPS per env, [38;5;121m1[0m[38;5;159m envs).[0m
[38;5;159m[Genesis] [12:24:42] [INFO] Running at [38;5;121m75.09[0m[38;5;159m FPS ([38;5;121m75.09[0m[38;5;159m FPS per env, [38;5;121m1[0m[38;5;159m envs).[0m
[38;5;159m[Genesis] [12:24:42] [INFO] Running at [38;5;121m75.14[0m[38;5;159m FPS ([38;5;121m75.14[0m[38;5;159m FPS per env, [38;5;121m1[0m[38;5;159m envs).[0m
[38;5;159m[Genesis] [12:24:42] [INFO] Running at [38;5;121m75.34[0m[38;5;159m FPS ([38;5;121m75.34[0m[38;5;159m FPS per env, [38;5;121m1[0m[38;5;159m envs).[0m
[38;5;159m[Genesis] [12:24:42] [INFO] Running at [38;5;121m75.53[0m[38;5;159m FPS ([38;5;121m75.53[0m[38;5;159m FPS per env, [38;5;121m1[0m[38;5;159m envs).[0m
[38;5;159m[Genesis] [12:24:42] [INFO] Running at [38;5;121m75.70[0m[38;5;159m FPS ([38;5;121m75.70[0m[38;5;159m FPS per env, [38;5;121m1[0m[38;5;159m envs).[0m
[38;5;159m[Genesis] [12:24:42] [INFO] Running at [38;5;121m75.40[0m[38;5;159m FPS ([38;5;121m75.40[0m[38;5;159m FPS per env, [38;5;121m1[0m[38;5;159m envs).[0m
[38;5;159m[Genesis] [12:24:42] [INFO] Running at [38;5;121m75.12[0m[38;5;159m FPS ([38;5;121m75.12[0m[38;5;159m FPS per env, [38;5;121m1[0m[38;5;159m envs).[0m
[38;5;159m[Genesis] [12:24:42] [INFO] Running at [38;5;121m74.86[0m[38;5;159m FPS ([38;5;121m74.86[0m[38;5;159m FPS per env, [38;5;121m1[0m[38;5;159m envs).[0m
[38;5;159m[Genesis] [12:24:42] [INFO] Running at [38;5;121m74.85[0m[38;5;159m FPS ([38;5;121m74.85[0m[38;5;159m FPS per env, [38;5;121m1[0m[38;5;159m envs).[0m
[38;5;159m[Genesis] [12:24:42] [INFO] Running at [38;5;121m75.07[0m[38;5;159m FPS ([38;5;121m75.07[0m[38;5;159m FPS per env, [38;5;121m1[0m[38;5;159m envs).[0m
[38;5;159m[Genesis] [12:24:42] [INFO] Running at [38;5;121m75.29[0m[38;5;159m FPS ([38;5;121m75.29[0m[38;5;159m FPS per env, [38;5;121m1[0m[38;5;159m envs).[0m
[38;5;159m[Genesis] [12:24:42] [INFO] Running at [38;5;121m75.49[0m[38;5;159m FPS ([38;5;121m75.49[0m[38;5;159m FPS per env, [38;5;121m1[0m[38;5;159m envs).[0m
[38;5;159m[Genesis] [12:24:42] [INFO] Running at [38;5;121m75.69[0m[38;5;159m FPS ([38;5;121m75.69[0m[38;5;159m FPS per env, [38;5;121m1[0m[38;5;159m envs).[0m
[38;5;159m[Genesis] [12:24:42] [INFO] Running at [38;5;121m75.89[0m[38;5;159m FPS ([38;5;121m75.89[0m[38;5;159m FPS per env, [38;5;121m1[0m[38;5;159m envs).[0m
[38;5;159m[Genesis] [12:24:42] [INFO] Running at [38;5;121m76.08[0m[38;5;159m FPS ([38;5;121m76.08[0m[38;5;159m FPS per env, [38;5;121m1[0m[38;5;159m envs).[0m
[38;5;159m[Genesis] [12:24:42] [INFO] Running at [38;5;121m76.25[0m[38;5;159m FPS ([38;5;121m76.25[0m[38;5;159m FPS per env, [38;5;121m1[0m[38;5;159m envs).[0m
[38;5;159m[Genesis] [12:24:42] [INFO] Running at [38;5;121m76.16[0m[38;5;159m FPS ([38;5;121m76.16[0m[38;5;159m FPS per env, [38;5;121m1[0m[38;5;159m envs).[0m
[38;5;159m[Genesis] [12:24:43] [INFO] Running at [38;5;121m75.86[0m[38;5;159m FPS ([38;5;121m75.86[0m[38;5;159m FPS per env, [38;5;121m1[0m[38;5;159m envs).[0m
[38;5;159m[Genesis] [12:24:43] [INFO] Running at [38;5;121m75.57[0m[38;5;159m FPS ([38;5;121m75.57[0m[38;5;159m FPS per env, [38;5;121m1[0m[38;5;159m envs).[0m
[38;5;159m[Genesis] [12:24:43] [INFO] Running at [38;5;121m75.29[0m[38;5;159m FPS ([38;5;121m75.29[0m[38;5;159m FPS per env, [38;5;121m1[0m[38;5;159m envs).[0m
[38;5;159m[Genesis] [12:24:43] [INFO] Running at [38;5;121m75.49[0m[38;5;159m FPS ([38;5;121m75.49[0m[38;5;159m FPS per env, [38;5;121m1[0m[38;5;159m envs).[0m
[38;5;159m[Genesis] [12:24:43] [INFO] Running at [38;5;121m75.67[0m[38;5;159m FPS ([38;5;121m75.67[0m[38;5;159m FPS per env, [38;5;121m1[0m[38;5;159m envs).[0m
[38;5;159m[Genesis] [12:24:43] [INFO] Running at [38;5;121m75.69[0m[38;5;159m FPS ([38;5;121m75.69[0m[38;5;159m FPS per env, [38;5;121m1[0m[38;5;159m envs).[0m
[38;5;159m[Genesis] [12:24:43] [INFO] Running at [38;5;121m75.87[0m[38;5;159m FPS ([38;5;121m75.87[0m[38;5;159m FPS per env, [38;5;121m1[0m[38;5;159m envs).[0m
[38;5;159m[Genesis] [12:24:43] [INFO] Running at [38;5;121m76.05[0m[38;5;159m FPS ([38;5;121m76.05[0m[38;5;159m FPS per env, [38;5;121m1[0m[38;5;159m envs).[0m
[38;5;159m[Genesis] [12:24:43] [INFO] Running at [38;5;121m76.22[0m[38;5;159m FPS ([38;5;121m76.22[0m[38;5;159m FPS per env, [38;5;121m1[0m[38;5;159m envs).[0m
[38;5;159m[Genesis] [12:24:43] [INFO] Running at [38;5;121m76.38[0m[38;5;159m FPS ([38;5;121m76.38[0m[38;5;159m FPS per env, [38;5;121m1[0m[38;5;159m envs).[0m
[38;5;159m[Genesis] [12:24:43] [INFO] Running at [38;5;121m76.47[0m[38;5;159m FPS ([38;5;121m76.47[0m[38;5;159m FPS per env, [38;5;121m1[0m[38;5;159m envs).[0m
[38;5;159m[Genesis] [12:24:43] [INFO] Running at [38;5;121m76.15[0m[38;5;159m FPS ([38;5;121m76.15[0m[38;5;159m FPS per env, [38;5;121m1[0m[38;5;159m envs).[0m
[38;5;159m[Genesis] [12:24:43] [INFO] Running at [38;5;121m75.83[0m[38;5;159m FPS ([38;5;121m75.83[0m[38;5;159m FPS per env, [38;5;121m1[0m[38;5;159m envs).[0m
[38;5;159m[Genesis] [12:24:43] [INFO] Running at [38;5;121m75.53[0m[38;5;159m FPS ([38;5;121m75.53[0m[38;5;159m FPS per env, [38;5;121m1[0m[38;5;159m envs).[0m
[38;5;159m[Genesis] [12:24:43] [INFO] Running at [38;5;121m75.49[0m[38;5;159m FPS ([38;5;121m75.49[0m[38;5;159m FPS per env, [38;5;121m1[0m[38;5;159m envs).[0m
[38;5;159m[Genesis] [12:24:43] [INFO] Running at [38;5;121m75.68[0m[38;5;159m FPS ([38;5;121m75.68[0m[38;5;159m FPS per env, [38;5;121m1[0m[38;5;159m envs).[0m
[38;5;159m[Genesis] [12:24:43] [INFO] Running at [38;5;121m75.88[0m[38;5;159m FPS ([38;5;121m75.88[0m[38;5;159m FPS per env, [38;5;121m1[0m[38;5;159m envs).[0m
[38;5;159m[Genesis] [12:24:43] [INFO] Running at [38;5;121m76.06[0m[38;5;159m FPS ([38;5;121m76.06[0m[38;5;159m FPS per env, [38;5;121m1[0m[38;5;159m envs).[0m
[38;5;159m[Genesis] [12:24:43] [INFO] Running at [38;5;121m76.21[0m[38;5;159m FPS ([38;5;121m76.21[0m[38;5;159m FPS per env, [38;5;121m1[0m[38;5;159m envs).[0m
[38;5;159m[Genesis] [12:24:44] [INFO] Running at [38;5;121m76.38[0m[38;5;159m FPS ([38;5;121m76.38[0m[38;5;159m FPS per env, [38;5;121m1[0m[38;5;159m envs).[0m
[38;5;159m[Genesis] [12:24:44] [INFO] Running at [38;5;121m76.53[0m[38;5;159m FPS ([38;5;121m76.53[0m[38;5;159m FPS per env, [38;5;121m1[0m[38;5;159m envs).[0m
[38;5;159m[Genesis] [12:24:44] [INFO] Running at [38;5;121m76.67[0m[38;5;159m FPS ([38;5;121m76.67[0m[38;5;159m FPS per env, [38;5;121m1[0m[38;5;159m envs).[0m
[38;5;159m[Genesis] [12:24:44] [INFO] Running at [38;5;121m76.40[0m[38;5;159m FPS ([38;5;121m76.40[0m[38;5;159m FPS per env, [38;5;121m1[0m[38;5;159m envs).[0m
[38;5;159m[Genesis] [12:24:44] [INFO] Running at [38;5;121m76.08[0m[38;5;159m FPS ([38;5;121m76.08[0m[38;5;159m FPS per env, [38;5;121m1[0m[38;5;159m envs).[0m
[38;5;159m[Genesis] [12:24:44] [INFO] Running at [38;5;121m75.76[0m[38;5;159m FPS ([38;5;121m75.76[0m[38;5;159m FPS per env, [38;5;121m1[0m[38;5;159m envs).[0m
[38;5;159m[Genesis] [12:24:44] [INFO] Running at [38;5;121m75.51[0m[38;5;159m FPS ([38;5;121m75.51[0m[38;5;159m FPS per env, [38;5;121m1[0m[38;5;159m envs).[0m
[38;5;159m[Genesis] [12:24:44] [INFO] Running at [38;5;121m75.69[0m[38;5;159m FPS ([38;5;121m75.69[0m[38;5;159m FPS per env, [38;5;121m1[0m[38;5;159m envs).[0m
[38;5;159m[Genesis] [12:24:44] [INFO] Running at [38;5;121m75.73[0m[38;5;159m FPS ([38;5;121m75.73[0m[38;5;159m FPS per env, [38;5;121m1[0m[38;5;159m envs).[0m
[38;5;159m[Genesis] [12:24:44] [INFO] Running at [38;5;121m75.90[0m[38;5;159m FPS ([38;5;121m75.90[0m[38;5;159m FPS per env, [38;5;121m1[0m[38;5;159m envs).[0m
[38;5;159m[Genesis] [12:24:44] [INFO] Running at [38;5;121m75.96[0m[38;5;159m FPS ([38;5;121m75.96[0m[38;5;159m FPS per env, [38;5;121m1[0m[38;5;159m envs).[0m
[38;5;159m[Genesis] [12:24:44] [INFO] Running at [38;5;121m75.66[0m[38;5;159m FPS ([38;5;121m75.66[0m[38;5;159m FPS per env, [38;5;121m1[0m[38;5;159m envs).[0m
[38;5;159m[Genesis] [12:24:44] [INFO] Running at [38;5;121m75.37[0m[38;5;159m FPS ([38;5;121m75.37[0m[38;5;159m FPS per env, [38;5;121m1[0m[38;5;159m envs).[0m
[38;5;159m[Genesis] [12:24:44] [INFO] Running at [38;5;121m75.10[0m[38;5;159m FPS ([38;5;121m75.10[0m[38;5;159m FPS per env, [38;5;121m1[0m[38;5;159m envs).[0m
[38;5;159m[Genesis] [12:24:44] [INFO] Running at [38;5;121m75.19[0m[38;5;159m FPS ([38;5;121m75.19[0m[38;5;159m FPS per env, [38;5;121m1[0m[38;5;159m envs).[0m
[38;5;159m[Genesis] [12:24:44] [INFO] Running at [38;5;121m75.40[0m[38;5;159m FPS ([38;5;121m75.40[0m[38;5;159m FPS per env, [38;5;121m1[0m[38;5;159m envs).[0m
[38;5;159m[Genesis] [12:24:44] [INFO] Running at [38;5;121m75.60[0m[38;5;159m FPS ([38;5;121m75.60[0m[38;5;159m FPS per env, [38;5;121m1[0m[38;5;159m envs).[0m
[38;5;159m[Genesis] [12:24:44] [INFO] Running at [38;5;121m75.79[0m[38;5;159m FPS ([38;5;121m75.79[0m[38;5;159m FPS per env, [38;5;121m1[0m[38;5;159m envs).[0m
[38;5;159m[Genesis] [12:24:44] [INFO] Running at [38;5;121m75.98[0m[38;5;159m FPS ([38;5;121m75.98[0m[38;5;159m FPS per env, [38;5;121m1[0m[38;5;159m envs).[0m
[38;5;159m[Genesis] [12:24:45] [INFO] Running at [38;5;121m76.15[0m[38;5;159m FPS ([38;5;121m76.15[0m[38;5;159m FPS per env, [38;5;121m1[0m[38;5;159m envs).[0m
[38;5;159m[Genesis] [12:24:45] [INFO] Running at [38;5;121m76.32[0m[38;5;159m FPS ([38;5;121m76.32[0m[38;5;159m FPS per env, [38;5;121m1[0m[38;5;159m envs).[0m
[38;5;159m[Genesis] [12:24:45] [INFO] Running at [38;5;121m76.49[0m[38;5;159m FPS ([38;5;121m76.49[0m[38;5;159m FPS per env, [38;5;121m1[0m[38;5;159m envs).[0m
[38;5;159m[Genesis] [12:24:45] [INFO] Running at [38;5;121m76.28[0m[38;5;159m FPS ([38;5;121m76.28[0m[38;5;159m FPS per env, [38;5;121m1[0m[38;5;159m envs).[0m
[38;5;159m[Genesis] [12:24:45] [INFO] Running at [38;5;121m75.97[0m[38;5;159m FPS ([38;5;121m75.97[0m[38;5;159m FPS per env, [38;5;121m1[0m[38;5;159m envs).[0m
[38;5;159m[Genesis] [12:24:45] [INFO] Running at [38;5;121m75.68[0m[38;5;159m FPS ([38;5;121m75.68[0m[38;5;159m FPS per env, [38;5;121m1[0m[38;5;159m envs).[0m
[38;5;159m[Genesis] [12:24:45] [INFO] Running at [38;5;121m75.50[0m[38;5;159m FPS ([38;5;121m75.50[0m[38;5;159m FPS per env, [38;5;121m1[0m[38;5;159m envs).[0m
[38;5;159m[Genesis] [12:24:45] [INFO] Running at [38;5;121m75.70[0m[38;5;159m FPS ([38;5;121m75.70[0m[38;5;159m FPS per env, [38;5;121m1[0m[38;5;159m envs).[0m
[38;5;159m[Genesis] [12:24:45] [INFO] Running at [38;5;121m75.90[0m[38;5;159m FPS ([38;5;121m75.90[0m[38;5;159m FPS per env, [38;5;121m1[0m[38;5;159m envs).[0m
[38;5;159m[Genesis] [12:24:45] [INFO] Running at [38;5;121m76.07[0m[38;5;159m FPS ([38;5;121m76.07[0m[38;5;159m FPS per env, [38;5;121m1[0m[38;5;159m envs).[0m
[38;5;159m[Genesis] [12:24:45] [INFO] Running at [38;5;121m75.96[0m[38;5;159m FPS ([38;5;121m75.96[0m[38;5;159m FPS per env, [38;5;121m1[0m[38;5;159m envs).[0m
[38;5;159m[Genesis] [12:24:45] [INFO] Running at [38;5;121m75.64[0m[38;5;159m FPS ([38;5;121m75.64[0m[38;5;159m FPS per env, [38;5;121m1[0m[38;5;159m envs).[0m
[38;5;159m[Genesis] [12:24:45] [INFO] Running at [38;5;121m75.35[0m[38;5;159m FPS ([38;5;121m75.35[0m[38;5;159m FPS per env, [38;5;121m1[0m[38;5;159m envs).[0m
[38;5;159m[Genesis] [12:24:45] [INFO] Running at [38;5;121m75.09[0m[38;5;159m FPS ([38;5;121m75.09[0m[38;5;159m FPS per env, [38;5;121m1[0m[38;5;159m envs).[0m
[38;5;159m[Genesis] [12:24:45] [INFO] Running at [38;5;121m75.21[0m[38;5;159m FPS ([38;5;121m75.21[0m[38;5;159m FPS per env, [38;5;121m1[0m[38;5;159m envs).[0m
[38;5;159m[Genesis] [12:24:45] [INFO] Running at [38;5;121m75.42[0m[38;5;159m FPS ([38;5;121m75.42[0m[38;5;159m FPS per env, [38;5;121m1[0m[38;5;159m envs).[0m
[38;5;159m[Genesis] [12:24:45] [INFO] Running at [38;5;121m75.62[0m[38;5;159m FPS ([38;5;121m75.62[0m[38;5;159m FPS per env, [38;5;121m1[0m[38;5;159m envs).[0m
[38;5;159m[Genesis] [12:24:45] [INFO] Running at [38;5;121m75.81[0m[38;5;159m FPS ([38;5;121m75.81[0m[38;5;159m FPS per env, [38;5;121m1[0m[38;5;159m envs).[0m
[38;5;159m[Genesis] [12:24:45] [INFO] Running at [38;5;121m75.98[0m[38;5;159m FPS ([38;5;121m75.98[0m[38;5;159m FPS per env, [38;5;121m1[0m[38;5;159m envs).[0m
[38;5;159m[Genesis] [12:24:46] [INFO] Running at [38;5;121m76.16[0m[38;5;159m FPS ([38;5;121m76.16[0m[38;5;159m FPS per env, [38;5;121m1[0m[38;5;159m envs).[0m
[38;5;159m[Genesis] [12:24:46] [INFO] Running at [38;5;121m76.32[0m[38;5;159m FPS ([38;5;121m76.32[0m[38;5;159m FPS per env, [38;5;121m1[0m[38;5;159m envs).[0m
[38;5;159m[Genesis] [12:24:46] [INFO] Running at [38;5;121m76.47[0m[38;5;159m FPS ([38;5;121m76.47[0m[38;5;159m FPS per env, [38;5;121m1[0m[38;5;159m envs).[0m
[38;5;159m[Genesis] [12:24:46] [INFO] Running at [38;5;121m76.27[0m[38;5;159m FPS ([38;5;121m76.27[0m[38;5;159m FPS per env, [38;5;121m1[0m[38;5;159m envs).[0m
[38;5;159m[Genesis] [12:24:46] [INFO] Running at [38;5;121m75.96[0m[38;5;159m FPS ([38;5;121m75.96[0m[38;5;159m FPS per env, [38;5;121m1[0m[38;5;159m envs).[0m
[38;5;159m[Genesis] [12:24:46] [INFO] Running at [38;5;121m75.67[0m[38;5;159m FPS ([38;5;121m75.67[0m[38;5;159m FPS per env, [38;5;121m1[0m[38;5;159m envs).[0m
[38;5;159m[Genesis] [12:24:46] [INFO] Running at [38;5;121m75.49[0m[38;5;159m FPS ([38;5;121m75.49[0m[38;5;159m FPS per env, [38;5;121m1[0m[38;5;159m envs).[0m
[38;5;159m[Genesis] [12:24:46] [INFO] Running at [38;5;121m75.68[0m[38;5;159m FPS ([38;5;121m75.68[0m[38;5;159m FPS per env, [38;5;121m1[0m[38;5;159m envs).[0m
[38;5;159m[Genesis] [12:24:46] [INFO] Running at [38;5;121m75.88[0m[38;5;159m FPS ([38;5;121m75.88[0m[38;5;159m FPS per env, [38;5;121m1[0m[38;5;159m envs).[0m
[38;5;159m[Genesis] [12:24:46] [INFO] Running at [38;5;121m76.05[0m[38;5;159m FPS ([38;5;121m76.05[0m[38;5;159m FPS per env, [38;5;121m1[0m[38;5;159m envs).[0m
[38;5;159m[Genesis] [12:24:46] [INFO] Running at [38;5;121m76.11[0m[38;5;159m FPS ([38;5;121m76.11[0m[38;5;159m FPS per env, [38;5;121m1[0m[38;5;159m envs).[0m
[38;5;159m[Genesis] [12:24:46] [INFO] Running at [38;5;121m75.81[0m[38;5;159m FPS ([38;5;121m75.81[0m[38;5;159m FPS per env, [38;5;121m1[0m[38;5;159m envs).[0m
[38;5;159m[Genesis] [12:24:46] [INFO] Running at [38;5;121m75.35[0m[38;5;159m FPS ([38;5;121m75.35[0m[38;5;159m FPS per env, [38;5;121m1[0m[38;5;159m envs).[0m
[38;5;159m[Genesis] [12:24:46] [INFO] Running at [38;5;121m75.08[0m[38;5;159m FPS ([38;5;121m75.08[0m[38;5;159m FPS per env, [38;5;121m1[0m[38;5;159m envs).[0m
[38;5;159m[Genesis] [12:24:46] [INFO] Running at [38;5;121m75.17[0m[38;5;159m FPS ([38;5;121m75.17[0m[38;5;159m FPS per env, [38;5;121m1[0m[38;5;159m envs).[0m
[38;5;159m[Genesis] [12:24:46] [INFO] Running at [38;5;121m75.39[0m[38;5;159m FPS ([38;5;121m75.39[0m[38;5;159m FPS per env, [38;5;121m1[0m[38;5;159m envs).[0m
[38;5;159m[Genesis] [12:24:46] [INFO] Running at [38;5;121m75.60[0m[38;5;159m FPS ([38;5;121m75.60[0m[38;5;159m FPS per env, [38;5;121m1[0m[38;5;159m envs).[0m
[38;5;159m[Genesis] [12:24:46] [INFO] Running at [38;5;121m75.79[0m[38;5;159m FPS ([38;5;121m75.79[0m[38;5;159m FPS per env, [38;5;121m1[0m[38;5;159m envs).[0m
[38;5;159m[Genesis] [12:24:46] [INFO] Running at [38;5;121m75.52[0m[38;5;159m FPS ([38;5;121m75.52[0m[38;5;159m FPS per env, [38;5;121m1[0m[38;5;159m envs).[0m
[38;5;159m[Genesis] [12:24:47] [INFO] Running at [38;5;121m75.26[0m[38;5;159m FPS ([38;5;121m75.26[0m[38;5;159m FPS per env, [38;5;121m1[0m[38;5;159m envs).[0m
[38;5;159m[Genesis] [12:24:47] [INFO] Running at [38;5;121m74.84[0m[38;5;159m FPS ([38;5;121m74.84[0m[38;5;159m FPS per env, [38;5;121m1[0m[38;5;159m envs).[0m
[38;5;159m[Genesis] [12:24:47] [INFO] Running at [38;5;121m74.70[0m[38;5;159m FPS ([38;5;121m74.70[0m[38;5;159m FPS per env, [38;5;121m1[0m[38;5;159m envs).[0m
[38;5;159m[Genesis] [12:24:47] [INFO] Running at [38;5;121m74.94[0m[38;5;159m FPS ([38;5;121m74.94[0m[38;5;159m FPS per env, [38;5;121m1[0m[38;5;159m envs).[0m
[38;5;159m[Genesis] [12:24:47] [INFO] Running at [38;5;121m75.17[0m[38;5;159m FPS ([38;5;121m75.17[0m[38;5;159m FPS per env, [38;5;121m1[0m[38;5;159m envs).[0m
[38;5;159m[Genesis] [12:24:47] [INFO] Running at [38;5;121m75.39[0m[38;5;159m FPS ([38;5;121m75.39[0m[38;5;159m FPS per env, [38;5;121m1[0m[38;5;159m envs).[0m
[38;5;159m[Genesis] [12:24:47] [INFO] Running at [38;5;121m75.33[0m[38;5;159m FPS ([38;5;121m75.33[0m[38;5;159m FPS per env, [38;5;121m1[0m[38;5;159m envs).[0m
[38;5;159m[Genesis] [12:24:47] [INFO] Running at [38;5;121m75.06[0m[38;5;159m FPS ([38;5;121m75.06[0m[38;5;159m FPS per env, [38;5;121m1[0m[38;5;159m envs).[0m
[38;5;159m[Genesis] [12:24:47] [INFO] Running at [38;5;121m74.83[0m[38;5;159m FPS ([38;5;121m74.83[0m[38;5;159m FPS per env, [38;5;121m1[0m[38;5;159m envs).[0m
[38;5;159m[Genesis] [12:24:47] [INFO] Running at [38;5;121m74.60[0m[38;5;159m FPS ([38;5;121m74.60[0m[38;5;159m FPS per env, [38;5;121m1[0m[38;5;159m envs).[0m
[38;5;159m[Genesis] [12:24:47] [INFO] Running at [38;5;121m74.76[0m[38;5;159m FPS ([38;5;121m74.76[0m[38;5;159m FPS per env, [38;5;121m1[0m[38;5;159m envs).[0m
[38;5;159m[Genesis] [12:24:47] [INFO] Running at [38;5;121m75.00[0m[38;5;159m FPS ([38;5;121m75.00[0m[38;5;159m FPS per env, [38;5;121m1[0m[38;5;159m envs).[0m
[38;5;159m[Genesis] [12:24:47] [INFO] Running at [38;5;121m75.22[0m[38;5;159m FPS ([38;5;121m75.22[0m[38;5;159m FPS per env, [38;5;121m1[0m[38;5;159m envs).[0m
[38;5;159m[Genesis] [12:24:47] [INFO] Running at [38;5;121m75.43[0m[38;5;159m FPS ([38;5;121m75.43[0m[38;5;159m FPS per env, [38;5;121m1[0m[38;5;159m envs).[0m
[38;5;159m[Genesis] [12:24:47] [INFO] Running at [38;5;121m75.17[0m[38;5;159m FPS ([38;5;121m75.17[0m[38;5;159m FPS per env, [38;5;121m1[0m[38;5;159m envs).[0m
[38;5;159m[Genesis] [12:24:47] [INFO] Running at [38;5;121m74.77[0m[38;5;159m FPS ([38;5;121m74.77[0m[38;5;159m FPS per env, [38;5;121m1[0m[38;5;159m envs).[0m
[38;5;159m[Genesis] [12:24:47] [INFO] Running at [38;5;121m74.55[0m[38;5;159m FPS ([38;5;121m74.55[0m[38;5;159m FPS per env, [38;5;121m1[0m[38;5;159m envs).[0m
[38;5;159m[Genesis] [12:24:47] [INFO] Running at [38;5;121m74.49[0m[38;5;159m FPS ([38;5;121m74.49[0m[38;5;159m FPS per env, [38;5;121m1[0m[38;5;159m envs).[0m
[38;5;159m[Genesis] [12:24:48] [INFO] Running at [38;5;121m74.72[0m[38;5;159m FPS ([38;5;121m74.72[0m[38;5;159m FPS per env, [38;5;121m1[0m[38;5;159m envs).[0m
[38;5;159m[Genesis] [12:24:48] [INFO] Running at [38;5;121m74.96[0m[38;5;159m FPS ([38;5;121m74.96[0m[38;5;159m FPS per env, [38;5;121m1[0m[38;5;159m envs).[0m
[38;5;159m[Genesis] [12:24:48] [INFO] Running at [38;5;121m75.19[0m[38;5;159m FPS ([38;5;121m75.19[0m[38;5;159m FPS per env, [38;5;121m1[0m[38;5;159m envs).[0m
[38;5;159m[Genesis] [12:24:48] [INFO] Running at [38;5;121m75.41[0m[38;5;159m FPS ([38;5;121m75.41[0m[38;5;159m FPS per env, [38;5;121m1[0m[38;5;159m envs).[0m
[38;5;159m[Genesis] [12:24:48] [INFO] Running at [38;5;121m75.61[0m[38;5;159m FPS ([38;5;121m75.61[0m[38;5;159m FPS per env, [38;5;121m1[0m[38;5;159m envs).[0m
[38;5;159m[Genesis] [12:24:48] [INFO] Running at [38;5;121m75.77[0m[38;5;159m FPS ([38;5;121m75.77[0m[38;5;159m FPS per env, [38;5;121m1[0m[38;5;159m envs).[0m
[38;5;159m[Genesis] [12:24:48] [INFO] Running at [38;5;121m75.96[0m[38;5;159m FPS ([38;5;121m75.96[0m[38;5;159m FPS per env, [38;5;121m1[0m[38;5;159m envs).[0m
[38;5;159m[Genesis] [12:24:48] [INFO] Running at [38;5;121m75.89[0m[38;5;159m FPS ([38;5;121m75.89[0m[38;5;159m FPS per env, [38;5;121m1[0m[38;5;159m envs).[0m
[38;5;159m[Genesis] [12:24:48] [INFO] Running at [38;5;121m75.60[0m[38;5;159m FPS ([38;5;121m75.60[0m[38;5;159m FPS per env, [38;5;121m1[0m[38;5;159m envs).[0m
[38;5;159m[Genesis] [12:24:48] [INFO] Running at [38;5;121m75.34[0m[38;5;159m FPS ([38;5;121m75.34[0m[38;5;159m FPS per env, [38;5;121m1[0m[38;5;159m envs).[0m
[38;5;159m[Genesis] [12:24:48] [INFO] Running at [38;5;121m75.08[0m[38;5;159m FPS ([38;5;121m75.08[0m[38;5;159m FPS per env, [38;5;121m1[0m[38;5;159m envs).[0m
[38;5;159m[Genesis] [12:24:48] [INFO] Running at [38;5;121m75.29[0m[38;5;159m FPS ([38;5;121m75.29[0m[38;5;159m FPS per env, [38;5;121m1[0m[38;5;159m envs).[0m
[38;5;159m[Genesis] [12:24:48] [INFO] Running at [38;5;121m93.29[0m[38;5;159m FPS ([38;5;121m93.29[0m[38;5;159m FPS per env, [38;5;121m1[0m[38;5;159m envs).[0m
[38;5;159m[Genesis] [12:24:48] [INFO] Running at [38;5;121m74.88[0m[38;5;159m FPS ([38;5;121m74.88[0m[38;5;159m FPS per env, [38;5;121m1[0m[38;5;159m envs).[0m
[38;5;159m[Genesis] [12:24:48] [INFO] Running at [38;5;121m75.00[0m[38;5;159m FPS ([38;5;121m75.00[0m[38;5;159m FPS per env, [38;5;121m1[0m[38;5;159m envs).[0m
[38;5;159m[Genesis] [12:24:48] [INFO] Running at [38;5;121m74.78[0m[38;5;159m FPS ([38;5;121m74.78[0m[38;5;159m FPS per env, [38;5;121m1[0m[38;5;159m envs).[0m
[38;5;159m[Genesis] [12:24:48] [INFO] Running at [38;5;121m74.56[0m[38;5;159m FPS ([38;5;121m74.56[0m[38;5;159m FPS per env, [38;5;121m1[0m[38;5;159m envs).[0m
[38;5;159m[Genesis] [12:24:48] [INFO] Running at [38;5;121m74.34[0m[38;5;159m FPS ([38;5;121m74.34[0m[38;5;159m FPS per env, [38;5;121m1[0m[38;5;159m envs).[0m
[38;5;159m[Genesis] [12:24:48] [INFO] Running at [38;5;121m74.33[0m[38;5;159m FPS ([38;5;121m74.33[0m[38;5;159m FPS per env, [38;5;121m1[0m[38;5;159m envs).[0m
[38;5;159m[Genesis] [12:24:49] [INFO] Running at [38;5;121m74.58[0m[38;5;159m FPS ([38;5;121m74.58[0m[38;5;159m FPS per env, [38;5;121m1[0m[38;5;159m envs).[0m
[38;5;159m[Genesis] [12:24:49] [INFO] Running at [38;5;121m74.80[0m[38;5;159m FPS ([38;5;121m74.80[0m[38;5;159m FPS per env, [38;5;121m1[0m[38;5;159m envs).[0m
[38;5;159m[Genesis] [12:24:49] [INFO] Running at [38;5;121m75.04[0m[38;5;159m FPS ([38;5;121m75.04[0m[38;5;159m FPS per env, [38;5;121m1[0m[38;5;159m envs).[0m
[38;5;159m[Genesis] [12:24:49] [INFO] Running at [38;5;121m93.00[0m[38;5;159m FPS ([38;5;121m93.00[0m[38;5;159m FPS per env, [38;5;121m1[0m[38;5;159m envs).[0m
[38;5;159m[Genesis] [12:24:49] [INFO] Running at [38;5;121m74.66[0m[38;5;159m FPS ([38;5;121m74.66[0m[38;5;159m FPS per env, [38;5;121m1[0m[38;5;159m envs).[0m
[38;5;159m[Genesis] [12:24:49] [INFO] Running at [38;5;121m74.90[0m[38;5;159m FPS ([38;5;121m74.90[0m[38;5;159m FPS per env, [38;5;121m1[0m[38;5;159m envs).[0m
[38;5;159m[Genesis] [12:24:49] [INFO] Running at [38;5;121m75.13[0m[38;5;159m FPS ([38;5;121m75.13[0m[38;5;159m FPS per env, [38;5;121m1[0m[38;5;159m envs).[0m
[38;5;159m[Genesis] [12:24:49] [INFO] Running at [38;5;121m74.89[0m[38;5;159m FPS ([38;5;121m74.89[0m[38;5;159m FPS per env, [38;5;121m1[0m[38;5;159m envs).[0m
[38;5;159m[Genesis] [12:24:49] [INFO] Running at [38;5;121m74.66[0m[38;5;159m FPS ([38;5;121m74.66[0m[38;5;159m FPS per env, [38;5;121m1[0m[38;5;159m envs).[0m
[38;5;159m[Genesis] [12:24:49] [INFO] Running at [38;5;121m74.42[0m[38;5;159m FPS ([38;5;121m74.42[0m[38;5;159m FPS per env, [38;5;121m1[0m[38;5;159m envs).[0m
[38;5;159m[Genesis] [12:24:49] [INFO] Running at [38;5;121m74.43[0m[38;5;159m FPS ([38;5;121m74.43[0m[38;5;159m FPS per env, [38;5;121m1[0m[38;5;159m envs).[0m
[38;5;159m[Genesis] [12:24:49] [INFO] Running at [38;5;121m74.68[0m[38;5;159m FPS ([38;5;121m74.68[0m[38;5;159m FPS per env, [38;5;121m1[0m[38;5;159m envs).[0m
[38;5;159m[Genesis] [12:24:49] [INFO] Running at [38;5;121m74.93[0m[38;5;159m FPS ([38;5;121m74.93[0m[38;5;159m FPS per env, [38;5;121m1[0m[38;5;159m envs).[0m
[38;5;159m[Genesis] [12:24:49] [INFO] Running at [38;5;121m74.86[0m[38;5;159m FPS ([38;5;121m74.86[0m[38;5;159m FPS per env, [38;5;121m1[0m[38;5;159m envs).[0m
[38;5;159m[Genesis] [12:24:49] [INFO] Running at [38;5;121m74.82[0m[38;5;159m FPS ([38;5;121m74.82[0m[38;5;159m FPS per env, [38;5;121m1[0m[38;5;159m envs).[0m
[38;5;159m[Genesis] [12:24:49] [INFO] Running at [38;5;121m74.51[0m[38;5;159m FPS ([38;5;121m74.51[0m[38;5;159m FPS per env, [38;5;121m1[0m[38;5;159m envs).[0m
[38;5;159m[Genesis] [12:24:49] [INFO] Running at [38;5;121m74.26[0m[38;5;159m FPS ([38;5;121m74.26[0m[38;5;159m FPS per env, [38;5;121m1[0m[38;5;159m envs).[0m
[38;5;159m[Genesis] [12:24:49] [INFO] Running at [38;5;121m73.96[0m[38;5;159m FPS ([38;5;121m73.96[0m[38;5;159m FPS per env, [38;5;121m1[0m[38;5;159m envs).[0m
[38;5;159m[Genesis] [12:24:49] [INFO] Running at [38;5;121m74.23[0m[38;5;159m FPS ([38;5;121m74.23[0m[38;5;159m FPS per env, [38;5;121m1[0m[38;5;159m envs).[0m
[38;5;159m[Genesis] [12:24:50] [INFO] Running at [38;5;121m74.48[0m[38;5;159m FPS ([38;5;121m74.48[0m[38;5;159m FPS per env, [38;5;121m1[0m[38;5;159m envs).[0m
[38;5;159m[Genesis] [12:24:50] [INFO] Running at [38;5;121m74.55[0m[38;5;159m FPS ([38;5;121m74.55[0m[38;5;159m FPS per env, [38;5;121m1[0m[38;5;159m envs).[0m
[38;5;159m[Genesis] [12:24:50] [INFO] Running at [38;5;121m74.79[0m[38;5;159m FPS ([38;5;121m74.79[0m[38;5;159m FPS per env, [38;5;121m1[0m[38;5;159m envs).[0m
[38;5;159m[Genesis] [12:24:50] [INFO] Running at [38;5;121m75.00[0m[38;5;159m FPS ([38;5;121m75.00[0m[38;5;159m FPS per env, [38;5;121m1[0m[38;5;159m envs).[0m
[38;5;159m[Genesis] [12:24:50] [INFO] Running at [38;5;121m75.22[0m[38;5;159m FPS ([38;5;121m75.22[0m[38;5;159m FPS per env, [38;5;121m1[0m[38;5;159m envs).[0m
[38;5;159m[Genesis] [12:24:50] [INFO] Running at [38;5;121m75.43[0m[38;5;159m FPS ([38;5;121m75.43[0m[38;5;159m FPS per env, [38;5;121m1[0m[38;5;159m envs).[0m
[38;5;159m[Genesis] [12:24:50] [INFO] Running at [38;5;121m75.62[0m[38;5;159m FPS ([38;5;121m75.62[0m[38;5;159m FPS per env, [38;5;121m1[0m[38;5;159m envs).[0m
[38;5;159m[Genesis] [12:24:50] [INFO] Running at [38;5;121m75.82[0m[38;5;159m FPS ([38;5;121m75.82[0m[38;5;159m FPS per env, [38;5;121m1[0m[38;5;159m envs).[0m
[38;5;159m[Genesis] [12:24:50] [INFO] Running at [38;5;121m76.00[0m[38;5;159m FPS ([38;5;121m76.00[0m[38;5;159m FPS per env, [38;5;121m1[0m[38;5;159m envs).[0m
[38;5;159m[Genesis] [12:24:50] [INFO] Running at [38;5;121m76.18[0m[38;5;159m FPS ([38;5;121m76.18[0m[38;5;159m FPS per env, [38;5;121m1[0m[38;5;159m envs).[0m
[38;5;159m[Genesis] [12:24:50] [INFO] Running at [38;5;121m76.33[0m[38;5;159m FPS ([38;5;121m76.33[0m[38;5;159m FPS per env, [38;5;121m1[0m[38;5;159m envs).[0m
[38;5;159m[Genesis] [12:24:50] [INFO] Running at [38;5;121m76.49[0m[38;5;159m FPS ([38;5;121m76.49[0m[38;5;159m FPS per env, [38;5;121m1[0m[38;5;159m envs).[0m
[38;5;159m[Genesis] [12:24:50] [INFO] Running at [38;5;121m76.64[0m[38;5;159m FPS ([38;5;121m76.64[0m[38;5;159m FPS per env, [38;5;121m1[0m[38;5;159m envs).[0m
[38;5;159m[Genesis] [12:24:50] [INFO] Running at [38;5;121m76.77[0m[38;5;159m FPS ([38;5;121m76.77[0m[38;5;159m FPS per env, [38;5;121m1[0m[38;5;159m envs).[0m
[38;5;159m[Genesis] [12:24:50] [INFO] Running at [38;5;121m76.91[0m[38;5;159m FPS ([38;5;121m76.91[0m[38;5;159m FPS per env, [38;5;121m1[0m[38;5;159m envs).[0m
[38;5;159m[Genesis] [12:24:50] [INFO] Running at [38;5;121m77.05[0m[38;5;159m FPS ([38;5;121m77.05[0m[38;5;159m FPS per env, [38;5;121m1[0m[38;5;159m envs).[0m
fps 50
[38;5;159m[Genesis] [12:24:50] [INFO] Saving video to [38;5;121m"test_4000_8.0_behind.mp4"[0m[38;5;159m...[0m
[38;5;159m[Genesis] [12:24:53] [INFO] Video saved.[0m
[38;5;159m[Genesis] [12:24:53] [INFO] Saving video to [38;5;121m"test_4000_8.0_side.mp4"[0m[38;5;159m...[0m
[38;5;159m[Genesis] [12:24:55] [INFO] Video saved.[0m
Saved recordings for checkpoint 4000.
Final yaw-rate error: 6.93 deg/s
[38;5;159m[Genesis] [12:24:56] [INFO] 💤 Exiting Genesis and caching compiled kernels...[0m
