[38;5;159m[Genesis] [06:56:02] [INFO] [38;5;121m╭───────────────────────────────────────────────╮[0m[38;5;159m[0m
[38;5;159m[Genesis] [06:56:02] [INFO] [38;5;121m│┈┉┈┉┈┉┈┉┈┉┈┉┈┉┈┉┈┉┈[0m[38;5;159m [38;5;121m[1m[3mGenesis[0m[38;5;159m [38;5;121m┈┉┈┉┈┉┈┉┈┉┈┉┈┉┈┉┈┉┈│[0m[38;5;159m[0m
[38;5;159m[Genesis] [06:56:02] [INFO] [38;5;121m╰───────────────────────────────────────────────╯[0m[38;5;159m[0m
[38;5;159m[Genesis] [06:56:03] [INFO] Running on [38;5;121m[4m[NVIDIA GeForce RTX 5090][0m[38;5;159m with backend [38;5;121m[4mgs.cuda[0m[38;5;159m. Device memory: [38;5;121m[4m31.36[0m[38;5;159m GB.[0m
[38;5;159m[Genesis] [06:56:03] [INFO] 🚀 Genesis initialized. 🔖 version: [38;5;121m[4m0.4.7[0m[38;5;159m, 🎨 theme: [38;5;121m[4mdark[0m[38;5;159m, 🌱 seed: [38;5;121m[4mNone[0m[38;5;159m, 🐛 debug: [38;5;121m[4mFalse[0m[38;5;159m, 📏 precision: [38;5;121m[4m32[0m[38;5;159m, 🔥 performance: [38;5;121m[4mFalse[0m[38;5;159m, 💬 verbose: [38;5;121m[4mINFO[0m[38;5;159m[0m
[38;5;226m[Genesis] [06:56:06] [WARNING] Viewer option 'n_rendered_envs' is deprecated and will be removed in a future release. Please use 'rendered_envs_idx' instead.[0m
[38;5;159m[Genesis] [06:56:06] [INFO] Scene [38;5;121m[3m<05f055a>[0m[38;5;159m created.[0m
[38;5;159m[Genesis] [06:56:06] [INFO] Adding [38;5;121m<gs.engine.entities.RigidEntity>[0m[38;5;159m. idx: [38;5;121m0[0m[38;5;159m, uid: [38;5;121m[3m<3c1640a>[0m[38;5;159m, morph: [38;5;121m<gs.morphs.Plane>[0m[38;5;159m, material: [38;5;121m<gs.materials.Rigid>[0m[38;5;159m.[0m
[38;5;159m[Genesis] [06:56:06] [INFO] Adding [38;5;121m<gs.engine.entities.RigidEntity>[0m[38;5;159m. idx: [38;5;121m1[0m[38;5;159m, uid: [38;5;121m[3m<9a9a3de>[0m[38;5;159m, morph: [38;5;121m<gs.morphs.URDF(file='/home/jfriesen/.local/lib/python3.12/site-packages/genesis/assets/urdf/go2/urdf/go2.urdf')>[0m[38;5;159m, material: [38;5;121m<gs.materials.Rigid>[0m[38;5;159m.[0m
[38;5;159m[Genesis] [06:56:09] [INFO] Building scene [38;5;121m[3m<05f055a>[0m[38;5;159m...[0m
[38;5;226m[Genesis] [06:56:10] [WARNING] Neutral robot position (qpos0) exceeds joint limits.[0m
[38;5;159m[Genesis] [06:56:10] [INFO] Compiling simulation kernels...[0m
[38;5;159m[Genesis] [06:56:12] [INFO] Building visualizer...[0m
[38;5;226m[Genesis] [06:56:12] [WARNING] This property is deprecated and will be removed in future release. Please use 'dofs_idx_local' instead.[0m
[38;5;226m[Genesis] [06:56:12] [WARNING] This property is deprecated and will be removed in future release. Please use 'dofs_idx_local' instead.[0m
[38;5;226m[Genesis] [06:56:12] [WARNING] This property is deprecated and will be removed in future release. Please use 'dofs_idx_local' instead.[0m
[38;5;226m[Genesis] [06:56:12] [WARNING] This property is deprecated and will be removed in future release. Please use 'dofs_idx_local' instead.[0m
[38;5;226m[Genesis] [06:56:12] [WARNING] This property is deprecated and will be removed in future release. Please use 'dofs_idx_local' instead.[0m
[38;5;226m[Genesis] [06:56:12] [WARNING] This property is deprecated and will be removed in future release. Please use 'dofs_idx_local' instead.[0m
[38;5;226m[Genesis] [06:56:12] [WARNING] This property is deprecated and will be removed in future release. Please use 'dofs_idx_local' instead.[0m
[38;5;226m[Genesis] [06:56:12] [WARNING] This property is deprecated and will be removed in future release. Please use 'dofs_idx_local' instead.[0m
[38;5;226m[Genesis] [06:56:12] [WARNING] This property is deprecated and will be removed in future release. Please use 'dofs_idx_local' instead.[0m
[38;5;226m[Genesis] [06:56:12] [WARNING] This property is deprecated and will be removed in future release. Please use 'dofs_idx_local' instead.[0m
[38;5;226m[Genesis] [06:56:12] [WARNING] This property is deprecated and will be removed in future release. Please use 'dofs_idx_local' instead.[0m
[38;5;226m[Genesis] [06:56:12] [WARNING] This property is deprecated and will be removed in future release. Please use 'dofs_idx_local' instead.[0m
/home/jfriesen/.local/lib/python3.12/site-packages/torch/utils/_device.py:122: UserWarning: To copy construct from a tensor, it is recommended to use sourceTensor.detach().clone() or sourceTensor.detach().clone().requires_grad_(True), rather than torch.tensor(sourceTensor).
  return func(*args, **kwargs)
Actor MLP: Sequential(
  (0): Linear(in_features=51, out_features=512, bias=True)
  (1): ELU(alpha=1.0)
  (2): Linear(in_features=512, out_features=256, bias=True)
  (3): ELU(alpha=1.0)
  (4): Linear(in_features=256, out_features=128, bias=True)
  (5): ELU(alpha=1.0)
  (6): Linear(in_features=128, out_features=12, bias=True)
)
Critic MLP: Sequential(
  (0): Linear(in_features=75, out_features=512, bias=True)
  (1): ELU(alpha=1.0)
  (2): Linear(in_features=512, out_features=256, bias=True)
  (3): ELU(alpha=1.0)
  (4): Linear(in_features=256, out_features=128, bias=True)
  (5): ELU(alpha=1.0)
  (6): Linear(in_features=128, out_features=1, bias=True)
)
[38;5;159m[Genesis] [06:56:14] [INFO] Running at [38;5;121m1.61[0m[38;5;159m FPS ([38;5;121m1.61[0m[38;5;159m FPS per env, [38;5;121m1[0m[38;5;159m envs).[0m
[38;5;159m[Genesis] [06:56:15] [INFO] Running at [38;5;121m11.94[0m[38;5;159m FPS ([38;5;121m11.94[0m[38;5;159m FPS per env, [38;5;121m1[0m[38;5;159m envs).[0m
[38;5;159m[Genesis] [06:56:15] [INFO] Running at [38;5;121m60.37[0m[38;5;159m FPS ([38;5;121m60.37[0m[38;5;159m FPS per env, [38;5;121m1[0m[38;5;159m envs).[0m
[38;5;159m[Genesis] [06:56:15] [INFO] Running at [38;5;121m77.33[0m[38;5;159m FPS ([38;5;121m77.33[0m[38;5;159m FPS per env, [38;5;121m1[0m[38;5;159m envs).[0m
[38;5;159m[Genesis] [06:56:15] [INFO] Running at [38;5;121m77.42[0m[38;5;159m FPS ([38;5;121m77.42[0m[38;5;159m FPS per env, [38;5;121m1[0m[38;5;159m envs).[0m
[38;5;159m[Genesis] [06:56:15] [INFO] Running at [38;5;121m77.52[0m[38;5;159m FPS ([38;5;121m77.52[0m[38;5;159m FPS per env, [38;5;121m1[0m[38;5;159m envs).[0m
[38;5;159m[Genesis] [06:56:15] [INFO] Running at [38;5;121m77.62[0m[38;5;159m FPS ([38;5;121m77.62[0m[38;5;159m FPS per env, [38;5;121m1[0m[38;5;159m envs).[0m
[38;5;159m[Genesis] [06:56:15] [INFO] Running at [38;5;121m77.69[0m[38;5;159m FPS ([38;5;121m77.69[0m[38;5;159m FPS per env, [38;5;121m1[0m[38;5;159m envs).[0m
[38;5;159m[Genesis] [06:56:15] [INFO] Running at [38;5;121m77.77[0m[38;5;159m FPS ([38;5;121m77.77[0m[38;5;159m FPS per env, [38;5;121m1[0m[38;5;159m envs).[0m
[38;5;159m[Genesis] [06:56:15] [INFO] Running at [38;5;121m77.86[0m[38;5;159m FPS ([38;5;121m77.86[0m[38;5;159m FPS per env, [38;5;121m1[0m[38;5;159m envs).[0m
[38;5;159m[Genesis] [06:56:15] [INFO] Running at [38;5;121m77.93[0m[38;5;159m FPS ([38;5;121m77.93[0m[38;5;159m FPS per env, [38;5;121m1[0m[38;5;159m envs).[0m
[38;5;159m[Genesis] [06:56:15] [INFO] Running at [38;5;121m77.99[0m[38;5;159m FPS ([38;5;121m77.99[0m[38;5;159m FPS per env, [38;5;121m1[0m[38;5;159m envs).[0m
[38;5;159m[Genesis] [06:56:15] [INFO] Running at [38;5;121m96.44[0m[38;5;159m FPS ([38;5;121m96.44[0m[38;5;159m FPS per env, [38;5;121m1[0m[38;5;159m envs).[0m
[38;5;159m[Genesis] [06:56:15] [INFO] Running at [38;5;121m77.17[0m[38;5;159m FPS ([38;5;121m77.17[0m[38;5;159m FPS per env, [38;5;121m1[0m[38;5;159m envs).[0m
[38;5;159m[Genesis] [06:56:15] [INFO] Running at [38;5;121m77.24[0m[38;5;159m FPS ([38;5;121m77.24[0m[38;5;159m FPS per env, [38;5;121m1[0m[38;5;159m envs).[0m
[38;5;159m[Genesis] [06:56:15] [INFO] Running at [38;5;121m77.32[0m[38;5;159m FPS ([38;5;121m77.32[0m[38;5;159m FPS per env, [38;5;121m1[0m[38;5;159m envs).[0m
[38;5;159m[Genesis] [06:56:15] [INFO] Running at [38;5;121m77.41[0m[38;5;159m FPS ([38;5;121m77.41[0m[38;5;159m FPS per env, [38;5;121m1[0m[38;5;159m envs).[0m
[38;5;159m[Genesis] [06:56:15] [INFO] Running at [38;5;121m77.43[0m[38;5;159m FPS ([38;5;121m77.43[0m[38;5;159m FPS per env, [38;5;121m1[0m[38;5;159m envs).[0m
[38;5;159m[Genesis] [06:56:15] [INFO] Running at [38;5;121m77.52[0m[38;5;159m FPS ([38;5;121m77.52[0m[38;5;159m FPS per env, [38;5;121m1[0m[38;5;159m envs).[0m
[38;5;159m[Genesis] [06:56:15] [INFO] Running at [38;5;121m77.60[0m[38;5;159m FPS ([38;5;121m77.60[0m[38;5;159m FPS per env, [38;5;121m1[0m[38;5;159m envs).[0m
[38;5;159m[Genesis] [06:56:16] [INFO] Running at [38;5;121m77.65[0m[38;5;159m FPS ([38;5;121m77.65[0m[38;5;159m FPS per env, [38;5;121m1[0m[38;5;159m envs).[0m
[38;5;159m[Genesis] [06:56:16] [INFO] Running at [38;5;121m77.52[0m[38;5;159m FPS ([38;5;121m77.52[0m[38;5;159m FPS per env, [38;5;121m1[0m[38;5;159m envs).[0m
[38;5;159m[Genesis] [06:56:16] [INFO] Running at [38;5;121m77.60[0m[38;5;159m FPS ([38;5;121m77.60[0m[38;5;159m FPS per env, [38;5;121m1[0m[38;5;159m envs).[0m
[38;5;159m[Genesis] [06:56:16] [INFO] Running at [38;5;121m77.62[0m[38;5;159m FPS ([38;5;121m77.62[0m[38;5;159m FPS per env, [38;5;121m1[0m[38;5;159m envs).[0m
[38;5;159m[Genesis] [06:56:16] [INFO] Running at [38;5;121m77.67[0m[38;5;159m FPS ([38;5;121m77.67[0m[38;5;159m FPS per env, [38;5;121m1[0m[38;5;159m envs).[0m
[38;5;159m[Genesis] [06:56:16] [INFO] Running at [38;5;121m77.63[0m[38;5;159m FPS ([38;5;121m77.63[0m[38;5;159m FPS per env, [38;5;121m1[0m[38;5;159m envs).[0m
[38;5;159m[Genesis] [06:56:16] [INFO] Running at [38;5;121m77.70[0m[38;5;159m FPS ([38;5;121m77.70[0m[38;5;159m FPS per env, [38;5;121m1[0m[38;5;159m envs).[0m
[38;5;159m[Genesis] [06:56:16] [INFO] Running at [38;5;121m77.79[0m[38;5;159m FPS ([38;5;121m77.79[0m[38;5;159m FPS per env, [38;5;121m1[0m[38;5;159m envs).[0m
[38;5;159m[Genesis] [06:56:16] [INFO] Running at [38;5;121m77.88[0m[38;5;159m FPS ([38;5;121m77.88[0m[38;5;159m FPS per env, [38;5;121m1[0m[38;5;159m envs).[0m
[38;5;159m[Genesis] [06:56:16] [INFO] Running at [38;5;121m77.94[0m[38;5;159m FPS ([38;5;121m77.94[0m[38;5;159m FPS per env, [38;5;121m1[0m[38;5;159m envs).[0m
[38;5;159m[Genesis] [06:56:16] [INFO] Running at [38;5;121m78.03[0m[38;5;159m FPS ([38;5;121m78.03[0m[38;5;159m FPS per env, [38;5;121m1[0m[38;5;159m envs).[0m
[38;5;159m[Genesis] [06:56:16] [INFO] Running at [38;5;121m78.11[0m[38;5;159m FPS ([38;5;121m78.11[0m[38;5;159m FPS per env, [38;5;121m1[0m[38;5;159m envs).[0m
[38;5;159m[Genesis] [06:56:16] [INFO] Running at [38;5;121m78.18[0m[38;5;159m FPS ([38;5;121m78.18[0m[38;5;159m FPS per env, [38;5;121m1[0m[38;5;159m envs).[0m
[38;5;159m[Genesis] [06:56:16] [INFO] Running at [38;5;121m78.26[0m[38;5;159m FPS ([38;5;121m78.26[0m[38;5;159m FPS per env, [38;5;121m1[0m[38;5;159m envs).[0m
[38;5;159m[Genesis] [06:56:16] [INFO] Running at [38;5;121m78.32[0m[38;5;159m FPS ([38;5;121m78.32[0m[38;5;159m FPS per env, [38;5;121m1[0m[38;5;159m envs).[0m
[38;5;159m[Genesis] [06:56:16] [INFO] Running at [38;5;121m78.37[0m[38;5;159m FPS ([38;5;121m78.37[0m[38;5;159m FPS per env, [38;5;121m1[0m[38;5;159m envs).[0m
[38;5;159m[Genesis] [06:56:16] [INFO] Running at [38;5;121m96.86[0m[38;5;159m FPS ([38;5;121m96.86[0m[38;5;159m FPS per env, [38;5;121m1[0m[38;5;159m envs).[0m
[38;5;159m[Genesis] [06:56:16] [INFO] Running at [38;5;121m77.60[0m[38;5;159m FPS ([38;5;121m77.60[0m[38;5;159m FPS per env, [38;5;121m1[0m[38;5;159m envs).[0m
[38;5;159m[Genesis] [06:56:16] [INFO] Running at [38;5;121m77.69[0m[38;5;159m FPS ([38;5;121m77.69[0m[38;5;159m FPS per env, [38;5;121m1[0m[38;5;159m envs).[0m
[38;5;159m[Genesis] [06:56:16] [INFO] Running at [38;5;121m77.80[0m[38;5;159m FPS ([38;5;121m77.80[0m[38;5;159m FPS per env, [38;5;121m1[0m[38;5;159m envs).[0m
[38;5;159m[Genesis] [06:56:17] [INFO] Running at [38;5;121m77.89[0m[38;5;159m FPS ([38;5;121m77.89[0m[38;5;159m FPS per env, [38;5;121m1[0m[38;5;159m envs).[0m
[38;5;159m[Genesis] [06:56:17] [INFO] Running at [38;5;121m96.29[0m[38;5;159m FPS ([38;5;121m96.29[0m[38;5;159m FPS per env, [38;5;121m1[0m[38;5;159m envs).[0m
[38;5;159m[Genesis] [06:56:17] [INFO] Running at [38;5;121m76.99[0m[38;5;159m FPS ([38;5;121m76.99[0m[38;5;159m FPS per env, [38;5;121m1[0m[38;5;159m envs).[0m
[38;5;159m[Genesis] [06:56:17] [INFO] Running at [38;5;121m77.11[0m[38;5;159m FPS ([38;5;121m77.11[0m[38;5;159m FPS per env, [38;5;121m1[0m[38;5;159m envs).[0m
[38;5;159m[Genesis] [06:56:17] [INFO] Running at [38;5;121m77.24[0m[38;5;159m FPS ([38;5;121m77.24[0m[38;5;159m FPS per env, [38;5;121m1[0m[38;5;159m envs).[0m
[38;5;159m[Genesis] [06:56:17] [INFO] Running at [38;5;121m77.35[0m[38;5;159m FPS ([38;5;121m77.35[0m[38;5;159m FPS per env, [38;5;121m1[0m[38;5;159m envs).[0m
[38;5;159m[Genesis] [06:56:17] [INFO] Running at [38;5;121m95.67[0m[38;5;159m FPS ([38;5;121m95.67[0m[38;5;159m FPS per env, [38;5;121m1[0m[38;5;159m envs).[0m
[38;5;159m[Genesis] [06:56:17] [INFO] Running at [38;5;121m76.70[0m[38;5;159m FPS ([38;5;121m76.70[0m[38;5;159m FPS per env, [38;5;121m1[0m[38;5;159m envs).[0m
[38;5;159m[Genesis] [06:56:17] [INFO] Running at [38;5;121m76.83[0m[38;5;159m FPS ([38;5;121m76.83[0m[38;5;159m FPS per env, [38;5;121m1[0m[38;5;159m envs).[0m
[38;5;159m[Genesis] [06:56:17] [INFO] Running at [38;5;121m95.07[0m[38;5;159m FPS ([38;5;121m95.07[0m[38;5;159m FPS per env, [38;5;121m1[0m[38;5;159m envs).[0m
[38;5;159m[Genesis] [06:56:17] [INFO] Running at [38;5;121m94.19[0m[38;5;159m FPS ([38;5;121m94.19[0m[38;5;159m FPS per env, [38;5;121m1[0m[38;5;159m envs).[0m
[38;5;159m[Genesis] [06:56:17] [INFO] Running at [38;5;121m75.05[0m[38;5;159m FPS ([38;5;121m75.05[0m[38;5;159m FPS per env, [38;5;121m1[0m[38;5;159m envs).[0m
[38;5;159m[Genesis] [06:56:17] [INFO] Running at [38;5;121m74.82[0m[38;5;159m FPS ([38;5;121m74.82[0m[38;5;159m FPS per env, [38;5;121m1[0m[38;5;159m envs).[0m
[38;5;159m[Genesis] [06:56:17] [INFO] Running at [38;5;121m74.58[0m[38;5;159m FPS ([38;5;121m74.58[0m[38;5;159m FPS per env, [38;5;121m1[0m[38;5;159m envs).[0m
[38;5;159m[Genesis] [06:56:17] [INFO] Running at [38;5;121m74.37[0m[38;5;159m FPS ([38;5;121m74.37[0m[38;5;159m FPS per env, [38;5;121m1[0m[38;5;159m envs).[0m
[38;5;159m[Genesis] [06:56:17] [INFO] Running at [38;5;121m74.18[0m[38;5;159m FPS ([38;5;121m74.18[0m[38;5;159m FPS per env, [38;5;121m1[0m[38;5;159m envs).[0m
[38;5;159m[Genesis] [06:56:17] [INFO] Running at [38;5;121m73.99[0m[38;5;159m FPS ([38;5;121m73.99[0m[38;5;159m FPS per env, [38;5;121m1[0m[38;5;159m envs).[0m
[38;5;159m[Genesis] [06:56:17] [INFO] Running at [38;5;121m73.82[0m[38;5;159m FPS ([38;5;121m73.82[0m[38;5;159m FPS per env, [38;5;121m1[0m[38;5;159m envs).[0m
[38;5;159m[Genesis] [06:56:18] [INFO] Running at [38;5;121m73.91[0m[38;5;159m FPS ([38;5;121m73.91[0m[38;5;159m FPS per env, [38;5;121m1[0m[38;5;159m envs).[0m
[38;5;159m[Genesis] [06:56:18] [INFO] Running at [38;5;121m74.19[0m[38;5;159m FPS ([38;5;121m74.19[0m[38;5;159m FPS per env, [38;5;121m1[0m[38;5;159m envs).[0m
[38;5;159m[Genesis] [06:56:18] [INFO] Running at [38;5;121m92.02[0m[38;5;159m FPS ([38;5;121m92.02[0m[38;5;159m FPS per env, [38;5;121m1[0m[38;5;159m envs).[0m
[38;5;159m[Genesis] [06:56:18] [INFO] Running at [38;5;121m91.34[0m[38;5;159m FPS ([38;5;121m91.34[0m[38;5;159m FPS per env, [38;5;121m1[0m[38;5;159m envs).[0m
[38;5;159m[Genesis] [06:56:18] [INFO] Running at [38;5;121m73.23[0m[38;5;159m FPS ([38;5;121m73.23[0m[38;5;159m FPS per env, [38;5;121m1[0m[38;5;159m envs).[0m
[38;5;159m[Genesis] [06:56:18] [INFO] Running at [38;5;121m36.48[0m[38;5;159m FPS ([38;5;121m36.48[0m[38;5;159m FPS per env, [38;5;121m1[0m[38;5;159m envs).[0m
[38;5;159m[Genesis] [06:56:18] [INFO] Running at [38;5;121m73.27[0m[38;5;159m FPS ([38;5;121m73.27[0m[38;5;159m FPS per env, [38;5;121m1[0m[38;5;159m envs).[0m
[38;5;159m[Genesis] [06:56:18] [INFO] Running at [38;5;121m73.27[0m[38;5;159m FPS ([38;5;121m73.27[0m[38;5;159m FPS per env, [38;5;121m1[0m[38;5;159m envs).[0m
[38;5;159m[Genesis] [06:56:18] [INFO] Running at [38;5;121m73.13[0m[38;5;159m FPS ([38;5;121m73.13[0m[38;5;159m FPS per env, [38;5;121m1[0m[38;5;159m envs).[0m
[38;5;159m[Genesis] [06:56:18] [INFO] Running at [38;5;121m73.00[0m[38;5;159m FPS ([38;5;121m73.00[0m[38;5;159m FPS per env, [38;5;121m1[0m[38;5;159m envs).[0m
[38;5;159m[Genesis] [06:56:18] [INFO] Running at [38;5;121m72.88[0m[38;5;159m FPS ([38;5;121m72.88[0m[38;5;159m FPS per env, [38;5;121m1[0m[38;5;159m envs).[0m
[38;5;159m[Genesis] [06:56:18] [INFO] Running at [38;5;121m73.20[0m[38;5;159m FPS ([38;5;121m73.20[0m[38;5;159m FPS per env, [38;5;121m1[0m[38;5;159m envs).[0m
[38;5;159m[Genesis] [06:56:18] [INFO] Running at [38;5;121m73.50[0m[38;5;159m FPS ([38;5;121m73.50[0m[38;5;159m FPS per env, [38;5;121m1[0m[38;5;159m envs).[0m
[38;5;159m[Genesis] [06:56:18] [INFO] Running at [38;5;121m73.79[0m[38;5;159m FPS ([38;5;121m73.79[0m[38;5;159m FPS per env, [38;5;121m1[0m[38;5;159m envs).[0m
[38;5;159m[Genesis] [06:56:18] [INFO] Running at [38;5;121m74.06[0m[38;5;159m FPS ([38;5;121m74.06[0m[38;5;159m FPS per env, [38;5;121m1[0m[38;5;159m envs).[0m
[38;5;159m[Genesis] [06:56:18] [INFO] Running at [38;5;121m74.31[0m[38;5;159m FPS ([38;5;121m74.31[0m[38;5;159m FPS per env, [38;5;121m1[0m[38;5;159m envs).[0m
[38;5;159m[Genesis] [06:56:18] [INFO] Running at [38;5;121m74.57[0m[38;5;159m FPS ([38;5;121m74.57[0m[38;5;159m FPS per env, [38;5;121m1[0m[38;5;159m envs).[0m
[38;5;159m[Genesis] [06:56:18] [INFO] Running at [38;5;121m92.45[0m[38;5;159m FPS ([38;5;121m92.45[0m[38;5;159m FPS per env, [38;5;121m1[0m[38;5;159m envs).[0m
[38;5;159m[Genesis] [06:56:19] [INFO] Running at [38;5;121m73.98[0m[38;5;159m FPS ([38;5;121m73.98[0m[38;5;159m FPS per env, [38;5;121m1[0m[38;5;159m envs).[0m
[38;5;159m[Genesis] [06:56:19] [INFO] Running at [38;5;121m73.81[0m[38;5;159m FPS ([38;5;121m73.81[0m[38;5;159m FPS per env, [38;5;121m1[0m[38;5;159m envs).[0m
[38;5;159m[Genesis] [06:56:19] [INFO] Running at [38;5;121m73.65[0m[38;5;159m FPS ([38;5;121m73.65[0m[38;5;159m FPS per env, [38;5;121m1[0m[38;5;159m envs).[0m
[38;5;159m[Genesis] [06:56:19] [INFO] Running at [38;5;121m73.49[0m[38;5;159m FPS ([38;5;121m73.49[0m[38;5;159m FPS per env, [38;5;121m1[0m[38;5;159m envs).[0m
[38;5;159m[Genesis] [06:56:19] [INFO] Running at [38;5;121m73.66[0m[38;5;159m FPS ([38;5;121m73.66[0m[38;5;159m FPS per env, [38;5;121m1[0m[38;5;159m envs).[0m
[38;5;159m[Genesis] [06:56:19] [INFO] Running at [38;5;121m73.94[0m[38;5;159m FPS ([38;5;121m73.94[0m[38;5;159m FPS per env, [38;5;121m1[0m[38;5;159m envs).[0m
[38;5;159m[Genesis] [06:56:19] [INFO] Running at [38;5;121m74.05[0m[38;5;159m FPS ([38;5;121m74.05[0m[38;5;159m FPS per env, [38;5;121m1[0m[38;5;159m envs).[0m
[38;5;159m[Genesis] [06:56:19] [INFO] Running at [38;5;121m74.31[0m[38;5;159m FPS ([38;5;121m74.31[0m[38;5;159m FPS per env, [38;5;121m1[0m[38;5;159m envs).[0m
[38;5;159m[Genesis] [06:56:19] [INFO] Running at [38;5;121m74.40[0m[38;5;159m FPS ([38;5;121m74.40[0m[38;5;159m FPS per env, [38;5;121m1[0m[38;5;159m envs).[0m
[38;5;159m[Genesis] [06:56:19] [INFO] Running at [38;5;121m92.26[0m[38;5;159m FPS ([38;5;121m92.26[0m[38;5;159m FPS per env, [38;5;121m1[0m[38;5;159m envs).[0m
[38;5;159m[Genesis] [06:56:19] [INFO] Running at [38;5;121m74.07[0m[38;5;159m FPS ([38;5;121m74.07[0m[38;5;159m FPS per env, [38;5;121m1[0m[38;5;159m envs).[0m
[38;5;159m[Genesis] [06:56:19] [INFO] Running at [38;5;121m74.24[0m[38;5;159m FPS ([38;5;121m74.24[0m[38;5;159m FPS per env, [38;5;121m1[0m[38;5;159m envs).[0m
[38;5;159m[Genesis] [06:56:19] [INFO] Running at [38;5;121m74.06[0m[38;5;159m FPS ([38;5;121m74.06[0m[38;5;159m FPS per env, [38;5;121m1[0m[38;5;159m envs).[0m
[38;5;159m[Genesis] [06:56:19] [INFO] Running at [38;5;121m73.89[0m[38;5;159m FPS ([38;5;121m73.89[0m[38;5;159m FPS per env, [38;5;121m1[0m[38;5;159m envs).[0m
[38;5;159m[Genesis] [06:56:19] [INFO] Running at [38;5;121m73.70[0m[38;5;159m FPS ([38;5;121m73.70[0m[38;5;159m FPS per env, [38;5;121m1[0m[38;5;159m envs).[0m
[38;5;159m[Genesis] [06:56:19] [INFO] Running at [38;5;121m73.86[0m[38;5;159m FPS ([38;5;121m73.86[0m[38;5;159m FPS per env, [38;5;121m1[0m[38;5;159m envs).[0m
[38;5;159m[Genesis] [06:56:19] [INFO] Running at [38;5;121m74.14[0m[38;5;159m FPS ([38;5;121m74.14[0m[38;5;159m FPS per env, [38;5;121m1[0m[38;5;159m envs).[0m
[38;5;159m[Genesis] [06:56:19] [INFO] Running at [38;5;121m91.95[0m[38;5;159m FPS ([38;5;121m91.95[0m[38;5;159m FPS per env, [38;5;121m1[0m[38;5;159m envs).[0m
[38;5;159m[Genesis] [06:56:20] [INFO] Running at [38;5;121m91.13[0m[38;5;159m FPS ([38;5;121m91.13[0m[38;5;159m FPS per env, [38;5;121m1[0m[38;5;159m envs).[0m
[38;5;159m[Genesis] [06:56:20] [INFO] Running at [38;5;121m72.79[0m[38;5;159m FPS ([38;5;121m72.79[0m[38;5;159m FPS per env, [38;5;121m1[0m[38;5;159m envs).[0m
[38;5;159m[Genesis] [06:56:20] [INFO] Running at [38;5;121m72.69[0m[38;5;159m FPS ([38;5;121m72.69[0m[38;5;159m FPS per env, [38;5;121m1[0m[38;5;159m envs).[0m
[38;5;159m[Genesis] [06:56:20] [INFO] Running at [38;5;121m72.58[0m[38;5;159m FPS ([38;5;121m72.58[0m[38;5;159m FPS per env, [38;5;121m1[0m[38;5;159m envs).[0m
[38;5;159m[Genesis] [06:56:20] [INFO] Running at [38;5;121m72.73[0m[38;5;159m FPS ([38;5;121m72.73[0m[38;5;159m FPS per env, [38;5;121m1[0m[38;5;159m envs).[0m
[38;5;159m[Genesis] [06:56:20] [INFO] Running at [38;5;121m73.05[0m[38;5;159m FPS ([38;5;121m73.05[0m[38;5;159m FPS per env, [38;5;121m1[0m[38;5;159m envs).[0m
[38;5;159m[Genesis] [06:56:20] [INFO] Running at [38;5;121m73.35[0m[38;5;159m FPS ([38;5;121m73.35[0m[38;5;159m FPS per env, [38;5;121m1[0m[38;5;159m envs).[0m
[38;5;159m[Genesis] [06:56:20] [INFO] Running at [38;5;121m73.65[0m[38;5;159m FPS ([38;5;121m73.65[0m[38;5;159m FPS per env, [38;5;121m1[0m[38;5;159m envs).[0m
[38;5;159m[Genesis] [06:56:20] [INFO] Running at [38;5;121m91.37[0m[38;5;159m FPS ([38;5;121m91.37[0m[38;5;159m FPS per env, [38;5;121m1[0m[38;5;159m envs).[0m
[38;5;159m[Genesis] [06:56:20] [INFO] Running at [38;5;121m73.41[0m[38;5;159m FPS ([38;5;121m73.41[0m[38;5;159m FPS per env, [38;5;121m1[0m[38;5;159m envs).[0m
[38;5;159m[Genesis] [06:56:20] [INFO] Running at [38;5;121m73.56[0m[38;5;159m FPS ([38;5;121m73.56[0m[38;5;159m FPS per env, [38;5;121m1[0m[38;5;159m envs).[0m
[38;5;159m[Genesis] [06:56:20] [INFO] Running at [38;5;121m73.85[0m[38;5;159m FPS ([38;5;121m73.85[0m[38;5;159m FPS per env, [38;5;121m1[0m[38;5;159m envs).[0m
[38;5;159m[Genesis] [06:56:20] [INFO] Running at [38;5;121m73.69[0m[38;5;159m FPS ([38;5;121m73.69[0m[38;5;159m FPS per env, [38;5;121m1[0m[38;5;159m envs).[0m
[38;5;159m[Genesis] [06:56:20] [INFO] Running at [38;5;121m73.52[0m[38;5;159m FPS ([38;5;121m73.52[0m[38;5;159m FPS per env, [38;5;121m1[0m[38;5;159m envs).[0m
[38;5;159m[Genesis] [06:56:20] [INFO] Running at [38;5;121m73.37[0m[38;5;159m FPS ([38;5;121m73.37[0m[38;5;159m FPS per env, [38;5;121m1[0m[38;5;159m envs).[0m
[38;5;159m[Genesis] [06:56:20] [INFO] Running at [38;5;121m73.44[0m[38;5;159m FPS ([38;5;121m73.44[0m[38;5;159m FPS per env, [38;5;121m1[0m[38;5;159m envs).[0m
[38;5;159m[Genesis] [06:56:20] [INFO] Running at [38;5;121m91.14[0m[38;5;159m FPS ([38;5;121m91.14[0m[38;5;159m FPS per env, [38;5;121m1[0m[38;5;159m envs).[0m
[38;5;159m[Genesis] [06:56:20] [INFO] Running at [38;5;121m73.24[0m[38;5;159m FPS ([38;5;121m73.24[0m[38;5;159m FPS per env, [38;5;121m1[0m[38;5;159m envs).[0m
[38;5;159m[Genesis] [06:56:20] [INFO] Running at [38;5;121m90.90[0m[38;5;159m FPS ([38;5;121m90.90[0m[38;5;159m FPS per env, [38;5;121m1[0m[38;5;159m envs).[0m
[38;5;159m[Genesis] [06:56:21] [INFO] Running at [38;5;121m72.63[0m[38;5;159m FPS ([38;5;121m72.63[0m[38;5;159m FPS per env, [38;5;121m1[0m[38;5;159m envs).[0m
[38;5;159m[Genesis] [06:56:21] [INFO] Running at [38;5;121m72.53[0m[38;5;159m FPS ([38;5;121m72.53[0m[38;5;159m FPS per env, [38;5;121m1[0m[38;5;159m envs).[0m
[38;5;159m[Genesis] [06:56:21] [INFO] Running at [38;5;121m72.43[0m[38;5;159m FPS ([38;5;121m72.43[0m[38;5;159m FPS per env, [38;5;121m1[0m[38;5;159m envs).[0m
[38;5;159m[Genesis] [06:56:21] [INFO] Running at [38;5;121m72.54[0m[38;5;159m FPS ([38;5;121m72.54[0m[38;5;159m FPS per env, [38;5;121m1[0m[38;5;159m envs).[0m
[38;5;159m[Genesis] [06:56:21] [INFO] Running at [38;5;121m72.87[0m[38;5;159m FPS ([38;5;121m72.87[0m[38;5;159m FPS per env, [38;5;121m1[0m[38;5;159m envs).[0m
[38;5;159m[Genesis] [06:56:21] [INFO] Running at [38;5;121m90.47[0m[38;5;159m FPS ([38;5;121m90.47[0m[38;5;159m FPS per env, [38;5;121m1[0m[38;5;159m envs).[0m
[38;5;159m[Genesis] [06:56:21] [INFO] Running at [38;5;121m72.72[0m[38;5;159m FPS ([38;5;121m72.72[0m[38;5;159m FPS per env, [38;5;121m1[0m[38;5;159m envs).[0m
[38;5;159m[Genesis] [06:56:21] [INFO] Running at [38;5;121m90.29[0m[38;5;159m FPS ([38;5;121m90.29[0m[38;5;159m FPS per env, [38;5;121m1[0m[38;5;159m envs).[0m
[38;5;159m[Genesis] [06:56:21] [INFO] Running at [38;5;121m89.72[0m[38;5;159m FPS ([38;5;121m89.72[0m[38;5;159m FPS per env, [38;5;121m1[0m[38;5;159m envs).[0m
[38;5;159m[Genesis] [06:56:21] [INFO] Running at [38;5;121m89.20[0m[38;5;159m FPS ([38;5;121m89.20[0m[38;5;159m FPS per env, [38;5;121m1[0m[38;5;159m envs).[0m
[38;5;159m[Genesis] [06:56:21] [INFO] Running at [38;5;121m71.53[0m[38;5;159m FPS ([38;5;121m71.53[0m[38;5;159m FPS per env, [38;5;121m1[0m[38;5;159m envs).[0m
[38;5;159m[Genesis] [06:56:21] [INFO] Running at [38;5;121m71.34[0m[38;5;159m FPS ([38;5;121m71.34[0m[38;5;159m FPS per env, [38;5;121m1[0m[38;5;159m envs).[0m
[38;5;159m[Genesis] [06:56:21] [INFO] Running at [38;5;121m71.31[0m[38;5;159m FPS ([38;5;121m71.31[0m[38;5;159m FPS per env, [38;5;121m1[0m[38;5;159m envs).[0m
[38;5;159m[Genesis] [06:56:21] [INFO] Running at [38;5;121m71.28[0m[38;5;159m FPS ([38;5;121m71.28[0m[38;5;159m FPS per env, [38;5;121m1[0m[38;5;159m envs).[0m
[38;5;159m[Genesis] [06:56:21] [INFO] Running at [38;5;121m71.66[0m[38;5;159m FPS ([38;5;121m71.66[0m[38;5;159m FPS per env, [38;5;121m1[0m[38;5;159m envs).[0m
[38;5;159m[Genesis] [06:56:21] [INFO] Running at [38;5;121m72.03[0m[38;5;159m FPS ([38;5;121m72.03[0m[38;5;159m FPS per env, [38;5;121m1[0m[38;5;159m envs).[0m
[38;5;159m[Genesis] [06:56:21] [INFO] Running at [38;5;121m72.39[0m[38;5;159m FPS ([38;5;121m72.39[0m[38;5;159m FPS per env, [38;5;121m1[0m[38;5;159m envs).[0m
[38;5;159m[Genesis] [06:56:21] [INFO] Running at [38;5;121m72.73[0m[38;5;159m FPS ([38;5;121m72.73[0m[38;5;159m FPS per env, [38;5;121m1[0m[38;5;159m envs).[0m
[38;5;159m[Genesis] [06:56:22] [INFO] Running at [38;5;121m72.64[0m[38;5;159m FPS ([38;5;121m72.64[0m[38;5;159m FPS per env, [38;5;121m1[0m[38;5;159m envs).[0m
[38;5;159m[Genesis] [06:56:22] [INFO] Running at [38;5;121m72.54[0m[38;5;159m FPS ([38;5;121m72.54[0m[38;5;159m FPS per env, [38;5;121m1[0m[38;5;159m envs).[0m
[38;5;159m[Genesis] [06:56:22] [INFO] Running at [38;5;121m72.45[0m[38;5;159m FPS ([38;5;121m72.45[0m[38;5;159m FPS per env, [38;5;121m1[0m[38;5;159m envs).[0m
[38;5;159m[Genesis] [06:56:22] [INFO] Running at [38;5;121m72.52[0m[38;5;159m FPS ([38;5;121m72.52[0m[38;5;159m FPS per env, [38;5;121m1[0m[38;5;159m envs).[0m
[38;5;159m[Genesis] [06:56:22] [INFO] Running at [38;5;121m90.05[0m[38;5;159m FPS ([38;5;121m90.05[0m[38;5;159m FPS per env, [38;5;121m1[0m[38;5;159m envs).[0m
[38;5;159m[Genesis] [06:56:22] [INFO] Running at [38;5;121m72.39[0m[38;5;159m FPS ([38;5;121m72.39[0m[38;5;159m FPS per env, [38;5;121m1[0m[38;5;159m envs).[0m
[38;5;159m[Genesis] [06:56:22] [INFO] Running at [38;5;121m72.74[0m[38;5;159m FPS ([38;5;121m72.74[0m[38;5;159m FPS per env, [38;5;121m1[0m[38;5;159m envs).[0m
[38;5;159m[Genesis] [06:56:22] [INFO] Running at [38;5;121m72.75[0m[38;5;159m FPS ([38;5;121m72.75[0m[38;5;159m FPS per env, [38;5;121m1[0m[38;5;159m envs).[0m
[38;5;159m[Genesis] [06:56:22] [INFO] Running at [38;5;121m72.65[0m[38;5;159m FPS ([38;5;121m72.65[0m[38;5;159m FPS per env, [38;5;121m1[0m[38;5;159m envs).[0m
[38;5;159m[Genesis] [06:56:22] [INFO] Running at [38;5;121m72.55[0m[38;5;159m FPS ([38;5;121m72.55[0m[38;5;159m FPS per env, [38;5;121m1[0m[38;5;159m envs).[0m
[38;5;159m[Genesis] [06:56:22] [INFO] Running at [38;5;121m72.47[0m[38;5;159m FPS ([38;5;121m72.47[0m[38;5;159m FPS per env, [38;5;121m1[0m[38;5;159m envs).[0m
[38;5;159m[Genesis] [06:56:22] [INFO] Running at [38;5;121m72.80[0m[38;5;159m FPS ([38;5;121m72.80[0m[38;5;159m FPS per env, [38;5;121m1[0m[38;5;159m envs).[0m
[38;5;159m[Genesis] [06:56:22] [INFO] Running at [38;5;121m90.39[0m[38;5;159m FPS ([38;5;121m90.39[0m[38;5;159m FPS per env, [38;5;121m1[0m[38;5;159m envs).[0m
[38;5;159m[Genesis] [06:56:22] [INFO] Running at [38;5;121m89.81[0m[38;5;159m FPS ([38;5;121m89.81[0m[38;5;159m FPS per env, [38;5;121m1[0m[38;5;159m envs).[0m
[38;5;159m[Genesis] [06:56:22] [INFO] Running at [38;5;121m71.75[0m[38;5;159m FPS ([38;5;121m71.75[0m[38;5;159m FPS per env, [38;5;121m1[0m[38;5;159m envs).[0m
[38;5;159m[Genesis] [06:56:22] [INFO] Running at [38;5;121m71.69[0m[38;5;159m FPS ([38;5;121m71.69[0m[38;5;159m FPS per env, [38;5;121m1[0m[38;5;159m envs).[0m
[38;5;159m[Genesis] [06:56:22] [INFO] Running at [38;5;121m71.65[0m[38;5;159m FPS ([38;5;121m71.65[0m[38;5;159m FPS per env, [38;5;121m1[0m[38;5;159m envs).[0m
[38;5;159m[Genesis] [06:56:23] [INFO] Running at [38;5;121m71.65[0m[38;5;159m FPS ([38;5;121m71.65[0m[38;5;159m FPS per env, [38;5;121m1[0m[38;5;159m envs).[0m
[38;5;159m[Genesis] [06:56:23] [INFO] Running at [38;5;121m72.02[0m[38;5;159m FPS ([38;5;121m72.02[0m[38;5;159m FPS per env, [38;5;121m1[0m[38;5;159m envs).[0m
[38;5;159m[Genesis] [06:56:23] [INFO] Running at [38;5;121m72.38[0m[38;5;159m FPS ([38;5;121m72.38[0m[38;5;159m FPS per env, [38;5;121m1[0m[38;5;159m envs).[0m
[38;5;159m[Genesis] [06:56:23] [INFO] Running at [38;5;121m72.73[0m[38;5;159m FPS ([38;5;121m72.73[0m[38;5;159m FPS per env, [38;5;121m1[0m[38;5;159m envs).[0m
[38;5;159m[Genesis] [06:56:23] [INFO] Running at [38;5;121m90.31[0m[38;5;159m FPS ([38;5;121m90.31[0m[38;5;159m FPS per env, [38;5;121m1[0m[38;5;159m envs).[0m
[38;5;159m[Genesis] [06:56:23] [INFO] Running at [38;5;121m89.74[0m[38;5;159m FPS ([38;5;121m89.74[0m[38;5;159m FPS per env, [38;5;121m1[0m[38;5;159m envs).[0m
[38;5;159m[Genesis] [06:56:23] [INFO] Running at [38;5;121m89.20[0m[38;5;159m FPS ([38;5;121m89.20[0m[38;5;159m FPS per env, [38;5;121m1[0m[38;5;159m envs).[0m
[38;5;159m[Genesis] [06:56:23] [INFO] Running at [38;5;121m71.75[0m[38;5;159m FPS ([38;5;121m71.75[0m[38;5;159m FPS per env, [38;5;121m1[0m[38;5;159m envs).[0m
[38;5;159m[Genesis] [06:56:23] [INFO] Running at [38;5;121m71.67[0m[38;5;159m FPS ([38;5;121m71.67[0m[38;5;159m FPS per env, [38;5;121m1[0m[38;5;159m envs).[0m
[38;5;159m[Genesis] [06:56:23] [INFO] Running at [38;5;121m71.63[0m[38;5;159m FPS ([38;5;121m71.63[0m[38;5;159m FPS per env, [38;5;121m1[0m[38;5;159m envs).[0m
[38;5;159m[Genesis] [06:56:23] [INFO] Running at [38;5;121m71.60[0m[38;5;159m FPS ([38;5;121m71.60[0m[38;5;159m FPS per env, [38;5;121m1[0m[38;5;159m envs).[0m
[38;5;159m[Genesis] [06:56:23] [INFO] Running at [38;5;121m71.71[0m[38;5;159m FPS ([38;5;121m71.71[0m[38;5;159m FPS per env, [38;5;121m1[0m[38;5;159m envs).[0m
[38;5;159m[Genesis] [06:56:23] [INFO] Running at [38;5;121m89.11[0m[38;5;159m FPS ([38;5;121m89.11[0m[38;5;159m FPS per env, [38;5;121m1[0m[38;5;159m envs).[0m
[38;5;159m[Genesis] [06:56:23] [INFO] Running at [38;5;121m71.68[0m[38;5;159m FPS ([38;5;121m71.68[0m[38;5;159m FPS per env, [38;5;121m1[0m[38;5;159m envs).[0m
[38;5;159m[Genesis] [06:56:23] [INFO] Running at [38;5;121m72.04[0m[38;5;159m FPS ([38;5;121m72.04[0m[38;5;159m FPS per env, [38;5;121m1[0m[38;5;159m envs).[0m
[38;5;159m[Genesis] [06:56:23] [INFO] Running at [38;5;121m72.07[0m[38;5;159m FPS ([38;5;121m72.07[0m[38;5;159m FPS per env, [38;5;121m1[0m[38;5;159m envs).[0m
[38;5;159m[Genesis] [06:56:23] [INFO] Running at [38;5;121m72.00[0m[38;5;159m FPS ([38;5;121m72.00[0m[38;5;159m FPS per env, [38;5;121m1[0m[38;5;159m envs).[0m
[38;5;159m[Genesis] [06:56:23] [INFO] Running at [38;5;121m71.79[0m[38;5;159m FPS ([38;5;121m71.79[0m[38;5;159m FPS per env, [38;5;121m1[0m[38;5;159m envs).[0m
[38;5;159m[Genesis] [06:56:24] [INFO] Running at [38;5;121m71.79[0m[38;5;159m FPS ([38;5;121m71.79[0m[38;5;159m FPS per env, [38;5;121m1[0m[38;5;159m envs).[0m
[38;5;159m[Genesis] [06:56:24] [INFO] Running at [38;5;121m72.16[0m[38;5;159m FPS ([38;5;121m72.16[0m[38;5;159m FPS per env, [38;5;121m1[0m[38;5;159m envs).[0m
[38;5;159m[Genesis] [06:56:24] [INFO] Running at [38;5;121m72.51[0m[38;5;159m FPS ([38;5;121m72.51[0m[38;5;159m FPS per env, [38;5;121m1[0m[38;5;159m envs).[0m
[38;5;159m[Genesis] [06:56:24] [INFO] Running at [38;5;121m90.05[0m[38;5;159m FPS ([38;5;121m90.05[0m[38;5;159m FPS per env, [38;5;121m1[0m[38;5;159m envs).[0m
[38;5;159m[Genesis] [06:56:24] [INFO] Running at [38;5;121m89.50[0m[38;5;159m FPS ([38;5;121m89.50[0m[38;5;159m FPS per env, [38;5;121m1[0m[38;5;159m envs).[0m
[38;5;159m[Genesis] [06:56:24] [INFO] Running at [38;5;121m88.98[0m[38;5;159m FPS ([38;5;121m88.98[0m[38;5;159m FPS per env, [38;5;121m1[0m[38;5;159m envs).[0m
[38;5;159m[Genesis] [06:56:24] [INFO] Running at [38;5;121m71.46[0m[38;5;159m FPS ([38;5;121m71.46[0m[38;5;159m FPS per env, [38;5;121m1[0m[38;5;159m envs).[0m
[38;5;159m[Genesis] [06:56:24] [INFO] Running at [38;5;121m88.68[0m[38;5;159m FPS ([38;5;121m88.68[0m[38;5;159m FPS per env, [38;5;121m1[0m[38;5;159m envs).[0m
[38;5;159m[Genesis] [06:56:24] [INFO] Running at [38;5;121m70.94[0m[38;5;159m FPS ([38;5;121m70.94[0m[38;5;159m FPS per env, [38;5;121m1[0m[38;5;159m envs).[0m
[38;5;159m[Genesis] [06:56:24] [INFO] Running at [38;5;121m70.92[0m[38;5;159m FPS ([38;5;121m70.92[0m[38;5;159m FPS per env, [38;5;121m1[0m[38;5;159m envs).[0m
[38;5;159m[Genesis] [06:56:24] [INFO] Running at [38;5;121m70.90[0m[38;5;159m FPS ([38;5;121m70.90[0m[38;5;159m FPS per env, [38;5;121m1[0m[38;5;159m envs).[0m
[38;5;159m[Genesis] [06:56:24] [INFO] Running at [38;5;121m71.11[0m[38;5;159m FPS ([38;5;121m71.11[0m[38;5;159m FPS per env, [38;5;121m1[0m[38;5;159m envs).[0m
[38;5;159m[Genesis] [06:56:24] [INFO] Running at [38;5;121m71.50[0m[38;5;159m FPS ([38;5;121m71.50[0m[38;5;159m FPS per env, [38;5;121m1[0m[38;5;159m envs).[0m
[38;5;159m[Genesis] [06:56:24] [INFO] Running at [38;5;121m71.83[0m[38;5;159m FPS ([38;5;121m71.83[0m[38;5;159m FPS per env, [38;5;121m1[0m[38;5;159m envs).[0m
[38;5;159m[Genesis] [06:56:24] [INFO] Running at [38;5;121m72.12[0m[38;5;159m FPS ([38;5;121m72.12[0m[38;5;159m FPS per env, [38;5;121m1[0m[38;5;159m envs).[0m
[38;5;159m[Genesis] [06:56:24] [INFO] Running at [38;5;121m72.43[0m[38;5;159m FPS ([38;5;121m72.43[0m[38;5;159m FPS per env, [38;5;121m1[0m[38;5;159m envs).[0m
[38;5;159m[Genesis] [06:56:24] [INFO] Running at [38;5;121m72.75[0m[38;5;159m FPS ([38;5;121m72.75[0m[38;5;159m FPS per env, [38;5;121m1[0m[38;5;159m envs).[0m
[38;5;159m[Genesis] [06:56:24] [INFO] Running at [38;5;121m90.33[0m[38;5;159m FPS ([38;5;121m90.33[0m[38;5;159m FPS per env, [38;5;121m1[0m[38;5;159m envs).[0m
[38;5;159m[Genesis] [06:56:24] [INFO] Running at [38;5;121m72.61[0m[38;5;159m FPS ([38;5;121m72.61[0m[38;5;159m FPS per env, [38;5;121m1[0m[38;5;159m envs).[0m
[38;5;159m[Genesis] [06:56:25] [INFO] Running at [38;5;121m72.37[0m[38;5;159m FPS ([38;5;121m72.37[0m[38;5;159m FPS per env, [38;5;121m1[0m[38;5;159m envs).[0m
[38;5;159m[Genesis] [06:56:25] [INFO] Running at [38;5;121m72.25[0m[38;5;159m FPS ([38;5;121m72.25[0m[38;5;159m FPS per env, [38;5;121m1[0m[38;5;159m envs).[0m
[38;5;159m[Genesis] [06:56:25] [INFO] Running at [38;5;121m72.14[0m[38;5;159m FPS ([38;5;121m72.14[0m[38;5;159m FPS per env, [38;5;121m1[0m[38;5;159m envs).[0m
[38;5;159m[Genesis] [06:56:25] [INFO] Running at [38;5;121m72.25[0m[38;5;159m FPS ([38;5;121m72.25[0m[38;5;159m FPS per env, [38;5;121m1[0m[38;5;159m envs).[0m
[38;5;159m[Genesis] [06:56:25] [INFO] Running at [38;5;121m72.27[0m[38;5;159m FPS ([38;5;121m72.27[0m[38;5;159m FPS per env, [38;5;121m1[0m[38;5;159m envs).[0m
[38;5;159m[Genesis] [06:56:25] [INFO] Running at [38;5;121m72.62[0m[38;5;159m FPS ([38;5;121m72.62[0m[38;5;159m FPS per env, [38;5;121m1[0m[38;5;159m envs).[0m
[38;5;159m[Genesis] [06:56:25] [INFO] Running at [38;5;121m72.91[0m[38;5;159m FPS ([38;5;121m72.91[0m[38;5;159m FPS per env, [38;5;121m1[0m[38;5;159m envs).[0m
[38;5;159m[Genesis] [06:56:25] [INFO] Running at [38;5;121m72.80[0m[38;5;159m FPS ([38;5;121m72.80[0m[38;5;159m FPS per env, [38;5;121m1[0m[38;5;159m envs).[0m
[38;5;159m[Genesis] [06:56:25] [INFO] Running at [38;5;121m72.62[0m[38;5;159m FPS ([38;5;121m72.62[0m[38;5;159m FPS per env, [38;5;121m1[0m[38;5;159m envs).[0m
[38;5;159m[Genesis] [06:56:25] [INFO] Running at [38;5;121m72.47[0m[38;5;159m FPS ([38;5;121m72.47[0m[38;5;159m FPS per env, [38;5;121m1[0m[38;5;159m envs).[0m
[38;5;159m[Genesis] [06:56:25] [INFO] Running at [38;5;121m72.42[0m[38;5;159m FPS ([38;5;121m72.42[0m[38;5;159m FPS per env, [38;5;121m1[0m[38;5;159m envs).[0m
[38;5;159m[Genesis] [06:56:25] [INFO] Running at [38;5;121m72.75[0m[38;5;159m FPS ([38;5;121m72.75[0m[38;5;159m FPS per env, [38;5;121m1[0m[38;5;159m envs).[0m
[38;5;159m[Genesis] [06:56:25] [INFO] Running at [38;5;121m90.34[0m[38;5;159m FPS ([38;5;121m90.34[0m[38;5;159m FPS per env, [38;5;121m1[0m[38;5;159m envs).[0m
[38;5;159m[Genesis] [06:56:25] [INFO] Running at [38;5;121m72.61[0m[38;5;159m FPS ([38;5;121m72.61[0m[38;5;159m FPS per env, [38;5;121m1[0m[38;5;159m envs).[0m
[38;5;159m[Genesis] [06:56:25] [INFO] Running at [38;5;121m90.17[0m[38;5;159m FPS ([38;5;121m90.17[0m[38;5;159m FPS per env, [38;5;121m1[0m[38;5;159m envs).[0m
[38;5;159m[Genesis] [06:56:25] [INFO] Running at [38;5;121m72.49[0m[38;5;159m FPS ([38;5;121m72.49[0m[38;5;159m FPS per env, [38;5;121m1[0m[38;5;159m envs).[0m
[38;5;159m[Genesis] [06:56:25] [INFO] Running at [38;5;121m90.01[0m[38;5;159m FPS ([38;5;121m90.01[0m[38;5;159m FPS per env, [38;5;121m1[0m[38;5;159m envs).[0m
[38;5;159m[Genesis] [06:56:26] [INFO] Running at [38;5;121m89.48[0m[38;5;159m FPS ([38;5;121m89.48[0m[38;5;159m FPS per env, [38;5;121m1[0m[38;5;159m envs).[0m
[38;5;159m[Genesis] [06:56:26] [INFO] Running at [38;5;121m71.95[0m[38;5;159m FPS ([38;5;121m71.95[0m[38;5;159m FPS per env, [38;5;121m1[0m[38;5;159m envs).[0m
[38;5;159m[Genesis] [06:56:26] [INFO] Running at [38;5;121m89.40[0m[38;5;159m FPS ([38;5;121m89.40[0m[38;5;159m FPS per env, [38;5;121m1[0m[38;5;159m envs).[0m
[38;5;159m[Genesis] [06:56:26] [INFO] Running at [38;5;121m71.75[0m[38;5;159m FPS ([38;5;121m71.75[0m[38;5;159m FPS per env, [38;5;121m1[0m[38;5;159m envs).[0m
[38;5;159m[Genesis] [06:56:26] [INFO] Running at [38;5;121m89.15[0m[38;5;159m FPS ([38;5;121m89.15[0m[38;5;159m FPS per env, [38;5;121m1[0m[38;5;159m envs).[0m
[38;5;159m[Genesis] [06:56:26] [INFO] Running at [38;5;121m71.71[0m[38;5;159m FPS ([38;5;121m71.71[0m[38;5;159m FPS per env, [38;5;121m1[0m[38;5;159m envs).[0m
[38;5;159m[Genesis] [06:56:26] [INFO] Running at [38;5;121m72.07[0m[38;5;159m FPS ([38;5;121m72.07[0m[38;5;159m FPS per env, [38;5;121m1[0m[38;5;159m envs).[0m
[38;5;159m[Genesis] [06:56:26] [INFO] Running at [38;5;121m89.55[0m[38;5;159m FPS ([38;5;121m89.55[0m[38;5;159m FPS per env, [38;5;121m1[0m[38;5;159m envs).[0m
[38;5;159m[Genesis] [06:56:26] [INFO] Running at [38;5;121m89.03[0m[38;5;159m FPS ([38;5;121m89.03[0m[38;5;159m FPS per env, [38;5;121m1[0m[38;5;159m envs).[0m
[38;5;159m[Genesis] [06:56:26] [INFO] Running at [38;5;121m88.54[0m[38;5;159m FPS ([38;5;121m88.54[0m[38;5;159m FPS per env, [38;5;121m1[0m[38;5;159m envs).[0m
[38;5;159m[Genesis] [06:56:26] [INFO] Running at [38;5;121m88.09[0m[38;5;159m FPS ([38;5;121m88.09[0m[38;5;159m FPS per env, [38;5;121m1[0m[38;5;159m envs).[0m
[38;5;159m[Genesis] [06:56:26] [INFO] Running at [38;5;121m87.65[0m[38;5;159m FPS ([38;5;121m87.65[0m[38;5;159m FPS per env, [38;5;121m1[0m[38;5;159m envs).[0m
[38;5;159m[Genesis] [06:56:26] [INFO] Running at [38;5;121m87.24[0m[38;5;159m FPS ([38;5;121m87.24[0m[38;5;159m FPS per env, [38;5;121m1[0m[38;5;159m envs).[0m
[38;5;159m[Genesis] [06:56:26] [INFO] Running at [38;5;121m86.86[0m[38;5;159m FPS ([38;5;121m86.86[0m[38;5;159m FPS per env, [38;5;121m1[0m[38;5;159m envs).[0m
[38;5;159m[Genesis] [06:56:26] [INFO] Running at [38;5;121m86.50[0m[38;5;159m FPS ([38;5;121m86.50[0m[38;5;159m FPS per env, [38;5;121m1[0m[38;5;159m envs).[0m
[38;5;159m[Genesis] [06:56:26] [INFO] Running at [38;5;121m69.66[0m[38;5;159m FPS ([38;5;121m69.66[0m[38;5;159m FPS per env, [38;5;121m1[0m[38;5;159m envs).[0m
[38;5;159m[Genesis] [06:56:26] [INFO] Running at [38;5;121m86.71[0m[38;5;159m FPS ([38;5;121m86.71[0m[38;5;159m FPS per env, [38;5;121m1[0m[38;5;159m envs).[0m
[38;5;159m[Genesis] [06:56:27] [INFO] Running at [38;5;121m86.35[0m[38;5;159m FPS ([38;5;121m86.35[0m[38;5;159m FPS per env, [38;5;121m1[0m[38;5;159m envs).[0m
[38;5;159m[Genesis] [06:56:27] [INFO] Running at [38;5;121m86.03[0m[38;5;159m FPS ([38;5;121m86.03[0m[38;5;159m FPS per env, [38;5;121m1[0m[38;5;159m envs).[0m
[38;5;159m[Genesis] [06:56:27] [INFO] Running at [38;5;121m85.72[0m[38;5;159m FPS ([38;5;121m85.72[0m[38;5;159m FPS per env, [38;5;121m1[0m[38;5;159m envs).[0m
[38;5;159m[Genesis] [06:56:27] [INFO] Running at [38;5;121m85.43[0m[38;5;159m FPS ([38;5;121m85.43[0m[38;5;159m FPS per env, [38;5;121m1[0m[38;5;159m envs).[0m
[38;5;159m[Genesis] [06:56:27] [INFO] Running at [38;5;121m68.72[0m[38;5;159m FPS ([38;5;121m68.72[0m[38;5;159m FPS per env, [38;5;121m1[0m[38;5;159m envs).[0m
[38;5;159m[Genesis] [06:56:27] [INFO] Running at [38;5;121m69.17[0m[38;5;159m FPS ([38;5;121m69.17[0m[38;5;159m FPS per env, [38;5;121m1[0m[38;5;159m envs).[0m
[38;5;159m[Genesis] [06:56:27] [INFO] Running at [38;5;121m86.13[0m[38;5;159m FPS ([38;5;121m86.13[0m[38;5;159m FPS per env, [38;5;121m1[0m[38;5;159m envs).[0m
[38;5;159m[Genesis] [06:56:27] [INFO] Running at [38;5;121m85.82[0m[38;5;159m FPS ([38;5;121m85.82[0m[38;5;159m FPS per env, [38;5;121m1[0m[38;5;159m envs).[0m
[38;5;159m[Genesis] [06:56:27] [INFO] Running at [38;5;121m85.51[0m[38;5;159m FPS ([38;5;121m85.51[0m[38;5;159m FPS per env, [38;5;121m1[0m[38;5;159m envs).[0m
[38;5;159m[Genesis] [06:56:27] [INFO] Running at [38;5;121m85.23[0m[38;5;159m FPS ([38;5;121m85.23[0m[38;5;159m FPS per env, [38;5;121m1[0m[38;5;159m envs).[0m
[38;5;159m[Genesis] [06:56:27] [INFO] Running at [38;5;121m68.67[0m[38;5;159m FPS ([38;5;121m68.67[0m[38;5;159m FPS per env, [38;5;121m1[0m[38;5;159m envs).[0m
[38;5;159m[Genesis] [06:56:27] [INFO] Running at [38;5;121m85.54[0m[38;5;159m FPS ([38;5;121m85.54[0m[38;5;159m FPS per env, [38;5;121m1[0m[38;5;159m envs).[0m
[38;5;159m[Genesis] [06:56:27] [INFO] Running at [38;5;121m68.92[0m[38;5;159m FPS ([38;5;121m68.92[0m[38;5;159m FPS per env, [38;5;121m1[0m[38;5;159m envs).[0m
[38;5;159m[Genesis] [06:56:27] [INFO] Running at [38;5;121m85.84[0m[38;5;159m FPS ([38;5;121m85.84[0m[38;5;159m FPS per env, [38;5;121m1[0m[38;5;159m envs).[0m
[38;5;159m[Genesis] [06:56:27] [INFO] Running at [38;5;121m69.15[0m[38;5;159m FPS ([38;5;121m69.15[0m[38;5;159m FPS per env, [38;5;121m1[0m[38;5;159m envs).[0m
[38;5;159m[Genesis] [06:56:27] [INFO] Running at [38;5;121m86.11[0m[38;5;159m FPS ([38;5;121m86.11[0m[38;5;159m FPS per env, [38;5;121m1[0m[38;5;159m envs).[0m
[38;5;159m[Genesis] [06:56:27] [INFO] Running at [38;5;121m85.80[0m[38;5;159m FPS ([38;5;121m85.80[0m[38;5;159m FPS per env, [38;5;121m1[0m[38;5;159m envs).[0m
fps 50
[38;5;159m[Genesis] [06:56:28] [INFO] Saving video to [38;5;121m"test_5000_8.0_0.8_behind.mp4"[0m[38;5;159m...[0m
[38;5;159m[Genesis] [06:56:29] [INFO] Video saved.[0m
[38;5;159m[Genesis] [06:56:29] [INFO] Saving video to [38;5;121m"test_5000_8.0_0.8_side.mp4"[0m[38;5;159m...[0m
[38;5;159m[Genesis] [06:56:32] [INFO] Video saved.[0m
Saved recordings for checkpoint 5000.
Finaler Gierraten-Fehler: 3.36 deg/s
[38;5;159m[Genesis] [06:56:32] [INFO] 💤 Exiting Genesis and caching compiled kernels...[0m
