[38;5;159m[Genesis] [10:41:56] [INFO] [38;5;121m╭───────────────────────────────────────────────╮[0m[38;5;159m[0m
[38;5;159m[Genesis] [10:41:56] [INFO] [38;5;121m│┈┉┈┉┈┉┈┉┈┉┈┉┈┉┈┉┈┉┈[0m[38;5;159m [38;5;121m[1m[3mGenesis[0m[38;5;159m [38;5;121m┈┉┈┉┈┉┈┉┈┉┈┉┈┉┈┉┈┉┈│[0m[38;5;159m[0m
[38;5;159m[Genesis] [10:41:56] [INFO] [38;5;121m╰───────────────────────────────────────────────╯[0m[38;5;159m[0m
[38;5;159m[Genesis] [10:41:56] [INFO] Running on [38;5;121m[4m[NVIDIA GeForce RTX 4090][0m[38;5;159m with backend [38;5;121m[4mgs.cuda[0m[38;5;159m. Device memory: [38;5;121m[4m23.52[0m[38;5;159m GB.[0m
[38;5;159m[Genesis] [10:41:56] [INFO] 🚀 Genesis initialized. 🔖 version: [38;5;121m[4m0.4.7[0m[38;5;159m, 🎨 theme: [38;5;121m[4mdark[0m[38;5;159m, 🌱 seed: [38;5;121m[4mNone[0m[38;5;159m, 🐛 debug: [38;5;121m[4mFalse[0m[38;5;159m, 📏 precision: [38;5;121m[4m32[0m[38;5;159m, 🔥 performance: [38;5;121m[4mFalse[0m[38;5;159m, 💬 verbose: [38;5;121m[4mINFO[0m[38;5;159m[0m
[38;5;226m[Genesis] [10:41:57] [WARNING] Viewer option 'n_rendered_envs' is deprecated and will be removed in a future release. Please use 'rendered_envs_idx' instead.[0m
[38;5;159m[Genesis] [10:41:58] [INFO] Scene [38;5;121m[3m<1bcffb4>[0m[38;5;159m created.[0m
[38;5;159m[Genesis] [10:41:58] [INFO] Adding [38;5;121m<gs.engine.entities.RigidEntity>[0m[38;5;159m. idx: [38;5;121m0[0m[38;5;159m, uid: [38;5;121m[3m<7a254c9>[0m[38;5;159m, morph: [38;5;121m<gs.morphs.Plane>[0m[38;5;159m, material: [38;5;121m<gs.materials.Rigid>[0m[38;5;159m.[0m
[38;5;159m[Genesis] [10:41:58] [INFO] Adding [38;5;121m<gs.engine.entities.RigidEntity>[0m[38;5;159m. idx: [38;5;121m1[0m[38;5;159m, uid: [38;5;121m[3m<c613c8b>[0m[38;5;159m, morph: [38;5;121m<gs.morphs.URDF(file='/home/jfriesen/.local/lib/python3.12/site-packages/genesis/assets/urdf/go2/urdf/go2.urdf')>[0m[38;5;159m, material: [38;5;121m<gs.materials.Rigid>[0m[38;5;159m.[0m
[38;5;159m[Genesis] [10:41:59] [INFO] Building scene [38;5;121m[3m<1bcffb4>[0m[38;5;159m...[0m
[38;5;226m[Genesis] [10:42:00] [WARNING] Neutral robot position (qpos0) exceeds joint limits.[0m
[38;5;159m[Genesis] [10:42:00] [INFO] Compiling simulation kernels...[0m
[38;5;159m[Genesis] [10:42:01] [INFO] Building visualizer...[0m
[38;5;226m[Genesis] [10:42:01] [WARNING] This property is deprecated and will be removed in future release. Please use 'dofs_idx_local' instead.[0m
[38;5;226m[Genesis] [10:42:01] [WARNING] This property is deprecated and will be removed in future release. Please use 'dofs_idx_local' instead.[0m
[38;5;226m[Genesis] [10:42:01] [WARNING] This property is deprecated and will be removed in future release. Please use 'dofs_idx_local' instead.[0m
[38;5;226m[Genesis] [10:42:01] [WARNING] This property is deprecated and will be removed in future release. Please use 'dofs_idx_local' instead.[0m
[38;5;226m[Genesis] [10:42:01] [WARNING] This property is deprecated and will be removed in future release. Please use 'dofs_idx_local' instead.[0m
[38;5;226m[Genesis] [10:42:01] [WARNING] This property is deprecated and will be removed in future release. Please use 'dofs_idx_local' instead.[0m
[38;5;226m[Genesis] [10:42:01] [WARNING] This property is deprecated and will be removed in future release. Please use 'dofs_idx_local' instead.[0m
[38;5;226m[Genesis] [10:42:01] [WARNING] This property is deprecated and will be removed in future release. Please use 'dofs_idx_local' instead.[0m
[38;5;226m[Genesis] [10:42:01] [WARNING] This property is deprecated and will be removed in future release. Please use 'dofs_idx_local' instead.[0m
[38;5;226m[Genesis] [10:42:01] [WARNING] This property is deprecated and will be removed in future release. Please use 'dofs_idx_local' instead.[0m
[38;5;226m[Genesis] [10:42:01] [WARNING] This property is deprecated and will be removed in future release. Please use 'dofs_idx_local' instead.[0m
[38;5;226m[Genesis] [10:42:01] [WARNING] This property is deprecated and will be removed in future release. Please use 'dofs_idx_local' instead.[0m
/home/jfriesen/.local/lib/python3.12/site-packages/torch/utils/_device.py:122: UserWarning: To copy construct from a tensor, it is recommended to use sourceTensor.detach().clone() or sourceTensor.detach().clone().requires_grad_(True), rather than torch.tensor(sourceTensor).
  return func(*args, **kwargs)
Actor MLP: Sequential(
  (0): Linear(in_features=51, out_features=512, bias=True)
  (1): ELU(alpha=1.0)
  (2): Linear(in_features=512, out_features=256, bias=True)
  (3): ELU(alpha=1.0)
  (4): Linear(in_features=256, out_features=128, bias=True)
  (5): ELU(alpha=1.0)
  (6): Linear(in_features=128, out_features=12, bias=True)
)
Critic MLP: Sequential(
  (0): Linear(in_features=75, out_features=512, bias=True)
  (1): ELU(alpha=1.0)
  (2): Linear(in_features=512, out_features=256, bias=True)
  (3): ELU(alpha=1.0)
  (4): Linear(in_features=256, out_features=128, bias=True)
  (5): ELU(alpha=1.0)
  (6): Linear(in_features=128, out_features=1, bias=True)
)
[38;5;159m[Genesis] [10:42:02] [INFO] Running at [38;5;121m3.81[0m[38;5;159m FPS ([38;5;121m3.81[0m[38;5;159m FPS per env, [38;5;121m1[0m[38;5;159m envs).[0m
[38;5;159m[Genesis] [10:42:02] [INFO] Running at [38;5;121m38.96[0m[38;5;159m FPS ([38;5;121m38.96[0m[38;5;159m FPS per env, [38;5;121m1[0m[38;5;159m envs).[0m
[38;5;159m[Genesis] [10:42:02] [INFO] Running at [38;5;121m116.80[0m[38;5;159m FPS ([38;5;121m116.80[0m[38;5;159m FPS per env, [38;5;121m1[0m[38;5;159m envs).[0m
[38;5;159m[Genesis] [10:42:02] [INFO] Running at [38;5;121m116.78[0m[38;5;159m FPS ([38;5;121m116.78[0m[38;5;159m FPS per env, [38;5;121m1[0m[38;5;159m envs).[0m
[38;5;159m[Genesis] [10:42:02] [INFO] Running at [38;5;121m116.81[0m[38;5;159m FPS ([38;5;121m116.81[0m[38;5;159m FPS per env, [38;5;121m1[0m[38;5;159m envs).[0m
[38;5;159m[Genesis] [10:42:02] [INFO] Running at [38;5;121m135.48[0m[38;5;159m FPS ([38;5;121m135.48[0m[38;5;159m FPS per env, [38;5;121m1[0m[38;5;159m envs).[0m
[38;5;159m[Genesis] [10:42:02] [INFO] Running at [38;5;121m134.71[0m[38;5;159m FPS ([38;5;121m134.71[0m[38;5;159m FPS per env, [38;5;121m1[0m[38;5;159m envs).[0m
[38;5;159m[Genesis] [10:42:02] [INFO] Running at [38;5;121m134.10[0m[38;5;159m FPS ([38;5;121m134.10[0m[38;5;159m FPS per env, [38;5;121m1[0m[38;5;159m envs).[0m
[38;5;159m[Genesis] [10:42:02] [INFO] Running at [38;5;121m133.58[0m[38;5;159m FPS ([38;5;121m133.58[0m[38;5;159m FPS per env, [38;5;121m1[0m[38;5;159m envs).[0m
[38;5;159m[Genesis] [10:42:03] [INFO] Running at [38;5;121m133.05[0m[38;5;159m FPS ([38;5;121m133.05[0m[38;5;159m FPS per env, [38;5;121m1[0m[38;5;159m envs).[0m
[38;5;159m[Genesis] [10:42:03] [INFO] Running at [38;5;121m132.58[0m[38;5;159m FPS ([38;5;121m132.58[0m[38;5;159m FPS per env, [38;5;121m1[0m[38;5;159m envs).[0m
[38;5;159m[Genesis] [10:42:03] [INFO] Running at [38;5;121m132.11[0m[38;5;159m FPS ([38;5;121m132.11[0m[38;5;159m FPS per env, [38;5;121m1[0m[38;5;159m envs).[0m
[38;5;159m[Genesis] [10:42:03] [INFO] Running at [38;5;121m131.78[0m[38;5;159m FPS ([38;5;121m131.78[0m[38;5;159m FPS per env, [38;5;121m1[0m[38;5;159m envs).[0m
[38;5;159m[Genesis] [10:42:03] [INFO] Running at [38;5;121m131.18[0m[38;5;159m FPS ([38;5;121m131.18[0m[38;5;159m FPS per env, [38;5;121m1[0m[38;5;159m envs).[0m
[38;5;159m[Genesis] [10:42:03] [INFO] Running at [38;5;121m130.86[0m[38;5;159m FPS ([38;5;121m130.86[0m[38;5;159m FPS per env, [38;5;121m1[0m[38;5;159m envs).[0m
[38;5;159m[Genesis] [10:42:03] [INFO] Running at [38;5;121m130.58[0m[38;5;159m FPS ([38;5;121m130.58[0m[38;5;159m FPS per env, [38;5;121m1[0m[38;5;159m envs).[0m
[38;5;159m[Genesis] [10:42:03] [INFO] Running at [38;5;121m130.28[0m[38;5;159m FPS ([38;5;121m130.28[0m[38;5;159m FPS per env, [38;5;121m1[0m[38;5;159m envs).[0m
[38;5;159m[Genesis] [10:42:03] [INFO] Running at [38;5;121m130.05[0m[38;5;159m FPS ([38;5;121m130.05[0m[38;5;159m FPS per env, [38;5;121m1[0m[38;5;159m envs).[0m
[38;5;159m[Genesis] [10:42:03] [INFO] Running at [38;5;121m129.85[0m[38;5;159m FPS ([38;5;121m129.85[0m[38;5;159m FPS per env, [38;5;121m1[0m[38;5;159m envs).[0m
[38;5;159m[Genesis] [10:42:03] [INFO] Running at [38;5;121m129.64[0m[38;5;159m FPS ([38;5;121m129.64[0m[38;5;159m FPS per env, [38;5;121m1[0m[38;5;159m envs).[0m
[38;5;159m[Genesis] [10:42:03] [INFO] Running at [38;5;121m129.50[0m[38;5;159m FPS ([38;5;121m129.50[0m[38;5;159m FPS per env, [38;5;121m1[0m[38;5;159m envs).[0m
[38;5;159m[Genesis] [10:42:03] [INFO] Running at [38;5;121m129.44[0m[38;5;159m FPS ([38;5;121m129.44[0m[38;5;159m FPS per env, [38;5;121m1[0m[38;5;159m envs).[0m
[38;5;159m[Genesis] [10:42:03] [INFO] Running at [38;5;121m129.36[0m[38;5;159m FPS ([38;5;121m129.36[0m[38;5;159m FPS per env, [38;5;121m1[0m[38;5;159m envs).[0m
[38;5;159m[Genesis] [10:42:03] [INFO] Running at [38;5;121m129.32[0m[38;5;159m FPS ([38;5;121m129.32[0m[38;5;159m FPS per env, [38;5;121m1[0m[38;5;159m envs).[0m
[38;5;159m[Genesis] [10:42:03] [INFO] Running at [38;5;121m129.25[0m[38;5;159m FPS ([38;5;121m129.25[0m[38;5;159m FPS per env, [38;5;121m1[0m[38;5;159m envs).[0m
[38;5;159m[Genesis] [10:42:03] [INFO] Running at [38;5;121m129.20[0m[38;5;159m FPS ([38;5;121m129.20[0m[38;5;159m FPS per env, [38;5;121m1[0m[38;5;159m envs).[0m
[38;5;159m[Genesis] [10:42:03] [INFO] Running at [38;5;121m128.94[0m[38;5;159m FPS ([38;5;121m128.94[0m[38;5;159m FPS per env, [38;5;121m1[0m[38;5;159m envs).[0m
[38;5;159m[Genesis] [10:42:04] [INFO] Running at [38;5;121m128.90[0m[38;5;159m FPS ([38;5;121m128.90[0m[38;5;159m FPS per env, [38;5;121m1[0m[38;5;159m envs).[0m
[38;5;159m[Genesis] [10:42:04] [INFO] Running at [38;5;121m128.89[0m[38;5;159m FPS ([38;5;121m128.89[0m[38;5;159m FPS per env, [38;5;121m1[0m[38;5;159m envs).[0m
[38;5;159m[Genesis] [10:42:04] [INFO] Running at [38;5;121m128.85[0m[38;5;159m FPS ([38;5;121m128.85[0m[38;5;159m FPS per env, [38;5;121m1[0m[38;5;159m envs).[0m
[38;5;159m[Genesis] [10:42:04] [INFO] Running at [38;5;121m128.81[0m[38;5;159m FPS ([38;5;121m128.81[0m[38;5;159m FPS per env, [38;5;121m1[0m[38;5;159m envs).[0m
[38;5;159m[Genesis] [10:42:04] [INFO] Running at [38;5;121m128.81[0m[38;5;159m FPS ([38;5;121m128.81[0m[38;5;159m FPS per env, [38;5;121m1[0m[38;5;159m envs).[0m
[38;5;159m[Genesis] [10:42:04] [INFO] Running at [38;5;121m128.82[0m[38;5;159m FPS ([38;5;121m128.82[0m[38;5;159m FPS per env, [38;5;121m1[0m[38;5;159m envs).[0m
[38;5;159m[Genesis] [10:42:04] [INFO] Running at [38;5;121m128.84[0m[38;5;159m FPS ([38;5;121m128.84[0m[38;5;159m FPS per env, [38;5;121m1[0m[38;5;159m envs).[0m
[38;5;159m[Genesis] [10:42:04] [INFO] Running at [38;5;121m128.87[0m[38;5;159m FPS ([38;5;121m128.87[0m[38;5;159m FPS per env, [38;5;121m1[0m[38;5;159m envs).[0m
[38;5;159m[Genesis] [10:42:04] [INFO] Running at [38;5;121m128.92[0m[38;5;159m FPS ([38;5;121m128.92[0m[38;5;159m FPS per env, [38;5;121m1[0m[38;5;159m envs).[0m
[38;5;159m[Genesis] [10:42:04] [INFO] Running at [38;5;121m128.97[0m[38;5;159m FPS ([38;5;121m128.97[0m[38;5;159m FPS per env, [38;5;121m1[0m[38;5;159m envs).[0m
[38;5;159m[Genesis] [10:42:04] [INFO] Running at [38;5;121m128.94[0m[38;5;159m FPS ([38;5;121m128.94[0m[38;5;159m FPS per env, [38;5;121m1[0m[38;5;159m envs).[0m
[38;5;159m[Genesis] [10:42:04] [INFO] Running at [38;5;121m128.76[0m[38;5;159m FPS ([38;5;121m128.76[0m[38;5;159m FPS per env, [38;5;121m1[0m[38;5;159m envs).[0m
[38;5;159m[Genesis] [10:42:04] [INFO] Running at [38;5;121m128.73[0m[38;5;159m FPS ([38;5;121m128.73[0m[38;5;159m FPS per env, [38;5;121m1[0m[38;5;159m envs).[0m
[38;5;159m[Genesis] [10:42:04] [INFO] Running at [38;5;121m128.74[0m[38;5;159m FPS ([38;5;121m128.74[0m[38;5;159m FPS per env, [38;5;121m1[0m[38;5;159m envs).[0m
[38;5;159m[Genesis] [10:42:04] [INFO] Running at [38;5;121m128.70[0m[38;5;159m FPS ([38;5;121m128.70[0m[38;5;159m FPS per env, [38;5;121m1[0m[38;5;159m envs).[0m
[38;5;159m[Genesis] [10:42:04] [INFO] Running at [38;5;121m128.74[0m[38;5;159m FPS ([38;5;121m128.74[0m[38;5;159m FPS per env, [38;5;121m1[0m[38;5;159m envs).[0m
[38;5;159m[Genesis] [10:42:04] [INFO] Running at [38;5;121m128.74[0m[38;5;159m FPS ([38;5;121m128.74[0m[38;5;159m FPS per env, [38;5;121m1[0m[38;5;159m envs).[0m
[38;5;159m[Genesis] [10:42:04] [INFO] Running at [38;5;121m128.76[0m[38;5;159m FPS ([38;5;121m128.76[0m[38;5;159m FPS per env, [38;5;121m1[0m[38;5;159m envs).[0m
[38;5;159m[Genesis] [10:42:05] [INFO] Running at [38;5;121m128.76[0m[38;5;159m FPS ([38;5;121m128.76[0m[38;5;159m FPS per env, [38;5;121m1[0m[38;5;159m envs).[0m
[38;5;159m[Genesis] [10:42:05] [INFO] Running at [38;5;121m128.79[0m[38;5;159m FPS ([38;5;121m128.79[0m[38;5;159m FPS per env, [38;5;121m1[0m[38;5;159m envs).[0m
[38;5;159m[Genesis] [10:42:05] [INFO] Running at [38;5;121m128.78[0m[38;5;159m FPS ([38;5;121m128.78[0m[38;5;159m FPS per env, [38;5;121m1[0m[38;5;159m envs).[0m
[38;5;159m[Genesis] [10:42:05] [INFO] Running at [38;5;121m128.78[0m[38;5;159m FPS ([38;5;121m128.78[0m[38;5;159m FPS per env, [38;5;121m1[0m[38;5;159m envs).[0m
[38;5;159m[Genesis] [10:42:05] [INFO] Running at [38;5;121m128.77[0m[38;5;159m FPS ([38;5;121m128.77[0m[38;5;159m FPS per env, [38;5;121m1[0m[38;5;159m envs).[0m
[38;5;159m[Genesis] [10:42:05] [INFO] Running at [38;5;121m128.58[0m[38;5;159m FPS ([38;5;121m128.58[0m[38;5;159m FPS per env, [38;5;121m1[0m[38;5;159m envs).[0m
[38;5;159m[Genesis] [10:42:05] [INFO] Running at [38;5;121m128.58[0m[38;5;159m FPS ([38;5;121m128.58[0m[38;5;159m FPS per env, [38;5;121m1[0m[38;5;159m envs).[0m
[38;5;159m[Genesis] [10:42:05] [INFO] Running at [38;5;121m128.58[0m[38;5;159m FPS ([38;5;121m128.58[0m[38;5;159m FPS per env, [38;5;121m1[0m[38;5;159m envs).[0m
[38;5;159m[Genesis] [10:42:05] [INFO] Running at [38;5;121m128.63[0m[38;5;159m FPS ([38;5;121m128.63[0m[38;5;159m FPS per env, [38;5;121m1[0m[38;5;159m envs).[0m
[38;5;159m[Genesis] [10:42:05] [INFO] Running at [38;5;121m128.61[0m[38;5;159m FPS ([38;5;121m128.61[0m[38;5;159m FPS per env, [38;5;121m1[0m[38;5;159m envs).[0m
[38;5;159m[Genesis] [10:42:05] [INFO] Running at [38;5;121m128.60[0m[38;5;159m FPS ([38;5;121m128.60[0m[38;5;159m FPS per env, [38;5;121m1[0m[38;5;159m envs).[0m
[38;5;159m[Genesis] [10:42:05] [INFO] Running at [38;5;121m128.59[0m[38;5;159m FPS ([38;5;121m128.59[0m[38;5;159m FPS per env, [38;5;121m1[0m[38;5;159m envs).[0m
[38;5;159m[Genesis] [10:42:05] [INFO] Running at [38;5;121m128.62[0m[38;5;159m FPS ([38;5;121m128.62[0m[38;5;159m FPS per env, [38;5;121m1[0m[38;5;159m envs).[0m
[38;5;159m[Genesis] [10:42:05] [INFO] Running at [38;5;121m128.56[0m[38;5;159m FPS ([38;5;121m128.56[0m[38;5;159m FPS per env, [38;5;121m1[0m[38;5;159m envs).[0m
[38;5;159m[Genesis] [10:42:05] [INFO] Running at [38;5;121m128.47[0m[38;5;159m FPS ([38;5;121m128.47[0m[38;5;159m FPS per env, [38;5;121m1[0m[38;5;159m envs).[0m
[38;5;159m[Genesis] [10:42:05] [INFO] Running at [38;5;121m128.47[0m[38;5;159m FPS ([38;5;121m128.47[0m[38;5;159m FPS per env, [38;5;121m1[0m[38;5;159m envs).[0m
[38;5;159m[Genesis] [10:42:05] [INFO] Running at [38;5;121m128.37[0m[38;5;159m FPS ([38;5;121m128.37[0m[38;5;159m FPS per env, [38;5;121m1[0m[38;5;159m envs).[0m
[38;5;159m[Genesis] [10:42:05] [INFO] Running at [38;5;121m110.47[0m[38;5;159m FPS ([38;5;121m110.47[0m[38;5;159m FPS per env, [38;5;121m1[0m[38;5;159m envs).[0m
[38;5;159m[Genesis] [10:42:05] [INFO] Running at [38;5;121m128.81[0m[38;5;159m FPS ([38;5;121m128.81[0m[38;5;159m FPS per env, [38;5;121m1[0m[38;5;159m envs).[0m
[38;5;159m[Genesis] [10:42:06] [INFO] Running at [38;5;121m128.88[0m[38;5;159m FPS ([38;5;121m128.88[0m[38;5;159m FPS per env, [38;5;121m1[0m[38;5;159m envs).[0m
[38;5;159m[Genesis] [10:42:06] [INFO] Running at [38;5;121m128.57[0m[38;5;159m FPS ([38;5;121m128.57[0m[38;5;159m FPS per env, [38;5;121m1[0m[38;5;159m envs).[0m
[38;5;159m[Genesis] [10:42:06] [INFO] Running at [38;5;121m128.36[0m[38;5;159m FPS ([38;5;121m128.36[0m[38;5;159m FPS per env, [38;5;121m1[0m[38;5;159m envs).[0m
[38;5;159m[Genesis] [10:42:06] [INFO] Running at [38;5;121m128.16[0m[38;5;159m FPS ([38;5;121m128.16[0m[38;5;159m FPS per env, [38;5;121m1[0m[38;5;159m envs).[0m
[38;5;159m[Genesis] [10:42:06] [INFO] Running at [38;5;121m127.90[0m[38;5;159m FPS ([38;5;121m127.90[0m[38;5;159m FPS per env, [38;5;121m1[0m[38;5;159m envs).[0m
[38;5;159m[Genesis] [10:42:06] [INFO] Running at [38;5;121m127.81[0m[38;5;159m FPS ([38;5;121m127.81[0m[38;5;159m FPS per env, [38;5;121m1[0m[38;5;159m envs).[0m
[38;5;159m[Genesis] [10:42:06] [INFO] Running at [38;5;121m127.66[0m[38;5;159m FPS ([38;5;121m127.66[0m[38;5;159m FPS per env, [38;5;121m1[0m[38;5;159m envs).[0m
[38;5;159m[Genesis] [10:42:06] [INFO] Running at [38;5;121m127.39[0m[38;5;159m FPS ([38;5;121m127.39[0m[38;5;159m FPS per env, [38;5;121m1[0m[38;5;159m envs).[0m
[38;5;159m[Genesis] [10:42:06] [INFO] Running at [38;5;121m127.40[0m[38;5;159m FPS ([38;5;121m127.40[0m[38;5;159m FPS per env, [38;5;121m1[0m[38;5;159m envs).[0m
[38;5;159m[Genesis] [10:42:06] [INFO] Running at [38;5;121m127.17[0m[38;5;159m FPS ([38;5;121m127.17[0m[38;5;159m FPS per env, [38;5;121m1[0m[38;5;159m envs).[0m
[38;5;159m[Genesis] [10:42:06] [INFO] Running at [38;5;121m126.98[0m[38;5;159m FPS ([38;5;121m126.98[0m[38;5;159m FPS per env, [38;5;121m1[0m[38;5;159m envs).[0m
[38;5;159m[Genesis] [10:42:06] [INFO] Running at [38;5;121m109.25[0m[38;5;159m FPS ([38;5;121m109.25[0m[38;5;159m FPS per env, [38;5;121m1[0m[38;5;159m envs).[0m
[38;5;159m[Genesis] [10:42:06] [INFO] Running at [38;5;121m127.34[0m[38;5;159m FPS ([38;5;121m127.34[0m[38;5;159m FPS per env, [38;5;121m1[0m[38;5;159m envs).[0m
[38;5;159m[Genesis] [10:42:06] [INFO] Running at [38;5;121m127.17[0m[38;5;159m FPS ([38;5;121m127.17[0m[38;5;159m FPS per env, [38;5;121m1[0m[38;5;159m envs).[0m
[38;5;159m[Genesis] [10:42:06] [INFO] Running at [38;5;121m127.02[0m[38;5;159m FPS ([38;5;121m127.02[0m[38;5;159m FPS per env, [38;5;121m1[0m[38;5;159m envs).[0m
[38;5;159m[Genesis] [10:42:06] [INFO] Running at [38;5;121m126.83[0m[38;5;159m FPS ([38;5;121m126.83[0m[38;5;159m FPS per env, [38;5;121m1[0m[38;5;159m envs).[0m
[38;5;159m[Genesis] [10:42:06] [INFO] Running at [38;5;121m126.66[0m[38;5;159m FPS ([38;5;121m126.66[0m[38;5;159m FPS per env, [38;5;121m1[0m[38;5;159m envs).[0m
[38;5;159m[Genesis] [10:42:07] [INFO] Running at [38;5;121m126.60[0m[38;5;159m FPS ([38;5;121m126.60[0m[38;5;159m FPS per env, [38;5;121m1[0m[38;5;159m envs).[0m
[38;5;159m[Genesis] [10:42:07] [INFO] Running at [38;5;121m109.00[0m[38;5;159m FPS ([38;5;121m109.00[0m[38;5;159m FPS per env, [38;5;121m1[0m[38;5;159m envs).[0m
[38;5;159m[Genesis] [10:42:07] [INFO] Running at [38;5;121m109.46[0m[38;5;159m FPS ([38;5;121m109.46[0m[38;5;159m FPS per env, [38;5;121m1[0m[38;5;159m envs).[0m
[38;5;159m[Genesis] [10:42:07] [INFO] Running at [38;5;121m109.81[0m[38;5;159m FPS ([38;5;121m109.81[0m[38;5;159m FPS per env, [38;5;121m1[0m[38;5;159m envs).[0m
[38;5;159m[Genesis] [10:42:07] [INFO] Running at [38;5;121m127.69[0m[38;5;159m FPS ([38;5;121m127.69[0m[38;5;159m FPS per env, [38;5;121m1[0m[38;5;159m envs).[0m
[38;5;159m[Genesis] [10:42:07] [INFO] Running at [38;5;121m127.45[0m[38;5;159m FPS ([38;5;121m127.45[0m[38;5;159m FPS per env, [38;5;121m1[0m[38;5;159m envs).[0m
[38;5;159m[Genesis] [10:42:07] [INFO] Running at [38;5;121m109.64[0m[38;5;159m FPS ([38;5;121m109.64[0m[38;5;159m FPS per env, [38;5;121m1[0m[38;5;159m envs).[0m
[38;5;159m[Genesis] [10:42:07] [INFO] Running at [38;5;121m127.70[0m[38;5;159m FPS ([38;5;121m127.70[0m[38;5;159m FPS per env, [38;5;121m1[0m[38;5;159m envs).[0m
[38;5;159m[Genesis] [10:42:07] [INFO] Running at [38;5;121m127.48[0m[38;5;159m FPS ([38;5;121m127.48[0m[38;5;159m FPS per env, [38;5;121m1[0m[38;5;159m envs).[0m
[38;5;159m[Genesis] [10:42:07] [INFO] Running at [38;5;121m127.16[0m[38;5;159m FPS ([38;5;121m127.16[0m[38;5;159m FPS per env, [38;5;121m1[0m[38;5;159m envs).[0m
[38;5;159m[Genesis] [10:42:07] [INFO] Running at [38;5;121m126.92[0m[38;5;159m FPS ([38;5;121m126.92[0m[38;5;159m FPS per env, [38;5;121m1[0m[38;5;159m envs).[0m
[38;5;159m[Genesis] [10:42:07] [INFO] Running at [38;5;121m126.70[0m[38;5;159m FPS ([38;5;121m126.70[0m[38;5;159m FPS per env, [38;5;121m1[0m[38;5;159m envs).[0m
[38;5;159m[Genesis] [10:42:07] [INFO] Running at [38;5;121m126.47[0m[38;5;159m FPS ([38;5;121m126.47[0m[38;5;159m FPS per env, [38;5;121m1[0m[38;5;159m envs).[0m
[38;5;159m[Genesis] [10:42:07] [INFO] Running at [38;5;121m126.23[0m[38;5;159m FPS ([38;5;121m126.23[0m[38;5;159m FPS per env, [38;5;121m1[0m[38;5;159m envs).[0m
[38;5;159m[Genesis] [10:42:07] [INFO] Running at [38;5;121m126.05[0m[38;5;159m FPS ([38;5;121m126.05[0m[38;5;159m FPS per env, [38;5;121m1[0m[38;5;159m envs).[0m
[38;5;159m[Genesis] [10:42:07] [INFO] Running at [38;5;121m125.88[0m[38;5;159m FPS ([38;5;121m125.88[0m[38;5;159m FPS per env, [38;5;121m1[0m[38;5;159m envs).[0m
[38;5;159m[Genesis] [10:42:07] [INFO] Running at [38;5;121m125.71[0m[38;5;159m FPS ([38;5;121m125.71[0m[38;5;159m FPS per env, [38;5;121m1[0m[38;5;159m envs).[0m
[38;5;159m[Genesis] [10:42:07] [INFO] Running at [38;5;121m125.56[0m[38;5;159m FPS ([38;5;121m125.56[0m[38;5;159m FPS per env, [38;5;121m1[0m[38;5;159m envs).[0m
[38;5;159m[Genesis] [10:42:08] [INFO] Running at [38;5;121m125.41[0m[38;5;159m FPS ([38;5;121m125.41[0m[38;5;159m FPS per env, [38;5;121m1[0m[38;5;159m envs).[0m
[38;5;159m[Genesis] [10:42:08] [INFO] Running at [38;5;121m108.01[0m[38;5;159m FPS ([38;5;121m108.01[0m[38;5;159m FPS per env, [38;5;121m1[0m[38;5;159m envs).[0m
[38;5;159m[Genesis] [10:42:08] [INFO] Running at [38;5;121m125.78[0m[38;5;159m FPS ([38;5;121m125.78[0m[38;5;159m FPS per env, [38;5;121m1[0m[38;5;159m envs).[0m
[38;5;159m[Genesis] [10:42:08] [INFO] Running at [38;5;121m125.62[0m[38;5;159m FPS ([38;5;121m125.62[0m[38;5;159m FPS per env, [38;5;121m1[0m[38;5;159m envs).[0m
[38;5;159m[Genesis] [10:42:08] [INFO] Running at [38;5;121m125.45[0m[38;5;159m FPS ([38;5;121m125.45[0m[38;5;159m FPS per env, [38;5;121m1[0m[38;5;159m envs).[0m
[38;5;159m[Genesis] [10:42:08] [INFO] Running at [38;5;121m125.30[0m[38;5;159m FPS ([38;5;121m125.30[0m[38;5;159m FPS per env, [38;5;121m1[0m[38;5;159m envs).[0m
[38;5;159m[Genesis] [10:42:08] [INFO] Running at [38;5;121m125.16[0m[38;5;159m FPS ([38;5;121m125.16[0m[38;5;159m FPS per env, [38;5;121m1[0m[38;5;159m envs).[0m
[38;5;159m[Genesis] [10:42:08] [INFO] Running at [38;5;121m125.02[0m[38;5;159m FPS ([38;5;121m125.02[0m[38;5;159m FPS per env, [38;5;121m1[0m[38;5;159m envs).[0m
[38;5;159m[Genesis] [10:42:08] [INFO] Running at [38;5;121m124.91[0m[38;5;159m FPS ([38;5;121m124.91[0m[38;5;159m FPS per env, [38;5;121m1[0m[38;5;159m envs).[0m
[38;5;159m[Genesis] [10:42:08] [INFO] Running at [38;5;121m124.80[0m[38;5;159m FPS ([38;5;121m124.80[0m[38;5;159m FPS per env, [38;5;121m1[0m[38;5;159m envs).[0m
[38;5;159m[Genesis] [10:42:08] [INFO] Running at [38;5;121m124.70[0m[38;5;159m FPS ([38;5;121m124.70[0m[38;5;159m FPS per env, [38;5;121m1[0m[38;5;159m envs).[0m
[38;5;159m[Genesis] [10:42:08] [INFO] Running at [38;5;121m124.60[0m[38;5;159m FPS ([38;5;121m124.60[0m[38;5;159m FPS per env, [38;5;121m1[0m[38;5;159m envs).[0m
[38;5;159m[Genesis] [10:42:08] [INFO] Running at [38;5;121m124.51[0m[38;5;159m FPS ([38;5;121m124.51[0m[38;5;159m FPS per env, [38;5;121m1[0m[38;5;159m envs).[0m
[38;5;159m[Genesis] [10:42:08] [INFO] Running at [38;5;121m107.27[0m[38;5;159m FPS ([38;5;121m107.27[0m[38;5;159m FPS per env, [38;5;121m1[0m[38;5;159m envs).[0m
[38;5;159m[Genesis] [10:42:08] [INFO] Running at [38;5;121m125.02[0m[38;5;159m FPS ([38;5;121m125.02[0m[38;5;159m FPS per env, [38;5;121m1[0m[38;5;159m envs).[0m
[38;5;159m[Genesis] [10:42:08] [INFO] Running at [38;5;121m124.91[0m[38;5;159m FPS ([38;5;121m124.91[0m[38;5;159m FPS per env, [38;5;121m1[0m[38;5;159m envs).[0m
[38;5;159m[Genesis] [10:42:08] [INFO] Running at [38;5;121m124.81[0m[38;5;159m FPS ([38;5;121m124.81[0m[38;5;159m FPS per env, [38;5;121m1[0m[38;5;159m envs).[0m
[38;5;159m[Genesis] [10:42:08] [INFO] Running at [38;5;121m124.72[0m[38;5;159m FPS ([38;5;121m124.72[0m[38;5;159m FPS per env, [38;5;121m1[0m[38;5;159m envs).[0m
[38;5;159m[Genesis] [10:42:09] [INFO] Running at [38;5;121m124.62[0m[38;5;159m FPS ([38;5;121m124.62[0m[38;5;159m FPS per env, [38;5;121m1[0m[38;5;159m envs).[0m
[38;5;159m[Genesis] [10:42:09] [INFO] Running at [38;5;121m124.52[0m[38;5;159m FPS ([38;5;121m124.52[0m[38;5;159m FPS per env, [38;5;121m1[0m[38;5;159m envs).[0m
[38;5;159m[Genesis] [10:42:09] [INFO] Running at [38;5;121m124.42[0m[38;5;159m FPS ([38;5;121m124.42[0m[38;5;159m FPS per env, [38;5;121m1[0m[38;5;159m envs).[0m
[38;5;159m[Genesis] [10:42:09] [INFO] Running at [38;5;121m124.34[0m[38;5;159m FPS ([38;5;121m124.34[0m[38;5;159m FPS per env, [38;5;121m1[0m[38;5;159m envs).[0m
[38;5;159m[Genesis] [10:42:09] [INFO] Running at [38;5;121m124.27[0m[38;5;159m FPS ([38;5;121m124.27[0m[38;5;159m FPS per env, [38;5;121m1[0m[38;5;159m envs).[0m
[38;5;159m[Genesis] [10:42:09] [INFO] Running at [38;5;121m124.20[0m[38;5;159m FPS ([38;5;121m124.20[0m[38;5;159m FPS per env, [38;5;121m1[0m[38;5;159m envs).[0m
[38;5;159m[Genesis] [10:42:09] [INFO] Running at [38;5;121m124.14[0m[38;5;159m FPS ([38;5;121m124.14[0m[38;5;159m FPS per env, [38;5;121m1[0m[38;5;159m envs).[0m
[38;5;159m[Genesis] [10:42:09] [INFO] Running at [38;5;121m106.96[0m[38;5;159m FPS ([38;5;121m106.96[0m[38;5;159m FPS per env, [38;5;121m1[0m[38;5;159m envs).[0m
[38;5;159m[Genesis] [10:42:09] [INFO] Running at [38;5;121m124.69[0m[38;5;159m FPS ([38;5;121m124.69[0m[38;5;159m FPS per env, [38;5;121m1[0m[38;5;159m envs).[0m
[38;5;159m[Genesis] [10:42:09] [INFO] Running at [38;5;121m124.58[0m[38;5;159m FPS ([38;5;121m124.58[0m[38;5;159m FPS per env, [38;5;121m1[0m[38;5;159m envs).[0m
[38;5;159m[Genesis] [10:42:09] [INFO] Running at [38;5;121m124.50[0m[38;5;159m FPS ([38;5;121m124.50[0m[38;5;159m FPS per env, [38;5;121m1[0m[38;5;159m envs).[0m
[38;5;159m[Genesis] [10:42:09] [INFO] Running at [38;5;121m124.42[0m[38;5;159m FPS ([38;5;121m124.42[0m[38;5;159m FPS per env, [38;5;121m1[0m[38;5;159m envs).[0m
[38;5;159m[Genesis] [10:42:09] [INFO] Running at [38;5;121m124.33[0m[38;5;159m FPS ([38;5;121m124.33[0m[38;5;159m FPS per env, [38;5;121m1[0m[38;5;159m envs).[0m
[38;5;159m[Genesis] [10:42:09] [INFO] Running at [38;5;121m124.22[0m[38;5;159m FPS ([38;5;121m124.22[0m[38;5;159m FPS per env, [38;5;121m1[0m[38;5;159m envs).[0m
[38;5;159m[Genesis] [10:42:09] [INFO] Running at [38;5;121m124.12[0m[38;5;159m FPS ([38;5;121m124.12[0m[38;5;159m FPS per env, [38;5;121m1[0m[38;5;159m envs).[0m
[38;5;159m[Genesis] [10:42:09] [INFO] Running at [38;5;121m124.05[0m[38;5;159m FPS ([38;5;121m124.05[0m[38;5;159m FPS per env, [38;5;121m1[0m[38;5;159m envs).[0m
[38;5;159m[Genesis] [10:42:09] [INFO] Running at [38;5;121m123.98[0m[38;5;159m FPS ([38;5;121m123.98[0m[38;5;159m FPS per env, [38;5;121m1[0m[38;5;159m envs).[0m
[38;5;159m[Genesis] [10:42:09] [INFO] Running at [38;5;121m123.94[0m[38;5;159m FPS ([38;5;121m123.94[0m[38;5;159m FPS per env, [38;5;121m1[0m[38;5;159m envs).[0m
[38;5;159m[Genesis] [10:42:10] [INFO] Running at [38;5;121m123.88[0m[38;5;159m FPS ([38;5;121m123.88[0m[38;5;159m FPS per env, [38;5;121m1[0m[38;5;159m envs).[0m
[38;5;159m[Genesis] [10:42:10] [INFO] Running at [38;5;121m123.83[0m[38;5;159m FPS ([38;5;121m123.83[0m[38;5;159m FPS per env, [38;5;121m1[0m[38;5;159m envs).[0m
[38;5;159m[Genesis] [10:42:10] [INFO] Running at [38;5;121m106.70[0m[38;5;159m FPS ([38;5;121m106.70[0m[38;5;159m FPS per env, [38;5;121m1[0m[38;5;159m envs).[0m
[38;5;159m[Genesis] [10:42:10] [INFO] Running at [38;5;121m124.38[0m[38;5;159m FPS ([38;5;121m124.38[0m[38;5;159m FPS per env, [38;5;121m1[0m[38;5;159m envs).[0m
[38;5;159m[Genesis] [10:42:10] [INFO] Running at [38;5;121m124.30[0m[38;5;159m FPS ([38;5;121m124.30[0m[38;5;159m FPS per env, [38;5;121m1[0m[38;5;159m envs).[0m
[38;5;159m[Genesis] [10:42:10] [INFO] Running at [38;5;121m124.21[0m[38;5;159m FPS ([38;5;121m124.21[0m[38;5;159m FPS per env, [38;5;121m1[0m[38;5;159m envs).[0m
[38;5;159m[Genesis] [10:42:10] [INFO] Running at [38;5;121m124.14[0m[38;5;159m FPS ([38;5;121m124.14[0m[38;5;159m FPS per env, [38;5;121m1[0m[38;5;159m envs).[0m
[38;5;159m[Genesis] [10:42:10] [INFO] Running at [38;5;121m124.08[0m[38;5;159m FPS ([38;5;121m124.08[0m[38;5;159m FPS per env, [38;5;121m1[0m[38;5;159m envs).[0m
[38;5;159m[Genesis] [10:42:10] [INFO] Running at [38;5;121m124.03[0m[38;5;159m FPS ([38;5;121m124.03[0m[38;5;159m FPS per env, [38;5;121m1[0m[38;5;159m envs).[0m
[38;5;159m[Genesis] [10:42:10] [INFO] Running at [38;5;121m123.97[0m[38;5;159m FPS ([38;5;121m123.97[0m[38;5;159m FPS per env, [38;5;121m1[0m[38;5;159m envs).[0m
[38;5;159m[Genesis] [10:42:10] [INFO] Running at [38;5;121m123.90[0m[38;5;159m FPS ([38;5;121m123.90[0m[38;5;159m FPS per env, [38;5;121m1[0m[38;5;159m envs).[0m
fps 50
[38;5;159m[Genesis] [10:42:10] [INFO] Saving video to [38;5;121m"test_2000_behind.mp4"[0m[38;5;159m...[0m
[38;5;159m[Genesis] [10:42:11] [INFO] Video saved.[0m
[38;5;159m[Genesis] [10:42:11] [INFO] Saving video to [38;5;121m"test_2000_side.mp4"[0m[38;5;159m...[0m
[38;5;159m[Genesis] [10:42:12] [INFO] Video saved.[0m
Saved recordings for checkpoint 2000.
[38;5;159m[Genesis] [10:42:12] [INFO] 💤 Exiting Genesis and caching compiled kernels...[0m
