[38;5;159m[Genesis] [09:10:43] [INFO] [38;5;121m╭───────────────────────────────────────────────╮[0m[38;5;159m[0m
[38;5;159m[Genesis] [09:10:43] [INFO] [38;5;121m│┈┉┈┉┈┉┈┉┈┉┈┉┈┉┈┉┈┉┈[0m[38;5;159m [38;5;121m[1m[3mGenesis[0m[38;5;159m [38;5;121m┈┉┈┉┈┉┈┉┈┉┈┉┈┉┈┉┈┉┈│[0m[38;5;159m[0m
[38;5;159m[Genesis] [09:10:43] [INFO] [38;5;121m╰───────────────────────────────────────────────╯[0m[38;5;159m[0m
[38;5;159m[Genesis] [09:10:43] [INFO] Running on [38;5;121m[4m[NVIDIA GeForce RTX 5090][0m[38;5;159m with backend [38;5;121m[4mgs.cuda[0m[38;5;159m. Device memory: [38;5;121m[4m31.36[0m[38;5;159m GB.[0m
[38;5;159m[Genesis] [09:10:43] [INFO] 🚀 Genesis initialized. 🔖 version: [38;5;121m[4m0.4.7[0m[38;5;159m, 🎨 theme: [38;5;121m[4mdark[0m[38;5;159m, 🌱 seed: [38;5;121m[4mNone[0m[38;5;159m, 🐛 debug: [38;5;121m[4mFalse[0m[38;5;159m, 📏 precision: [38;5;121m[4m32[0m[38;5;159m, 🔥 performance: [38;5;121m[4mFalse[0m[38;5;159m, 💬 verbose: [38;5;121m[4mINFO[0m[38;5;159m[0m
[38;5;226m[Genesis] [09:10:46] [WARNING] Viewer option 'n_rendered_envs' is deprecated and will be removed in a future release. Please use 'rendered_envs_idx' instead.[0m
[38;5;159m[Genesis] [09:10:46] [INFO] Scene [38;5;121m[3m<2034451>[0m[38;5;159m created.[0m
[38;5;159m[Genesis] [09:10:46] [INFO] Adding [38;5;121m<gs.engine.entities.RigidEntity>[0m[38;5;159m. idx: [38;5;121m0[0m[38;5;159m, uid: [38;5;121m[3m<5cb320a>[0m[38;5;159m, morph: [38;5;121m<gs.morphs.Terrain>[0m[38;5;159m, material: [38;5;121m<gs.materials.Rigid>[0m[38;5;159m.[0m
[38;5;226m[Genesis] [09:10:47] [WARNING] Beware that SDF pre-processing of mesh  having more than 50000 vertices may take a very long time (>10min) and require large RAM allocation (>20Gb). Please either enable convexify or decimation. (see FileMorph options)[0m
[38;5;159m[Genesis] [09:10:47] [INFO] Adding [38;5;121m<gs.engine.entities.RigidEntity>[0m[38;5;159m. idx: [38;5;121m1[0m[38;5;159m, uid: [38;5;121m[3m<d4c0f93>[0m[38;5;159m, morph: [38;5;121m<gs.morphs.URDF(file='/home/jfriesen/.local/lib/python3.12/site-packages/genesis/assets/urdf/go2/urdf/go2.urdf')>[0m[38;5;159m, material: [38;5;121m<gs.materials.Rigid>[0m[38;5;159m.[0m
[38;5;159m[Genesis] [09:10:50] [INFO] Building scene [38;5;121m[3m<2034451>[0m[38;5;159m...[0m
[38;5;226m[Genesis] [09:10:50] [WARNING] Neutral robot position (qpos0) exceeds joint limits.[0m
[38;5;159m[Genesis] [09:10:52] [INFO] Compiling simulation kernels...[0m
[38;5;159m[Genesis] [09:10:53] [INFO] Building visualizer...[0m
[38;5;226m[Genesis] [09:10:54] [WARNING] This property is deprecated and will be removed in future release. Please use 'dofs_idx_local' instead.[0m
[38;5;226m[Genesis] [09:10:54] [WARNING] This property is deprecated and will be removed in future release. Please use 'dofs_idx_local' instead.[0m
[38;5;226m[Genesis] [09:10:54] [WARNING] This property is deprecated and will be removed in future release. Please use 'dofs_idx_local' instead.[0m
[38;5;226m[Genesis] [09:10:54] [WARNING] This property is deprecated and will be removed in future release. Please use 'dofs_idx_local' instead.[0m
[38;5;226m[Genesis] [09:10:54] [WARNING] This property is deprecated and will be removed in future release. Please use 'dofs_idx_local' instead.[0m
[38;5;226m[Genesis] [09:10:54] [WARNING] This property is deprecated and will be removed in future release. Please use 'dofs_idx_local' instead.[0m
[38;5;226m[Genesis] [09:10:54] [WARNING] This property is deprecated and will be removed in future release. Please use 'dofs_idx_local' instead.[0m
[38;5;226m[Genesis] [09:10:54] [WARNING] This property is deprecated and will be removed in future release. Please use 'dofs_idx_local' instead.[0m
[38;5;226m[Genesis] [09:10:54] [WARNING] This property is deprecated and will be removed in future release. Please use 'dofs_idx_local' instead.[0m
[38;5;226m[Genesis] [09:10:54] [WARNING] This property is deprecated and will be removed in future release. Please use 'dofs_idx_local' instead.[0m
[38;5;226m[Genesis] [09:10:54] [WARNING] This property is deprecated and will be removed in future release. Please use 'dofs_idx_local' instead.[0m
[38;5;226m[Genesis] [09:10:54] [WARNING] This property is deprecated and will be removed in future release. Please use 'dofs_idx_local' instead.[0m
/home/jfriesen/.local/lib/python3.12/site-packages/torch/utils/_device.py:122: UserWarning: To copy construct from a tensor, it is recommended to use sourceTensor.detach().clone() or sourceTensor.detach().clone().requires_grad_(True), rather than torch.tensor(sourceTensor).
  return func(*args, **kwargs)
Actor MLP: Sequential(
  (0): Linear(in_features=76, out_features=512, bias=True)
  (1): ELU(alpha=1.0)
  (2): Linear(in_features=512, out_features=256, bias=True)
  (3): ELU(alpha=1.0)
  (4): Linear(in_features=256, out_features=128, bias=True)
  (5): ELU(alpha=1.0)
  (6): Linear(in_features=128, out_features=12, bias=True)
)
Critic MLP: Sequential(
  (0): Linear(in_features=100, out_features=512, bias=True)
  (1): ELU(alpha=1.0)
  (2): Linear(in_features=512, out_features=256, bias=True)
  (3): ELU(alpha=1.0)
  (4): Linear(in_features=256, out_features=128, bias=True)
  (5): ELU(alpha=1.0)
  (6): Linear(in_features=128, out_features=1, bias=True)
)
[38;5;159m[Genesis] [09:10:56] [INFO] Running at [38;5;121m1.61[0m[38;5;159m FPS ([38;5;121m1.61[0m[38;5;159m FPS per env, [38;5;121m1[0m[38;5;159m envs).[0m
[38;5;159m[Genesis] [09:10:56] [INFO] Running at [38;5;121m6.22[0m[38;5;159m FPS ([38;5;121m6.22[0m[38;5;159m FPS per env, [38;5;121m1[0m[38;5;159m envs).[0m
[38;5;159m[Genesis] [09:10:56] [INFO] Running at [38;5;121m70.39[0m[38;5;159m FPS ([38;5;121m70.39[0m[38;5;159m FPS per env, [38;5;121m1[0m[38;5;159m envs).[0m
[38;5;159m[Genesis] [09:10:56] [INFO] Running at [38;5;121m70.38[0m[38;5;159m FPS ([38;5;121m70.38[0m[38;5;159m FPS per env, [38;5;121m1[0m[38;5;159m envs).[0m
[38;5;159m[Genesis] [09:10:56] [INFO] Running at [38;5;121m70.42[0m[38;5;159m FPS ([38;5;121m70.42[0m[38;5;159m FPS per env, [38;5;121m1[0m[38;5;159m envs).[0m
[38;5;159m[Genesis] [09:10:56] [INFO] Running at [38;5;121m70.45[0m[38;5;159m FPS ([38;5;121m70.45[0m[38;5;159m FPS per env, [38;5;121m1[0m[38;5;159m envs).[0m
[38;5;159m[Genesis] [09:10:56] [INFO] Running at [38;5;121m70.49[0m[38;5;159m FPS ([38;5;121m70.49[0m[38;5;159m FPS per env, [38;5;121m1[0m[38;5;159m envs).[0m
[38;5;159m[Genesis] [09:10:56] [INFO] Running at [38;5;121m70.53[0m[38;5;159m FPS ([38;5;121m70.53[0m[38;5;159m FPS per env, [38;5;121m1[0m[38;5;159m envs).[0m
[38;5;159m[Genesis] [09:10:56] [INFO] Running at [38;5;121m70.53[0m[38;5;159m FPS ([38;5;121m70.53[0m[38;5;159m FPS per env, [38;5;121m1[0m[38;5;159m envs).[0m
[38;5;159m[Genesis] [09:10:56] [INFO] Running at [38;5;121m70.51[0m[38;5;159m FPS ([38;5;121m70.51[0m[38;5;159m FPS per env, [38;5;121m1[0m[38;5;159m envs).[0m
[38;5;159m[Genesis] [09:10:56] [INFO] Running at [38;5;121m70.57[0m[38;5;159m FPS ([38;5;121m70.57[0m[38;5;159m FPS per env, [38;5;121m1[0m[38;5;159m envs).[0m
[38;5;159m[Genesis] [09:10:56] [INFO] Running at [38;5;121m70.59[0m[38;5;159m FPS ([38;5;121m70.59[0m[38;5;159m FPS per env, [38;5;121m1[0m[38;5;159m envs).[0m
[38;5;159m[Genesis] [09:10:57] [INFO] Running at [38;5;121m70.61[0m[38;5;159m FPS ([38;5;121m70.61[0m[38;5;159m FPS per env, [38;5;121m1[0m[38;5;159m envs).[0m
[38;5;159m[Genesis] [09:10:57] [INFO] Running at [38;5;121m70.62[0m[38;5;159m FPS ([38;5;121m70.62[0m[38;5;159m FPS per env, [38;5;121m1[0m[38;5;159m envs).[0m
[38;5;159m[Genesis] [09:10:57] [INFO] Running at [38;5;121m70.70[0m[38;5;159m FPS ([38;5;121m70.70[0m[38;5;159m FPS per env, [38;5;121m1[0m[38;5;159m envs).[0m
[38;5;159m[Genesis] [09:10:57] [INFO] Running at [38;5;121m70.76[0m[38;5;159m FPS ([38;5;121m70.76[0m[38;5;159m FPS per env, [38;5;121m1[0m[38;5;159m envs).[0m
[38;5;159m[Genesis] [09:10:57] [INFO] Running at [38;5;121m70.73[0m[38;5;159m FPS ([38;5;121m70.73[0m[38;5;159m FPS per env, [38;5;121m1[0m[38;5;159m envs).[0m
[38;5;159m[Genesis] [09:10:57] [INFO] Running at [38;5;121m70.75[0m[38;5;159m FPS ([38;5;121m70.75[0m[38;5;159m FPS per env, [38;5;121m1[0m[38;5;159m envs).[0m
[38;5;159m[Genesis] [09:10:57] [INFO] Running at [38;5;121m70.79[0m[38;5;159m FPS ([38;5;121m70.79[0m[38;5;159m FPS per env, [38;5;121m1[0m[38;5;159m envs).[0m
[38;5;159m[Genesis] [09:10:57] [INFO] Running at [38;5;121m70.82[0m[38;5;159m FPS ([38;5;121m70.82[0m[38;5;159m FPS per env, [38;5;121m1[0m[38;5;159m envs).[0m
[38;5;159m[Genesis] [09:10:57] [INFO] Running at [38;5;121m70.79[0m[38;5;159m FPS ([38;5;121m70.79[0m[38;5;159m FPS per env, [38;5;121m1[0m[38;5;159m envs).[0m
[38;5;159m[Genesis] [09:10:57] [INFO] Running at [38;5;121m70.81[0m[38;5;159m FPS ([38;5;121m70.81[0m[38;5;159m FPS per env, [38;5;121m1[0m[38;5;159m envs).[0m
[38;5;159m[Genesis] [09:10:57] [INFO] Running at [38;5;121m70.72[0m[38;5;159m FPS ([38;5;121m70.72[0m[38;5;159m FPS per env, [38;5;121m1[0m[38;5;159m envs).[0m
[38;5;159m[Genesis] [09:10:57] [INFO] Running at [38;5;121m70.71[0m[38;5;159m FPS ([38;5;121m70.71[0m[38;5;159m FPS per env, [38;5;121m1[0m[38;5;159m envs).[0m
[38;5;159m[Genesis] [09:10:57] [INFO] Running at [38;5;121m70.76[0m[38;5;159m FPS ([38;5;121m70.76[0m[38;5;159m FPS per env, [38;5;121m1[0m[38;5;159m envs).[0m
[38;5;159m[Genesis] [09:10:57] [INFO] Running at [38;5;121m70.77[0m[38;5;159m FPS ([38;5;121m70.77[0m[38;5;159m FPS per env, [38;5;121m1[0m[38;5;159m envs).[0m
[38;5;159m[Genesis] [09:10:57] [INFO] Running at [38;5;121m70.87[0m[38;5;159m FPS ([38;5;121m70.87[0m[38;5;159m FPS per env, [38;5;121m1[0m[38;5;159m envs).[0m
[38;5;159m[Genesis] [09:10:57] [INFO] Running at [38;5;121m70.89[0m[38;5;159m FPS ([38;5;121m70.89[0m[38;5;159m FPS per env, [38;5;121m1[0m[38;5;159m envs).[0m
[38;5;159m[Genesis] [09:10:57] [INFO] Running at [38;5;121m70.95[0m[38;5;159m FPS ([38;5;121m70.95[0m[38;5;159m FPS per env, [38;5;121m1[0m[38;5;159m envs).[0m
[38;5;159m[Genesis] [09:10:57] [INFO] Running at [38;5;121m70.96[0m[38;5;159m FPS ([38;5;121m70.96[0m[38;5;159m FPS per env, [38;5;121m1[0m[38;5;159m envs).[0m
[38;5;159m[Genesis] [09:10:58] [INFO] Running at [38;5;121m71.07[0m[38;5;159m FPS ([38;5;121m71.07[0m[38;5;159m FPS per env, [38;5;121m1[0m[38;5;159m envs).[0m
[38;5;159m[Genesis] [09:10:58] [INFO] Running at [38;5;121m71.07[0m[38;5;159m FPS ([38;5;121m71.07[0m[38;5;159m FPS per env, [38;5;121m1[0m[38;5;159m envs).[0m
[38;5;159m[Genesis] [09:10:58] [INFO] Running at [38;5;121m71.10[0m[38;5;159m FPS ([38;5;121m71.10[0m[38;5;159m FPS per env, [38;5;121m1[0m[38;5;159m envs).[0m
[38;5;159m[Genesis] [09:10:58] [INFO] Running at [38;5;121m71.11[0m[38;5;159m FPS ([38;5;121m71.11[0m[38;5;159m FPS per env, [38;5;121m1[0m[38;5;159m envs).[0m
[38;5;159m[Genesis] [09:10:58] [INFO] Running at [38;5;121m71.15[0m[38;5;159m FPS ([38;5;121m71.15[0m[38;5;159m FPS per env, [38;5;121m1[0m[38;5;159m envs).[0m
[38;5;159m[Genesis] [09:10:58] [INFO] Running at [38;5;121m71.12[0m[38;5;159m FPS ([38;5;121m71.12[0m[38;5;159m FPS per env, [38;5;121m1[0m[38;5;159m envs).[0m
[38;5;159m[Genesis] [09:10:58] [INFO] Running at [38;5;121m71.15[0m[38;5;159m FPS ([38;5;121m71.15[0m[38;5;159m FPS per env, [38;5;121m1[0m[38;5;159m envs).[0m
[38;5;159m[Genesis] [09:10:58] [INFO] Running at [38;5;121m71.17[0m[38;5;159m FPS ([38;5;121m71.17[0m[38;5;159m FPS per env, [38;5;121m1[0m[38;5;159m envs).[0m
[38;5;159m[Genesis] [09:10:58] [INFO] Running at [38;5;121m71.21[0m[38;5;159m FPS ([38;5;121m71.21[0m[38;5;159m FPS per env, [38;5;121m1[0m[38;5;159m envs).[0m
[38;5;159m[Genesis] [09:10:58] [INFO] Running at [38;5;121m71.24[0m[38;5;159m FPS ([38;5;121m71.24[0m[38;5;159m FPS per env, [38;5;121m1[0m[38;5;159m envs).[0m
[38;5;159m[Genesis] [09:10:58] [INFO] Running at [38;5;121m71.21[0m[38;5;159m FPS ([38;5;121m71.21[0m[38;5;159m FPS per env, [38;5;121m1[0m[38;5;159m envs).[0m
[38;5;159m[Genesis] [09:10:58] [INFO] Running at [38;5;121m71.24[0m[38;5;159m FPS ([38;5;121m71.24[0m[38;5;159m FPS per env, [38;5;121m1[0m[38;5;159m envs).[0m
[38;5;159m[Genesis] [09:10:58] [INFO] Running at [38;5;121m71.31[0m[38;5;159m FPS ([38;5;121m71.31[0m[38;5;159m FPS per env, [38;5;121m1[0m[38;5;159m envs).[0m
[38;5;159m[Genesis] [09:10:58] [INFO] Running at [38;5;121m71.18[0m[38;5;159m FPS ([38;5;121m71.18[0m[38;5;159m FPS per env, [38;5;121m1[0m[38;5;159m envs).[0m
[38;5;159m[Genesis] [09:10:58] [INFO] Running at [38;5;121m71.23[0m[38;5;159m FPS ([38;5;121m71.23[0m[38;5;159m FPS per env, [38;5;121m1[0m[38;5;159m envs).[0m
[38;5;159m[Genesis] [09:10:58] [INFO] Running at [38;5;121m71.28[0m[38;5;159m FPS ([38;5;121m71.28[0m[38;5;159m FPS per env, [38;5;121m1[0m[38;5;159m envs).[0m
[38;5;159m[Genesis] [09:10:58] [INFO] Running at [38;5;121m71.35[0m[38;5;159m FPS ([38;5;121m71.35[0m[38;5;159m FPS per env, [38;5;121m1[0m[38;5;159m envs).[0m
[38;5;159m[Genesis] [09:10:58] [INFO] Running at [38;5;121m71.45[0m[38;5;159m FPS ([38;5;121m71.45[0m[38;5;159m FPS per env, [38;5;121m1[0m[38;5;159m envs).[0m
[38;5;159m[Genesis] [09:10:59] [INFO] Running at [38;5;121m71.51[0m[38;5;159m FPS ([38;5;121m71.51[0m[38;5;159m FPS per env, [38;5;121m1[0m[38;5;159m envs).[0m
[38;5;159m[Genesis] [09:10:59] [INFO] Running at [38;5;121m71.54[0m[38;5;159m FPS ([38;5;121m71.54[0m[38;5;159m FPS per env, [38;5;121m1[0m[38;5;159m envs).[0m
[38;5;159m[Genesis] [09:10:59] [INFO] Running at [38;5;121m71.56[0m[38;5;159m FPS ([38;5;121m71.56[0m[38;5;159m FPS per env, [38;5;121m1[0m[38;5;159m envs).[0m
[38;5;159m[Genesis] [09:10:59] [INFO] Running at [38;5;121m71.54[0m[38;5;159m FPS ([38;5;121m71.54[0m[38;5;159m FPS per env, [38;5;121m1[0m[38;5;159m envs).[0m
[38;5;159m[Genesis] [09:10:59] [INFO] Running at [38;5;121m71.51[0m[38;5;159m FPS ([38;5;121m71.51[0m[38;5;159m FPS per env, [38;5;121m1[0m[38;5;159m envs).[0m
[38;5;159m[Genesis] [09:10:59] [INFO] Running at [38;5;121m71.53[0m[38;5;159m FPS ([38;5;121m71.53[0m[38;5;159m FPS per env, [38;5;121m1[0m[38;5;159m envs).[0m
[38;5;159m[Genesis] [09:10:59] [INFO] Running at [38;5;121m71.53[0m[38;5;159m FPS ([38;5;121m71.53[0m[38;5;159m FPS per env, [38;5;121m1[0m[38;5;159m envs).[0m
[38;5;159m[Genesis] [09:10:59] [INFO] Running at [38;5;121m35.14[0m[38;5;159m FPS ([38;5;121m35.14[0m[38;5;159m FPS per env, [38;5;121m1[0m[38;5;159m envs).[0m
[38;5;159m[Genesis] [09:10:59] [INFO] Running at [38;5;121m8.85[0m[38;5;159m FPS ([38;5;121m8.85[0m[38;5;159m FPS per env, [38;5;121m1[0m[38;5;159m envs).[0m
[38;5;159m[Genesis] [09:10:59] [INFO] Running at [38;5;121m8.85[0m[38;5;159m FPS ([38;5;121m8.85[0m[38;5;159m FPS per env, [38;5;121m1[0m[38;5;159m envs).[0m
[38;5;159m[Genesis] [09:10:59] [INFO] Running at [38;5;121m13.59[0m[38;5;159m FPS ([38;5;121m13.59[0m[38;5;159m FPS per env, [38;5;121m1[0m[38;5;159m envs).[0m
[38;5;159m[Genesis] [09:10:59] [INFO] Running at [38;5;121m41.13[0m[38;5;159m FPS ([38;5;121m41.13[0m[38;5;159m FPS per env, [38;5;121m1[0m[38;5;159m envs).[0m
[38;5;159m[Genesis] [09:10:59] [INFO] Running at [38;5;121m55.17[0m[38;5;159m FPS ([38;5;121m55.17[0m[38;5;159m FPS per env, [38;5;121m1[0m[38;5;159m envs).[0m
[38;5;159m[Genesis] [09:11:00] [INFO] Running at [38;5;121m28.82[0m[38;5;159m FPS ([38;5;121m28.82[0m[38;5;159m FPS per env, [38;5;121m1[0m[38;5;159m envs).[0m
[38;5;159m[Genesis] [09:11:00] [INFO] Running at [38;5;121m14.42[0m[38;5;159m FPS ([38;5;121m14.42[0m[38;5;159m FPS per env, [38;5;121m1[0m[38;5;159m envs).[0m
[38;5;159m[Genesis] [09:11:00] [INFO] Running at [38;5;121m57.83[0m[38;5;159m FPS ([38;5;121m57.83[0m[38;5;159m FPS per env, [38;5;121m1[0m[38;5;159m envs).[0m
[38;5;159m[Genesis] [09:11:00] [INFO] Running at [38;5;121m43.87[0m[38;5;159m FPS ([38;5;121m43.87[0m[38;5;159m FPS per env, [38;5;121m1[0m[38;5;159m envs).[0m
[38;5;159m[Genesis] [09:11:00] [INFO] Running at [38;5;121m44.11[0m[38;5;159m FPS ([38;5;121m44.11[0m[38;5;159m FPS per env, [38;5;121m1[0m[38;5;159m envs).[0m
[38;5;159m[Genesis] [09:11:00] [INFO] Running at [38;5;121m44.69[0m[38;5;159m FPS ([38;5;121m44.69[0m[38;5;159m FPS per env, [38;5;121m1[0m[38;5;159m envs).[0m
[38;5;159m[Genesis] [09:11:00] [INFO] Running at [38;5;121m59.82[0m[38;5;159m FPS ([38;5;121m59.82[0m[38;5;159m FPS per env, [38;5;121m1[0m[38;5;159m envs).[0m
[38;5;159m[Genesis] [09:11:00] [INFO] Running at [38;5;121m60.38[0m[38;5;159m FPS ([38;5;121m60.38[0m[38;5;159m FPS per env, [38;5;121m1[0m[38;5;159m envs).[0m
[38;5;159m[Genesis] [09:11:00] [INFO] Running at [38;5;121m60.81[0m[38;5;159m FPS ([38;5;121m60.81[0m[38;5;159m FPS per env, [38;5;121m1[0m[38;5;159m envs).[0m
[38;5;159m[Genesis] [09:11:00] [INFO] Running at [38;5;121m61.32[0m[38;5;159m FPS ([38;5;121m61.32[0m[38;5;159m FPS per env, [38;5;121m1[0m[38;5;159m envs).[0m
[38;5;159m[Genesis] [09:11:00] [INFO] Running at [38;5;121m61.81[0m[38;5;159m FPS ([38;5;121m61.81[0m[38;5;159m FPS per env, [38;5;121m1[0m[38;5;159m envs).[0m
[38;5;159m[Genesis] [09:11:00] [INFO] Running at [38;5;121m62.14[0m[38;5;159m FPS ([38;5;121m62.14[0m[38;5;159m FPS per env, [38;5;121m1[0m[38;5;159m envs).[0m
[38;5;159m[Genesis] [09:11:00] [INFO] Running at [38;5;121m62.56[0m[38;5;159m FPS ([38;5;121m62.56[0m[38;5;159m FPS per env, [38;5;121m1[0m[38;5;159m envs).[0m
[38;5;159m[Genesis] [09:11:00] [INFO] Running at [38;5;121m62.96[0m[38;5;159m FPS ([38;5;121m62.96[0m[38;5;159m FPS per env, [38;5;121m1[0m[38;5;159m envs).[0m
[38;5;159m[Genesis] [09:11:00] [INFO] Running at [38;5;121m63.34[0m[38;5;159m FPS ([38;5;121m63.34[0m[38;5;159m FPS per env, [38;5;121m1[0m[38;5;159m envs).[0m
[38;5;159m[Genesis] [09:11:00] [INFO] Running at [38;5;121m63.70[0m[38;5;159m FPS ([38;5;121m63.70[0m[38;5;159m FPS per env, [38;5;121m1[0m[38;5;159m envs).[0m
[38;5;159m[Genesis] [09:11:00] [INFO] Running at [38;5;121m64.08[0m[38;5;159m FPS ([38;5;121m64.08[0m[38;5;159m FPS per env, [38;5;121m1[0m[38;5;159m envs).[0m
[38;5;159m[Genesis] [09:11:00] [INFO] Running at [38;5;121m64.50[0m[38;5;159m FPS ([38;5;121m64.50[0m[38;5;159m FPS per env, [38;5;121m1[0m[38;5;159m envs).[0m
[38;5;159m[Genesis] [09:11:01] [INFO] Running at [38;5;121m64.89[0m[38;5;159m FPS ([38;5;121m64.89[0m[38;5;159m FPS per env, [38;5;121m1[0m[38;5;159m envs).[0m
[38;5;159m[Genesis] [09:11:01] [INFO] Running at [38;5;121m65.23[0m[38;5;159m FPS ([38;5;121m65.23[0m[38;5;159m FPS per env, [38;5;121m1[0m[38;5;159m envs).[0m
[38;5;159m[Genesis] [09:11:01] [INFO] Running at [38;5;121m65.52[0m[38;5;159m FPS ([38;5;121m65.52[0m[38;5;159m FPS per env, [38;5;121m1[0m[38;5;159m envs).[0m
[38;5;159m[Genesis] [09:11:01] [INFO] Running at [38;5;121m65.76[0m[38;5;159m FPS ([38;5;121m65.76[0m[38;5;159m FPS per env, [38;5;121m1[0m[38;5;159m envs).[0m
[38;5;159m[Genesis] [09:11:01] [INFO] Running at [38;5;121m66.01[0m[38;5;159m FPS ([38;5;121m66.01[0m[38;5;159m FPS per env, [38;5;121m1[0m[38;5;159m envs).[0m
[38;5;159m[Genesis] [09:11:01] [INFO] Running at [38;5;121m66.27[0m[38;5;159m FPS ([38;5;121m66.27[0m[38;5;159m FPS per env, [38;5;121m1[0m[38;5;159m envs).[0m
[38;5;159m[Genesis] [09:11:01] [INFO] Running at [38;5;121m66.51[0m[38;5;159m FPS ([38;5;121m66.51[0m[38;5;159m FPS per env, [38;5;121m1[0m[38;5;159m envs).[0m
[38;5;159m[Genesis] [09:11:01] [INFO] Running at [38;5;121m66.73[0m[38;5;159m FPS ([38;5;121m66.73[0m[38;5;159m FPS per env, [38;5;121m1[0m[38;5;159m envs).[0m
[38;5;159m[Genesis] [09:11:01] [INFO] Running at [38;5;121m66.96[0m[38;5;159m FPS ([38;5;121m66.96[0m[38;5;159m FPS per env, [38;5;121m1[0m[38;5;159m envs).[0m
[38;5;159m[Genesis] [09:11:01] [INFO] Running at [38;5;121m67.18[0m[38;5;159m FPS ([38;5;121m67.18[0m[38;5;159m FPS per env, [38;5;121m1[0m[38;5;159m envs).[0m
[38;5;159m[Genesis] [09:11:01] [INFO] Running at [38;5;121m67.36[0m[38;5;159m FPS ([38;5;121m67.36[0m[38;5;159m FPS per env, [38;5;121m1[0m[38;5;159m envs).[0m
[38;5;159m[Genesis] [09:11:01] [INFO] Running at [38;5;121m67.57[0m[38;5;159m FPS ([38;5;121m67.57[0m[38;5;159m FPS per env, [38;5;121m1[0m[38;5;159m envs).[0m
[38;5;159m[Genesis] [09:11:01] [INFO] Running at [38;5;121m67.61[0m[38;5;159m FPS ([38;5;121m67.61[0m[38;5;159m FPS per env, [38;5;121m1[0m[38;5;159m envs).[0m
[38;5;159m[Genesis] [09:11:01] [INFO] Running at [38;5;121m67.83[0m[38;5;159m FPS ([38;5;121m67.83[0m[38;5;159m FPS per env, [38;5;121m1[0m[38;5;159m envs).[0m
[38;5;159m[Genesis] [09:11:01] [INFO] Running at [38;5;121m68.03[0m[38;5;159m FPS ([38;5;121m68.03[0m[38;5;159m FPS per env, [38;5;121m1[0m[38;5;159m envs).[0m
[38;5;159m[Genesis] [09:11:01] [INFO] Running at [38;5;121m68.24[0m[38;5;159m FPS ([38;5;121m68.24[0m[38;5;159m FPS per env, [38;5;121m1[0m[38;5;159m envs).[0m
[38;5;159m[Genesis] [09:11:01] [INFO] Running at [38;5;121m68.42[0m[38;5;159m FPS ([38;5;121m68.42[0m[38;5;159m FPS per env, [38;5;121m1[0m[38;5;159m envs).[0m
[38;5;159m[Genesis] [09:11:01] [INFO] Running at [38;5;121m68.61[0m[38;5;159m FPS ([38;5;121m68.61[0m[38;5;159m FPS per env, [38;5;121m1[0m[38;5;159m envs).[0m
[38;5;159m[Genesis] [09:11:02] [INFO] Running at [38;5;121m68.84[0m[38;5;159m FPS ([38;5;121m68.84[0m[38;5;159m FPS per env, [38;5;121m1[0m[38;5;159m envs).[0m
[38;5;159m[Genesis] [09:11:02] [INFO] Running at [38;5;121m69.03[0m[38;5;159m FPS ([38;5;121m69.03[0m[38;5;159m FPS per env, [38;5;121m1[0m[38;5;159m envs).[0m
[38;5;159m[Genesis] [09:11:02] [INFO] Running at [38;5;121m69.26[0m[38;5;159m FPS ([38;5;121m69.26[0m[38;5;159m FPS per env, [38;5;121m1[0m[38;5;159m envs).[0m
[38;5;159m[Genesis] [09:11:02] [INFO] Running at [38;5;121m69.45[0m[38;5;159m FPS ([38;5;121m69.45[0m[38;5;159m FPS per env, [38;5;121m1[0m[38;5;159m envs).[0m
[38;5;159m[Genesis] [09:11:02] [INFO] Running at [38;5;121m69.64[0m[38;5;159m FPS ([38;5;121m69.64[0m[38;5;159m FPS per env, [38;5;121m1[0m[38;5;159m envs).[0m
[38;5;159m[Genesis] [09:11:02] [INFO] Running at [38;5;121m69.84[0m[38;5;159m FPS ([38;5;121m69.84[0m[38;5;159m FPS per env, [38;5;121m1[0m[38;5;159m envs).[0m
[38;5;159m[Genesis] [09:11:02] [INFO] Running at [38;5;121m69.98[0m[38;5;159m FPS ([38;5;121m69.98[0m[38;5;159m FPS per env, [38;5;121m1[0m[38;5;159m envs).[0m
[38;5;159m[Genesis] [09:11:02] [INFO] Running at [38;5;121m70.17[0m[38;5;159m FPS ([38;5;121m70.17[0m[38;5;159m FPS per env, [38;5;121m1[0m[38;5;159m envs).[0m
[38;5;159m[Genesis] [09:11:02] [INFO] Running at [38;5;121m70.31[0m[38;5;159m FPS ([38;5;121m70.31[0m[38;5;159m FPS per env, [38;5;121m1[0m[38;5;159m envs).[0m
[38;5;159m[Genesis] [09:11:02] [INFO] Running at [38;5;121m70.47[0m[38;5;159m FPS ([38;5;121m70.47[0m[38;5;159m FPS per env, [38;5;121m1[0m[38;5;159m envs).[0m
[38;5;159m[Genesis] [09:11:02] [INFO] Running at [38;5;121m70.61[0m[38;5;159m FPS ([38;5;121m70.61[0m[38;5;159m FPS per env, [38;5;121m1[0m[38;5;159m envs).[0m
[38;5;159m[Genesis] [09:11:02] [INFO] Running at [38;5;121m70.75[0m[38;5;159m FPS ([38;5;121m70.75[0m[38;5;159m FPS per env, [38;5;121m1[0m[38;5;159m envs).[0m
[38;5;159m[Genesis] [09:11:02] [INFO] Running at [38;5;121m70.90[0m[38;5;159m FPS ([38;5;121m70.90[0m[38;5;159m FPS per env, [38;5;121m1[0m[38;5;159m envs).[0m
[38;5;159m[Genesis] [09:11:02] [INFO] Running at [38;5;121m71.00[0m[38;5;159m FPS ([38;5;121m71.00[0m[38;5;159m FPS per env, [38;5;121m1[0m[38;5;159m envs).[0m
[38;5;159m[Genesis] [09:11:02] [INFO] Running at [38;5;121m71.08[0m[38;5;159m FPS ([38;5;121m71.08[0m[38;5;159m FPS per env, [38;5;121m1[0m[38;5;159m envs).[0m
[38;5;159m[Genesis] [09:11:02] [INFO] Running at [38;5;121m71.00[0m[38;5;159m FPS ([38;5;121m71.00[0m[38;5;159m FPS per env, [38;5;121m1[0m[38;5;159m envs).[0m
[38;5;159m[Genesis] [09:11:02] [INFO] Running at [38;5;121m71.08[0m[38;5;159m FPS ([38;5;121m71.08[0m[38;5;159m FPS per env, [38;5;121m1[0m[38;5;159m envs).[0m
[38;5;159m[Genesis] [09:11:02] [INFO] Running at [38;5;121m71.16[0m[38;5;159m FPS ([38;5;121m71.16[0m[38;5;159m FPS per env, [38;5;121m1[0m[38;5;159m envs).[0m
[38;5;159m[Genesis] [09:11:03] [INFO] Running at [38;5;121m71.23[0m[38;5;159m FPS ([38;5;121m71.23[0m[38;5;159m FPS per env, [38;5;121m1[0m[38;5;159m envs).[0m
[38;5;159m[Genesis] [09:11:03] [INFO] Running at [38;5;121m71.31[0m[38;5;159m FPS ([38;5;121m71.31[0m[38;5;159m FPS per env, [38;5;121m1[0m[38;5;159m envs).[0m
[38;5;159m[Genesis] [09:11:03] [INFO] Running at [38;5;121m71.44[0m[38;5;159m FPS ([38;5;121m71.44[0m[38;5;159m FPS per env, [38;5;121m1[0m[38;5;159m envs).[0m
[38;5;159m[Genesis] [09:11:03] [INFO] Running at [38;5;121m71.50[0m[38;5;159m FPS ([38;5;121m71.50[0m[38;5;159m FPS per env, [38;5;121m1[0m[38;5;159m envs).[0m
[38;5;159m[Genesis] [09:11:03] [INFO] Running at [38;5;121m71.60[0m[38;5;159m FPS ([38;5;121m71.60[0m[38;5;159m FPS per env, [38;5;121m1[0m[38;5;159m envs).[0m
[38;5;159m[Genesis] [09:11:03] [INFO] Running at [38;5;121m71.70[0m[38;5;159m FPS ([38;5;121m71.70[0m[38;5;159m FPS per env, [38;5;121m1[0m[38;5;159m envs).[0m
[38;5;159m[Genesis] [09:11:03] [INFO] Running at [38;5;121m71.74[0m[38;5;159m FPS ([38;5;121m71.74[0m[38;5;159m FPS per env, [38;5;121m1[0m[38;5;159m envs).[0m
[38;5;159m[Genesis] [09:11:03] [INFO] Running at [38;5;121m71.76[0m[38;5;159m FPS ([38;5;121m71.76[0m[38;5;159m FPS per env, [38;5;121m1[0m[38;5;159m envs).[0m
[38;5;159m[Genesis] [09:11:03] [INFO] Running at [38;5;121m71.75[0m[38;5;159m FPS ([38;5;121m71.75[0m[38;5;159m FPS per env, [38;5;121m1[0m[38;5;159m envs).[0m
[38;5;159m[Genesis] [09:11:03] [INFO] Running at [38;5;121m71.73[0m[38;5;159m FPS ([38;5;121m71.73[0m[38;5;159m FPS per env, [38;5;121m1[0m[38;5;159m envs).[0m
[38;5;159m[Genesis] [09:11:03] [INFO] Running at [38;5;121m71.74[0m[38;5;159m FPS ([38;5;121m71.74[0m[38;5;159m FPS per env, [38;5;121m1[0m[38;5;159m envs).[0m
[38;5;159m[Genesis] [09:11:03] [INFO] Running at [38;5;121m71.71[0m[38;5;159m FPS ([38;5;121m71.71[0m[38;5;159m FPS per env, [38;5;121m1[0m[38;5;159m envs).[0m
[38;5;159m[Genesis] [09:11:03] [INFO] Running at [38;5;121m71.74[0m[38;5;159m FPS ([38;5;121m71.74[0m[38;5;159m FPS per env, [38;5;121m1[0m[38;5;159m envs).[0m
[38;5;159m[Genesis] [09:11:03] [INFO] Running at [38;5;121m71.70[0m[38;5;159m FPS ([38;5;121m71.70[0m[38;5;159m FPS per env, [38;5;121m1[0m[38;5;159m envs).[0m
[38;5;159m[Genesis] [09:11:03] [INFO] Running at [38;5;121m71.69[0m[38;5;159m FPS ([38;5;121m71.69[0m[38;5;159m FPS per env, [38;5;121m1[0m[38;5;159m envs).[0m
[38;5;159m[Genesis] [09:11:03] [INFO] Running at [38;5;121m71.68[0m[38;5;159m FPS ([38;5;121m71.68[0m[38;5;159m FPS per env, [38;5;121m1[0m[38;5;159m envs).[0m
[38;5;159m[Genesis] [09:11:03] [INFO] Running at [38;5;121m71.73[0m[38;5;159m FPS ([38;5;121m71.73[0m[38;5;159m FPS per env, [38;5;121m1[0m[38;5;159m envs).[0m
[38;5;159m[Genesis] [09:11:03] [INFO] Running at [38;5;121m71.69[0m[38;5;159m FPS ([38;5;121m71.69[0m[38;5;159m FPS per env, [38;5;121m1[0m[38;5;159m envs).[0m
[38;5;159m[Genesis] [09:11:04] [INFO] Running at [38;5;121m71.58[0m[38;5;159m FPS ([38;5;121m71.58[0m[38;5;159m FPS per env, [38;5;121m1[0m[38;5;159m envs).[0m
[38;5;159m[Genesis] [09:11:04] [INFO] Running at [38;5;121m71.65[0m[38;5;159m FPS ([38;5;121m71.65[0m[38;5;159m FPS per env, [38;5;121m1[0m[38;5;159m envs).[0m
[38;5;159m[Genesis] [09:11:04] [INFO] Running at [38;5;121m71.69[0m[38;5;159m FPS ([38;5;121m71.69[0m[38;5;159m FPS per env, [38;5;121m1[0m[38;5;159m envs).[0m
[38;5;159m[Genesis] [09:11:04] [INFO] Running at [38;5;121m71.69[0m[38;5;159m FPS ([38;5;121m71.69[0m[38;5;159m FPS per env, [38;5;121m1[0m[38;5;159m envs).[0m
[38;5;159m[Genesis] [09:11:04] [INFO] Running at [38;5;121m71.70[0m[38;5;159m FPS ([38;5;121m71.70[0m[38;5;159m FPS per env, [38;5;121m1[0m[38;5;159m envs).[0m
[38;5;159m[Genesis] [09:11:04] [INFO] Running at [38;5;121m71.73[0m[38;5;159m FPS ([38;5;121m71.73[0m[38;5;159m FPS per env, [38;5;121m1[0m[38;5;159m envs).[0m
[38;5;159m[Genesis] [09:11:04] [INFO] Running at [38;5;121m71.55[0m[38;5;159m FPS ([38;5;121m71.55[0m[38;5;159m FPS per env, [38;5;121m1[0m[38;5;159m envs).[0m
[38;5;159m[Genesis] [09:11:04] [INFO] Running at [38;5;121m71.62[0m[38;5;159m FPS ([38;5;121m71.62[0m[38;5;159m FPS per env, [38;5;121m1[0m[38;5;159m envs).[0m
[38;5;159m[Genesis] [09:11:04] [INFO] Running at [38;5;121m71.54[0m[38;5;159m FPS ([38;5;121m71.54[0m[38;5;159m FPS per env, [38;5;121m1[0m[38;5;159m envs).[0m
[38;5;159m[Genesis] [09:11:04] [INFO] Running at [38;5;121m71.49[0m[38;5;159m FPS ([38;5;121m71.49[0m[38;5;159m FPS per env, [38;5;121m1[0m[38;5;159m envs).[0m
[38;5;159m[Genesis] [09:11:04] [INFO] Running at [38;5;121m71.49[0m[38;5;159m FPS ([38;5;121m71.49[0m[38;5;159m FPS per env, [38;5;121m1[0m[38;5;159m envs).[0m
[38;5;159m[Genesis] [09:11:04] [INFO] Running at [38;5;121m71.50[0m[38;5;159m FPS ([38;5;121m71.50[0m[38;5;159m FPS per env, [38;5;121m1[0m[38;5;159m envs).[0m
[38;5;159m[Genesis] [09:11:04] [INFO] Running at [38;5;121m71.46[0m[38;5;159m FPS ([38;5;121m71.46[0m[38;5;159m FPS per env, [38;5;121m1[0m[38;5;159m envs).[0m
[38;5;159m[Genesis] [09:11:04] [INFO] Running at [38;5;121m71.52[0m[38;5;159m FPS ([38;5;121m71.52[0m[38;5;159m FPS per env, [38;5;121m1[0m[38;5;159m envs).[0m
[38;5;159m[Genesis] [09:11:04] [INFO] Running at [38;5;121m71.59[0m[38;5;159m FPS ([38;5;121m71.59[0m[38;5;159m FPS per env, [38;5;121m1[0m[38;5;159m envs).[0m
[38;5;159m[Genesis] [09:11:04] [INFO] Running at [38;5;121m71.59[0m[38;5;159m FPS ([38;5;121m71.59[0m[38;5;159m FPS per env, [38;5;121m1[0m[38;5;159m envs).[0m
[38;5;159m[Genesis] [09:11:04] [INFO] Running at [38;5;121m71.54[0m[38;5;159m FPS ([38;5;121m71.54[0m[38;5;159m FPS per env, [38;5;121m1[0m[38;5;159m envs).[0m
[38;5;159m[Genesis] [09:11:04] [INFO] Running at [38;5;121m71.51[0m[38;5;159m FPS ([38;5;121m71.51[0m[38;5;159m FPS per env, [38;5;121m1[0m[38;5;159m envs).[0m
[38;5;159m[Genesis] [09:11:05] [INFO] Running at [38;5;121m71.57[0m[38;5;159m FPS ([38;5;121m71.57[0m[38;5;159m FPS per env, [38;5;121m1[0m[38;5;159m envs).[0m
[38;5;159m[Genesis] [09:11:05] [INFO] Running at [38;5;121m71.59[0m[38;5;159m FPS ([38;5;121m71.59[0m[38;5;159m FPS per env, [38;5;121m1[0m[38;5;159m envs).[0m
[38;5;159m[Genesis] [09:11:05] [INFO] Running at [38;5;121m71.59[0m[38;5;159m FPS ([38;5;121m71.59[0m[38;5;159m FPS per env, [38;5;121m1[0m[38;5;159m envs).[0m
[38;5;159m[Genesis] [09:11:05] [INFO] Running at [38;5;121m71.56[0m[38;5;159m FPS ([38;5;121m71.56[0m[38;5;159m FPS per env, [38;5;121m1[0m[38;5;159m envs).[0m
[38;5;159m[Genesis] [09:11:05] [INFO] Running at [38;5;121m71.38[0m[38;5;159m FPS ([38;5;121m71.38[0m[38;5;159m FPS per env, [38;5;121m1[0m[38;5;159m envs).[0m
[38;5;159m[Genesis] [09:11:05] [INFO] Running at [38;5;121m71.45[0m[38;5;159m FPS ([38;5;121m71.45[0m[38;5;159m FPS per env, [38;5;121m1[0m[38;5;159m envs).[0m
[38;5;159m[Genesis] [09:11:05] [INFO] Running at [38;5;121m71.45[0m[38;5;159m FPS ([38;5;121m71.45[0m[38;5;159m FPS per env, [38;5;121m1[0m[38;5;159m envs).[0m
[38;5;159m[Genesis] [09:11:05] [INFO] Running at [38;5;121m71.48[0m[38;5;159m FPS ([38;5;121m71.48[0m[38;5;159m FPS per env, [38;5;121m1[0m[38;5;159m envs).[0m
[38;5;159m[Genesis] [09:11:05] [INFO] Running at [38;5;121m71.50[0m[38;5;159m FPS ([38;5;121m71.50[0m[38;5;159m FPS per env, [38;5;121m1[0m[38;5;159m envs).[0m
[38;5;159m[Genesis] [09:11:05] [INFO] Running at [38;5;121m71.54[0m[38;5;159m FPS ([38;5;121m71.54[0m[38;5;159m FPS per env, [38;5;121m1[0m[38;5;159m envs).[0m
[38;5;159m[Genesis] [09:11:05] [INFO] Running at [38;5;121m71.61[0m[38;5;159m FPS ([38;5;121m71.61[0m[38;5;159m FPS per env, [38;5;121m1[0m[38;5;159m envs).[0m
[38;5;159m[Genesis] [09:11:05] [INFO] Running at [38;5;121m71.52[0m[38;5;159m FPS ([38;5;121m71.52[0m[38;5;159m FPS per env, [38;5;121m1[0m[38;5;159m envs).[0m
[38;5;159m[Genesis] [09:11:05] [INFO] Running at [38;5;121m71.50[0m[38;5;159m FPS ([38;5;121m71.50[0m[38;5;159m FPS per env, [38;5;121m1[0m[38;5;159m envs).[0m
[38;5;159m[Genesis] [09:11:05] [INFO] Running at [38;5;121m71.51[0m[38;5;159m FPS ([38;5;121m71.51[0m[38;5;159m FPS per env, [38;5;121m1[0m[38;5;159m envs).[0m
[38;5;159m[Genesis] [09:11:05] [INFO] Running at [38;5;121m71.56[0m[38;5;159m FPS ([38;5;121m71.56[0m[38;5;159m FPS per env, [38;5;121m1[0m[38;5;159m envs).[0m
[38;5;159m[Genesis] [09:11:05] [INFO] Running at [38;5;121m71.62[0m[38;5;159m FPS ([38;5;121m71.62[0m[38;5;159m FPS per env, [38;5;121m1[0m[38;5;159m envs).[0m
[38;5;159m[Genesis] [09:11:05] [INFO] Running at [38;5;121m71.65[0m[38;5;159m FPS ([38;5;121m71.65[0m[38;5;159m FPS per env, [38;5;121m1[0m[38;5;159m envs).[0m
[38;5;159m[Genesis] [09:11:05] [INFO] Running at [38;5;121m71.65[0m[38;5;159m FPS ([38;5;121m71.65[0m[38;5;159m FPS per env, [38;5;121m1[0m[38;5;159m envs).[0m
[38;5;159m[Genesis] [09:11:06] [INFO] Running at [38;5;121m71.68[0m[38;5;159m FPS ([38;5;121m71.68[0m[38;5;159m FPS per env, [38;5;121m1[0m[38;5;159m envs).[0m
[38;5;159m[Genesis] [09:11:06] [INFO] Running at [38;5;121m71.73[0m[38;5;159m FPS ([38;5;121m71.73[0m[38;5;159m FPS per env, [38;5;121m1[0m[38;5;159m envs).[0m
[38;5;159m[Genesis] [09:11:06] [INFO] Running at [38;5;121m71.77[0m[38;5;159m FPS ([38;5;121m71.77[0m[38;5;159m FPS per env, [38;5;121m1[0m[38;5;159m envs).[0m
[38;5;159m[Genesis] [09:11:06] [INFO] Running at [38;5;121m71.85[0m[38;5;159m FPS ([38;5;121m71.85[0m[38;5;159m FPS per env, [38;5;121m1[0m[38;5;159m envs).[0m
[38;5;159m[Genesis] [09:11:06] [INFO] Running at [38;5;121m71.92[0m[38;5;159m FPS ([38;5;121m71.92[0m[38;5;159m FPS per env, [38;5;121m1[0m[38;5;159m envs).[0m
[38;5;159m[Genesis] [09:11:06] [INFO] Running at [38;5;121m72.01[0m[38;5;159m FPS ([38;5;121m72.01[0m[38;5;159m FPS per env, [38;5;121m1[0m[38;5;159m envs).[0m
[38;5;159m[Genesis] [09:11:06] [INFO] Running at [38;5;121m72.13[0m[38;5;159m FPS ([38;5;121m72.13[0m[38;5;159m FPS per env, [38;5;121m1[0m[38;5;159m envs).[0m
[38;5;159m[Genesis] [09:11:06] [INFO] Running at [38;5;121m72.04[0m[38;5;159m FPS ([38;5;121m72.04[0m[38;5;159m FPS per env, [38;5;121m1[0m[38;5;159m envs).[0m
[38;5;159m[Genesis] [09:11:06] [INFO] Running at [38;5;121m72.09[0m[38;5;159m FPS ([38;5;121m72.09[0m[38;5;159m FPS per env, [38;5;121m1[0m[38;5;159m envs).[0m
[38;5;159m[Genesis] [09:11:06] [INFO] Running at [38;5;121m72.14[0m[38;5;159m FPS ([38;5;121m72.14[0m[38;5;159m FPS per env, [38;5;121m1[0m[38;5;159m envs).[0m
[38;5;159m[Genesis] [09:11:06] [INFO] Running at [38;5;121m72.22[0m[38;5;159m FPS ([38;5;121m72.22[0m[38;5;159m FPS per env, [38;5;121m1[0m[38;5;159m envs).[0m
[38;5;159m[Genesis] [09:11:06] [INFO] Running at [38;5;121m72.32[0m[38;5;159m FPS ([38;5;121m72.32[0m[38;5;159m FPS per env, [38;5;121m1[0m[38;5;159m envs).[0m
[38;5;159m[Genesis] [09:11:06] [INFO] Running at [38;5;121m72.37[0m[38;5;159m FPS ([38;5;121m72.37[0m[38;5;159m FPS per env, [38;5;121m1[0m[38;5;159m envs).[0m
[38;5;159m[Genesis] [09:11:06] [INFO] Running at [38;5;121m72.37[0m[38;5;159m FPS ([38;5;121m72.37[0m[38;5;159m FPS per env, [38;5;121m1[0m[38;5;159m envs).[0m
[38;5;159m[Genesis] [09:11:06] [INFO] Running at [38;5;121m72.38[0m[38;5;159m FPS ([38;5;121m72.38[0m[38;5;159m FPS per env, [38;5;121m1[0m[38;5;159m envs).[0m
[38;5;159m[Genesis] [09:11:06] [INFO] Running at [38;5;121m72.36[0m[38;5;159m FPS ([38;5;121m72.36[0m[38;5;159m FPS per env, [38;5;121m1[0m[38;5;159m envs).[0m
[38;5;159m[Genesis] [09:11:06] [INFO] Running at [38;5;121m72.09[0m[38;5;159m FPS ([38;5;121m72.09[0m[38;5;159m FPS per env, [38;5;121m1[0m[38;5;159m envs).[0m
[38;5;159m[Genesis] [09:11:06] [INFO] Running at [38;5;121m72.15[0m[38;5;159m FPS ([38;5;121m72.15[0m[38;5;159m FPS per env, [38;5;121m1[0m[38;5;159m envs).[0m
[38;5;159m[Genesis] [09:11:07] [INFO] Running at [38;5;121m72.14[0m[38;5;159m FPS ([38;5;121m72.14[0m[38;5;159m FPS per env, [38;5;121m1[0m[38;5;159m envs).[0m
[38;5;159m[Genesis] [09:11:07] [INFO] Running at [38;5;121m71.99[0m[38;5;159m FPS ([38;5;121m71.99[0m[38;5;159m FPS per env, [38;5;121m1[0m[38;5;159m envs).[0m
[38;5;159m[Genesis] [09:11:07] [INFO] Running at [38;5;121m71.87[0m[38;5;159m FPS ([38;5;121m71.87[0m[38;5;159m FPS per env, [38;5;121m1[0m[38;5;159m envs).[0m
[38;5;159m[Genesis] [09:11:07] [INFO] Running at [38;5;121m71.85[0m[38;5;159m FPS ([38;5;121m71.85[0m[38;5;159m FPS per env, [38;5;121m1[0m[38;5;159m envs).[0m
[38;5;159m[Genesis] [09:11:07] [INFO] Running at [38;5;121m71.86[0m[38;5;159m FPS ([38;5;121m71.86[0m[38;5;159m FPS per env, [38;5;121m1[0m[38;5;159m envs).[0m
[38;5;159m[Genesis] [09:11:07] [INFO] Running at [38;5;121m71.83[0m[38;5;159m FPS ([38;5;121m71.83[0m[38;5;159m FPS per env, [38;5;121m1[0m[38;5;159m envs).[0m
[38;5;159m[Genesis] [09:11:07] [INFO] Running at [38;5;121m71.90[0m[38;5;159m FPS ([38;5;121m71.90[0m[38;5;159m FPS per env, [38;5;121m1[0m[38;5;159m envs).[0m
[38;5;159m[Genesis] [09:11:07] [INFO] Running at [38;5;121m71.89[0m[38;5;159m FPS ([38;5;121m71.89[0m[38;5;159m FPS per env, [38;5;121m1[0m[38;5;159m envs).[0m
[38;5;159m[Genesis] [09:11:07] [INFO] Running at [38;5;121m71.88[0m[38;5;159m FPS ([38;5;121m71.88[0m[38;5;159m FPS per env, [38;5;121m1[0m[38;5;159m envs).[0m
[38;5;159m[Genesis] [09:11:07] [INFO] Running at [38;5;121m71.88[0m[38;5;159m FPS ([38;5;121m71.88[0m[38;5;159m FPS per env, [38;5;121m1[0m[38;5;159m envs).[0m
[38;5;159m[Genesis] [09:11:07] [INFO] Running at [38;5;121m71.72[0m[38;5;159m FPS ([38;5;121m71.72[0m[38;5;159m FPS per env, [38;5;121m1[0m[38;5;159m envs).[0m
[38;5;159m[Genesis] [09:11:07] [INFO] Running at [38;5;121m71.78[0m[38;5;159m FPS ([38;5;121m71.78[0m[38;5;159m FPS per env, [38;5;121m1[0m[38;5;159m envs).[0m
[38;5;159m[Genesis] [09:11:07] [INFO] Running at [38;5;121m71.79[0m[38;5;159m FPS ([38;5;121m71.79[0m[38;5;159m FPS per env, [38;5;121m1[0m[38;5;159m envs).[0m
[38;5;159m[Genesis] [09:11:07] [INFO] Running at [38;5;121m71.79[0m[38;5;159m FPS ([38;5;121m71.79[0m[38;5;159m FPS per env, [38;5;121m1[0m[38;5;159m envs).[0m
[38;5;159m[Genesis] [09:11:07] [INFO] Running at [38;5;121m71.78[0m[38;5;159m FPS ([38;5;121m71.78[0m[38;5;159m FPS per env, [38;5;121m1[0m[38;5;159m envs).[0m
[38;5;159m[Genesis] [09:11:07] [INFO] Running at [38;5;121m71.79[0m[38;5;159m FPS ([38;5;121m71.79[0m[38;5;159m FPS per env, [38;5;121m1[0m[38;5;159m envs).[0m
[38;5;159m[Genesis] [09:11:07] [INFO] Running at [38;5;121m71.82[0m[38;5;159m FPS ([38;5;121m71.82[0m[38;5;159m FPS per env, [38;5;121m1[0m[38;5;159m envs).[0m
[38;5;159m[Genesis] [09:11:07] [INFO] Running at [38;5;121m71.83[0m[38;5;159m FPS ([38;5;121m71.83[0m[38;5;159m FPS per env, [38;5;121m1[0m[38;5;159m envs).[0m
[38;5;159m[Genesis] [09:11:08] [INFO] Running at [38;5;121m71.85[0m[38;5;159m FPS ([38;5;121m71.85[0m[38;5;159m FPS per env, [38;5;121m1[0m[38;5;159m envs).[0m
[38;5;159m[Genesis] [09:11:08] [INFO] Running at [38;5;121m71.85[0m[38;5;159m FPS ([38;5;121m71.85[0m[38;5;159m FPS per env, [38;5;121m1[0m[38;5;159m envs).[0m
[38;5;159m[Genesis] [09:11:08] [INFO] Running at [38;5;121m71.87[0m[38;5;159m FPS ([38;5;121m71.87[0m[38;5;159m FPS per env, [38;5;121m1[0m[38;5;159m envs).[0m
[38;5;159m[Genesis] [09:11:08] [INFO] Running at [38;5;121m71.94[0m[38;5;159m FPS ([38;5;121m71.94[0m[38;5;159m FPS per env, [38;5;121m1[0m[38;5;159m envs).[0m
[38;5;159m[Genesis] [09:11:08] [INFO] Running at [38;5;121m71.94[0m[38;5;159m FPS ([38;5;121m71.94[0m[38;5;159m FPS per env, [38;5;121m1[0m[38;5;159m envs).[0m
[38;5;159m[Genesis] [09:11:08] [INFO] Running at [38;5;121m71.92[0m[38;5;159m FPS ([38;5;121m71.92[0m[38;5;159m FPS per env, [38;5;121m1[0m[38;5;159m envs).[0m
[38;5;159m[Genesis] [09:11:08] [INFO] Running at [38;5;121m71.94[0m[38;5;159m FPS ([38;5;121m71.94[0m[38;5;159m FPS per env, [38;5;121m1[0m[38;5;159m envs).[0m
[38;5;159m[Genesis] [09:11:08] [INFO] Running at [38;5;121m71.97[0m[38;5;159m FPS ([38;5;121m71.97[0m[38;5;159m FPS per env, [38;5;121m1[0m[38;5;159m envs).[0m
[38;5;159m[Genesis] [09:11:08] [INFO] Running at [38;5;121m72.02[0m[38;5;159m FPS ([38;5;121m72.02[0m[38;5;159m FPS per env, [38;5;121m1[0m[38;5;159m envs).[0m
[38;5;159m[Genesis] [09:11:08] [INFO] Running at [38;5;121m72.07[0m[38;5;159m FPS ([38;5;121m72.07[0m[38;5;159m FPS per env, [38;5;121m1[0m[38;5;159m envs).[0m
[38;5;159m[Genesis] [09:11:08] [INFO] Running at [38;5;121m72.06[0m[38;5;159m FPS ([38;5;121m72.06[0m[38;5;159m FPS per env, [38;5;121m1[0m[38;5;159m envs).[0m
[38;5;159m[Genesis] [09:11:08] [INFO] Running at [38;5;121m72.09[0m[38;5;159m FPS ([38;5;121m72.09[0m[38;5;159m FPS per env, [38;5;121m1[0m[38;5;159m envs).[0m
[38;5;159m[Genesis] [09:11:08] [INFO] Running at [38;5;121m72.17[0m[38;5;159m FPS ([38;5;121m72.17[0m[38;5;159m FPS per env, [38;5;121m1[0m[38;5;159m envs).[0m
[38;5;159m[Genesis] [09:11:08] [INFO] Running at [38;5;121m72.23[0m[38;5;159m FPS ([38;5;121m72.23[0m[38;5;159m FPS per env, [38;5;121m1[0m[38;5;159m envs).[0m
[38;5;159m[Genesis] [09:11:08] [INFO] Running at [38;5;121m72.11[0m[38;5;159m FPS ([38;5;121m72.11[0m[38;5;159m FPS per env, [38;5;121m1[0m[38;5;159m envs).[0m
[38;5;159m[Genesis] [09:11:08] [INFO] Running at [38;5;121m72.23[0m[38;5;159m FPS ([38;5;121m72.23[0m[38;5;159m FPS per env, [38;5;121m1[0m[38;5;159m envs).[0m
[38;5;159m[Genesis] [09:11:08] [INFO] Running at [38;5;121m72.29[0m[38;5;159m FPS ([38;5;121m72.29[0m[38;5;159m FPS per env, [38;5;121m1[0m[38;5;159m envs).[0m
[38;5;159m[Genesis] [09:11:08] [INFO] Running at [38;5;121m72.31[0m[38;5;159m FPS ([38;5;121m72.31[0m[38;5;159m FPS per env, [38;5;121m1[0m[38;5;159m envs).[0m
[38;5;159m[Genesis] [09:11:09] [INFO] Running at [38;5;121m72.37[0m[38;5;159m FPS ([38;5;121m72.37[0m[38;5;159m FPS per env, [38;5;121m1[0m[38;5;159m envs).[0m
[38;5;159m[Genesis] [09:11:09] [INFO] Running at [38;5;121m72.44[0m[38;5;159m FPS ([38;5;121m72.44[0m[38;5;159m FPS per env, [38;5;121m1[0m[38;5;159m envs).[0m
[38;5;159m[Genesis] [09:11:09] [INFO] Running at [38;5;121m72.54[0m[38;5;159m FPS ([38;5;121m72.54[0m[38;5;159m FPS per env, [38;5;121m1[0m[38;5;159m envs).[0m
[38;5;159m[Genesis] [09:11:09] [INFO] Running at [38;5;121m72.60[0m[38;5;159m FPS ([38;5;121m72.60[0m[38;5;159m FPS per env, [38;5;121m1[0m[38;5;159m envs).[0m
[38;5;159m[Genesis] [09:11:09] [INFO] Running at [38;5;121m72.66[0m[38;5;159m FPS ([38;5;121m72.66[0m[38;5;159m FPS per env, [38;5;121m1[0m[38;5;159m envs).[0m
[38;5;159m[Genesis] [09:11:09] [INFO] Running at [38;5;121m72.72[0m[38;5;159m FPS ([38;5;121m72.72[0m[38;5;159m FPS per env, [38;5;121m1[0m[38;5;159m envs).[0m
[38;5;159m[Genesis] [09:11:09] [INFO] Running at [38;5;121m72.71[0m[38;5;159m FPS ([38;5;121m72.71[0m[38;5;159m FPS per env, [38;5;121m1[0m[38;5;159m envs).[0m
[38;5;159m[Genesis] [09:11:09] [INFO] Running at [38;5;121m72.69[0m[38;5;159m FPS ([38;5;121m72.69[0m[38;5;159m FPS per env, [38;5;121m1[0m[38;5;159m envs).[0m
[38;5;159m[Genesis] [09:11:09] [INFO] Running at [38;5;121m72.67[0m[38;5;159m FPS ([38;5;121m72.67[0m[38;5;159m FPS per env, [38;5;121m1[0m[38;5;159m envs).[0m
[38;5;159m[Genesis] [09:11:09] [INFO] Running at [38;5;121m72.65[0m[38;5;159m FPS ([38;5;121m72.65[0m[38;5;159m FPS per env, [38;5;121m1[0m[38;5;159m envs).[0m
[38;5;159m[Genesis] [09:11:09] [INFO] Running at [38;5;121m72.65[0m[38;5;159m FPS ([38;5;121m72.65[0m[38;5;159m FPS per env, [38;5;121m1[0m[38;5;159m envs).[0m
[38;5;159m[Genesis] [09:11:09] [INFO] Running at [38;5;121m72.44[0m[38;5;159m FPS ([38;5;121m72.44[0m[38;5;159m FPS per env, [38;5;121m1[0m[38;5;159m envs).[0m
[38;5;159m[Genesis] [09:11:09] [INFO] Running at [38;5;121m72.45[0m[38;5;159m FPS ([38;5;121m72.45[0m[38;5;159m FPS per env, [38;5;121m1[0m[38;5;159m envs).[0m
[38;5;159m[Genesis] [09:11:09] [INFO] Running at [38;5;121m72.35[0m[38;5;159m FPS ([38;5;121m72.35[0m[38;5;159m FPS per env, [38;5;121m1[0m[38;5;159m envs).[0m
[38;5;159m[Genesis] [09:11:09] [INFO] Running at [38;5;121m72.26[0m[38;5;159m FPS ([38;5;121m72.26[0m[38;5;159m FPS per env, [38;5;121m1[0m[38;5;159m envs).[0m
[38;5;159m[Genesis] [09:11:09] [INFO] Running at [38;5;121m72.25[0m[38;5;159m FPS ([38;5;121m72.25[0m[38;5;159m FPS per env, [38;5;121m1[0m[38;5;159m envs).[0m
[38;5;159m[Genesis] [09:11:09] [INFO] Running at [38;5;121m72.23[0m[38;5;159m FPS ([38;5;121m72.23[0m[38;5;159m FPS per env, [38;5;121m1[0m[38;5;159m envs).[0m
[38;5;159m[Genesis] [09:11:09] [INFO] Running at [38;5;121m71.99[0m[38;5;159m FPS ([38;5;121m71.99[0m[38;5;159m FPS per env, [38;5;121m1[0m[38;5;159m envs).[0m
[38;5;159m[Genesis] [09:11:10] [INFO] Running at [38;5;121m72.05[0m[38;5;159m FPS ([38;5;121m72.05[0m[38;5;159m FPS per env, [38;5;121m1[0m[38;5;159m envs).[0m
[38;5;159m[Genesis] [09:11:10] [INFO] Running at [38;5;121m72.12[0m[38;5;159m FPS ([38;5;121m72.12[0m[38;5;159m FPS per env, [38;5;121m1[0m[38;5;159m envs).[0m
[38;5;159m[Genesis] [09:11:10] [INFO] Running at [38;5;121m72.08[0m[38;5;159m FPS ([38;5;121m72.08[0m[38;5;159m FPS per env, [38;5;121m1[0m[38;5;159m envs).[0m
[38;5;159m[Genesis] [09:11:10] [INFO] Running at [38;5;121m72.05[0m[38;5;159m FPS ([38;5;121m72.05[0m[38;5;159m FPS per env, [38;5;121m1[0m[38;5;159m envs).[0m
[38;5;159m[Genesis] [09:11:10] [INFO] Running at [38;5;121m72.03[0m[38;5;159m FPS ([38;5;121m72.03[0m[38;5;159m FPS per env, [38;5;121m1[0m[38;5;159m envs).[0m
[38;5;159m[Genesis] [09:11:10] [INFO] Running at [38;5;121m72.09[0m[38;5;159m FPS ([38;5;121m72.09[0m[38;5;159m FPS per env, [38;5;121m1[0m[38;5;159m envs).[0m
[38;5;159m[Genesis] [09:11:10] [INFO] Running at [38;5;121m72.09[0m[38;5;159m FPS ([38;5;121m72.09[0m[38;5;159m FPS per env, [38;5;121m1[0m[38;5;159m envs).[0m
[38;5;159m[Genesis] [09:11:10] [INFO] Running at [38;5;121m72.07[0m[38;5;159m FPS ([38;5;121m72.07[0m[38;5;159m FPS per env, [38;5;121m1[0m[38;5;159m envs).[0m
[38;5;159m[Genesis] [09:11:10] [INFO] Running at [38;5;121m72.08[0m[38;5;159m FPS ([38;5;121m72.08[0m[38;5;159m FPS per env, [38;5;121m1[0m[38;5;159m envs).[0m
[38;5;159m[Genesis] [09:11:10] [INFO] Running at [38;5;121m72.04[0m[38;5;159m FPS ([38;5;121m72.04[0m[38;5;159m FPS per env, [38;5;121m1[0m[38;5;159m envs).[0m
[38;5;159m[Genesis] [09:11:10] [INFO] Running at [38;5;121m72.08[0m[38;5;159m FPS ([38;5;121m72.08[0m[38;5;159m FPS per env, [38;5;121m1[0m[38;5;159m envs).[0m
[38;5;159m[Genesis] [09:11:10] [INFO] Running at [38;5;121m71.99[0m[38;5;159m FPS ([38;5;121m71.99[0m[38;5;159m FPS per env, [38;5;121m1[0m[38;5;159m envs).[0m
[38;5;159m[Genesis] [09:11:10] [INFO] Running at [38;5;121m71.90[0m[38;5;159m FPS ([38;5;121m71.90[0m[38;5;159m FPS per env, [38;5;121m1[0m[38;5;159m envs).[0m
[38;5;159m[Genesis] [09:11:10] [INFO] Running at [38;5;121m71.92[0m[38;5;159m FPS ([38;5;121m71.92[0m[38;5;159m FPS per env, [38;5;121m1[0m[38;5;159m envs).[0m
fps 50
[38;5;159m[Genesis] [09:11:10] [INFO] Saving video to [38;5;121m"test_fractal_5000_4.0_-0.8_behind.mp4"[0m[38;5;159m...[0m
[38;5;159m[Genesis] [09:11:13] [INFO] Video saved.[0m
[38;5;159m[Genesis] [09:11:13] [INFO] Saving video to [38;5;121m"test_fractal_5000_4.0_-0.8_side.mp4"[0m[38;5;159m...[0m
[38;5;159m[Genesis] [09:11:15] [INFO] Video saved.[0m
Saved recordings for checkpoint 5000.
Final yaw-rate error: 51.05 deg/s
[38;5;159m[Genesis] [09:11:16] [INFO] 💤 Exiting Genesis and caching compiled kernels...[0m
