[38;5;159m[Genesis] [08:13:10] [INFO] [38;5;121m╭───────────────────────────────────────────────╮[0m[38;5;159m[0m
[38;5;159m[Genesis] [08:13:10] [INFO] [38;5;121m│┈┉┈┉┈┉┈┉┈┉┈┉┈┉┈┉┈┉┈[0m[38;5;159m [38;5;121m[1m[3mGenesis[0m[38;5;159m [38;5;121m┈┉┈┉┈┉┈┉┈┉┈┉┈┉┈┉┈┉┈│[0m[38;5;159m[0m
[38;5;159m[Genesis] [08:13:10] [INFO] [38;5;121m╰───────────────────────────────────────────────╯[0m[38;5;159m[0m
[38;5;159m[Genesis] [08:13:10] [INFO] Running on [38;5;121m[4m[NVIDIA GeForce RTX 5090][0m[38;5;159m with backend [38;5;121m[4mgs.cuda[0m[38;5;159m. Device memory: [38;5;121m[4m31.36[0m[38;5;159m GB.[0m
[38;5;159m[Genesis] [08:13:10] [INFO] 🚀 Genesis initialized. 🔖 version: [38;5;121m[4m0.4.7[0m[38;5;159m, 🎨 theme: [38;5;121m[4mdark[0m[38;5;159m, 🌱 seed: [38;5;121m[4mNone[0m[38;5;159m, 🐛 debug: [38;5;121m[4mFalse[0m[38;5;159m, 📏 precision: [38;5;121m[4m32[0m[38;5;159m, 🔥 performance: [38;5;121m[4mFalse[0m[38;5;159m, 💬 verbose: [38;5;121m[4mINFO[0m[38;5;159m[0m
[38;5;226m[Genesis] [08:13:13] [WARNING] Viewer option 'n_rendered_envs' is deprecated and will be removed in a future release. Please use 'rendered_envs_idx' instead.[0m
[38;5;159m[Genesis] [08:13:13] [INFO] Scene [38;5;121m[3m<311b288>[0m[38;5;159m created.[0m
[38;5;159m[Genesis] [08:13:13] [INFO] Adding [38;5;121m<gs.engine.entities.RigidEntity>[0m[38;5;159m. idx: [38;5;121m0[0m[38;5;159m, uid: [38;5;121m[3m<656d8c9>[0m[38;5;159m, morph: [38;5;121m<gs.morphs.Terrain>[0m[38;5;159m, material: [38;5;121m<gs.materials.Rigid>[0m[38;5;159m.[0m
[38;5;226m[Genesis] [08:13:14] [WARNING] Beware that SDF pre-processing of mesh  having more than 50000 vertices may take a very long time (>10min) and require large RAM allocation (>20Gb). Please either enable convexify or decimation. (see FileMorph options)[0m
[38;5;159m[Genesis] [08:13:14] [INFO] Adding [38;5;121m<gs.engine.entities.RigidEntity>[0m[38;5;159m. idx: [38;5;121m1[0m[38;5;159m, uid: [38;5;121m[3m<9957e00>[0m[38;5;159m, morph: [38;5;121m<gs.morphs.URDF(file='/home/jfriesen/.local/lib/python3.12/site-packages/genesis/assets/urdf/go2/urdf/go2.urdf')>[0m[38;5;159m, material: [38;5;121m<gs.materials.Rigid>[0m[38;5;159m.[0m
[38;5;159m[Genesis] [08:13:17] [INFO] Building scene [38;5;121m[3m<311b288>[0m[38;5;159m...[0m
[38;5;226m[Genesis] [08:13:17] [WARNING] Neutral robot position (qpos0) exceeds joint limits.[0m
[38;5;159m[Genesis] [08:13:19] [INFO] Compiling simulation kernels...[0m
[38;5;159m[Genesis] [08:13:20] [INFO] Building visualizer...[0m
[38;5;226m[Genesis] [08:13:21] [WARNING] This property is deprecated and will be removed in future release. Please use 'dofs_idx_local' instead.[0m
[38;5;226m[Genesis] [08:13:21] [WARNING] This property is deprecated and will be removed in future release. Please use 'dofs_idx_local' instead.[0m
[38;5;226m[Genesis] [08:13:21] [WARNING] This property is deprecated and will be removed in future release. Please use 'dofs_idx_local' instead.[0m
[38;5;226m[Genesis] [08:13:21] [WARNING] This property is deprecated and will be removed in future release. Please use 'dofs_idx_local' instead.[0m
[38;5;226m[Genesis] [08:13:21] [WARNING] This property is deprecated and will be removed in future release. Please use 'dofs_idx_local' instead.[0m
[38;5;226m[Genesis] [08:13:21] [WARNING] This property is deprecated and will be removed in future release. Please use 'dofs_idx_local' instead.[0m
[38;5;226m[Genesis] [08:13:21] [WARNING] This property is deprecated and will be removed in future release. Please use 'dofs_idx_local' instead.[0m
[38;5;226m[Genesis] [08:13:21] [WARNING] This property is deprecated and will be removed in future release. Please use 'dofs_idx_local' instead.[0m
[38;5;226m[Genesis] [08:13:21] [WARNING] This property is deprecated and will be removed in future release. Please use 'dofs_idx_local' instead.[0m
[38;5;226m[Genesis] [08:13:21] [WARNING] This property is deprecated and will be removed in future release. Please use 'dofs_idx_local' instead.[0m
[38;5;226m[Genesis] [08:13:21] [WARNING] This property is deprecated and will be removed in future release. Please use 'dofs_idx_local' instead.[0m
[38;5;226m[Genesis] [08:13:21] [WARNING] This property is deprecated and will be removed in future release. Please use 'dofs_idx_local' instead.[0m
/home/jfriesen/.local/lib/python3.12/site-packages/torch/utils/_device.py:122: UserWarning: To copy construct from a tensor, it is recommended to use sourceTensor.detach().clone() or sourceTensor.detach().clone().requires_grad_(True), rather than torch.tensor(sourceTensor).
  return func(*args, **kwargs)
Actor MLP: Sequential(
  (0): Linear(in_features=76, out_features=512, bias=True)
  (1): ELU(alpha=1.0)
  (2): Linear(in_features=512, out_features=256, bias=True)
  (3): ELU(alpha=1.0)
  (4): Linear(in_features=256, out_features=128, bias=True)
  (5): ELU(alpha=1.0)
  (6): Linear(in_features=128, out_features=12, bias=True)
)
Critic MLP: Sequential(
  (0): Linear(in_features=100, out_features=512, bias=True)
  (1): ELU(alpha=1.0)
  (2): Linear(in_features=512, out_features=256, bias=True)
  (3): ELU(alpha=1.0)
  (4): Linear(in_features=256, out_features=128, bias=True)
  (5): ELU(alpha=1.0)
  (6): Linear(in_features=128, out_features=1, bias=True)
)
[38;5;159m[Genesis] [08:13:23] [INFO] Running at [38;5;121m1.62[0m[38;5;159m FPS ([38;5;121m1.62[0m[38;5;159m FPS per env, [38;5;121m1[0m[38;5;159m envs).[0m
[38;5;159m[Genesis] [08:13:23] [INFO] Running at [38;5;121m6.17[0m[38;5;159m FPS ([38;5;121m6.17[0m[38;5;159m FPS per env, [38;5;121m1[0m[38;5;159m envs).[0m
[38;5;159m[Genesis] [08:13:23] [INFO] Running at [38;5;121m69.67[0m[38;5;159m FPS ([38;5;121m69.67[0m[38;5;159m FPS per env, [38;5;121m1[0m[38;5;159m envs).[0m
[38;5;159m[Genesis] [08:13:23] [INFO] Running at [38;5;121m69.67[0m[38;5;159m FPS ([38;5;121m69.67[0m[38;5;159m FPS per env, [38;5;121m1[0m[38;5;159m envs).[0m
[38;5;159m[Genesis] [08:13:23] [INFO] Running at [38;5;121m69.70[0m[38;5;159m FPS ([38;5;121m69.70[0m[38;5;159m FPS per env, [38;5;121m1[0m[38;5;159m envs).[0m
[38;5;159m[Genesis] [08:13:23] [INFO] Running at [38;5;121m69.77[0m[38;5;159m FPS ([38;5;121m69.77[0m[38;5;159m FPS per env, [38;5;121m1[0m[38;5;159m envs).[0m
[38;5;159m[Genesis] [08:13:23] [INFO] Running at [38;5;121m69.77[0m[38;5;159m FPS ([38;5;121m69.77[0m[38;5;159m FPS per env, [38;5;121m1[0m[38;5;159m envs).[0m
[38;5;159m[Genesis] [08:13:23] [INFO] Running at [38;5;121m69.79[0m[38;5;159m FPS ([38;5;121m69.79[0m[38;5;159m FPS per env, [38;5;121m1[0m[38;5;159m envs).[0m
[38;5;159m[Genesis] [08:13:23] [INFO] Running at [38;5;121m69.88[0m[38;5;159m FPS ([38;5;121m69.88[0m[38;5;159m FPS per env, [38;5;121m1[0m[38;5;159m envs).[0m
[38;5;159m[Genesis] [08:13:23] [INFO] Running at [38;5;121m69.92[0m[38;5;159m FPS ([38;5;121m69.92[0m[38;5;159m FPS per env, [38;5;121m1[0m[38;5;159m envs).[0m
[38;5;159m[Genesis] [08:13:23] [INFO] Running at [38;5;121m70.03[0m[38;5;159m FPS ([38;5;121m70.03[0m[38;5;159m FPS per env, [38;5;121m1[0m[38;5;159m envs).[0m
[38;5;159m[Genesis] [08:13:23] [INFO] Running at [38;5;121m70.07[0m[38;5;159m FPS ([38;5;121m70.07[0m[38;5;159m FPS per env, [38;5;121m1[0m[38;5;159m envs).[0m
[38;5;159m[Genesis] [08:13:24] [INFO] Running at [38;5;121m70.20[0m[38;5;159m FPS ([38;5;121m70.20[0m[38;5;159m FPS per env, [38;5;121m1[0m[38;5;159m envs).[0m
[38;5;159m[Genesis] [08:13:24] [INFO] Running at [38;5;121m70.18[0m[38;5;159m FPS ([38;5;121m70.18[0m[38;5;159m FPS per env, [38;5;121m1[0m[38;5;159m envs).[0m
[38;5;159m[Genesis] [08:13:24] [INFO] Running at [38;5;121m70.22[0m[38;5;159m FPS ([38;5;121m70.22[0m[38;5;159m FPS per env, [38;5;121m1[0m[38;5;159m envs).[0m
[38;5;159m[Genesis] [08:13:24] [INFO] Running at [38;5;121m70.23[0m[38;5;159m FPS ([38;5;121m70.23[0m[38;5;159m FPS per env, [38;5;121m1[0m[38;5;159m envs).[0m
[38;5;159m[Genesis] [08:13:24] [INFO] Running at [38;5;121m70.37[0m[38;5;159m FPS ([38;5;121m70.37[0m[38;5;159m FPS per env, [38;5;121m1[0m[38;5;159m envs).[0m
[38;5;159m[Genesis] [08:13:24] [INFO] Running at [38;5;121m70.36[0m[38;5;159m FPS ([38;5;121m70.36[0m[38;5;159m FPS per env, [38;5;121m1[0m[38;5;159m envs).[0m
[38;5;159m[Genesis] [08:13:24] [INFO] Running at [38;5;121m70.41[0m[38;5;159m FPS ([38;5;121m70.41[0m[38;5;159m FPS per env, [38;5;121m1[0m[38;5;159m envs).[0m
[38;5;159m[Genesis] [08:13:24] [INFO] Running at [38;5;121m70.36[0m[38;5;159m FPS ([38;5;121m70.36[0m[38;5;159m FPS per env, [38;5;121m1[0m[38;5;159m envs).[0m
[38;5;159m[Genesis] [08:13:24] [INFO] Running at [38;5;121m70.40[0m[38;5;159m FPS ([38;5;121m70.40[0m[38;5;159m FPS per env, [38;5;121m1[0m[38;5;159m envs).[0m
[38;5;159m[Genesis] [08:13:24] [INFO] Running at [38;5;121m70.42[0m[38;5;159m FPS ([38;5;121m70.42[0m[38;5;159m FPS per env, [38;5;121m1[0m[38;5;159m envs).[0m
[38;5;159m[Genesis] [08:13:24] [INFO] Running at [38;5;121m70.29[0m[38;5;159m FPS ([38;5;121m70.29[0m[38;5;159m FPS per env, [38;5;121m1[0m[38;5;159m envs).[0m
[38;5;159m[Genesis] [08:13:24] [INFO] Running at [38;5;121m70.30[0m[38;5;159m FPS ([38;5;121m70.30[0m[38;5;159m FPS per env, [38;5;121m1[0m[38;5;159m envs).[0m
[38;5;159m[Genesis] [08:13:24] [INFO] Running at [38;5;121m70.41[0m[38;5;159m FPS ([38;5;121m70.41[0m[38;5;159m FPS per env, [38;5;121m1[0m[38;5;159m envs).[0m
[38;5;159m[Genesis] [08:13:24] [INFO] Running at [38;5;121m70.44[0m[38;5;159m FPS ([38;5;121m70.44[0m[38;5;159m FPS per env, [38;5;121m1[0m[38;5;159m envs).[0m
[38;5;159m[Genesis] [08:13:24] [INFO] Running at [38;5;121m70.44[0m[38;5;159m FPS ([38;5;121m70.44[0m[38;5;159m FPS per env, [38;5;121m1[0m[38;5;159m envs).[0m
[38;5;159m[Genesis] [08:13:24] [INFO] Running at [38;5;121m70.40[0m[38;5;159m FPS ([38;5;121m70.40[0m[38;5;159m FPS per env, [38;5;121m1[0m[38;5;159m envs).[0m
[38;5;159m[Genesis] [08:13:24] [INFO] Running at [38;5;121m70.45[0m[38;5;159m FPS ([38;5;121m70.45[0m[38;5;159m FPS per env, [38;5;121m1[0m[38;5;159m envs).[0m
[38;5;159m[Genesis] [08:13:25] [INFO] Running at [38;5;121m70.54[0m[38;5;159m FPS ([38;5;121m70.54[0m[38;5;159m FPS per env, [38;5;121m1[0m[38;5;159m envs).[0m
[38;5;159m[Genesis] [08:13:25] [INFO] Running at [38;5;121m70.49[0m[38;5;159m FPS ([38;5;121m70.49[0m[38;5;159m FPS per env, [38;5;121m1[0m[38;5;159m envs).[0m
[38;5;159m[Genesis] [08:13:25] [INFO] Running at [38;5;121m70.50[0m[38;5;159m FPS ([38;5;121m70.50[0m[38;5;159m FPS per env, [38;5;121m1[0m[38;5;159m envs).[0m
[38;5;159m[Genesis] [08:13:25] [INFO] Running at [38;5;121m70.52[0m[38;5;159m FPS ([38;5;121m70.52[0m[38;5;159m FPS per env, [38;5;121m1[0m[38;5;159m envs).[0m
[38;5;159m[Genesis] [08:13:25] [INFO] Running at [38;5;121m70.62[0m[38;5;159m FPS ([38;5;121m70.62[0m[38;5;159m FPS per env, [38;5;121m1[0m[38;5;159m envs).[0m
[38;5;159m[Genesis] [08:13:25] [INFO] Running at [38;5;121m70.65[0m[38;5;159m FPS ([38;5;121m70.65[0m[38;5;159m FPS per env, [38;5;121m1[0m[38;5;159m envs).[0m
[38;5;159m[Genesis] [08:13:25] [INFO] Running at [38;5;121m70.67[0m[38;5;159m FPS ([38;5;121m70.67[0m[38;5;159m FPS per env, [38;5;121m1[0m[38;5;159m envs).[0m
[38;5;159m[Genesis] [08:13:25] [INFO] Running at [38;5;121m70.67[0m[38;5;159m FPS ([38;5;121m70.67[0m[38;5;159m FPS per env, [38;5;121m1[0m[38;5;159m envs).[0m
[38;5;159m[Genesis] [08:13:25] [INFO] Running at [38;5;121m70.73[0m[38;5;159m FPS ([38;5;121m70.73[0m[38;5;159m FPS per env, [38;5;121m1[0m[38;5;159m envs).[0m
[38;5;159m[Genesis] [08:13:25] [INFO] Running at [38;5;121m70.71[0m[38;5;159m FPS ([38;5;121m70.71[0m[38;5;159m FPS per env, [38;5;121m1[0m[38;5;159m envs).[0m
[38;5;159m[Genesis] [08:13:25] [INFO] Running at [38;5;121m70.79[0m[38;5;159m FPS ([38;5;121m70.79[0m[38;5;159m FPS per env, [38;5;121m1[0m[38;5;159m envs).[0m
[38;5;159m[Genesis] [08:13:25] [INFO] Running at [38;5;121m70.83[0m[38;5;159m FPS ([38;5;121m70.83[0m[38;5;159m FPS per env, [38;5;121m1[0m[38;5;159m envs).[0m
[38;5;159m[Genesis] [08:13:25] [INFO] Running at [38;5;121m70.87[0m[38;5;159m FPS ([38;5;121m70.87[0m[38;5;159m FPS per env, [38;5;121m1[0m[38;5;159m envs).[0m
[38;5;159m[Genesis] [08:13:25] [INFO] Running at [38;5;121m70.97[0m[38;5;159m FPS ([38;5;121m70.97[0m[38;5;159m FPS per env, [38;5;121m1[0m[38;5;159m envs).[0m
[38;5;159m[Genesis] [08:13:25] [INFO] Running at [38;5;121m70.84[0m[38;5;159m FPS ([38;5;121m70.84[0m[38;5;159m FPS per env, [38;5;121m1[0m[38;5;159m envs).[0m
[38;5;159m[Genesis] [08:13:25] [INFO] Running at [38;5;121m70.85[0m[38;5;159m FPS ([38;5;121m70.85[0m[38;5;159m FPS per env, [38;5;121m1[0m[38;5;159m envs).[0m
[38;5;159m[Genesis] [08:13:25] [INFO] Running at [38;5;121m70.96[0m[38;5;159m FPS ([38;5;121m70.96[0m[38;5;159m FPS per env, [38;5;121m1[0m[38;5;159m envs).[0m
[38;5;159m[Genesis] [08:13:25] [INFO] Running at [38;5;121m71.03[0m[38;5;159m FPS ([38;5;121m71.03[0m[38;5;159m FPS per env, [38;5;121m1[0m[38;5;159m envs).[0m
[38;5;159m[Genesis] [08:13:26] [INFO] Running at [38;5;121m71.10[0m[38;5;159m FPS ([38;5;121m71.10[0m[38;5;159m FPS per env, [38;5;121m1[0m[38;5;159m envs).[0m
[38;5;159m[Genesis] [08:13:26] [INFO] Running at [38;5;121m71.16[0m[38;5;159m FPS ([38;5;121m71.16[0m[38;5;159m FPS per env, [38;5;121m1[0m[38;5;159m envs).[0m
[38;5;159m[Genesis] [08:13:26] [INFO] Running at [38;5;121m71.10[0m[38;5;159m FPS ([38;5;121m71.10[0m[38;5;159m FPS per env, [38;5;121m1[0m[38;5;159m envs).[0m
[38;5;159m[Genesis] [08:13:26] [INFO] Running at [38;5;121m71.08[0m[38;5;159m FPS ([38;5;121m71.08[0m[38;5;159m FPS per env, [38;5;121m1[0m[38;5;159m envs).[0m
[38;5;159m[Genesis] [08:13:26] [INFO] Running at [38;5;121m71.05[0m[38;5;159m FPS ([38;5;121m71.05[0m[38;5;159m FPS per env, [38;5;121m1[0m[38;5;159m envs).[0m
[38;5;159m[Genesis] [08:13:26] [INFO] Running at [38;5;121m71.05[0m[38;5;159m FPS ([38;5;121m71.05[0m[38;5;159m FPS per env, [38;5;121m1[0m[38;5;159m envs).[0m
[38;5;159m[Genesis] [08:13:26] [INFO] Running at [38;5;121m71.07[0m[38;5;159m FPS ([38;5;121m71.07[0m[38;5;159m FPS per env, [38;5;121m1[0m[38;5;159m envs).[0m
[38;5;159m[Genesis] [08:13:26] [INFO] Running at [38;5;121m71.07[0m[38;5;159m FPS ([38;5;121m71.07[0m[38;5;159m FPS per env, [38;5;121m1[0m[38;5;159m envs).[0m
[38;5;159m[Genesis] [08:13:26] [INFO] Running at [38;5;121m71.10[0m[38;5;159m FPS ([38;5;121m71.10[0m[38;5;159m FPS per env, [38;5;121m1[0m[38;5;159m envs).[0m
[38;5;159m[Genesis] [08:13:26] [INFO] Running at [38;5;121m71.17[0m[38;5;159m FPS ([38;5;121m71.17[0m[38;5;159m FPS per env, [38;5;121m1[0m[38;5;159m envs).[0m
[38;5;159m[Genesis] [08:13:26] [INFO] Running at [38;5;121m71.27[0m[38;5;159m FPS ([38;5;121m71.27[0m[38;5;159m FPS per env, [38;5;121m1[0m[38;5;159m envs).[0m
[38;5;159m[Genesis] [08:13:26] [INFO] Running at [38;5;121m71.37[0m[38;5;159m FPS ([38;5;121m71.37[0m[38;5;159m FPS per env, [38;5;121m1[0m[38;5;159m envs).[0m
[38;5;159m[Genesis] [08:13:26] [INFO] Running at [38;5;121m71.42[0m[38;5;159m FPS ([38;5;121m71.42[0m[38;5;159m FPS per env, [38;5;121m1[0m[38;5;159m envs).[0m
[38;5;159m[Genesis] [08:13:26] [INFO] Running at [38;5;121m71.44[0m[38;5;159m FPS ([38;5;121m71.44[0m[38;5;159m FPS per env, [38;5;121m1[0m[38;5;159m envs).[0m
[38;5;159m[Genesis] [08:13:26] [INFO] Running at [38;5;121m71.51[0m[38;5;159m FPS ([38;5;121m71.51[0m[38;5;159m FPS per env, [38;5;121m1[0m[38;5;159m envs).[0m
[38;5;159m[Genesis] [08:13:26] [INFO] Running at [38;5;121m71.55[0m[38;5;159m FPS ([38;5;121m71.55[0m[38;5;159m FPS per env, [38;5;121m1[0m[38;5;159m envs).[0m
[38;5;159m[Genesis] [08:13:26] [INFO] Running at [38;5;121m71.62[0m[38;5;159m FPS ([38;5;121m71.62[0m[38;5;159m FPS per env, [38;5;121m1[0m[38;5;159m envs).[0m
[38;5;159m[Genesis] [08:13:26] [INFO] Running at [38;5;121m71.67[0m[38;5;159m FPS ([38;5;121m71.67[0m[38;5;159m FPS per env, [38;5;121m1[0m[38;5;159m envs).[0m
[38;5;159m[Genesis] [08:13:27] [INFO] Running at [38;5;121m71.52[0m[38;5;159m FPS ([38;5;121m71.52[0m[38;5;159m FPS per env, [38;5;121m1[0m[38;5;159m envs).[0m
[38;5;159m[Genesis] [08:13:27] [INFO] Running at [38;5;121m71.58[0m[38;5;159m FPS ([38;5;121m71.58[0m[38;5;159m FPS per env, [38;5;121m1[0m[38;5;159m envs).[0m
[38;5;159m[Genesis] [08:13:27] [INFO] Running at [38;5;121m71.66[0m[38;5;159m FPS ([38;5;121m71.66[0m[38;5;159m FPS per env, [38;5;121m1[0m[38;5;159m envs).[0m
[38;5;159m[Genesis] [08:13:27] [INFO] Running at [38;5;121m71.67[0m[38;5;159m FPS ([38;5;121m71.67[0m[38;5;159m FPS per env, [38;5;121m1[0m[38;5;159m envs).[0m
[38;5;159m[Genesis] [08:13:27] [INFO] Running at [38;5;121m71.65[0m[38;5;159m FPS ([38;5;121m71.65[0m[38;5;159m FPS per env, [38;5;121m1[0m[38;5;159m envs).[0m
[38;5;159m[Genesis] [08:13:27] [INFO] Running at [38;5;121m71.60[0m[38;5;159m FPS ([38;5;121m71.60[0m[38;5;159m FPS per env, [38;5;121m1[0m[38;5;159m envs).[0m
[38;5;159m[Genesis] [08:13:27] [INFO] Running at [38;5;121m71.59[0m[38;5;159m FPS ([38;5;121m71.59[0m[38;5;159m FPS per env, [38;5;121m1[0m[38;5;159m envs).[0m
[38;5;159m[Genesis] [08:13:27] [INFO] Running at [38;5;121m71.54[0m[38;5;159m FPS ([38;5;121m71.54[0m[38;5;159m FPS per env, [38;5;121m1[0m[38;5;159m envs).[0m
[38;5;159m[Genesis] [08:13:27] [INFO] Running at [38;5;121m71.54[0m[38;5;159m FPS ([38;5;121m71.54[0m[38;5;159m FPS per env, [38;5;121m1[0m[38;5;159m envs).[0m
[38;5;159m[Genesis] [08:13:27] [INFO] Running at [38;5;121m71.59[0m[38;5;159m FPS ([38;5;121m71.59[0m[38;5;159m FPS per env, [38;5;121m1[0m[38;5;159m envs).[0m
[38;5;159m[Genesis] [08:13:27] [INFO] Running at [38;5;121m71.64[0m[38;5;159m FPS ([38;5;121m71.64[0m[38;5;159m FPS per env, [38;5;121m1[0m[38;5;159m envs).[0m
[38;5;159m[Genesis] [08:13:27] [INFO] Running at [38;5;121m71.64[0m[38;5;159m FPS ([38;5;121m71.64[0m[38;5;159m FPS per env, [38;5;121m1[0m[38;5;159m envs).[0m
[38;5;159m[Genesis] [08:13:27] [INFO] Running at [38;5;121m71.49[0m[38;5;159m FPS ([38;5;121m71.49[0m[38;5;159m FPS per env, [38;5;121m1[0m[38;5;159m envs).[0m
[38;5;159m[Genesis] [08:13:27] [INFO] Running at [38;5;121m71.44[0m[38;5;159m FPS ([38;5;121m71.44[0m[38;5;159m FPS per env, [38;5;121m1[0m[38;5;159m envs).[0m
[38;5;159m[Genesis] [08:13:27] [INFO] Running at [38;5;121m71.47[0m[38;5;159m FPS ([38;5;121m71.47[0m[38;5;159m FPS per env, [38;5;121m1[0m[38;5;159m envs).[0m
[38;5;159m[Genesis] [08:13:27] [INFO] Running at [38;5;121m71.46[0m[38;5;159m FPS ([38;5;121m71.46[0m[38;5;159m FPS per env, [38;5;121m1[0m[38;5;159m envs).[0m
[38;5;159m[Genesis] [08:13:27] [INFO] Running at [38;5;121m71.47[0m[38;5;159m FPS ([38;5;121m71.47[0m[38;5;159m FPS per env, [38;5;121m1[0m[38;5;159m envs).[0m
[38;5;159m[Genesis] [08:13:27] [INFO] Running at [38;5;121m71.43[0m[38;5;159m FPS ([38;5;121m71.43[0m[38;5;159m FPS per env, [38;5;121m1[0m[38;5;159m envs).[0m
[38;5;159m[Genesis] [08:13:28] [INFO] Running at [38;5;121m71.38[0m[38;5;159m FPS ([38;5;121m71.38[0m[38;5;159m FPS per env, [38;5;121m1[0m[38;5;159m envs).[0m
[38;5;159m[Genesis] [08:13:28] [INFO] Running at [38;5;121m71.44[0m[38;5;159m FPS ([38;5;121m71.44[0m[38;5;159m FPS per env, [38;5;121m1[0m[38;5;159m envs).[0m
[38;5;159m[Genesis] [08:13:28] [INFO] Running at [38;5;121m71.50[0m[38;5;159m FPS ([38;5;121m71.50[0m[38;5;159m FPS per env, [38;5;121m1[0m[38;5;159m envs).[0m
[38;5;159m[Genesis] [08:13:28] [INFO] Running at [38;5;121m71.34[0m[38;5;159m FPS ([38;5;121m71.34[0m[38;5;159m FPS per env, [38;5;121m1[0m[38;5;159m envs).[0m
[38;5;159m[Genesis] [08:13:28] [INFO] Running at [38;5;121m71.36[0m[38;5;159m FPS ([38;5;121m71.36[0m[38;5;159m FPS per env, [38;5;121m1[0m[38;5;159m envs).[0m
[38;5;159m[Genesis] [08:13:28] [INFO] Running at [38;5;121m71.32[0m[38;5;159m FPS ([38;5;121m71.32[0m[38;5;159m FPS per env, [38;5;121m1[0m[38;5;159m envs).[0m
[38;5;159m[Genesis] [08:13:28] [INFO] Running at [38;5;121m71.28[0m[38;5;159m FPS ([38;5;121m71.28[0m[38;5;159m FPS per env, [38;5;121m1[0m[38;5;159m envs).[0m
[38;5;159m[Genesis] [08:13:28] [INFO] Running at [38;5;121m71.31[0m[38;5;159m FPS ([38;5;121m71.31[0m[38;5;159m FPS per env, [38;5;121m1[0m[38;5;159m envs).[0m
[38;5;159m[Genesis] [08:13:28] [INFO] Running at [38;5;121m71.30[0m[38;5;159m FPS ([38;5;121m71.30[0m[38;5;159m FPS per env, [38;5;121m1[0m[38;5;159m envs).[0m
[38;5;159m[Genesis] [08:13:28] [INFO] Running at [38;5;121m71.33[0m[38;5;159m FPS ([38;5;121m71.33[0m[38;5;159m FPS per env, [38;5;121m1[0m[38;5;159m envs).[0m
[38;5;159m[Genesis] [08:13:28] [INFO] Running at [38;5;121m71.43[0m[38;5;159m FPS ([38;5;121m71.43[0m[38;5;159m FPS per env, [38;5;121m1[0m[38;5;159m envs).[0m
[38;5;159m[Genesis] [08:13:28] [INFO] Running at [38;5;121m71.50[0m[38;5;159m FPS ([38;5;121m71.50[0m[38;5;159m FPS per env, [38;5;121m1[0m[38;5;159m envs).[0m
[38;5;159m[Genesis] [08:13:28] [INFO] Running at [38;5;121m71.53[0m[38;5;159m FPS ([38;5;121m71.53[0m[38;5;159m FPS per env, [38;5;121m1[0m[38;5;159m envs).[0m
[38;5;159m[Genesis] [08:13:28] [INFO] Running at [38;5;121m71.54[0m[38;5;159m FPS ([38;5;121m71.54[0m[38;5;159m FPS per env, [38;5;121m1[0m[38;5;159m envs).[0m
[38;5;159m[Genesis] [08:13:28] [INFO] Running at [38;5;121m71.56[0m[38;5;159m FPS ([38;5;121m71.56[0m[38;5;159m FPS per env, [38;5;121m1[0m[38;5;159m envs).[0m
[38;5;159m[Genesis] [08:13:28] [INFO] Running at [38;5;121m71.61[0m[38;5;159m FPS ([38;5;121m71.61[0m[38;5;159m FPS per env, [38;5;121m1[0m[38;5;159m envs).[0m
[38;5;159m[Genesis] [08:13:28] [INFO] Running at [38;5;121m71.65[0m[38;5;159m FPS ([38;5;121m71.65[0m[38;5;159m FPS per env, [38;5;121m1[0m[38;5;159m envs).[0m
[38;5;159m[Genesis] [08:13:28] [INFO] Running at [38;5;121m71.72[0m[38;5;159m FPS ([38;5;121m71.72[0m[38;5;159m FPS per env, [38;5;121m1[0m[38;5;159m envs).[0m
[38;5;159m[Genesis] [08:13:29] [INFO] Running at [38;5;121m71.78[0m[38;5;159m FPS ([38;5;121m71.78[0m[38;5;159m FPS per env, [38;5;121m1[0m[38;5;159m envs).[0m
[38;5;159m[Genesis] [08:13:29] [INFO] Running at [38;5;121m71.83[0m[38;5;159m FPS ([38;5;121m71.83[0m[38;5;159m FPS per env, [38;5;121m1[0m[38;5;159m envs).[0m
[38;5;159m[Genesis] [08:13:29] [INFO] Running at [38;5;121m71.95[0m[38;5;159m FPS ([38;5;121m71.95[0m[38;5;159m FPS per env, [38;5;121m1[0m[38;5;159m envs).[0m
[38;5;159m[Genesis] [08:13:29] [INFO] Running at [38;5;121m72.03[0m[38;5;159m FPS ([38;5;121m72.03[0m[38;5;159m FPS per env, [38;5;121m1[0m[38;5;159m envs).[0m
[38;5;159m[Genesis] [08:13:29] [INFO] Running at [38;5;121m72.08[0m[38;5;159m FPS ([38;5;121m72.08[0m[38;5;159m FPS per env, [38;5;121m1[0m[38;5;159m envs).[0m
[38;5;159m[Genesis] [08:13:29] [INFO] Running at [38;5;121m72.12[0m[38;5;159m FPS ([38;5;121m72.12[0m[38;5;159m FPS per env, [38;5;121m1[0m[38;5;159m envs).[0m
[38;5;159m[Genesis] [08:13:29] [INFO] Running at [38;5;121m71.96[0m[38;5;159m FPS ([38;5;121m71.96[0m[38;5;159m FPS per env, [38;5;121m1[0m[38;5;159m envs).[0m
[38;5;159m[Genesis] [08:13:29] [INFO] Running at [38;5;121m72.05[0m[38;5;159m FPS ([38;5;121m72.05[0m[38;5;159m FPS per env, [38;5;121m1[0m[38;5;159m envs).[0m
[38;5;159m[Genesis] [08:13:29] [INFO] Running at [38;5;121m72.14[0m[38;5;159m FPS ([38;5;121m72.14[0m[38;5;159m FPS per env, [38;5;121m1[0m[38;5;159m envs).[0m
[38;5;159m[Genesis] [08:13:29] [INFO] Running at [38;5;121m72.18[0m[38;5;159m FPS ([38;5;121m72.18[0m[38;5;159m FPS per env, [38;5;121m1[0m[38;5;159m envs).[0m
[38;5;159m[Genesis] [08:13:29] [INFO] Running at [38;5;121m72.23[0m[38;5;159m FPS ([38;5;121m72.23[0m[38;5;159m FPS per env, [38;5;121m1[0m[38;5;159m envs).[0m
[38;5;159m[Genesis] [08:13:29] [INFO] Running at [38;5;121m72.22[0m[38;5;159m FPS ([38;5;121m72.22[0m[38;5;159m FPS per env, [38;5;121m1[0m[38;5;159m envs).[0m
[38;5;159m[Genesis] [08:13:29] [INFO] Running at [38;5;121m72.16[0m[38;5;159m FPS ([38;5;121m72.16[0m[38;5;159m FPS per env, [38;5;121m1[0m[38;5;159m envs).[0m
[38;5;159m[Genesis] [08:13:29] [INFO] Running at [38;5;121m72.10[0m[38;5;159m FPS ([38;5;121m72.10[0m[38;5;159m FPS per env, [38;5;121m1[0m[38;5;159m envs).[0m
[38;5;159m[Genesis] [08:13:29] [INFO] Running at [38;5;121m72.09[0m[38;5;159m FPS ([38;5;121m72.09[0m[38;5;159m FPS per env, [38;5;121m1[0m[38;5;159m envs).[0m
[38;5;159m[Genesis] [08:13:29] [INFO] Running at [38;5;121m72.16[0m[38;5;159m FPS ([38;5;121m72.16[0m[38;5;159m FPS per env, [38;5;121m1[0m[38;5;159m envs).[0m
[38;5;159m[Genesis] [08:13:29] [INFO] Running at [38;5;121m72.23[0m[38;5;159m FPS ([38;5;121m72.23[0m[38;5;159m FPS per env, [38;5;121m1[0m[38;5;159m envs).[0m
[38;5;159m[Genesis] [08:13:29] [INFO] Running at [38;5;121m72.22[0m[38;5;159m FPS ([38;5;121m72.22[0m[38;5;159m FPS per env, [38;5;121m1[0m[38;5;159m envs).[0m
[38;5;159m[Genesis] [08:13:30] [INFO] Running at [38;5;121m72.24[0m[38;5;159m FPS ([38;5;121m72.24[0m[38;5;159m FPS per env, [38;5;121m1[0m[38;5;159m envs).[0m
[38;5;159m[Genesis] [08:13:30] [INFO] Running at [38;5;121m72.08[0m[38;5;159m FPS ([38;5;121m72.08[0m[38;5;159m FPS per env, [38;5;121m1[0m[38;5;159m envs).[0m
[38;5;159m[Genesis] [08:13:30] [INFO] Running at [38;5;121m71.97[0m[38;5;159m FPS ([38;5;121m71.97[0m[38;5;159m FPS per env, [38;5;121m1[0m[38;5;159m envs).[0m
[38;5;159m[Genesis] [08:13:30] [INFO] Running at [38;5;121m71.93[0m[38;5;159m FPS ([38;5;121m71.93[0m[38;5;159m FPS per env, [38;5;121m1[0m[38;5;159m envs).[0m
[38;5;159m[Genesis] [08:13:30] [INFO] Running at [38;5;121m71.88[0m[38;5;159m FPS ([38;5;121m71.88[0m[38;5;159m FPS per env, [38;5;121m1[0m[38;5;159m envs).[0m
[38;5;159m[Genesis] [08:13:30] [INFO] Running at [38;5;121m71.85[0m[38;5;159m FPS ([38;5;121m71.85[0m[38;5;159m FPS per env, [38;5;121m1[0m[38;5;159m envs).[0m
[38;5;159m[Genesis] [08:13:30] [INFO] Running at [38;5;121m71.81[0m[38;5;159m FPS ([38;5;121m71.81[0m[38;5;159m FPS per env, [38;5;121m1[0m[38;5;159m envs).[0m
[38;5;159m[Genesis] [08:13:30] [INFO] Running at [38;5;121m71.79[0m[38;5;159m FPS ([38;5;121m71.79[0m[38;5;159m FPS per env, [38;5;121m1[0m[38;5;159m envs).[0m
[38;5;159m[Genesis] [08:13:30] [INFO] Running at [38;5;121m71.80[0m[38;5;159m FPS ([38;5;121m71.80[0m[38;5;159m FPS per env, [38;5;121m1[0m[38;5;159m envs).[0m
[38;5;159m[Genesis] [08:13:30] [INFO] Running at [38;5;121m71.80[0m[38;5;159m FPS ([38;5;121m71.80[0m[38;5;159m FPS per env, [38;5;121m1[0m[38;5;159m envs).[0m
[38;5;159m[Genesis] [08:13:30] [INFO] Running at [38;5;121m71.67[0m[38;5;159m FPS ([38;5;121m71.67[0m[38;5;159m FPS per env, [38;5;121m1[0m[38;5;159m envs).[0m
[38;5;159m[Genesis] [08:13:30] [INFO] Running at [38;5;121m71.62[0m[38;5;159m FPS ([38;5;121m71.62[0m[38;5;159m FPS per env, [38;5;121m1[0m[38;5;159m envs).[0m
[38;5;159m[Genesis] [08:13:30] [INFO] Running at [38;5;121m71.62[0m[38;5;159m FPS ([38;5;121m71.62[0m[38;5;159m FPS per env, [38;5;121m1[0m[38;5;159m envs).[0m
[38;5;159m[Genesis] [08:13:30] [INFO] Running at [38;5;121m71.69[0m[38;5;159m FPS ([38;5;121m71.69[0m[38;5;159m FPS per env, [38;5;121m1[0m[38;5;159m envs).[0m
[38;5;159m[Genesis] [08:13:30] [INFO] Running at [38;5;121m71.68[0m[38;5;159m FPS ([38;5;121m71.68[0m[38;5;159m FPS per env, [38;5;121m1[0m[38;5;159m envs).[0m
[38;5;159m[Genesis] [08:13:30] [INFO] Running at [38;5;121m71.67[0m[38;5;159m FPS ([38;5;121m71.67[0m[38;5;159m FPS per env, [38;5;121m1[0m[38;5;159m envs).[0m
[38;5;159m[Genesis] [08:13:30] [INFO] Running at [38;5;121m71.69[0m[38;5;159m FPS ([38;5;121m71.69[0m[38;5;159m FPS per env, [38;5;121m1[0m[38;5;159m envs).[0m
[38;5;159m[Genesis] [08:13:30] [INFO] Running at [38;5;121m71.67[0m[38;5;159m FPS ([38;5;121m71.67[0m[38;5;159m FPS per env, [38;5;121m1[0m[38;5;159m envs).[0m
[38;5;159m[Genesis] [08:13:31] [INFO] Running at [38;5;121m71.71[0m[38;5;159m FPS ([38;5;121m71.71[0m[38;5;159m FPS per env, [38;5;121m1[0m[38;5;159m envs).[0m
[38;5;159m[Genesis] [08:13:31] [INFO] Running at [38;5;121m71.73[0m[38;5;159m FPS ([38;5;121m71.73[0m[38;5;159m FPS per env, [38;5;121m1[0m[38;5;159m envs).[0m
[38;5;159m[Genesis] [08:13:31] [INFO] Running at [38;5;121m71.67[0m[38;5;159m FPS ([38;5;121m71.67[0m[38;5;159m FPS per env, [38;5;121m1[0m[38;5;159m envs).[0m
[38;5;159m[Genesis] [08:13:31] [INFO] Running at [38;5;121m71.45[0m[38;5;159m FPS ([38;5;121m71.45[0m[38;5;159m FPS per env, [38;5;121m1[0m[38;5;159m envs).[0m
[38;5;159m[Genesis] [08:13:31] [INFO] Running at [38;5;121m71.33[0m[38;5;159m FPS ([38;5;121m71.33[0m[38;5;159m FPS per env, [38;5;121m1[0m[38;5;159m envs).[0m
[38;5;159m[Genesis] [08:13:31] [INFO] Running at [38;5;121m71.19[0m[38;5;159m FPS ([38;5;121m71.19[0m[38;5;159m FPS per env, [38;5;121m1[0m[38;5;159m envs).[0m
[38;5;159m[Genesis] [08:13:31] [INFO] Running at [38;5;121m70.98[0m[38;5;159m FPS ([38;5;121m70.98[0m[38;5;159m FPS per env, [38;5;121m1[0m[38;5;159m envs).[0m
[38;5;159m[Genesis] [08:13:31] [INFO] Running at [38;5;121m70.85[0m[38;5;159m FPS ([38;5;121m70.85[0m[38;5;159m FPS per env, [38;5;121m1[0m[38;5;159m envs).[0m
[38;5;159m[Genesis] [08:13:31] [INFO] Running at [38;5;121m70.80[0m[38;5;159m FPS ([38;5;121m70.80[0m[38;5;159m FPS per env, [38;5;121m1[0m[38;5;159m envs).[0m
[38;5;159m[Genesis] [08:13:31] [INFO] Running at [38;5;121m70.76[0m[38;5;159m FPS ([38;5;121m70.76[0m[38;5;159m FPS per env, [38;5;121m1[0m[38;5;159m envs).[0m
[38;5;159m[Genesis] [08:13:31] [INFO] Running at [38;5;121m70.77[0m[38;5;159m FPS ([38;5;121m70.77[0m[38;5;159m FPS per env, [38;5;121m1[0m[38;5;159m envs).[0m
[38;5;159m[Genesis] [08:13:31] [INFO] Running at [38;5;121m70.68[0m[38;5;159m FPS ([38;5;121m70.68[0m[38;5;159m FPS per env, [38;5;121m1[0m[38;5;159m envs).[0m
[38;5;159m[Genesis] [08:13:31] [INFO] Running at [38;5;121m70.64[0m[38;5;159m FPS ([38;5;121m70.64[0m[38;5;159m FPS per env, [38;5;121m1[0m[38;5;159m envs).[0m
[38;5;159m[Genesis] [08:13:31] [INFO] Running at [38;5;121m70.41[0m[38;5;159m FPS ([38;5;121m70.41[0m[38;5;159m FPS per env, [38;5;121m1[0m[38;5;159m envs).[0m
[38;5;159m[Genesis] [08:13:31] [INFO] Running at [38;5;121m70.53[0m[38;5;159m FPS ([38;5;121m70.53[0m[38;5;159m FPS per env, [38;5;121m1[0m[38;5;159m envs).[0m
[38;5;159m[Genesis] [08:13:31] [INFO] Running at [38;5;121m70.50[0m[38;5;159m FPS ([38;5;121m70.50[0m[38;5;159m FPS per env, [38;5;121m1[0m[38;5;159m envs).[0m
[38;5;159m[Genesis] [08:13:31] [INFO] Running at [38;5;121m70.45[0m[38;5;159m FPS ([38;5;121m70.45[0m[38;5;159m FPS per env, [38;5;121m1[0m[38;5;159m envs).[0m
[38;5;159m[Genesis] [08:13:32] [INFO] Running at [38;5;121m70.49[0m[38;5;159m FPS ([38;5;121m70.49[0m[38;5;159m FPS per env, [38;5;121m1[0m[38;5;159m envs).[0m
[38;5;159m[Genesis] [08:13:32] [INFO] Running at [38;5;121m70.50[0m[38;5;159m FPS ([38;5;121m70.50[0m[38;5;159m FPS per env, [38;5;121m1[0m[38;5;159m envs).[0m
[38;5;159m[Genesis] [08:13:32] [INFO] Running at [38;5;121m70.48[0m[38;5;159m FPS ([38;5;121m70.48[0m[38;5;159m FPS per env, [38;5;121m1[0m[38;5;159m envs).[0m
[38;5;159m[Genesis] [08:13:32] [INFO] Running at [38;5;121m70.55[0m[38;5;159m FPS ([38;5;121m70.55[0m[38;5;159m FPS per env, [38;5;121m1[0m[38;5;159m envs).[0m
[38;5;159m[Genesis] [08:13:32] [INFO] Running at [38;5;121m70.60[0m[38;5;159m FPS ([38;5;121m70.60[0m[38;5;159m FPS per env, [38;5;121m1[0m[38;5;159m envs).[0m
[38;5;159m[Genesis] [08:13:32] [INFO] Running at [38;5;121m70.54[0m[38;5;159m FPS ([38;5;121m70.54[0m[38;5;159m FPS per env, [38;5;121m1[0m[38;5;159m envs).[0m
[38;5;159m[Genesis] [08:13:32] [INFO] Running at [38;5;121m70.53[0m[38;5;159m FPS ([38;5;121m70.53[0m[38;5;159m FPS per env, [38;5;121m1[0m[38;5;159m envs).[0m
[38;5;159m[Genesis] [08:13:32] [INFO] Running at [38;5;121m70.60[0m[38;5;159m FPS ([38;5;121m70.60[0m[38;5;159m FPS per env, [38;5;121m1[0m[38;5;159m envs).[0m
[38;5;159m[Genesis] [08:13:32] [INFO] Running at [38;5;121m70.66[0m[38;5;159m FPS ([38;5;121m70.66[0m[38;5;159m FPS per env, [38;5;121m1[0m[38;5;159m envs).[0m
[38;5;159m[Genesis] [08:13:32] [INFO] Running at [38;5;121m70.70[0m[38;5;159m FPS ([38;5;121m70.70[0m[38;5;159m FPS per env, [38;5;121m1[0m[38;5;159m envs).[0m
[38;5;159m[Genesis] [08:13:32] [INFO] Running at [38;5;121m70.70[0m[38;5;159m FPS ([38;5;121m70.70[0m[38;5;159m FPS per env, [38;5;121m1[0m[38;5;159m envs).[0m
[38;5;159m[Genesis] [08:13:32] [INFO] Running at [38;5;121m70.69[0m[38;5;159m FPS ([38;5;121m70.69[0m[38;5;159m FPS per env, [38;5;121m1[0m[38;5;159m envs).[0m
[38;5;159m[Genesis] [08:13:32] [INFO] Running at [38;5;121m70.56[0m[38;5;159m FPS ([38;5;121m70.56[0m[38;5;159m FPS per env, [38;5;121m1[0m[38;5;159m envs).[0m
[38;5;159m[Genesis] [08:13:32] [INFO] Running at [38;5;121m70.59[0m[38;5;159m FPS ([38;5;121m70.59[0m[38;5;159m FPS per env, [38;5;121m1[0m[38;5;159m envs).[0m
[38;5;159m[Genesis] [08:13:32] [INFO] Running at [38;5;121m70.53[0m[38;5;159m FPS ([38;5;121m70.53[0m[38;5;159m FPS per env, [38;5;121m1[0m[38;5;159m envs).[0m
[38;5;159m[Genesis] [08:13:32] [INFO] Running at [38;5;121m70.57[0m[38;5;159m FPS ([38;5;121m70.57[0m[38;5;159m FPS per env, [38;5;121m1[0m[38;5;159m envs).[0m
[38;5;159m[Genesis] [08:13:32] [INFO] Running at [38;5;121m70.62[0m[38;5;159m FPS ([38;5;121m70.62[0m[38;5;159m FPS per env, [38;5;121m1[0m[38;5;159m envs).[0m
[38;5;159m[Genesis] [08:13:32] [INFO] Running at [38;5;121m70.48[0m[38;5;159m FPS ([38;5;121m70.48[0m[38;5;159m FPS per env, [38;5;121m1[0m[38;5;159m envs).[0m
[38;5;159m[Genesis] [08:13:33] [INFO] Running at [38;5;121m70.50[0m[38;5;159m FPS ([38;5;121m70.50[0m[38;5;159m FPS per env, [38;5;121m1[0m[38;5;159m envs).[0m
[38;5;159m[Genesis] [08:13:33] [INFO] Running at [38;5;121m70.61[0m[38;5;159m FPS ([38;5;121m70.61[0m[38;5;159m FPS per env, [38;5;121m1[0m[38;5;159m envs).[0m
[38;5;159m[Genesis] [08:13:33] [INFO] Running at [38;5;121m70.72[0m[38;5;159m FPS ([38;5;121m70.72[0m[38;5;159m FPS per env, [38;5;121m1[0m[38;5;159m envs).[0m
[38;5;159m[Genesis] [08:13:33] [INFO] Running at [38;5;121m70.75[0m[38;5;159m FPS ([38;5;121m70.75[0m[38;5;159m FPS per env, [38;5;121m1[0m[38;5;159m envs).[0m
[38;5;159m[Genesis] [08:13:33] [INFO] Running at [38;5;121m70.80[0m[38;5;159m FPS ([38;5;121m70.80[0m[38;5;159m FPS per env, [38;5;121m1[0m[38;5;159m envs).[0m
[38;5;159m[Genesis] [08:13:33] [INFO] Running at [38;5;121m70.85[0m[38;5;159m FPS ([38;5;121m70.85[0m[38;5;159m FPS per env, [38;5;121m1[0m[38;5;159m envs).[0m
[38;5;159m[Genesis] [08:13:33] [INFO] Running at [38;5;121m70.86[0m[38;5;159m FPS ([38;5;121m70.86[0m[38;5;159m FPS per env, [38;5;121m1[0m[38;5;159m envs).[0m
[38;5;159m[Genesis] [08:13:33] [INFO] Running at [38;5;121m70.96[0m[38;5;159m FPS ([38;5;121m70.96[0m[38;5;159m FPS per env, [38;5;121m1[0m[38;5;159m envs).[0m
[38;5;159m[Genesis] [08:13:33] [INFO] Running at [38;5;121m71.09[0m[38;5;159m FPS ([38;5;121m71.09[0m[38;5;159m FPS per env, [38;5;121m1[0m[38;5;159m envs).[0m
[38;5;159m[Genesis] [08:13:33] [INFO] Running at [38;5;121m53.13[0m[38;5;159m FPS ([38;5;121m53.13[0m[38;5;159m FPS per env, [38;5;121m1[0m[38;5;159m envs).[0m
[38;5;159m[Genesis] [08:13:33] [INFO] Running at [38;5;121m70.95[0m[38;5;159m FPS ([38;5;121m70.95[0m[38;5;159m FPS per env, [38;5;121m1[0m[38;5;159m envs).[0m
[38;5;159m[Genesis] [08:13:33] [INFO] Running at [38;5;121m70.98[0m[38;5;159m FPS ([38;5;121m70.98[0m[38;5;159m FPS per env, [38;5;121m1[0m[38;5;159m envs).[0m
[38;5;159m[Genesis] [08:13:33] [INFO] Running at [38;5;121m70.96[0m[38;5;159m FPS ([38;5;121m70.96[0m[38;5;159m FPS per env, [38;5;121m1[0m[38;5;159m envs).[0m
[38;5;159m[Genesis] [08:13:33] [INFO] Running at [38;5;121m70.87[0m[38;5;159m FPS ([38;5;121m70.87[0m[38;5;159m FPS per env, [38;5;121m1[0m[38;5;159m envs).[0m
[38;5;159m[Genesis] [08:13:33] [INFO] Running at [38;5;121m70.81[0m[38;5;159m FPS ([38;5;121m70.81[0m[38;5;159m FPS per env, [38;5;121m1[0m[38;5;159m envs).[0m
[38;5;159m[Genesis] [08:13:33] [INFO] Running at [38;5;121m70.83[0m[38;5;159m FPS ([38;5;121m70.83[0m[38;5;159m FPS per env, [38;5;121m1[0m[38;5;159m envs).[0m
[38;5;159m[Genesis] [08:13:33] [INFO] Running at [38;5;121m70.92[0m[38;5;159m FPS ([38;5;121m70.92[0m[38;5;159m FPS per env, [38;5;121m1[0m[38;5;159m envs).[0m
[38;5;159m[Genesis] [08:13:33] [INFO] Running at [38;5;121m70.94[0m[38;5;159m FPS ([38;5;121m70.94[0m[38;5;159m FPS per env, [38;5;121m1[0m[38;5;159m envs).[0m
[38;5;159m[Genesis] [08:13:34] [INFO] Running at [38;5;121m71.01[0m[38;5;159m FPS ([38;5;121m71.01[0m[38;5;159m FPS per env, [38;5;121m1[0m[38;5;159m envs).[0m
[38;5;159m[Genesis] [08:13:34] [INFO] Running at [38;5;121m71.06[0m[38;5;159m FPS ([38;5;121m71.06[0m[38;5;159m FPS per env, [38;5;121m1[0m[38;5;159m envs).[0m
[38;5;159m[Genesis] [08:13:34] [INFO] Running at [38;5;121m71.11[0m[38;5;159m FPS ([38;5;121m71.11[0m[38;5;159m FPS per env, [38;5;121m1[0m[38;5;159m envs).[0m
[38;5;159m[Genesis] [08:13:34] [INFO] Running at [38;5;121m71.07[0m[38;5;159m FPS ([38;5;121m71.07[0m[38;5;159m FPS per env, [38;5;121m1[0m[38;5;159m envs).[0m
[38;5;159m[Genesis] [08:13:34] [INFO] Running at [38;5;121m71.15[0m[38;5;159m FPS ([38;5;121m71.15[0m[38;5;159m FPS per env, [38;5;121m1[0m[38;5;159m envs).[0m
[38;5;159m[Genesis] [08:13:34] [INFO] Running at [38;5;121m71.24[0m[38;5;159m FPS ([38;5;121m71.24[0m[38;5;159m FPS per env, [38;5;121m1[0m[38;5;159m envs).[0m
[38;5;159m[Genesis] [08:13:34] [INFO] Running at [38;5;121m71.37[0m[38;5;159m FPS ([38;5;121m71.37[0m[38;5;159m FPS per env, [38;5;121m1[0m[38;5;159m envs).[0m
[38;5;159m[Genesis] [08:13:34] [INFO] Running at [38;5;121m71.48[0m[38;5;159m FPS ([38;5;121m71.48[0m[38;5;159m FPS per env, [38;5;121m1[0m[38;5;159m envs).[0m
[38;5;159m[Genesis] [08:13:34] [INFO] Running at [38;5;121m71.63[0m[38;5;159m FPS ([38;5;121m71.63[0m[38;5;159m FPS per env, [38;5;121m1[0m[38;5;159m envs).[0m
[38;5;159m[Genesis] [08:13:34] [INFO] Running at [38;5;121m71.73[0m[38;5;159m FPS ([38;5;121m71.73[0m[38;5;159m FPS per env, [38;5;121m1[0m[38;5;159m envs).[0m
[38;5;159m[Genesis] [08:13:34] [INFO] Running at [38;5;121m71.79[0m[38;5;159m FPS ([38;5;121m71.79[0m[38;5;159m FPS per env, [38;5;121m1[0m[38;5;159m envs).[0m
[38;5;159m[Genesis] [08:13:34] [INFO] Running at [38;5;121m71.56[0m[38;5;159m FPS ([38;5;121m71.56[0m[38;5;159m FPS per env, [38;5;121m1[0m[38;5;159m envs).[0m
[38;5;159m[Genesis] [08:13:34] [INFO] Running at [38;5;121m71.48[0m[38;5;159m FPS ([38;5;121m71.48[0m[38;5;159m FPS per env, [38;5;121m1[0m[38;5;159m envs).[0m
[38;5;159m[Genesis] [08:13:34] [INFO] Running at [38;5;121m71.45[0m[38;5;159m FPS ([38;5;121m71.45[0m[38;5;159m FPS per env, [38;5;121m1[0m[38;5;159m envs).[0m
[38;5;159m[Genesis] [08:13:34] [INFO] Running at [38;5;121m71.46[0m[38;5;159m FPS ([38;5;121m71.46[0m[38;5;159m FPS per env, [38;5;121m1[0m[38;5;159m envs).[0m
[38;5;159m[Genesis] [08:13:34] [INFO] Running at [38;5;121m71.48[0m[38;5;159m FPS ([38;5;121m71.48[0m[38;5;159m FPS per env, [38;5;121m1[0m[38;5;159m envs).[0m
[38;5;159m[Genesis] [08:13:34] [INFO] Running at [38;5;121m71.54[0m[38;5;159m FPS ([38;5;121m71.54[0m[38;5;159m FPS per env, [38;5;121m1[0m[38;5;159m envs).[0m
[38;5;159m[Genesis] [08:13:34] [INFO] Running at [38;5;121m71.52[0m[38;5;159m FPS ([38;5;121m71.52[0m[38;5;159m FPS per env, [38;5;121m1[0m[38;5;159m envs).[0m
[38;5;159m[Genesis] [08:13:35] [INFO] Running at [38;5;121m71.47[0m[38;5;159m FPS ([38;5;121m71.47[0m[38;5;159m FPS per env, [38;5;121m1[0m[38;5;159m envs).[0m
[38;5;159m[Genesis] [08:13:35] [INFO] Running at [38;5;121m71.42[0m[38;5;159m FPS ([38;5;121m71.42[0m[38;5;159m FPS per env, [38;5;121m1[0m[38;5;159m envs).[0m
[38;5;159m[Genesis] [08:13:35] [INFO] Running at [38;5;121m71.31[0m[38;5;159m FPS ([38;5;121m71.31[0m[38;5;159m FPS per env, [38;5;121m1[0m[38;5;159m envs).[0m
[38;5;159m[Genesis] [08:13:35] [INFO] Running at [38;5;121m71.21[0m[38;5;159m FPS ([38;5;121m71.21[0m[38;5;159m FPS per env, [38;5;121m1[0m[38;5;159m envs).[0m
[38;5;159m[Genesis] [08:13:35] [INFO] Running at [38;5;121m71.21[0m[38;5;159m FPS ([38;5;121m71.21[0m[38;5;159m FPS per env, [38;5;121m1[0m[38;5;159m envs).[0m
[38;5;159m[Genesis] [08:13:35] [INFO] Running at [38;5;121m71.24[0m[38;5;159m FPS ([38;5;121m71.24[0m[38;5;159m FPS per env, [38;5;121m1[0m[38;5;159m envs).[0m
[38;5;159m[Genesis] [08:13:35] [INFO] Running at [38;5;121m71.04[0m[38;5;159m FPS ([38;5;121m71.04[0m[38;5;159m FPS per env, [38;5;121m1[0m[38;5;159m envs).[0m
[38;5;159m[Genesis] [08:13:35] [INFO] Running at [38;5;121m71.05[0m[38;5;159m FPS ([38;5;121m71.05[0m[38;5;159m FPS per env, [38;5;121m1[0m[38;5;159m envs).[0m
[38;5;159m[Genesis] [08:13:35] [INFO] Running at [38;5;121m71.03[0m[38;5;159m FPS ([38;5;121m71.03[0m[38;5;159m FPS per env, [38;5;121m1[0m[38;5;159m envs).[0m
[38;5;159m[Genesis] [08:13:35] [INFO] Running at [38;5;121m71.03[0m[38;5;159m FPS ([38;5;121m71.03[0m[38;5;159m FPS per env, [38;5;121m1[0m[38;5;159m envs).[0m
[38;5;159m[Genesis] [08:13:35] [INFO] Running at [38;5;121m71.07[0m[38;5;159m FPS ([38;5;121m71.07[0m[38;5;159m FPS per env, [38;5;121m1[0m[38;5;159m envs).[0m
[38;5;159m[Genesis] [08:13:35] [INFO] Running at [38;5;121m71.14[0m[38;5;159m FPS ([38;5;121m71.14[0m[38;5;159m FPS per env, [38;5;121m1[0m[38;5;159m envs).[0m
[38;5;159m[Genesis] [08:13:35] [INFO] Running at [38;5;121m71.19[0m[38;5;159m FPS ([38;5;121m71.19[0m[38;5;159m FPS per env, [38;5;121m1[0m[38;5;159m envs).[0m
[38;5;159m[Genesis] [08:13:35] [INFO] Running at [38;5;121m71.22[0m[38;5;159m FPS ([38;5;121m71.22[0m[38;5;159m FPS per env, [38;5;121m1[0m[38;5;159m envs).[0m
[38;5;159m[Genesis] [08:13:35] [INFO] Running at [38;5;121m71.29[0m[38;5;159m FPS ([38;5;121m71.29[0m[38;5;159m FPS per env, [38;5;121m1[0m[38;5;159m envs).[0m
[38;5;159m[Genesis] [08:13:35] [INFO] Running at [38;5;121m71.30[0m[38;5;159m FPS ([38;5;121m71.30[0m[38;5;159m FPS per env, [38;5;121m1[0m[38;5;159m envs).[0m
[38;5;159m[Genesis] [08:13:35] [INFO] Running at [38;5;121m71.28[0m[38;5;159m FPS ([38;5;121m71.28[0m[38;5;159m FPS per env, [38;5;121m1[0m[38;5;159m envs).[0m
[38;5;159m[Genesis] [08:13:35] [INFO] Running at [38;5;121m71.27[0m[38;5;159m FPS ([38;5;121m71.27[0m[38;5;159m FPS per env, [38;5;121m1[0m[38;5;159m envs).[0m
[38;5;159m[Genesis] [08:13:36] [INFO] Running at [38;5;121m71.15[0m[38;5;159m FPS ([38;5;121m71.15[0m[38;5;159m FPS per env, [38;5;121m1[0m[38;5;159m envs).[0m
[38;5;159m[Genesis] [08:13:36] [INFO] Running at [38;5;121m71.23[0m[38;5;159m FPS ([38;5;121m71.23[0m[38;5;159m FPS per env, [38;5;121m1[0m[38;5;159m envs).[0m
[38;5;159m[Genesis] [08:13:36] [INFO] Running at [38;5;121m71.29[0m[38;5;159m FPS ([38;5;121m71.29[0m[38;5;159m FPS per env, [38;5;121m1[0m[38;5;159m envs).[0m
[38;5;159m[Genesis] [08:13:36] [INFO] Running at [38;5;121m71.36[0m[38;5;159m FPS ([38;5;121m71.36[0m[38;5;159m FPS per env, [38;5;121m1[0m[38;5;159m envs).[0m
[38;5;159m[Genesis] [08:13:36] [INFO] Running at [38;5;121m71.39[0m[38;5;159m FPS ([38;5;121m71.39[0m[38;5;159m FPS per env, [38;5;121m1[0m[38;5;159m envs).[0m
[38;5;159m[Genesis] [08:13:36] [INFO] Running at [38;5;121m71.45[0m[38;5;159m FPS ([38;5;121m71.45[0m[38;5;159m FPS per env, [38;5;121m1[0m[38;5;159m envs).[0m
[38;5;159m[Genesis] [08:13:36] [INFO] Running at [38;5;121m71.48[0m[38;5;159m FPS ([38;5;121m71.48[0m[38;5;159m FPS per env, [38;5;121m1[0m[38;5;159m envs).[0m
[38;5;159m[Genesis] [08:13:36] [INFO] Running at [38;5;121m71.44[0m[38;5;159m FPS ([38;5;121m71.44[0m[38;5;159m FPS per env, [38;5;121m1[0m[38;5;159m envs).[0m
[38;5;159m[Genesis] [08:13:36] [INFO] Running at [38;5;121m71.40[0m[38;5;159m FPS ([38;5;121m71.40[0m[38;5;159m FPS per env, [38;5;121m1[0m[38;5;159m envs).[0m
[38;5;159m[Genesis] [08:13:36] [INFO] Running at [38;5;121m71.37[0m[38;5;159m FPS ([38;5;121m71.37[0m[38;5;159m FPS per env, [38;5;121m1[0m[38;5;159m envs).[0m
[38;5;159m[Genesis] [08:13:36] [INFO] Running at [38;5;121m71.28[0m[38;5;159m FPS ([38;5;121m71.28[0m[38;5;159m FPS per env, [38;5;121m1[0m[38;5;159m envs).[0m
[38;5;159m[Genesis] [08:13:36] [INFO] Running at [38;5;121m71.33[0m[38;5;159m FPS ([38;5;121m71.33[0m[38;5;159m FPS per env, [38;5;121m1[0m[38;5;159m envs).[0m
[38;5;159m[Genesis] [08:13:36] [INFO] Running at [38;5;121m71.49[0m[38;5;159m FPS ([38;5;121m71.49[0m[38;5;159m FPS per env, [38;5;121m1[0m[38;5;159m envs).[0m
[38;5;159m[Genesis] [08:13:36] [INFO] Running at [38;5;121m71.57[0m[38;5;159m FPS ([38;5;121m71.57[0m[38;5;159m FPS per env, [38;5;121m1[0m[38;5;159m envs).[0m
[38;5;159m[Genesis] [08:13:36] [INFO] Running at [38;5;121m71.61[0m[38;5;159m FPS ([38;5;121m71.61[0m[38;5;159m FPS per env, [38;5;121m1[0m[38;5;159m envs).[0m
[38;5;159m[Genesis] [08:13:36] [INFO] Running at [38;5;121m71.73[0m[38;5;159m FPS ([38;5;121m71.73[0m[38;5;159m FPS per env, [38;5;121m1[0m[38;5;159m envs).[0m
[38;5;159m[Genesis] [08:13:36] [INFO] Running at [38;5;121m71.87[0m[38;5;159m FPS ([38;5;121m71.87[0m[38;5;159m FPS per env, [38;5;121m1[0m[38;5;159m envs).[0m
[38;5;159m[Genesis] [08:13:36] [INFO] Running at [38;5;121m72.02[0m[38;5;159m FPS ([38;5;121m72.02[0m[38;5;159m FPS per env, [38;5;121m1[0m[38;5;159m envs).[0m
[38;5;159m[Genesis] [08:13:37] [INFO] Running at [38;5;121m72.13[0m[38;5;159m FPS ([38;5;121m72.13[0m[38;5;159m FPS per env, [38;5;121m1[0m[38;5;159m envs).[0m
[38;5;159m[Genesis] [08:13:37] [INFO] Running at [38;5;121m72.19[0m[38;5;159m FPS ([38;5;121m72.19[0m[38;5;159m FPS per env, [38;5;121m1[0m[38;5;159m envs).[0m
[38;5;159m[Genesis] [08:13:37] [INFO] Running at [38;5;121m72.21[0m[38;5;159m FPS ([38;5;121m72.21[0m[38;5;159m FPS per env, [38;5;121m1[0m[38;5;159m envs).[0m
[38;5;159m[Genesis] [08:13:37] [INFO] Running at [38;5;121m72.22[0m[38;5;159m FPS ([38;5;121m72.22[0m[38;5;159m FPS per env, [38;5;121m1[0m[38;5;159m envs).[0m
[38;5;159m[Genesis] [08:13:37] [INFO] Running at [38;5;121m72.18[0m[38;5;159m FPS ([38;5;121m72.18[0m[38;5;159m FPS per env, [38;5;121m1[0m[38;5;159m envs).[0m
[38;5;159m[Genesis] [08:13:37] [INFO] Running at [38;5;121m72.10[0m[38;5;159m FPS ([38;5;121m72.10[0m[38;5;159m FPS per env, [38;5;121m1[0m[38;5;159m envs).[0m
[38;5;159m[Genesis] [08:13:37] [INFO] Running at [38;5;121m71.90[0m[38;5;159m FPS ([38;5;121m71.90[0m[38;5;159m FPS per env, [38;5;121m1[0m[38;5;159m envs).[0m
fps 50
[38;5;159m[Genesis] [08:13:37] [INFO] Saving video to [38;5;121m"test_3200_4.0_-0.8_behind.mp4"[0m[38;5;159m...[0m
[38;5;159m[Genesis] [08:13:39] [INFO] Video saved.[0m
[38;5;159m[Genesis] [08:13:39] [INFO] Saving video to [38;5;121m"test_3200_4.0_-0.8_side.mp4"[0m[38;5;159m...[0m
[38;5;159m[Genesis] [08:13:41] [INFO] Video saved.[0m
Saved recordings for checkpoint 3200.
Final yaw-rate error: 0.30 deg/s
[38;5;159m[Genesis] [08:13:42] [INFO] 💤 Exiting Genesis and caching compiled kernels...[0m
