[38;5;159m[Genesis] [11:41:45] [INFO] [38;5;121m╭───────────────────────────────────────────────╮[0m[38;5;159m[0m
[38;5;159m[Genesis] [11:41:45] [INFO] [38;5;121m│┈┉┈┉┈┉┈┉┈┉┈┉┈┉┈┉┈┉┈[0m[38;5;159m [38;5;121m[1m[3mGenesis[0m[38;5;159m [38;5;121m┈┉┈┉┈┉┈┉┈┉┈┉┈┉┈┉┈┉┈│[0m[38;5;159m[0m
[38;5;159m[Genesis] [11:41:45] [INFO] [38;5;121m╰───────────────────────────────────────────────╯[0m[38;5;159m[0m
[38;5;159m[Genesis] [11:41:45] [INFO] Running on [38;5;121m[4m[NVIDIA GeForce RTX 5090][0m[38;5;159m with backend [38;5;121m[4mgs.cuda[0m[38;5;159m. Device memory: [38;5;121m[4m31.36[0m[38;5;159m GB.[0m
[38;5;159m[Genesis] [11:41:45] [INFO] 🚀 Genesis initialized. 🔖 version: [38;5;121m[4m0.4.7[0m[38;5;159m, 🎨 theme: [38;5;121m[4mdark[0m[38;5;159m, 🌱 seed: [38;5;121m[4mNone[0m[38;5;159m, 🐛 debug: [38;5;121m[4mFalse[0m[38;5;159m, 📏 precision: [38;5;121m[4m32[0m[38;5;159m, 🔥 performance: [38;5;121m[4mFalse[0m[38;5;159m, 💬 verbose: [38;5;121m[4mINFO[0m[38;5;159m[0m
[38;5;226m[Genesis] [11:41:48] [WARNING] Viewer option 'n_rendered_envs' is deprecated and will be removed in a future release. Please use 'rendered_envs_idx' instead.[0m
[38;5;159m[Genesis] [11:41:49] [INFO] Scene [38;5;121m[3m<d0f022f>[0m[38;5;159m created.[0m
[38;5;159m[Genesis] [11:41:49] [INFO] Adding [38;5;121m<gs.engine.entities.RigidEntity>[0m[38;5;159m. idx: [38;5;121m0[0m[38;5;159m, uid: [38;5;121m[3m<715c3c8>[0m[38;5;159m, morph: [38;5;121m<gs.morphs.URDF(file='/home/jfriesen/.local/lib/python3.12/site-packages/genesis/assets/urdf/plane/plane.urdf')>[0m[38;5;159m, material: [38;5;121m<gs.materials.Rigid>[0m[38;5;159m.[0m
[38;5;159m[Genesis] [11:41:49] [INFO] Adding [38;5;121m<gs.engine.entities.RigidEntity>[0m[38;5;159m. idx: [38;5;121m1[0m[38;5;159m, uid: [38;5;121m[3m<6528b36>[0m[38;5;159m, morph: [38;5;121m<gs.morphs.Cylinder>[0m[38;5;159m, material: [38;5;121m<gs.materials.Rigid>[0m[38;5;159m.[0m
[38;5;159m[Genesis] [11:41:49] [INFO] Adding [38;5;121m<gs.engine.entities.RigidEntity>[0m[38;5;159m. idx: [38;5;121m2[0m[38;5;159m, uid: [38;5;121m[3m<c809c0a>[0m[38;5;159m, morph: [38;5;121m<gs.morphs.Cylinder>[0m[38;5;159m, material: [38;5;121m<gs.materials.Rigid>[0m[38;5;159m.[0m
[38;5;159m[Genesis] [11:41:49] [INFO] Adding [38;5;121m<gs.engine.entities.RigidEntity>[0m[38;5;159m. idx: [38;5;121m3[0m[38;5;159m, uid: [38;5;121m[3m<c7af6e1>[0m[38;5;159m, morph: [38;5;121m<gs.morphs.Cylinder>[0m[38;5;159m, material: [38;5;121m<gs.materials.Rigid>[0m[38;5;159m.[0m
[38;5;159m[Genesis] [11:41:49] [INFO] Adding [38;5;121m<gs.engine.entities.RigidEntity>[0m[38;5;159m. idx: [38;5;121m4[0m[38;5;159m, uid: [38;5;121m[3m<59ce557>[0m[38;5;159m, morph: [38;5;121m<gs.morphs.Cylinder>[0m[38;5;159m, material: [38;5;121m<gs.materials.Rigid>[0m[38;5;159m.[0m
[38;5;159m[Genesis] [11:41:49] [INFO] Adding [38;5;121m<gs.engine.entities.RigidEntity>[0m[38;5;159m. idx: [38;5;121m5[0m[38;5;159m, uid: [38;5;121m[3m<6bebccf>[0m[38;5;159m, morph: [38;5;121m<gs.morphs.Cylinder>[0m[38;5;159m, material: [38;5;121m<gs.materials.Rigid>[0m[38;5;159m.[0m
[38;5;159m[Genesis] [11:41:49] [INFO] Adding [38;5;121m<gs.engine.entities.RigidEntity>[0m[38;5;159m. idx: [38;5;121m6[0m[38;5;159m, uid: [38;5;121m[3m<84f74e0>[0m[38;5;159m, morph: [38;5;121m<gs.morphs.Cylinder>[0m[38;5;159m, material: [38;5;121m<gs.materials.Rigid>[0m[38;5;159m.[0m
[38;5;159m[Genesis] [11:41:49] [INFO] Adding [38;5;121m<gs.engine.entities.RigidEntity>[0m[38;5;159m. idx: [38;5;121m7[0m[38;5;159m, uid: [38;5;121m[3m<15083da>[0m[38;5;159m, morph: [38;5;121m<gs.morphs.Cylinder>[0m[38;5;159m, material: [38;5;121m<gs.materials.Rigid>[0m[38;5;159m.[0m
[38;5;159m[Genesis] [11:41:49] [INFO] Adding [38;5;121m<gs.engine.entities.RigidEntity>[0m[38;5;159m. idx: [38;5;121m8[0m[38;5;159m, uid: [38;5;121m[3m<85e932b>[0m[38;5;159m, morph: [38;5;121m<gs.morphs.Cylinder>[0m[38;5;159m, material: [38;5;121m<gs.materials.Rigid>[0m[38;5;159m.[0m
[38;5;159m[Genesis] [11:41:49] [INFO] Adding [38;5;121m<gs.engine.entities.RigidEntity>[0m[38;5;159m. idx: [38;5;121m9[0m[38;5;159m, uid: [38;5;121m[3m<11ea77f>[0m[38;5;159m, morph: [38;5;121m<gs.morphs.URDF(file='/home/jfriesen/.local/lib/python3.12/site-packages/genesis/assets/urdf/go2/urdf/go2.urdf')>[0m[38;5;159m, material: [38;5;121m<gs.materials.Rigid>[0m[38;5;159m.[0m
[38;5;159m[Genesis] [11:41:52] [INFO] Building scene [38;5;121m[3m<d0f022f>[0m[38;5;159m...[0m
[38;5;226m[Genesis] [11:41:52] [WARNING] Neutral robot position (qpos0) exceeds joint limits.[0m
[38;5;159m[Genesis] [11:41:53] [INFO] Compiling simulation kernels...[0m
[38;5;159m[Genesis] [11:41:54] [INFO] Building visualizer...[0m
[38;5;226m[Genesis] [11:41:55] [WARNING] This property is deprecated and will be removed in future release. Please use 'dofs_idx_local' instead.[0m
[38;5;226m[Genesis] [11:41:55] [WARNING] This property is deprecated and will be removed in future release. Please use 'dofs_idx_local' instead.[0m
[38;5;226m[Genesis] [11:41:55] [WARNING] This property is deprecated and will be removed in future release. Please use 'dofs_idx_local' instead.[0m
[38;5;226m[Genesis] [11:41:55] [WARNING] This property is deprecated and will be removed in future release. Please use 'dofs_idx_local' instead.[0m
[38;5;226m[Genesis] [11:41:55] [WARNING] This property is deprecated and will be removed in future release. Please use 'dofs_idx_local' instead.[0m
[38;5;226m[Genesis] [11:41:55] [WARNING] This property is deprecated and will be removed in future release. Please use 'dofs_idx_local' instead.[0m
[38;5;226m[Genesis] [11:41:55] [WARNING] This property is deprecated and will be removed in future release. Please use 'dofs_idx_local' instead.[0m
[38;5;226m[Genesis] [11:41:55] [WARNING] This property is deprecated and will be removed in future release. Please use 'dofs_idx_local' instead.[0m
[38;5;226m[Genesis] [11:41:55] [WARNING] This property is deprecated and will be removed in future release. Please use 'dofs_idx_local' instead.[0m
[38;5;226m[Genesis] [11:41:55] [WARNING] This property is deprecated and will be removed in future release. Please use 'dofs_idx_local' instead.[0m
[38;5;226m[Genesis] [11:41:55] [WARNING] This property is deprecated and will be removed in future release. Please use 'dofs_idx_local' instead.[0m
[38;5;226m[Genesis] [11:41:55] [WARNING] This property is deprecated and will be removed in future release. Please use 'dofs_idx_local' instead.[0m
/home/jfriesen/.local/lib/python3.12/site-packages/torch/utils/_device.py:122: UserWarning: To copy construct from a tensor, it is recommended to use sourceTensor.detach().clone() or sourceTensor.detach().clone().requires_grad_(True), rather than torch.tensor(sourceTensor).
  return func(*args, **kwargs)
Actor MLP: Sequential(
  (0): Linear(in_features=53, out_features=512, bias=True)
  (1): ELU(alpha=1.0)
  (2): Linear(in_features=512, out_features=256, bias=True)
  (3): ELU(alpha=1.0)
  (4): Linear(in_features=256, out_features=128, bias=True)
  (5): ELU(alpha=1.0)
  (6): Linear(in_features=128, out_features=12, bias=True)
)
Critic MLP: Sequential(
  (0): Linear(in_features=77, out_features=512, bias=True)
  (1): ELU(alpha=1.0)
  (2): Linear(in_features=512, out_features=256, bias=True)
  (3): ELU(alpha=1.0)
  (4): Linear(in_features=256, out_features=128, bias=True)
  (5): ELU(alpha=1.0)
  (6): Linear(in_features=128, out_features=1, bias=True)
)
[38;5;159m[Genesis] [11:41:57] [INFO] Running at [38;5;121m1.24[0m[38;5;159m FPS ([38;5;121m1.24[0m[38;5;159m FPS per env, [38;5;121m1[0m[38;5;159m envs).[0m
[38;5;159m[Genesis] [11:41:57] [INFO] Running at [38;5;121m6.66[0m[38;5;159m FPS ([38;5;121m6.66[0m[38;5;159m FPS per env, [38;5;121m1[0m[38;5;159m envs).[0m
[38;5;159m[Genesis] [11:41:58] [INFO] Running at [38;5;121m72.60[0m[38;5;159m FPS ([38;5;121m72.60[0m[38;5;159m FPS per env, [38;5;121m1[0m[38;5;159m envs).[0m
[38;5;159m[Genesis] [11:41:58] [INFO] Running at [38;5;121m72.17[0m[38;5;159m FPS ([38;5;121m72.17[0m[38;5;159m FPS per env, [38;5;121m1[0m[38;5;159m envs).[0m
[38;5;159m[Genesis] [11:41:58] [INFO] Running at [38;5;121m71.97[0m[38;5;159m FPS ([38;5;121m71.97[0m[38;5;159m FPS per env, [38;5;121m1[0m[38;5;159m envs).[0m
[38;5;159m[Genesis] [11:41:58] [INFO] Running at [38;5;121m71.80[0m[38;5;159m FPS ([38;5;121m71.80[0m[38;5;159m FPS per env, [38;5;121m1[0m[38;5;159m envs).[0m
[38;5;159m[Genesis] [11:41:58] [INFO] Running at [38;5;121m71.43[0m[38;5;159m FPS ([38;5;121m71.43[0m[38;5;159m FPS per env, [38;5;121m1[0m[38;5;159m envs).[0m
[38;5;159m[Genesis] [11:41:58] [INFO] Running at [38;5;121m71.31[0m[38;5;159m FPS ([38;5;121m71.31[0m[38;5;159m FPS per env, [38;5;121m1[0m[38;5;159m envs).[0m
[38;5;159m[Genesis] [11:41:58] [INFO] Running at [38;5;121m71.02[0m[38;5;159m FPS ([38;5;121m71.02[0m[38;5;159m FPS per env, [38;5;121m1[0m[38;5;159m envs).[0m
[38;5;159m[Genesis] [11:41:58] [INFO] Running at [38;5;121m70.97[0m[38;5;159m FPS ([38;5;121m70.97[0m[38;5;159m FPS per env, [38;5;121m1[0m[38;5;159m envs).[0m
[38;5;159m[Genesis] [11:41:58] [INFO] Running at [38;5;121m70.55[0m[38;5;159m FPS ([38;5;121m70.55[0m[38;5;159m FPS per env, [38;5;121m1[0m[38;5;159m envs).[0m
[38;5;159m[Genesis] [11:41:58] [INFO] Running at [38;5;121m70.19[0m[38;5;159m FPS ([38;5;121m70.19[0m[38;5;159m FPS per env, [38;5;121m1[0m[38;5;159m envs).[0m
[38;5;159m[Genesis] [11:41:58] [INFO] Running at [38;5;121m69.91[0m[38;5;159m FPS ([38;5;121m69.91[0m[38;5;159m FPS per env, [38;5;121m1[0m[38;5;159m envs).[0m
[38;5;159m[Genesis] [11:41:58] [INFO] Running at [38;5;121m69.89[0m[38;5;159m FPS ([38;5;121m69.89[0m[38;5;159m FPS per env, [38;5;121m1[0m[38;5;159m envs).[0m
[38;5;159m[Genesis] [11:41:58] [INFO] Running at [38;5;121m69.97[0m[38;5;159m FPS ([38;5;121m69.97[0m[38;5;159m FPS per env, [38;5;121m1[0m[38;5;159m envs).[0m
[38;5;159m[Genesis] [11:41:58] [INFO] Running at [38;5;121m69.76[0m[38;5;159m FPS ([38;5;121m69.76[0m[38;5;159m FPS per env, [38;5;121m1[0m[38;5;159m envs).[0m
[38;5;159m[Genesis] [11:41:58] [INFO] Running at [38;5;121m69.45[0m[38;5;159m FPS ([38;5;121m69.45[0m[38;5;159m FPS per env, [38;5;121m1[0m[38;5;159m envs).[0m
[38;5;159m[Genesis] [11:41:58] [INFO] Running at [38;5;121m69.10[0m[38;5;159m FPS ([38;5;121m69.10[0m[38;5;159m FPS per env, [38;5;121m1[0m[38;5;159m envs).[0m
[38;5;159m[Genesis] [11:41:58] [INFO] Running at [38;5;121m68.89[0m[38;5;159m FPS ([38;5;121m68.89[0m[38;5;159m FPS per env, [38;5;121m1[0m[38;5;159m envs).[0m
[38;5;159m[Genesis] [11:41:59] [INFO] Running at [38;5;121m68.68[0m[38;5;159m FPS ([38;5;121m68.68[0m[38;5;159m FPS per env, [38;5;121m1[0m[38;5;159m envs).[0m
[38;5;159m[Genesis] [11:41:59] [INFO] Running at [38;5;121m68.37[0m[38;5;159m FPS ([38;5;121m68.37[0m[38;5;159m FPS per env, [38;5;121m1[0m[38;5;159m envs).[0m
[38;5;159m[Genesis] [11:41:59] [INFO] Running at [38;5;121m68.26[0m[38;5;159m FPS ([38;5;121m68.26[0m[38;5;159m FPS per env, [38;5;121m1[0m[38;5;159m envs).[0m
[38;5;159m[Genesis] [11:41:59] [INFO] Running at [38;5;121m68.33[0m[38;5;159m FPS ([38;5;121m68.33[0m[38;5;159m FPS per env, [38;5;121m1[0m[38;5;159m envs).[0m
[38;5;159m[Genesis] [11:41:59] [INFO] Running at [38;5;121m68.47[0m[38;5;159m FPS ([38;5;121m68.47[0m[38;5;159m FPS per env, [38;5;121m1[0m[38;5;159m envs).[0m
[38;5;159m[Genesis] [11:41:59] [INFO] Running at [38;5;121m68.87[0m[38;5;159m FPS ([38;5;121m68.87[0m[38;5;159m FPS per env, [38;5;121m1[0m[38;5;159m envs).[0m
[38;5;159m[Genesis] [11:41:59] [INFO] Running at [38;5;121m69.22[0m[38;5;159m FPS ([38;5;121m69.22[0m[38;5;159m FPS per env, [38;5;121m1[0m[38;5;159m envs).[0m
[38;5;159m[Genesis] [11:41:59] [INFO] Running at [38;5;121m69.57[0m[38;5;159m FPS ([38;5;121m69.57[0m[38;5;159m FPS per env, [38;5;121m1[0m[38;5;159m envs).[0m
[38;5;159m[Genesis] [11:41:59] [INFO] Running at [38;5;121m69.90[0m[38;5;159m FPS ([38;5;121m69.90[0m[38;5;159m FPS per env, [38;5;121m1[0m[38;5;159m envs).[0m
[38;5;159m[Genesis] [11:41:59] [INFO] Running at [38;5;121m69.67[0m[38;5;159m FPS ([38;5;121m69.67[0m[38;5;159m FPS per env, [38;5;121m1[0m[38;5;159m envs).[0m
[38;5;159m[Genesis] [11:41:59] [INFO] Running at [38;5;121m69.51[0m[38;5;159m FPS ([38;5;121m69.51[0m[38;5;159m FPS per env, [38;5;121m1[0m[38;5;159m envs).[0m
[38;5;159m[Genesis] [11:41:59] [INFO] Running at [38;5;121m69.33[0m[38;5;159m FPS ([38;5;121m69.33[0m[38;5;159m FPS per env, [38;5;121m1[0m[38;5;159m envs).[0m
[38;5;159m[Genesis] [11:41:59] [INFO] Running at [38;5;121m69.21[0m[38;5;159m FPS ([38;5;121m69.21[0m[38;5;159m FPS per env, [38;5;121m1[0m[38;5;159m envs).[0m
[38;5;159m[Genesis] [11:41:59] [INFO] Running at [38;5;121m68.97[0m[38;5;159m FPS ([38;5;121m68.97[0m[38;5;159m FPS per env, [38;5;121m1[0m[38;5;159m envs).[0m
[38;5;159m[Genesis] [11:41:59] [INFO] Running at [38;5;121m68.77[0m[38;5;159m FPS ([38;5;121m68.77[0m[38;5;159m FPS per env, [38;5;121m1[0m[38;5;159m envs).[0m
[38;5;159m[Genesis] [11:41:59] [INFO] Running at [38;5;121m68.78[0m[38;5;159m FPS ([38;5;121m68.78[0m[38;5;159m FPS per env, [38;5;121m1[0m[38;5;159m envs).[0m
[38;5;159m[Genesis] [11:41:59] [INFO] Running at [38;5;121m68.90[0m[38;5;159m FPS ([38;5;121m68.90[0m[38;5;159m FPS per env, [38;5;121m1[0m[38;5;159m envs).[0m
[38;5;159m[Genesis] [11:42:00] [INFO] Running at [38;5;121m68.91[0m[38;5;159m FPS ([38;5;121m68.91[0m[38;5;159m FPS per env, [38;5;121m1[0m[38;5;159m envs).[0m
[38;5;159m[Genesis] [11:42:00] [INFO] Running at [38;5;121m69.05[0m[38;5;159m FPS ([38;5;121m69.05[0m[38;5;159m FPS per env, [38;5;121m1[0m[38;5;159m envs).[0m
[38;5;159m[Genesis] [11:42:00] [INFO] Running at [38;5;121m68.87[0m[38;5;159m FPS ([38;5;121m68.87[0m[38;5;159m FPS per env, [38;5;121m1[0m[38;5;159m envs).[0m
[38;5;159m[Genesis] [11:42:00] [INFO] Running at [38;5;121m69.13[0m[38;5;159m FPS ([38;5;121m69.13[0m[38;5;159m FPS per env, [38;5;121m1[0m[38;5;159m envs).[0m
[38;5;159m[Genesis] [11:42:00] [INFO] Running at [38;5;121m69.21[0m[38;5;159m FPS ([38;5;121m69.21[0m[38;5;159m FPS per env, [38;5;121m1[0m[38;5;159m envs).[0m
[38;5;159m[Genesis] [11:42:00] [INFO] Running at [38;5;121m68.93[0m[38;5;159m FPS ([38;5;121m68.93[0m[38;5;159m FPS per env, [38;5;121m1[0m[38;5;159m envs).[0m
[38;5;159m[Genesis] [11:42:00] [INFO] Running at [38;5;121m68.78[0m[38;5;159m FPS ([38;5;121m68.78[0m[38;5;159m FPS per env, [38;5;121m1[0m[38;5;159m envs).[0m
[38;5;159m[Genesis] [11:42:00] [INFO] Running at [38;5;121m68.56[0m[38;5;159m FPS ([38;5;121m68.56[0m[38;5;159m FPS per env, [38;5;121m1[0m[38;5;159m envs).[0m
[38;5;159m[Genesis] [11:42:00] [INFO] Running at [38;5;121m68.26[0m[38;5;159m FPS ([38;5;121m68.26[0m[38;5;159m FPS per env, [38;5;121m1[0m[38;5;159m envs).[0m
[38;5;159m[Genesis] [11:42:00] [INFO] Running at [38;5;121m68.30[0m[38;5;159m FPS ([38;5;121m68.30[0m[38;5;159m FPS per env, [38;5;121m1[0m[38;5;159m envs).[0m
[38;5;159m[Genesis] [11:42:00] [INFO] Running at [38;5;121m68.01[0m[38;5;159m FPS ([38;5;121m68.01[0m[38;5;159m FPS per env, [38;5;121m1[0m[38;5;159m envs).[0m
[38;5;159m[Genesis] [11:42:00] [INFO] Running at [38;5;121m68.04[0m[38;5;159m FPS ([38;5;121m68.04[0m[38;5;159m FPS per env, [38;5;121m1[0m[38;5;159m envs).[0m
[38;5;159m[Genesis] [11:42:00] [INFO] Running at [38;5;121m68.17[0m[38;5;159m FPS ([38;5;121m68.17[0m[38;5;159m FPS per env, [38;5;121m1[0m[38;5;159m envs).[0m
[38;5;159m[Genesis] [11:42:00] [INFO] Running at [38;5;121m68.51[0m[38;5;159m FPS ([38;5;121m68.51[0m[38;5;159m FPS per env, [38;5;121m1[0m[38;5;159m envs).[0m
[38;5;159m[Genesis] [11:42:00] [INFO] Running at [38;5;121m68.88[0m[38;5;159m FPS ([38;5;121m68.88[0m[38;5;159m FPS per env, [38;5;121m1[0m[38;5;159m envs).[0m
[38;5;159m[Genesis] [11:42:00] [INFO] Running at [38;5;121m69.22[0m[38;5;159m FPS ([38;5;121m69.22[0m[38;5;159m FPS per env, [38;5;121m1[0m[38;5;159m envs).[0m
[38;5;159m[Genesis] [11:42:00] [INFO] Running at [38;5;121m69.54[0m[38;5;159m FPS ([38;5;121m69.54[0m[38;5;159m FPS per env, [38;5;121m1[0m[38;5;159m envs).[0m
[38;5;159m[Genesis] [11:42:01] [INFO] Running at [38;5;121m69.63[0m[38;5;159m FPS ([38;5;121m69.63[0m[38;5;159m FPS per env, [38;5;121m1[0m[38;5;159m envs).[0m
[38;5;159m[Genesis] [11:42:01] [INFO] Running at [38;5;121m69.93[0m[38;5;159m FPS ([38;5;121m69.93[0m[38;5;159m FPS per env, [38;5;121m1[0m[38;5;159m envs).[0m
[38;5;159m[Genesis] [11:42:01] [INFO] Running at [38;5;121m70.19[0m[38;5;159m FPS ([38;5;121m70.19[0m[38;5;159m FPS per env, [38;5;121m1[0m[38;5;159m envs).[0m
[38;5;159m[Genesis] [11:42:01] [INFO] Running at [38;5;121m70.43[0m[38;5;159m FPS ([38;5;121m70.43[0m[38;5;159m FPS per env, [38;5;121m1[0m[38;5;159m envs).[0m
[38;5;159m[Genesis] [11:42:01] [INFO] Running at [38;5;121m70.69[0m[38;5;159m FPS ([38;5;121m70.69[0m[38;5;159m FPS per env, [38;5;121m1[0m[38;5;159m envs).[0m
[38;5;159m[Genesis] [11:42:01] [INFO] Running at [38;5;121m70.36[0m[38;5;159m FPS ([38;5;121m70.36[0m[38;5;159m FPS per env, [38;5;121m1[0m[38;5;159m envs).[0m
[38;5;159m[Genesis] [11:42:01] [INFO] Running at [38;5;121m70.25[0m[38;5;159m FPS ([38;5;121m70.25[0m[38;5;159m FPS per env, [38;5;121m1[0m[38;5;159m envs).[0m
[38;5;159m[Genesis] [11:42:01] [INFO] Running at [38;5;121m69.98[0m[38;5;159m FPS ([38;5;121m69.98[0m[38;5;159m FPS per env, [38;5;121m1[0m[38;5;159m envs).[0m
[38;5;159m[Genesis] [11:42:01] [INFO] Running at [38;5;121m69.66[0m[38;5;159m FPS ([38;5;121m69.66[0m[38;5;159m FPS per env, [38;5;121m1[0m[38;5;159m envs).[0m
[38;5;159m[Genesis] [11:42:01] [INFO] Running at [38;5;121m69.22[0m[38;5;159m FPS ([38;5;121m69.22[0m[38;5;159m FPS per env, [38;5;121m1[0m[38;5;159m envs).[0m
[38;5;159m[Genesis] [11:42:01] [INFO] Running at [38;5;121m69.05[0m[38;5;159m FPS ([38;5;121m69.05[0m[38;5;159m FPS per env, [38;5;121m1[0m[38;5;159m envs).[0m
[38;5;159m[Genesis] [11:42:01] [INFO] Running at [38;5;121m69.11[0m[38;5;159m FPS ([38;5;121m69.11[0m[38;5;159m FPS per env, [38;5;121m1[0m[38;5;159m envs).[0m
[38;5;159m[Genesis] [11:42:01] [INFO] Running at [38;5;121m69.25[0m[38;5;159m FPS ([38;5;121m69.25[0m[38;5;159m FPS per env, [38;5;121m1[0m[38;5;159m envs).[0m
[38;5;159m[Genesis] [11:42:01] [INFO] Running at [38;5;121m69.16[0m[38;5;159m FPS ([38;5;121m69.16[0m[38;5;159m FPS per env, [38;5;121m1[0m[38;5;159m envs).[0m
[38;5;159m[Genesis] [11:42:01] [INFO] Running at [38;5;121m68.85[0m[38;5;159m FPS ([38;5;121m68.85[0m[38;5;159m FPS per env, [38;5;121m1[0m[38;5;159m envs).[0m
[38;5;159m[Genesis] [11:42:01] [INFO] Running at [38;5;121m68.59[0m[38;5;159m FPS ([38;5;121m68.59[0m[38;5;159m FPS per env, [38;5;121m1[0m[38;5;159m envs).[0m
[38;5;159m[Genesis] [11:42:01] [INFO] Running at [38;5;121m68.38[0m[38;5;159m FPS ([38;5;121m68.38[0m[38;5;159m FPS per env, [38;5;121m1[0m[38;5;159m envs).[0m
[38;5;159m[Genesis] [11:42:02] [INFO] Running at [38;5;121m68.22[0m[38;5;159m FPS ([38;5;121m68.22[0m[38;5;159m FPS per env, [38;5;121m1[0m[38;5;159m envs).[0m
[38;5;159m[Genesis] [11:42:02] [INFO] Running at [38;5;121m51.53[0m[38;5;159m FPS ([38;5;121m51.53[0m[38;5;159m FPS per env, [38;5;121m1[0m[38;5;159m envs).[0m
[38;5;159m[Genesis] [11:42:02] [INFO] Running at [38;5;121m68.51[0m[38;5;159m FPS ([38;5;121m68.51[0m[38;5;159m FPS per env, [38;5;121m1[0m[38;5;159m envs).[0m
[38;5;159m[Genesis] [11:42:02] [INFO] Running at [38;5;121m68.61[0m[38;5;159m FPS ([38;5;121m68.61[0m[38;5;159m FPS per env, [38;5;121m1[0m[38;5;159m envs).[0m
[38;5;159m[Genesis] [11:42:02] [INFO] Running at [38;5;121m68.75[0m[38;5;159m FPS ([38;5;121m68.75[0m[38;5;159m FPS per env, [38;5;121m1[0m[38;5;159m envs).[0m
[38;5;159m[Genesis] [11:42:02] [INFO] Running at [38;5;121m69.04[0m[38;5;159m FPS ([38;5;121m69.04[0m[38;5;159m FPS per env, [38;5;121m1[0m[38;5;159m envs).[0m
[38;5;159m[Genesis] [11:42:02] [INFO] Running at [38;5;121m69.32[0m[38;5;159m FPS ([38;5;121m69.32[0m[38;5;159m FPS per env, [38;5;121m1[0m[38;5;159m envs).[0m
[38;5;159m[Genesis] [11:42:02] [INFO] Running at [38;5;121m69.62[0m[38;5;159m FPS ([38;5;121m69.62[0m[38;5;159m FPS per env, [38;5;121m1[0m[38;5;159m envs).[0m
[38;5;159m[Genesis] [11:42:02] [INFO] Running at [38;5;121m69.91[0m[38;5;159m FPS ([38;5;121m69.91[0m[38;5;159m FPS per env, [38;5;121m1[0m[38;5;159m envs).[0m
[38;5;159m[Genesis] [11:42:02] [INFO] Running at [38;5;121m69.72[0m[38;5;159m FPS ([38;5;121m69.72[0m[38;5;159m FPS per env, [38;5;121m1[0m[38;5;159m envs).[0m
[38;5;159m[Genesis] [11:42:02] [INFO] Running at [38;5;121m69.47[0m[38;5;159m FPS ([38;5;121m69.47[0m[38;5;159m FPS per env, [38;5;121m1[0m[38;5;159m envs).[0m
[38;5;159m[Genesis] [11:42:02] [INFO] Running at [38;5;121m69.17[0m[38;5;159m FPS ([38;5;121m69.17[0m[38;5;159m FPS per env, [38;5;121m1[0m[38;5;159m envs).[0m
[38;5;159m[Genesis] [11:42:02] [INFO] Running at [38;5;121m68.99[0m[38;5;159m FPS ([38;5;121m68.99[0m[38;5;159m FPS per env, [38;5;121m1[0m[38;5;159m envs).[0m
[38;5;159m[Genesis] [11:42:02] [INFO] Running at [38;5;121m68.80[0m[38;5;159m FPS ([38;5;121m68.80[0m[38;5;159m FPS per env, [38;5;121m1[0m[38;5;159m envs).[0m
[38;5;159m[Genesis] [11:42:02] [INFO] Running at [38;5;121m68.53[0m[38;5;159m FPS ([38;5;121m68.53[0m[38;5;159m FPS per env, [38;5;121m1[0m[38;5;159m envs).[0m
[38;5;159m[Genesis] [11:42:02] [INFO] Running at [38;5;121m68.56[0m[38;5;159m FPS ([38;5;121m68.56[0m[38;5;159m FPS per env, [38;5;121m1[0m[38;5;159m envs).[0m
[38;5;159m[Genesis] [11:42:02] [INFO] Running at [38;5;121m68.47[0m[38;5;159m FPS ([38;5;121m68.47[0m[38;5;159m FPS per env, [38;5;121m1[0m[38;5;159m envs).[0m
[38;5;159m[Genesis] [11:42:02] [INFO] Running at [38;5;121m68.40[0m[38;5;159m FPS ([38;5;121m68.40[0m[38;5;159m FPS per env, [38;5;121m1[0m[38;5;159m envs).[0m
[38;5;159m[Genesis] [11:42:03] [INFO] Running at [38;5;121m68.47[0m[38;5;159m FPS ([38;5;121m68.47[0m[38;5;159m FPS per env, [38;5;121m1[0m[38;5;159m envs).[0m
[38;5;159m[Genesis] [11:42:03] [INFO] Running at [38;5;121m68.78[0m[38;5;159m FPS ([38;5;121m68.78[0m[38;5;159m FPS per env, [38;5;121m1[0m[38;5;159m envs).[0m
[38;5;159m[Genesis] [11:42:03] [INFO] Running at [38;5;121m69.12[0m[38;5;159m FPS ([38;5;121m69.12[0m[38;5;159m FPS per env, [38;5;121m1[0m[38;5;159m envs).[0m
[38;5;159m[Genesis] [11:42:03] [INFO] Running at [38;5;121m69.33[0m[38;5;159m FPS ([38;5;121m69.33[0m[38;5;159m FPS per env, [38;5;121m1[0m[38;5;159m envs).[0m
[38;5;159m[Genesis] [11:42:03] [INFO] Running at [38;5;121m69.48[0m[38;5;159m FPS ([38;5;121m69.48[0m[38;5;159m FPS per env, [38;5;121m1[0m[38;5;159m envs).[0m
[38;5;159m[Genesis] [11:42:03] [INFO] Running at [38;5;121m69.80[0m[38;5;159m FPS ([38;5;121m69.80[0m[38;5;159m FPS per env, [38;5;121m1[0m[38;5;159m envs).[0m
[38;5;159m[Genesis] [11:42:03] [INFO] Running at [38;5;121m70.09[0m[38;5;159m FPS ([38;5;121m70.09[0m[38;5;159m FPS per env, [38;5;121m1[0m[38;5;159m envs).[0m
[38;5;159m[Genesis] [11:42:03] [INFO] Running at [38;5;121m70.38[0m[38;5;159m FPS ([38;5;121m70.38[0m[38;5;159m FPS per env, [38;5;121m1[0m[38;5;159m envs).[0m
[38;5;159m[Genesis] [11:42:03] [INFO] Running at [38;5;121m70.33[0m[38;5;159m FPS ([38;5;121m70.33[0m[38;5;159m FPS per env, [38;5;121m1[0m[38;5;159m envs).[0m
[38;5;159m[Genesis] [11:42:03] [INFO] Running at [38;5;121m70.08[0m[38;5;159m FPS ([38;5;121m70.08[0m[38;5;159m FPS per env, [38;5;121m1[0m[38;5;159m envs).[0m
[38;5;159m[Genesis] [11:42:03] [INFO] Running at [38;5;121m69.78[0m[38;5;159m FPS ([38;5;121m69.78[0m[38;5;159m FPS per env, [38;5;121m1[0m[38;5;159m envs).[0m
[38;5;159m[Genesis] [11:42:03] [INFO] Running at [38;5;121m69.61[0m[38;5;159m FPS ([38;5;121m69.61[0m[38;5;159m FPS per env, [38;5;121m1[0m[38;5;159m envs).[0m
[38;5;159m[Genesis] [11:42:03] [INFO] Running at [38;5;121m52.51[0m[38;5;159m FPS ([38;5;121m52.51[0m[38;5;159m FPS per env, [38;5;121m1[0m[38;5;159m envs).[0m
[38;5;159m[Genesis] [11:42:03] [INFO] Running at [38;5;121m69.76[0m[38;5;159m FPS ([38;5;121m69.76[0m[38;5;159m FPS per env, [38;5;121m1[0m[38;5;159m envs).[0m
[38;5;159m[Genesis] [11:42:03] [INFO] Running at [38;5;121m69.57[0m[38;5;159m FPS ([38;5;121m69.57[0m[38;5;159m FPS per env, [38;5;121m1[0m[38;5;159m envs).[0m
[38;5;159m[Genesis] [11:42:03] [INFO] Running at [38;5;121m69.43[0m[38;5;159m FPS ([38;5;121m69.43[0m[38;5;159m FPS per env, [38;5;121m1[0m[38;5;159m envs).[0m
[38;5;159m[Genesis] [11:42:03] [INFO] Running at [38;5;121m69.73[0m[38;5;159m FPS ([38;5;121m69.73[0m[38;5;159m FPS per env, [38;5;121m1[0m[38;5;159m envs).[0m
[38;5;159m[Genesis] [11:42:04] [INFO] Running at [38;5;121m69.91[0m[38;5;159m FPS ([38;5;121m69.91[0m[38;5;159m FPS per env, [38;5;121m1[0m[38;5;159m envs).[0m
[38;5;159m[Genesis] [11:42:04] [INFO] Running at [38;5;121m70.21[0m[38;5;159m FPS ([38;5;121m70.21[0m[38;5;159m FPS per env, [38;5;121m1[0m[38;5;159m envs).[0m
[38;5;159m[Genesis] [11:42:04] [INFO] Running at [38;5;121m70.52[0m[38;5;159m FPS ([38;5;121m70.52[0m[38;5;159m FPS per env, [38;5;121m1[0m[38;5;159m envs).[0m
[38;5;159m[Genesis] [11:42:04] [INFO] Running at [38;5;121m70.61[0m[38;5;159m FPS ([38;5;121m70.61[0m[38;5;159m FPS per env, [38;5;121m1[0m[38;5;159m envs).[0m
[38;5;159m[Genesis] [11:42:04] [INFO] Running at [38;5;121m70.70[0m[38;5;159m FPS ([38;5;121m70.70[0m[38;5;159m FPS per env, [38;5;121m1[0m[38;5;159m envs).[0m
[38;5;159m[Genesis] [11:42:04] [INFO] Running at [38;5;121m70.46[0m[38;5;159m FPS ([38;5;121m70.46[0m[38;5;159m FPS per env, [38;5;121m1[0m[38;5;159m envs).[0m
[38;5;159m[Genesis] [11:42:04] [INFO] Running at [38;5;121m70.39[0m[38;5;159m FPS ([38;5;121m70.39[0m[38;5;159m FPS per env, [38;5;121m1[0m[38;5;159m envs).[0m
[38;5;159m[Genesis] [11:42:04] [INFO] Running at [38;5;121m70.11[0m[38;5;159m FPS ([38;5;121m70.11[0m[38;5;159m FPS per env, [38;5;121m1[0m[38;5;159m envs).[0m
[38;5;159m[Genesis] [11:42:04] [INFO] Running at [38;5;121m69.84[0m[38;5;159m FPS ([38;5;121m69.84[0m[38;5;159m FPS per env, [38;5;121m1[0m[38;5;159m envs).[0m
[38;5;159m[Genesis] [11:42:04] [INFO] Running at [38;5;121m69.52[0m[38;5;159m FPS ([38;5;121m69.52[0m[38;5;159m FPS per env, [38;5;121m1[0m[38;5;159m envs).[0m
[38;5;159m[Genesis] [11:42:04] [INFO] Running at [38;5;121m69.46[0m[38;5;159m FPS ([38;5;121m69.46[0m[38;5;159m FPS per env, [38;5;121m1[0m[38;5;159m envs).[0m
[38;5;159m[Genesis] [11:42:04] [INFO] Running at [38;5;121m69.39[0m[38;5;159m FPS ([38;5;121m69.39[0m[38;5;159m FPS per env, [38;5;121m1[0m[38;5;159m envs).[0m
[38;5;159m[Genesis] [11:42:04] [INFO] Running at [38;5;121m69.67[0m[38;5;159m FPS ([38;5;121m69.67[0m[38;5;159m FPS per env, [38;5;121m1[0m[38;5;159m envs).[0m
[38;5;159m[Genesis] [11:42:04] [INFO] Running at [38;5;121m69.75[0m[38;5;159m FPS ([38;5;121m69.75[0m[38;5;159m FPS per env, [38;5;121m1[0m[38;5;159m envs).[0m
[38;5;159m[Genesis] [11:42:04] [INFO] Running at [38;5;121m70.00[0m[38;5;159m FPS ([38;5;121m70.00[0m[38;5;159m FPS per env, [38;5;121m1[0m[38;5;159m envs).[0m
[38;5;159m[Genesis] [11:42:04] [INFO] Running at [38;5;121m70.20[0m[38;5;159m FPS ([38;5;121m70.20[0m[38;5;159m FPS per env, [38;5;121m1[0m[38;5;159m envs).[0m
[38;5;159m[Genesis] [11:42:04] [INFO] Running at [38;5;121m70.38[0m[38;5;159m FPS ([38;5;121m70.38[0m[38;5;159m FPS per env, [38;5;121m1[0m[38;5;159m envs).[0m
[38;5;159m[Genesis] [11:42:04] [INFO] Running at [38;5;121m70.44[0m[38;5;159m FPS ([38;5;121m70.44[0m[38;5;159m FPS per env, [38;5;121m1[0m[38;5;159m envs).[0m
[38;5;159m[Genesis] [11:42:05] [INFO] Running at [38;5;121m70.62[0m[38;5;159m FPS ([38;5;121m70.62[0m[38;5;159m FPS per env, [38;5;121m1[0m[38;5;159m envs).[0m
[38;5;159m[Genesis] [11:42:05] [INFO] Running at [38;5;121m70.81[0m[38;5;159m FPS ([38;5;121m70.81[0m[38;5;159m FPS per env, [38;5;121m1[0m[38;5;159m envs).[0m
[38;5;159m[Genesis] [11:42:05] [INFO] Running at [38;5;121m70.95[0m[38;5;159m FPS ([38;5;121m70.95[0m[38;5;159m FPS per env, [38;5;121m1[0m[38;5;159m envs).[0m
[38;5;159m[Genesis] [11:42:05] [INFO] Running at [38;5;121m70.88[0m[38;5;159m FPS ([38;5;121m70.88[0m[38;5;159m FPS per env, [38;5;121m1[0m[38;5;159m envs).[0m
[38;5;159m[Genesis] [11:42:05] [INFO] Running at [38;5;121m70.54[0m[38;5;159m FPS ([38;5;121m70.54[0m[38;5;159m FPS per env, [38;5;121m1[0m[38;5;159m envs).[0m
[38;5;159m[Genesis] [11:42:05] [INFO] Running at [38;5;121m70.13[0m[38;5;159m FPS ([38;5;121m70.13[0m[38;5;159m FPS per env, [38;5;121m1[0m[38;5;159m envs).[0m
[38;5;159m[Genesis] [11:42:05] [INFO] Running at [38;5;121m69.79[0m[38;5;159m FPS ([38;5;121m69.79[0m[38;5;159m FPS per env, [38;5;121m1[0m[38;5;159m envs).[0m
[38;5;159m[Genesis] [11:42:05] [INFO] Running at [38;5;121m69.94[0m[38;5;159m FPS ([38;5;121m69.94[0m[38;5;159m FPS per env, [38;5;121m1[0m[38;5;159m envs).[0m
[38;5;159m[Genesis] [11:42:05] [INFO] Running at [38;5;121m69.72[0m[38;5;159m FPS ([38;5;121m69.72[0m[38;5;159m FPS per env, [38;5;121m1[0m[38;5;159m envs).[0m
[38;5;159m[Genesis] [11:42:05] [INFO] Running at [38;5;121m69.45[0m[38;5;159m FPS ([38;5;121m69.45[0m[38;5;159m FPS per env, [38;5;121m1[0m[38;5;159m envs).[0m
[38;5;159m[Genesis] [11:42:05] [INFO] Running at [38;5;121m69.21[0m[38;5;159m FPS ([38;5;121m69.21[0m[38;5;159m FPS per env, [38;5;121m1[0m[38;5;159m envs).[0m
[38;5;159m[Genesis] [11:42:05] [INFO] Running at [38;5;121m68.85[0m[38;5;159m FPS ([38;5;121m68.85[0m[38;5;159m FPS per env, [38;5;121m1[0m[38;5;159m envs).[0m
[38;5;159m[Genesis] [11:42:05] [INFO] Running at [38;5;121m68.44[0m[38;5;159m FPS ([38;5;121m68.44[0m[38;5;159m FPS per env, [38;5;121m1[0m[38;5;159m envs).[0m
[38;5;159m[Genesis] [11:42:05] [INFO] Running at [38;5;121m68.23[0m[38;5;159m FPS ([38;5;121m68.23[0m[38;5;159m FPS per env, [38;5;121m1[0m[38;5;159m envs).[0m
[38;5;159m[Genesis] [11:42:05] [INFO] Running at [38;5;121m68.24[0m[38;5;159m FPS ([38;5;121m68.24[0m[38;5;159m FPS per env, [38;5;121m1[0m[38;5;159m envs).[0m
[38;5;159m[Genesis] [11:42:05] [INFO] Running at [38;5;121m68.45[0m[38;5;159m FPS ([38;5;121m68.45[0m[38;5;159m FPS per env, [38;5;121m1[0m[38;5;159m envs).[0m
[38;5;159m[Genesis] [11:42:05] [INFO] Running at [38;5;121m68.44[0m[38;5;159m FPS ([38;5;121m68.44[0m[38;5;159m FPS per env, [38;5;121m1[0m[38;5;159m envs).[0m
[38;5;159m[Genesis] [11:42:06] [INFO] Running at [38;5;121m68.51[0m[38;5;159m FPS ([38;5;121m68.51[0m[38;5;159m FPS per env, [38;5;121m1[0m[38;5;159m envs).[0m
[38;5;159m[Genesis] [11:42:06] [INFO] Running at [38;5;121m68.51[0m[38;5;159m FPS ([38;5;121m68.51[0m[38;5;159m FPS per env, [38;5;121m1[0m[38;5;159m envs).[0m
[38;5;159m[Genesis] [11:42:06] [INFO] Running at [38;5;121m68.87[0m[38;5;159m FPS ([38;5;121m68.87[0m[38;5;159m FPS per env, [38;5;121m1[0m[38;5;159m envs).[0m
[38;5;159m[Genesis] [11:42:06] [INFO] Running at [38;5;121m69.02[0m[38;5;159m FPS ([38;5;121m69.02[0m[38;5;159m FPS per env, [38;5;121m1[0m[38;5;159m envs).[0m
[38;5;159m[Genesis] [11:42:06] [INFO] Running at [38;5;121m68.96[0m[38;5;159m FPS ([38;5;121m68.96[0m[38;5;159m FPS per env, [38;5;121m1[0m[38;5;159m envs).[0m
[38;5;159m[Genesis] [11:42:06] [INFO] Running at [38;5;121m69.12[0m[38;5;159m FPS ([38;5;121m69.12[0m[38;5;159m FPS per env, [38;5;121m1[0m[38;5;159m envs).[0m
[38;5;159m[Genesis] [11:42:06] [INFO] Running at [38;5;121m68.87[0m[38;5;159m FPS ([38;5;121m68.87[0m[38;5;159m FPS per env, [38;5;121m1[0m[38;5;159m envs).[0m
[38;5;159m[Genesis] [11:42:06] [INFO] Running at [38;5;121m68.66[0m[38;5;159m FPS ([38;5;121m68.66[0m[38;5;159m FPS per env, [38;5;121m1[0m[38;5;159m envs).[0m
[38;5;159m[Genesis] [11:42:06] [INFO] Running at [38;5;121m68.41[0m[38;5;159m FPS ([38;5;121m68.41[0m[38;5;159m FPS per env, [38;5;121m1[0m[38;5;159m envs).[0m
[38;5;159m[Genesis] [11:42:06] [INFO] Running at [38;5;121m68.12[0m[38;5;159m FPS ([38;5;121m68.12[0m[38;5;159m FPS per env, [38;5;121m1[0m[38;5;159m envs).[0m
[38;5;159m[Genesis] [11:42:06] [INFO] Running at [38;5;121m67.82[0m[38;5;159m FPS ([38;5;121m67.82[0m[38;5;159m FPS per env, [38;5;121m1[0m[38;5;159m envs).[0m
[38;5;159m[Genesis] [11:42:06] [INFO] Running at [38;5;121m67.99[0m[38;5;159m FPS ([38;5;121m67.99[0m[38;5;159m FPS per env, [38;5;121m1[0m[38;5;159m envs).[0m
[38;5;159m[Genesis] [11:42:06] [INFO] Running at [38;5;121m67.93[0m[38;5;159m FPS ([38;5;121m67.93[0m[38;5;159m FPS per env, [38;5;121m1[0m[38;5;159m envs).[0m
[38;5;159m[Genesis] [11:42:06] [INFO] Running at [38;5;121m67.82[0m[38;5;159m FPS ([38;5;121m67.82[0m[38;5;159m FPS per env, [38;5;121m1[0m[38;5;159m envs).[0m
[38;5;159m[Genesis] [11:42:06] [INFO] Running at [38;5;121m67.66[0m[38;5;159m FPS ([38;5;121m67.66[0m[38;5;159m FPS per env, [38;5;121m1[0m[38;5;159m envs).[0m
[38;5;159m[Genesis] [11:42:06] [INFO] Running at [38;5;121m68.03[0m[38;5;159m FPS ([38;5;121m68.03[0m[38;5;159m FPS per env, [38;5;121m1[0m[38;5;159m envs).[0m
[38;5;159m[Genesis] [11:42:06] [INFO] Running at [38;5;121m51.40[0m[38;5;159m FPS ([38;5;121m51.40[0m[38;5;159m FPS per env, [38;5;121m1[0m[38;5;159m envs).[0m
[38;5;159m[Genesis] [11:42:07] [INFO] Running at [38;5;121m68.55[0m[38;5;159m FPS ([38;5;121m68.55[0m[38;5;159m FPS per env, [38;5;121m1[0m[38;5;159m envs).[0m
[38;5;159m[Genesis] [11:42:07] [INFO] Running at [38;5;121m68.52[0m[38;5;159m FPS ([38;5;121m68.52[0m[38;5;159m FPS per env, [38;5;121m1[0m[38;5;159m envs).[0m
[38;5;159m[Genesis] [11:42:07] [INFO] Running at [38;5;121m68.44[0m[38;5;159m FPS ([38;5;121m68.44[0m[38;5;159m FPS per env, [38;5;121m1[0m[38;5;159m envs).[0m
[38;5;159m[Genesis] [11:42:07] [INFO] Running at [38;5;121m68.75[0m[38;5;159m FPS ([38;5;121m68.75[0m[38;5;159m FPS per env, [38;5;121m1[0m[38;5;159m envs).[0m
[38;5;159m[Genesis] [11:42:07] [INFO] Running at [38;5;121m69.12[0m[38;5;159m FPS ([38;5;121m69.12[0m[38;5;159m FPS per env, [38;5;121m1[0m[38;5;159m envs).[0m
[38;5;159m[Genesis] [11:42:07] [INFO] Running at [38;5;121m52.00[0m[38;5;159m FPS ([38;5;121m52.00[0m[38;5;159m FPS per env, [38;5;121m1[0m[38;5;159m envs).[0m
[38;5;159m[Genesis] [11:42:07] [INFO] Running at [38;5;121m69.45[0m[38;5;159m FPS ([38;5;121m69.45[0m[38;5;159m FPS per env, [38;5;121m1[0m[38;5;159m envs).[0m
[38;5;159m[Genesis] [11:42:07] [INFO] Running at [38;5;121m69.23[0m[38;5;159m FPS ([38;5;121m69.23[0m[38;5;159m FPS per env, [38;5;121m1[0m[38;5;159m envs).[0m
[38;5;159m[Genesis] [11:42:07] [INFO] Running at [38;5;121m69.34[0m[38;5;159m FPS ([38;5;121m69.34[0m[38;5;159m FPS per env, [38;5;121m1[0m[38;5;159m envs).[0m
[38;5;159m[Genesis] [11:42:07] [INFO] Running at [38;5;121m69.63[0m[38;5;159m FPS ([38;5;121m69.63[0m[38;5;159m FPS per env, [38;5;121m1[0m[38;5;159m envs).[0m
[38;5;159m[Genesis] [11:42:07] [INFO] Running at [38;5;121m69.93[0m[38;5;159m FPS ([38;5;121m69.93[0m[38;5;159m FPS per env, [38;5;121m1[0m[38;5;159m envs).[0m
[38;5;159m[Genesis] [11:42:07] [INFO] Running at [38;5;121m70.22[0m[38;5;159m FPS ([38;5;121m70.22[0m[38;5;159m FPS per env, [38;5;121m1[0m[38;5;159m envs).[0m
[38;5;159m[Genesis] [11:42:07] [INFO] Running at [38;5;121m70.41[0m[38;5;159m FPS ([38;5;121m70.41[0m[38;5;159m FPS per env, [38;5;121m1[0m[38;5;159m envs).[0m
[38;5;159m[Genesis] [11:42:07] [INFO] Running at [38;5;121m70.43[0m[38;5;159m FPS ([38;5;121m70.43[0m[38;5;159m FPS per env, [38;5;121m1[0m[38;5;159m envs).[0m
[38;5;159m[Genesis] [11:42:07] [INFO] Running at [38;5;121m70.12[0m[38;5;159m FPS ([38;5;121m70.12[0m[38;5;159m FPS per env, [38;5;121m1[0m[38;5;159m envs).[0m
[38;5;159m[Genesis] [11:42:07] [INFO] Running at [38;5;121m69.74[0m[38;5;159m FPS ([38;5;121m69.74[0m[38;5;159m FPS per env, [38;5;121m1[0m[38;5;159m envs).[0m
[38;5;159m[Genesis] [11:42:07] [INFO] Running at [38;5;121m69.64[0m[38;5;159m FPS ([38;5;121m69.64[0m[38;5;159m FPS per env, [38;5;121m1[0m[38;5;159m envs).[0m
[38;5;159m[Genesis] [11:42:07] [INFO] Running at [38;5;121m69.86[0m[38;5;159m FPS ([38;5;121m69.86[0m[38;5;159m FPS per env, [38;5;121m1[0m[38;5;159m envs).[0m
[38;5;159m[Genesis] [11:42:08] [INFO] Running at [38;5;121m69.64[0m[38;5;159m FPS ([38;5;121m69.64[0m[38;5;159m FPS per env, [38;5;121m1[0m[38;5;159m envs).[0m
[38;5;159m[Genesis] [11:42:08] [INFO] Running at [38;5;121m69.45[0m[38;5;159m FPS ([38;5;121m69.45[0m[38;5;159m FPS per env, [38;5;121m1[0m[38;5;159m envs).[0m
[38;5;159m[Genesis] [11:42:08] [INFO] Running at [38;5;121m69.56[0m[38;5;159m FPS ([38;5;121m69.56[0m[38;5;159m FPS per env, [38;5;121m1[0m[38;5;159m envs).[0m
[38;5;159m[Genesis] [11:42:08] [INFO] Running at [38;5;121m69.16[0m[38;5;159m FPS ([38;5;121m69.16[0m[38;5;159m FPS per env, [38;5;121m1[0m[38;5;159m envs).[0m
[38;5;159m[Genesis] [11:42:08] [INFO] Running at [38;5;121m68.86[0m[38;5;159m FPS ([38;5;121m68.86[0m[38;5;159m FPS per env, [38;5;121m1[0m[38;5;159m envs).[0m
[38;5;159m[Genesis] [11:42:08] [INFO] Running at [38;5;121m68.81[0m[38;5;159m FPS ([38;5;121m68.81[0m[38;5;159m FPS per env, [38;5;121m1[0m[38;5;159m envs).[0m
[38;5;159m[Genesis] [11:42:08] [INFO] Running at [38;5;121m69.10[0m[38;5;159m FPS ([38;5;121m69.10[0m[38;5;159m FPS per env, [38;5;121m1[0m[38;5;159m envs).[0m
[38;5;159m[Genesis] [11:42:08] [INFO] Running at [38;5;121m69.33[0m[38;5;159m FPS ([38;5;121m69.33[0m[38;5;159m FPS per env, [38;5;121m1[0m[38;5;159m envs).[0m
[38;5;159m[Genesis] [11:42:08] [INFO] Running at [38;5;121m69.49[0m[38;5;159m FPS ([38;5;121m69.49[0m[38;5;159m FPS per env, [38;5;121m1[0m[38;5;159m envs).[0m
[38;5;159m[Genesis] [11:42:08] [INFO] Running at [38;5;121m69.71[0m[38;5;159m FPS ([38;5;121m69.71[0m[38;5;159m FPS per env, [38;5;121m1[0m[38;5;159m envs).[0m
[38;5;159m[Genesis] [11:42:08] [INFO] Running at [38;5;121m70.00[0m[38;5;159m FPS ([38;5;121m70.00[0m[38;5;159m FPS per env, [38;5;121m1[0m[38;5;159m envs).[0m
[38;5;159m[Genesis] [11:42:08] [INFO] Running at [38;5;121m69.72[0m[38;5;159m FPS ([38;5;121m69.72[0m[38;5;159m FPS per env, [38;5;121m1[0m[38;5;159m envs).[0m
[38;5;159m[Genesis] [11:42:08] [INFO] Running at [38;5;121m69.56[0m[38;5;159m FPS ([38;5;121m69.56[0m[38;5;159m FPS per env, [38;5;121m1[0m[38;5;159m envs).[0m
[38;5;159m[Genesis] [11:42:08] [INFO] Running at [38;5;121m69.66[0m[38;5;159m FPS ([38;5;121m69.66[0m[38;5;159m FPS per env, [38;5;121m1[0m[38;5;159m envs).[0m
[38;5;159m[Genesis] [11:42:08] [INFO] Running at [38;5;121m69.89[0m[38;5;159m FPS ([38;5;121m69.89[0m[38;5;159m FPS per env, [38;5;121m1[0m[38;5;159m envs).[0m
[38;5;159m[Genesis] [11:42:08] [INFO] Running at [38;5;121m69.98[0m[38;5;159m FPS ([38;5;121m69.98[0m[38;5;159m FPS per env, [38;5;121m1[0m[38;5;159m envs).[0m
[38;5;159m[Genesis] [11:42:08] [INFO] Running at [38;5;121m70.14[0m[38;5;159m FPS ([38;5;121m70.14[0m[38;5;159m FPS per env, [38;5;121m1[0m[38;5;159m envs).[0m
[38;5;159m[Genesis] [11:42:09] [INFO] Running at [38;5;121m70.40[0m[38;5;159m FPS ([38;5;121m70.40[0m[38;5;159m FPS per env, [38;5;121m1[0m[38;5;159m envs).[0m
[38;5;159m[Genesis] [11:42:09] [INFO] Running at [38;5;121m70.66[0m[38;5;159m FPS ([38;5;121m70.66[0m[38;5;159m FPS per env, [38;5;121m1[0m[38;5;159m envs).[0m
[38;5;159m[Genesis] [11:42:09] [INFO] Running at [38;5;121m70.55[0m[38;5;159m FPS ([38;5;121m70.55[0m[38;5;159m FPS per env, [38;5;121m1[0m[38;5;159m envs).[0m
[38;5;159m[Genesis] [11:42:09] [INFO] Running at [38;5;121m70.80[0m[38;5;159m FPS ([38;5;121m70.80[0m[38;5;159m FPS per env, [38;5;121m1[0m[38;5;159m envs).[0m
[38;5;159m[Genesis] [11:42:09] [INFO] Running at [38;5;121m71.02[0m[38;5;159m FPS ([38;5;121m71.02[0m[38;5;159m FPS per env, [38;5;121m1[0m[38;5;159m envs).[0m
[38;5;159m[Genesis] [11:42:09] [INFO] Running at [38;5;121m71.24[0m[38;5;159m FPS ([38;5;121m71.24[0m[38;5;159m FPS per env, [38;5;121m1[0m[38;5;159m envs).[0m
[38;5;159m[Genesis] [11:42:09] [INFO] Running at [38;5;121m71.47[0m[38;5;159m FPS ([38;5;121m71.47[0m[38;5;159m FPS per env, [38;5;121m1[0m[38;5;159m envs).[0m
[38;5;159m[Genesis] [11:42:09] [INFO] Running at [38;5;121m71.69[0m[38;5;159m FPS ([38;5;121m71.69[0m[38;5;159m FPS per env, [38;5;121m1[0m[38;5;159m envs).[0m
[38;5;159m[Genesis] [11:42:09] [INFO] Running at [38;5;121m71.41[0m[38;5;159m FPS ([38;5;121m71.41[0m[38;5;159m FPS per env, [38;5;121m1[0m[38;5;159m envs).[0m
[38;5;159m[Genesis] [11:42:09] [INFO] Running at [38;5;121m71.01[0m[38;5;159m FPS ([38;5;121m71.01[0m[38;5;159m FPS per env, [38;5;121m1[0m[38;5;159m envs).[0m
[38;5;159m[Genesis] [11:42:09] [INFO] Running at [38;5;121m70.70[0m[38;5;159m FPS ([38;5;121m70.70[0m[38;5;159m FPS per env, [38;5;121m1[0m[38;5;159m envs).[0m
[38;5;159m[Genesis] [11:42:09] [INFO] Running at [38;5;121m70.47[0m[38;5;159m FPS ([38;5;121m70.47[0m[38;5;159m FPS per env, [38;5;121m1[0m[38;5;159m envs).[0m
[38;5;159m[Genesis] [11:42:09] [INFO] Running at [38;5;121m69.94[0m[38;5;159m FPS ([38;5;121m69.94[0m[38;5;159m FPS per env, [38;5;121m1[0m[38;5;159m envs).[0m
[38;5;159m[Genesis] [11:42:09] [INFO] Running at [38;5;121m69.80[0m[38;5;159m FPS ([38;5;121m69.80[0m[38;5;159m FPS per env, [38;5;121m1[0m[38;5;159m envs).[0m
[38;5;159m[Genesis] [11:42:09] [INFO] Running at [38;5;121m69.49[0m[38;5;159m FPS ([38;5;121m69.49[0m[38;5;159m FPS per env, [38;5;121m1[0m[38;5;159m envs).[0m
[38;5;159m[Genesis] [11:42:09] [INFO] Running at [38;5;121m69.32[0m[38;5;159m FPS ([38;5;121m69.32[0m[38;5;159m FPS per env, [38;5;121m1[0m[38;5;159m envs).[0m
[38;5;159m[Genesis] [11:42:09] [INFO] Running at [38;5;121m68.80[0m[38;5;159m FPS ([38;5;121m68.80[0m[38;5;159m FPS per env, [38;5;121m1[0m[38;5;159m envs).[0m
[38;5;159m[Genesis] [11:42:10] [INFO] Running at [38;5;121m68.59[0m[38;5;159m FPS ([38;5;121m68.59[0m[38;5;159m FPS per env, [38;5;121m1[0m[38;5;159m envs).[0m
[38;5;159m[Genesis] [11:42:10] [INFO] Running at [38;5;121m68.58[0m[38;5;159m FPS ([38;5;121m68.58[0m[38;5;159m FPS per env, [38;5;121m1[0m[38;5;159m envs).[0m
[38;5;159m[Genesis] [11:42:10] [INFO] Running at [38;5;121m68.88[0m[38;5;159m FPS ([38;5;121m68.88[0m[38;5;159m FPS per env, [38;5;121m1[0m[38;5;159m envs).[0m
[38;5;159m[Genesis] [11:42:10] [INFO] Running at [38;5;121m68.86[0m[38;5;159m FPS ([38;5;121m68.86[0m[38;5;159m FPS per env, [38;5;121m1[0m[38;5;159m envs).[0m
[38;5;159m[Genesis] [11:42:10] [INFO] Running at [38;5;121m69.06[0m[38;5;159m FPS ([38;5;121m69.06[0m[38;5;159m FPS per env, [38;5;121m1[0m[38;5;159m envs).[0m
[38;5;159m[Genesis] [11:42:10] [INFO] Running at [38;5;121m2.42[0m[38;5;159m FPS ([38;5;121m2.42[0m[38;5;159m FPS per env, [38;5;121m1[0m[38;5;159m envs).[0m
[38;5;159m[Genesis] [11:42:10] [INFO] Running at [38;5;121m76.16[0m[38;5;159m FPS ([38;5;121m76.16[0m[38;5;159m FPS per env, [38;5;121m1[0m[38;5;159m envs).[0m
[38;5;159m[Genesis] [11:42:10] [INFO] Running at [38;5;121m75.58[0m[38;5;159m FPS ([38;5;121m75.58[0m[38;5;159m FPS per env, [38;5;121m1[0m[38;5;159m envs).[0m
[38;5;159m[Genesis] [11:42:10] [INFO] Running at [38;5;121m75.52[0m[38;5;159m FPS ([38;5;121m75.52[0m[38;5;159m FPS per env, [38;5;121m1[0m[38;5;159m envs).[0m
[38;5;159m[Genesis] [11:42:10] [INFO] Running at [38;5;121m75.50[0m[38;5;159m FPS ([38;5;121m75.50[0m[38;5;159m FPS per env, [38;5;121m1[0m[38;5;159m envs).[0m
[38;5;159m[Genesis] [11:42:10] [INFO] Running at [38;5;121m75.44[0m[38;5;159m FPS ([38;5;121m75.44[0m[38;5;159m FPS per env, [38;5;121m1[0m[38;5;159m envs).[0m
[38;5;159m[Genesis] [11:42:10] [INFO] Running at [38;5;121m75.49[0m[38;5;159m FPS ([38;5;121m75.49[0m[38;5;159m FPS per env, [38;5;121m1[0m[38;5;159m envs).[0m
[38;5;159m[Genesis] [11:42:11] [INFO] Running at [38;5;121m75.21[0m[38;5;159m FPS ([38;5;121m75.21[0m[38;5;159m FPS per env, [38;5;121m1[0m[38;5;159m envs).[0m
[38;5;159m[Genesis] [11:42:11] [INFO] Running at [38;5;121m75.18[0m[38;5;159m FPS ([38;5;121m75.18[0m[38;5;159m FPS per env, [38;5;121m1[0m[38;5;159m envs).[0m
[38;5;159m[Genesis] [11:42:11] [INFO] Running at [38;5;121m75.22[0m[38;5;159m FPS ([38;5;121m75.22[0m[38;5;159m FPS per env, [38;5;121m1[0m[38;5;159m envs).[0m
[38;5;159m[Genesis] [11:42:11] [INFO] Running at [38;5;121m75.28[0m[38;5;159m FPS ([38;5;121m75.28[0m[38;5;159m FPS per env, [38;5;121m1[0m[38;5;159m envs).[0m
[38;5;159m[Genesis] [11:42:11] [INFO] Running at [38;5;121m74.94[0m[38;5;159m FPS ([38;5;121m74.94[0m[38;5;159m FPS per env, [38;5;121m1[0m[38;5;159m envs).[0m
[38;5;159m[Genesis] [11:42:11] [INFO] Running at [38;5;121m74.90[0m[38;5;159m FPS ([38;5;121m74.90[0m[38;5;159m FPS per env, [38;5;121m1[0m[38;5;159m envs).[0m
[38;5;159m[Genesis] [11:42:11] [INFO] Running at [38;5;121m74.86[0m[38;5;159m FPS ([38;5;121m74.86[0m[38;5;159m FPS per env, [38;5;121m1[0m[38;5;159m envs).[0m
[38;5;159m[Genesis] [11:42:11] [INFO] Running at [38;5;121m74.81[0m[38;5;159m FPS ([38;5;121m74.81[0m[38;5;159m FPS per env, [38;5;121m1[0m[38;5;159m envs).[0m
[38;5;159m[Genesis] [11:42:11] [INFO] Running at [38;5;121m74.43[0m[38;5;159m FPS ([38;5;121m74.43[0m[38;5;159m FPS per env, [38;5;121m1[0m[38;5;159m envs).[0m
[38;5;159m[Genesis] [11:42:11] [INFO] Running at [38;5;121m73.78[0m[38;5;159m FPS ([38;5;121m73.78[0m[38;5;159m FPS per env, [38;5;121m1[0m[38;5;159m envs).[0m
[38;5;159m[Genesis] [11:42:11] [INFO] Running at [38;5;121m73.88[0m[38;5;159m FPS ([38;5;121m73.88[0m[38;5;159m FPS per env, [38;5;121m1[0m[38;5;159m envs).[0m
[38;5;159m[Genesis] [11:42:11] [INFO] Running at [38;5;121m74.03[0m[38;5;159m FPS ([38;5;121m74.03[0m[38;5;159m FPS per env, [38;5;121m1[0m[38;5;159m envs).[0m
[38;5;159m[Genesis] [11:42:11] [INFO] Running at [38;5;121m74.13[0m[38;5;159m FPS ([38;5;121m74.13[0m[38;5;159m FPS per env, [38;5;121m1[0m[38;5;159m envs).[0m
[38;5;159m[Genesis] [11:42:11] [INFO] Running at [38;5;121m73.61[0m[38;5;159m FPS ([38;5;121m73.61[0m[38;5;159m FPS per env, [38;5;121m1[0m[38;5;159m envs).[0m
[38;5;159m[Genesis] [11:42:11] [INFO] Running at [38;5;121m73.22[0m[38;5;159m FPS ([38;5;121m73.22[0m[38;5;159m FPS per env, [38;5;121m1[0m[38;5;159m envs).[0m
[38;5;159m[Genesis] [11:42:11] [INFO] Running at [38;5;121m72.80[0m[38;5;159m FPS ([38;5;121m72.80[0m[38;5;159m FPS per env, [38;5;121m1[0m[38;5;159m envs).[0m
[38;5;159m[Genesis] [11:42:11] [INFO] Running at [38;5;121m72.82[0m[38;5;159m FPS ([38;5;121m72.82[0m[38;5;159m FPS per env, [38;5;121m1[0m[38;5;159m envs).[0m
[38;5;159m[Genesis] [11:42:11] [INFO] Running at [38;5;121m72.77[0m[38;5;159m FPS ([38;5;121m72.77[0m[38;5;159m FPS per env, [38;5;121m1[0m[38;5;159m envs).[0m
[38;5;159m[Genesis] [11:42:12] [INFO] Running at [38;5;121m72.93[0m[38;5;159m FPS ([38;5;121m72.93[0m[38;5;159m FPS per env, [38;5;121m1[0m[38;5;159m envs).[0m
[38;5;159m[Genesis] [11:42:12] [INFO] Running at [38;5;121m72.96[0m[38;5;159m FPS ([38;5;121m72.96[0m[38;5;159m FPS per env, [38;5;121m1[0m[38;5;159m envs).[0m
[38;5;159m[Genesis] [11:42:12] [INFO] Running at [38;5;121m73.13[0m[38;5;159m FPS ([38;5;121m73.13[0m[38;5;159m FPS per env, [38;5;121m1[0m[38;5;159m envs).[0m
[38;5;159m[Genesis] [11:42:12] [INFO] Running at [38;5;121m73.32[0m[38;5;159m FPS ([38;5;121m73.32[0m[38;5;159m FPS per env, [38;5;121m1[0m[38;5;159m envs).[0m
[38;5;159m[Genesis] [11:42:12] [INFO] Running at [38;5;121m73.23[0m[38;5;159m FPS ([38;5;121m73.23[0m[38;5;159m FPS per env, [38;5;121m1[0m[38;5;159m envs).[0m
[38;5;159m[Genesis] [11:42:12] [INFO] Running at [38;5;121m73.36[0m[38;5;159m FPS ([38;5;121m73.36[0m[38;5;159m FPS per env, [38;5;121m1[0m[38;5;159m envs).[0m
[38;5;159m[Genesis] [11:42:12] [INFO] Running at [38;5;121m73.50[0m[38;5;159m FPS ([38;5;121m73.50[0m[38;5;159m FPS per env, [38;5;121m1[0m[38;5;159m envs).[0m
[38;5;159m[Genesis] [11:42:12] [INFO] Running at [38;5;121m73.60[0m[38;5;159m FPS ([38;5;121m73.60[0m[38;5;159m FPS per env, [38;5;121m1[0m[38;5;159m envs).[0m
[38;5;159m[Genesis] [11:42:12] [INFO] Running at [38;5;121m73.52[0m[38;5;159m FPS ([38;5;121m73.52[0m[38;5;159m FPS per env, [38;5;121m1[0m[38;5;159m envs).[0m
[38;5;159m[Genesis] [11:42:12] [INFO] Running at [38;5;121m73.61[0m[38;5;159m FPS ([38;5;121m73.61[0m[38;5;159m FPS per env, [38;5;121m1[0m[38;5;159m envs).[0m
[38;5;159m[Genesis] [11:42:12] [INFO] Running at [38;5;121m73.74[0m[38;5;159m FPS ([38;5;121m73.74[0m[38;5;159m FPS per env, [38;5;121m1[0m[38;5;159m envs).[0m
[38;5;159m[Genesis] [11:42:12] [INFO] Running at [38;5;121m73.87[0m[38;5;159m FPS ([38;5;121m73.87[0m[38;5;159m FPS per env, [38;5;121m1[0m[38;5;159m envs).[0m
[38;5;159m[Genesis] [11:42:12] [INFO] Running at [38;5;121m74.02[0m[38;5;159m FPS ([38;5;121m74.02[0m[38;5;159m FPS per env, [38;5;121m1[0m[38;5;159m envs).[0m
[38;5;159m[Genesis] [11:42:12] [INFO] Running at [38;5;121m73.79[0m[38;5;159m FPS ([38;5;121m73.79[0m[38;5;159m FPS per env, [38;5;121m1[0m[38;5;159m envs).[0m
fps 50
[38;5;159m[Genesis] [11:42:12] [INFO] Saving video to [38;5;121m"test_3000_behind.mp4"[0m[38;5;159m...[0m
[38;5;159m[Genesis] [11:42:14] [INFO] Video saved.[0m
[38;5;159m[Genesis] [11:42:14] [INFO] Saving video to [38;5;121m"test_3000_side.mp4"[0m[38;5;159m...[0m
[38;5;159m[Genesis] [11:42:16] [INFO] Video saved.[0m
Saved recordings for checkpoint 3000.
[38;5;159m[Genesis] [11:42:16] [INFO] 💤 Exiting Genesis and caching compiled kernels...[0m
