[38;5;159m[Genesis] [09:54:19] [INFO] [38;5;121m╭───────────────────────────────────────────────╮[0m[38;5;159m[0m
[38;5;159m[Genesis] [09:54:19] [INFO] [38;5;121m│┈┉┈┉┈┉┈┉┈┉┈┉┈┉┈┉┈┉┈[0m[38;5;159m [38;5;121m[1m[3mGenesis[0m[38;5;159m [38;5;121m┈┉┈┉┈┉┈┉┈┉┈┉┈┉┈┉┈┉┈│[0m[38;5;159m[0m
[38;5;159m[Genesis] [09:54:19] [INFO] [38;5;121m╰───────────────────────────────────────────────╯[0m[38;5;159m[0m
[38;5;159m[Genesis] [09:54:20] [INFO] Running on [38;5;121m[4m[NVIDIA GeForce RTX 5090][0m[38;5;159m with backend [38;5;121m[4mgs.cuda[0m[38;5;159m. Device memory: [38;5;121m[4m31.35[0m[38;5;159m GB.[0m
[38;5;159m[Genesis] [09:54:20] [INFO] 🚀 Genesis initialized. 🔖 version: [38;5;121m[4m0.4.7[0m[38;5;159m, 🎨 theme: [38;5;121m[4mdark[0m[38;5;159m, 🌱 seed: [38;5;121m[4mNone[0m[38;5;159m, 🐛 debug: [38;5;121m[4mFalse[0m[38;5;159m, 📏 precision: [38;5;121m[4m32[0m[38;5;159m, 🔥 performance: [38;5;121m[4mFalse[0m[38;5;159m, 💬 verbose: [38;5;121m[4mINFO[0m[38;5;159m[0m
[38;5;226m[Genesis] [09:54:22] [WARNING] Viewer option 'n_rendered_envs' is deprecated and will be removed in a future release. Please use 'rendered_envs_idx' instead.[0m
[38;5;159m[Genesis] [09:54:23] [INFO] Scene [38;5;121m[3m<bcc44e4>[0m[38;5;159m created.[0m
[38;5;159m[Genesis] [09:54:23] [INFO] Adding [38;5;121m<gs.engine.entities.RigidEntity>[0m[38;5;159m. idx: [38;5;121m0[0m[38;5;159m, uid: [38;5;121m[3m<b81c3c8>[0m[38;5;159m, morph: [38;5;121m<gs.morphs.Terrain>[0m[38;5;159m, material: [38;5;121m<gs.materials.Rigid>[0m[38;5;159m.[0m
[38;5;159m[Genesis] [09:54:23] [INFO] Adding [38;5;121m<gs.engine.entities.RigidEntity>[0m[38;5;159m. idx: [38;5;121m1[0m[38;5;159m, uid: [38;5;121m[3m<a6ec8fd>[0m[38;5;159m, morph: [38;5;121m<gs.morphs.URDF(file='/home/jfriesen/.local/lib/python3.12/site-packages/genesis/assets/urdf/go2/urdf/go2.urdf')>[0m[38;5;159m, material: [38;5;121m<gs.materials.Rigid>[0m[38;5;159m.[0m
[38;5;159m[Genesis] [09:54:26] [INFO] Building scene [38;5;121m[3m<bcc44e4>[0m[38;5;159m...[0m
[38;5;226m[Genesis] [09:54:27] [WARNING] Neutral robot position (qpos0) exceeds joint limits.[0m
[38;5;159m[Genesis] [09:54:28] [INFO] Compiling simulation kernels...[0m
[38;5;159m[Genesis] [09:54:29] [INFO] Building visualizer...[0m
[38;5;226m[Genesis] [09:54:29] [WARNING] This property is deprecated and will be removed in future release. Please use 'dofs_idx_local' instead.[0m
[38;5;226m[Genesis] [09:54:29] [WARNING] This property is deprecated and will be removed in future release. Please use 'dofs_idx_local' instead.[0m
[38;5;226m[Genesis] [09:54:29] [WARNING] This property is deprecated and will be removed in future release. Please use 'dofs_idx_local' instead.[0m
[38;5;226m[Genesis] [09:54:29] [WARNING] This property is deprecated and will be removed in future release. Please use 'dofs_idx_local' instead.[0m
[38;5;226m[Genesis] [09:54:29] [WARNING] This property is deprecated and will be removed in future release. Please use 'dofs_idx_local' instead.[0m
[38;5;226m[Genesis] [09:54:29] [WARNING] This property is deprecated and will be removed in future release. Please use 'dofs_idx_local' instead.[0m
[38;5;226m[Genesis] [09:54:29] [WARNING] This property is deprecated and will be removed in future release. Please use 'dofs_idx_local' instead.[0m
[38;5;226m[Genesis] [09:54:29] [WARNING] This property is deprecated and will be removed in future release. Please use 'dofs_idx_local' instead.[0m
[38;5;226m[Genesis] [09:54:29] [WARNING] This property is deprecated and will be removed in future release. Please use 'dofs_idx_local' instead.[0m
[38;5;226m[Genesis] [09:54:29] [WARNING] This property is deprecated and will be removed in future release. Please use 'dofs_idx_local' instead.[0m
[38;5;226m[Genesis] [09:54:29] [WARNING] This property is deprecated and will be removed in future release. Please use 'dofs_idx_local' instead.[0m
[38;5;226m[Genesis] [09:54:29] [WARNING] This property is deprecated and will be removed in future release. Please use 'dofs_idx_local' instead.[0m
/home/jfriesen/.local/lib/python3.12/site-packages/torch/utils/_device.py:122: UserWarning: To copy construct from a tensor, it is recommended to use sourceTensor.detach().clone() or sourceTensor.detach().clone().requires_grad_(True), rather than torch.tensor(sourceTensor).
  return func(*args, **kwargs)
Actor MLP: Sequential(
  (0): Linear(in_features=76, out_features=512, bias=True)
  (1): ELU(alpha=1.0)
  (2): Linear(in_features=512, out_features=256, bias=True)
  (3): ELU(alpha=1.0)
  (4): Linear(in_features=256, out_features=128, bias=True)
  (5): ELU(alpha=1.0)
  (6): Linear(in_features=128, out_features=12, bias=True)
)
Critic MLP: Sequential(
  (0): Linear(in_features=100, out_features=512, bias=True)
  (1): ELU(alpha=1.0)
  (2): Linear(in_features=512, out_features=256, bias=True)
  (3): ELU(alpha=1.0)
  (4): Linear(in_features=256, out_features=128, bias=True)
  (5): ELU(alpha=1.0)
  (6): Linear(in_features=128, out_features=1, bias=True)
)
[38;5;159m[Genesis] [09:54:32] [INFO] Running at [38;5;121m1.58[0m[38;5;159m FPS ([38;5;121m1.58[0m[38;5;159m FPS per env, [38;5;121m1[0m[38;5;159m envs).[0m
[38;5;159m[Genesis] [09:54:32] [INFO] Running at [38;5;121m6.18[0m[38;5;159m FPS ([38;5;121m6.18[0m[38;5;159m FPS per env, [38;5;121m1[0m[38;5;159m envs).[0m
[38;5;159m[Genesis] [09:54:32] [INFO] Running at [38;5;121m79.99[0m[38;5;159m FPS ([38;5;121m79.99[0m[38;5;159m FPS per env, [38;5;121m1[0m[38;5;159m envs).[0m
[38;5;159m[Genesis] [09:54:32] [INFO] Running at [38;5;121m80.08[0m[38;5;159m FPS ([38;5;121m80.08[0m[38;5;159m FPS per env, [38;5;121m1[0m[38;5;159m envs).[0m
[38;5;159m[Genesis] [09:54:32] [INFO] Running at [38;5;121m80.21[0m[38;5;159m FPS ([38;5;121m80.21[0m[38;5;159m FPS per env, [38;5;121m1[0m[38;5;159m envs).[0m
[38;5;159m[Genesis] [09:54:32] [INFO] Running at [38;5;121m80.30[0m[38;5;159m FPS ([38;5;121m80.30[0m[38;5;159m FPS per env, [38;5;121m1[0m[38;5;159m envs).[0m
[38;5;159m[Genesis] [09:54:32] [INFO] Running at [38;5;121m80.45[0m[38;5;159m FPS ([38;5;121m80.45[0m[38;5;159m FPS per env, [38;5;121m1[0m[38;5;159m envs).[0m
[38;5;159m[Genesis] [09:54:32] [INFO] Running at [38;5;121m80.53[0m[38;5;159m FPS ([38;5;121m80.53[0m[38;5;159m FPS per env, [38;5;121m1[0m[38;5;159m envs).[0m
[38;5;159m[Genesis] [09:54:32] [INFO] Running at [38;5;121m80.63[0m[38;5;159m FPS ([38;5;121m80.63[0m[38;5;159m FPS per env, [38;5;121m1[0m[38;5;159m envs).[0m
[38;5;159m[Genesis] [09:54:32] [INFO] Running at [38;5;121m80.71[0m[38;5;159m FPS ([38;5;121m80.71[0m[38;5;159m FPS per env, [38;5;121m1[0m[38;5;159m envs).[0m
[38;5;159m[Genesis] [09:54:32] [INFO] Running at [38;5;121m80.82[0m[38;5;159m FPS ([38;5;121m80.82[0m[38;5;159m FPS per env, [38;5;121m1[0m[38;5;159m envs).[0m
[38;5;159m[Genesis] [09:54:32] [INFO] Running at [38;5;121m80.93[0m[38;5;159m FPS ([38;5;121m80.93[0m[38;5;159m FPS per env, [38;5;121m1[0m[38;5;159m envs).[0m
[38;5;159m[Genesis] [09:54:33] [INFO] Running at [38;5;121m81.02[0m[38;5;159m FPS ([38;5;121m81.02[0m[38;5;159m FPS per env, [38;5;121m1[0m[38;5;159m envs).[0m
[38;5;159m[Genesis] [09:54:33] [INFO] Running at [38;5;121m81.13[0m[38;5;159m FPS ([38;5;121m81.13[0m[38;5;159m FPS per env, [38;5;121m1[0m[38;5;159m envs).[0m
[38;5;159m[Genesis] [09:54:33] [INFO] Running at [38;5;121m81.17[0m[38;5;159m FPS ([38;5;121m81.17[0m[38;5;159m FPS per env, [38;5;121m1[0m[38;5;159m envs).[0m
[38;5;159m[Genesis] [09:54:33] [INFO] Running at [38;5;121m81.27[0m[38;5;159m FPS ([38;5;121m81.27[0m[38;5;159m FPS per env, [38;5;121m1[0m[38;5;159m envs).[0m
[38;5;159m[Genesis] [09:54:33] [INFO] Running at [38;5;121m81.37[0m[38;5;159m FPS ([38;5;121m81.37[0m[38;5;159m FPS per env, [38;5;121m1[0m[38;5;159m envs).[0m
[38;5;159m[Genesis] [09:54:33] [INFO] Running at [38;5;121m81.42[0m[38;5;159m FPS ([38;5;121m81.42[0m[38;5;159m FPS per env, [38;5;121m1[0m[38;5;159m envs).[0m
[38;5;159m[Genesis] [09:54:33] [INFO] Running at [38;5;121m65.71[0m[38;5;159m FPS ([38;5;121m65.71[0m[38;5;159m FPS per env, [38;5;121m1[0m[38;5;159m envs).[0m
[38;5;159m[Genesis] [09:54:33] [INFO] Running at [38;5;121m82.19[0m[38;5;159m FPS ([38;5;121m82.19[0m[38;5;159m FPS per env, [38;5;121m1[0m[38;5;159m envs).[0m
[38;5;159m[Genesis] [09:54:33] [INFO] Running at [38;5;121m82.24[0m[38;5;159m FPS ([38;5;121m82.24[0m[38;5;159m FPS per env, [38;5;121m1[0m[38;5;159m envs).[0m
[38;5;159m[Genesis] [09:54:33] [INFO] Running at [38;5;121m82.26[0m[38;5;159m FPS ([38;5;121m82.26[0m[38;5;159m FPS per env, [38;5;121m1[0m[38;5;159m envs).[0m
[38;5;159m[Genesis] [09:54:33] [INFO] Running at [38;5;121m82.29[0m[38;5;159m FPS ([38;5;121m82.29[0m[38;5;159m FPS per env, [38;5;121m1[0m[38;5;159m envs).[0m
[38;5;159m[Genesis] [09:54:33] [INFO] Running at [38;5;121m82.30[0m[38;5;159m FPS ([38;5;121m82.30[0m[38;5;159m FPS per env, [38;5;121m1[0m[38;5;159m envs).[0m
[38;5;159m[Genesis] [09:54:33] [INFO] Running at [38;5;121m82.30[0m[38;5;159m FPS ([38;5;121m82.30[0m[38;5;159m FPS per env, [38;5;121m1[0m[38;5;159m envs).[0m
[38;5;159m[Genesis] [09:54:33] [INFO] Running at [38;5;121m82.33[0m[38;5;159m FPS ([38;5;121m82.33[0m[38;5;159m FPS per env, [38;5;121m1[0m[38;5;159m envs).[0m
[38;5;159m[Genesis] [09:54:33] [INFO] Running at [38;5;121m82.34[0m[38;5;159m FPS ([38;5;121m82.34[0m[38;5;159m FPS per env, [38;5;121m1[0m[38;5;159m envs).[0m
[38;5;159m[Genesis] [09:54:33] [INFO] Running at [38;5;121m82.34[0m[38;5;159m FPS ([38;5;121m82.34[0m[38;5;159m FPS per env, [38;5;121m1[0m[38;5;159m envs).[0m
[38;5;159m[Genesis] [09:54:33] [INFO] Running at [38;5;121m82.37[0m[38;5;159m FPS ([38;5;121m82.37[0m[38;5;159m FPS per env, [38;5;121m1[0m[38;5;159m envs).[0m
[38;5;159m[Genesis] [09:54:34] [INFO] Running at [38;5;121m82.44[0m[38;5;159m FPS ([38;5;121m82.44[0m[38;5;159m FPS per env, [38;5;121m1[0m[38;5;159m envs).[0m
[38;5;159m[Genesis] [09:54:34] [INFO] Running at [38;5;121m82.52[0m[38;5;159m FPS ([38;5;121m82.52[0m[38;5;159m FPS per env, [38;5;121m1[0m[38;5;159m envs).[0m
[38;5;159m[Genesis] [09:54:34] [INFO] Running at [38;5;121m82.60[0m[38;5;159m FPS ([38;5;121m82.60[0m[38;5;159m FPS per env, [38;5;121m1[0m[38;5;159m envs).[0m
[38;5;159m[Genesis] [09:54:34] [INFO] Running at [38;5;121m82.68[0m[38;5;159m FPS ([38;5;121m82.68[0m[38;5;159m FPS per env, [38;5;121m1[0m[38;5;159m envs).[0m
[38;5;159m[Genesis] [09:54:34] [INFO] Running at [38;5;121m82.71[0m[38;5;159m FPS ([38;5;121m82.71[0m[38;5;159m FPS per env, [38;5;121m1[0m[38;5;159m envs).[0m
[38;5;159m[Genesis] [09:54:34] [INFO] Running at [38;5;121m82.78[0m[38;5;159m FPS ([38;5;121m82.78[0m[38;5;159m FPS per env, [38;5;121m1[0m[38;5;159m envs).[0m
[38;5;159m[Genesis] [09:54:34] [INFO] Running at [38;5;121m82.69[0m[38;5;159m FPS ([38;5;121m82.69[0m[38;5;159m FPS per env, [38;5;121m1[0m[38;5;159m envs).[0m
[38;5;159m[Genesis] [09:54:34] [INFO] Running at [38;5;121m82.75[0m[38;5;159m FPS ([38;5;121m82.75[0m[38;5;159m FPS per env, [38;5;121m1[0m[38;5;159m envs).[0m
[38;5;159m[Genesis] [09:54:34] [INFO] Running at [38;5;121m82.83[0m[38;5;159m FPS ([38;5;121m82.83[0m[38;5;159m FPS per env, [38;5;121m1[0m[38;5;159m envs).[0m
[38;5;159m[Genesis] [09:54:34] [INFO] Running at [38;5;121m82.89[0m[38;5;159m FPS ([38;5;121m82.89[0m[38;5;159m FPS per env, [38;5;121m1[0m[38;5;159m envs).[0m
[38;5;159m[Genesis] [09:54:34] [INFO] Running at [38;5;121m82.93[0m[38;5;159m FPS ([38;5;121m82.93[0m[38;5;159m FPS per env, [38;5;121m1[0m[38;5;159m envs).[0m
[38;5;159m[Genesis] [09:54:34] [INFO] Running at [38;5;121m82.98[0m[38;5;159m FPS ([38;5;121m82.98[0m[38;5;159m FPS per env, [38;5;121m1[0m[38;5;159m envs).[0m
[38;5;159m[Genesis] [09:54:34] [INFO] Running at [38;5;121m83.00[0m[38;5;159m FPS ([38;5;121m83.00[0m[38;5;159m FPS per env, [38;5;121m1[0m[38;5;159m envs).[0m
[38;5;159m[Genesis] [09:54:34] [INFO] Running at [38;5;121m83.04[0m[38;5;159m FPS ([38;5;121m83.04[0m[38;5;159m FPS per env, [38;5;121m1[0m[38;5;159m envs).[0m
[38;5;159m[Genesis] [09:54:34] [INFO] Running at [38;5;121m83.08[0m[38;5;159m FPS ([38;5;121m83.08[0m[38;5;159m FPS per env, [38;5;121m1[0m[38;5;159m envs).[0m
[38;5;159m[Genesis] [09:54:34] [INFO] Running at [38;5;121m83.10[0m[38;5;159m FPS ([38;5;121m83.10[0m[38;5;159m FPS per env, [38;5;121m1[0m[38;5;159m envs).[0m
[38;5;159m[Genesis] [09:54:34] [INFO] Running at [38;5;121m83.15[0m[38;5;159m FPS ([38;5;121m83.15[0m[38;5;159m FPS per env, [38;5;121m1[0m[38;5;159m envs).[0m
[38;5;159m[Genesis] [09:54:35] [INFO] Running at [38;5;121m83.15[0m[38;5;159m FPS ([38;5;121m83.15[0m[38;5;159m FPS per env, [38;5;121m1[0m[38;5;159m envs).[0m
[38;5;159m[Genesis] [09:54:35] [INFO] Running at [38;5;121m83.18[0m[38;5;159m FPS ([38;5;121m83.18[0m[38;5;159m FPS per env, [38;5;121m1[0m[38;5;159m envs).[0m
[38;5;159m[Genesis] [09:54:35] [INFO] Running at [38;5;121m83.18[0m[38;5;159m FPS ([38;5;121m83.18[0m[38;5;159m FPS per env, [38;5;121m1[0m[38;5;159m envs).[0m
[38;5;159m[Genesis] [09:54:35] [INFO] Running at [38;5;121m83.23[0m[38;5;159m FPS ([38;5;121m83.23[0m[38;5;159m FPS per env, [38;5;121m1[0m[38;5;159m envs).[0m
[38;5;159m[Genesis] [09:54:35] [INFO] Running at [38;5;121m83.26[0m[38;5;159m FPS ([38;5;121m83.26[0m[38;5;159m FPS per env, [38;5;121m1[0m[38;5;159m envs).[0m
[38;5;159m[Genesis] [09:54:35] [INFO] Running at [38;5;121m83.30[0m[38;5;159m FPS ([38;5;121m83.30[0m[38;5;159m FPS per env, [38;5;121m1[0m[38;5;159m envs).[0m
[38;5;159m[Genesis] [09:54:35] [INFO] Running at [38;5;121m67.18[0m[38;5;159m FPS ([38;5;121m67.18[0m[38;5;159m FPS per env, [38;5;121m1[0m[38;5;159m envs).[0m
[38;5;159m[Genesis] [09:54:35] [INFO] Running at [38;5;121m83.94[0m[38;5;159m FPS ([38;5;121m83.94[0m[38;5;159m FPS per env, [38;5;121m1[0m[38;5;159m envs).[0m
[38;5;159m[Genesis] [09:54:35] [INFO] Running at [38;5;121m83.91[0m[38;5;159m FPS ([38;5;121m83.91[0m[38;5;159m FPS per env, [38;5;121m1[0m[38;5;159m envs).[0m
[38;5;159m[Genesis] [09:54:35] [INFO] Running at [38;5;121m83.93[0m[38;5;159m FPS ([38;5;121m83.93[0m[38;5;159m FPS per env, [38;5;121m1[0m[38;5;159m envs).[0m
[38;5;159m[Genesis] [09:54:35] [INFO] Running at [38;5;121m83.92[0m[38;5;159m FPS ([38;5;121m83.92[0m[38;5;159m FPS per env, [38;5;121m1[0m[38;5;159m envs).[0m
[38;5;159m[Genesis] [09:54:35] [INFO] Running at [38;5;121m83.90[0m[38;5;159m FPS ([38;5;121m83.90[0m[38;5;159m FPS per env, [38;5;121m1[0m[38;5;159m envs).[0m
[38;5;159m[Genesis] [09:54:35] [INFO] Running at [38;5;121m83.90[0m[38;5;159m FPS ([38;5;121m83.90[0m[38;5;159m FPS per env, [38;5;121m1[0m[38;5;159m envs).[0m
[38;5;159m[Genesis] [09:54:35] [INFO] Running at [38;5;121m83.88[0m[38;5;159m FPS ([38;5;121m83.88[0m[38;5;159m FPS per env, [38;5;121m1[0m[38;5;159m envs).[0m
[38;5;159m[Genesis] [09:54:35] [INFO] Running at [38;5;121m83.90[0m[38;5;159m FPS ([38;5;121m83.90[0m[38;5;159m FPS per env, [38;5;121m1[0m[38;5;159m envs).[0m
[38;5;159m[Genesis] [09:54:35] [INFO] Running at [38;5;121m83.88[0m[38;5;159m FPS ([38;5;121m83.88[0m[38;5;159m FPS per env, [38;5;121m1[0m[38;5;159m envs).[0m
[38;5;159m[Genesis] [09:54:35] [INFO] Running at [38;5;121m83.80[0m[38;5;159m FPS ([38;5;121m83.80[0m[38;5;159m FPS per env, [38;5;121m1[0m[38;5;159m envs).[0m
[38;5;159m[Genesis] [09:54:36] [INFO] Running at [38;5;121m83.81[0m[38;5;159m FPS ([38;5;121m83.81[0m[38;5;159m FPS per env, [38;5;121m1[0m[38;5;159m envs).[0m
[38;5;159m[Genesis] [09:54:36] [INFO] Running at [38;5;121m83.82[0m[38;5;159m FPS ([38;5;121m83.82[0m[38;5;159m FPS per env, [38;5;121m1[0m[38;5;159m envs).[0m
[38;5;159m[Genesis] [09:54:36] [INFO] Running at [38;5;121m83.82[0m[38;5;159m FPS ([38;5;121m83.82[0m[38;5;159m FPS per env, [38;5;121m1[0m[38;5;159m envs).[0m
[38;5;159m[Genesis] [09:54:36] [INFO] Running at [38;5;121m83.86[0m[38;5;159m FPS ([38;5;121m83.86[0m[38;5;159m FPS per env, [38;5;121m1[0m[38;5;159m envs).[0m
[38;5;159m[Genesis] [09:54:36] [INFO] Running at [38;5;121m83.86[0m[38;5;159m FPS ([38;5;121m83.86[0m[38;5;159m FPS per env, [38;5;121m1[0m[38;5;159m envs).[0m
[38;5;159m[Genesis] [09:54:36] [INFO] Running at [38;5;121m83.89[0m[38;5;159m FPS ([38;5;121m83.89[0m[38;5;159m FPS per env, [38;5;121m1[0m[38;5;159m envs).[0m
[38;5;159m[Genesis] [09:54:36] [INFO] Running at [38;5;121m83.94[0m[38;5;159m FPS ([38;5;121m83.94[0m[38;5;159m FPS per env, [38;5;121m1[0m[38;5;159m envs).[0m
[38;5;159m[Genesis] [09:54:36] [INFO] Running at [38;5;121m83.79[0m[38;5;159m FPS ([38;5;121m83.79[0m[38;5;159m FPS per env, [38;5;121m1[0m[38;5;159m envs).[0m
[38;5;159m[Genesis] [09:54:36] [INFO] Running at [38;5;121m83.84[0m[38;5;159m FPS ([38;5;121m83.84[0m[38;5;159m FPS per env, [38;5;121m1[0m[38;5;159m envs).[0m
[38;5;159m[Genesis] [09:54:36] [INFO] Running at [38;5;121m83.86[0m[38;5;159m FPS ([38;5;121m83.86[0m[38;5;159m FPS per env, [38;5;121m1[0m[38;5;159m envs).[0m
[38;5;159m[Genesis] [09:54:36] [INFO] Running at [38;5;121m83.91[0m[38;5;159m FPS ([38;5;121m83.91[0m[38;5;159m FPS per env, [38;5;121m1[0m[38;5;159m envs).[0m
[38;5;159m[Genesis] [09:54:36] [INFO] Running at [38;5;121m83.94[0m[38;5;159m FPS ([38;5;121m83.94[0m[38;5;159m FPS per env, [38;5;121m1[0m[38;5;159m envs).[0m
[38;5;159m[Genesis] [09:54:36] [INFO] Running at [38;5;121m83.96[0m[38;5;159m FPS ([38;5;121m83.96[0m[38;5;159m FPS per env, [38;5;121m1[0m[38;5;159m envs).[0m
[38;5;159m[Genesis] [09:54:36] [INFO] Running at [38;5;121m83.97[0m[38;5;159m FPS ([38;5;121m83.97[0m[38;5;159m FPS per env, [38;5;121m1[0m[38;5;159m envs).[0m
[38;5;159m[Genesis] [09:54:36] [INFO] Running at [38;5;121m84.02[0m[38;5;159m FPS ([38;5;121m84.02[0m[38;5;159m FPS per env, [38;5;121m1[0m[38;5;159m envs).[0m
[38;5;159m[Genesis] [09:54:36] [INFO] Running at [38;5;121m84.04[0m[38;5;159m FPS ([38;5;121m84.04[0m[38;5;159m FPS per env, [38;5;121m1[0m[38;5;159m envs).[0m
[38;5;159m[Genesis] [09:54:36] [INFO] Running at [38;5;121m84.07[0m[38;5;159m FPS ([38;5;121m84.07[0m[38;5;159m FPS per env, [38;5;121m1[0m[38;5;159m envs).[0m
[38;5;159m[Genesis] [09:54:37] [INFO] Running at [38;5;121m84.09[0m[38;5;159m FPS ([38;5;121m84.09[0m[38;5;159m FPS per env, [38;5;121m1[0m[38;5;159m envs).[0m
[38;5;159m[Genesis] [09:54:37] [INFO] Running at [38;5;121m84.11[0m[38;5;159m FPS ([38;5;121m84.11[0m[38;5;159m FPS per env, [38;5;121m1[0m[38;5;159m envs).[0m
[38;5;159m[Genesis] [09:54:37] [INFO] Running at [38;5;121m84.14[0m[38;5;159m FPS ([38;5;121m84.14[0m[38;5;159m FPS per env, [38;5;121m1[0m[38;5;159m envs).[0m
[38;5;159m[Genesis] [09:54:37] [INFO] Running at [38;5;121m84.00[0m[38;5;159m FPS ([38;5;121m84.00[0m[38;5;159m FPS per env, [38;5;121m1[0m[38;5;159m envs).[0m
[38;5;159m[Genesis] [09:54:37] [INFO] Running at [38;5;121m84.04[0m[38;5;159m FPS ([38;5;121m84.04[0m[38;5;159m FPS per env, [38;5;121m1[0m[38;5;159m envs).[0m
[38;5;159m[Genesis] [09:54:37] [INFO] Running at [38;5;121m84.07[0m[38;5;159m FPS ([38;5;121m84.07[0m[38;5;159m FPS per env, [38;5;121m1[0m[38;5;159m envs).[0m
[38;5;159m[Genesis] [09:54:37] [INFO] Running at [38;5;121m84.09[0m[38;5;159m FPS ([38;5;121m84.09[0m[38;5;159m FPS per env, [38;5;121m1[0m[38;5;159m envs).[0m
[38;5;159m[Genesis] [09:54:37] [INFO] Running at [38;5;121m67.79[0m[38;5;159m FPS ([38;5;121m67.79[0m[38;5;159m FPS per env, [38;5;121m1[0m[38;5;159m envs).[0m
[38;5;159m[Genesis] [09:54:37] [INFO] Running at [38;5;121m84.73[0m[38;5;159m FPS ([38;5;121m84.73[0m[38;5;159m FPS per env, [38;5;121m1[0m[38;5;159m envs).[0m
[38;5;159m[Genesis] [09:54:37] [INFO] Running at [38;5;121m84.73[0m[38;5;159m FPS ([38;5;121m84.73[0m[38;5;159m FPS per env, [38;5;121m1[0m[38;5;159m envs).[0m
[38;5;159m[Genesis] [09:54:37] [INFO] Running at [38;5;121m84.73[0m[38;5;159m FPS ([38;5;121m84.73[0m[38;5;159m FPS per env, [38;5;121m1[0m[38;5;159m envs).[0m
[38;5;159m[Genesis] [09:54:37] [INFO] Running at [38;5;121m84.72[0m[38;5;159m FPS ([38;5;121m84.72[0m[38;5;159m FPS per env, [38;5;121m1[0m[38;5;159m envs).[0m
[38;5;159m[Genesis] [09:54:37] [INFO] Running at [38;5;121m84.69[0m[38;5;159m FPS ([38;5;121m84.69[0m[38;5;159m FPS per env, [38;5;121m1[0m[38;5;159m envs).[0m
[38;5;159m[Genesis] [09:54:37] [INFO] Running at [38;5;121m84.68[0m[38;5;159m FPS ([38;5;121m84.68[0m[38;5;159m FPS per env, [38;5;121m1[0m[38;5;159m envs).[0m
[38;5;159m[Genesis] [09:54:37] [INFO] Running at [38;5;121m84.68[0m[38;5;159m FPS ([38;5;121m84.68[0m[38;5;159m FPS per env, [38;5;121m1[0m[38;5;159m envs).[0m
[38;5;159m[Genesis] [09:54:37] [INFO] Running at [38;5;121m84.65[0m[38;5;159m FPS ([38;5;121m84.65[0m[38;5;159m FPS per env, [38;5;121m1[0m[38;5;159m envs).[0m
[38;5;159m[Genesis] [09:54:37] [INFO] Running at [38;5;121m84.65[0m[38;5;159m FPS ([38;5;121m84.65[0m[38;5;159m FPS per env, [38;5;121m1[0m[38;5;159m envs).[0m
[38;5;159m[Genesis] [09:54:38] [INFO] Running at [38;5;121m84.66[0m[38;5;159m FPS ([38;5;121m84.66[0m[38;5;159m FPS per env, [38;5;121m1[0m[38;5;159m envs).[0m
[38;5;159m[Genesis] [09:54:38] [INFO] Running at [38;5;121m84.64[0m[38;5;159m FPS ([38;5;121m84.64[0m[38;5;159m FPS per env, [38;5;121m1[0m[38;5;159m envs).[0m
[38;5;159m[Genesis] [09:54:38] [INFO] Running at [38;5;121m84.65[0m[38;5;159m FPS ([38;5;121m84.65[0m[38;5;159m FPS per env, [38;5;121m1[0m[38;5;159m envs).[0m
[38;5;159m[Genesis] [09:54:38] [INFO] Running at [38;5;121m84.67[0m[38;5;159m FPS ([38;5;121m84.67[0m[38;5;159m FPS per env, [38;5;121m1[0m[38;5;159m envs).[0m
[38;5;159m[Genesis] [09:54:38] [INFO] Running at [38;5;121m84.68[0m[38;5;159m FPS ([38;5;121m84.68[0m[38;5;159m FPS per env, [38;5;121m1[0m[38;5;159m envs).[0m
[38;5;159m[Genesis] [09:54:38] [INFO] Running at [38;5;121m84.69[0m[38;5;159m FPS ([38;5;121m84.69[0m[38;5;159m FPS per env, [38;5;121m1[0m[38;5;159m envs).[0m
[38;5;159m[Genesis] [09:54:38] [INFO] Running at [38;5;121m84.69[0m[38;5;159m FPS ([38;5;121m84.69[0m[38;5;159m FPS per env, [38;5;121m1[0m[38;5;159m envs).[0m
[38;5;159m[Genesis] [09:54:38] [INFO] Running at [38;5;121m84.53[0m[38;5;159m FPS ([38;5;121m84.53[0m[38;5;159m FPS per env, [38;5;121m1[0m[38;5;159m envs).[0m
[38;5;159m[Genesis] [09:54:38] [INFO] Running at [38;5;121m84.55[0m[38;5;159m FPS ([38;5;121m84.55[0m[38;5;159m FPS per env, [38;5;121m1[0m[38;5;159m envs).[0m
[38;5;159m[Genesis] [09:54:38] [INFO] Running at [38;5;121m84.58[0m[38;5;159m FPS ([38;5;121m84.58[0m[38;5;159m FPS per env, [38;5;121m1[0m[38;5;159m envs).[0m
[38;5;159m[Genesis] [09:54:38] [INFO] Running at [38;5;121m84.60[0m[38;5;159m FPS ([38;5;121m84.60[0m[38;5;159m FPS per env, [38;5;121m1[0m[38;5;159m envs).[0m
[38;5;159m[Genesis] [09:54:38] [INFO] Running at [38;5;121m84.62[0m[38;5;159m FPS ([38;5;121m84.62[0m[38;5;159m FPS per env, [38;5;121m1[0m[38;5;159m envs).[0m
[38;5;159m[Genesis] [09:54:38] [INFO] Running at [38;5;121m84.62[0m[38;5;159m FPS ([38;5;121m84.62[0m[38;5;159m FPS per env, [38;5;121m1[0m[38;5;159m envs).[0m
[38;5;159m[Genesis] [09:54:38] [INFO] Running at [38;5;121m84.64[0m[38;5;159m FPS ([38;5;121m84.64[0m[38;5;159m FPS per env, [38;5;121m1[0m[38;5;159m envs).[0m
[38;5;159m[Genesis] [09:54:38] [INFO] Running at [38;5;121m84.64[0m[38;5;159m FPS ([38;5;121m84.64[0m[38;5;159m FPS per env, [38;5;121m1[0m[38;5;159m envs).[0m
[38;5;159m[Genesis] [09:54:38] [INFO] Running at [38;5;121m84.66[0m[38;5;159m FPS ([38;5;121m84.66[0m[38;5;159m FPS per env, [38;5;121m1[0m[38;5;159m envs).[0m
[38;5;159m[Genesis] [09:54:38] [INFO] Running at [38;5;121m84.68[0m[38;5;159m FPS ([38;5;121m84.68[0m[38;5;159m FPS per env, [38;5;121m1[0m[38;5;159m envs).[0m
[38;5;159m[Genesis] [09:54:39] [INFO] Running at [38;5;121m84.70[0m[38;5;159m FPS ([38;5;121m84.70[0m[38;5;159m FPS per env, [38;5;121m1[0m[38;5;159m envs).[0m
[38;5;159m[Genesis] [09:54:39] [INFO] Running at [38;5;121m84.71[0m[38;5;159m FPS ([38;5;121m84.71[0m[38;5;159m FPS per env, [38;5;121m1[0m[38;5;159m envs).[0m
[38;5;159m[Genesis] [09:54:39] [INFO] Running at [38;5;121m84.73[0m[38;5;159m FPS ([38;5;121m84.73[0m[38;5;159m FPS per env, [38;5;121m1[0m[38;5;159m envs).[0m
[38;5;159m[Genesis] [09:54:39] [INFO] Running at [38;5;121m68.24[0m[38;5;159m FPS ([38;5;121m68.24[0m[38;5;159m FPS per env, [38;5;121m1[0m[38;5;159m envs).[0m
[38;5;159m[Genesis] [09:54:39] [INFO] Running at [38;5;121m85.28[0m[38;5;159m FPS ([38;5;121m85.28[0m[38;5;159m FPS per env, [38;5;121m1[0m[38;5;159m envs).[0m
[38;5;159m[Genesis] [09:54:39] [INFO] Running at [38;5;121m85.25[0m[38;5;159m FPS ([38;5;121m85.25[0m[38;5;159m FPS per env, [38;5;121m1[0m[38;5;159m envs).[0m
[38;5;159m[Genesis] [09:54:39] [INFO] Running at [38;5;121m85.24[0m[38;5;159m FPS ([38;5;121m85.24[0m[38;5;159m FPS per env, [38;5;121m1[0m[38;5;159m envs).[0m
[38;5;159m[Genesis] [09:54:39] [INFO] Running at [38;5;121m85.03[0m[38;5;159m FPS ([38;5;121m85.03[0m[38;5;159m FPS per env, [38;5;121m1[0m[38;5;159m envs).[0m
[38;5;159m[Genesis] [09:54:39] [INFO] Running at [38;5;121m85.03[0m[38;5;159m FPS ([38;5;121m85.03[0m[38;5;159m FPS per env, [38;5;121m1[0m[38;5;159m envs).[0m
[38;5;159m[Genesis] [09:54:39] [INFO] Running at [38;5;121m85.00[0m[38;5;159m FPS ([38;5;121m85.00[0m[38;5;159m FPS per env, [38;5;121m1[0m[38;5;159m envs).[0m
[38;5;159m[Genesis] [09:54:39] [INFO] Running at [38;5;121m84.99[0m[38;5;159m FPS ([38;5;121m84.99[0m[38;5;159m FPS per env, [38;5;121m1[0m[38;5;159m envs).[0m
[38;5;159m[Genesis] [09:54:39] [INFO] Running at [38;5;121m84.98[0m[38;5;159m FPS ([38;5;121m84.98[0m[38;5;159m FPS per env, [38;5;121m1[0m[38;5;159m envs).[0m
[38;5;159m[Genesis] [09:54:39] [INFO] Running at [38;5;121m84.97[0m[38;5;159m FPS ([38;5;121m84.97[0m[38;5;159m FPS per env, [38;5;121m1[0m[38;5;159m envs).[0m
[38;5;159m[Genesis] [09:54:39] [INFO] Running at [38;5;121m84.96[0m[38;5;159m FPS ([38;5;121m84.96[0m[38;5;159m FPS per env, [38;5;121m1[0m[38;5;159m envs).[0m
[38;5;159m[Genesis] [09:54:39] [INFO] Running at [38;5;121m84.96[0m[38;5;159m FPS ([38;5;121m84.96[0m[38;5;159m FPS per env, [38;5;121m1[0m[38;5;159m envs).[0m
[38;5;159m[Genesis] [09:54:39] [INFO] Running at [38;5;121m84.96[0m[38;5;159m FPS ([38;5;121m84.96[0m[38;5;159m FPS per env, [38;5;121m1[0m[38;5;159m envs).[0m
[38;5;159m[Genesis] [09:54:39] [INFO] Running at [38;5;121m84.95[0m[38;5;159m FPS ([38;5;121m84.95[0m[38;5;159m FPS per env, [38;5;121m1[0m[38;5;159m envs).[0m
[38;5;159m[Genesis] [09:54:40] [INFO] Running at [38;5;121m84.95[0m[38;5;159m FPS ([38;5;121m84.95[0m[38;5;159m FPS per env, [38;5;121m1[0m[38;5;159m envs).[0m
[38;5;159m[Genesis] [09:54:40] [INFO] Running at [38;5;121m84.96[0m[38;5;159m FPS ([38;5;121m84.96[0m[38;5;159m FPS per env, [38;5;121m1[0m[38;5;159m envs).[0m
[38;5;159m[Genesis] [09:54:40] [INFO] Running at [38;5;121m84.97[0m[38;5;159m FPS ([38;5;121m84.97[0m[38;5;159m FPS per env, [38;5;121m1[0m[38;5;159m envs).[0m
[38;5;159m[Genesis] [09:54:40] [INFO] Running at [38;5;121m84.95[0m[38;5;159m FPS ([38;5;121m84.95[0m[38;5;159m FPS per env, [38;5;121m1[0m[38;5;159m envs).[0m
[38;5;159m[Genesis] [09:54:40] [INFO] Running at [38;5;121m84.92[0m[38;5;159m FPS ([38;5;121m84.92[0m[38;5;159m FPS per env, [38;5;121m1[0m[38;5;159m envs).[0m
[38;5;159m[Genesis] [09:54:40] [INFO] Running at [38;5;121m84.94[0m[38;5;159m FPS ([38;5;121m84.94[0m[38;5;159m FPS per env, [38;5;121m1[0m[38;5;159m envs).[0m
[38;5;159m[Genesis] [09:54:40] [INFO] Running at [38;5;121m84.94[0m[38;5;159m FPS ([38;5;121m84.94[0m[38;5;159m FPS per env, [38;5;121m1[0m[38;5;159m envs).[0m
[38;5;159m[Genesis] [09:54:40] [INFO] Running at [38;5;121m84.77[0m[38;5;159m FPS ([38;5;121m84.77[0m[38;5;159m FPS per env, [38;5;121m1[0m[38;5;159m envs).[0m
[38;5;159m[Genesis] [09:54:40] [INFO] Running at [38;5;121m84.78[0m[38;5;159m FPS ([38;5;121m84.78[0m[38;5;159m FPS per env, [38;5;121m1[0m[38;5;159m envs).[0m
[38;5;159m[Genesis] [09:54:40] [INFO] Running at [38;5;121m84.79[0m[38;5;159m FPS ([38;5;121m84.79[0m[38;5;159m FPS per env, [38;5;121m1[0m[38;5;159m envs).[0m
[38;5;159m[Genesis] [09:54:40] [INFO] Running at [38;5;121m84.81[0m[38;5;159m FPS ([38;5;121m84.81[0m[38;5;159m FPS per env, [38;5;121m1[0m[38;5;159m envs).[0m
[38;5;159m[Genesis] [09:54:40] [INFO] Running at [38;5;121m84.79[0m[38;5;159m FPS ([38;5;121m84.79[0m[38;5;159m FPS per env, [38;5;121m1[0m[38;5;159m envs).[0m
[38;5;159m[Genesis] [09:54:40] [INFO] Running at [38;5;121m84.80[0m[38;5;159m FPS ([38;5;121m84.80[0m[38;5;159m FPS per env, [38;5;121m1[0m[38;5;159m envs).[0m
[38;5;159m[Genesis] [09:54:40] [INFO] Running at [38;5;121m84.81[0m[38;5;159m FPS ([38;5;121m84.81[0m[38;5;159m FPS per env, [38;5;121m1[0m[38;5;159m envs).[0m
[38;5;159m[Genesis] [09:54:40] [INFO] Running at [38;5;121m84.81[0m[38;5;159m FPS ([38;5;121m84.81[0m[38;5;159m FPS per env, [38;5;121m1[0m[38;5;159m envs).[0m
[38;5;159m[Genesis] [09:54:40] [INFO] Running at [38;5;121m84.81[0m[38;5;159m FPS ([38;5;121m84.81[0m[38;5;159m FPS per env, [38;5;121m1[0m[38;5;159m envs).[0m
[38;5;159m[Genesis] [09:54:40] [INFO] Running at [38;5;121m84.81[0m[38;5;159m FPS ([38;5;121m84.81[0m[38;5;159m FPS per env, [38;5;121m1[0m[38;5;159m envs).[0m
[38;5;159m[Genesis] [09:54:41] [INFO] Running at [38;5;121m84.82[0m[38;5;159m FPS ([38;5;121m84.82[0m[38;5;159m FPS per env, [38;5;121m1[0m[38;5;159m envs).[0m
[38;5;159m[Genesis] [09:54:41] [INFO] Running at [38;5;121m84.83[0m[38;5;159m FPS ([38;5;121m84.83[0m[38;5;159m FPS per env, [38;5;121m1[0m[38;5;159m envs).[0m
[38;5;159m[Genesis] [09:54:41] [INFO] Running at [38;5;121m84.84[0m[38;5;159m FPS ([38;5;121m84.84[0m[38;5;159m FPS per env, [38;5;121m1[0m[38;5;159m envs).[0m
[38;5;159m[Genesis] [09:54:41] [INFO] Running at [38;5;121m84.86[0m[38;5;159m FPS ([38;5;121m84.86[0m[38;5;159m FPS per env, [38;5;121m1[0m[38;5;159m envs).[0m
[38;5;159m[Genesis] [09:54:41] [INFO] Running at [38;5;121m84.78[0m[38;5;159m FPS ([38;5;121m84.78[0m[38;5;159m FPS per env, [38;5;121m1[0m[38;5;159m envs).[0m
[38;5;159m[Genesis] [09:54:41] [INFO] Running at [38;5;121m84.61[0m[38;5;159m FPS ([38;5;121m84.61[0m[38;5;159m FPS per env, [38;5;121m1[0m[38;5;159m envs).[0m
[38;5;159m[Genesis] [09:54:41] [INFO] Running at [38;5;121m84.61[0m[38;5;159m FPS ([38;5;121m84.61[0m[38;5;159m FPS per env, [38;5;121m1[0m[38;5;159m envs).[0m
[38;5;159m[Genesis] [09:54:41] [INFO] Running at [38;5;121m84.45[0m[38;5;159m FPS ([38;5;121m84.45[0m[38;5;159m FPS per env, [38;5;121m1[0m[38;5;159m envs).[0m
[38;5;159m[Genesis] [09:54:41] [INFO] Running at [38;5;121m84.48[0m[38;5;159m FPS ([38;5;121m84.48[0m[38;5;159m FPS per env, [38;5;121m1[0m[38;5;159m envs).[0m
[38;5;159m[Genesis] [09:54:41] [INFO] Running at [38;5;121m84.50[0m[38;5;159m FPS ([38;5;121m84.50[0m[38;5;159m FPS per env, [38;5;121m1[0m[38;5;159m envs).[0m
[38;5;159m[Genesis] [09:54:41] [INFO] Running at [38;5;121m84.52[0m[38;5;159m FPS ([38;5;121m84.52[0m[38;5;159m FPS per env, [38;5;121m1[0m[38;5;159m envs).[0m
[38;5;159m[Genesis] [09:54:41] [INFO] Running at [38;5;121m84.52[0m[38;5;159m FPS ([38;5;121m84.52[0m[38;5;159m FPS per env, [38;5;121m1[0m[38;5;159m envs).[0m
[38;5;159m[Genesis] [09:54:41] [INFO] Running at [38;5;121m84.52[0m[38;5;159m FPS ([38;5;121m84.52[0m[38;5;159m FPS per env, [38;5;121m1[0m[38;5;159m envs).[0m
[38;5;159m[Genesis] [09:54:41] [INFO] Running at [38;5;121m84.54[0m[38;5;159m FPS ([38;5;121m84.54[0m[38;5;159m FPS per env, [38;5;121m1[0m[38;5;159m envs).[0m
[38;5;159m[Genesis] [09:54:41] [INFO] Running at [38;5;121m84.56[0m[38;5;159m FPS ([38;5;121m84.56[0m[38;5;159m FPS per env, [38;5;121m1[0m[38;5;159m envs).[0m
[38;5;159m[Genesis] [09:54:41] [INFO] Running at [38;5;121m84.58[0m[38;5;159m FPS ([38;5;121m84.58[0m[38;5;159m FPS per env, [38;5;121m1[0m[38;5;159m envs).[0m
[38;5;159m[Genesis] [09:54:42] [INFO] Running at [38;5;121m84.59[0m[38;5;159m FPS ([38;5;121m84.59[0m[38;5;159m FPS per env, [38;5;121m1[0m[38;5;159m envs).[0m
[38;5;159m[Genesis] [09:54:42] [INFO] Running at [38;5;121m84.61[0m[38;5;159m FPS ([38;5;121m84.61[0m[38;5;159m FPS per env, [38;5;121m1[0m[38;5;159m envs).[0m
[38;5;159m[Genesis] [09:54:42] [INFO] Running at [38;5;121m84.62[0m[38;5;159m FPS ([38;5;121m84.62[0m[38;5;159m FPS per env, [38;5;121m1[0m[38;5;159m envs).[0m
[38;5;159m[Genesis] [09:54:42] [INFO] Running at [38;5;121m84.65[0m[38;5;159m FPS ([38;5;121m84.65[0m[38;5;159m FPS per env, [38;5;121m1[0m[38;5;159m envs).[0m
[38;5;159m[Genesis] [09:54:42] [INFO] Running at [38;5;121m84.51[0m[38;5;159m FPS ([38;5;121m84.51[0m[38;5;159m FPS per env, [38;5;121m1[0m[38;5;159m envs).[0m
[38;5;159m[Genesis] [09:54:42] [INFO] Running at [38;5;121m84.54[0m[38;5;159m FPS ([38;5;121m84.54[0m[38;5;159m FPS per env, [38;5;121m1[0m[38;5;159m envs).[0m
[38;5;159m[Genesis] [09:54:42] [INFO] Running at [38;5;121m84.55[0m[38;5;159m FPS ([38;5;121m84.55[0m[38;5;159m FPS per env, [38;5;121m1[0m[38;5;159m envs).[0m
[38;5;159m[Genesis] [09:54:42] [INFO] Running at [38;5;121m84.58[0m[38;5;159m FPS ([38;5;121m84.58[0m[38;5;159m FPS per env, [38;5;121m1[0m[38;5;159m envs).[0m
[38;5;159m[Genesis] [09:54:42] [INFO] Running at [38;5;121m84.43[0m[38;5;159m FPS ([38;5;121m84.43[0m[38;5;159m FPS per env, [38;5;121m1[0m[38;5;159m envs).[0m
[38;5;159m[Genesis] [09:54:42] [INFO] Running at [38;5;121m84.44[0m[38;5;159m FPS ([38;5;121m84.44[0m[38;5;159m FPS per env, [38;5;121m1[0m[38;5;159m envs).[0m
[38;5;159m[Genesis] [09:54:42] [INFO] Running at [38;5;121m84.47[0m[38;5;159m FPS ([38;5;121m84.47[0m[38;5;159m FPS per env, [38;5;121m1[0m[38;5;159m envs).[0m
[38;5;159m[Genesis] [09:54:42] [INFO] Running at [38;5;121m84.47[0m[38;5;159m FPS ([38;5;121m84.47[0m[38;5;159m FPS per env, [38;5;121m1[0m[38;5;159m envs).[0m
[38;5;159m[Genesis] [09:54:42] [INFO] Running at [38;5;121m84.47[0m[38;5;159m FPS ([38;5;121m84.47[0m[38;5;159m FPS per env, [38;5;121m1[0m[38;5;159m envs).[0m
[38;5;159m[Genesis] [09:54:42] [INFO] Running at [38;5;121m84.46[0m[38;5;159m FPS ([38;5;121m84.46[0m[38;5;159m FPS per env, [38;5;121m1[0m[38;5;159m envs).[0m
[38;5;159m[Genesis] [09:54:42] [INFO] Running at [38;5;121m84.46[0m[38;5;159m FPS ([38;5;121m84.46[0m[38;5;159m FPS per env, [38;5;121m1[0m[38;5;159m envs).[0m
[38;5;159m[Genesis] [09:54:42] [INFO] Running at [38;5;121m84.45[0m[38;5;159m FPS ([38;5;121m84.45[0m[38;5;159m FPS per env, [38;5;121m1[0m[38;5;159m envs).[0m
[38;5;159m[Genesis] [09:54:42] [INFO] Running at [38;5;121m84.44[0m[38;5;159m FPS ([38;5;121m84.44[0m[38;5;159m FPS per env, [38;5;121m1[0m[38;5;159m envs).[0m
[38;5;159m[Genesis] [09:54:43] [INFO] Running at [38;5;121m84.38[0m[38;5;159m FPS ([38;5;121m84.38[0m[38;5;159m FPS per env, [38;5;121m1[0m[38;5;159m envs).[0m
[38;5;159m[Genesis] [09:54:43] [INFO] Running at [38;5;121m84.30[0m[38;5;159m FPS ([38;5;121m84.30[0m[38;5;159m FPS per env, [38;5;121m1[0m[38;5;159m envs).[0m
[38;5;159m[Genesis] [09:54:43] [INFO] Running at [38;5;121m84.20[0m[38;5;159m FPS ([38;5;121m84.20[0m[38;5;159m FPS per env, [38;5;121m1[0m[38;5;159m envs).[0m
[38;5;159m[Genesis] [09:54:43] [INFO] Running at [38;5;121m84.12[0m[38;5;159m FPS ([38;5;121m84.12[0m[38;5;159m FPS per env, [38;5;121m1[0m[38;5;159m envs).[0m
[38;5;159m[Genesis] [09:54:43] [INFO] Running at [38;5;121m84.01[0m[38;5;159m FPS ([38;5;121m84.01[0m[38;5;159m FPS per env, [38;5;121m1[0m[38;5;159m envs).[0m
[38;5;159m[Genesis] [09:54:43] [INFO] Running at [38;5;121m83.90[0m[38;5;159m FPS ([38;5;121m83.90[0m[38;5;159m FPS per env, [38;5;121m1[0m[38;5;159m envs).[0m
[38;5;159m[Genesis] [09:54:43] [INFO] Running at [38;5;121m83.84[0m[38;5;159m FPS ([38;5;121m83.84[0m[38;5;159m FPS per env, [38;5;121m1[0m[38;5;159m envs).[0m
[38;5;159m[Genesis] [09:54:43] [INFO] Running at [38;5;121m83.77[0m[38;5;159m FPS ([38;5;121m83.77[0m[38;5;159m FPS per env, [38;5;121m1[0m[38;5;159m envs).[0m
[38;5;159m[Genesis] [09:54:43] [INFO] Running at [38;5;121m83.56[0m[38;5;159m FPS ([38;5;121m83.56[0m[38;5;159m FPS per env, [38;5;121m1[0m[38;5;159m envs).[0m
[38;5;159m[Genesis] [09:54:43] [INFO] Running at [38;5;121m83.51[0m[38;5;159m FPS ([38;5;121m83.51[0m[38;5;159m FPS per env, [38;5;121m1[0m[38;5;159m envs).[0m
[38;5;159m[Genesis] [09:54:43] [INFO] Running at [38;5;121m83.46[0m[38;5;159m FPS ([38;5;121m83.46[0m[38;5;159m FPS per env, [38;5;121m1[0m[38;5;159m envs).[0m
[38;5;159m[Genesis] [09:54:43] [INFO] Running at [38;5;121m83.44[0m[38;5;159m FPS ([38;5;121m83.44[0m[38;5;159m FPS per env, [38;5;121m1[0m[38;5;159m envs).[0m
[38;5;159m[Genesis] [09:54:43] [INFO] Running at [38;5;121m83.41[0m[38;5;159m FPS ([38;5;121m83.41[0m[38;5;159m FPS per env, [38;5;121m1[0m[38;5;159m envs).[0m
[38;5;159m[Genesis] [09:54:43] [INFO] Running at [38;5;121m83.38[0m[38;5;159m FPS ([38;5;121m83.38[0m[38;5;159m FPS per env, [38;5;121m1[0m[38;5;159m envs).[0m
[38;5;159m[Genesis] [09:54:43] [INFO] Running at [38;5;121m83.38[0m[38;5;159m FPS ([38;5;121m83.38[0m[38;5;159m FPS per env, [38;5;121m1[0m[38;5;159m envs).[0m
[38;5;159m[Genesis] [09:54:43] [INFO] Running at [38;5;121m83.35[0m[38;5;159m FPS ([38;5;121m83.35[0m[38;5;159m FPS per env, [38;5;121m1[0m[38;5;159m envs).[0m
[38;5;159m[Genesis] [09:54:43] [INFO] Running at [38;5;121m83.29[0m[38;5;159m FPS ([38;5;121m83.29[0m[38;5;159m FPS per env, [38;5;121m1[0m[38;5;159m envs).[0m
[38;5;159m[Genesis] [09:54:44] [INFO] Running at [38;5;121m83.28[0m[38;5;159m FPS ([38;5;121m83.28[0m[38;5;159m FPS per env, [38;5;121m1[0m[38;5;159m envs).[0m
[38;5;159m[Genesis] [09:54:44] [INFO] Running at [38;5;121m83.26[0m[38;5;159m FPS ([38;5;121m83.26[0m[38;5;159m FPS per env, [38;5;121m1[0m[38;5;159m envs).[0m
[38;5;159m[Genesis] [09:54:44] [INFO] Running at [38;5;121m83.24[0m[38;5;159m FPS ([38;5;121m83.24[0m[38;5;159m FPS per env, [38;5;121m1[0m[38;5;159m envs).[0m
[38;5;159m[Genesis] [09:54:44] [INFO] Running at [38;5;121m83.23[0m[38;5;159m FPS ([38;5;121m83.23[0m[38;5;159m FPS per env, [38;5;121m1[0m[38;5;159m envs).[0m
fps 50
[38;5;159m[Genesis] [09:54:44] [INFO] Saving video to [38;5;121m"test_3000_behind.mp4"[0m[38;5;159m...[0m
[38;5;159m[Genesis] [09:54:46] [INFO] Video saved.[0m
[38;5;159m[Genesis] [09:54:46] [INFO] Saving video to [38;5;121m"test_3000_side.mp4"[0m[38;5;159m...[0m
[38;5;159m[Genesis] [09:54:48] [INFO] Video saved.[0m
Saved recordings for checkpoint 3000.
[38;5;159m[Genesis] [09:54:48] [INFO] 💤 Exiting Genesis and caching compiled kernels...[0m
