[38;5;159m[Genesis] [12:37:06] [INFO] [38;5;121m╭───────────────────────────────────────────────╮[0m[38;5;159m[0m
[38;5;159m[Genesis] [12:37:06] [INFO] [38;5;121m│┈┉┈┉┈┉┈┉┈┉┈┉┈┉┈┉┈┉┈[0m[38;5;159m [38;5;121m[1m[3mGenesis[0m[38;5;159m [38;5;121m┈┉┈┉┈┉┈┉┈┉┈┉┈┉┈┉┈┉┈│[0m[38;5;159m[0m
[38;5;159m[Genesis] [12:37:06] [INFO] [38;5;121m╰───────────────────────────────────────────────╯[0m[38;5;159m[0m
[38;5;159m[Genesis] [12:37:06] [INFO] Running on [38;5;121m[4m[NVIDIA GeForce RTX 5090][0m[38;5;159m with backend [38;5;121m[4mgs.cuda[0m[38;5;159m. Device memory: [38;5;121m[4m31.36[0m[38;5;159m GB.[0m
[38;5;159m[Genesis] [12:37:06] [INFO] 🚀 Genesis initialized. 🔖 version: [38;5;121m[4m0.4.7[0m[38;5;159m, 🎨 theme: [38;5;121m[4mdark[0m[38;5;159m, 🌱 seed: [38;5;121m[4mNone[0m[38;5;159m, 🐛 debug: [38;5;121m[4mFalse[0m[38;5;159m, 📏 precision: [38;5;121m[4m32[0m[38;5;159m, 🔥 performance: [38;5;121m[4mFalse[0m[38;5;159m, 💬 verbose: [38;5;121m[4mINFO[0m[38;5;159m[0m
[38;5;226m[Genesis] [12:37:09] [WARNING] Viewer option 'n_rendered_envs' is deprecated and will be removed in a future release. Please use 'rendered_envs_idx' instead.[0m
[38;5;159m[Genesis] [12:37:09] [INFO] Scene [38;5;121m[3m<de1e400>[0m[38;5;159m created.[0m
[38;5;159m[Genesis] [12:37:09] [INFO] Adding [38;5;121m<gs.engine.entities.RigidEntity>[0m[38;5;159m. idx: [38;5;121m0[0m[38;5;159m, uid: [38;5;121m[3m<e346ec3>[0m[38;5;159m, morph: [38;5;121m<gs.morphs.Plane>[0m[38;5;159m, material: [38;5;121m<gs.materials.Rigid>[0m[38;5;159m.[0m
[38;5;159m[Genesis] [12:37:09] [INFO] Adding [38;5;121m<gs.engine.entities.RigidEntity>[0m[38;5;159m. idx: [38;5;121m1[0m[38;5;159m, uid: [38;5;121m[3m<d88d508>[0m[38;5;159m, morph: [38;5;121m<gs.morphs.URDF(file='/home/jfriesen/.local/lib/python3.12/site-packages/genesis/assets/urdf/go2/urdf/go2.urdf')>[0m[38;5;159m, material: [38;5;121m<gs.materials.Rigid>[0m[38;5;159m.[0m
[38;5;159m[Genesis] [12:37:12] [INFO] Building scene [38;5;121m[3m<de1e400>[0m[38;5;159m...[0m
[38;5;226m[Genesis] [12:37:13] [WARNING] Neutral robot position (qpos0) exceeds joint limits.[0m
[38;5;159m[Genesis] [12:37:13] [INFO] Compiling simulation kernels...[0m
[38;5;159m[Genesis] [12:37:15] [INFO] Building visualizer...[0m
[38;5;226m[Genesis] [12:37:15] [WARNING] This property is deprecated and will be removed in future release. Please use 'dofs_idx_local' instead.[0m
[38;5;226m[Genesis] [12:37:15] [WARNING] This property is deprecated and will be removed in future release. Please use 'dofs_idx_local' instead.[0m
[38;5;226m[Genesis] [12:37:15] [WARNING] This property is deprecated and will be removed in future release. Please use 'dofs_idx_local' instead.[0m
[38;5;226m[Genesis] [12:37:15] [WARNING] This property is deprecated and will be removed in future release. Please use 'dofs_idx_local' instead.[0m
[38;5;226m[Genesis] [12:37:15] [WARNING] This property is deprecated and will be removed in future release. Please use 'dofs_idx_local' instead.[0m
[38;5;226m[Genesis] [12:37:15] [WARNING] This property is deprecated and will be removed in future release. Please use 'dofs_idx_local' instead.[0m
[38;5;226m[Genesis] [12:37:15] [WARNING] This property is deprecated and will be removed in future release. Please use 'dofs_idx_local' instead.[0m
[38;5;226m[Genesis] [12:37:15] [WARNING] This property is deprecated and will be removed in future release. Please use 'dofs_idx_local' instead.[0m
[38;5;226m[Genesis] [12:37:15] [WARNING] This property is deprecated and will be removed in future release. Please use 'dofs_idx_local' instead.[0m
[38;5;226m[Genesis] [12:37:15] [WARNING] This property is deprecated and will be removed in future release. Please use 'dofs_idx_local' instead.[0m
[38;5;226m[Genesis] [12:37:15] [WARNING] This property is deprecated and will be removed in future release. Please use 'dofs_idx_local' instead.[0m
[38;5;226m[Genesis] [12:37:15] [WARNING] This property is deprecated and will be removed in future release. Please use 'dofs_idx_local' instead.[0m
/home/jfriesen/.local/lib/python3.12/site-packages/torch/utils/_device.py:122: UserWarning: To copy construct from a tensor, it is recommended to use sourceTensor.detach().clone() or sourceTensor.detach().clone().requires_grad_(True), rather than torch.tensor(sourceTensor).
  return func(*args, **kwargs)
Actor MLP: Sequential(
  (0): Linear(in_features=51, out_features=512, bias=True)
  (1): ELU(alpha=1.0)
  (2): Linear(in_features=512, out_features=256, bias=True)
  (3): ELU(alpha=1.0)
  (4): Linear(in_features=256, out_features=128, bias=True)
  (5): ELU(alpha=1.0)
  (6): Linear(in_features=128, out_features=12, bias=True)
)
Critic MLP: Sequential(
  (0): Linear(in_features=75, out_features=512, bias=True)
  (1): ELU(alpha=1.0)
  (2): Linear(in_features=512, out_features=256, bias=True)
  (3): ELU(alpha=1.0)
  (4): Linear(in_features=256, out_features=128, bias=True)
  (5): ELU(alpha=1.0)
  (6): Linear(in_features=128, out_features=1, bias=True)
)
[38;5;159m[Genesis] [12:37:17] [INFO] Running at [38;5;121m1.62[0m[38;5;159m FPS ([38;5;121m1.62[0m[38;5;159m FPS per env, [38;5;121m1[0m[38;5;159m envs).[0m
[38;5;159m[Genesis] [12:37:17] [INFO] Running at [38;5;121m11.45[0m[38;5;159m FPS ([38;5;121m11.45[0m[38;5;159m FPS per env, [38;5;121m1[0m[38;5;159m envs).[0m
[38;5;159m[Genesis] [12:37:18] [INFO] Running at [38;5;121m58.02[0m[38;5;159m FPS ([38;5;121m58.02[0m[38;5;159m FPS per env, [38;5;121m1[0m[38;5;159m envs).[0m
[38;5;159m[Genesis] [12:37:18] [INFO] Running at [38;5;121m77.87[0m[38;5;159m FPS ([38;5;121m77.87[0m[38;5;159m FPS per env, [38;5;121m1[0m[38;5;159m envs).[0m
[38;5;159m[Genesis] [12:37:18] [INFO] Running at [38;5;121m77.92[0m[38;5;159m FPS ([38;5;121m77.92[0m[38;5;159m FPS per env, [38;5;121m1[0m[38;5;159m envs).[0m
[38;5;159m[Genesis] [12:37:18] [INFO] Running at [38;5;121m78.02[0m[38;5;159m FPS ([38;5;121m78.02[0m[38;5;159m FPS per env, [38;5;121m1[0m[38;5;159m envs).[0m
[38;5;159m[Genesis] [12:37:18] [INFO] Running at [38;5;121m78.11[0m[38;5;159m FPS ([38;5;121m78.11[0m[38;5;159m FPS per env, [38;5;121m1[0m[38;5;159m envs).[0m
[38;5;159m[Genesis] [12:37:18] [INFO] Running at [38;5;121m78.17[0m[38;5;159m FPS ([38;5;121m78.17[0m[38;5;159m FPS per env, [38;5;121m1[0m[38;5;159m envs).[0m
[38;5;159m[Genesis] [12:37:18] [INFO] Running at [38;5;121m78.23[0m[38;5;159m FPS ([38;5;121m78.23[0m[38;5;159m FPS per env, [38;5;121m1[0m[38;5;159m envs).[0m
[38;5;159m[Genesis] [12:37:18] [INFO] Running at [38;5;121m78.31[0m[38;5;159m FPS ([38;5;121m78.31[0m[38;5;159m FPS per env, [38;5;121m1[0m[38;5;159m envs).[0m
[38;5;159m[Genesis] [12:37:18] [INFO] Running at [38;5;121m78.37[0m[38;5;159m FPS ([38;5;121m78.37[0m[38;5;159m FPS per env, [38;5;121m1[0m[38;5;159m envs).[0m
[38;5;159m[Genesis] [12:37:18] [INFO] Running at [38;5;121m96.90[0m[38;5;159m FPS ([38;5;121m96.90[0m[38;5;159m FPS per env, [38;5;121m1[0m[38;5;159m envs).[0m
[38;5;159m[Genesis] [12:37:18] [INFO] Running at [38;5;121m77.62[0m[38;5;159m FPS ([38;5;121m77.62[0m[38;5;159m FPS per env, [38;5;121m1[0m[38;5;159m envs).[0m
[38;5;159m[Genesis] [12:37:18] [INFO] Running at [38;5;121m96.01[0m[38;5;159m FPS ([38;5;121m96.01[0m[38;5;159m FPS per env, [38;5;121m1[0m[38;5;159m envs).[0m
[38;5;159m[Genesis] [12:37:18] [INFO] Running at [38;5;121m76.91[0m[38;5;159m FPS ([38;5;121m76.91[0m[38;5;159m FPS per env, [38;5;121m1[0m[38;5;159m envs).[0m
[38;5;159m[Genesis] [12:37:18] [INFO] Running at [38;5;121m95.19[0m[38;5;159m FPS ([38;5;121m95.19[0m[38;5;159m FPS per env, [38;5;121m1[0m[38;5;159m envs).[0m
[38;5;159m[Genesis] [12:37:18] [INFO] Running at [38;5;121m76.32[0m[38;5;159m FPS ([38;5;121m76.32[0m[38;5;159m FPS per env, [38;5;121m1[0m[38;5;159m envs).[0m
[38;5;159m[Genesis] [12:37:18] [INFO] Running at [38;5;121m76.46[0m[38;5;159m FPS ([38;5;121m76.46[0m[38;5;159m FPS per env, [38;5;121m1[0m[38;5;159m envs).[0m
[38;5;159m[Genesis] [12:37:18] [INFO] Running at [38;5;121m76.61[0m[38;5;159m FPS ([38;5;121m76.61[0m[38;5;159m FPS per env, [38;5;121m1[0m[38;5;159m envs).[0m
[38;5;159m[Genesis] [12:37:18] [INFO] Running at [38;5;121m94.85[0m[38;5;159m FPS ([38;5;121m94.85[0m[38;5;159m FPS per env, [38;5;121m1[0m[38;5;159m envs).[0m
[38;5;159m[Genesis] [12:37:19] [INFO] Running at [38;5;121m76.05[0m[38;5;159m FPS ([38;5;121m76.05[0m[38;5;159m FPS per env, [38;5;121m1[0m[38;5;159m envs).[0m
[38;5;159m[Genesis] [12:37:19] [INFO] Running at [38;5;121m76.06[0m[38;5;159m FPS ([38;5;121m76.06[0m[38;5;159m FPS per env, [38;5;121m1[0m[38;5;159m envs).[0m
[38;5;159m[Genesis] [12:37:19] [INFO] Running at [38;5;121m76.22[0m[38;5;159m FPS ([38;5;121m76.22[0m[38;5;159m FPS per env, [38;5;121m1[0m[38;5;159m envs).[0m
[38;5;159m[Genesis] [12:37:19] [INFO] Running at [38;5;121m76.40[0m[38;5;159m FPS ([38;5;121m76.40[0m[38;5;159m FPS per env, [38;5;121m1[0m[38;5;159m envs).[0m
[38;5;159m[Genesis] [12:37:19] [INFO] Running at [38;5;121m76.56[0m[38;5;159m FPS ([38;5;121m76.56[0m[38;5;159m FPS per env, [38;5;121m1[0m[38;5;159m envs).[0m
[38;5;159m[Genesis] [12:37:19] [INFO] Running at [38;5;121m76.71[0m[38;5;159m FPS ([38;5;121m76.71[0m[38;5;159m FPS per env, [38;5;121m1[0m[38;5;159m envs).[0m
[38;5;159m[Genesis] [12:37:19] [INFO] Running at [38;5;121m76.86[0m[38;5;159m FPS ([38;5;121m76.86[0m[38;5;159m FPS per env, [38;5;121m1[0m[38;5;159m envs).[0m
[38;5;159m[Genesis] [12:37:19] [INFO] Running at [38;5;121m95.10[0m[38;5;159m FPS ([38;5;121m95.10[0m[38;5;159m FPS per env, [38;5;121m1[0m[38;5;159m envs).[0m
[38;5;159m[Genesis] [12:37:19] [INFO] Running at [38;5;121m94.20[0m[38;5;159m FPS ([38;5;121m94.20[0m[38;5;159m FPS per env, [38;5;121m1[0m[38;5;159m envs).[0m
[38;5;159m[Genesis] [12:37:19] [INFO] Running at [38;5;121m75.56[0m[38;5;159m FPS ([38;5;121m75.56[0m[38;5;159m FPS per env, [38;5;121m1[0m[38;5;159m envs).[0m
[38;5;159m[Genesis] [12:37:19] [INFO] Running at [38;5;121m75.75[0m[38;5;159m FPS ([38;5;121m75.75[0m[38;5;159m FPS per env, [38;5;121m1[0m[38;5;159m envs).[0m
[38;5;159m[Genesis] [12:37:19] [INFO] Running at [38;5;121m93.82[0m[38;5;159m FPS ([38;5;121m93.82[0m[38;5;159m FPS per env, [38;5;121m1[0m[38;5;159m envs).[0m
[38;5;159m[Genesis] [12:37:19] [INFO] Running at [38;5;121m75.28[0m[38;5;159m FPS ([38;5;121m75.28[0m[38;5;159m FPS per env, [38;5;121m1[0m[38;5;159m envs).[0m
[38;5;159m[Genesis] [12:37:19] [INFO] Running at [38;5;121m75.50[0m[38;5;159m FPS ([38;5;121m75.50[0m[38;5;159m FPS per env, [38;5;121m1[0m[38;5;159m envs).[0m
[38;5;159m[Genesis] [12:37:19] [INFO] Running at [38;5;121m75.71[0m[38;5;159m FPS ([38;5;121m75.71[0m[38;5;159m FPS per env, [38;5;121m1[0m[38;5;159m envs).[0m
[38;5;159m[Genesis] [12:37:19] [INFO] Running at [38;5;121m75.91[0m[38;5;159m FPS ([38;5;121m75.91[0m[38;5;159m FPS per env, [38;5;121m1[0m[38;5;159m envs).[0m
[38;5;159m[Genesis] [12:37:19] [INFO] Running at [38;5;121m94.02[0m[38;5;159m FPS ([38;5;121m94.02[0m[38;5;159m FPS per env, [38;5;121m1[0m[38;5;159m envs).[0m
[38;5;159m[Genesis] [12:37:19] [INFO] Running at [38;5;121m75.42[0m[38;5;159m FPS ([38;5;121m75.42[0m[38;5;159m FPS per env, [38;5;121m1[0m[38;5;159m envs).[0m
[38;5;159m[Genesis] [12:37:19] [INFO] Running at [38;5;121m93.44[0m[38;5;159m FPS ([38;5;121m93.44[0m[38;5;159m FPS per env, [38;5;121m1[0m[38;5;159m envs).[0m
[38;5;159m[Genesis] [12:37:20] [INFO] Running at [38;5;121m74.99[0m[38;5;159m FPS ([38;5;121m74.99[0m[38;5;159m FPS per env, [38;5;121m1[0m[38;5;159m envs).[0m
[38;5;159m[Genesis] [12:37:20] [INFO] Running at [38;5;121m75.20[0m[38;5;159m FPS ([38;5;121m75.20[0m[38;5;159m FPS per env, [38;5;121m1[0m[38;5;159m envs).[0m
[38;5;159m[Genesis] [12:37:20] [INFO] Running at [38;5;121m75.26[0m[38;5;159m FPS ([38;5;121m75.26[0m[38;5;159m FPS per env, [38;5;121m1[0m[38;5;159m envs).[0m
[38;5;159m[Genesis] [12:37:20] [INFO] Running at [38;5;121m75.47[0m[38;5;159m FPS ([38;5;121m75.47[0m[38;5;159m FPS per env, [38;5;121m1[0m[38;5;159m envs).[0m
[38;5;159m[Genesis] [12:37:20] [INFO] Running at [38;5;121m93.51[0m[38;5;159m FPS ([38;5;121m93.51[0m[38;5;159m FPS per env, [38;5;121m1[0m[38;5;159m envs).[0m
[38;5;159m[Genesis] [12:37:20] [INFO] Running at [38;5;121m75.04[0m[38;5;159m FPS ([38;5;121m75.04[0m[38;5;159m FPS per env, [38;5;121m1[0m[38;5;159m envs).[0m
[38;5;159m[Genesis] [12:37:20] [INFO] Running at [38;5;121m75.25[0m[38;5;159m FPS ([38;5;121m75.25[0m[38;5;159m FPS per env, [38;5;121m1[0m[38;5;159m envs).[0m
[38;5;159m[Genesis] [12:37:20] [INFO] Running at [38;5;121m75.48[0m[38;5;159m FPS ([38;5;121m75.48[0m[38;5;159m FPS per env, [38;5;121m1[0m[38;5;159m envs).[0m
[38;5;159m[Genesis] [12:37:20] [INFO] Running at [38;5;121m75.68[0m[38;5;159m FPS ([38;5;121m75.68[0m[38;5;159m FPS per env, [38;5;121m1[0m[38;5;159m envs).[0m
[38;5;159m[Genesis] [12:37:20] [INFO] Running at [38;5;121m75.88[0m[38;5;159m FPS ([38;5;121m75.88[0m[38;5;159m FPS per env, [38;5;121m1[0m[38;5;159m envs).[0m
[38;5;159m[Genesis] [12:37:20] [INFO] Running at [38;5;121m76.07[0m[38;5;159m FPS ([38;5;121m76.07[0m[38;5;159m FPS per env, [38;5;121m1[0m[38;5;159m envs).[0m
[38;5;159m[Genesis] [12:37:20] [INFO] Running at [38;5;121m76.23[0m[38;5;159m FPS ([38;5;121m76.23[0m[38;5;159m FPS per env, [38;5;121m1[0m[38;5;159m envs).[0m
[38;5;159m[Genesis] [12:37:20] [INFO] Running at [38;5;121m76.40[0m[38;5;159m FPS ([38;5;121m76.40[0m[38;5;159m FPS per env, [38;5;121m1[0m[38;5;159m envs).[0m
[38;5;159m[Genesis] [12:37:20] [INFO] Running at [38;5;121m76.55[0m[38;5;159m FPS ([38;5;121m76.55[0m[38;5;159m FPS per env, [38;5;121m1[0m[38;5;159m envs).[0m
[38;5;159m[Genesis] [12:37:20] [INFO] Running at [38;5;121m76.71[0m[38;5;159m FPS ([38;5;121m76.71[0m[38;5;159m FPS per env, [38;5;121m1[0m[38;5;159m envs).[0m
[38;5;159m[Genesis] [12:37:20] [INFO] Running at [38;5;121m76.39[0m[38;5;159m FPS ([38;5;121m76.39[0m[38;5;159m FPS per env, [38;5;121m1[0m[38;5;159m envs).[0m
[38;5;159m[Genesis] [12:37:20] [INFO] Running at [38;5;121m76.08[0m[38;5;159m FPS ([38;5;121m76.08[0m[38;5;159m FPS per env, [38;5;121m1[0m[38;5;159m envs).[0m
[38;5;159m[Genesis] [12:37:20] [INFO] Running at [38;5;121m75.78[0m[38;5;159m FPS ([38;5;121m75.78[0m[38;5;159m FPS per env, [38;5;121m1[0m[38;5;159m envs).[0m
[38;5;159m[Genesis] [12:37:20] [INFO] Running at [38;5;121m75.50[0m[38;5;159m FPS ([38;5;121m75.50[0m[38;5;159m FPS per env, [38;5;121m1[0m[38;5;159m envs).[0m
[38;5;159m[Genesis] [12:37:21] [INFO] Running at [38;5;121m75.23[0m[38;5;159m FPS ([38;5;121m75.23[0m[38;5;159m FPS per env, [38;5;121m1[0m[38;5;159m envs).[0m
[38;5;159m[Genesis] [12:37:21] [INFO] Running at [38;5;121m74.98[0m[38;5;159m FPS ([38;5;121m74.98[0m[38;5;159m FPS per env, [38;5;121m1[0m[38;5;159m envs).[0m
[38;5;159m[Genesis] [12:37:21] [INFO] Running at [38;5;121m74.75[0m[38;5;159m FPS ([38;5;121m74.75[0m[38;5;159m FPS per env, [38;5;121m1[0m[38;5;159m envs).[0m
[38;5;159m[Genesis] [12:37:21] [INFO] Running at [38;5;121m74.87[0m[38;5;159m FPS ([38;5;121m74.87[0m[38;5;159m FPS per env, [38;5;121m1[0m[38;5;159m envs).[0m
[38;5;159m[Genesis] [12:37:21] [INFO] Running at [38;5;121m74.93[0m[38;5;159m FPS ([38;5;121m74.93[0m[38;5;159m FPS per env, [38;5;121m1[0m[38;5;159m envs).[0m
[38;5;159m[Genesis] [12:37:21] [INFO] Running at [38;5;121m75.16[0m[38;5;159m FPS ([38;5;121m75.16[0m[38;5;159m FPS per env, [38;5;121m1[0m[38;5;159m envs).[0m
[38;5;159m[Genesis] [12:37:21] [INFO] Running at [38;5;121m75.37[0m[38;5;159m FPS ([38;5;121m75.37[0m[38;5;159m FPS per env, [38;5;121m1[0m[38;5;159m envs).[0m
[38;5;159m[Genesis] [12:37:21] [INFO] Running at [38;5;121m75.58[0m[38;5;159m FPS ([38;5;121m75.58[0m[38;5;159m FPS per env, [38;5;121m1[0m[38;5;159m envs).[0m
[38;5;159m[Genesis] [12:37:21] [INFO] Running at [38;5;121m75.77[0m[38;5;159m FPS ([38;5;121m75.77[0m[38;5;159m FPS per env, [38;5;121m1[0m[38;5;159m envs).[0m
[38;5;159m[Genesis] [12:37:21] [INFO] Running at [38;5;121m75.96[0m[38;5;159m FPS ([38;5;121m75.96[0m[38;5;159m FPS per env, [38;5;121m1[0m[38;5;159m envs).[0m
[38;5;159m[Genesis] [12:37:21] [INFO] Running at [38;5;121m76.13[0m[38;5;159m FPS ([38;5;121m76.13[0m[38;5;159m FPS per env, [38;5;121m1[0m[38;5;159m envs).[0m
[38;5;159m[Genesis] [12:37:21] [INFO] Running at [38;5;121m75.81[0m[38;5;159m FPS ([38;5;121m75.81[0m[38;5;159m FPS per env, [38;5;121m1[0m[38;5;159m envs).[0m
[38;5;159m[Genesis] [12:37:21] [INFO] Running at [38;5;121m75.53[0m[38;5;159m FPS ([38;5;121m75.53[0m[38;5;159m FPS per env, [38;5;121m1[0m[38;5;159m envs).[0m
[38;5;159m[Genesis] [12:37:21] [INFO] Running at [38;5;121m75.26[0m[38;5;159m FPS ([38;5;121m75.26[0m[38;5;159m FPS per env, [38;5;121m1[0m[38;5;159m envs).[0m
[38;5;159m[Genesis] [12:37:21] [INFO] Running at [38;5;121m75.15[0m[38;5;159m FPS ([38;5;121m75.15[0m[38;5;159m FPS per env, [38;5;121m1[0m[38;5;159m envs).[0m
[38;5;159m[Genesis] [12:37:21] [INFO] Running at [38;5;121m75.37[0m[38;5;159m FPS ([38;5;121m75.37[0m[38;5;159m FPS per env, [38;5;121m1[0m[38;5;159m envs).[0m
[38;5;159m[Genesis] [12:37:21] [INFO] Running at [38;5;121m93.39[0m[38;5;159m FPS ([38;5;121m93.39[0m[38;5;159m FPS per env, [38;5;121m1[0m[38;5;159m envs).[0m
[38;5;159m[Genesis] [12:37:21] [INFO] Running at [38;5;121m74.94[0m[38;5;159m FPS ([38;5;121m74.94[0m[38;5;159m FPS per env, [38;5;121m1[0m[38;5;159m envs).[0m
[38;5;159m[Genesis] [12:37:21] [INFO] Running at [38;5;121m92.88[0m[38;5;159m FPS ([38;5;121m92.88[0m[38;5;159m FPS per env, [38;5;121m1[0m[38;5;159m envs).[0m
[38;5;159m[Genesis] [12:37:22] [INFO] Running at [38;5;121m74.52[0m[38;5;159m FPS ([38;5;121m74.52[0m[38;5;159m FPS per env, [38;5;121m1[0m[38;5;159m envs).[0m
[38;5;159m[Genesis] [12:37:22] [INFO] Running at [38;5;121m74.76[0m[38;5;159m FPS ([38;5;121m74.76[0m[38;5;159m FPS per env, [38;5;121m1[0m[38;5;159m envs).[0m
[38;5;159m[Genesis] [12:37:22] [INFO] Running at [38;5;121m92.53[0m[38;5;159m FPS ([38;5;121m92.53[0m[38;5;159m FPS per env, [38;5;121m1[0m[38;5;159m envs).[0m
[38;5;159m[Genesis] [12:37:22] [INFO] Running at [38;5;121m73.84[0m[38;5;159m FPS ([38;5;121m73.84[0m[38;5;159m FPS per env, [38;5;121m1[0m[38;5;159m envs).[0m
[38;5;159m[Genesis] [12:37:22] [INFO] Running at [38;5;121m73.67[0m[38;5;159m FPS ([38;5;121m73.67[0m[38;5;159m FPS per env, [38;5;121m1[0m[38;5;159m envs).[0m
[38;5;159m[Genesis] [12:37:22] [INFO] Running at [38;5;121m73.23[0m[38;5;159m FPS ([38;5;121m73.23[0m[38;5;159m FPS per env, [38;5;121m1[0m[38;5;159m envs).[0m
[38;5;159m[Genesis] [12:37:22] [INFO] Running at [38;5;121m73.43[0m[38;5;159m FPS ([38;5;121m73.43[0m[38;5;159m FPS per env, [38;5;121m1[0m[38;5;159m envs).[0m
[38;5;159m[Genesis] [12:37:22] [INFO] Running at [38;5;121m73.72[0m[38;5;159m FPS ([38;5;121m73.72[0m[38;5;159m FPS per env, [38;5;121m1[0m[38;5;159m envs).[0m
[38;5;159m[Genesis] [12:37:22] [INFO] Running at [38;5;121m73.99[0m[38;5;159m FPS ([38;5;121m73.99[0m[38;5;159m FPS per env, [38;5;121m1[0m[38;5;159m envs).[0m
[38;5;159m[Genesis] [12:37:22] [INFO] Running at [38;5;121m74.27[0m[38;5;159m FPS ([38;5;121m74.27[0m[38;5;159m FPS per env, [38;5;121m1[0m[38;5;159m envs).[0m
[38;5;159m[Genesis] [12:37:22] [INFO] Running at [38;5;121m74.53[0m[38;5;159m FPS ([38;5;121m74.53[0m[38;5;159m FPS per env, [38;5;121m1[0m[38;5;159m envs).[0m
[38;5;159m[Genesis] [12:37:22] [INFO] Running at [38;5;121m92.40[0m[38;5;159m FPS ([38;5;121m92.40[0m[38;5;159m FPS per env, [38;5;121m1[0m[38;5;159m envs).[0m
[38;5;159m[Genesis] [12:37:22] [INFO] Running at [38;5;121m74.20[0m[38;5;159m FPS ([38;5;121m74.20[0m[38;5;159m FPS per env, [38;5;121m1[0m[38;5;159m envs).[0m
[38;5;159m[Genesis] [12:37:22] [INFO] Running at [38;5;121m74.46[0m[38;5;159m FPS ([38;5;121m74.46[0m[38;5;159m FPS per env, [38;5;121m1[0m[38;5;159m envs).[0m
[38;5;159m[Genesis] [12:37:22] [INFO] Running at [38;5;121m74.26[0m[38;5;159m FPS ([38;5;121m74.26[0m[38;5;159m FPS per env, [38;5;121m1[0m[38;5;159m envs).[0m
[38;5;159m[Genesis] [12:37:22] [INFO] Running at [38;5;121m74.07[0m[38;5;159m FPS ([38;5;121m74.07[0m[38;5;159m FPS per env, [38;5;121m1[0m[38;5;159m envs).[0m
[38;5;159m[Genesis] [12:37:22] [INFO] Running at [38;5;121m73.89[0m[38;5;159m FPS ([38;5;121m73.89[0m[38;5;159m FPS per env, [38;5;121m1[0m[38;5;159m envs).[0m
[38;5;159m[Genesis] [12:37:22] [INFO] Running at [38;5;121m73.93[0m[38;5;159m FPS ([38;5;121m73.93[0m[38;5;159m FPS per env, [38;5;121m1[0m[38;5;159m envs).[0m
[38;5;159m[Genesis] [12:37:23] [INFO] Running at [38;5;121m74.21[0m[38;5;159m FPS ([38;5;121m74.21[0m[38;5;159m FPS per env, [38;5;121m1[0m[38;5;159m envs).[0m
[38;5;159m[Genesis] [12:37:23] [INFO] Running at [38;5;121m74.47[0m[38;5;159m FPS ([38;5;121m74.47[0m[38;5;159m FPS per env, [38;5;121m1[0m[38;5;159m envs).[0m
[38;5;159m[Genesis] [12:37:23] [INFO] Running at [38;5;121m74.70[0m[38;5;159m FPS ([38;5;121m74.70[0m[38;5;159m FPS per env, [38;5;121m1[0m[38;5;159m envs).[0m
[38;5;159m[Genesis] [12:37:23] [INFO] Running at [38;5;121m74.72[0m[38;5;159m FPS ([38;5;121m74.72[0m[38;5;159m FPS per env, [38;5;121m1[0m[38;5;159m envs).[0m
[38;5;159m[Genesis] [12:37:23] [INFO] Running at [38;5;121m74.51[0m[38;5;159m FPS ([38;5;121m74.51[0m[38;5;159m FPS per env, [38;5;121m1[0m[38;5;159m envs).[0m
[38;5;159m[Genesis] [12:37:23] [INFO] Running at [38;5;121m74.28[0m[38;5;159m FPS ([38;5;121m74.28[0m[38;5;159m FPS per env, [38;5;121m1[0m[38;5;159m envs).[0m
[38;5;159m[Genesis] [12:37:23] [INFO] Running at [38;5;121m74.08[0m[38;5;159m FPS ([38;5;121m74.08[0m[38;5;159m FPS per env, [38;5;121m1[0m[38;5;159m envs).[0m
[38;5;159m[Genesis] [12:37:23] [INFO] Running at [38;5;121m74.26[0m[38;5;159m FPS ([38;5;121m74.26[0m[38;5;159m FPS per env, [38;5;121m1[0m[38;5;159m envs).[0m
[38;5;159m[Genesis] [12:37:23] [INFO] Running at [38;5;121m91.91[0m[38;5;159m FPS ([38;5;121m91.91[0m[38;5;159m FPS per env, [38;5;121m1[0m[38;5;159m envs).[0m
[38;5;159m[Genesis] [12:37:23] [INFO] Running at [38;5;121m73.82[0m[38;5;159m FPS ([38;5;121m73.82[0m[38;5;159m FPS per env, [38;5;121m1[0m[38;5;159m envs).[0m
[38;5;159m[Genesis] [12:37:23] [INFO] Running at [38;5;121m91.58[0m[38;5;159m FPS ([38;5;121m91.58[0m[38;5;159m FPS per env, [38;5;121m1[0m[38;5;159m envs).[0m
[38;5;159m[Genesis] [12:37:23] [INFO] Running at [38;5;121m90.93[0m[38;5;159m FPS ([38;5;121m90.93[0m[38;5;159m FPS per env, [38;5;121m1[0m[38;5;159m envs).[0m
[38;5;159m[Genesis] [12:37:23] [INFO] Running at [38;5;121m73.07[0m[38;5;159m FPS ([38;5;121m73.07[0m[38;5;159m FPS per env, [38;5;121m1[0m[38;5;159m envs).[0m
[38;5;159m[Genesis] [12:37:23] [INFO] Running at [38;5;121m73.37[0m[38;5;159m FPS ([38;5;121m73.37[0m[38;5;159m FPS per env, [38;5;121m1[0m[38;5;159m envs).[0m
[38;5;159m[Genesis] [12:37:23] [INFO] Running at [38;5;121m73.35[0m[38;5;159m FPS ([38;5;121m73.35[0m[38;5;159m FPS per env, [38;5;121m1[0m[38;5;159m envs).[0m
[38;5;159m[Genesis] [12:37:23] [INFO] Running at [38;5;121m73.19[0m[38;5;159m FPS ([38;5;121m73.19[0m[38;5;159m FPS per env, [38;5;121m1[0m[38;5;159m envs).[0m
[38;5;159m[Genesis] [12:37:23] [INFO] Running at [38;5;121m73.04[0m[38;5;159m FPS ([38;5;121m73.04[0m[38;5;159m FPS per env, [38;5;121m1[0m[38;5;159m envs).[0m
[38;5;159m[Genesis] [12:37:23] [INFO] Running at [38;5;121m73.02[0m[38;5;159m FPS ([38;5;121m73.02[0m[38;5;159m FPS per env, [38;5;121m1[0m[38;5;159m envs).[0m
[38;5;159m[Genesis] [12:37:24] [INFO] Running at [38;5;121m73.34[0m[38;5;159m FPS ([38;5;121m73.34[0m[38;5;159m FPS per env, [38;5;121m1[0m[38;5;159m envs).[0m
[38;5;159m[Genesis] [12:37:24] [INFO] Running at [38;5;121m73.64[0m[38;5;159m FPS ([38;5;121m73.64[0m[38;5;159m FPS per env, [38;5;121m1[0m[38;5;159m envs).[0m
[38;5;159m[Genesis] [12:37:24] [INFO] Running at [38;5;121m73.92[0m[38;5;159m FPS ([38;5;121m73.92[0m[38;5;159m FPS per env, [38;5;121m1[0m[38;5;159m envs).[0m
[38;5;159m[Genesis] [12:37:24] [INFO] Running at [38;5;121m74.09[0m[38;5;159m FPS ([38;5;121m74.09[0m[38;5;159m FPS per env, [38;5;121m1[0m[38;5;159m envs).[0m
[38;5;159m[Genesis] [12:37:24] [INFO] Running at [38;5;121m73.90[0m[38;5;159m FPS ([38;5;121m73.90[0m[38;5;159m FPS per env, [38;5;121m1[0m[38;5;159m envs).[0m
[38;5;159m[Genesis] [12:37:24] [INFO] Running at [38;5;121m73.72[0m[38;5;159m FPS ([38;5;121m73.72[0m[38;5;159m FPS per env, [38;5;121m1[0m[38;5;159m envs).[0m
[38;5;159m[Genesis] [12:37:24] [INFO] Running at [38;5;121m73.55[0m[38;5;159m FPS ([38;5;121m73.55[0m[38;5;159m FPS per env, [38;5;121m1[0m[38;5;159m envs).[0m
[38;5;159m[Genesis] [12:37:24] [INFO] Running at [38;5;121m73.68[0m[38;5;159m FPS ([38;5;121m73.68[0m[38;5;159m FPS per env, [38;5;121m1[0m[38;5;159m envs).[0m
[38;5;159m[Genesis] [12:37:24] [INFO] Running at [38;5;121m73.97[0m[38;5;159m FPS ([38;5;121m73.97[0m[38;5;159m FPS per env, [38;5;121m1[0m[38;5;159m envs).[0m
[38;5;159m[Genesis] [12:37:24] [INFO] Running at [38;5;121m74.24[0m[38;5;159m FPS ([38;5;121m74.24[0m[38;5;159m FPS per env, [38;5;121m1[0m[38;5;159m envs).[0m
[38;5;159m[Genesis] [12:37:24] [INFO] Running at [38;5;121m74.50[0m[38;5;159m FPS ([38;5;121m74.50[0m[38;5;159m FPS per env, [38;5;121m1[0m[38;5;159m envs).[0m
[38;5;159m[Genesis] [12:37:24] [INFO] Running at [38;5;121m74.58[0m[38;5;159m FPS ([38;5;121m74.58[0m[38;5;159m FPS per env, [38;5;121m1[0m[38;5;159m envs).[0m
[38;5;159m[Genesis] [12:37:24] [INFO] Running at [38;5;121m74.81[0m[38;5;159m FPS ([38;5;121m74.81[0m[38;5;159m FPS per env, [38;5;121m1[0m[38;5;159m envs).[0m
[38;5;159m[Genesis] [12:37:24] [INFO] Running at [38;5;121m75.05[0m[38;5;159m FPS ([38;5;121m75.05[0m[38;5;159m FPS per env, [38;5;121m1[0m[38;5;159m envs).[0m
[38;5;159m[Genesis] [12:37:24] [INFO] Running at [38;5;121m75.27[0m[38;5;159m FPS ([38;5;121m75.27[0m[38;5;159m FPS per env, [38;5;121m1[0m[38;5;159m envs).[0m
[38;5;159m[Genesis] [12:37:24] [INFO] Running at [38;5;121m75.13[0m[38;5;159m FPS ([38;5;121m75.13[0m[38;5;159m FPS per env, [38;5;121m1[0m[38;5;159m envs).[0m
[38;5;159m[Genesis] [12:37:24] [INFO] Running at [38;5;121m74.88[0m[38;5;159m FPS ([38;5;121m74.88[0m[38;5;159m FPS per env, [38;5;121m1[0m[38;5;159m envs).[0m
[38;5;159m[Genesis] [12:37:24] [INFO] Running at [38;5;121m74.65[0m[38;5;159m FPS ([38;5;121m74.65[0m[38;5;159m FPS per env, [38;5;121m1[0m[38;5;159m envs).[0m
[38;5;159m[Genesis] [12:37:24] [INFO] Running at [38;5;121m74.55[0m[38;5;159m FPS ([38;5;121m74.55[0m[38;5;159m FPS per env, [38;5;121m1[0m[38;5;159m envs).[0m
[38;5;159m[Genesis] [12:37:25] [INFO] Running at [38;5;121m92.42[0m[38;5;159m FPS ([38;5;121m92.42[0m[38;5;159m FPS per env, [38;5;121m1[0m[38;5;159m envs).[0m
[38;5;159m[Genesis] [12:37:25] [INFO] Running at [38;5;121m91.71[0m[38;5;159m FPS ([38;5;121m91.71[0m[38;5;159m FPS per env, [38;5;121m1[0m[38;5;159m envs).[0m
[38;5;159m[Genesis] [12:37:25] [INFO] Running at [38;5;121m73.67[0m[38;5;159m FPS ([38;5;121m73.67[0m[38;5;159m FPS per env, [38;5;121m1[0m[38;5;159m envs).[0m
[38;5;159m[Genesis] [12:37:25] [INFO] Running at [38;5;121m73.62[0m[38;5;159m FPS ([38;5;121m73.62[0m[38;5;159m FPS per env, [38;5;121m1[0m[38;5;159m envs).[0m
[38;5;159m[Genesis] [12:37:25] [INFO] Running at [38;5;121m73.46[0m[38;5;159m FPS ([38;5;121m73.46[0m[38;5;159m FPS per env, [38;5;121m1[0m[38;5;159m envs).[0m
[38;5;159m[Genesis] [12:37:25] [INFO] Running at [38;5;121m73.31[0m[38;5;159m FPS ([38;5;121m73.31[0m[38;5;159m FPS per env, [38;5;121m1[0m[38;5;159m envs).[0m
[38;5;159m[Genesis] [12:37:25] [INFO] Running at [38;5;121m73.29[0m[38;5;159m FPS ([38;5;121m73.29[0m[38;5;159m FPS per env, [38;5;121m1[0m[38;5;159m envs).[0m
[38;5;159m[Genesis] [12:37:25] [INFO] Running at [38;5;121m73.59[0m[38;5;159m FPS ([38;5;121m73.59[0m[38;5;159m FPS per env, [38;5;121m1[0m[38;5;159m envs).[0m
[38;5;159m[Genesis] [12:37:25] [INFO] Running at [38;5;121m73.89[0m[38;5;159m FPS ([38;5;121m73.89[0m[38;5;159m FPS per env, [38;5;121m1[0m[38;5;159m envs).[0m
[38;5;159m[Genesis] [12:37:25] [INFO] Running at [38;5;121m74.16[0m[38;5;159m FPS ([38;5;121m74.16[0m[38;5;159m FPS per env, [38;5;121m1[0m[38;5;159m envs).[0m
[38;5;159m[Genesis] [12:37:25] [INFO] Running at [38;5;121m91.98[0m[38;5;159m FPS ([38;5;121m91.98[0m[38;5;159m FPS per env, [38;5;121m1[0m[38;5;159m envs).[0m
[38;5;159m[Genesis] [12:37:25] [INFO] Running at [38;5;121m73.87[0m[38;5;159m FPS ([38;5;121m73.87[0m[38;5;159m FPS per env, [38;5;121m1[0m[38;5;159m envs).[0m
[38;5;159m[Genesis] [12:37:25] [INFO] Running at [38;5;121m74.15[0m[38;5;159m FPS ([38;5;121m74.15[0m[38;5;159m FPS per env, [38;5;121m1[0m[38;5;159m envs).[0m
[38;5;159m[Genesis] [12:37:25] [INFO] Running at [38;5;121m74.26[0m[38;5;159m FPS ([38;5;121m74.26[0m[38;5;159m FPS per env, [38;5;121m1[0m[38;5;159m envs).[0m
[38;5;159m[Genesis] [12:37:25] [INFO] Running at [38;5;121m74.28[0m[38;5;159m FPS ([38;5;121m74.28[0m[38;5;159m FPS per env, [38;5;121m1[0m[38;5;159m envs).[0m
[38;5;159m[Genesis] [12:37:25] [INFO] Running at [38;5;121m74.08[0m[38;5;159m FPS ([38;5;121m74.08[0m[38;5;159m FPS per env, [38;5;121m1[0m[38;5;159m envs).[0m
[38;5;159m[Genesis] [12:37:25] [INFO] Running at [38;5;121m73.90[0m[38;5;159m FPS ([38;5;121m73.90[0m[38;5;159m FPS per env, [38;5;121m1[0m[38;5;159m envs).[0m
[38;5;159m[Genesis] [12:37:25] [INFO] Running at [38;5;121m73.72[0m[38;5;159m FPS ([38;5;121m73.72[0m[38;5;159m FPS per env, [38;5;121m1[0m[38;5;159m envs).[0m
[38;5;159m[Genesis] [12:37:25] [INFO] Running at [38;5;121m74.00[0m[38;5;159m FPS ([38;5;121m74.00[0m[38;5;159m FPS per env, [38;5;121m1[0m[38;5;159m envs).[0m
[38;5;159m[Genesis] [12:37:26] [INFO] Running at [38;5;121m74.28[0m[38;5;159m FPS ([38;5;121m74.28[0m[38;5;159m FPS per env, [38;5;121m1[0m[38;5;159m envs).[0m
[38;5;159m[Genesis] [12:37:26] [INFO] Running at [38;5;121m74.53[0m[38;5;159m FPS ([38;5;121m74.53[0m[38;5;159m FPS per env, [38;5;121m1[0m[38;5;159m envs).[0m
[38;5;159m[Genesis] [12:37:26] [INFO] Running at [38;5;121m74.78[0m[38;5;159m FPS ([38;5;121m74.78[0m[38;5;159m FPS per env, [38;5;121m1[0m[38;5;159m envs).[0m
[38;5;159m[Genesis] [12:37:26] [INFO] Running at [38;5;121m74.56[0m[38;5;159m FPS ([38;5;121m74.56[0m[38;5;159m FPS per env, [38;5;121m1[0m[38;5;159m envs).[0m
[38;5;159m[Genesis] [12:37:26] [INFO] Running at [38;5;121m74.36[0m[38;5;159m FPS ([38;5;121m74.36[0m[38;5;159m FPS per env, [38;5;121m1[0m[38;5;159m envs).[0m
[38;5;159m[Genesis] [12:37:26] [INFO] Running at [38;5;121m74.14[0m[38;5;159m FPS ([38;5;121m74.14[0m[38;5;159m FPS per env, [38;5;121m1[0m[38;5;159m envs).[0m
[38;5;159m[Genesis] [12:37:26] [INFO] Running at [38;5;121m74.17[0m[38;5;159m FPS ([38;5;121m74.17[0m[38;5;159m FPS per env, [38;5;121m1[0m[38;5;159m envs).[0m
[38;5;159m[Genesis] [12:37:26] [INFO] Running at [38;5;121m74.44[0m[38;5;159m FPS ([38;5;121m74.44[0m[38;5;159m FPS per env, [38;5;121m1[0m[38;5;159m envs).[0m
[38;5;159m[Genesis] [12:37:26] [INFO] Running at [38;5;121m74.67[0m[38;5;159m FPS ([38;5;121m74.67[0m[38;5;159m FPS per env, [38;5;121m1[0m[38;5;159m envs).[0m
[38;5;159m[Genesis] [12:37:26] [INFO] Running at [38;5;121m92.57[0m[38;5;159m FPS ([38;5;121m92.57[0m[38;5;159m FPS per env, [38;5;121m1[0m[38;5;159m envs).[0m
[38;5;159m[Genesis] [12:37:26] [INFO] Running at [38;5;121m91.84[0m[38;5;159m FPS ([38;5;121m91.84[0m[38;5;159m FPS per env, [38;5;121m1[0m[38;5;159m envs).[0m
[38;5;159m[Genesis] [12:37:26] [INFO] Running at [38;5;121m91.17[0m[38;5;159m FPS ([38;5;121m91.17[0m[38;5;159m FPS per env, [38;5;121m1[0m[38;5;159m envs).[0m
[38;5;159m[Genesis] [12:37:26] [INFO] Running at [38;5;121m73.26[0m[38;5;159m FPS ([38;5;121m73.26[0m[38;5;159m FPS per env, [38;5;121m1[0m[38;5;159m envs).[0m
[38;5;159m[Genesis] [12:37:26] [INFO] Running at [38;5;121m73.45[0m[38;5;159m FPS ([38;5;121m73.45[0m[38;5;159m FPS per env, [38;5;121m1[0m[38;5;159m envs).[0m
[38;5;159m[Genesis] [12:37:26] [INFO] Running at [38;5;121m73.15[0m[38;5;159m FPS ([38;5;121m73.15[0m[38;5;159m FPS per env, [38;5;121m1[0m[38;5;159m envs).[0m
[38;5;159m[Genesis] [12:37:26] [INFO] Running at [38;5;121m73.01[0m[38;5;159m FPS ([38;5;121m73.01[0m[38;5;159m FPS per env, [38;5;121m1[0m[38;5;159m envs).[0m
[38;5;159m[Genesis] [12:37:26] [INFO] Running at [38;5;121m72.88[0m[38;5;159m FPS ([38;5;121m72.88[0m[38;5;159m FPS per env, [38;5;121m1[0m[38;5;159m envs).[0m
[38;5;159m[Genesis] [12:37:26] [INFO] Running at [38;5;121m73.08[0m[38;5;159m FPS ([38;5;121m73.08[0m[38;5;159m FPS per env, [38;5;121m1[0m[38;5;159m envs).[0m
[38;5;159m[Genesis] [12:37:27] [INFO] Running at [38;5;121m73.39[0m[38;5;159m FPS ([38;5;121m73.39[0m[38;5;159m FPS per env, [38;5;121m1[0m[38;5;159m envs).[0m
[38;5;159m[Genesis] [12:37:27] [INFO] Running at [38;5;121m73.68[0m[38;5;159m FPS ([38;5;121m73.68[0m[38;5;159m FPS per env, [38;5;121m1[0m[38;5;159m envs).[0m
[38;5;159m[Genesis] [12:37:27] [INFO] Running at [38;5;121m73.95[0m[38;5;159m FPS ([38;5;121m73.95[0m[38;5;159m FPS per env, [38;5;121m1[0m[38;5;159m envs).[0m
[38;5;159m[Genesis] [12:37:27] [INFO] Running at [38;5;121m73.89[0m[38;5;159m FPS ([38;5;121m73.89[0m[38;5;159m FPS per env, [38;5;121m1[0m[38;5;159m envs).[0m
[38;5;159m[Genesis] [12:37:27] [INFO] Running at [38;5;121m73.72[0m[38;5;159m FPS ([38;5;121m73.72[0m[38;5;159m FPS per env, [38;5;121m1[0m[38;5;159m envs).[0m
[38;5;159m[Genesis] [12:37:27] [INFO] Running at [38;5;121m73.41[0m[38;5;159m FPS ([38;5;121m73.41[0m[38;5;159m FPS per env, [38;5;121m1[0m[38;5;159m envs).[0m
[38;5;159m[Genesis] [12:37:27] [INFO] Running at [38;5;121m73.38[0m[38;5;159m FPS ([38;5;121m73.38[0m[38;5;159m FPS per env, [38;5;121m1[0m[38;5;159m envs).[0m
[38;5;159m[Genesis] [12:37:27] [INFO] Running at [38;5;121m73.67[0m[38;5;159m FPS ([38;5;121m73.67[0m[38;5;159m FPS per env, [38;5;121m1[0m[38;5;159m envs).[0m
[38;5;159m[Genesis] [12:37:27] [INFO] Running at [38;5;121m73.95[0m[38;5;159m FPS ([38;5;121m73.95[0m[38;5;159m FPS per env, [38;5;121m1[0m[38;5;159m envs).[0m
[38;5;159m[Genesis] [12:37:27] [INFO] Running at [38;5;121m91.73[0m[38;5;159m FPS ([38;5;121m91.73[0m[38;5;159m FPS per env, [38;5;121m1[0m[38;5;159m envs).[0m
[38;5;159m[Genesis] [12:37:27] [INFO] Running at [38;5;121m73.47[0m[38;5;159m FPS ([38;5;121m73.47[0m[38;5;159m FPS per env, [38;5;121m1[0m[38;5;159m envs).[0m
[38;5;159m[Genesis] [12:37:27] [INFO] Running at [38;5;121m73.32[0m[38;5;159m FPS ([38;5;121m73.32[0m[38;5;159m FPS per env, [38;5;121m1[0m[38;5;159m envs).[0m
[38;5;159m[Genesis] [12:37:27] [INFO] Running at [38;5;121m73.17[0m[38;5;159m FPS ([38;5;121m73.17[0m[38;5;159m FPS per env, [38;5;121m1[0m[38;5;159m envs).[0m
[38;5;159m[Genesis] [12:37:27] [INFO] Running at [38;5;121m73.04[0m[38;5;159m FPS ([38;5;121m73.04[0m[38;5;159m FPS per env, [38;5;121m1[0m[38;5;159m envs).[0m
[38;5;159m[Genesis] [12:37:27] [INFO] Running at [38;5;121m73.36[0m[38;5;159m FPS ([38;5;121m73.36[0m[38;5;159m FPS per env, [38;5;121m1[0m[38;5;159m envs).[0m
[38;5;159m[Genesis] [12:37:27] [INFO] Running at [38;5;121m73.64[0m[38;5;159m FPS ([38;5;121m73.64[0m[38;5;159m FPS per env, [38;5;121m1[0m[38;5;159m envs).[0m
[38;5;159m[Genesis] [12:37:27] [INFO] Running at [38;5;121m73.92[0m[38;5;159m FPS ([38;5;121m73.92[0m[38;5;159m FPS per env, [38;5;121m1[0m[38;5;159m envs).[0m
[38;5;159m[Genesis] [12:37:27] [INFO] Running at [38;5;121m74.04[0m[38;5;159m FPS ([38;5;121m74.04[0m[38;5;159m FPS per env, [38;5;121m1[0m[38;5;159m envs).[0m
[38;5;159m[Genesis] [12:37:27] [INFO] Running at [38;5;121m74.30[0m[38;5;159m FPS ([38;5;121m74.30[0m[38;5;159m FPS per env, [38;5;121m1[0m[38;5;159m envs).[0m
[38;5;159m[Genesis] [12:37:28] [INFO] Running at [38;5;121m74.56[0m[38;5;159m FPS ([38;5;121m74.56[0m[38;5;159m FPS per env, [38;5;121m1[0m[38;5;159m envs).[0m
[38;5;159m[Genesis] [12:37:28] [INFO] Running at [38;5;121m74.81[0m[38;5;159m FPS ([38;5;121m74.81[0m[38;5;159m FPS per env, [38;5;121m1[0m[38;5;159m envs).[0m
[38;5;159m[Genesis] [12:37:28] [INFO] Running at [38;5;121m74.93[0m[38;5;159m FPS ([38;5;121m74.93[0m[38;5;159m FPS per env, [38;5;121m1[0m[38;5;159m envs).[0m
[38;5;159m[Genesis] [12:37:28] [INFO] Running at [38;5;121m74.71[0m[38;5;159m FPS ([38;5;121m74.71[0m[38;5;159m FPS per env, [38;5;121m1[0m[38;5;159m envs).[0m
[38;5;159m[Genesis] [12:37:28] [INFO] Running at [38;5;121m74.48[0m[38;5;159m FPS ([38;5;121m74.48[0m[38;5;159m FPS per env, [38;5;121m1[0m[38;5;159m envs).[0m
[38;5;159m[Genesis] [12:37:28] [INFO] Running at [38;5;121m74.28[0m[38;5;159m FPS ([38;5;121m74.28[0m[38;5;159m FPS per env, [38;5;121m1[0m[38;5;159m envs).[0m
[38;5;159m[Genesis] [12:37:28] [INFO] Running at [38;5;121m74.32[0m[38;5;159m FPS ([38;5;121m74.32[0m[38;5;159m FPS per env, [38;5;121m1[0m[38;5;159m envs).[0m
[38;5;159m[Genesis] [12:37:28] [INFO] Running at [38;5;121m74.56[0m[38;5;159m FPS ([38;5;121m74.56[0m[38;5;159m FPS per env, [38;5;121m1[0m[38;5;159m envs).[0m
[38;5;159m[Genesis] [12:37:28] [INFO] Running at [38;5;121m74.81[0m[38;5;159m FPS ([38;5;121m74.81[0m[38;5;159m FPS per env, [38;5;121m1[0m[38;5;159m envs).[0m
[38;5;159m[Genesis] [12:37:28] [INFO] Running at [38;5;121m75.05[0m[38;5;159m FPS ([38;5;121m75.05[0m[38;5;159m FPS per env, [38;5;121m1[0m[38;5;159m envs).[0m
[38;5;159m[Genesis] [12:37:28] [INFO] Running at [38;5;121m74.96[0m[38;5;159m FPS ([38;5;121m74.96[0m[38;5;159m FPS per env, [38;5;121m1[0m[38;5;159m envs).[0m
[38;5;159m[Genesis] [12:37:28] [INFO] Running at [38;5;121m74.74[0m[38;5;159m FPS ([38;5;121m74.74[0m[38;5;159m FPS per env, [38;5;121m1[0m[38;5;159m envs).[0m
[38;5;159m[Genesis] [12:37:28] [INFO] Running at [38;5;121m74.53[0m[38;5;159m FPS ([38;5;121m74.53[0m[38;5;159m FPS per env, [38;5;121m1[0m[38;5;159m envs).[0m
[38;5;159m[Genesis] [12:37:28] [INFO] Running at [38;5;121m74.33[0m[38;5;159m FPS ([38;5;121m74.33[0m[38;5;159m FPS per env, [38;5;121m1[0m[38;5;159m envs).[0m
[38;5;159m[Genesis] [12:37:28] [INFO] Running at [38;5;121m74.59[0m[38;5;159m FPS ([38;5;121m74.59[0m[38;5;159m FPS per env, [38;5;121m1[0m[38;5;159m envs).[0m
[38;5;159m[Genesis] [12:37:28] [INFO] Running at [38;5;121m92.48[0m[38;5;159m FPS ([38;5;121m92.48[0m[38;5;159m FPS per env, [38;5;121m1[0m[38;5;159m envs).[0m
[38;5;159m[Genesis] [12:37:28] [INFO] Running at [38;5;121m91.77[0m[38;5;159m FPS ([38;5;121m91.77[0m[38;5;159m FPS per env, [38;5;121m1[0m[38;5;159m envs).[0m
[38;5;159m[Genesis] [12:37:28] [INFO] Running at [38;5;121m73.51[0m[38;5;159m FPS ([38;5;121m73.51[0m[38;5;159m FPS per env, [38;5;121m1[0m[38;5;159m envs).[0m
[38;5;159m[Genesis] [12:37:29] [INFO] Running at [38;5;121m73.36[0m[38;5;159m FPS ([38;5;121m73.36[0m[38;5;159m FPS per env, [38;5;121m1[0m[38;5;159m envs).[0m
[38;5;159m[Genesis] [12:37:29] [INFO] Running at [38;5;121m73.07[0m[38;5;159m FPS ([38;5;121m73.07[0m[38;5;159m FPS per env, [38;5;121m1[0m[38;5;159m envs).[0m
[38;5;159m[Genesis] [12:37:29] [INFO] Running at [38;5;121m72.95[0m[38;5;159m FPS ([38;5;121m72.95[0m[38;5;159m FPS per env, [38;5;121m1[0m[38;5;159m envs).[0m
[38;5;159m[Genesis] [12:37:29] [INFO] Running at [38;5;121m73.26[0m[38;5;159m FPS ([38;5;121m73.26[0m[38;5;159m FPS per env, [38;5;121m1[0m[38;5;159m envs).[0m
[38;5;159m[Genesis] [12:37:29] [INFO] Running at [38;5;121m73.57[0m[38;5;159m FPS ([38;5;121m73.57[0m[38;5;159m FPS per env, [38;5;121m1[0m[38;5;159m envs).[0m
[38;5;159m[Genesis] [12:37:29] [INFO] Running at [38;5;121m91.28[0m[38;5;159m FPS ([38;5;121m91.28[0m[38;5;159m FPS per env, [38;5;121m1[0m[38;5;159m envs).[0m
[38;5;159m[Genesis] [12:37:29] [INFO] Running at [38;5;121m73.17[0m[38;5;159m FPS ([38;5;121m73.17[0m[38;5;159m FPS per env, [38;5;121m1[0m[38;5;159m envs).[0m
[38;5;159m[Genesis] [12:37:29] [INFO] Running at [38;5;121m73.04[0m[38;5;159m FPS ([38;5;121m73.04[0m[38;5;159m FPS per env, [38;5;121m1[0m[38;5;159m envs).[0m
[38;5;159m[Genesis] [12:37:29] [INFO] Running at [38;5;121m72.93[0m[38;5;159m FPS ([38;5;121m72.93[0m[38;5;159m FPS per env, [38;5;121m1[0m[38;5;159m envs).[0m
[38;5;159m[Genesis] [12:37:29] [INFO] Running at [38;5;121m72.82[0m[38;5;159m FPS ([38;5;121m72.82[0m[38;5;159m FPS per env, [38;5;121m1[0m[38;5;159m envs).[0m
[38;5;159m[Genesis] [12:37:29] [INFO] Running at [38;5;121m73.04[0m[38;5;159m FPS ([38;5;121m73.04[0m[38;5;159m FPS per env, [38;5;121m1[0m[38;5;159m envs).[0m
[38;5;159m[Genesis] [12:37:29] [INFO] Running at [38;5;121m73.35[0m[38;5;159m FPS ([38;5;121m73.35[0m[38;5;159m FPS per env, [38;5;121m1[0m[38;5;159m envs).[0m
[38;5;159m[Genesis] [12:37:29] [INFO] Running at [38;5;121m91.02[0m[38;5;159m FPS ([38;5;121m91.02[0m[38;5;159m FPS per env, [38;5;121m1[0m[38;5;159m envs).[0m
[38;5;159m[Genesis] [12:37:29] [INFO] Running at [38;5;121m90.42[0m[38;5;159m FPS ([38;5;121m90.42[0m[38;5;159m FPS per env, [38;5;121m1[0m[38;5;159m envs).[0m
[38;5;159m[Genesis] [12:37:29] [INFO] Running at [38;5;121m72.68[0m[38;5;159m FPS ([38;5;121m72.68[0m[38;5;159m FPS per env, [38;5;121m1[0m[38;5;159m envs).[0m
[38;5;159m[Genesis] [12:37:29] [INFO] Running at [38;5;121m73.01[0m[38;5;159m FPS ([38;5;121m73.01[0m[38;5;159m FPS per env, [38;5;121m1[0m[38;5;159m envs).[0m
[38;5;159m[Genesis] [12:37:29] [INFO] Running at [38;5;121m73.33[0m[38;5;159m FPS ([38;5;121m73.33[0m[38;5;159m FPS per env, [38;5;121m1[0m[38;5;159m envs).[0m
[38;5;159m[Genesis] [12:37:29] [INFO] Running at [38;5;121m73.51[0m[38;5;159m FPS ([38;5;121m73.51[0m[38;5;159m FPS per env, [38;5;121m1[0m[38;5;159m envs).[0m
[38;5;159m[Genesis] [12:37:30] [INFO] Running at [38;5;121m73.37[0m[38;5;159m FPS ([38;5;121m73.37[0m[38;5;159m FPS per env, [38;5;121m1[0m[38;5;159m envs).[0m
[38;5;159m[Genesis] [12:37:30] [INFO] Running at [38;5;121m73.23[0m[38;5;159m FPS ([38;5;121m73.23[0m[38;5;159m FPS per env, [38;5;121m1[0m[38;5;159m envs).[0m
[38;5;159m[Genesis] [12:37:30] [INFO] Running at [38;5;121m73.10[0m[38;5;159m FPS ([38;5;121m73.10[0m[38;5;159m FPS per env, [38;5;121m1[0m[38;5;159m envs).[0m
[38;5;159m[Genesis] [12:37:30] [INFO] Running at [38;5;121m73.30[0m[38;5;159m FPS ([38;5;121m73.30[0m[38;5;159m FPS per env, [38;5;121m1[0m[38;5;159m envs).[0m
[38;5;159m[Genesis] [12:37:30] [INFO] Running at [38;5;121m73.45[0m[38;5;159m FPS ([38;5;121m73.45[0m[38;5;159m FPS per env, [38;5;121m1[0m[38;5;159m envs).[0m
[38;5;159m[Genesis] [12:37:30] [INFO] Running at [38;5;121m91.15[0m[38;5;159m FPS ([38;5;121m91.15[0m[38;5;159m FPS per env, [38;5;121m1[0m[38;5;159m envs).[0m
[38;5;159m[Genesis] [12:37:30] [INFO] Running at [38;5;121m90.38[0m[38;5;159m FPS ([38;5;121m90.38[0m[38;5;159m FPS per env, [38;5;121m1[0m[38;5;159m envs).[0m
[38;5;159m[Genesis] [12:37:30] [INFO] Running at [38;5;121m72.23[0m[38;5;159m FPS ([38;5;121m72.23[0m[38;5;159m FPS per env, [38;5;121m1[0m[38;5;159m envs).[0m
[38;5;159m[Genesis] [12:37:30] [INFO] Running at [38;5;121m72.15[0m[38;5;159m FPS ([38;5;121m72.15[0m[38;5;159m FPS per env, [38;5;121m1[0m[38;5;159m envs).[0m
[38;5;159m[Genesis] [12:37:30] [INFO] Running at [38;5;121m72.08[0m[38;5;159m FPS ([38;5;121m72.08[0m[38;5;159m FPS per env, [38;5;121m1[0m[38;5;159m envs).[0m
[38;5;159m[Genesis] [12:37:30] [INFO] Running at [38;5;121m72.33[0m[38;5;159m FPS ([38;5;121m72.33[0m[38;5;159m FPS per env, [38;5;121m1[0m[38;5;159m envs).[0m
[38;5;159m[Genesis] [12:37:30] [INFO] Running at [38;5;121m72.65[0m[38;5;159m FPS ([38;5;121m72.65[0m[38;5;159m FPS per env, [38;5;121m1[0m[38;5;159m envs).[0m
[38;5;159m[Genesis] [12:37:30] [INFO] Running at [38;5;121m72.97[0m[38;5;159m FPS ([38;5;121m72.97[0m[38;5;159m FPS per env, [38;5;121m1[0m[38;5;159m envs).[0m
[38;5;159m[Genesis] [12:37:30] [INFO] Running at [38;5;121m73.28[0m[38;5;159m FPS ([38;5;121m73.28[0m[38;5;159m FPS per env, [38;5;121m1[0m[38;5;159m envs).[0m
[38;5;159m[Genesis] [12:37:30] [INFO] Running at [38;5;121m73.58[0m[38;5;159m FPS ([38;5;121m73.58[0m[38;5;159m FPS per env, [38;5;121m1[0m[38;5;159m envs).[0m
[38;5;159m[Genesis] [12:37:30] [INFO] Running at [38;5;121m73.87[0m[38;5;159m FPS ([38;5;121m73.87[0m[38;5;159m FPS per env, [38;5;121m1[0m[38;5;159m envs).[0m
[38;5;159m[Genesis] [12:37:30] [INFO] Running at [38;5;121m74.14[0m[38;5;159m FPS ([38;5;121m74.14[0m[38;5;159m FPS per env, [38;5;121m1[0m[38;5;159m envs).[0m
[38;5;159m[Genesis] [12:37:30] [INFO] Running at [38;5;121m74.39[0m[38;5;159m FPS ([38;5;121m74.39[0m[38;5;159m FPS per env, [38;5;121m1[0m[38;5;159m envs).[0m
[38;5;159m[Genesis] [12:37:30] [INFO] Running at [38;5;121m74.31[0m[38;5;159m FPS ([38;5;121m74.31[0m[38;5;159m FPS per env, [38;5;121m1[0m[38;5;159m envs).[0m
fps 50
[38;5;159m[Genesis] [12:37:31] [INFO] Saving video to [38;5;121m"test_4400_8.0_behind.mp4"[0m[38;5;159m...[0m
[38;5;159m[Genesis] [12:37:33] [INFO] Video saved.[0m
[38;5;159m[Genesis] [12:37:33] [INFO] Saving video to [38;5;121m"test_4400_8.0_side.mp4"[0m[38;5;159m...[0m
[38;5;159m[Genesis] [12:37:35] [INFO] Video saved.[0m
Saved recordings for checkpoint 4400.
Final yaw-rate error: 0.69 deg/s
[38;5;159m[Genesis] [12:37:36] [INFO] 💤 Exiting Genesis and caching compiled kernels...[0m
