[38;5;159m[Genesis] [11:51:59] [INFO] [38;5;121m╭───────────────────────────────────────────────╮[0m[38;5;159m[0m
[38;5;159m[Genesis] [11:51:59] [INFO] [38;5;121m│┈┉┈┉┈┉┈┉┈┉┈┉┈┉┈┉┈┉┈[0m[38;5;159m [38;5;121m[1m[3mGenesis[0m[38;5;159m [38;5;121m┈┉┈┉┈┉┈┉┈┉┈┉┈┉┈┉┈┉┈│[0m[38;5;159m[0m
[38;5;159m[Genesis] [11:51:59] [INFO] [38;5;121m╰───────────────────────────────────────────────╯[0m[38;5;159m[0m
[38;5;159m[Genesis] [11:52:00] [INFO] Running on [38;5;121m[4m[NVIDIA GeForce RTX 5090][0m[38;5;159m with backend [38;5;121m[4mgs.cuda[0m[38;5;159m. Device memory: [38;5;121m[4m31.36[0m[38;5;159m GB.[0m
[38;5;159m[Genesis] [11:52:00] [INFO] 🚀 Genesis initialized. 🔖 version: [38;5;121m[4m0.4.7[0m[38;5;159m, 🎨 theme: [38;5;121m[4mdark[0m[38;5;159m, 🌱 seed: [38;5;121m[4mNone[0m[38;5;159m, 🐛 debug: [38;5;121m[4mFalse[0m[38;5;159m, 📏 precision: [38;5;121m[4m32[0m[38;5;159m, 🔥 performance: [38;5;121m[4mFalse[0m[38;5;159m, 💬 verbose: [38;5;121m[4mINFO[0m[38;5;159m[0m
[38;5;226m[Genesis] [11:52:02] [WARNING] Viewer option 'n_rendered_envs' is deprecated and will be removed in a future release. Please use 'rendered_envs_idx' instead.[0m
[38;5;159m[Genesis] [11:52:03] [INFO] Scene [38;5;121m[3m<79f085d>[0m[38;5;159m created.[0m
[38;5;159m[Genesis] [11:52:03] [INFO] Adding [38;5;121m<gs.engine.entities.RigidEntity>[0m[38;5;159m. idx: [38;5;121m0[0m[38;5;159m, uid: [38;5;121m[3m<84b68fa>[0m[38;5;159m, morph: [38;5;121m<gs.morphs.Plane>[0m[38;5;159m, material: [38;5;121m<gs.materials.Rigid>[0m[38;5;159m.[0m
[38;5;159m[Genesis] [11:52:03] [INFO] Adding [38;5;121m<gs.engine.entities.RigidEntity>[0m[38;5;159m. idx: [38;5;121m1[0m[38;5;159m, uid: [38;5;121m[3m<358c291>[0m[38;5;159m, morph: [38;5;121m<gs.morphs.URDF(file='/home/jfriesen/.local/lib/python3.12/site-packages/genesis/assets/urdf/go2/urdf/go2.urdf')>[0m[38;5;159m, material: [38;5;121m<gs.materials.Rigid>[0m[38;5;159m.[0m
[38;5;159m[Genesis] [11:52:06] [INFO] Building scene [38;5;121m[3m<79f085d>[0m[38;5;159m...[0m
[38;5;226m[Genesis] [11:52:06] [WARNING] Neutral robot position (qpos0) exceeds joint limits.[0m
[38;5;159m[Genesis] [11:52:07] [INFO] Compiling simulation kernels...[0m
[38;5;159m[Genesis] [11:52:08] [INFO] Building visualizer...[0m
[38;5;226m[Genesis] [11:52:09] [WARNING] This property is deprecated and will be removed in future release. Please use 'dofs_idx_local' instead.[0m
[38;5;226m[Genesis] [11:52:09] [WARNING] This property is deprecated and will be removed in future release. Please use 'dofs_idx_local' instead.[0m
[38;5;226m[Genesis] [11:52:09] [WARNING] This property is deprecated and will be removed in future release. Please use 'dofs_idx_local' instead.[0m
[38;5;226m[Genesis] [11:52:09] [WARNING] This property is deprecated and will be removed in future release. Please use 'dofs_idx_local' instead.[0m
[38;5;226m[Genesis] [11:52:09] [WARNING] This property is deprecated and will be removed in future release. Please use 'dofs_idx_local' instead.[0m
[38;5;226m[Genesis] [11:52:09] [WARNING] This property is deprecated and will be removed in future release. Please use 'dofs_idx_local' instead.[0m
[38;5;226m[Genesis] [11:52:09] [WARNING] This property is deprecated and will be removed in future release. Please use 'dofs_idx_local' instead.[0m
[38;5;226m[Genesis] [11:52:09] [WARNING] This property is deprecated and will be removed in future release. Please use 'dofs_idx_local' instead.[0m
[38;5;226m[Genesis] [11:52:09] [WARNING] This property is deprecated and will be removed in future release. Please use 'dofs_idx_local' instead.[0m
[38;5;226m[Genesis] [11:52:09] [WARNING] This property is deprecated and will be removed in future release. Please use 'dofs_idx_local' instead.[0m
[38;5;226m[Genesis] [11:52:09] [WARNING] This property is deprecated and will be removed in future release. Please use 'dofs_idx_local' instead.[0m
[38;5;226m[Genesis] [11:52:09] [WARNING] This property is deprecated and will be removed in future release. Please use 'dofs_idx_local' instead.[0m
/home/jfriesen/.local/lib/python3.12/site-packages/torch/utils/_device.py:122: UserWarning: To copy construct from a tensor, it is recommended to use sourceTensor.detach().clone() or sourceTensor.detach().clone().requires_grad_(True), rather than torch.tensor(sourceTensor).
  return func(*args, **kwargs)
Actor MLP: Sequential(
  (0): Linear(in_features=51, out_features=512, bias=True)
  (1): ELU(alpha=1.0)
  (2): Linear(in_features=512, out_features=256, bias=True)
  (3): ELU(alpha=1.0)
  (4): Linear(in_features=256, out_features=128, bias=True)
  (5): ELU(alpha=1.0)
  (6): Linear(in_features=128, out_features=12, bias=True)
)
Critic MLP: Sequential(
  (0): Linear(in_features=75, out_features=512, bias=True)
  (1): ELU(alpha=1.0)
  (2): Linear(in_features=512, out_features=256, bias=True)
  (3): ELU(alpha=1.0)
  (4): Linear(in_features=256, out_features=128, bias=True)
  (5): ELU(alpha=1.0)
  (6): Linear(in_features=128, out_features=1, bias=True)
)
[38;5;159m[Genesis] [11:52:11] [INFO] Running at [38;5;121m1.62[0m[38;5;159m FPS ([38;5;121m1.62[0m[38;5;159m FPS per env, [38;5;121m1[0m[38;5;159m envs).[0m
[38;5;159m[Genesis] [11:52:11] [INFO] Running at [38;5;121m12.25[0m[38;5;159m FPS ([38;5;121m12.25[0m[38;5;159m FPS per env, [38;5;121m1[0m[38;5;159m envs).[0m
[38;5;159m[Genesis] [11:52:11] [INFO] Running at [38;5;121m79.80[0m[38;5;159m FPS ([38;5;121m79.80[0m[38;5;159m FPS per env, [38;5;121m1[0m[38;5;159m envs).[0m
[38;5;159m[Genesis] [11:52:11] [INFO] Running at [38;5;121m79.31[0m[38;5;159m FPS ([38;5;121m79.31[0m[38;5;159m FPS per env, [38;5;121m1[0m[38;5;159m envs).[0m
[38;5;159m[Genesis] [11:52:11] [INFO] Running at [38;5;121m79.16[0m[38;5;159m FPS ([38;5;121m79.16[0m[38;5;159m FPS per env, [38;5;121m1[0m[38;5;159m envs).[0m
[38;5;159m[Genesis] [11:52:11] [INFO] Running at [38;5;121m79.05[0m[38;5;159m FPS ([38;5;121m79.05[0m[38;5;159m FPS per env, [38;5;121m1[0m[38;5;159m envs).[0m
[38;5;159m[Genesis] [11:52:12] [INFO] Running at [38;5;121m78.91[0m[38;5;159m FPS ([38;5;121m78.91[0m[38;5;159m FPS per env, [38;5;121m1[0m[38;5;159m envs).[0m
[38;5;159m[Genesis] [11:52:12] [INFO] Running at [38;5;121m78.71[0m[38;5;159m FPS ([38;5;121m78.71[0m[38;5;159m FPS per env, [38;5;121m1[0m[38;5;159m envs).[0m
[38;5;159m[Genesis] [11:52:12] [INFO] Running at [38;5;121m78.56[0m[38;5;159m FPS ([38;5;121m78.56[0m[38;5;159m FPS per env, [38;5;121m1[0m[38;5;159m envs).[0m
[38;5;159m[Genesis] [11:52:12] [INFO] Running at [38;5;121m78.46[0m[38;5;159m FPS ([38;5;121m78.46[0m[38;5;159m FPS per env, [38;5;121m1[0m[38;5;159m envs).[0m
[38;5;159m[Genesis] [11:52:12] [INFO] Running at [38;5;121m78.42[0m[38;5;159m FPS ([38;5;121m78.42[0m[38;5;159m FPS per env, [38;5;121m1[0m[38;5;159m envs).[0m
[38;5;159m[Genesis] [11:52:12] [INFO] Running at [38;5;121m78.37[0m[38;5;159m FPS ([38;5;121m78.37[0m[38;5;159m FPS per env, [38;5;121m1[0m[38;5;159m envs).[0m
[38;5;159m[Genesis] [11:52:12] [INFO] Running at [38;5;121m78.30[0m[38;5;159m FPS ([38;5;121m78.30[0m[38;5;159m FPS per env, [38;5;121m1[0m[38;5;159m envs).[0m
[38;5;159m[Genesis] [11:52:12] [INFO] Running at [38;5;121m78.25[0m[38;5;159m FPS ([38;5;121m78.25[0m[38;5;159m FPS per env, [38;5;121m1[0m[38;5;159m envs).[0m
[38;5;159m[Genesis] [11:52:12] [INFO] Running at [38;5;121m78.25[0m[38;5;159m FPS ([38;5;121m78.25[0m[38;5;159m FPS per env, [38;5;121m1[0m[38;5;159m envs).[0m
[38;5;159m[Genesis] [11:52:12] [INFO] Running at [38;5;121m78.23[0m[38;5;159m FPS ([38;5;121m78.23[0m[38;5;159m FPS per env, [38;5;121m1[0m[38;5;159m envs).[0m
[38;5;159m[Genesis] [11:52:12] [INFO] Running at [38;5;121m78.25[0m[38;5;159m FPS ([38;5;121m78.25[0m[38;5;159m FPS per env, [38;5;121m1[0m[38;5;159m envs).[0m
[38;5;159m[Genesis] [11:52:12] [INFO] Running at [38;5;121m78.28[0m[38;5;159m FPS ([38;5;121m78.28[0m[38;5;159m FPS per env, [38;5;121m1[0m[38;5;159m envs).[0m
[38;5;159m[Genesis] [11:52:12] [INFO] Running at [38;5;121m78.32[0m[38;5;159m FPS ([38;5;121m78.32[0m[38;5;159m FPS per env, [38;5;121m1[0m[38;5;159m envs).[0m
[38;5;159m[Genesis] [11:52:12] [INFO] Running at [38;5;121m78.20[0m[38;5;159m FPS ([38;5;121m78.20[0m[38;5;159m FPS per env, [38;5;121m1[0m[38;5;159m envs).[0m
[38;5;159m[Genesis] [11:52:12] [INFO] Running at [38;5;121m78.13[0m[38;5;159m FPS ([38;5;121m78.13[0m[38;5;159m FPS per env, [38;5;121m1[0m[38;5;159m envs).[0m
[38;5;159m[Genesis] [11:52:12] [INFO] Running at [38;5;121m78.12[0m[38;5;159m FPS ([38;5;121m78.12[0m[38;5;159m FPS per env, [38;5;121m1[0m[38;5;159m envs).[0m
[38;5;159m[Genesis] [11:52:12] [INFO] Running at [38;5;121m77.83[0m[38;5;159m FPS ([38;5;121m77.83[0m[38;5;159m FPS per env, [38;5;121m1[0m[38;5;159m envs).[0m
[38;5;159m[Genesis] [11:52:12] [INFO] Running at [38;5;121m77.76[0m[38;5;159m FPS ([38;5;121m77.76[0m[38;5;159m FPS per env, [38;5;121m1[0m[38;5;159m envs).[0m
[38;5;159m[Genesis] [11:52:12] [INFO] Running at [38;5;121m77.80[0m[38;5;159m FPS ([38;5;121m77.80[0m[38;5;159m FPS per env, [38;5;121m1[0m[38;5;159m envs).[0m
[38;5;159m[Genesis] [11:52:13] [INFO] Running at [38;5;121m77.54[0m[38;5;159m FPS ([38;5;121m77.54[0m[38;5;159m FPS per env, [38;5;121m1[0m[38;5;159m envs).[0m
[38;5;159m[Genesis] [11:52:13] [INFO] Running at [38;5;121m76.88[0m[38;5;159m FPS ([38;5;121m76.88[0m[38;5;159m FPS per env, [38;5;121m1[0m[38;5;159m envs).[0m
[38;5;159m[Genesis] [11:52:13] [INFO] Running at [38;5;121m76.77[0m[38;5;159m FPS ([38;5;121m76.77[0m[38;5;159m FPS per env, [38;5;121m1[0m[38;5;159m envs).[0m
[38;5;159m[Genesis] [11:52:13] [INFO] Running at [38;5;121m76.78[0m[38;5;159m FPS ([38;5;121m76.78[0m[38;5;159m FPS per env, [38;5;121m1[0m[38;5;159m envs).[0m
[38;5;159m[Genesis] [11:52:13] [INFO] Running at [38;5;121m76.81[0m[38;5;159m FPS ([38;5;121m76.81[0m[38;5;159m FPS per env, [38;5;121m1[0m[38;5;159m envs).[0m
[38;5;159m[Genesis] [11:52:13] [INFO] Running at [38;5;121m76.44[0m[38;5;159m FPS ([38;5;121m76.44[0m[38;5;159m FPS per env, [38;5;121m1[0m[38;5;159m envs).[0m
[38;5;159m[Genesis] [11:52:13] [INFO] Running at [38;5;121m75.60[0m[38;5;159m FPS ([38;5;121m75.60[0m[38;5;159m FPS per env, [38;5;121m1[0m[38;5;159m envs).[0m
[38;5;159m[Genesis] [11:52:13] [INFO] Running at [38;5;121m74.91[0m[38;5;159m FPS ([38;5;121m74.91[0m[38;5;159m FPS per env, [38;5;121m1[0m[38;5;159m envs).[0m
[38;5;159m[Genesis] [11:52:13] [INFO] Running at [38;5;121m74.97[0m[38;5;159m FPS ([38;5;121m74.97[0m[38;5;159m FPS per env, [38;5;121m1[0m[38;5;159m envs).[0m
[38;5;159m[Genesis] [11:52:13] [INFO] Running at [38;5;121m75.08[0m[38;5;159m FPS ([38;5;121m75.08[0m[38;5;159m FPS per env, [38;5;121m1[0m[38;5;159m envs).[0m
[38;5;159m[Genesis] [11:52:13] [INFO] Running at [38;5;121m75.09[0m[38;5;159m FPS ([38;5;121m75.09[0m[38;5;159m FPS per env, [38;5;121m1[0m[38;5;159m envs).[0m
[38;5;159m[Genesis] [11:52:13] [INFO] Running at [38;5;121m75.22[0m[38;5;159m FPS ([38;5;121m75.22[0m[38;5;159m FPS per env, [38;5;121m1[0m[38;5;159m envs).[0m
[38;5;159m[Genesis] [11:52:13] [INFO] Running at [38;5;121m75.35[0m[38;5;159m FPS ([38;5;121m75.35[0m[38;5;159m FPS per env, [38;5;121m1[0m[38;5;159m envs).[0m
[38;5;159m[Genesis] [11:52:13] [INFO] Running at [38;5;121m75.41[0m[38;5;159m FPS ([38;5;121m75.41[0m[38;5;159m FPS per env, [38;5;121m1[0m[38;5;159m envs).[0m
[38;5;159m[Genesis] [11:52:13] [INFO] Running at [38;5;121m75.49[0m[38;5;159m FPS ([38;5;121m75.49[0m[38;5;159m FPS per env, [38;5;121m1[0m[38;5;159m envs).[0m
[38;5;159m[Genesis] [11:52:13] [INFO] Running at [38;5;121m75.58[0m[38;5;159m FPS ([38;5;121m75.58[0m[38;5;159m FPS per env, [38;5;121m1[0m[38;5;159m envs).[0m
[38;5;159m[Genesis] [11:52:13] [INFO] Running at [38;5;121m75.02[0m[38;5;159m FPS ([38;5;121m75.02[0m[38;5;159m FPS per env, [38;5;121m1[0m[38;5;159m envs).[0m
[38;5;159m[Genesis] [11:52:13] [INFO] Running at [38;5;121m74.86[0m[38;5;159m FPS ([38;5;121m74.86[0m[38;5;159m FPS per env, [38;5;121m1[0m[38;5;159m envs).[0m
[38;5;159m[Genesis] [11:52:14] [INFO] Running at [38;5;121m74.79[0m[38;5;159m FPS ([38;5;121m74.79[0m[38;5;159m FPS per env, [38;5;121m1[0m[38;5;159m envs).[0m
[38;5;159m[Genesis] [11:52:14] [INFO] Running at [38;5;121m74.77[0m[38;5;159m FPS ([38;5;121m74.77[0m[38;5;159m FPS per env, [38;5;121m1[0m[38;5;159m envs).[0m
[38;5;159m[Genesis] [11:52:14] [INFO] Running at [38;5;121m74.95[0m[38;5;159m FPS ([38;5;121m74.95[0m[38;5;159m FPS per env, [38;5;121m1[0m[38;5;159m envs).[0m
[38;5;159m[Genesis] [11:52:14] [INFO] Running at [38;5;121m75.14[0m[38;5;159m FPS ([38;5;121m75.14[0m[38;5;159m FPS per env, [38;5;121m1[0m[38;5;159m envs).[0m
[38;5;159m[Genesis] [11:52:14] [INFO] Running at [38;5;121m75.27[0m[38;5;159m FPS ([38;5;121m75.27[0m[38;5;159m FPS per env, [38;5;121m1[0m[38;5;159m envs).[0m
[38;5;159m[Genesis] [11:52:14] [INFO] Running at [38;5;121m75.40[0m[38;5;159m FPS ([38;5;121m75.40[0m[38;5;159m FPS per env, [38;5;121m1[0m[38;5;159m envs).[0m
[38;5;159m[Genesis] [11:52:14] [INFO] Running at [38;5;121m75.16[0m[38;5;159m FPS ([38;5;121m75.16[0m[38;5;159m FPS per env, [38;5;121m1[0m[38;5;159m envs).[0m
[38;5;159m[Genesis] [11:52:14] [INFO] Running at [38;5;121m56.44[0m[38;5;159m FPS ([38;5;121m56.44[0m[38;5;159m FPS per env, [38;5;121m1[0m[38;5;159m envs).[0m
[38;5;159m[Genesis] [11:52:14] [INFO] Running at [38;5;121m74.52[0m[38;5;159m FPS ([38;5;121m74.52[0m[38;5;159m FPS per env, [38;5;121m1[0m[38;5;159m envs).[0m
[38;5;159m[Genesis] [11:52:14] [INFO] Running at [38;5;121m73.94[0m[38;5;159m FPS ([38;5;121m73.94[0m[38;5;159m FPS per env, [38;5;121m1[0m[38;5;159m envs).[0m
[38;5;159m[Genesis] [11:52:14] [INFO] Running at [38;5;121m74.10[0m[38;5;159m FPS ([38;5;121m74.10[0m[38;5;159m FPS per env, [38;5;121m1[0m[38;5;159m envs).[0m
[38;5;159m[Genesis] [11:52:14] [INFO] Running at [38;5;121m74.19[0m[38;5;159m FPS ([38;5;121m74.19[0m[38;5;159m FPS per env, [38;5;121m1[0m[38;5;159m envs).[0m
[38;5;159m[Genesis] [11:52:14] [INFO] Running at [38;5;121m74.30[0m[38;5;159m FPS ([38;5;121m74.30[0m[38;5;159m FPS per env, [38;5;121m1[0m[38;5;159m envs).[0m
[38;5;159m[Genesis] [11:52:14] [INFO] Running at [38;5;121m74.39[0m[38;5;159m FPS ([38;5;121m74.39[0m[38;5;159m FPS per env, [38;5;121m1[0m[38;5;159m envs).[0m
[38;5;159m[Genesis] [11:52:14] [INFO] Running at [38;5;121m74.49[0m[38;5;159m FPS ([38;5;121m74.49[0m[38;5;159m FPS per env, [38;5;121m1[0m[38;5;159m envs).[0m
[38;5;159m[Genesis] [11:52:14] [INFO] Running at [38;5;121m74.57[0m[38;5;159m FPS ([38;5;121m74.57[0m[38;5;159m FPS per env, [38;5;121m1[0m[38;5;159m envs).[0m
[38;5;159m[Genesis] [11:52:14] [INFO] Running at [38;5;121m74.64[0m[38;5;159m FPS ([38;5;121m74.64[0m[38;5;159m FPS per env, [38;5;121m1[0m[38;5;159m envs).[0m
[38;5;159m[Genesis] [11:52:14] [INFO] Running at [38;5;121m74.70[0m[38;5;159m FPS ([38;5;121m74.70[0m[38;5;159m FPS per env, [38;5;121m1[0m[38;5;159m envs).[0m
[38;5;159m[Genesis] [11:52:14] [INFO] Running at [38;5;121m74.80[0m[38;5;159m FPS ([38;5;121m74.80[0m[38;5;159m FPS per env, [38;5;121m1[0m[38;5;159m envs).[0m
[38;5;159m[Genesis] [11:52:15] [INFO] Running at [38;5;121m74.87[0m[38;5;159m FPS ([38;5;121m74.87[0m[38;5;159m FPS per env, [38;5;121m1[0m[38;5;159m envs).[0m
[38;5;159m[Genesis] [11:52:15] [INFO] Running at [38;5;121m74.53[0m[38;5;159m FPS ([38;5;121m74.53[0m[38;5;159m FPS per env, [38;5;121m1[0m[38;5;159m envs).[0m
[38;5;159m[Genesis] [11:52:15] [INFO] Running at [38;5;121m74.48[0m[38;5;159m FPS ([38;5;121m74.48[0m[38;5;159m FPS per env, [38;5;121m1[0m[38;5;159m envs).[0m
[38;5;159m[Genesis] [11:52:15] [INFO] Running at [38;5;121m74.54[0m[38;5;159m FPS ([38;5;121m74.54[0m[38;5;159m FPS per env, [38;5;121m1[0m[38;5;159m envs).[0m
[38;5;159m[Genesis] [11:52:15] [INFO] Running at [38;5;121m74.77[0m[38;5;159m FPS ([38;5;121m74.77[0m[38;5;159m FPS per env, [38;5;121m1[0m[38;5;159m envs).[0m
[38;5;159m[Genesis] [11:52:15] [INFO] Running at [38;5;121m92.68[0m[38;5;159m FPS ([38;5;121m92.68[0m[38;5;159m FPS per env, [38;5;121m1[0m[38;5;159m envs).[0m
[38;5;159m[Genesis] [11:52:15] [INFO] Running at [38;5;121m74.19[0m[38;5;159m FPS ([38;5;121m74.19[0m[38;5;159m FPS per env, [38;5;121m1[0m[38;5;159m envs).[0m
[38;5;159m[Genesis] [11:52:15] [INFO] Running at [38;5;121m74.35[0m[38;5;159m FPS ([38;5;121m74.35[0m[38;5;159m FPS per env, [38;5;121m1[0m[38;5;159m envs).[0m
[38;5;159m[Genesis] [11:52:15] [INFO] Running at [38;5;121m74.50[0m[38;5;159m FPS ([38;5;121m74.50[0m[38;5;159m FPS per env, [38;5;121m1[0m[38;5;159m envs).[0m
[38;5;159m[Genesis] [11:52:15] [INFO] Running at [38;5;121m74.63[0m[38;5;159m FPS ([38;5;121m74.63[0m[38;5;159m FPS per env, [38;5;121m1[0m[38;5;159m envs).[0m
[38;5;159m[Genesis] [11:52:15] [INFO] Running at [38;5;121m74.77[0m[38;5;159m FPS ([38;5;121m74.77[0m[38;5;159m FPS per env, [38;5;121m1[0m[38;5;159m envs).[0m
[38;5;159m[Genesis] [11:52:15] [INFO] Running at [38;5;121m74.86[0m[38;5;159m FPS ([38;5;121m74.86[0m[38;5;159m FPS per env, [38;5;121m1[0m[38;5;159m envs).[0m
[38;5;159m[Genesis] [11:52:15] [INFO] Running at [38;5;121m74.96[0m[38;5;159m FPS ([38;5;121m74.96[0m[38;5;159m FPS per env, [38;5;121m1[0m[38;5;159m envs).[0m
[38;5;159m[Genesis] [11:52:15] [INFO] Running at [38;5;121m75.06[0m[38;5;159m FPS ([38;5;121m75.06[0m[38;5;159m FPS per env, [38;5;121m1[0m[38;5;159m envs).[0m
[38;5;159m[Genesis] [11:52:15] [INFO] Running at [38;5;121m75.14[0m[38;5;159m FPS ([38;5;121m75.14[0m[38;5;159m FPS per env, [38;5;121m1[0m[38;5;159m envs).[0m
[38;5;159m[Genesis] [11:52:15] [INFO] Running at [38;5;121m75.05[0m[38;5;159m FPS ([38;5;121m75.05[0m[38;5;159m FPS per env, [38;5;121m1[0m[38;5;159m envs).[0m
[38;5;159m[Genesis] [11:52:15] [INFO] Running at [38;5;121m75.03[0m[38;5;159m FPS ([38;5;121m75.03[0m[38;5;159m FPS per env, [38;5;121m1[0m[38;5;159m envs).[0m
[38;5;159m[Genesis] [11:52:15] [INFO] Running at [38;5;121m75.05[0m[38;5;159m FPS ([38;5;121m75.05[0m[38;5;159m FPS per env, [38;5;121m1[0m[38;5;159m envs).[0m
[38;5;159m[Genesis] [11:52:15] [INFO] Running at [38;5;121m75.09[0m[38;5;159m FPS ([38;5;121m75.09[0m[38;5;159m FPS per env, [38;5;121m1[0m[38;5;159m envs).[0m
[38;5;159m[Genesis] [11:52:16] [INFO] Running at [38;5;121m74.98[0m[38;5;159m FPS ([38;5;121m74.98[0m[38;5;159m FPS per env, [38;5;121m1[0m[38;5;159m envs).[0m
[38;5;159m[Genesis] [11:52:16] [INFO] Running at [38;5;121m74.20[0m[38;5;159m FPS ([38;5;121m74.20[0m[38;5;159m FPS per env, [38;5;121m1[0m[38;5;159m envs).[0m
[38;5;159m[Genesis] [11:52:16] [INFO] Running at [38;5;121m73.87[0m[38;5;159m FPS ([38;5;121m73.87[0m[38;5;159m FPS per env, [38;5;121m1[0m[38;5;159m envs).[0m
[38;5;159m[Genesis] [11:52:16] [INFO] Running at [38;5;121m73.37[0m[38;5;159m FPS ([38;5;121m73.37[0m[38;5;159m FPS per env, [38;5;121m1[0m[38;5;159m envs).[0m
[38;5;159m[Genesis] [11:52:16] [INFO] Running at [38;5;121m72.94[0m[38;5;159m FPS ([38;5;121m72.94[0m[38;5;159m FPS per env, [38;5;121m1[0m[38;5;159m envs).[0m
[38;5;159m[Genesis] [11:52:16] [INFO] Running at [38;5;121m72.35[0m[38;5;159m FPS ([38;5;121m72.35[0m[38;5;159m FPS per env, [38;5;121m1[0m[38;5;159m envs).[0m
[38;5;159m[Genesis] [11:52:16] [INFO] Running at [38;5;121m72.03[0m[38;5;159m FPS ([38;5;121m72.03[0m[38;5;159m FPS per env, [38;5;121m1[0m[38;5;159m envs).[0m
[38;5;159m[Genesis] [11:52:16] [INFO] Running at [38;5;121m72.27[0m[38;5;159m FPS ([38;5;121m72.27[0m[38;5;159m FPS per env, [38;5;121m1[0m[38;5;159m envs).[0m
[38;5;159m[Genesis] [11:52:16] [INFO] Running at [38;5;121m72.53[0m[38;5;159m FPS ([38;5;121m72.53[0m[38;5;159m FPS per env, [38;5;121m1[0m[38;5;159m envs).[0m
[38;5;159m[Genesis] [11:52:16] [INFO] Running at [38;5;121m72.21[0m[38;5;159m FPS ([38;5;121m72.21[0m[38;5;159m FPS per env, [38;5;121m1[0m[38;5;159m envs).[0m
[38;5;159m[Genesis] [11:52:16] [INFO] Running at [38;5;121m72.20[0m[38;5;159m FPS ([38;5;121m72.20[0m[38;5;159m FPS per env, [38;5;121m1[0m[38;5;159m envs).[0m
[38;5;159m[Genesis] [11:52:16] [INFO] Running at [38;5;121m72.14[0m[38;5;159m FPS ([38;5;121m72.14[0m[38;5;159m FPS per env, [38;5;121m1[0m[38;5;159m envs).[0m
[38;5;159m[Genesis] [11:52:16] [INFO] Running at [38;5;121m71.65[0m[38;5;159m FPS ([38;5;121m71.65[0m[38;5;159m FPS per env, [38;5;121m1[0m[38;5;159m envs).[0m
[38;5;159m[Genesis] [11:52:16] [INFO] Running at [38;5;121m71.72[0m[38;5;159m FPS ([38;5;121m71.72[0m[38;5;159m FPS per env, [38;5;121m1[0m[38;5;159m envs).[0m
[38;5;159m[Genesis] [11:52:16] [INFO] Running at [38;5;121m72.06[0m[38;5;159m FPS ([38;5;121m72.06[0m[38;5;159m FPS per env, [38;5;121m1[0m[38;5;159m envs).[0m
[38;5;159m[Genesis] [11:52:16] [INFO] Running at [38;5;121m72.40[0m[38;5;159m FPS ([38;5;121m72.40[0m[38;5;159m FPS per env, [38;5;121m1[0m[38;5;159m envs).[0m
[38;5;159m[Genesis] [11:52:16] [INFO] Running at [38;5;121m72.64[0m[38;5;159m FPS ([38;5;121m72.64[0m[38;5;159m FPS per env, [38;5;121m1[0m[38;5;159m envs).[0m
[38;5;159m[Genesis] [11:52:16] [INFO] Running at [38;5;121m72.90[0m[38;5;159m FPS ([38;5;121m72.90[0m[38;5;159m FPS per env, [38;5;121m1[0m[38;5;159m envs).[0m
[38;5;159m[Genesis] [11:52:17] [INFO] Running at [38;5;121m73.22[0m[38;5;159m FPS ([38;5;121m73.22[0m[38;5;159m FPS per env, [38;5;121m1[0m[38;5;159m envs).[0m
[38;5;159m[Genesis] [11:52:17] [INFO] Running at [38;5;121m73.49[0m[38;5;159m FPS ([38;5;121m73.49[0m[38;5;159m FPS per env, [38;5;121m1[0m[38;5;159m envs).[0m
[38;5;159m[Genesis] [11:52:17] [INFO] Running at [38;5;121m73.69[0m[38;5;159m FPS ([38;5;121m73.69[0m[38;5;159m FPS per env, [38;5;121m1[0m[38;5;159m envs).[0m
[38;5;159m[Genesis] [11:52:17] [INFO] Running at [38;5;121m73.94[0m[38;5;159m FPS ([38;5;121m73.94[0m[38;5;159m FPS per env, [38;5;121m1[0m[38;5;159m envs).[0m
[38;5;159m[Genesis] [11:52:17] [INFO] Running at [38;5;121m74.18[0m[38;5;159m FPS ([38;5;121m74.18[0m[38;5;159m FPS per env, [38;5;121m1[0m[38;5;159m envs).[0m
[38;5;159m[Genesis] [11:52:17] [INFO] Running at [38;5;121m74.42[0m[38;5;159m FPS ([38;5;121m74.42[0m[38;5;159m FPS per env, [38;5;121m1[0m[38;5;159m envs).[0m
[38;5;159m[Genesis] [11:52:17] [INFO] Running at [38;5;121m74.67[0m[38;5;159m FPS ([38;5;121m74.67[0m[38;5;159m FPS per env, [38;5;121m1[0m[38;5;159m envs).[0m
[38;5;159m[Genesis] [11:52:17] [INFO] Running at [38;5;121m92.50[0m[38;5;159m FPS ([38;5;121m92.50[0m[38;5;159m FPS per env, [38;5;121m1[0m[38;5;159m envs).[0m
[38;5;159m[Genesis] [11:52:17] [INFO] Running at [38;5;121m73.96[0m[38;5;159m FPS ([38;5;121m73.96[0m[38;5;159m FPS per env, [38;5;121m1[0m[38;5;159m envs).[0m
[38;5;159m[Genesis] [11:52:17] [INFO] Running at [38;5;121m74.15[0m[38;5;159m FPS ([38;5;121m74.15[0m[38;5;159m FPS per env, [38;5;121m1[0m[38;5;159m envs).[0m
[38;5;159m[Genesis] [11:52:17] [INFO] Running at [38;5;121m74.34[0m[38;5;159m FPS ([38;5;121m74.34[0m[38;5;159m FPS per env, [38;5;121m1[0m[38;5;159m envs).[0m
[38;5;159m[Genesis] [11:52:17] [INFO] Running at [38;5;121m74.52[0m[38;5;159m FPS ([38;5;121m74.52[0m[38;5;159m FPS per env, [38;5;121m1[0m[38;5;159m envs).[0m
[38;5;159m[Genesis] [11:52:17] [INFO] Running at [38;5;121m74.70[0m[38;5;159m FPS ([38;5;121m74.70[0m[38;5;159m FPS per env, [38;5;121m1[0m[38;5;159m envs).[0m
[38;5;159m[Genesis] [11:52:17] [INFO] Running at [38;5;121m74.32[0m[38;5;159m FPS ([38;5;121m74.32[0m[38;5;159m FPS per env, [38;5;121m1[0m[38;5;159m envs).[0m
[38;5;159m[Genesis] [11:52:17] [INFO] Running at [38;5;121m73.71[0m[38;5;159m FPS ([38;5;121m73.71[0m[38;5;159m FPS per env, [38;5;121m1[0m[38;5;159m envs).[0m
[38;5;159m[Genesis] [11:52:17] [INFO] Running at [38;5;121m73.22[0m[38;5;159m FPS ([38;5;121m73.22[0m[38;5;159m FPS per env, [38;5;121m1[0m[38;5;159m envs).[0m
[38;5;159m[Genesis] [11:52:17] [INFO] Running at [38;5;121m73.02[0m[38;5;159m FPS ([38;5;121m73.02[0m[38;5;159m FPS per env, [38;5;121m1[0m[38;5;159m envs).[0m
[38;5;159m[Genesis] [11:52:17] [INFO] Running at [38;5;121m72.83[0m[38;5;159m FPS ([38;5;121m72.83[0m[38;5;159m FPS per env, [38;5;121m1[0m[38;5;159m envs).[0m
[38;5;159m[Genesis] [11:52:18] [INFO] Running at [38;5;121m73.10[0m[38;5;159m FPS ([38;5;121m73.10[0m[38;5;159m FPS per env, [38;5;121m1[0m[38;5;159m envs).[0m
[38;5;159m[Genesis] [11:52:18] [INFO] Running at [38;5;121m73.40[0m[38;5;159m FPS ([38;5;121m73.40[0m[38;5;159m FPS per env, [38;5;121m1[0m[38;5;159m envs).[0m
[38;5;159m[Genesis] [11:52:18] [INFO] Running at [38;5;121m73.49[0m[38;5;159m FPS ([38;5;121m73.49[0m[38;5;159m FPS per env, [38;5;121m1[0m[38;5;159m envs).[0m
[38;5;159m[Genesis] [11:52:18] [INFO] Running at [38;5;121m73.17[0m[38;5;159m FPS ([38;5;121m73.17[0m[38;5;159m FPS per env, [38;5;121m1[0m[38;5;159m envs).[0m
[38;5;159m[Genesis] [11:52:18] [INFO] Running at [38;5;121m73.40[0m[38;5;159m FPS ([38;5;121m73.40[0m[38;5;159m FPS per env, [38;5;121m1[0m[38;5;159m envs).[0m
[38;5;159m[Genesis] [11:52:18] [INFO] Running at [38;5;121m73.68[0m[38;5;159m FPS ([38;5;121m73.68[0m[38;5;159m FPS per env, [38;5;121m1[0m[38;5;159m envs).[0m
[38;5;159m[Genesis] [11:52:18] [INFO] Running at [38;5;121m73.88[0m[38;5;159m FPS ([38;5;121m73.88[0m[38;5;159m FPS per env, [38;5;121m1[0m[38;5;159m envs).[0m
[38;5;159m[Genesis] [11:52:18] [INFO] Running at [38;5;121m74.11[0m[38;5;159m FPS ([38;5;121m74.11[0m[38;5;159m FPS per env, [38;5;121m1[0m[38;5;159m envs).[0m
[38;5;159m[Genesis] [11:52:18] [INFO] Running at [38;5;121m74.38[0m[38;5;159m FPS ([38;5;121m74.38[0m[38;5;159m FPS per env, [38;5;121m1[0m[38;5;159m envs).[0m
[38;5;159m[Genesis] [11:52:18] [INFO] Running at [38;5;121m74.57[0m[38;5;159m FPS ([38;5;121m74.57[0m[38;5;159m FPS per env, [38;5;121m1[0m[38;5;159m envs).[0m
[38;5;159m[Genesis] [11:52:18] [INFO] Running at [38;5;121m74.79[0m[38;5;159m FPS ([38;5;121m74.79[0m[38;5;159m FPS per env, [38;5;121m1[0m[38;5;159m envs).[0m
[38;5;159m[Genesis] [11:52:18] [INFO] Running at [38;5;121m74.84[0m[38;5;159m FPS ([38;5;121m74.84[0m[38;5;159m FPS per env, [38;5;121m1[0m[38;5;159m envs).[0m
[38;5;159m[Genesis] [11:52:18] [INFO] Running at [38;5;121m74.92[0m[38;5;159m FPS ([38;5;121m74.92[0m[38;5;159m FPS per env, [38;5;121m1[0m[38;5;159m envs).[0m
[38;5;159m[Genesis] [11:52:18] [INFO] Running at [38;5;121m75.07[0m[38;5;159m FPS ([38;5;121m75.07[0m[38;5;159m FPS per env, [38;5;121m1[0m[38;5;159m envs).[0m
[38;5;159m[Genesis] [11:52:18] [INFO] Running at [38;5;121m75.22[0m[38;5;159m FPS ([38;5;121m75.22[0m[38;5;159m FPS per env, [38;5;121m1[0m[38;5;159m envs).[0m
[38;5;159m[Genesis] [11:52:18] [INFO] Running at [38;5;121m75.28[0m[38;5;159m FPS ([38;5;121m75.28[0m[38;5;159m FPS per env, [38;5;121m1[0m[38;5;159m envs).[0m
[38;5;159m[Genesis] [11:52:18] [INFO] Running at [38;5;121m75.43[0m[38;5;159m FPS ([38;5;121m75.43[0m[38;5;159m FPS per env, [38;5;121m1[0m[38;5;159m envs).[0m
[38;5;159m[Genesis] [11:52:18] [INFO] Running at [38;5;121m75.61[0m[38;5;159m FPS ([38;5;121m75.61[0m[38;5;159m FPS per env, [38;5;121m1[0m[38;5;159m envs).[0m
[38;5;159m[Genesis] [11:52:18] [INFO] Running at [38;5;121m75.73[0m[38;5;159m FPS ([38;5;121m75.73[0m[38;5;159m FPS per env, [38;5;121m1[0m[38;5;159m envs).[0m
[38;5;159m[Genesis] [11:52:19] [INFO] Running at [38;5;121m75.82[0m[38;5;159m FPS ([38;5;121m75.82[0m[38;5;159m FPS per env, [38;5;121m1[0m[38;5;159m envs).[0m
[38;5;159m[Genesis] [11:52:19] [INFO] Running at [38;5;121m75.98[0m[38;5;159m FPS ([38;5;121m75.98[0m[38;5;159m FPS per env, [38;5;121m1[0m[38;5;159m envs).[0m
[38;5;159m[Genesis] [11:52:19] [INFO] Running at [38;5;121m76.17[0m[38;5;159m FPS ([38;5;121m76.17[0m[38;5;159m FPS per env, [38;5;121m1[0m[38;5;159m envs).[0m
[38;5;159m[Genesis] [11:52:19] [INFO] Running at [38;5;121m76.29[0m[38;5;159m FPS ([38;5;121m76.29[0m[38;5;159m FPS per env, [38;5;121m1[0m[38;5;159m envs).[0m
[38;5;159m[Genesis] [11:52:19] [INFO] Running at [38;5;121m76.37[0m[38;5;159m FPS ([38;5;121m76.37[0m[38;5;159m FPS per env, [38;5;121m1[0m[38;5;159m envs).[0m
[38;5;159m[Genesis] [11:52:19] [INFO] Running at [38;5;121m94.56[0m[38;5;159m FPS ([38;5;121m94.56[0m[38;5;159m FPS per env, [38;5;121m1[0m[38;5;159m envs).[0m
[38;5;159m[Genesis] [11:52:19] [INFO] Running at [38;5;121m75.83[0m[38;5;159m FPS ([38;5;121m75.83[0m[38;5;159m FPS per env, [38;5;121m1[0m[38;5;159m envs).[0m
[38;5;159m[Genesis] [11:52:19] [INFO] Running at [38;5;121m75.93[0m[38;5;159m FPS ([38;5;121m75.93[0m[38;5;159m FPS per env, [38;5;121m1[0m[38;5;159m envs).[0m
[38;5;159m[Genesis] [11:52:19] [INFO] Running at [38;5;121m76.08[0m[38;5;159m FPS ([38;5;121m76.08[0m[38;5;159m FPS per env, [38;5;121m1[0m[38;5;159m envs).[0m
[38;5;159m[Genesis] [11:52:19] [INFO] Running at [38;5;121m76.27[0m[38;5;159m FPS ([38;5;121m76.27[0m[38;5;159m FPS per env, [38;5;121m1[0m[38;5;159m envs).[0m
[38;5;159m[Genesis] [11:52:19] [INFO] Running at [38;5;121m76.35[0m[38;5;159m FPS ([38;5;121m76.35[0m[38;5;159m FPS per env, [38;5;121m1[0m[38;5;159m envs).[0m
[38;5;159m[Genesis] [11:52:19] [INFO] Running at [38;5;121m76.49[0m[38;5;159m FPS ([38;5;121m76.49[0m[38;5;159m FPS per env, [38;5;121m1[0m[38;5;159m envs).[0m
[38;5;159m[Genesis] [11:52:19] [INFO] Running at [38;5;121m76.55[0m[38;5;159m FPS ([38;5;121m76.55[0m[38;5;159m FPS per env, [38;5;121m1[0m[38;5;159m envs).[0m
[38;5;159m[Genesis] [11:52:19] [INFO] Running at [38;5;121m76.28[0m[38;5;159m FPS ([38;5;121m76.28[0m[38;5;159m FPS per env, [38;5;121m1[0m[38;5;159m envs).[0m
[38;5;159m[Genesis] [11:52:19] [INFO] Running at [38;5;121m76.31[0m[38;5;159m FPS ([38;5;121m76.31[0m[38;5;159m FPS per env, [38;5;121m1[0m[38;5;159m envs).[0m
[38;5;159m[Genesis] [11:52:19] [INFO] Running at [38;5;121m76.32[0m[38;5;159m FPS ([38;5;121m76.32[0m[38;5;159m FPS per env, [38;5;121m1[0m[38;5;159m envs).[0m
[38;5;159m[Genesis] [11:52:19] [INFO] Running at [38;5;121m76.35[0m[38;5;159m FPS ([38;5;121m76.35[0m[38;5;159m FPS per env, [38;5;121m1[0m[38;5;159m envs).[0m
[38;5;159m[Genesis] [11:52:19] [INFO] Running at [38;5;121m76.42[0m[38;5;159m FPS ([38;5;121m76.42[0m[38;5;159m FPS per env, [38;5;121m1[0m[38;5;159m envs).[0m
[38;5;159m[Genesis] [11:52:19] [INFO] Running at [38;5;121m76.48[0m[38;5;159m FPS ([38;5;121m76.48[0m[38;5;159m FPS per env, [38;5;121m1[0m[38;5;159m envs).[0m
[38;5;159m[Genesis] [11:52:19] [INFO] Running at [38;5;121m76.53[0m[38;5;159m FPS ([38;5;121m76.53[0m[38;5;159m FPS per env, [38;5;121m1[0m[38;5;159m envs).[0m
[38;5;159m[Genesis] [11:52:20] [INFO] Running at [38;5;121m76.53[0m[38;5;159m FPS ([38;5;121m76.53[0m[38;5;159m FPS per env, [38;5;121m1[0m[38;5;159m envs).[0m
[38;5;159m[Genesis] [11:52:20] [INFO] Running at [38;5;121m76.55[0m[38;5;159m FPS ([38;5;121m76.55[0m[38;5;159m FPS per env, [38;5;121m1[0m[38;5;159m envs).[0m
[38;5;159m[Genesis] [11:52:20] [INFO] Running at [38;5;121m76.59[0m[38;5;159m FPS ([38;5;121m76.59[0m[38;5;159m FPS per env, [38;5;121m1[0m[38;5;159m envs).[0m
[38;5;159m[Genesis] [11:52:20] [INFO] Running at [38;5;121m76.66[0m[38;5;159m FPS ([38;5;121m76.66[0m[38;5;159m FPS per env, [38;5;121m1[0m[38;5;159m envs).[0m
[38;5;159m[Genesis] [11:52:20] [INFO] Running at [38;5;121m76.78[0m[38;5;159m FPS ([38;5;121m76.78[0m[38;5;159m FPS per env, [38;5;121m1[0m[38;5;159m envs).[0m
[38;5;159m[Genesis] [11:52:20] [INFO] Running at [38;5;121m95.04[0m[38;5;159m FPS ([38;5;121m95.04[0m[38;5;159m FPS per env, [38;5;121m1[0m[38;5;159m envs).[0m
[38;5;159m[Genesis] [11:52:20] [INFO] Running at [38;5;121m76.13[0m[38;5;159m FPS ([38;5;121m76.13[0m[38;5;159m FPS per env, [38;5;121m1[0m[38;5;159m envs).[0m
[38;5;159m[Genesis] [11:52:20] [INFO] Running at [38;5;121m76.22[0m[38;5;159m FPS ([38;5;121m76.22[0m[38;5;159m FPS per env, [38;5;121m1[0m[38;5;159m envs).[0m
[38;5;159m[Genesis] [11:52:20] [INFO] Running at [38;5;121m76.32[0m[38;5;159m FPS ([38;5;121m76.32[0m[38;5;159m FPS per env, [38;5;121m1[0m[38;5;159m envs).[0m
[38;5;159m[Genesis] [11:52:20] [INFO] Running at [38;5;121m76.44[0m[38;5;159m FPS ([38;5;121m76.44[0m[38;5;159m FPS per env, [38;5;121m1[0m[38;5;159m envs).[0m
[38;5;159m[Genesis] [11:52:20] [INFO] Running at [38;5;121m76.46[0m[38;5;159m FPS ([38;5;121m76.46[0m[38;5;159m FPS per env, [38;5;121m1[0m[38;5;159m envs).[0m
[38;5;159m[Genesis] [11:52:20] [INFO] Running at [38;5;121m76.26[0m[38;5;159m FPS ([38;5;121m76.26[0m[38;5;159m FPS per env, [38;5;121m1[0m[38;5;159m envs).[0m
[38;5;159m[Genesis] [11:52:20] [INFO] Running at [38;5;121m75.45[0m[38;5;159m FPS ([38;5;121m75.45[0m[38;5;159m FPS per env, [38;5;121m1[0m[38;5;159m envs).[0m
[38;5;159m[Genesis] [11:52:20] [INFO] Running at [38;5;121m74.76[0m[38;5;159m FPS ([38;5;121m74.76[0m[38;5;159m FPS per env, [38;5;121m1[0m[38;5;159m envs).[0m
[38;5;159m[Genesis] [11:52:20] [INFO] Running at [38;5;121m74.47[0m[38;5;159m FPS ([38;5;121m74.47[0m[38;5;159m FPS per env, [38;5;121m1[0m[38;5;159m envs).[0m
[38;5;159m[Genesis] [11:52:20] [INFO] Running at [38;5;121m74.46[0m[38;5;159m FPS ([38;5;121m74.46[0m[38;5;159m FPS per env, [38;5;121m1[0m[38;5;159m envs).[0m
[38;5;159m[Genesis] [11:52:20] [INFO] Running at [38;5;121m74.65[0m[38;5;159m FPS ([38;5;121m74.65[0m[38;5;159m FPS per env, [38;5;121m1[0m[38;5;159m envs).[0m
[38;5;159m[Genesis] [11:52:20] [INFO] Running at [38;5;121m74.81[0m[38;5;159m FPS ([38;5;121m74.81[0m[38;5;159m FPS per env, [38;5;121m1[0m[38;5;159m envs).[0m
[38;5;159m[Genesis] [11:52:21] [INFO] Running at [38;5;121m74.95[0m[38;5;159m FPS ([38;5;121m74.95[0m[38;5;159m FPS per env, [38;5;121m1[0m[38;5;159m envs).[0m
[38;5;159m[Genesis] [11:52:21] [INFO] Running at [38;5;121m75.04[0m[38;5;159m FPS ([38;5;121m75.04[0m[38;5;159m FPS per env, [38;5;121m1[0m[38;5;159m envs).[0m
[38;5;159m[Genesis] [11:52:21] [INFO] Running at [38;5;121m75.05[0m[38;5;159m FPS ([38;5;121m75.05[0m[38;5;159m FPS per env, [38;5;121m1[0m[38;5;159m envs).[0m
[38;5;159m[Genesis] [11:52:21] [INFO] Running at [38;5;121m75.21[0m[38;5;159m FPS ([38;5;121m75.21[0m[38;5;159m FPS per env, [38;5;121m1[0m[38;5;159m envs).[0m
[38;5;159m[Genesis] [11:52:21] [INFO] Running at [38;5;121m75.31[0m[38;5;159m FPS ([38;5;121m75.31[0m[38;5;159m FPS per env, [38;5;121m1[0m[38;5;159m envs).[0m
[38;5;159m[Genesis] [11:52:21] [INFO] Running at [38;5;121m75.43[0m[38;5;159m FPS ([38;5;121m75.43[0m[38;5;159m FPS per env, [38;5;121m1[0m[38;5;159m envs).[0m
[38;5;159m[Genesis] [11:52:21] [INFO] Running at [38;5;121m75.58[0m[38;5;159m FPS ([38;5;121m75.58[0m[38;5;159m FPS per env, [38;5;121m1[0m[38;5;159m envs).[0m
[38;5;159m[Genesis] [11:52:21] [INFO] Running at [38;5;121m75.72[0m[38;5;159m FPS ([38;5;121m75.72[0m[38;5;159m FPS per env, [38;5;121m1[0m[38;5;159m envs).[0m
[38;5;159m[Genesis] [11:52:21] [INFO] Running at [38;5;121m75.86[0m[38;5;159m FPS ([38;5;121m75.86[0m[38;5;159m FPS per env, [38;5;121m1[0m[38;5;159m envs).[0m
[38;5;159m[Genesis] [11:52:21] [INFO] Running at [38;5;121m75.95[0m[38;5;159m FPS ([38;5;121m75.95[0m[38;5;159m FPS per env, [38;5;121m1[0m[38;5;159m envs).[0m
[38;5;159m[Genesis] [11:52:21] [INFO] Running at [38;5;121m76.05[0m[38;5;159m FPS ([38;5;121m76.05[0m[38;5;159m FPS per env, [38;5;121m1[0m[38;5;159m envs).[0m
[38;5;159m[Genesis] [11:52:21] [INFO] Running at [38;5;121m76.15[0m[38;5;159m FPS ([38;5;121m76.15[0m[38;5;159m FPS per env, [38;5;121m1[0m[38;5;159m envs).[0m
[38;5;159m[Genesis] [11:52:21] [INFO] Running at [38;5;121m76.26[0m[38;5;159m FPS ([38;5;121m76.26[0m[38;5;159m FPS per env, [38;5;121m1[0m[38;5;159m envs).[0m
[38;5;159m[Genesis] [11:52:21] [INFO] Running at [38;5;121m76.36[0m[38;5;159m FPS ([38;5;121m76.36[0m[38;5;159m FPS per env, [38;5;121m1[0m[38;5;159m envs).[0m
[38;5;159m[Genesis] [11:52:21] [INFO] Running at [38;5;121m76.39[0m[38;5;159m FPS ([38;5;121m76.39[0m[38;5;159m FPS per env, [38;5;121m1[0m[38;5;159m envs).[0m
[38;5;159m[Genesis] [11:52:21] [INFO] Running at [38;5;121m76.39[0m[38;5;159m FPS ([38;5;121m76.39[0m[38;5;159m FPS per env, [38;5;121m1[0m[38;5;159m envs).[0m
[38;5;159m[Genesis] [11:52:21] [INFO] Running at [38;5;121m76.33[0m[38;5;159m FPS ([38;5;121m76.33[0m[38;5;159m FPS per env, [38;5;121m1[0m[38;5;159m envs).[0m
[38;5;159m[Genesis] [11:52:21] [INFO] Running at [38;5;121m76.22[0m[38;5;159m FPS ([38;5;121m76.22[0m[38;5;159m FPS per env, [38;5;121m1[0m[38;5;159m envs).[0m
[38;5;159m[Genesis] [11:52:21] [INFO] Running at [38;5;121m75.99[0m[38;5;159m FPS ([38;5;121m75.99[0m[38;5;159m FPS per env, [38;5;121m1[0m[38;5;159m envs).[0m
[38;5;159m[Genesis] [11:52:22] [INFO] Running at [38;5;121m76.02[0m[38;5;159m FPS ([38;5;121m76.02[0m[38;5;159m FPS per env, [38;5;121m1[0m[38;5;159m envs).[0m
[38;5;159m[Genesis] [11:52:22] [INFO] Running at [38;5;121m76.03[0m[38;5;159m FPS ([38;5;121m76.03[0m[38;5;159m FPS per env, [38;5;121m1[0m[38;5;159m envs).[0m
[38;5;159m[Genesis] [11:52:22] [INFO] Running at [38;5;121m75.99[0m[38;5;159m FPS ([38;5;121m75.99[0m[38;5;159m FPS per env, [38;5;121m1[0m[38;5;159m envs).[0m
[38;5;159m[Genesis] [11:52:22] [INFO] Running at [38;5;121m75.97[0m[38;5;159m FPS ([38;5;121m75.97[0m[38;5;159m FPS per env, [38;5;121m1[0m[38;5;159m envs).[0m
[38;5;159m[Genesis] [11:52:22] [INFO] Running at [38;5;121m75.95[0m[38;5;159m FPS ([38;5;121m75.95[0m[38;5;159m FPS per env, [38;5;121m1[0m[38;5;159m envs).[0m
[38;5;159m[Genesis] [11:52:22] [INFO] Running at [38;5;121m75.95[0m[38;5;159m FPS ([38;5;121m75.95[0m[38;5;159m FPS per env, [38;5;121m1[0m[38;5;159m envs).[0m
[38;5;159m[Genesis] [11:52:22] [INFO] Running at [38;5;121m75.91[0m[38;5;159m FPS ([38;5;121m75.91[0m[38;5;159m FPS per env, [38;5;121m1[0m[38;5;159m envs).[0m
[38;5;159m[Genesis] [11:52:22] [INFO] Running at [38;5;121m75.35[0m[38;5;159m FPS ([38;5;121m75.35[0m[38;5;159m FPS per env, [38;5;121m1[0m[38;5;159m envs).[0m
[38;5;159m[Genesis] [11:52:22] [INFO] Running at [38;5;121m75.16[0m[38;5;159m FPS ([38;5;121m75.16[0m[38;5;159m FPS per env, [38;5;121m1[0m[38;5;159m envs).[0m
[38;5;159m[Genesis] [11:52:22] [INFO] Running at [38;5;121m75.23[0m[38;5;159m FPS ([38;5;121m75.23[0m[38;5;159m FPS per env, [38;5;121m1[0m[38;5;159m envs).[0m
[38;5;159m[Genesis] [11:52:22] [INFO] Running at [38;5;121m75.18[0m[38;5;159m FPS ([38;5;121m75.18[0m[38;5;159m FPS per env, [38;5;121m1[0m[38;5;159m envs).[0m
[38;5;159m[Genesis] [11:52:22] [INFO] Running at [38;5;121m74.45[0m[38;5;159m FPS ([38;5;121m74.45[0m[38;5;159m FPS per env, [38;5;121m1[0m[38;5;159m envs).[0m
[38;5;159m[Genesis] [11:52:22] [INFO] Running at [38;5;121m73.77[0m[38;5;159m FPS ([38;5;121m73.77[0m[38;5;159m FPS per env, [38;5;121m1[0m[38;5;159m envs).[0m
[38;5;159m[Genesis] [11:52:22] [INFO] Running at [38;5;121m55.36[0m[38;5;159m FPS ([38;5;121m55.36[0m[38;5;159m FPS per env, [38;5;121m1[0m[38;5;159m envs).[0m
[38;5;159m[Genesis] [11:52:22] [INFO] Running at [38;5;121m73.89[0m[38;5;159m FPS ([38;5;121m73.89[0m[38;5;159m FPS per env, [38;5;121m1[0m[38;5;159m envs).[0m
[38;5;159m[Genesis] [11:52:22] [INFO] Running at [38;5;121m73.98[0m[38;5;159m FPS ([38;5;121m73.98[0m[38;5;159m FPS per env, [38;5;121m1[0m[38;5;159m envs).[0m
[38;5;159m[Genesis] [11:52:22] [INFO] Running at [38;5;121m74.08[0m[38;5;159m FPS ([38;5;121m74.08[0m[38;5;159m FPS per env, [38;5;121m1[0m[38;5;159m envs).[0m
[38;5;159m[Genesis] [11:52:22] [INFO] Running at [38;5;121m74.22[0m[38;5;159m FPS ([38;5;121m74.22[0m[38;5;159m FPS per env, [38;5;121m1[0m[38;5;159m envs).[0m
[38;5;159m[Genesis] [11:52:22] [INFO] Running at [38;5;121m73.87[0m[38;5;159m FPS ([38;5;121m73.87[0m[38;5;159m FPS per env, [38;5;121m1[0m[38;5;159m envs).[0m
[38;5;159m[Genesis] [11:52:23] [INFO] Running at [38;5;121m73.73[0m[38;5;159m FPS ([38;5;121m73.73[0m[38;5;159m FPS per env, [38;5;121m1[0m[38;5;159m envs).[0m
[38;5;159m[Genesis] [11:52:23] [INFO] Running at [38;5;121m73.01[0m[38;5;159m FPS ([38;5;121m73.01[0m[38;5;159m FPS per env, [38;5;121m1[0m[38;5;159m envs).[0m
[38;5;159m[Genesis] [11:52:23] [INFO] Running at [38;5;121m72.52[0m[38;5;159m FPS ([38;5;121m72.52[0m[38;5;159m FPS per env, [38;5;121m1[0m[38;5;159m envs).[0m
[38;5;159m[Genesis] [11:52:23] [INFO] Running at [38;5;121m72.39[0m[38;5;159m FPS ([38;5;121m72.39[0m[38;5;159m FPS per env, [38;5;121m1[0m[38;5;159m envs).[0m
[38;5;159m[Genesis] [11:52:23] [INFO] Running at [38;5;121m72.64[0m[38;5;159m FPS ([38;5;121m72.64[0m[38;5;159m FPS per env, [38;5;121m1[0m[38;5;159m envs).[0m
[38;5;159m[Genesis] [11:52:23] [INFO] Running at [38;5;121m72.82[0m[38;5;159m FPS ([38;5;121m72.82[0m[38;5;159m FPS per env, [38;5;121m1[0m[38;5;159m envs).[0m
[38;5;159m[Genesis] [11:52:23] [INFO] Running at [38;5;121m72.99[0m[38;5;159m FPS ([38;5;121m72.99[0m[38;5;159m FPS per env, [38;5;121m1[0m[38;5;159m envs).[0m
[38;5;159m[Genesis] [11:52:23] [INFO] Running at [38;5;121m73.18[0m[38;5;159m FPS ([38;5;121m73.18[0m[38;5;159m FPS per env, [38;5;121m1[0m[38;5;159m envs).[0m
[38;5;159m[Genesis] [11:52:23] [INFO] Running at [38;5;121m73.40[0m[38;5;159m FPS ([38;5;121m73.40[0m[38;5;159m FPS per env, [38;5;121m1[0m[38;5;159m envs).[0m
[38;5;159m[Genesis] [11:52:23] [INFO] Running at [38;5;121m73.60[0m[38;5;159m FPS ([38;5;121m73.60[0m[38;5;159m FPS per env, [38;5;121m1[0m[38;5;159m envs).[0m
[38;5;159m[Genesis] [11:52:23] [INFO] Running at [38;5;121m73.74[0m[38;5;159m FPS ([38;5;121m73.74[0m[38;5;159m FPS per env, [38;5;121m1[0m[38;5;159m envs).[0m
[38;5;159m[Genesis] [11:52:23] [INFO] Running at [38;5;121m73.88[0m[38;5;159m FPS ([38;5;121m73.88[0m[38;5;159m FPS per env, [38;5;121m1[0m[38;5;159m envs).[0m
[38;5;159m[Genesis] [11:52:23] [INFO] Running at [38;5;121m74.09[0m[38;5;159m FPS ([38;5;121m74.09[0m[38;5;159m FPS per env, [38;5;121m1[0m[38;5;159m envs).[0m
[38;5;159m[Genesis] [11:52:23] [INFO] Running at [38;5;121m74.26[0m[38;5;159m FPS ([38;5;121m74.26[0m[38;5;159m FPS per env, [38;5;121m1[0m[38;5;159m envs).[0m
[38;5;159m[Genesis] [11:52:23] [INFO] Running at [38;5;121m74.38[0m[38;5;159m FPS ([38;5;121m74.38[0m[38;5;159m FPS per env, [38;5;121m1[0m[38;5;159m envs).[0m
[38;5;159m[Genesis] [11:52:23] [INFO] Running at [38;5;121m74.47[0m[38;5;159m FPS ([38;5;121m74.47[0m[38;5;159m FPS per env, [38;5;121m1[0m[38;5;159m envs).[0m
[38;5;159m[Genesis] [11:52:23] [INFO] Running at [38;5;121m74.63[0m[38;5;159m FPS ([38;5;121m74.63[0m[38;5;159m FPS per env, [38;5;121m1[0m[38;5;159m envs).[0m
[38;5;159m[Genesis] [11:52:23] [INFO] Running at [38;5;121m74.76[0m[38;5;159m FPS ([38;5;121m74.76[0m[38;5;159m FPS per env, [38;5;121m1[0m[38;5;159m envs).[0m
[38;5;159m[Genesis] [11:52:24] [INFO] Running at [38;5;121m74.78[0m[38;5;159m FPS ([38;5;121m74.78[0m[38;5;159m FPS per env, [38;5;121m1[0m[38;5;159m envs).[0m
[38;5;159m[Genesis] [11:52:24] [INFO] Running at [38;5;121m74.79[0m[38;5;159m FPS ([38;5;121m74.79[0m[38;5;159m FPS per env, [38;5;121m1[0m[38;5;159m envs).[0m
[38;5;159m[Genesis] [11:52:24] [INFO] Running at [38;5;121m74.87[0m[38;5;159m FPS ([38;5;121m74.87[0m[38;5;159m FPS per env, [38;5;121m1[0m[38;5;159m envs).[0m
[38;5;159m[Genesis] [11:52:24] [INFO] Running at [38;5;121m74.99[0m[38;5;159m FPS ([38;5;121m74.99[0m[38;5;159m FPS per env, [38;5;121m1[0m[38;5;159m envs).[0m
[38;5;159m[Genesis] [11:52:24] [INFO] Running at [38;5;121m74.96[0m[38;5;159m FPS ([38;5;121m74.96[0m[38;5;159m FPS per env, [38;5;121m1[0m[38;5;159m envs).[0m
[38;5;159m[Genesis] [11:52:24] [INFO] Running at [38;5;121m74.79[0m[38;5;159m FPS ([38;5;121m74.79[0m[38;5;159m FPS per env, [38;5;121m1[0m[38;5;159m envs).[0m
[38;5;159m[Genesis] [11:52:24] [INFO] Running at [38;5;121m74.82[0m[38;5;159m FPS ([38;5;121m74.82[0m[38;5;159m FPS per env, [38;5;121m1[0m[38;5;159m envs).[0m
[38;5;159m[Genesis] [11:52:24] [INFO] Running at [38;5;121m74.90[0m[38;5;159m FPS ([38;5;121m74.90[0m[38;5;159m FPS per env, [38;5;121m1[0m[38;5;159m envs).[0m
[38;5;159m[Genesis] [11:52:24] [INFO] Running at [38;5;121m74.94[0m[38;5;159m FPS ([38;5;121m74.94[0m[38;5;159m FPS per env, [38;5;121m1[0m[38;5;159m envs).[0m
[38;5;159m[Genesis] [11:52:24] [INFO] Running at [38;5;121m74.99[0m[38;5;159m FPS ([38;5;121m74.99[0m[38;5;159m FPS per env, [38;5;121m1[0m[38;5;159m envs).[0m
[38;5;159m[Genesis] [11:52:24] [INFO] Running at [38;5;121m75.03[0m[38;5;159m FPS ([38;5;121m75.03[0m[38;5;159m FPS per env, [38;5;121m1[0m[38;5;159m envs).[0m
[38;5;159m[Genesis] [11:52:24] [INFO] Running at [38;5;121m75.15[0m[38;5;159m FPS ([38;5;121m75.15[0m[38;5;159m FPS per env, [38;5;121m1[0m[38;5;159m envs).[0m
[38;5;159m[Genesis] [11:52:24] [INFO] Running at [38;5;121m75.21[0m[38;5;159m FPS ([38;5;121m75.21[0m[38;5;159m FPS per env, [38;5;121m1[0m[38;5;159m envs).[0m
[38;5;159m[Genesis] [11:52:24] [INFO] Running at [38;5;121m75.04[0m[38;5;159m FPS ([38;5;121m75.04[0m[38;5;159m FPS per env, [38;5;121m1[0m[38;5;159m envs).[0m
[38;5;159m[Genesis] [11:52:24] [INFO] Running at [38;5;121m74.95[0m[38;5;159m FPS ([38;5;121m74.95[0m[38;5;159m FPS per env, [38;5;121m1[0m[38;5;159m envs).[0m
[38;5;159m[Genesis] [11:52:24] [INFO] Running at [38;5;121m74.95[0m[38;5;159m FPS ([38;5;121m74.95[0m[38;5;159m FPS per env, [38;5;121m1[0m[38;5;159m envs).[0m
[38;5;159m[Genesis] [11:52:24] [INFO] Running at [38;5;121m74.86[0m[38;5;159m FPS ([38;5;121m74.86[0m[38;5;159m FPS per env, [38;5;121m1[0m[38;5;159m envs).[0m
[38;5;159m[Genesis] [11:52:24] [INFO] Running at [38;5;121m74.84[0m[38;5;159m FPS ([38;5;121m74.84[0m[38;5;159m FPS per env, [38;5;121m1[0m[38;5;159m envs).[0m
[38;5;159m[Genesis] [11:52:24] [INFO] Running at [38;5;121m74.95[0m[38;5;159m FPS ([38;5;121m74.95[0m[38;5;159m FPS per env, [38;5;121m1[0m[38;5;159m envs).[0m
[38;5;159m[Genesis] [11:52:25] [INFO] Running at [38;5;121m75.10[0m[38;5;159m FPS ([38;5;121m75.10[0m[38;5;159m FPS per env, [38;5;121m1[0m[38;5;159m envs).[0m
fps 50
[38;5;159m[Genesis] [11:52:25] [INFO] Saving video to [38;5;121m"test_3200_behind.mp4"[0m[38;5;159m...[0m
[38;5;159m[Genesis] [11:52:26] [INFO] Video saved.[0m
[38;5;159m[Genesis] [11:52:26] [INFO] Saving video to [38;5;121m"test_3200_side.mp4"[0m[38;5;159m...[0m
[38;5;159m[Genesis] [11:52:28] [INFO] Video saved.[0m
Saved recordings for checkpoint 3200.
[38;5;159m[Genesis] [11:52:28] [INFO] 💤 Exiting Genesis and caching compiled kernels...[0m
