[38;5;159m[Genesis] [10:52:20] [INFO] [38;5;121m╭───────────────────────────────────────────────╮[0m[38;5;159m[0m
[38;5;159m[Genesis] [10:52:20] [INFO] [38;5;121m│┈┉┈┉┈┉┈┉┈┉┈┉┈┉┈┉┈┉┈[0m[38;5;159m [38;5;121m[1m[3mGenesis[0m[38;5;159m [38;5;121m┈┉┈┉┈┉┈┉┈┉┈┉┈┉┈┉┈┉┈│[0m[38;5;159m[0m
[38;5;159m[Genesis] [10:52:20] [INFO] [38;5;121m╰───────────────────────────────────────────────╯[0m[38;5;159m[0m
[38;5;159m[Genesis] [10:52:20] [INFO] Running on [38;5;121m[4m[NVIDIA GeForce RTX 5090][0m[38;5;159m with backend [38;5;121m[4mgs.cuda[0m[38;5;159m. Device memory: [38;5;121m[4m31.36[0m[38;5;159m GB.[0m
[38;5;159m[Genesis] [10:52:20] [INFO] 🚀 Genesis initialized. 🔖 version: [38;5;121m[4m0.4.7[0m[38;5;159m, 🎨 theme: [38;5;121m[4mdark[0m[38;5;159m, 🌱 seed: [38;5;121m[4mNone[0m[38;5;159m, 🐛 debug: [38;5;121m[4mFalse[0m[38;5;159m, 📏 precision: [38;5;121m[4m32[0m[38;5;159m, 🔥 performance: [38;5;121m[4mFalse[0m[38;5;159m, 💬 verbose: [38;5;121m[4mINFO[0m[38;5;159m[0m
[38;5;226m[Genesis] [10:52:23] [WARNING] Viewer option 'n_rendered_envs' is deprecated and will be removed in a future release. Please use 'rendered_envs_idx' instead.[0m
[38;5;159m[Genesis] [10:52:23] [INFO] Scene [38;5;121m[3m<f9f28ea>[0m[38;5;159m created.[0m
[38;5;159m[Genesis] [10:52:23] [INFO] Adding [38;5;121m<gs.engine.entities.RigidEntity>[0m[38;5;159m. idx: [38;5;121m0[0m[38;5;159m, uid: [38;5;121m[3m<9922097>[0m[38;5;159m, morph: [38;5;121m<gs.morphs.Plane>[0m[38;5;159m, material: [38;5;121m<gs.materials.Rigid>[0m[38;5;159m.[0m
[38;5;159m[Genesis] [10:52:24] [INFO] Adding [38;5;121m<gs.engine.entities.RigidEntity>[0m[38;5;159m. idx: [38;5;121m1[0m[38;5;159m, uid: [38;5;121m[3m<66b18a2>[0m[38;5;159m, morph: [38;5;121m<gs.morphs.URDF(file='/home/jfriesen/.local/lib/python3.12/site-packages/genesis/assets/urdf/go2/urdf/go2.urdf')>[0m[38;5;159m, material: [38;5;121m<gs.materials.Rigid>[0m[38;5;159m.[0m
[38;5;159m[Genesis] [10:52:26] [INFO] Building scene [38;5;121m[3m<f9f28ea>[0m[38;5;159m...[0m
[38;5;226m[Genesis] [10:52:27] [WARNING] Neutral robot position (qpos0) exceeds joint limits.[0m
[38;5;159m[Genesis] [10:52:28] [INFO] Compiling simulation kernels...[0m
[38;5;159m[Genesis] [10:52:29] [INFO] Building visualizer...[0m
[38;5;226m[Genesis] [10:52:30] [WARNING] This property is deprecated and will be removed in future release. Please use 'dofs_idx_local' instead.[0m
[38;5;226m[Genesis] [10:52:30] [WARNING] This property is deprecated and will be removed in future release. Please use 'dofs_idx_local' instead.[0m
[38;5;226m[Genesis] [10:52:30] [WARNING] This property is deprecated and will be removed in future release. Please use 'dofs_idx_local' instead.[0m
[38;5;226m[Genesis] [10:52:30] [WARNING] This property is deprecated and will be removed in future release. Please use 'dofs_idx_local' instead.[0m
[38;5;226m[Genesis] [10:52:30] [WARNING] This property is deprecated and will be removed in future release. Please use 'dofs_idx_local' instead.[0m
[38;5;226m[Genesis] [10:52:30] [WARNING] This property is deprecated and will be removed in future release. Please use 'dofs_idx_local' instead.[0m
[38;5;226m[Genesis] [10:52:30] [WARNING] This property is deprecated and will be removed in future release. Please use 'dofs_idx_local' instead.[0m
[38;5;226m[Genesis] [10:52:30] [WARNING] This property is deprecated and will be removed in future release. Please use 'dofs_idx_local' instead.[0m
[38;5;226m[Genesis] [10:52:30] [WARNING] This property is deprecated and will be removed in future release. Please use 'dofs_idx_local' instead.[0m
[38;5;226m[Genesis] [10:52:30] [WARNING] This property is deprecated and will be removed in future release. Please use 'dofs_idx_local' instead.[0m
[38;5;226m[Genesis] [10:52:30] [WARNING] This property is deprecated and will be removed in future release. Please use 'dofs_idx_local' instead.[0m
[38;5;226m[Genesis] [10:52:30] [WARNING] This property is deprecated and will be removed in future release. Please use 'dofs_idx_local' instead.[0m
/home/jfriesen/.local/lib/python3.12/site-packages/torch/utils/_device.py:122: UserWarning: To copy construct from a tensor, it is recommended to use sourceTensor.detach().clone() or sourceTensor.detach().clone().requires_grad_(True), rather than torch.tensor(sourceTensor).
  return func(*args, **kwargs)
Actor MLP: Sequential(
  (0): Linear(in_features=51, out_features=512, bias=True)
  (1): ELU(alpha=1.0)
  (2): Linear(in_features=512, out_features=256, bias=True)
  (3): ELU(alpha=1.0)
  (4): Linear(in_features=256, out_features=128, bias=True)
  (5): ELU(alpha=1.0)
  (6): Linear(in_features=128, out_features=12, bias=True)
)
Critic MLP: Sequential(
  (0): Linear(in_features=75, out_features=512, bias=True)
  (1): ELU(alpha=1.0)
  (2): Linear(in_features=512, out_features=256, bias=True)
  (3): ELU(alpha=1.0)
  (4): Linear(in_features=256, out_features=128, bias=True)
  (5): ELU(alpha=1.0)
  (6): Linear(in_features=128, out_features=1, bias=True)
)
[38;5;159m[Genesis] [10:52:32] [INFO] Running at [38;5;121m1.54[0m[38;5;159m FPS ([38;5;121m1.54[0m[38;5;159m FPS per env, [38;5;121m1[0m[38;5;159m envs).[0m
[38;5;159m[Genesis] [10:52:32] [INFO] Running at [38;5;121m11.68[0m[38;5;159m FPS ([38;5;121m11.68[0m[38;5;159m FPS per env, [38;5;121m1[0m[38;5;159m envs).[0m
[38;5;159m[Genesis] [10:52:32] [INFO] Running at [38;5;121m79.49[0m[38;5;159m FPS ([38;5;121m79.49[0m[38;5;159m FPS per env, [38;5;121m1[0m[38;5;159m envs).[0m
[38;5;159m[Genesis] [10:52:32] [INFO] Running at [38;5;121m79.12[0m[38;5;159m FPS ([38;5;121m79.12[0m[38;5;159m FPS per env, [38;5;121m1[0m[38;5;159m envs).[0m
[38;5;159m[Genesis] [10:52:32] [INFO] Running at [38;5;121m79.02[0m[38;5;159m FPS ([38;5;121m79.02[0m[38;5;159m FPS per env, [38;5;121m1[0m[38;5;159m envs).[0m
[38;5;159m[Genesis] [10:52:32] [INFO] Running at [38;5;121m78.96[0m[38;5;159m FPS ([38;5;121m78.96[0m[38;5;159m FPS per env, [38;5;121m1[0m[38;5;159m envs).[0m
[38;5;159m[Genesis] [10:52:32] [INFO] Running at [38;5;121m78.96[0m[38;5;159m FPS ([38;5;121m78.96[0m[38;5;159m FPS per env, [38;5;121m1[0m[38;5;159m envs).[0m
[38;5;159m[Genesis] [10:52:32] [INFO] Running at [38;5;121m78.98[0m[38;5;159m FPS ([38;5;121m78.98[0m[38;5;159m FPS per env, [38;5;121m1[0m[38;5;159m envs).[0m
[38;5;159m[Genesis] [10:52:32] [INFO] Running at [38;5;121m78.86[0m[38;5;159m FPS ([38;5;121m78.86[0m[38;5;159m FPS per env, [38;5;121m1[0m[38;5;159m envs).[0m
[38;5;159m[Genesis] [10:52:32] [INFO] Running at [38;5;121m78.75[0m[38;5;159m FPS ([38;5;121m78.75[0m[38;5;159m FPS per env, [38;5;121m1[0m[38;5;159m envs).[0m
[38;5;159m[Genesis] [10:52:32] [INFO] Running at [38;5;121m78.69[0m[38;5;159m FPS ([38;5;121m78.69[0m[38;5;159m FPS per env, [38;5;121m1[0m[38;5;159m envs).[0m
[38;5;159m[Genesis] [10:52:32] [INFO] Running at [38;5;121m78.71[0m[38;5;159m FPS ([38;5;121m78.71[0m[38;5;159m FPS per env, [38;5;121m1[0m[38;5;159m envs).[0m
[38;5;159m[Genesis] [10:52:32] [INFO] Running at [38;5;121m78.73[0m[38;5;159m FPS ([38;5;121m78.73[0m[38;5;159m FPS per env, [38;5;121m1[0m[38;5;159m envs).[0m
[38;5;159m[Genesis] [10:52:33] [INFO] Running at [38;5;121m78.62[0m[38;5;159m FPS ([38;5;121m78.62[0m[38;5;159m FPS per env, [38;5;121m1[0m[38;5;159m envs).[0m
[38;5;159m[Genesis] [10:52:33] [INFO] Running at [38;5;121m78.55[0m[38;5;159m FPS ([38;5;121m78.55[0m[38;5;159m FPS per env, [38;5;121m1[0m[38;5;159m envs).[0m
[38;5;159m[Genesis] [10:52:33] [INFO] Running at [38;5;121m77.79[0m[38;5;159m FPS ([38;5;121m77.79[0m[38;5;159m FPS per env, [38;5;121m1[0m[38;5;159m envs).[0m
[38;5;159m[Genesis] [10:52:33] [INFO] Running at [38;5;121m76.94[0m[38;5;159m FPS ([38;5;121m76.94[0m[38;5;159m FPS per env, [38;5;121m1[0m[38;5;159m envs).[0m
[38;5;159m[Genesis] [10:52:33] [INFO] Running at [38;5;121m76.88[0m[38;5;159m FPS ([38;5;121m76.88[0m[38;5;159m FPS per env, [38;5;121m1[0m[38;5;159m envs).[0m
[38;5;159m[Genesis] [10:52:33] [INFO] Running at [38;5;121m76.87[0m[38;5;159m FPS ([38;5;121m76.87[0m[38;5;159m FPS per env, [38;5;121m1[0m[38;5;159m envs).[0m
[38;5;159m[Genesis] [10:52:33] [INFO] Running at [38;5;121m76.92[0m[38;5;159m FPS ([38;5;121m76.92[0m[38;5;159m FPS per env, [38;5;121m1[0m[38;5;159m envs).[0m
[38;5;159m[Genesis] [10:52:33] [INFO] Running at [38;5;121m77.05[0m[38;5;159m FPS ([38;5;121m77.05[0m[38;5;159m FPS per env, [38;5;121m1[0m[38;5;159m envs).[0m
[38;5;159m[Genesis] [10:52:33] [INFO] Running at [38;5;121m77.12[0m[38;5;159m FPS ([38;5;121m77.12[0m[38;5;159m FPS per env, [38;5;121m1[0m[38;5;159m envs).[0m
[38;5;159m[Genesis] [10:52:33] [INFO] Running at [38;5;121m76.93[0m[38;5;159m FPS ([38;5;121m76.93[0m[38;5;159m FPS per env, [38;5;121m1[0m[38;5;159m envs).[0m
[38;5;159m[Genesis] [10:52:33] [INFO] Running at [38;5;121m76.89[0m[38;5;159m FPS ([38;5;121m76.89[0m[38;5;159m FPS per env, [38;5;121m1[0m[38;5;159m envs).[0m
[38;5;159m[Genesis] [10:52:33] [INFO] Running at [38;5;121m76.97[0m[38;5;159m FPS ([38;5;121m76.97[0m[38;5;159m FPS per env, [38;5;121m1[0m[38;5;159m envs).[0m
[38;5;159m[Genesis] [10:52:33] [INFO] Running at [38;5;121m77.10[0m[38;5;159m FPS ([38;5;121m77.10[0m[38;5;159m FPS per env, [38;5;121m1[0m[38;5;159m envs).[0m
[38;5;159m[Genesis] [10:52:33] [INFO] Running at [38;5;121m77.10[0m[38;5;159m FPS ([38;5;121m77.10[0m[38;5;159m FPS per env, [38;5;121m1[0m[38;5;159m envs).[0m
[38;5;159m[Genesis] [10:52:33] [INFO] Running at [38;5;121m77.14[0m[38;5;159m FPS ([38;5;121m77.14[0m[38;5;159m FPS per env, [38;5;121m1[0m[38;5;159m envs).[0m
[38;5;159m[Genesis] [10:52:33] [INFO] Running at [38;5;121m77.15[0m[38;5;159m FPS ([38;5;121m77.15[0m[38;5;159m FPS per env, [38;5;121m1[0m[38;5;159m envs).[0m
[38;5;159m[Genesis] [10:52:33] [INFO] Running at [38;5;121m76.59[0m[38;5;159m FPS ([38;5;121m76.59[0m[38;5;159m FPS per env, [38;5;121m1[0m[38;5;159m envs).[0m
[38;5;159m[Genesis] [10:52:33] [INFO] Running at [38;5;121m75.48[0m[38;5;159m FPS ([38;5;121m75.48[0m[38;5;159m FPS per env, [38;5;121m1[0m[38;5;159m envs).[0m
[38;5;159m[Genesis] [10:52:34] [INFO] Running at [38;5;121m74.95[0m[38;5;159m FPS ([38;5;121m74.95[0m[38;5;159m FPS per env, [38;5;121m1[0m[38;5;159m envs).[0m
[38;5;159m[Genesis] [10:52:34] [INFO] Running at [38;5;121m74.56[0m[38;5;159m FPS ([38;5;121m74.56[0m[38;5;159m FPS per env, [38;5;121m1[0m[38;5;159m envs).[0m
[38;5;159m[Genesis] [10:52:34] [INFO] Running at [38;5;121m74.28[0m[38;5;159m FPS ([38;5;121m74.28[0m[38;5;159m FPS per env, [38;5;121m1[0m[38;5;159m envs).[0m
[38;5;159m[Genesis] [10:52:34] [INFO] Running at [38;5;121m74.07[0m[38;5;159m FPS ([38;5;121m74.07[0m[38;5;159m FPS per env, [38;5;121m1[0m[38;5;159m envs).[0m
[38;5;159m[Genesis] [10:52:34] [INFO] Running at [38;5;121m73.83[0m[38;5;159m FPS ([38;5;121m73.83[0m[38;5;159m FPS per env, [38;5;121m1[0m[38;5;159m envs).[0m
[38;5;159m[Genesis] [10:52:34] [INFO] Running at [38;5;121m73.53[0m[38;5;159m FPS ([38;5;121m73.53[0m[38;5;159m FPS per env, [38;5;121m1[0m[38;5;159m envs).[0m
[38;5;159m[Genesis] [10:52:34] [INFO] Running at [38;5;121m73.58[0m[38;5;159m FPS ([38;5;121m73.58[0m[38;5;159m FPS per env, [38;5;121m1[0m[38;5;159m envs).[0m
[38;5;159m[Genesis] [10:52:34] [INFO] Running at [38;5;121m73.81[0m[38;5;159m FPS ([38;5;121m73.81[0m[38;5;159m FPS per env, [38;5;121m1[0m[38;5;159m envs).[0m
[38;5;159m[Genesis] [10:52:34] [INFO] Running at [38;5;121m74.08[0m[38;5;159m FPS ([38;5;121m74.08[0m[38;5;159m FPS per env, [38;5;121m1[0m[38;5;159m envs).[0m
[38;5;159m[Genesis] [10:52:34] [INFO] Running at [38;5;121m74.31[0m[38;5;159m FPS ([38;5;121m74.31[0m[38;5;159m FPS per env, [38;5;121m1[0m[38;5;159m envs).[0m
[38;5;159m[Genesis] [10:52:34] [INFO] Running at [38;5;121m74.41[0m[38;5;159m FPS ([38;5;121m74.41[0m[38;5;159m FPS per env, [38;5;121m1[0m[38;5;159m envs).[0m
[38;5;159m[Genesis] [10:52:34] [INFO] Running at [38;5;121m74.55[0m[38;5;159m FPS ([38;5;121m74.55[0m[38;5;159m FPS per env, [38;5;121m1[0m[38;5;159m envs).[0m
[38;5;159m[Genesis] [10:52:34] [INFO] Running at [38;5;121m74.56[0m[38;5;159m FPS ([38;5;121m74.56[0m[38;5;159m FPS per env, [38;5;121m1[0m[38;5;159m envs).[0m
[38;5;159m[Genesis] [10:52:34] [INFO] Running at [38;5;121m74.77[0m[38;5;159m FPS ([38;5;121m74.77[0m[38;5;159m FPS per env, [38;5;121m1[0m[38;5;159m envs).[0m
[38;5;159m[Genesis] [10:52:34] [INFO] Running at [38;5;121m74.55[0m[38;5;159m FPS ([38;5;121m74.55[0m[38;5;159m FPS per env, [38;5;121m1[0m[38;5;159m envs).[0m
[38;5;159m[Genesis] [10:52:34] [INFO] Running at [38;5;121m74.13[0m[38;5;159m FPS ([38;5;121m74.13[0m[38;5;159m FPS per env, [38;5;121m1[0m[38;5;159m envs).[0m
[38;5;159m[Genesis] [10:52:34] [INFO] Running at [38;5;121m73.79[0m[38;5;159m FPS ([38;5;121m73.79[0m[38;5;159m FPS per env, [38;5;121m1[0m[38;5;159m envs).[0m
[38;5;159m[Genesis] [10:52:34] [INFO] Running at [38;5;121m73.17[0m[38;5;159m FPS ([38;5;121m73.17[0m[38;5;159m FPS per env, [38;5;121m1[0m[38;5;159m envs).[0m
[38;5;159m[Genesis] [10:52:35] [INFO] Running at [38;5;121m73.34[0m[38;5;159m FPS ([38;5;121m73.34[0m[38;5;159m FPS per env, [38;5;121m1[0m[38;5;159m envs).[0m
[38;5;159m[Genesis] [10:52:35] [INFO] Running at [38;5;121m73.45[0m[38;5;159m FPS ([38;5;121m73.45[0m[38;5;159m FPS per env, [38;5;121m1[0m[38;5;159m envs).[0m
[38;5;159m[Genesis] [10:52:35] [INFO] Running at [38;5;121m73.62[0m[38;5;159m FPS ([38;5;121m73.62[0m[38;5;159m FPS per env, [38;5;121m1[0m[38;5;159m envs).[0m
[38;5;159m[Genesis] [10:52:35] [INFO] Running at [38;5;121m73.42[0m[38;5;159m FPS ([38;5;121m73.42[0m[38;5;159m FPS per env, [38;5;121m1[0m[38;5;159m envs).[0m
[38;5;159m[Genesis] [10:52:35] [INFO] Running at [38;5;121m73.27[0m[38;5;159m FPS ([38;5;121m73.27[0m[38;5;159m FPS per env, [38;5;121m1[0m[38;5;159m envs).[0m
[38;5;159m[Genesis] [10:52:35] [INFO] Running at [38;5;121m73.01[0m[38;5;159m FPS ([38;5;121m73.01[0m[38;5;159m FPS per env, [38;5;121m1[0m[38;5;159m envs).[0m
[38;5;159m[Genesis] [10:52:35] [INFO] Running at [38;5;121m72.99[0m[38;5;159m FPS ([38;5;121m72.99[0m[38;5;159m FPS per env, [38;5;121m1[0m[38;5;159m envs).[0m
[38;5;159m[Genesis] [10:52:35] [INFO] Running at [38;5;121m73.26[0m[38;5;159m FPS ([38;5;121m73.26[0m[38;5;159m FPS per env, [38;5;121m1[0m[38;5;159m envs).[0m
[38;5;159m[Genesis] [10:52:35] [INFO] Running at [38;5;121m73.53[0m[38;5;159m FPS ([38;5;121m73.53[0m[38;5;159m FPS per env, [38;5;121m1[0m[38;5;159m envs).[0m
[38;5;159m[Genesis] [10:52:35] [INFO] Running at [38;5;121m73.79[0m[38;5;159m FPS ([38;5;121m73.79[0m[38;5;159m FPS per env, [38;5;121m1[0m[38;5;159m envs).[0m
[38;5;159m[Genesis] [10:52:35] [INFO] Running at [38;5;121m73.92[0m[38;5;159m FPS ([38;5;121m73.92[0m[38;5;159m FPS per env, [38;5;121m1[0m[38;5;159m envs).[0m
[38;5;159m[Genesis] [10:52:35] [INFO] Running at [38;5;121m74.09[0m[38;5;159m FPS ([38;5;121m74.09[0m[38;5;159m FPS per env, [38;5;121m1[0m[38;5;159m envs).[0m
[38;5;159m[Genesis] [10:52:35] [INFO] Running at [38;5;121m74.30[0m[38;5;159m FPS ([38;5;121m74.30[0m[38;5;159m FPS per env, [38;5;121m1[0m[38;5;159m envs).[0m
[38;5;159m[Genesis] [10:52:35] [INFO] Running at [38;5;121m74.55[0m[38;5;159m FPS ([38;5;121m74.55[0m[38;5;159m FPS per env, [38;5;121m1[0m[38;5;159m envs).[0m
[38;5;159m[Genesis] [10:52:35] [INFO] Running at [38;5;121m74.50[0m[38;5;159m FPS ([38;5;121m74.50[0m[38;5;159m FPS per env, [38;5;121m1[0m[38;5;159m envs).[0m
[38;5;159m[Genesis] [10:52:35] [INFO] Running at [38;5;121m74.10[0m[38;5;159m FPS ([38;5;121m74.10[0m[38;5;159m FPS per env, [38;5;121m1[0m[38;5;159m envs).[0m
[38;5;159m[Genesis] [10:52:35] [INFO] Running at [38;5;121m73.62[0m[38;5;159m FPS ([38;5;121m73.62[0m[38;5;159m FPS per env, [38;5;121m1[0m[38;5;159m envs).[0m
[38;5;159m[Genesis] [10:52:35] [INFO] Running at [38;5;121m73.55[0m[38;5;159m FPS ([38;5;121m73.55[0m[38;5;159m FPS per env, [38;5;121m1[0m[38;5;159m envs).[0m
[38;5;159m[Genesis] [10:52:35] [INFO] Running at [38;5;121m73.83[0m[38;5;159m FPS ([38;5;121m73.83[0m[38;5;159m FPS per env, [38;5;121m1[0m[38;5;159m envs).[0m
[38;5;159m[Genesis] [10:52:36] [INFO] Running at [38;5;121m73.97[0m[38;5;159m FPS ([38;5;121m73.97[0m[38;5;159m FPS per env, [38;5;121m1[0m[38;5;159m envs).[0m
[38;5;159m[Genesis] [10:52:36] [INFO] Running at [38;5;121m74.13[0m[38;5;159m FPS ([38;5;121m74.13[0m[38;5;159m FPS per env, [38;5;121m1[0m[38;5;159m envs).[0m
[38;5;159m[Genesis] [10:52:36] [INFO] Running at [38;5;121m74.31[0m[38;5;159m FPS ([38;5;121m74.31[0m[38;5;159m FPS per env, [38;5;121m1[0m[38;5;159m envs).[0m
[38;5;159m[Genesis] [10:52:36] [INFO] Running at [38;5;121m73.69[0m[38;5;159m FPS ([38;5;121m73.69[0m[38;5;159m FPS per env, [38;5;121m1[0m[38;5;159m envs).[0m
[38;5;159m[Genesis] [10:52:36] [INFO] Running at [38;5;121m73.16[0m[38;5;159m FPS ([38;5;121m73.16[0m[38;5;159m FPS per env, [38;5;121m1[0m[38;5;159m envs).[0m
[38;5;159m[Genesis] [10:52:36] [INFO] Running at [38;5;121m73.35[0m[38;5;159m FPS ([38;5;121m73.35[0m[38;5;159m FPS per env, [38;5;121m1[0m[38;5;159m envs).[0m
[38;5;159m[Genesis] [10:52:36] [INFO] Running at [38;5;121m73.02[0m[38;5;159m FPS ([38;5;121m73.02[0m[38;5;159m FPS per env, [38;5;121m1[0m[38;5;159m envs).[0m
[38;5;159m[Genesis] [10:52:36] [INFO] Running at [38;5;121m72.88[0m[38;5;159m FPS ([38;5;121m72.88[0m[38;5;159m FPS per env, [38;5;121m1[0m[38;5;159m envs).[0m
[38;5;159m[Genesis] [10:52:36] [INFO] Running at [38;5;121m72.75[0m[38;5;159m FPS ([38;5;121m72.75[0m[38;5;159m FPS per env, [38;5;121m1[0m[38;5;159m envs).[0m
[38;5;159m[Genesis] [10:52:36] [INFO] Running at [38;5;121m72.68[0m[38;5;159m FPS ([38;5;121m72.68[0m[38;5;159m FPS per env, [38;5;121m1[0m[38;5;159m envs).[0m
[38;5;159m[Genesis] [10:52:36] [INFO] Running at [38;5;121m72.88[0m[38;5;159m FPS ([38;5;121m72.88[0m[38;5;159m FPS per env, [38;5;121m1[0m[38;5;159m envs).[0m
[38;5;159m[Genesis] [10:52:36] [INFO] Running at [38;5;121m73.17[0m[38;5;159m FPS ([38;5;121m73.17[0m[38;5;159m FPS per env, [38;5;121m1[0m[38;5;159m envs).[0m
[38;5;159m[Genesis] [10:52:36] [INFO] Running at [38;5;121m73.32[0m[38;5;159m FPS ([38;5;121m73.32[0m[38;5;159m FPS per env, [38;5;121m1[0m[38;5;159m envs).[0m
[38;5;159m[Genesis] [10:52:36] [INFO] Running at [38;5;121m73.58[0m[38;5;159m FPS ([38;5;121m73.58[0m[38;5;159m FPS per env, [38;5;121m1[0m[38;5;159m envs).[0m
[38;5;159m[Genesis] [10:52:36] [INFO] Running at [38;5;121m73.72[0m[38;5;159m FPS ([38;5;121m73.72[0m[38;5;159m FPS per env, [38;5;121m1[0m[38;5;159m envs).[0m
[38;5;159m[Genesis] [10:52:36] [INFO] Running at [38;5;121m73.87[0m[38;5;159m FPS ([38;5;121m73.87[0m[38;5;159m FPS per env, [38;5;121m1[0m[38;5;159m envs).[0m
[38;5;159m[Genesis] [10:52:36] [INFO] Running at [38;5;121m73.79[0m[38;5;159m FPS ([38;5;121m73.79[0m[38;5;159m FPS per env, [38;5;121m1[0m[38;5;159m envs).[0m
[38;5;159m[Genesis] [10:52:36] [INFO] Running at [38;5;121m55.54[0m[38;5;159m FPS ([38;5;121m55.54[0m[38;5;159m FPS per env, [38;5;121m1[0m[38;5;159m envs).[0m
[38;5;159m[Genesis] [10:52:37] [INFO] Running at [38;5;121m55.51[0m[38;5;159m FPS ([38;5;121m55.51[0m[38;5;159m FPS per env, [38;5;121m1[0m[38;5;159m envs).[0m
[38;5;159m[Genesis] [10:52:37] [INFO] Running at [38;5;121m73.72[0m[38;5;159m FPS ([38;5;121m73.72[0m[38;5;159m FPS per env, [38;5;121m1[0m[38;5;159m envs).[0m
[38;5;159m[Genesis] [10:52:37] [INFO] Running at [38;5;121m73.44[0m[38;5;159m FPS ([38;5;121m73.44[0m[38;5;159m FPS per env, [38;5;121m1[0m[38;5;159m envs).[0m
[38;5;159m[Genesis] [10:52:37] [INFO] Running at [38;5;121m73.25[0m[38;5;159m FPS ([38;5;121m73.25[0m[38;5;159m FPS per env, [38;5;121m1[0m[38;5;159m envs).[0m
[38;5;159m[Genesis] [10:52:37] [INFO] Running at [38;5;121m73.11[0m[38;5;159m FPS ([38;5;121m73.11[0m[38;5;159m FPS per env, [38;5;121m1[0m[38;5;159m envs).[0m
[38;5;159m[Genesis] [10:52:37] [INFO] Running at [38;5;121m72.94[0m[38;5;159m FPS ([38;5;121m72.94[0m[38;5;159m FPS per env, [38;5;121m1[0m[38;5;159m envs).[0m
[38;5;159m[Genesis] [10:52:37] [INFO] Running at [38;5;121m72.97[0m[38;5;159m FPS ([38;5;121m72.97[0m[38;5;159m FPS per env, [38;5;121m1[0m[38;5;159m envs).[0m
[38;5;159m[Genesis] [10:52:37] [INFO] Running at [38;5;121m73.19[0m[38;5;159m FPS ([38;5;121m73.19[0m[38;5;159m FPS per env, [38;5;121m1[0m[38;5;159m envs).[0m
[38;5;159m[Genesis] [10:52:37] [INFO] Running at [38;5;121m73.43[0m[38;5;159m FPS ([38;5;121m73.43[0m[38;5;159m FPS per env, [38;5;121m1[0m[38;5;159m envs).[0m
[38;5;159m[Genesis] [10:52:37] [INFO] Running at [38;5;121m73.72[0m[38;5;159m FPS ([38;5;121m73.72[0m[38;5;159m FPS per env, [38;5;121m1[0m[38;5;159m envs).[0m
[38;5;159m[Genesis] [10:52:37] [INFO] Running at [38;5;121m73.66[0m[38;5;159m FPS ([38;5;121m73.66[0m[38;5;159m FPS per env, [38;5;121m1[0m[38;5;159m envs).[0m
[38;5;159m[Genesis] [10:52:37] [INFO] Running at [38;5;121m73.39[0m[38;5;159m FPS ([38;5;121m73.39[0m[38;5;159m FPS per env, [38;5;121m1[0m[38;5;159m envs).[0m
[38;5;159m[Genesis] [10:52:37] [INFO] Running at [38;5;121m73.13[0m[38;5;159m FPS ([38;5;121m73.13[0m[38;5;159m FPS per env, [38;5;121m1[0m[38;5;159m envs).[0m
[38;5;159m[Genesis] [10:52:37] [INFO] Running at [38;5;121m73.08[0m[38;5;159m FPS ([38;5;121m73.08[0m[38;5;159m FPS per env, [38;5;121m1[0m[38;5;159m envs).[0m
[38;5;159m[Genesis] [10:52:37] [INFO] Running at [38;5;121m73.01[0m[38;5;159m FPS ([38;5;121m73.01[0m[38;5;159m FPS per env, [38;5;121m1[0m[38;5;159m envs).[0m
[38;5;159m[Genesis] [10:52:37] [INFO] Running at [38;5;121m72.81[0m[38;5;159m FPS ([38;5;121m72.81[0m[38;5;159m FPS per env, [38;5;121m1[0m[38;5;159m envs).[0m
[38;5;159m[Genesis] [10:52:37] [INFO] Running at [38;5;121m73.06[0m[38;5;159m FPS ([38;5;121m73.06[0m[38;5;159m FPS per env, [38;5;121m1[0m[38;5;159m envs).[0m
[38;5;159m[Genesis] [10:52:37] [INFO] Running at [38;5;121m73.02[0m[38;5;159m FPS ([38;5;121m73.02[0m[38;5;159m FPS per env, [38;5;121m1[0m[38;5;159m envs).[0m
[38;5;159m[Genesis] [10:52:38] [INFO] Running at [38;5;121m72.86[0m[38;5;159m FPS ([38;5;121m72.86[0m[38;5;159m FPS per env, [38;5;121m1[0m[38;5;159m envs).[0m
[38;5;159m[Genesis] [10:52:38] [INFO] Running at [38;5;121m72.69[0m[38;5;159m FPS ([38;5;121m72.69[0m[38;5;159m FPS per env, [38;5;121m1[0m[38;5;159m envs).[0m
[38;5;159m[Genesis] [10:52:38] [INFO] Running at [38;5;121m72.53[0m[38;5;159m FPS ([38;5;121m72.53[0m[38;5;159m FPS per env, [38;5;121m1[0m[38;5;159m envs).[0m
[38;5;159m[Genesis] [10:52:38] [INFO] Running at [38;5;121m72.75[0m[38;5;159m FPS ([38;5;121m72.75[0m[38;5;159m FPS per env, [38;5;121m1[0m[38;5;159m envs).[0m
[38;5;159m[Genesis] [10:52:38] [INFO] Running at [38;5;121m72.75[0m[38;5;159m FPS ([38;5;121m72.75[0m[38;5;159m FPS per env, [38;5;121m1[0m[38;5;159m envs).[0m
[38;5;159m[Genesis] [10:52:38] [INFO] Running at [38;5;121m73.04[0m[38;5;159m FPS ([38;5;121m73.04[0m[38;5;159m FPS per env, [38;5;121m1[0m[38;5;159m envs).[0m
[38;5;159m[Genesis] [10:52:38] [INFO] Running at [38;5;121m73.23[0m[38;5;159m FPS ([38;5;121m73.23[0m[38;5;159m FPS per env, [38;5;121m1[0m[38;5;159m envs).[0m
[38;5;159m[Genesis] [10:52:38] [INFO] Running at [38;5;121m73.00[0m[38;5;159m FPS ([38;5;121m73.00[0m[38;5;159m FPS per env, [38;5;121m1[0m[38;5;159m envs).[0m
[38;5;159m[Genesis] [10:52:38] [INFO] Running at [38;5;121m72.71[0m[38;5;159m FPS ([38;5;121m72.71[0m[38;5;159m FPS per env, [38;5;121m1[0m[38;5;159m envs).[0m
[38;5;159m[Genesis] [10:52:38] [INFO] Running at [38;5;121m72.56[0m[38;5;159m FPS ([38;5;121m72.56[0m[38;5;159m FPS per env, [38;5;121m1[0m[38;5;159m envs).[0m
[38;5;159m[Genesis] [10:52:38] [INFO] Running at [38;5;121m72.72[0m[38;5;159m FPS ([38;5;121m72.72[0m[38;5;159m FPS per env, [38;5;121m1[0m[38;5;159m envs).[0m
[38;5;159m[Genesis] [10:52:38] [INFO] Running at [38;5;121m72.97[0m[38;5;159m FPS ([38;5;121m72.97[0m[38;5;159m FPS per env, [38;5;121m1[0m[38;5;159m envs).[0m
[38;5;159m[Genesis] [10:52:38] [INFO] Running at [38;5;121m73.18[0m[38;5;159m FPS ([38;5;121m73.18[0m[38;5;159m FPS per env, [38;5;121m1[0m[38;5;159m envs).[0m
[38;5;159m[Genesis] [10:52:38] [INFO] Running at [38;5;121m73.34[0m[38;5;159m FPS ([38;5;121m73.34[0m[38;5;159m FPS per env, [38;5;121m1[0m[38;5;159m envs).[0m
[38;5;159m[Genesis] [10:52:38] [INFO] Running at [38;5;121m73.17[0m[38;5;159m FPS ([38;5;121m73.17[0m[38;5;159m FPS per env, [38;5;121m1[0m[38;5;159m envs).[0m
[38;5;159m[Genesis] [10:52:38] [INFO] Running at [38;5;121m72.99[0m[38;5;159m FPS ([38;5;121m72.99[0m[38;5;159m FPS per env, [38;5;121m1[0m[38;5;159m envs).[0m
[38;5;159m[Genesis] [10:52:38] [INFO] Running at [38;5;121m72.80[0m[38;5;159m FPS ([38;5;121m72.80[0m[38;5;159m FPS per env, [38;5;121m1[0m[38;5;159m envs).[0m
[38;5;159m[Genesis] [10:52:38] [INFO] Running at [38;5;121m72.81[0m[38;5;159m FPS ([38;5;121m72.81[0m[38;5;159m FPS per env, [38;5;121m1[0m[38;5;159m envs).[0m
[38;5;159m[Genesis] [10:52:39] [INFO] Running at [38;5;121m73.08[0m[38;5;159m FPS ([38;5;121m73.08[0m[38;5;159m FPS per env, [38;5;121m1[0m[38;5;159m envs).[0m
[38;5;159m[Genesis] [10:52:39] [INFO] Running at [38;5;121m73.37[0m[38;5;159m FPS ([38;5;121m73.37[0m[38;5;159m FPS per env, [38;5;121m1[0m[38;5;159m envs).[0m
[38;5;159m[Genesis] [10:52:39] [INFO] Running at [38;5;121m73.66[0m[38;5;159m FPS ([38;5;121m73.66[0m[38;5;159m FPS per env, [38;5;121m1[0m[38;5;159m envs).[0m
[38;5;159m[Genesis] [10:52:39] [INFO] Running at [38;5;121m73.67[0m[38;5;159m FPS ([38;5;121m73.67[0m[38;5;159m FPS per env, [38;5;121m1[0m[38;5;159m envs).[0m
[38;5;159m[Genesis] [10:52:39] [INFO] Running at [38;5;121m73.39[0m[38;5;159m FPS ([38;5;121m73.39[0m[38;5;159m FPS per env, [38;5;121m1[0m[38;5;159m envs).[0m
[38;5;159m[Genesis] [10:52:39] [INFO] Running at [38;5;121m55.17[0m[38;5;159m FPS ([38;5;121m55.17[0m[38;5;159m FPS per env, [38;5;121m1[0m[38;5;159m envs).[0m
[38;5;159m[Genesis] [10:52:39] [INFO] Running at [38;5;121m55.22[0m[38;5;159m FPS ([38;5;121m55.22[0m[38;5;159m FPS per env, [38;5;121m1[0m[38;5;159m envs).[0m
[38;5;159m[Genesis] [10:52:39] [INFO] Running at [38;5;121m73.03[0m[38;5;159m FPS ([38;5;121m73.03[0m[38;5;159m FPS per env, [38;5;121m1[0m[38;5;159m envs).[0m
[38;5;159m[Genesis] [10:52:39] [INFO] Running at [38;5;121m72.59[0m[38;5;159m FPS ([38;5;121m72.59[0m[38;5;159m FPS per env, [38;5;121m1[0m[38;5;159m envs).[0m
[38;5;159m[Genesis] [10:52:39] [INFO] Running at [38;5;121m72.44[0m[38;5;159m FPS ([38;5;121m72.44[0m[38;5;159m FPS per env, [38;5;121m1[0m[38;5;159m envs).[0m
[38;5;159m[Genesis] [10:52:39] [INFO] Running at [38;5;121m72.53[0m[38;5;159m FPS ([38;5;121m72.53[0m[38;5;159m FPS per env, [38;5;121m1[0m[38;5;159m envs).[0m
[38;5;159m[Genesis] [10:52:39] [INFO] Running at [38;5;121m72.80[0m[38;5;159m FPS ([38;5;121m72.80[0m[38;5;159m FPS per env, [38;5;121m1[0m[38;5;159m envs).[0m
[38;5;159m[Genesis] [10:52:39] [INFO] Running at [38;5;121m73.02[0m[38;5;159m FPS ([38;5;121m73.02[0m[38;5;159m FPS per env, [38;5;121m1[0m[38;5;159m envs).[0m
[38;5;159m[Genesis] [10:52:39] [INFO] Running at [38;5;121m73.25[0m[38;5;159m FPS ([38;5;121m73.25[0m[38;5;159m FPS per env, [38;5;121m1[0m[38;5;159m envs).[0m
[38;5;159m[Genesis] [10:52:39] [INFO] Running at [38;5;121m73.19[0m[38;5;159m FPS ([38;5;121m73.19[0m[38;5;159m FPS per env, [38;5;121m1[0m[38;5;159m envs).[0m
[38;5;159m[Genesis] [10:52:39] [INFO] Running at [38;5;121m73.01[0m[38;5;159m FPS ([38;5;121m73.01[0m[38;5;159m FPS per env, [38;5;121m1[0m[38;5;159m envs).[0m
[38;5;159m[Genesis] [10:52:39] [INFO] Running at [38;5;121m72.78[0m[38;5;159m FPS ([38;5;121m72.78[0m[38;5;159m FPS per env, [38;5;121m1[0m[38;5;159m envs).[0m
[38;5;159m[Genesis] [10:52:39] [INFO] Running at [38;5;121m72.64[0m[38;5;159m FPS ([38;5;121m72.64[0m[38;5;159m FPS per env, [38;5;121m1[0m[38;5;159m envs).[0m
[38;5;159m[Genesis] [10:52:40] [INFO] Running at [38;5;121m72.45[0m[38;5;159m FPS ([38;5;121m72.45[0m[38;5;159m FPS per env, [38;5;121m1[0m[38;5;159m envs).[0m
[38;5;159m[Genesis] [10:52:40] [INFO] Running at [38;5;121m71.93[0m[38;5;159m FPS ([38;5;121m71.93[0m[38;5;159m FPS per env, [38;5;121m1[0m[38;5;159m envs).[0m
[38;5;159m[Genesis] [10:52:40] [INFO] Running at [38;5;121m71.87[0m[38;5;159m FPS ([38;5;121m71.87[0m[38;5;159m FPS per env, [38;5;121m1[0m[38;5;159m envs).[0m
[38;5;159m[Genesis] [10:52:40] [INFO] Running at [38;5;121m71.75[0m[38;5;159m FPS ([38;5;121m71.75[0m[38;5;159m FPS per env, [38;5;121m1[0m[38;5;159m envs).[0m
[38;5;159m[Genesis] [10:52:40] [INFO] Running at [38;5;121m71.61[0m[38;5;159m FPS ([38;5;121m71.61[0m[38;5;159m FPS per env, [38;5;121m1[0m[38;5;159m envs).[0m
[38;5;159m[Genesis] [10:52:40] [INFO] Running at [38;5;121m71.58[0m[38;5;159m FPS ([38;5;121m71.58[0m[38;5;159m FPS per env, [38;5;121m1[0m[38;5;159m envs).[0m
[38;5;159m[Genesis] [10:52:40] [INFO] Running at [38;5;121m71.58[0m[38;5;159m FPS ([38;5;121m71.58[0m[38;5;159m FPS per env, [38;5;121m1[0m[38;5;159m envs).[0m
[38;5;159m[Genesis] [10:52:40] [INFO] Running at [38;5;121m71.87[0m[38;5;159m FPS ([38;5;121m71.87[0m[38;5;159m FPS per env, [38;5;121m1[0m[38;5;159m envs).[0m
[38;5;159m[Genesis] [10:52:40] [INFO] Running at [38;5;121m72.13[0m[38;5;159m FPS ([38;5;121m72.13[0m[38;5;159m FPS per env, [38;5;121m1[0m[38;5;159m envs).[0m
[38;5;159m[Genesis] [10:52:40] [INFO] Running at [38;5;121m72.46[0m[38;5;159m FPS ([38;5;121m72.46[0m[38;5;159m FPS per env, [38;5;121m1[0m[38;5;159m envs).[0m
[38;5;159m[Genesis] [10:52:40] [INFO] Running at [38;5;121m72.41[0m[38;5;159m FPS ([38;5;121m72.41[0m[38;5;159m FPS per env, [38;5;121m1[0m[38;5;159m envs).[0m
[38;5;159m[Genesis] [10:52:40] [INFO] Running at [38;5;121m72.13[0m[38;5;159m FPS ([38;5;121m72.13[0m[38;5;159m FPS per env, [38;5;121m1[0m[38;5;159m envs).[0m
[38;5;159m[Genesis] [10:52:40] [INFO] Running at [38;5;121m71.96[0m[38;5;159m FPS ([38;5;121m71.96[0m[38;5;159m FPS per env, [38;5;121m1[0m[38;5;159m envs).[0m
[38;5;159m[Genesis] [10:52:40] [INFO] Running at [38;5;121m71.79[0m[38;5;159m FPS ([38;5;121m71.79[0m[38;5;159m FPS per env, [38;5;121m1[0m[38;5;159m envs).[0m
[38;5;159m[Genesis] [10:52:40] [INFO] Running at [38;5;121m72.11[0m[38;5;159m FPS ([38;5;121m72.11[0m[38;5;159m FPS per env, [38;5;121m1[0m[38;5;159m envs).[0m
[38;5;159m[Genesis] [10:52:40] [INFO] Running at [38;5;121m72.43[0m[38;5;159m FPS ([38;5;121m72.43[0m[38;5;159m FPS per env, [38;5;121m1[0m[38;5;159m envs).[0m
[38;5;159m[Genesis] [10:52:40] [INFO] Running at [38;5;121m72.42[0m[38;5;159m FPS ([38;5;121m72.42[0m[38;5;159m FPS per env, [38;5;121m1[0m[38;5;159m envs).[0m
[38;5;159m[Genesis] [10:52:40] [INFO] Running at [38;5;121m72.09[0m[38;5;159m FPS ([38;5;121m72.09[0m[38;5;159m FPS per env, [38;5;121m1[0m[38;5;159m envs).[0m
[38;5;159m[Genesis] [10:52:41] [INFO] Running at [38;5;121m71.95[0m[38;5;159m FPS ([38;5;121m71.95[0m[38;5;159m FPS per env, [38;5;121m1[0m[38;5;159m envs).[0m
[38;5;159m[Genesis] [10:52:41] [INFO] Running at [38;5;121m71.87[0m[38;5;159m FPS ([38;5;121m71.87[0m[38;5;159m FPS per env, [38;5;121m1[0m[38;5;159m envs).[0m
[38;5;159m[Genesis] [10:52:41] [INFO] Running at [38;5;121m71.81[0m[38;5;159m FPS ([38;5;121m71.81[0m[38;5;159m FPS per env, [38;5;121m1[0m[38;5;159m envs).[0m
[38;5;159m[Genesis] [10:52:41] [INFO] Running at [38;5;121m72.02[0m[38;5;159m FPS ([38;5;121m72.02[0m[38;5;159m FPS per env, [38;5;121m1[0m[38;5;159m envs).[0m
[38;5;159m[Genesis] [10:52:41] [INFO] Running at [38;5;121m72.18[0m[38;5;159m FPS ([38;5;121m72.18[0m[38;5;159m FPS per env, [38;5;121m1[0m[38;5;159m envs).[0m
[38;5;159m[Genesis] [10:52:41] [INFO] Running at [38;5;121m72.41[0m[38;5;159m FPS ([38;5;121m72.41[0m[38;5;159m FPS per env, [38;5;121m1[0m[38;5;159m envs).[0m
[38;5;159m[Genesis] [10:52:41] [INFO] Running at [38;5;121m72.72[0m[38;5;159m FPS ([38;5;121m72.72[0m[38;5;159m FPS per env, [38;5;121m1[0m[38;5;159m envs).[0m
[38;5;159m[Genesis] [10:52:41] [INFO] Running at [38;5;121m72.62[0m[38;5;159m FPS ([38;5;121m72.62[0m[38;5;159m FPS per env, [38;5;121m1[0m[38;5;159m envs).[0m
[38;5;159m[Genesis] [10:52:41] [INFO] Running at [38;5;121m72.46[0m[38;5;159m FPS ([38;5;121m72.46[0m[38;5;159m FPS per env, [38;5;121m1[0m[38;5;159m envs).[0m
[38;5;159m[Genesis] [10:52:41] [INFO] Running at [38;5;121m72.26[0m[38;5;159m FPS ([38;5;121m72.26[0m[38;5;159m FPS per env, [38;5;121m1[0m[38;5;159m envs).[0m
[38;5;159m[Genesis] [10:52:41] [INFO] Running at [38;5;121m72.27[0m[38;5;159m FPS ([38;5;121m72.27[0m[38;5;159m FPS per env, [38;5;121m1[0m[38;5;159m envs).[0m
[38;5;159m[Genesis] [10:52:41] [INFO] Running at [38;5;121m72.60[0m[38;5;159m FPS ([38;5;121m72.60[0m[38;5;159m FPS per env, [38;5;121m1[0m[38;5;159m envs).[0m
[38;5;159m[Genesis] [10:52:41] [INFO] Running at [38;5;121m72.92[0m[38;5;159m FPS ([38;5;121m72.92[0m[38;5;159m FPS per env, [38;5;121m1[0m[38;5;159m envs).[0m
[38;5;159m[Genesis] [10:52:41] [INFO] Running at [38;5;121m73.02[0m[38;5;159m FPS ([38;5;121m73.02[0m[38;5;159m FPS per env, [38;5;121m1[0m[38;5;159m envs).[0m
[38;5;159m[Genesis] [10:52:41] [INFO] Running at [38;5;121m72.65[0m[38;5;159m FPS ([38;5;121m72.65[0m[38;5;159m FPS per env, [38;5;121m1[0m[38;5;159m envs).[0m
[38;5;159m[Genesis] [10:52:41] [INFO] Running at [38;5;121m72.43[0m[38;5;159m FPS ([38;5;121m72.43[0m[38;5;159m FPS per env, [38;5;121m1[0m[38;5;159m envs).[0m
[38;5;159m[Genesis] [10:52:41] [INFO] Running at [38;5;121m72.31[0m[38;5;159m FPS ([38;5;121m72.31[0m[38;5;159m FPS per env, [38;5;121m1[0m[38;5;159m envs).[0m
[38;5;159m[Genesis] [10:52:41] [INFO] Running at [38;5;121m72.28[0m[38;5;159m FPS ([38;5;121m72.28[0m[38;5;159m FPS per env, [38;5;121m1[0m[38;5;159m envs).[0m
[38;5;159m[Genesis] [10:52:41] [INFO] Running at [38;5;121m72.55[0m[38;5;159m FPS ([38;5;121m72.55[0m[38;5;159m FPS per env, [38;5;121m1[0m[38;5;159m envs).[0m
[38;5;159m[Genesis] [10:52:42] [INFO] Running at [38;5;121m72.72[0m[38;5;159m FPS ([38;5;121m72.72[0m[38;5;159m FPS per env, [38;5;121m1[0m[38;5;159m envs).[0m
[38;5;159m[Genesis] [10:52:42] [INFO] Running at [38;5;121m73.02[0m[38;5;159m FPS ([38;5;121m73.02[0m[38;5;159m FPS per env, [38;5;121m1[0m[38;5;159m envs).[0m
[38;5;159m[Genesis] [10:52:42] [INFO] Running at [38;5;121m73.14[0m[38;5;159m FPS ([38;5;121m73.14[0m[38;5;159m FPS per env, [38;5;121m1[0m[38;5;159m envs).[0m
[38;5;159m[Genesis] [10:52:42] [INFO] Running at [38;5;121m73.00[0m[38;5;159m FPS ([38;5;121m73.00[0m[38;5;159m FPS per env, [38;5;121m1[0m[38;5;159m envs).[0m
[38;5;159m[Genesis] [10:52:42] [INFO] Running at [38;5;121m72.78[0m[38;5;159m FPS ([38;5;121m72.78[0m[38;5;159m FPS per env, [38;5;121m1[0m[38;5;159m envs).[0m
[38;5;159m[Genesis] [10:52:42] [INFO] Running at [38;5;121m72.58[0m[38;5;159m FPS ([38;5;121m72.58[0m[38;5;159m FPS per env, [38;5;121m1[0m[38;5;159m envs).[0m
[38;5;159m[Genesis] [10:52:42] [INFO] Running at [38;5;121m72.27[0m[38;5;159m FPS ([38;5;121m72.27[0m[38;5;159m FPS per env, [38;5;121m1[0m[38;5;159m envs).[0m
[38;5;159m[Genesis] [10:52:42] [INFO] Running at [38;5;121m71.73[0m[38;5;159m FPS ([38;5;121m71.73[0m[38;5;159m FPS per env, [38;5;121m1[0m[38;5;159m envs).[0m
[38;5;159m[Genesis] [10:52:42] [INFO] Running at [38;5;121m71.78[0m[38;5;159m FPS ([38;5;121m71.78[0m[38;5;159m FPS per env, [38;5;121m1[0m[38;5;159m envs).[0m
[38;5;159m[Genesis] [10:52:42] [INFO] Running at [38;5;121m71.84[0m[38;5;159m FPS ([38;5;121m71.84[0m[38;5;159m FPS per env, [38;5;121m1[0m[38;5;159m envs).[0m
[38;5;159m[Genesis] [10:52:42] [INFO] Running at [38;5;121m71.70[0m[38;5;159m FPS ([38;5;121m71.70[0m[38;5;159m FPS per env, [38;5;121m1[0m[38;5;159m envs).[0m
[38;5;159m[Genesis] [10:52:42] [INFO] Running at [38;5;121m71.64[0m[38;5;159m FPS ([38;5;121m71.64[0m[38;5;159m FPS per env, [38;5;121m1[0m[38;5;159m envs).[0m
[38;5;159m[Genesis] [10:52:42] [INFO] Running at [38;5;121m71.52[0m[38;5;159m FPS ([38;5;121m71.52[0m[38;5;159m FPS per env, [38;5;121m1[0m[38;5;159m envs).[0m
[38;5;159m[Genesis] [10:52:42] [INFO] Running at [38;5;121m71.84[0m[38;5;159m FPS ([38;5;121m71.84[0m[38;5;159m FPS per env, [38;5;121m1[0m[38;5;159m envs).[0m
[38;5;159m[Genesis] [10:52:42] [INFO] Running at [38;5;121m72.00[0m[38;5;159m FPS ([38;5;121m72.00[0m[38;5;159m FPS per env, [38;5;121m1[0m[38;5;159m envs).[0m
[38;5;159m[Genesis] [10:52:42] [INFO] Running at [38;5;121m72.33[0m[38;5;159m FPS ([38;5;121m72.33[0m[38;5;159m FPS per env, [38;5;121m1[0m[38;5;159m envs).[0m
[38;5;159m[Genesis] [10:52:42] [INFO] Running at [38;5;121m72.57[0m[38;5;159m FPS ([38;5;121m72.57[0m[38;5;159m FPS per env, [38;5;121m1[0m[38;5;159m envs).[0m
[38;5;159m[Genesis] [10:52:42] [INFO] Running at [38;5;121m72.30[0m[38;5;159m FPS ([38;5;121m72.30[0m[38;5;159m FPS per env, [38;5;121m1[0m[38;5;159m envs).[0m
[38;5;159m[Genesis] [10:52:43] [INFO] Running at [38;5;121m72.14[0m[38;5;159m FPS ([38;5;121m72.14[0m[38;5;159m FPS per env, [38;5;121m1[0m[38;5;159m envs).[0m
[38;5;159m[Genesis] [10:52:43] [INFO] Running at [38;5;121m71.96[0m[38;5;159m FPS ([38;5;121m71.96[0m[38;5;159m FPS per env, [38;5;121m1[0m[38;5;159m envs).[0m
[38;5;159m[Genesis] [10:52:43] [INFO] Running at [38;5;121m72.13[0m[38;5;159m FPS ([38;5;121m72.13[0m[38;5;159m FPS per env, [38;5;121m1[0m[38;5;159m envs).[0m
[38;5;159m[Genesis] [10:52:43] [INFO] Running at [38;5;121m89.59[0m[38;5;159m FPS ([38;5;121m89.59[0m[38;5;159m FPS per env, [38;5;121m1[0m[38;5;159m envs).[0m
[38;5;159m[Genesis] [10:52:43] [INFO] Running at [38;5;121m71.98[0m[38;5;159m FPS ([38;5;121m71.98[0m[38;5;159m FPS per env, [38;5;121m1[0m[38;5;159m envs).[0m
[38;5;159m[Genesis] [10:52:43] [INFO] Running at [38;5;121m71.30[0m[38;5;159m FPS ([38;5;121m71.30[0m[38;5;159m FPS per env, [38;5;121m1[0m[38;5;159m envs).[0m
[38;5;159m[Genesis] [10:52:43] [INFO] Running at [38;5;121m53.62[0m[38;5;159m FPS ([38;5;121m53.62[0m[38;5;159m FPS per env, [38;5;121m1[0m[38;5;159m envs).[0m
[38;5;159m[Genesis] [10:52:43] [INFO] Running at [38;5;121m71.37[0m[38;5;159m FPS ([38;5;121m71.37[0m[38;5;159m FPS per env, [38;5;121m1[0m[38;5;159m envs).[0m
[38;5;159m[Genesis] [10:52:43] [INFO] Running at [38;5;121m71.34[0m[38;5;159m FPS ([38;5;121m71.34[0m[38;5;159m FPS per env, [38;5;121m1[0m[38;5;159m envs).[0m
[38;5;159m[Genesis] [10:52:43] [INFO] Running at [38;5;121m71.22[0m[38;5;159m FPS ([38;5;121m71.22[0m[38;5;159m FPS per env, [38;5;121m1[0m[38;5;159m envs).[0m
[38;5;159m[Genesis] [10:52:43] [INFO] Running at [38;5;121m71.10[0m[38;5;159m FPS ([38;5;121m71.10[0m[38;5;159m FPS per env, [38;5;121m1[0m[38;5;159m envs).[0m
[38;5;159m[Genesis] [10:52:43] [INFO] Running at [38;5;121m71.05[0m[38;5;159m FPS ([38;5;121m71.05[0m[38;5;159m FPS per env, [38;5;121m1[0m[38;5;159m envs).[0m
[38;5;159m[Genesis] [10:52:43] [INFO] Running at [38;5;121m71.09[0m[38;5;159m FPS ([38;5;121m71.09[0m[38;5;159m FPS per env, [38;5;121m1[0m[38;5;159m envs).[0m
[38;5;159m[Genesis] [10:52:43] [INFO] Running at [38;5;121m71.40[0m[38;5;159m FPS ([38;5;121m71.40[0m[38;5;159m FPS per env, [38;5;121m1[0m[38;5;159m envs).[0m
[38;5;159m[Genesis] [10:52:43] [INFO] Running at [38;5;121m71.66[0m[38;5;159m FPS ([38;5;121m71.66[0m[38;5;159m FPS per env, [38;5;121m1[0m[38;5;159m envs).[0m
[38;5;159m[Genesis] [10:52:43] [INFO] Running at [38;5;121m71.92[0m[38;5;159m FPS ([38;5;121m71.92[0m[38;5;159m FPS per env, [38;5;121m1[0m[38;5;159m envs).[0m
[38;5;159m[Genesis] [10:52:43] [INFO] Running at [38;5;121m72.16[0m[38;5;159m FPS ([38;5;121m72.16[0m[38;5;159m FPS per env, [38;5;121m1[0m[38;5;159m envs).[0m
[38;5;159m[Genesis] [10:52:44] [INFO] Running at [38;5;121m71.79[0m[38;5;159m FPS ([38;5;121m71.79[0m[38;5;159m FPS per env, [38;5;121m1[0m[38;5;159m envs).[0m
[38;5;159m[Genesis] [10:52:44] [INFO] Running at [38;5;121m71.22[0m[38;5;159m FPS ([38;5;121m71.22[0m[38;5;159m FPS per env, [38;5;121m1[0m[38;5;159m envs).[0m
[38;5;159m[Genesis] [10:52:44] [INFO] Running at [38;5;121m71.10[0m[38;5;159m FPS ([38;5;121m71.10[0m[38;5;159m FPS per env, [38;5;121m1[0m[38;5;159m envs).[0m
[38;5;159m[Genesis] [10:52:44] [INFO] Running at [38;5;121m70.91[0m[38;5;159m FPS ([38;5;121m70.91[0m[38;5;159m FPS per env, [38;5;121m1[0m[38;5;159m envs).[0m
[38;5;159m[Genesis] [10:52:44] [INFO] Running at [38;5;121m70.88[0m[38;5;159m FPS ([38;5;121m70.88[0m[38;5;159m FPS per env, [38;5;121m1[0m[38;5;159m envs).[0m
[38;5;159m[Genesis] [10:52:44] [INFO] Running at [38;5;121m70.81[0m[38;5;159m FPS ([38;5;121m70.81[0m[38;5;159m FPS per env, [38;5;121m1[0m[38;5;159m envs).[0m
[38;5;159m[Genesis] [10:52:44] [INFO] Running at [38;5;121m70.88[0m[38;5;159m FPS ([38;5;121m70.88[0m[38;5;159m FPS per env, [38;5;121m1[0m[38;5;159m envs).[0m
[38;5;159m[Genesis] [10:52:44] [INFO] Running at [38;5;121m71.18[0m[38;5;159m FPS ([38;5;121m71.18[0m[38;5;159m FPS per env, [38;5;121m1[0m[38;5;159m envs).[0m
[38;5;159m[Genesis] [10:52:44] [INFO] Running at [38;5;121m71.57[0m[38;5;159m FPS ([38;5;121m71.57[0m[38;5;159m FPS per env, [38;5;121m1[0m[38;5;159m envs).[0m
[38;5;159m[Genesis] [10:52:44] [INFO] Running at [38;5;121m71.91[0m[38;5;159m FPS ([38;5;121m71.91[0m[38;5;159m FPS per env, [38;5;121m1[0m[38;5;159m envs).[0m
[38;5;159m[Genesis] [10:52:44] [INFO] Running at [38;5;121m71.84[0m[38;5;159m FPS ([38;5;121m71.84[0m[38;5;159m FPS per env, [38;5;121m1[0m[38;5;159m envs).[0m
[38;5;159m[Genesis] [10:52:44] [INFO] Running at [38;5;121m71.67[0m[38;5;159m FPS ([38;5;121m71.67[0m[38;5;159m FPS per env, [38;5;121m1[0m[38;5;159m envs).[0m
[38;5;159m[Genesis] [10:52:44] [INFO] Running at [38;5;121m71.60[0m[38;5;159m FPS ([38;5;121m71.60[0m[38;5;159m FPS per env, [38;5;121m1[0m[38;5;159m envs).[0m
[38;5;159m[Genesis] [10:52:44] [INFO] Running at [38;5;121m71.60[0m[38;5;159m FPS ([38;5;121m71.60[0m[38;5;159m FPS per env, [38;5;121m1[0m[38;5;159m envs).[0m
[38;5;159m[Genesis] [10:52:44] [INFO] Running at [38;5;121m71.90[0m[38;5;159m FPS ([38;5;121m71.90[0m[38;5;159m FPS per env, [38;5;121m1[0m[38;5;159m envs).[0m
[38;5;159m[Genesis] [10:52:44] [INFO] Running at [38;5;121m72.16[0m[38;5;159m FPS ([38;5;121m72.16[0m[38;5;159m FPS per env, [38;5;121m1[0m[38;5;159m envs).[0m
[38;5;159m[Genesis] [10:52:44] [INFO] Running at [38;5;121m72.35[0m[38;5;159m FPS ([38;5;121m72.35[0m[38;5;159m FPS per env, [38;5;121m1[0m[38;5;159m envs).[0m
[38;5;159m[Genesis] [10:52:44] [INFO] Running at [38;5;121m72.58[0m[38;5;159m FPS ([38;5;121m72.58[0m[38;5;159m FPS per env, [38;5;121m1[0m[38;5;159m envs).[0m
[38;5;159m[Genesis] [10:52:45] [INFO] Running at [38;5;121m72.48[0m[38;5;159m FPS ([38;5;121m72.48[0m[38;5;159m FPS per env, [38;5;121m1[0m[38;5;159m envs).[0m
[38;5;159m[Genesis] [10:52:45] [INFO] Running at [38;5;121m72.30[0m[38;5;159m FPS ([38;5;121m72.30[0m[38;5;159m FPS per env, [38;5;121m1[0m[38;5;159m envs).[0m
[38;5;159m[Genesis] [10:52:45] [INFO] Running at [38;5;121m72.12[0m[38;5;159m FPS ([38;5;121m72.12[0m[38;5;159m FPS per env, [38;5;121m1[0m[38;5;159m envs).[0m
[38;5;159m[Genesis] [10:52:45] [INFO] Running at [38;5;121m72.34[0m[38;5;159m FPS ([38;5;121m72.34[0m[38;5;159m FPS per env, [38;5;121m1[0m[38;5;159m envs).[0m
[38;5;159m[Genesis] [10:52:45] [INFO] Running at [38;5;121m72.67[0m[38;5;159m FPS ([38;5;121m72.67[0m[38;5;159m FPS per env, [38;5;121m1[0m[38;5;159m envs).[0m
[38;5;159m[Genesis] [10:52:45] [INFO] Running at [38;5;121m73.00[0m[38;5;159m FPS ([38;5;121m73.00[0m[38;5;159m FPS per env, [38;5;121m1[0m[38;5;159m envs).[0m
[38;5;159m[Genesis] [10:52:45] [INFO] Running at [38;5;121m73.06[0m[38;5;159m FPS ([38;5;121m73.06[0m[38;5;159m FPS per env, [38;5;121m1[0m[38;5;159m envs).[0m
[38;5;159m[Genesis] [10:52:45] [INFO] Running at [38;5;121m72.84[0m[38;5;159m FPS ([38;5;121m72.84[0m[38;5;159m FPS per env, [38;5;121m1[0m[38;5;159m envs).[0m
[38;5;159m[Genesis] [10:52:45] [INFO] Running at [38;5;121m72.35[0m[38;5;159m FPS ([38;5;121m72.35[0m[38;5;159m FPS per env, [38;5;121m1[0m[38;5;159m envs).[0m
[38;5;159m[Genesis] [10:52:45] [INFO] Running at [38;5;121m54.39[0m[38;5;159m FPS ([38;5;121m54.39[0m[38;5;159m FPS per env, [38;5;121m1[0m[38;5;159m envs).[0m
[38;5;159m[Genesis] [10:52:45] [INFO] Running at [38;5;121m54.58[0m[38;5;159m FPS ([38;5;121m54.58[0m[38;5;159m FPS per env, [38;5;121m1[0m[38;5;159m envs).[0m
[38;5;159m[Genesis] [10:52:45] [INFO] Running at [38;5;121m72.56[0m[38;5;159m FPS ([38;5;121m72.56[0m[38;5;159m FPS per env, [38;5;121m1[0m[38;5;159m envs).[0m
[38;5;159m[Genesis] [10:52:45] [INFO] Running at [38;5;121m72.32[0m[38;5;159m FPS ([38;5;121m72.32[0m[38;5;159m FPS per env, [38;5;121m1[0m[38;5;159m envs).[0m
[38;5;159m[Genesis] [10:52:45] [INFO] Running at [38;5;121m72.21[0m[38;5;159m FPS ([38;5;121m72.21[0m[38;5;159m FPS per env, [38;5;121m1[0m[38;5;159m envs).[0m
[38;5;159m[Genesis] [10:52:45] [INFO] Running at [38;5;121m72.51[0m[38;5;159m FPS ([38;5;121m72.51[0m[38;5;159m FPS per env, [38;5;121m1[0m[38;5;159m envs).[0m
[38;5;159m[Genesis] [10:52:45] [INFO] Running at [38;5;121m72.77[0m[38;5;159m FPS ([38;5;121m72.77[0m[38;5;159m FPS per env, [38;5;121m1[0m[38;5;159m envs).[0m
[38;5;159m[Genesis] [10:52:45] [INFO] Running at [38;5;121m73.00[0m[38;5;159m FPS ([38;5;121m73.00[0m[38;5;159m FPS per env, [38;5;121m1[0m[38;5;159m envs).[0m
[38;5;159m[Genesis] [10:52:45] [INFO] Running at [38;5;121m73.22[0m[38;5;159m FPS ([38;5;121m73.22[0m[38;5;159m FPS per env, [38;5;121m1[0m[38;5;159m envs).[0m
[38;5;159m[Genesis] [10:52:45] [INFO] Running at [38;5;121m73.08[0m[38;5;159m FPS ([38;5;121m73.08[0m[38;5;159m FPS per env, [38;5;121m1[0m[38;5;159m envs).[0m
[38;5;159m[Genesis] [10:52:46] [INFO] Running at [38;5;121m72.97[0m[38;5;159m FPS ([38;5;121m72.97[0m[38;5;159m FPS per env, [38;5;121m1[0m[38;5;159m envs).[0m
[38;5;159m[Genesis] [10:52:46] [INFO] Running at [38;5;121m72.78[0m[38;5;159m FPS ([38;5;121m72.78[0m[38;5;159m FPS per env, [38;5;121m1[0m[38;5;159m envs).[0m
[38;5;159m[Genesis] [10:52:46] [INFO] Running at [38;5;121m72.44[0m[38;5;159m FPS ([38;5;121m72.44[0m[38;5;159m FPS per env, [38;5;121m1[0m[38;5;159m envs).[0m
fps 50
[38;5;159m[Genesis] [10:52:46] [INFO] Saving video to [38;5;121m"test_5000_behind.mp4"[0m[38;5;159m...[0m
[38;5;159m[Genesis] [10:52:48] [INFO] Video saved.[0m
[38;5;159m[Genesis] [10:52:48] [INFO] Saving video to [38;5;121m"test_5000_side.mp4"[0m[38;5;159m...[0m
[38;5;159m[Genesis] [10:52:50] [INFO] Video saved.[0m
Saved recordings for checkpoint 5000.
[38;5;159m[Genesis] [10:52:51] [INFO] 💤 Exiting Genesis and caching compiled kernels...[0m
