[38;5;159m[Genesis] [11:49:58] [INFO] [38;5;121m╭───────────────────────────────────────────────╮[0m[38;5;159m[0m
[38;5;159m[Genesis] [11:49:58] [INFO] [38;5;121m│┈┉┈┉┈┉┈┉┈┉┈┉┈┉┈┉┈┉┈[0m[38;5;159m [38;5;121m[1m[3mGenesis[0m[38;5;159m [38;5;121m┈┉┈┉┈┉┈┉┈┉┈┉┈┉┈┉┈┉┈│[0m[38;5;159m[0m
[38;5;159m[Genesis] [11:49:58] [INFO] [38;5;121m╰───────────────────────────────────────────────╯[0m[38;5;159m[0m
[38;5;159m[Genesis] [11:49:59] [INFO] Running on [38;5;121m[4m[NVIDIA GeForce RTX 5090][0m[38;5;159m with backend [38;5;121m[4mgs.cuda[0m[38;5;159m. Device memory: [38;5;121m[4m31.36[0m[38;5;159m GB.[0m
[38;5;159m[Genesis] [11:49:59] [INFO] 🚀 Genesis initialized. 🔖 version: [38;5;121m[4m0.4.7[0m[38;5;159m, 🎨 theme: [38;5;121m[4mdark[0m[38;5;159m, 🌱 seed: [38;5;121m[4mNone[0m[38;5;159m, 🐛 debug: [38;5;121m[4mFalse[0m[38;5;159m, 📏 precision: [38;5;121m[4m32[0m[38;5;159m, 🔥 performance: [38;5;121m[4mFalse[0m[38;5;159m, 💬 verbose: [38;5;121m[4mINFO[0m[38;5;159m[0m
[38;5;226m[Genesis] [11:50:01] [WARNING] Viewer option 'n_rendered_envs' is deprecated and will be removed in a future release. Please use 'rendered_envs_idx' instead.[0m
[38;5;159m[Genesis] [11:50:02] [INFO] Scene [38;5;121m[3m<7d5e8bc>[0m[38;5;159m created.[0m
[38;5;159m[Genesis] [11:50:02] [INFO] Adding [38;5;121m<gs.engine.entities.RigidEntity>[0m[38;5;159m. idx: [38;5;121m0[0m[38;5;159m, uid: [38;5;121m[3m<a62fadb>[0m[38;5;159m, morph: [38;5;121m<gs.morphs.Plane>[0m[38;5;159m, material: [38;5;121m<gs.materials.Rigid>[0m[38;5;159m.[0m
[38;5;159m[Genesis] [11:50:02] [INFO] Adding [38;5;121m<gs.engine.entities.RigidEntity>[0m[38;5;159m. idx: [38;5;121m1[0m[38;5;159m, uid: [38;5;121m[3m<8aeda11>[0m[38;5;159m, morph: [38;5;121m<gs.morphs.URDF(file='/home/jfriesen/.local/lib/python3.12/site-packages/genesis/assets/urdf/go2/urdf/go2.urdf')>[0m[38;5;159m, material: [38;5;121m<gs.materials.Rigid>[0m[38;5;159m.[0m
[38;5;159m[Genesis] [11:50:05] [INFO] Building scene [38;5;121m[3m<7d5e8bc>[0m[38;5;159m...[0m
[38;5;226m[Genesis] [11:50:05] [WARNING] Neutral robot position (qpos0) exceeds joint limits.[0m
[38;5;159m[Genesis] [11:50:06] [INFO] Compiling simulation kernels...[0m
[38;5;159m[Genesis] [11:50:07] [INFO] Building visualizer...[0m
[38;5;226m[Genesis] [11:50:08] [WARNING] This property is deprecated and will be removed in future release. Please use 'dofs_idx_local' instead.[0m
[38;5;226m[Genesis] [11:50:08] [WARNING] This property is deprecated and will be removed in future release. Please use 'dofs_idx_local' instead.[0m
[38;5;226m[Genesis] [11:50:08] [WARNING] This property is deprecated and will be removed in future release. Please use 'dofs_idx_local' instead.[0m
[38;5;226m[Genesis] [11:50:08] [WARNING] This property is deprecated and will be removed in future release. Please use 'dofs_idx_local' instead.[0m
[38;5;226m[Genesis] [11:50:08] [WARNING] This property is deprecated and will be removed in future release. Please use 'dofs_idx_local' instead.[0m
[38;5;226m[Genesis] [11:50:08] [WARNING] This property is deprecated and will be removed in future release. Please use 'dofs_idx_local' instead.[0m
[38;5;226m[Genesis] [11:50:08] [WARNING] This property is deprecated and will be removed in future release. Please use 'dofs_idx_local' instead.[0m
[38;5;226m[Genesis] [11:50:08] [WARNING] This property is deprecated and will be removed in future release. Please use 'dofs_idx_local' instead.[0m
[38;5;226m[Genesis] [11:50:08] [WARNING] This property is deprecated and will be removed in future release. Please use 'dofs_idx_local' instead.[0m
[38;5;226m[Genesis] [11:50:08] [WARNING] This property is deprecated and will be removed in future release. Please use 'dofs_idx_local' instead.[0m
[38;5;226m[Genesis] [11:50:08] [WARNING] This property is deprecated and will be removed in future release. Please use 'dofs_idx_local' instead.[0m
[38;5;226m[Genesis] [11:50:08] [WARNING] This property is deprecated and will be removed in future release. Please use 'dofs_idx_local' instead.[0m
/home/jfriesen/.local/lib/python3.12/site-packages/torch/utils/_device.py:122: UserWarning: To copy construct from a tensor, it is recommended to use sourceTensor.detach().clone() or sourceTensor.detach().clone().requires_grad_(True), rather than torch.tensor(sourceTensor).
  return func(*args, **kwargs)
Actor MLP: Sequential(
  (0): Linear(in_features=51, out_features=512, bias=True)
  (1): ELU(alpha=1.0)
  (2): Linear(in_features=512, out_features=256, bias=True)
  (3): ELU(alpha=1.0)
  (4): Linear(in_features=256, out_features=128, bias=True)
  (5): ELU(alpha=1.0)
  (6): Linear(in_features=128, out_features=12, bias=True)
)
Critic MLP: Sequential(
  (0): Linear(in_features=75, out_features=512, bias=True)
  (1): ELU(alpha=1.0)
  (2): Linear(in_features=512, out_features=256, bias=True)
  (3): ELU(alpha=1.0)
  (4): Linear(in_features=256, out_features=128, bias=True)
  (5): ELU(alpha=1.0)
  (6): Linear(in_features=128, out_features=1, bias=True)
)
[38;5;159m[Genesis] [11:50:10] [INFO] Running at [38;5;121m1.55[0m[38;5;159m FPS ([38;5;121m1.55[0m[38;5;159m FPS per env, [38;5;121m1[0m[38;5;159m envs).[0m
[38;5;159m[Genesis] [11:50:10] [INFO] Running at [38;5;121m11.36[0m[38;5;159m FPS ([38;5;121m11.36[0m[38;5;159m FPS per env, [38;5;121m1[0m[38;5;159m envs).[0m
[38;5;159m[Genesis] [11:50:10] [INFO] Running at [38;5;121m79.26[0m[38;5;159m FPS ([38;5;121m79.26[0m[38;5;159m FPS per env, [38;5;121m1[0m[38;5;159m envs).[0m
[38;5;159m[Genesis] [11:50:10] [INFO] Running at [38;5;121m78.98[0m[38;5;159m FPS ([38;5;121m78.98[0m[38;5;159m FPS per env, [38;5;121m1[0m[38;5;159m envs).[0m
[38;5;159m[Genesis] [11:50:10] [INFO] Running at [38;5;121m78.92[0m[38;5;159m FPS ([38;5;121m78.92[0m[38;5;159m FPS per env, [38;5;121m1[0m[38;5;159m envs).[0m
[38;5;159m[Genesis] [11:50:11] [INFO] Running at [38;5;121m78.87[0m[38;5;159m FPS ([38;5;121m78.87[0m[38;5;159m FPS per env, [38;5;121m1[0m[38;5;159m envs).[0m
[38;5;159m[Genesis] [11:50:11] [INFO] Running at [38;5;121m78.80[0m[38;5;159m FPS ([38;5;121m78.80[0m[38;5;159m FPS per env, [38;5;121m1[0m[38;5;159m envs).[0m
[38;5;159m[Genesis] [11:50:11] [INFO] Running at [38;5;121m78.76[0m[38;5;159m FPS ([38;5;121m78.76[0m[38;5;159m FPS per env, [38;5;121m1[0m[38;5;159m envs).[0m
[38;5;159m[Genesis] [11:50:11] [INFO] Running at [38;5;121m78.73[0m[38;5;159m FPS ([38;5;121m78.73[0m[38;5;159m FPS per env, [38;5;121m1[0m[38;5;159m envs).[0m
[38;5;159m[Genesis] [11:50:11] [INFO] Running at [38;5;121m78.69[0m[38;5;159m FPS ([38;5;121m78.69[0m[38;5;159m FPS per env, [38;5;121m1[0m[38;5;159m envs).[0m
[38;5;159m[Genesis] [11:50:11] [INFO] Running at [38;5;121m78.64[0m[38;5;159m FPS ([38;5;121m78.64[0m[38;5;159m FPS per env, [38;5;121m1[0m[38;5;159m envs).[0m
[38;5;159m[Genesis] [11:50:11] [INFO] Running at [38;5;121m78.60[0m[38;5;159m FPS ([38;5;121m78.60[0m[38;5;159m FPS per env, [38;5;121m1[0m[38;5;159m envs).[0m
[38;5;159m[Genesis] [11:50:11] [INFO] Running at [38;5;121m78.61[0m[38;5;159m FPS ([38;5;121m78.61[0m[38;5;159m FPS per env, [38;5;121m1[0m[38;5;159m envs).[0m
[38;5;159m[Genesis] [11:50:11] [INFO] Running at [38;5;121m78.44[0m[38;5;159m FPS ([38;5;121m78.44[0m[38;5;159m FPS per env, [38;5;121m1[0m[38;5;159m envs).[0m
[38;5;159m[Genesis] [11:50:11] [INFO] Running at [38;5;121m77.46[0m[38;5;159m FPS ([38;5;121m77.46[0m[38;5;159m FPS per env, [38;5;121m1[0m[38;5;159m envs).[0m
[38;5;159m[Genesis] [11:50:11] [INFO] Running at [38;5;121m76.68[0m[38;5;159m FPS ([38;5;121m76.68[0m[38;5;159m FPS per env, [38;5;121m1[0m[38;5;159m envs).[0m
[38;5;159m[Genesis] [11:50:11] [INFO] Running at [38;5;121m76.07[0m[38;5;159m FPS ([38;5;121m76.07[0m[38;5;159m FPS per env, [38;5;121m1[0m[38;5;159m envs).[0m
[38;5;159m[Genesis] [11:50:11] [INFO] Running at [38;5;121m75.61[0m[38;5;159m FPS ([38;5;121m75.61[0m[38;5;159m FPS per env, [38;5;121m1[0m[38;5;159m envs).[0m
[38;5;159m[Genesis] [11:50:11] [INFO] Running at [38;5;121m75.69[0m[38;5;159m FPS ([38;5;121m75.69[0m[38;5;159m FPS per env, [38;5;121m1[0m[38;5;159m envs).[0m
[38;5;159m[Genesis] [11:50:11] [INFO] Running at [38;5;121m75.77[0m[38;5;159m FPS ([38;5;121m75.77[0m[38;5;159m FPS per env, [38;5;121m1[0m[38;5;159m envs).[0m
[38;5;159m[Genesis] [11:50:11] [INFO] Running at [38;5;121m75.88[0m[38;5;159m FPS ([38;5;121m75.88[0m[38;5;159m FPS per env, [38;5;121m1[0m[38;5;159m envs).[0m
[38;5;159m[Genesis] [11:50:11] [INFO] Running at [38;5;121m75.99[0m[38;5;159m FPS ([38;5;121m75.99[0m[38;5;159m FPS per env, [38;5;121m1[0m[38;5;159m envs).[0m
[38;5;159m[Genesis] [11:50:11] [INFO] Running at [38;5;121m75.93[0m[38;5;159m FPS ([38;5;121m75.93[0m[38;5;159m FPS per env, [38;5;121m1[0m[38;5;159m envs).[0m
[38;5;159m[Genesis] [11:50:11] [INFO] Running at [38;5;121m75.32[0m[38;5;159m FPS ([38;5;121m75.32[0m[38;5;159m FPS per env, [38;5;121m1[0m[38;5;159m envs).[0m
[38;5;159m[Genesis] [11:50:12] [INFO] Running at [38;5;121m74.68[0m[38;5;159m FPS ([38;5;121m74.68[0m[38;5;159m FPS per env, [38;5;121m1[0m[38;5;159m envs).[0m
[38;5;159m[Genesis] [11:50:12] [INFO] Running at [38;5;121m74.07[0m[38;5;159m FPS ([38;5;121m74.07[0m[38;5;159m FPS per env, [38;5;121m1[0m[38;5;159m envs).[0m
[38;5;159m[Genesis] [11:50:12] [INFO] Running at [38;5;121m74.17[0m[38;5;159m FPS ([38;5;121m74.17[0m[38;5;159m FPS per env, [38;5;121m1[0m[38;5;159m envs).[0m
[38;5;159m[Genesis] [11:50:12] [INFO] Running at [38;5;121m74.41[0m[38;5;159m FPS ([38;5;121m74.41[0m[38;5;159m FPS per env, [38;5;121m1[0m[38;5;159m envs).[0m
[38;5;159m[Genesis] [11:50:12] [INFO] Running at [38;5;121m74.49[0m[38;5;159m FPS ([38;5;121m74.49[0m[38;5;159m FPS per env, [38;5;121m1[0m[38;5;159m envs).[0m
[38;5;159m[Genesis] [11:50:12] [INFO] Running at [38;5;121m74.63[0m[38;5;159m FPS ([38;5;121m74.63[0m[38;5;159m FPS per env, [38;5;121m1[0m[38;5;159m envs).[0m
[38;5;159m[Genesis] [11:50:12] [INFO] Running at [38;5;121m74.81[0m[38;5;159m FPS ([38;5;121m74.81[0m[38;5;159m FPS per env, [38;5;121m1[0m[38;5;159m envs).[0m
[38;5;159m[Genesis] [11:50:12] [INFO] Running at [38;5;121m75.00[0m[38;5;159m FPS ([38;5;121m75.00[0m[38;5;159m FPS per env, [38;5;121m1[0m[38;5;159m envs).[0m
[38;5;159m[Genesis] [11:50:12] [INFO] Running at [38;5;121m75.20[0m[38;5;159m FPS ([38;5;121m75.20[0m[38;5;159m FPS per env, [38;5;121m1[0m[38;5;159m envs).[0m
[38;5;159m[Genesis] [11:50:12] [INFO] Running at [38;5;121m75.35[0m[38;5;159m FPS ([38;5;121m75.35[0m[38;5;159m FPS per env, [38;5;121m1[0m[38;5;159m envs).[0m
[38;5;159m[Genesis] [11:50:12] [INFO] Running at [38;5;121m75.52[0m[38;5;159m FPS ([38;5;121m75.52[0m[38;5;159m FPS per env, [38;5;121m1[0m[38;5;159m envs).[0m
[38;5;159m[Genesis] [11:50:12] [INFO] Running at [38;5;121m75.66[0m[38;5;159m FPS ([38;5;121m75.66[0m[38;5;159m FPS per env, [38;5;121m1[0m[38;5;159m envs).[0m
[38;5;159m[Genesis] [11:50:12] [INFO] Running at [38;5;121m75.79[0m[38;5;159m FPS ([38;5;121m75.79[0m[38;5;159m FPS per env, [38;5;121m1[0m[38;5;159m envs).[0m
[38;5;159m[Genesis] [11:50:12] [INFO] Running at [38;5;121m75.91[0m[38;5;159m FPS ([38;5;121m75.91[0m[38;5;159m FPS per env, [38;5;121m1[0m[38;5;159m envs).[0m
[38;5;159m[Genesis] [11:50:12] [INFO] Running at [38;5;121m75.92[0m[38;5;159m FPS ([38;5;121m75.92[0m[38;5;159m FPS per env, [38;5;121m1[0m[38;5;159m envs).[0m
[38;5;159m[Genesis] [11:50:12] [INFO] Running at [38;5;121m76.03[0m[38;5;159m FPS ([38;5;121m76.03[0m[38;5;159m FPS per env, [38;5;121m1[0m[38;5;159m envs).[0m
[38;5;159m[Genesis] [11:50:12] [INFO] Running at [38;5;121m76.18[0m[38;5;159m FPS ([38;5;121m76.18[0m[38;5;159m FPS per env, [38;5;121m1[0m[38;5;159m envs).[0m
[38;5;159m[Genesis] [11:50:12] [INFO] Running at [38;5;121m76.30[0m[38;5;159m FPS ([38;5;121m76.30[0m[38;5;159m FPS per env, [38;5;121m1[0m[38;5;159m envs).[0m
[38;5;159m[Genesis] [11:50:12] [INFO] Running at [38;5;121m76.40[0m[38;5;159m FPS ([38;5;121m76.40[0m[38;5;159m FPS per env, [38;5;121m1[0m[38;5;159m envs).[0m
[38;5;159m[Genesis] [11:50:13] [INFO] Running at [38;5;121m76.30[0m[38;5;159m FPS ([38;5;121m76.30[0m[38;5;159m FPS per env, [38;5;121m1[0m[38;5;159m envs).[0m
[38;5;159m[Genesis] [11:50:13] [INFO] Running at [38;5;121m76.38[0m[38;5;159m FPS ([38;5;121m76.38[0m[38;5;159m FPS per env, [38;5;121m1[0m[38;5;159m envs).[0m
[38;5;159m[Genesis] [11:50:13] [INFO] Running at [38;5;121m76.46[0m[38;5;159m FPS ([38;5;121m76.46[0m[38;5;159m FPS per env, [38;5;121m1[0m[38;5;159m envs).[0m
[38;5;159m[Genesis] [11:50:13] [INFO] Running at [38;5;121m76.56[0m[38;5;159m FPS ([38;5;121m76.56[0m[38;5;159m FPS per env, [38;5;121m1[0m[38;5;159m envs).[0m
[38;5;159m[Genesis] [11:50:13] [INFO] Running at [38;5;121m76.63[0m[38;5;159m FPS ([38;5;121m76.63[0m[38;5;159m FPS per env, [38;5;121m1[0m[38;5;159m envs).[0m
[38;5;159m[Genesis] [11:50:13] [INFO] Running at [38;5;121m75.80[0m[38;5;159m FPS ([38;5;121m75.80[0m[38;5;159m FPS per env, [38;5;121m1[0m[38;5;159m envs).[0m
[38;5;159m[Genesis] [11:50:13] [INFO] Running at [38;5;121m74.99[0m[38;5;159m FPS ([38;5;121m74.99[0m[38;5;159m FPS per env, [38;5;121m1[0m[38;5;159m envs).[0m
[38;5;159m[Genesis] [11:50:13] [INFO] Running at [38;5;121m74.77[0m[38;5;159m FPS ([38;5;121m74.77[0m[38;5;159m FPS per env, [38;5;121m1[0m[38;5;159m envs).[0m
[38;5;159m[Genesis] [11:50:13] [INFO] Running at [38;5;121m74.95[0m[38;5;159m FPS ([38;5;121m74.95[0m[38;5;159m FPS per env, [38;5;121m1[0m[38;5;159m envs).[0m
[38;5;159m[Genesis] [11:50:13] [INFO] Running at [38;5;121m75.12[0m[38;5;159m FPS ([38;5;121m75.12[0m[38;5;159m FPS per env, [38;5;121m1[0m[38;5;159m envs).[0m
[38;5;159m[Genesis] [11:50:13] [INFO] Running at [38;5;121m75.30[0m[38;5;159m FPS ([38;5;121m75.30[0m[38;5;159m FPS per env, [38;5;121m1[0m[38;5;159m envs).[0m
[38;5;159m[Genesis] [11:50:13] [INFO] Running at [38;5;121m75.43[0m[38;5;159m FPS ([38;5;121m75.43[0m[38;5;159m FPS per env, [38;5;121m1[0m[38;5;159m envs).[0m
[38;5;159m[Genesis] [11:50:13] [INFO] Running at [38;5;121m75.56[0m[38;5;159m FPS ([38;5;121m75.56[0m[38;5;159m FPS per env, [38;5;121m1[0m[38;5;159m envs).[0m
[38;5;159m[Genesis] [11:50:13] [INFO] Running at [38;5;121m75.73[0m[38;5;159m FPS ([38;5;121m75.73[0m[38;5;159m FPS per env, [38;5;121m1[0m[38;5;159m envs).[0m
[38;5;159m[Genesis] [11:50:13] [INFO] Running at [38;5;121m75.86[0m[38;5;159m FPS ([38;5;121m75.86[0m[38;5;159m FPS per env, [38;5;121m1[0m[38;5;159m envs).[0m
[38;5;159m[Genesis] [11:50:13] [INFO] Running at [38;5;121m76.00[0m[38;5;159m FPS ([38;5;121m76.00[0m[38;5;159m FPS per env, [38;5;121m1[0m[38;5;159m envs).[0m
[38;5;159m[Genesis] [11:50:13] [INFO] Running at [38;5;121m76.15[0m[38;5;159m FPS ([38;5;121m76.15[0m[38;5;159m FPS per env, [38;5;121m1[0m[38;5;159m envs).[0m
[38;5;159m[Genesis] [11:50:13] [INFO] Running at [38;5;121m76.29[0m[38;5;159m FPS ([38;5;121m76.29[0m[38;5;159m FPS per env, [38;5;121m1[0m[38;5;159m envs).[0m
[38;5;159m[Genesis] [11:50:13] [INFO] Running at [38;5;121m76.41[0m[38;5;159m FPS ([38;5;121m76.41[0m[38;5;159m FPS per env, [38;5;121m1[0m[38;5;159m envs).[0m
[38;5;159m[Genesis] [11:50:14] [INFO] Running at [38;5;121m76.51[0m[38;5;159m FPS ([38;5;121m76.51[0m[38;5;159m FPS per env, [38;5;121m1[0m[38;5;159m envs).[0m
[38;5;159m[Genesis] [11:50:14] [INFO] Running at [38;5;121m76.61[0m[38;5;159m FPS ([38;5;121m76.61[0m[38;5;159m FPS per env, [38;5;121m1[0m[38;5;159m envs).[0m
[38;5;159m[Genesis] [11:50:14] [INFO] Running at [38;5;121m76.72[0m[38;5;159m FPS ([38;5;121m76.72[0m[38;5;159m FPS per env, [38;5;121m1[0m[38;5;159m envs).[0m
[38;5;159m[Genesis] [11:50:14] [INFO] Running at [38;5;121m76.64[0m[38;5;159m FPS ([38;5;121m76.64[0m[38;5;159m FPS per env, [38;5;121m1[0m[38;5;159m envs).[0m
[38;5;159m[Genesis] [11:50:14] [INFO] Running at [38;5;121m76.75[0m[38;5;159m FPS ([38;5;121m76.75[0m[38;5;159m FPS per env, [38;5;121m1[0m[38;5;159m envs).[0m
[38;5;159m[Genesis] [11:50:14] [INFO] Running at [38;5;121m76.84[0m[38;5;159m FPS ([38;5;121m76.84[0m[38;5;159m FPS per env, [38;5;121m1[0m[38;5;159m envs).[0m
[38;5;159m[Genesis] [11:50:14] [INFO] Running at [38;5;121m76.92[0m[38;5;159m FPS ([38;5;121m76.92[0m[38;5;159m FPS per env, [38;5;121m1[0m[38;5;159m envs).[0m
[38;5;159m[Genesis] [11:50:14] [INFO] Running at [38;5;121m77.02[0m[38;5;159m FPS ([38;5;121m77.02[0m[38;5;159m FPS per env, [38;5;121m1[0m[38;5;159m envs).[0m
[38;5;159m[Genesis] [11:50:14] [INFO] Running at [38;5;121m77.12[0m[38;5;159m FPS ([38;5;121m77.12[0m[38;5;159m FPS per env, [38;5;121m1[0m[38;5;159m envs).[0m
[38;5;159m[Genesis] [11:50:14] [INFO] Running at [38;5;121m76.71[0m[38;5;159m FPS ([38;5;121m76.71[0m[38;5;159m FPS per env, [38;5;121m1[0m[38;5;159m envs).[0m
[38;5;159m[Genesis] [11:50:14] [INFO] Running at [38;5;121m75.93[0m[38;5;159m FPS ([38;5;121m75.93[0m[38;5;159m FPS per env, [38;5;121m1[0m[38;5;159m envs).[0m
[38;5;159m[Genesis] [11:50:14] [INFO] Running at [38;5;121m75.22[0m[38;5;159m FPS ([38;5;121m75.22[0m[38;5;159m FPS per env, [38;5;121m1[0m[38;5;159m envs).[0m
[38;5;159m[Genesis] [11:50:14] [INFO] Running at [38;5;121m74.79[0m[38;5;159m FPS ([38;5;121m74.79[0m[38;5;159m FPS per env, [38;5;121m1[0m[38;5;159m envs).[0m
[38;5;159m[Genesis] [11:50:14] [INFO] Running at [38;5;121m74.54[0m[38;5;159m FPS ([38;5;121m74.54[0m[38;5;159m FPS per env, [38;5;121m1[0m[38;5;159m envs).[0m
[38;5;159m[Genesis] [11:50:14] [INFO] Running at [38;5;121m74.72[0m[38;5;159m FPS ([38;5;121m74.72[0m[38;5;159m FPS per env, [38;5;121m1[0m[38;5;159m envs).[0m
[38;5;159m[Genesis] [11:50:14] [INFO] Running at [38;5;121m74.89[0m[38;5;159m FPS ([38;5;121m74.89[0m[38;5;159m FPS per env, [38;5;121m1[0m[38;5;159m envs).[0m
[38;5;159m[Genesis] [11:50:14] [INFO] Running at [38;5;121m75.07[0m[38;5;159m FPS ([38;5;121m75.07[0m[38;5;159m FPS per env, [38;5;121m1[0m[38;5;159m envs).[0m
[38;5;159m[Genesis] [11:50:14] [INFO] Running at [38;5;121m75.24[0m[38;5;159m FPS ([38;5;121m75.24[0m[38;5;159m FPS per env, [38;5;121m1[0m[38;5;159m envs).[0m
[38;5;159m[Genesis] [11:50:15] [INFO] Running at [38;5;121m74.78[0m[38;5;159m FPS ([38;5;121m74.78[0m[38;5;159m FPS per env, [38;5;121m1[0m[38;5;159m envs).[0m
[38;5;159m[Genesis] [11:50:15] [INFO] Running at [38;5;121m73.94[0m[38;5;159m FPS ([38;5;121m73.94[0m[38;5;159m FPS per env, [38;5;121m1[0m[38;5;159m envs).[0m
[38;5;159m[Genesis] [11:50:15] [INFO] Running at [38;5;121m73.34[0m[38;5;159m FPS ([38;5;121m73.34[0m[38;5;159m FPS per env, [38;5;121m1[0m[38;5;159m envs).[0m
[38;5;159m[Genesis] [11:50:15] [INFO] Running at [38;5;121m73.53[0m[38;5;159m FPS ([38;5;121m73.53[0m[38;5;159m FPS per env, [38;5;121m1[0m[38;5;159m envs).[0m
[38;5;159m[Genesis] [11:50:15] [INFO] Running at [38;5;121m73.76[0m[38;5;159m FPS ([38;5;121m73.76[0m[38;5;159m FPS per env, [38;5;121m1[0m[38;5;159m envs).[0m
[38;5;159m[Genesis] [11:50:15] [INFO] Running at [38;5;121m73.97[0m[38;5;159m FPS ([38;5;121m73.97[0m[38;5;159m FPS per env, [38;5;121m1[0m[38;5;159m envs).[0m
[38;5;159m[Genesis] [11:50:15] [INFO] Running at [38;5;121m74.05[0m[38;5;159m FPS ([38;5;121m74.05[0m[38;5;159m FPS per env, [38;5;121m1[0m[38;5;159m envs).[0m
[38;5;159m[Genesis] [11:50:15] [INFO] Running at [38;5;121m74.27[0m[38;5;159m FPS ([38;5;121m74.27[0m[38;5;159m FPS per env, [38;5;121m1[0m[38;5;159m envs).[0m
[38;5;159m[Genesis] [11:50:15] [INFO] Running at [38;5;121m74.49[0m[38;5;159m FPS ([38;5;121m74.49[0m[38;5;159m FPS per env, [38;5;121m1[0m[38;5;159m envs).[0m
[38;5;159m[Genesis] [11:50:15] [INFO] Running at [38;5;121m74.69[0m[38;5;159m FPS ([38;5;121m74.69[0m[38;5;159m FPS per env, [38;5;121m1[0m[38;5;159m envs).[0m
[38;5;159m[Genesis] [11:50:15] [INFO] Running at [38;5;121m74.88[0m[38;5;159m FPS ([38;5;121m74.88[0m[38;5;159m FPS per env, [38;5;121m1[0m[38;5;159m envs).[0m
[38;5;159m[Genesis] [11:50:15] [INFO] Running at [38;5;121m75.08[0m[38;5;159m FPS ([38;5;121m75.08[0m[38;5;159m FPS per env, [38;5;121m1[0m[38;5;159m envs).[0m
[38;5;159m[Genesis] [11:50:15] [INFO] Running at [38;5;121m75.25[0m[38;5;159m FPS ([38;5;121m75.25[0m[38;5;159m FPS per env, [38;5;121m1[0m[38;5;159m envs).[0m
[38;5;159m[Genesis] [11:50:15] [INFO] Running at [38;5;121m75.42[0m[38;5;159m FPS ([38;5;121m75.42[0m[38;5;159m FPS per env, [38;5;121m1[0m[38;5;159m envs).[0m
[38;5;159m[Genesis] [11:50:15] [INFO] Running at [38;5;121m75.58[0m[38;5;159m FPS ([38;5;121m75.58[0m[38;5;159m FPS per env, [38;5;121m1[0m[38;5;159m envs).[0m
[38;5;159m[Genesis] [11:50:15] [INFO] Running at [38;5;121m75.72[0m[38;5;159m FPS ([38;5;121m75.72[0m[38;5;159m FPS per env, [38;5;121m1[0m[38;5;159m envs).[0m
[38;5;159m[Genesis] [11:50:15] [INFO] Running at [38;5;121m75.86[0m[38;5;159m FPS ([38;5;121m75.86[0m[38;5;159m FPS per env, [38;5;121m1[0m[38;5;159m envs).[0m
[38;5;159m[Genesis] [11:50:15] [INFO] Running at [38;5;121m76.03[0m[38;5;159m FPS ([38;5;121m76.03[0m[38;5;159m FPS per env, [38;5;121m1[0m[38;5;159m envs).[0m
[38;5;159m[Genesis] [11:50:15] [INFO] Running at [38;5;121m76.16[0m[38;5;159m FPS ([38;5;121m76.16[0m[38;5;159m FPS per env, [38;5;121m1[0m[38;5;159m envs).[0m
[38;5;159m[Genesis] [11:50:15] [INFO] Running at [38;5;121m76.30[0m[38;5;159m FPS ([38;5;121m76.30[0m[38;5;159m FPS per env, [38;5;121m1[0m[38;5;159m envs).[0m
[38;5;159m[Genesis] [11:50:16] [INFO] Running at [38;5;121m76.42[0m[38;5;159m FPS ([38;5;121m76.42[0m[38;5;159m FPS per env, [38;5;121m1[0m[38;5;159m envs).[0m
[38;5;159m[Genesis] [11:50:16] [INFO] Running at [38;5;121m76.51[0m[38;5;159m FPS ([38;5;121m76.51[0m[38;5;159m FPS per env, [38;5;121m1[0m[38;5;159m envs).[0m
[38;5;159m[Genesis] [11:50:16] [INFO] Running at [38;5;121m76.63[0m[38;5;159m FPS ([38;5;121m76.63[0m[38;5;159m FPS per env, [38;5;121m1[0m[38;5;159m envs).[0m
[38;5;159m[Genesis] [11:50:16] [INFO] Running at [38;5;121m76.32[0m[38;5;159m FPS ([38;5;121m76.32[0m[38;5;159m FPS per env, [38;5;121m1[0m[38;5;159m envs).[0m
[38;5;159m[Genesis] [11:50:16] [INFO] Running at [38;5;121m75.57[0m[38;5;159m FPS ([38;5;121m75.57[0m[38;5;159m FPS per env, [38;5;121m1[0m[38;5;159m envs).[0m
[38;5;159m[Genesis] [11:50:16] [INFO] Running at [38;5;121m74.85[0m[38;5;159m FPS ([38;5;121m74.85[0m[38;5;159m FPS per env, [38;5;121m1[0m[38;5;159m envs).[0m
[38;5;159m[Genesis] [11:50:16] [INFO] Running at [38;5;121m74.66[0m[38;5;159m FPS ([38;5;121m74.66[0m[38;5;159m FPS per env, [38;5;121m1[0m[38;5;159m envs).[0m
[38;5;159m[Genesis] [11:50:16] [INFO] Running at [38;5;121m74.68[0m[38;5;159m FPS ([38;5;121m74.68[0m[38;5;159m FPS per env, [38;5;121m1[0m[38;5;159m envs).[0m
[38;5;159m[Genesis] [11:50:16] [INFO] Running at [38;5;121m74.87[0m[38;5;159m FPS ([38;5;121m74.87[0m[38;5;159m FPS per env, [38;5;121m1[0m[38;5;159m envs).[0m
[38;5;159m[Genesis] [11:50:16] [INFO] Running at [38;5;121m75.06[0m[38;5;159m FPS ([38;5;121m75.06[0m[38;5;159m FPS per env, [38;5;121m1[0m[38;5;159m envs).[0m
[38;5;159m[Genesis] [11:50:16] [INFO] Running at [38;5;121m75.24[0m[38;5;159m FPS ([38;5;121m75.24[0m[38;5;159m FPS per env, [38;5;121m1[0m[38;5;159m envs).[0m
[38;5;159m[Genesis] [11:50:16] [INFO] Running at [38;5;121m75.42[0m[38;5;159m FPS ([38;5;121m75.42[0m[38;5;159m FPS per env, [38;5;121m1[0m[38;5;159m envs).[0m
[38;5;159m[Genesis] [11:50:16] [INFO] Running at [38;5;121m75.58[0m[38;5;159m FPS ([38;5;121m75.58[0m[38;5;159m FPS per env, [38;5;121m1[0m[38;5;159m envs).[0m
[38;5;159m[Genesis] [11:50:16] [INFO] Running at [38;5;121m75.72[0m[38;5;159m FPS ([38;5;121m75.72[0m[38;5;159m FPS per env, [38;5;121m1[0m[38;5;159m envs).[0m
[38;5;159m[Genesis] [11:50:16] [INFO] Running at [38;5;121m75.88[0m[38;5;159m FPS ([38;5;121m75.88[0m[38;5;159m FPS per env, [38;5;121m1[0m[38;5;159m envs).[0m
[38;5;159m[Genesis] [11:50:16] [INFO] Running at [38;5;121m76.03[0m[38;5;159m FPS ([38;5;121m76.03[0m[38;5;159m FPS per env, [38;5;121m1[0m[38;5;159m envs).[0m
[38;5;159m[Genesis] [11:50:16] [INFO] Running at [38;5;121m76.15[0m[38;5;159m FPS ([38;5;121m76.15[0m[38;5;159m FPS per env, [38;5;121m1[0m[38;5;159m envs).[0m
[38;5;159m[Genesis] [11:50:16] [INFO] Running at [38;5;121m76.28[0m[38;5;159m FPS ([38;5;121m76.28[0m[38;5;159m FPS per env, [38;5;121m1[0m[38;5;159m envs).[0m
[38;5;159m[Genesis] [11:50:16] [INFO] Running at [38;5;121m76.40[0m[38;5;159m FPS ([38;5;121m76.40[0m[38;5;159m FPS per env, [38;5;121m1[0m[38;5;159m envs).[0m
[38;5;159m[Genesis] [11:50:17] [INFO] Running at [38;5;121m76.52[0m[38;5;159m FPS ([38;5;121m76.52[0m[38;5;159m FPS per env, [38;5;121m1[0m[38;5;159m envs).[0m
[38;5;159m[Genesis] [11:50:17] [INFO] Running at [38;5;121m76.65[0m[38;5;159m FPS ([38;5;121m76.65[0m[38;5;159m FPS per env, [38;5;121m1[0m[38;5;159m envs).[0m
[38;5;159m[Genesis] [11:50:17] [INFO] Running at [38;5;121m76.77[0m[38;5;159m FPS ([38;5;121m76.77[0m[38;5;159m FPS per env, [38;5;121m1[0m[38;5;159m envs).[0m
[38;5;159m[Genesis] [11:50:17] [INFO] Running at [38;5;121m76.87[0m[38;5;159m FPS ([38;5;121m76.87[0m[38;5;159m FPS per env, [38;5;121m1[0m[38;5;159m envs).[0m
[38;5;159m[Genesis] [11:50:17] [INFO] Running at [38;5;121m76.96[0m[38;5;159m FPS ([38;5;121m76.96[0m[38;5;159m FPS per env, [38;5;121m1[0m[38;5;159m envs).[0m
[38;5;159m[Genesis] [11:50:17] [INFO] Running at [38;5;121m77.05[0m[38;5;159m FPS ([38;5;121m77.05[0m[38;5;159m FPS per env, [38;5;121m1[0m[38;5;159m envs).[0m
[38;5;159m[Genesis] [11:50:17] [INFO] Running at [38;5;121m77.14[0m[38;5;159m FPS ([38;5;121m77.14[0m[38;5;159m FPS per env, [38;5;121m1[0m[38;5;159m envs).[0m
[38;5;159m[Genesis] [11:50:17] [INFO] Running at [38;5;121m77.21[0m[38;5;159m FPS ([38;5;121m77.21[0m[38;5;159m FPS per env, [38;5;121m1[0m[38;5;159m envs).[0m
[38;5;159m[Genesis] [11:50:17] [INFO] Running at [38;5;121m76.54[0m[38;5;159m FPS ([38;5;121m76.54[0m[38;5;159m FPS per env, [38;5;121m1[0m[38;5;159m envs).[0m
[38;5;159m[Genesis] [11:50:17] [INFO] Running at [38;5;121m75.71[0m[38;5;159m FPS ([38;5;121m75.71[0m[38;5;159m FPS per env, [38;5;121m1[0m[38;5;159m envs).[0m
[38;5;159m[Genesis] [11:50:17] [INFO] Running at [38;5;121m74.93[0m[38;5;159m FPS ([38;5;121m74.93[0m[38;5;159m FPS per env, [38;5;121m1[0m[38;5;159m envs).[0m
[38;5;159m[Genesis] [11:50:17] [INFO] Running at [38;5;121m74.46[0m[38;5;159m FPS ([38;5;121m74.46[0m[38;5;159m FPS per env, [38;5;121m1[0m[38;5;159m envs).[0m
[38;5;159m[Genesis] [11:50:17] [INFO] Running at [38;5;121m74.57[0m[38;5;159m FPS ([38;5;121m74.57[0m[38;5;159m FPS per env, [38;5;121m1[0m[38;5;159m envs).[0m
[38;5;159m[Genesis] [11:50:17] [INFO] Running at [38;5;121m74.76[0m[38;5;159m FPS ([38;5;121m74.76[0m[38;5;159m FPS per env, [38;5;121m1[0m[38;5;159m envs).[0m
[38;5;159m[Genesis] [11:50:17] [INFO] Running at [38;5;121m74.95[0m[38;5;159m FPS ([38;5;121m74.95[0m[38;5;159m FPS per env, [38;5;121m1[0m[38;5;159m envs).[0m
[38;5;159m[Genesis] [11:50:17] [INFO] Running at [38;5;121m75.16[0m[38;5;159m FPS ([38;5;121m75.16[0m[38;5;159m FPS per env, [38;5;121m1[0m[38;5;159m envs).[0m
[38;5;159m[Genesis] [11:50:17] [INFO] Running at [38;5;121m75.34[0m[38;5;159m FPS ([38;5;121m75.34[0m[38;5;159m FPS per env, [38;5;121m1[0m[38;5;159m envs).[0m
[38;5;159m[Genesis] [11:50:17] [INFO] Running at [38;5;121m75.49[0m[38;5;159m FPS ([38;5;121m75.49[0m[38;5;159m FPS per env, [38;5;121m1[0m[38;5;159m envs).[0m
[38;5;159m[Genesis] [11:50:18] [INFO] Running at [38;5;121m75.65[0m[38;5;159m FPS ([38;5;121m75.65[0m[38;5;159m FPS per env, [38;5;121m1[0m[38;5;159m envs).[0m
[38;5;159m[Genesis] [11:50:18] [INFO] Running at [38;5;121m75.82[0m[38;5;159m FPS ([38;5;121m75.82[0m[38;5;159m FPS per env, [38;5;121m1[0m[38;5;159m envs).[0m
[38;5;159m[Genesis] [11:50:18] [INFO] Running at [38;5;121m75.66[0m[38;5;159m FPS ([38;5;121m75.66[0m[38;5;159m FPS per env, [38;5;121m1[0m[38;5;159m envs).[0m
[38;5;159m[Genesis] [11:50:18] [INFO] Running at [38;5;121m75.09[0m[38;5;159m FPS ([38;5;121m75.09[0m[38;5;159m FPS per env, [38;5;121m1[0m[38;5;159m envs).[0m
[38;5;159m[Genesis] [11:50:18] [INFO] Running at [38;5;121m74.46[0m[38;5;159m FPS ([38;5;121m74.46[0m[38;5;159m FPS per env, [38;5;121m1[0m[38;5;159m envs).[0m
[38;5;159m[Genesis] [11:50:18] [INFO] Running at [38;5;121m74.12[0m[38;5;159m FPS ([38;5;121m74.12[0m[38;5;159m FPS per env, [38;5;121m1[0m[38;5;159m envs).[0m
[38;5;159m[Genesis] [11:50:18] [INFO] Running at [38;5;121m74.30[0m[38;5;159m FPS ([38;5;121m74.30[0m[38;5;159m FPS per env, [38;5;121m1[0m[38;5;159m envs).[0m
[38;5;159m[Genesis] [11:50:18] [INFO] Running at [38;5;121m74.53[0m[38;5;159m FPS ([38;5;121m74.53[0m[38;5;159m FPS per env, [38;5;121m1[0m[38;5;159m envs).[0m
[38;5;159m[Genesis] [11:50:18] [INFO] Running at [38;5;121m74.74[0m[38;5;159m FPS ([38;5;121m74.74[0m[38;5;159m FPS per env, [38;5;121m1[0m[38;5;159m envs).[0m
[38;5;159m[Genesis] [11:50:18] [INFO] Running at [38;5;121m74.94[0m[38;5;159m FPS ([38;5;121m74.94[0m[38;5;159m FPS per env, [38;5;121m1[0m[38;5;159m envs).[0m
[38;5;159m[Genesis] [11:50:18] [INFO] Running at [38;5;121m75.14[0m[38;5;159m FPS ([38;5;121m75.14[0m[38;5;159m FPS per env, [38;5;121m1[0m[38;5;159m envs).[0m
[38;5;159m[Genesis] [11:50:18] [INFO] Running at [38;5;121m75.30[0m[38;5;159m FPS ([38;5;121m75.30[0m[38;5;159m FPS per env, [38;5;121m1[0m[38;5;159m envs).[0m
[38;5;159m[Genesis] [11:50:18] [INFO] Running at [38;5;121m75.48[0m[38;5;159m FPS ([38;5;121m75.48[0m[38;5;159m FPS per env, [38;5;121m1[0m[38;5;159m envs).[0m
[38;5;159m[Genesis] [11:50:18] [INFO] Running at [38;5;121m75.48[0m[38;5;159m FPS ([38;5;121m75.48[0m[38;5;159m FPS per env, [38;5;121m1[0m[38;5;159m envs).[0m
[38;5;159m[Genesis] [11:50:18] [INFO] Running at [38;5;121m75.63[0m[38;5;159m FPS ([38;5;121m75.63[0m[38;5;159m FPS per env, [38;5;121m1[0m[38;5;159m envs).[0m
[38;5;159m[Genesis] [11:50:18] [INFO] Running at [38;5;121m75.79[0m[38;5;159m FPS ([38;5;121m75.79[0m[38;5;159m FPS per env, [38;5;121m1[0m[38;5;159m envs).[0m
[38;5;159m[Genesis] [11:50:18] [INFO] Running at [38;5;121m75.93[0m[38;5;159m FPS ([38;5;121m75.93[0m[38;5;159m FPS per env, [38;5;121m1[0m[38;5;159m envs).[0m
[38;5;159m[Genesis] [11:50:18] [INFO] Running at [38;5;121m76.08[0m[38;5;159m FPS ([38;5;121m76.08[0m[38;5;159m FPS per env, [38;5;121m1[0m[38;5;159m envs).[0m
[38;5;159m[Genesis] [11:50:18] [INFO] Running at [38;5;121m76.22[0m[38;5;159m FPS ([38;5;121m76.22[0m[38;5;159m FPS per env, [38;5;121m1[0m[38;5;159m envs).[0m
[38;5;159m[Genesis] [11:50:19] [INFO] Running at [38;5;121m76.36[0m[38;5;159m FPS ([38;5;121m76.36[0m[38;5;159m FPS per env, [38;5;121m1[0m[38;5;159m envs).[0m
[38;5;159m[Genesis] [11:50:19] [INFO] Running at [38;5;121m76.47[0m[38;5;159m FPS ([38;5;121m76.47[0m[38;5;159m FPS per env, [38;5;121m1[0m[38;5;159m envs).[0m
[38;5;159m[Genesis] [11:50:19] [INFO] Running at [38;5;121m76.56[0m[38;5;159m FPS ([38;5;121m76.56[0m[38;5;159m FPS per env, [38;5;121m1[0m[38;5;159m envs).[0m
[38;5;159m[Genesis] [11:50:19] [INFO] Running at [38;5;121m76.67[0m[38;5;159m FPS ([38;5;121m76.67[0m[38;5;159m FPS per env, [38;5;121m1[0m[38;5;159m envs).[0m
[38;5;159m[Genesis] [11:50:19] [INFO] Running at [38;5;121m76.78[0m[38;5;159m FPS ([38;5;121m76.78[0m[38;5;159m FPS per env, [38;5;121m1[0m[38;5;159m envs).[0m
[38;5;159m[Genesis] [11:50:19] [INFO] Running at [38;5;121m76.87[0m[38;5;159m FPS ([38;5;121m76.87[0m[38;5;159m FPS per env, [38;5;121m1[0m[38;5;159m envs).[0m
[38;5;159m[Genesis] [11:50:19] [INFO] Running at [38;5;121m76.53[0m[38;5;159m FPS ([38;5;121m76.53[0m[38;5;159m FPS per env, [38;5;121m1[0m[38;5;159m envs).[0m
[38;5;159m[Genesis] [11:50:19] [INFO] Running at [38;5;121m76.05[0m[38;5;159m FPS ([38;5;121m76.05[0m[38;5;159m FPS per env, [38;5;121m1[0m[38;5;159m envs).[0m
[38;5;159m[Genesis] [11:50:19] [INFO] Running at [38;5;121m75.38[0m[38;5;159m FPS ([38;5;121m75.38[0m[38;5;159m FPS per env, [38;5;121m1[0m[38;5;159m envs).[0m
[38;5;159m[Genesis] [11:50:19] [INFO] Running at [38;5;121m74.71[0m[38;5;159m FPS ([38;5;121m74.71[0m[38;5;159m FPS per env, [38;5;121m1[0m[38;5;159m envs).[0m
[38;5;159m[Genesis] [11:50:19] [INFO] Running at [38;5;121m74.82[0m[38;5;159m FPS ([38;5;121m74.82[0m[38;5;159m FPS per env, [38;5;121m1[0m[38;5;159m envs).[0m
[38;5;159m[Genesis] [11:50:19] [INFO] Running at [38;5;121m74.96[0m[38;5;159m FPS ([38;5;121m74.96[0m[38;5;159m FPS per env, [38;5;121m1[0m[38;5;159m envs).[0m
[38;5;159m[Genesis] [11:50:19] [INFO] Running at [38;5;121m75.15[0m[38;5;159m FPS ([38;5;121m75.15[0m[38;5;159m FPS per env, [38;5;121m1[0m[38;5;159m envs).[0m
[38;5;159m[Genesis] [11:50:19] [INFO] Running at [38;5;121m75.32[0m[38;5;159m FPS ([38;5;121m75.32[0m[38;5;159m FPS per env, [38;5;121m1[0m[38;5;159m envs).[0m
[38;5;159m[Genesis] [11:50:19] [INFO] Running at [38;5;121m75.51[0m[38;5;159m FPS ([38;5;121m75.51[0m[38;5;159m FPS per env, [38;5;121m1[0m[38;5;159m envs).[0m
[38;5;159m[Genesis] [11:50:19] [INFO] Running at [38;5;121m75.48[0m[38;5;159m FPS ([38;5;121m75.48[0m[38;5;159m FPS per env, [38;5;121m1[0m[38;5;159m envs).[0m
[38;5;159m[Genesis] [11:50:19] [INFO] Running at [38;5;121m75.65[0m[38;5;159m FPS ([38;5;121m75.65[0m[38;5;159m FPS per env, [38;5;121m1[0m[38;5;159m envs).[0m
[38;5;159m[Genesis] [11:50:19] [INFO] Running at [38;5;121m75.79[0m[38;5;159m FPS ([38;5;121m75.79[0m[38;5;159m FPS per env, [38;5;121m1[0m[38;5;159m envs).[0m
[38;5;159m[Genesis] [11:50:19] [INFO] Running at [38;5;121m75.92[0m[38;5;159m FPS ([38;5;121m75.92[0m[38;5;159m FPS per env, [38;5;121m1[0m[38;5;159m envs).[0m
[38;5;159m[Genesis] [11:50:20] [INFO] Running at [38;5;121m76.07[0m[38;5;159m FPS ([38;5;121m76.07[0m[38;5;159m FPS per env, [38;5;121m1[0m[38;5;159m envs).[0m
[38;5;159m[Genesis] [11:50:20] [INFO] Running at [38;5;121m76.21[0m[38;5;159m FPS ([38;5;121m76.21[0m[38;5;159m FPS per env, [38;5;121m1[0m[38;5;159m envs).[0m
[38;5;159m[Genesis] [11:50:20] [INFO] Running at [38;5;121m76.19[0m[38;5;159m FPS ([38;5;121m76.19[0m[38;5;159m FPS per env, [38;5;121m1[0m[38;5;159m envs).[0m
[38;5;159m[Genesis] [11:50:20] [INFO] Running at [38;5;121m76.32[0m[38;5;159m FPS ([38;5;121m76.32[0m[38;5;159m FPS per env, [38;5;121m1[0m[38;5;159m envs).[0m
[38;5;159m[Genesis] [11:50:20] [INFO] Running at [38;5;121m76.44[0m[38;5;159m FPS ([38;5;121m76.44[0m[38;5;159m FPS per env, [38;5;121m1[0m[38;5;159m envs).[0m
[38;5;159m[Genesis] [11:50:20] [INFO] Running at [38;5;121m76.56[0m[38;5;159m FPS ([38;5;121m76.56[0m[38;5;159m FPS per env, [38;5;121m1[0m[38;5;159m envs).[0m
[38;5;159m[Genesis] [11:50:20] [INFO] Running at [38;5;121m76.68[0m[38;5;159m FPS ([38;5;121m76.68[0m[38;5;159m FPS per env, [38;5;121m1[0m[38;5;159m envs).[0m
[38;5;159m[Genesis] [11:50:20] [INFO] Running at [38;5;121m76.79[0m[38;5;159m FPS ([38;5;121m76.79[0m[38;5;159m FPS per env, [38;5;121m1[0m[38;5;159m envs).[0m
[38;5;159m[Genesis] [11:50:20] [INFO] Running at [38;5;121m76.90[0m[38;5;159m FPS ([38;5;121m76.90[0m[38;5;159m FPS per env, [38;5;121m1[0m[38;5;159m envs).[0m
[38;5;159m[Genesis] [11:50:20] [INFO] Running at [38;5;121m76.98[0m[38;5;159m FPS ([38;5;121m76.98[0m[38;5;159m FPS per env, [38;5;121m1[0m[38;5;159m envs).[0m
[38;5;159m[Genesis] [11:50:20] [INFO] Running at [38;5;121m77.09[0m[38;5;159m FPS ([38;5;121m77.09[0m[38;5;159m FPS per env, [38;5;121m1[0m[38;5;159m envs).[0m
[38;5;159m[Genesis] [11:50:20] [INFO] Running at [38;5;121m77.19[0m[38;5;159m FPS ([38;5;121m77.19[0m[38;5;159m FPS per env, [38;5;121m1[0m[38;5;159m envs).[0m
[38;5;159m[Genesis] [11:50:20] [INFO] Running at [38;5;121m76.74[0m[38;5;159m FPS ([38;5;121m76.74[0m[38;5;159m FPS per env, [38;5;121m1[0m[38;5;159m envs).[0m
[38;5;159m[Genesis] [11:50:20] [INFO] Running at [38;5;121m75.87[0m[38;5;159m FPS ([38;5;121m75.87[0m[38;5;159m FPS per env, [38;5;121m1[0m[38;5;159m envs).[0m
[38;5;159m[Genesis] [11:50:20] [INFO] Running at [38;5;121m75.25[0m[38;5;159m FPS ([38;5;121m75.25[0m[38;5;159m FPS per env, [38;5;121m1[0m[38;5;159m envs).[0m
[38;5;159m[Genesis] [11:50:20] [INFO] Running at [38;5;121m74.77[0m[38;5;159m FPS ([38;5;121m74.77[0m[38;5;159m FPS per env, [38;5;121m1[0m[38;5;159m envs).[0m
[38;5;159m[Genesis] [11:50:20] [INFO] Running at [38;5;121m74.47[0m[38;5;159m FPS ([38;5;121m74.47[0m[38;5;159m FPS per env, [38;5;121m1[0m[38;5;159m envs).[0m
[38;5;159m[Genesis] [11:50:20] [INFO] Running at [38;5;121m74.67[0m[38;5;159m FPS ([38;5;121m74.67[0m[38;5;159m FPS per env, [38;5;121m1[0m[38;5;159m envs).[0m
[38;5;159m[Genesis] [11:50:20] [INFO] Running at [38;5;121m74.70[0m[38;5;159m FPS ([38;5;121m74.70[0m[38;5;159m FPS per env, [38;5;121m1[0m[38;5;159m envs).[0m
[38;5;159m[Genesis] [11:50:21] [INFO] Running at [38;5;121m74.88[0m[38;5;159m FPS ([38;5;121m74.88[0m[38;5;159m FPS per env, [38;5;121m1[0m[38;5;159m envs).[0m
[38;5;159m[Genesis] [11:50:21] [INFO] Running at [38;5;121m74.34[0m[38;5;159m FPS ([38;5;121m74.34[0m[38;5;159m FPS per env, [38;5;121m1[0m[38;5;159m envs).[0m
[38;5;159m[Genesis] [11:50:21] [INFO] Running at [38;5;121m73.66[0m[38;5;159m FPS ([38;5;121m73.66[0m[38;5;159m FPS per env, [38;5;121m1[0m[38;5;159m envs).[0m
[38;5;159m[Genesis] [11:50:21] [INFO] Running at [38;5;121m73.18[0m[38;5;159m FPS ([38;5;121m73.18[0m[38;5;159m FPS per env, [38;5;121m1[0m[38;5;159m envs).[0m
[38;5;159m[Genesis] [11:50:21] [INFO] Running at [38;5;121m73.27[0m[38;5;159m FPS ([38;5;121m73.27[0m[38;5;159m FPS per env, [38;5;121m1[0m[38;5;159m envs).[0m
[38;5;159m[Genesis] [11:50:21] [INFO] Running at [38;5;121m73.54[0m[38;5;159m FPS ([38;5;121m73.54[0m[38;5;159m FPS per env, [38;5;121m1[0m[38;5;159m envs).[0m
[38;5;159m[Genesis] [11:50:21] [INFO] Running at [38;5;121m73.79[0m[38;5;159m FPS ([38;5;121m73.79[0m[38;5;159m FPS per env, [38;5;121m1[0m[38;5;159m envs).[0m
[38;5;159m[Genesis] [11:50:21] [INFO] Running at [38;5;121m74.01[0m[38;5;159m FPS ([38;5;121m74.01[0m[38;5;159m FPS per env, [38;5;121m1[0m[38;5;159m envs).[0m
[38;5;159m[Genesis] [11:50:21] [INFO] Running at [38;5;121m74.25[0m[38;5;159m FPS ([38;5;121m74.25[0m[38;5;159m FPS per env, [38;5;121m1[0m[38;5;159m envs).[0m
[38;5;159m[Genesis] [11:50:21] [INFO] Running at [38;5;121m74.48[0m[38;5;159m FPS ([38;5;121m74.48[0m[38;5;159m FPS per env, [38;5;121m1[0m[38;5;159m envs).[0m
[38;5;159m[Genesis] [11:50:21] [INFO] Running at [38;5;121m74.69[0m[38;5;159m FPS ([38;5;121m74.69[0m[38;5;159m FPS per env, [38;5;121m1[0m[38;5;159m envs).[0m
[38;5;159m[Genesis] [11:50:21] [INFO] Running at [38;5;121m74.89[0m[38;5;159m FPS ([38;5;121m74.89[0m[38;5;159m FPS per env, [38;5;121m1[0m[38;5;159m envs).[0m
[38;5;159m[Genesis] [11:50:21] [INFO] Running at [38;5;121m75.09[0m[38;5;159m FPS ([38;5;121m75.09[0m[38;5;159m FPS per env, [38;5;121m1[0m[38;5;159m envs).[0m
[38;5;159m[Genesis] [11:50:21] [INFO] Running at [38;5;121m75.29[0m[38;5;159m FPS ([38;5;121m75.29[0m[38;5;159m FPS per env, [38;5;121m1[0m[38;5;159m envs).[0m
[38;5;159m[Genesis] [11:50:21] [INFO] Running at [38;5;121m75.47[0m[38;5;159m FPS ([38;5;121m75.47[0m[38;5;159m FPS per env, [38;5;121m1[0m[38;5;159m envs).[0m
[38;5;159m[Genesis] [11:50:21] [INFO] Running at [38;5;121m75.61[0m[38;5;159m FPS ([38;5;121m75.61[0m[38;5;159m FPS per env, [38;5;121m1[0m[38;5;159m envs).[0m
[38;5;159m[Genesis] [11:50:21] [INFO] Running at [38;5;121m75.77[0m[38;5;159m FPS ([38;5;121m75.77[0m[38;5;159m FPS per env, [38;5;121m1[0m[38;5;159m envs).[0m
[38;5;159m[Genesis] [11:50:21] [INFO] Running at [38;5;121m75.92[0m[38;5;159m FPS ([38;5;121m75.92[0m[38;5;159m FPS per env, [38;5;121m1[0m[38;5;159m envs).[0m
[38;5;159m[Genesis] [11:50:21] [INFO] Running at [38;5;121m76.08[0m[38;5;159m FPS ([38;5;121m76.08[0m[38;5;159m FPS per env, [38;5;121m1[0m[38;5;159m envs).[0m
[38;5;159m[Genesis] [11:50:22] [INFO] Running at [38;5;121m76.24[0m[38;5;159m FPS ([38;5;121m76.24[0m[38;5;159m FPS per env, [38;5;121m1[0m[38;5;159m envs).[0m
[38;5;159m[Genesis] [11:50:22] [INFO] Running at [38;5;121m76.18[0m[38;5;159m FPS ([38;5;121m76.18[0m[38;5;159m FPS per env, [38;5;121m1[0m[38;5;159m envs).[0m
[38;5;159m[Genesis] [11:50:22] [INFO] Running at [38;5;121m76.31[0m[38;5;159m FPS ([38;5;121m76.31[0m[38;5;159m FPS per env, [38;5;121m1[0m[38;5;159m envs).[0m
[38;5;159m[Genesis] [11:50:22] [INFO] Running at [38;5;121m76.43[0m[38;5;159m FPS ([38;5;121m76.43[0m[38;5;159m FPS per env, [38;5;121m1[0m[38;5;159m envs).[0m
[38;5;159m[Genesis] [11:50:22] [INFO] Running at [38;5;121m76.56[0m[38;5;159m FPS ([38;5;121m76.56[0m[38;5;159m FPS per env, [38;5;121m1[0m[38;5;159m envs).[0m
[38;5;159m[Genesis] [11:50:22] [INFO] Running at [38;5;121m76.66[0m[38;5;159m FPS ([38;5;121m76.66[0m[38;5;159m FPS per env, [38;5;121m1[0m[38;5;159m envs).[0m
[38;5;159m[Genesis] [11:50:22] [INFO] Running at [38;5;121m76.43[0m[38;5;159m FPS ([38;5;121m76.43[0m[38;5;159m FPS per env, [38;5;121m1[0m[38;5;159m envs).[0m
[38;5;159m[Genesis] [11:50:22] [INFO] Running at [38;5;121m75.73[0m[38;5;159m FPS ([38;5;121m75.73[0m[38;5;159m FPS per env, [38;5;121m1[0m[38;5;159m envs).[0m
[38;5;159m[Genesis] [11:50:22] [INFO] Running at [38;5;121m75.21[0m[38;5;159m FPS ([38;5;121m75.21[0m[38;5;159m FPS per env, [38;5;121m1[0m[38;5;159m envs).[0m
[38;5;159m[Genesis] [11:50:22] [INFO] Running at [38;5;121m74.67[0m[38;5;159m FPS ([38;5;121m74.67[0m[38;5;159m FPS per env, [38;5;121m1[0m[38;5;159m envs).[0m
[38;5;159m[Genesis] [11:50:22] [INFO] Running at [38;5;121m74.84[0m[38;5;159m FPS ([38;5;121m74.84[0m[38;5;159m FPS per env, [38;5;121m1[0m[38;5;159m envs).[0m
[38;5;159m[Genesis] [11:50:22] [INFO] Running at [38;5;121m75.03[0m[38;5;159m FPS ([38;5;121m75.03[0m[38;5;159m FPS per env, [38;5;121m1[0m[38;5;159m envs).[0m
[38;5;159m[Genesis] [11:50:22] [INFO] Running at [38;5;121m75.21[0m[38;5;159m FPS ([38;5;121m75.21[0m[38;5;159m FPS per env, [38;5;121m1[0m[38;5;159m envs).[0m
[38;5;159m[Genesis] [11:50:22] [INFO] Running at [38;5;121m75.41[0m[38;5;159m FPS ([38;5;121m75.41[0m[38;5;159m FPS per env, [38;5;121m1[0m[38;5;159m envs).[0m
[38;5;159m[Genesis] [11:50:22] [INFO] Running at [38;5;121m75.59[0m[38;5;159m FPS ([38;5;121m75.59[0m[38;5;159m FPS per env, [38;5;121m1[0m[38;5;159m envs).[0m
[38;5;159m[Genesis] [11:50:22] [INFO] Running at [38;5;121m75.78[0m[38;5;159m FPS ([38;5;121m75.78[0m[38;5;159m FPS per env, [38;5;121m1[0m[38;5;159m envs).[0m
[38;5;159m[Genesis] [11:50:22] [INFO] Running at [38;5;121m75.93[0m[38;5;159m FPS ([38;5;121m75.93[0m[38;5;159m FPS per env, [38;5;121m1[0m[38;5;159m envs).[0m
[38;5;159m[Genesis] [11:50:22] [INFO] Running at [38;5;121m76.08[0m[38;5;159m FPS ([38;5;121m76.08[0m[38;5;159m FPS per env, [38;5;121m1[0m[38;5;159m envs).[0m
[38;5;159m[Genesis] [11:50:22] [INFO] Running at [38;5;121m76.22[0m[38;5;159m FPS ([38;5;121m76.22[0m[38;5;159m FPS per env, [38;5;121m1[0m[38;5;159m envs).[0m
[38;5;159m[Genesis] [11:50:23] [INFO] Running at [38;5;121m76.36[0m[38;5;159m FPS ([38;5;121m76.36[0m[38;5;159m FPS per env, [38;5;121m1[0m[38;5;159m envs).[0m
[38;5;159m[Genesis] [11:50:23] [INFO] Running at [38;5;121m76.48[0m[38;5;159m FPS ([38;5;121m76.48[0m[38;5;159m FPS per env, [38;5;121m1[0m[38;5;159m envs).[0m
[38;5;159m[Genesis] [11:50:23] [INFO] Running at [38;5;121m76.62[0m[38;5;159m FPS ([38;5;121m76.62[0m[38;5;159m FPS per env, [38;5;121m1[0m[38;5;159m envs).[0m
[38;5;159m[Genesis] [11:50:23] [INFO] Running at [38;5;121m76.57[0m[38;5;159m FPS ([38;5;121m76.57[0m[38;5;159m FPS per env, [38;5;121m1[0m[38;5;159m envs).[0m
[38;5;159m[Genesis] [11:50:23] [INFO] Running at [38;5;121m76.69[0m[38;5;159m FPS ([38;5;121m76.69[0m[38;5;159m FPS per env, [38;5;121m1[0m[38;5;159m envs).[0m
[38;5;159m[Genesis] [11:50:23] [INFO] Running at [38;5;121m76.81[0m[38;5;159m FPS ([38;5;121m76.81[0m[38;5;159m FPS per env, [38;5;121m1[0m[38;5;159m envs).[0m
[38;5;159m[Genesis] [11:50:23] [INFO] Running at [38;5;121m76.89[0m[38;5;159m FPS ([38;5;121m76.89[0m[38;5;159m FPS per env, [38;5;121m1[0m[38;5;159m envs).[0m
[38;5;159m[Genesis] [11:50:23] [INFO] Running at [38;5;121m76.98[0m[38;5;159m FPS ([38;5;121m76.98[0m[38;5;159m FPS per env, [38;5;121m1[0m[38;5;159m envs).[0m
[38;5;159m[Genesis] [11:50:23] [INFO] Running at [38;5;121m77.08[0m[38;5;159m FPS ([38;5;121m77.08[0m[38;5;159m FPS per env, [38;5;121m1[0m[38;5;159m envs).[0m
[38;5;159m[Genesis] [11:50:23] [INFO] Running at [38;5;121m77.19[0m[38;5;159m FPS ([38;5;121m77.19[0m[38;5;159m FPS per env, [38;5;121m1[0m[38;5;159m envs).[0m
[38;5;159m[Genesis] [11:50:23] [INFO] Running at [38;5;121m77.30[0m[38;5;159m FPS ([38;5;121m77.30[0m[38;5;159m FPS per env, [38;5;121m1[0m[38;5;159m envs).[0m
[38;5;159m[Genesis] [11:50:23] [INFO] Running at [38;5;121m77.40[0m[38;5;159m FPS ([38;5;121m77.40[0m[38;5;159m FPS per env, [38;5;121m1[0m[38;5;159m envs).[0m
[38;5;159m[Genesis] [11:50:23] [INFO] Running at [38;5;121m77.48[0m[38;5;159m FPS ([38;5;121m77.48[0m[38;5;159m FPS per env, [38;5;121m1[0m[38;5;159m envs).[0m
[38;5;159m[Genesis] [11:50:23] [INFO] Running at [38;5;121m77.53[0m[38;5;159m FPS ([38;5;121m77.53[0m[38;5;159m FPS per env, [38;5;121m1[0m[38;5;159m envs).[0m
[38;5;159m[Genesis] [11:50:23] [INFO] Running at [38;5;121m76.96[0m[38;5;159m FPS ([38;5;121m76.96[0m[38;5;159m FPS per env, [38;5;121m1[0m[38;5;159m envs).[0m
[38;5;159m[Genesis] [11:50:23] [INFO] Running at [38;5;121m76.33[0m[38;5;159m FPS ([38;5;121m76.33[0m[38;5;159m FPS per env, [38;5;121m1[0m[38;5;159m envs).[0m
[38;5;159m[Genesis] [11:50:23] [INFO] Running at [38;5;121m75.38[0m[38;5;159m FPS ([38;5;121m75.38[0m[38;5;159m FPS per env, [38;5;121m1[0m[38;5;159m envs).[0m
[38;5;159m[Genesis] [11:50:23] [INFO] Running at [38;5;121m74.83[0m[38;5;159m FPS ([38;5;121m74.83[0m[38;5;159m FPS per env, [38;5;121m1[0m[38;5;159m envs).[0m
[38;5;159m[Genesis] [11:50:23] [INFO] Running at [38;5;121m74.52[0m[38;5;159m FPS ([38;5;121m74.52[0m[38;5;159m FPS per env, [38;5;121m1[0m[38;5;159m envs).[0m
fps 50
[38;5;159m[Genesis] [11:50:24] [INFO] Saving video to [38;5;121m"test_5000_behind.mp4"[0m[38;5;159m...[0m
[38;5;159m[Genesis] [11:50:26] [INFO] Video saved.[0m
[38;5;159m[Genesis] [11:50:26] [INFO] Saving video to [38;5;121m"test_5000_side.mp4"[0m[38;5;159m...[0m
[38;5;159m[Genesis] [11:50:28] [INFO] Video saved.[0m
Saved recordings for checkpoint 5000.
[38;5;159m[Genesis] [11:50:28] [INFO] 💤 Exiting Genesis and caching compiled kernels...[0m
