[38;5;159m[Genesis] [11:54:06] [INFO] [38;5;121m╭───────────────────────────────────────────────╮[0m[38;5;159m[0m
[38;5;159m[Genesis] [11:54:06] [INFO] [38;5;121m│┈┉┈┉┈┉┈┉┈┉┈┉┈┉┈┉┈┉┈[0m[38;5;159m [38;5;121m[1m[3mGenesis[0m[38;5;159m [38;5;121m┈┉┈┉┈┉┈┉┈┉┈┉┈┉┈┉┈┉┈│[0m[38;5;159m[0m
[38;5;159m[Genesis] [11:54:06] [INFO] [38;5;121m╰───────────────────────────────────────────────╯[0m[38;5;159m[0m
[38;5;159m[Genesis] [11:54:06] [INFO] Running on [38;5;121m[4m[NVIDIA GeForce RTX 5090][0m[38;5;159m with backend [38;5;121m[4mgs.cuda[0m[38;5;159m. Device memory: [38;5;121m[4m31.36[0m[38;5;159m GB.[0m
[38;5;159m[Genesis] [11:54:06] [INFO] 🚀 Genesis initialized. 🔖 version: [38;5;121m[4m0.4.7[0m[38;5;159m, 🎨 theme: [38;5;121m[4mdark[0m[38;5;159m, 🌱 seed: [38;5;121m[4mNone[0m[38;5;159m, 🐛 debug: [38;5;121m[4mFalse[0m[38;5;159m, 📏 precision: [38;5;121m[4m32[0m[38;5;159m, 🔥 performance: [38;5;121m[4mFalse[0m[38;5;159m, 💬 verbose: [38;5;121m[4mINFO[0m[38;5;159m[0m
[38;5;226m[Genesis] [11:54:09] [WARNING] Viewer option 'n_rendered_envs' is deprecated and will be removed in a future release. Please use 'rendered_envs_idx' instead.[0m
[38;5;159m[Genesis] [11:54:09] [INFO] Scene [38;5;121m[3m<72260c7>[0m[38;5;159m created.[0m
[38;5;159m[Genesis] [11:54:09] [INFO] Adding [38;5;121m<gs.engine.entities.RigidEntity>[0m[38;5;159m. idx: [38;5;121m0[0m[38;5;159m, uid: [38;5;121m[3m<1431acc>[0m[38;5;159m, morph: [38;5;121m<gs.morphs.Plane>[0m[38;5;159m, material: [38;5;121m<gs.materials.Rigid>[0m[38;5;159m.[0m
[38;5;159m[Genesis] [11:54:09] [INFO] Adding [38;5;121m<gs.engine.entities.RigidEntity>[0m[38;5;159m. idx: [38;5;121m1[0m[38;5;159m, uid: [38;5;121m[3m<cf895f7>[0m[38;5;159m, morph: [38;5;121m<gs.morphs.URDF(file='/home/jfriesen/.local/lib/python3.12/site-packages/genesis/assets/urdf/go2/urdf/go2.urdf')>[0m[38;5;159m, material: [38;5;121m<gs.materials.Rigid>[0m[38;5;159m.[0m
[38;5;159m[Genesis] [11:54:12] [INFO] Building scene [38;5;121m[3m<72260c7>[0m[38;5;159m...[0m
[38;5;226m[Genesis] [11:54:13] [WARNING] Neutral robot position (qpos0) exceeds joint limits.[0m
[38;5;159m[Genesis] [11:54:13] [INFO] Compiling simulation kernels...[0m
[38;5;159m[Genesis] [11:54:15] [INFO] Building visualizer...[0m
[38;5;226m[Genesis] [11:54:15] [WARNING] This property is deprecated and will be removed in future release. Please use 'dofs_idx_local' instead.[0m
[38;5;226m[Genesis] [11:54:15] [WARNING] This property is deprecated and will be removed in future release. Please use 'dofs_idx_local' instead.[0m
[38;5;226m[Genesis] [11:54:15] [WARNING] This property is deprecated and will be removed in future release. Please use 'dofs_idx_local' instead.[0m
[38;5;226m[Genesis] [11:54:15] [WARNING] This property is deprecated and will be removed in future release. Please use 'dofs_idx_local' instead.[0m
[38;5;226m[Genesis] [11:54:15] [WARNING] This property is deprecated and will be removed in future release. Please use 'dofs_idx_local' instead.[0m
[38;5;226m[Genesis] [11:54:15] [WARNING] This property is deprecated and will be removed in future release. Please use 'dofs_idx_local' instead.[0m
[38;5;226m[Genesis] [11:54:15] [WARNING] This property is deprecated and will be removed in future release. Please use 'dofs_idx_local' instead.[0m
[38;5;226m[Genesis] [11:54:15] [WARNING] This property is deprecated and will be removed in future release. Please use 'dofs_idx_local' instead.[0m
[38;5;226m[Genesis] [11:54:15] [WARNING] This property is deprecated and will be removed in future release. Please use 'dofs_idx_local' instead.[0m
[38;5;226m[Genesis] [11:54:15] [WARNING] This property is deprecated and will be removed in future release. Please use 'dofs_idx_local' instead.[0m
[38;5;226m[Genesis] [11:54:15] [WARNING] This property is deprecated and will be removed in future release. Please use 'dofs_idx_local' instead.[0m
[38;5;226m[Genesis] [11:54:15] [WARNING] This property is deprecated and will be removed in future release. Please use 'dofs_idx_local' instead.[0m
/home/jfriesen/.local/lib/python3.12/site-packages/torch/utils/_device.py:122: UserWarning: To copy construct from a tensor, it is recommended to use sourceTensor.detach().clone() or sourceTensor.detach().clone().requires_grad_(True), rather than torch.tensor(sourceTensor).
  return func(*args, **kwargs)
Actor MLP: Sequential(
  (0): Linear(in_features=51, out_features=512, bias=True)
  (1): ELU(alpha=1.0)
  (2): Linear(in_features=512, out_features=256, bias=True)
  (3): ELU(alpha=1.0)
  (4): Linear(in_features=256, out_features=128, bias=True)
  (5): ELU(alpha=1.0)
  (6): Linear(in_features=128, out_features=12, bias=True)
)
Critic MLP: Sequential(
  (0): Linear(in_features=75, out_features=512, bias=True)
  (1): ELU(alpha=1.0)
  (2): Linear(in_features=512, out_features=256, bias=True)
  (3): ELU(alpha=1.0)
  (4): Linear(in_features=256, out_features=128, bias=True)
  (5): ELU(alpha=1.0)
  (6): Linear(in_features=128, out_features=1, bias=True)
)
[38;5;159m[Genesis] [11:54:17] [INFO] Running at [38;5;121m1.60[0m[38;5;159m FPS ([38;5;121m1.60[0m[38;5;159m FPS per env, [38;5;121m1[0m[38;5;159m envs).[0m
[38;5;159m[Genesis] [11:54:18] [INFO] Running at [38;5;121m11.95[0m[38;5;159m FPS ([38;5;121m11.95[0m[38;5;159m FPS per env, [38;5;121m1[0m[38;5;159m envs).[0m
[38;5;159m[Genesis] [11:54:18] [INFO] Running at [38;5;121m77.73[0m[38;5;159m FPS ([38;5;121m77.73[0m[38;5;159m FPS per env, [38;5;121m1[0m[38;5;159m envs).[0m
[38;5;159m[Genesis] [11:54:18] [INFO] Running at [38;5;121m77.45[0m[38;5;159m FPS ([38;5;121m77.45[0m[38;5;159m FPS per env, [38;5;121m1[0m[38;5;159m envs).[0m
[38;5;159m[Genesis] [11:54:18] [INFO] Running at [38;5;121m77.42[0m[38;5;159m FPS ([38;5;121m77.42[0m[38;5;159m FPS per env, [38;5;121m1[0m[38;5;159m envs).[0m
[38;5;159m[Genesis] [11:54:18] [INFO] Running at [38;5;121m77.37[0m[38;5;159m FPS ([38;5;121m77.37[0m[38;5;159m FPS per env, [38;5;121m1[0m[38;5;159m envs).[0m
[38;5;159m[Genesis] [11:54:18] [INFO] Running at [38;5;121m77.26[0m[38;5;159m FPS ([38;5;121m77.26[0m[38;5;159m FPS per env, [38;5;121m1[0m[38;5;159m envs).[0m
[38;5;159m[Genesis] [11:54:18] [INFO] Running at [38;5;121m77.19[0m[38;5;159m FPS ([38;5;121m77.19[0m[38;5;159m FPS per env, [38;5;121m1[0m[38;5;159m envs).[0m
[38;5;159m[Genesis] [11:54:18] [INFO] Running at [38;5;121m77.04[0m[38;5;159m FPS ([38;5;121m77.04[0m[38;5;159m FPS per env, [38;5;121m1[0m[38;5;159m envs).[0m
[38;5;159m[Genesis] [11:54:18] [INFO] Running at [38;5;121m76.39[0m[38;5;159m FPS ([38;5;121m76.39[0m[38;5;159m FPS per env, [38;5;121m1[0m[38;5;159m envs).[0m
[38;5;159m[Genesis] [11:54:18] [INFO] Running at [38;5;121m76.33[0m[38;5;159m FPS ([38;5;121m76.33[0m[38;5;159m FPS per env, [38;5;121m1[0m[38;5;159m envs).[0m
[38;5;159m[Genesis] [11:54:18] [INFO] Running at [38;5;121m76.32[0m[38;5;159m FPS ([38;5;121m76.32[0m[38;5;159m FPS per env, [38;5;121m1[0m[38;5;159m envs).[0m
[38;5;159m[Genesis] [11:54:18] [INFO] Running at [38;5;121m76.34[0m[38;5;159m FPS ([38;5;121m76.34[0m[38;5;159m FPS per env, [38;5;121m1[0m[38;5;159m envs).[0m
[38;5;159m[Genesis] [11:54:18] [INFO] Running at [38;5;121m76.41[0m[38;5;159m FPS ([38;5;121m76.41[0m[38;5;159m FPS per env, [38;5;121m1[0m[38;5;159m envs).[0m
[38;5;159m[Genesis] [11:54:18] [INFO] Running at [38;5;121m76.50[0m[38;5;159m FPS ([38;5;121m76.50[0m[38;5;159m FPS per env, [38;5;121m1[0m[38;5;159m envs).[0m
[38;5;159m[Genesis] [11:54:18] [INFO] Running at [38;5;121m76.59[0m[38;5;159m FPS ([38;5;121m76.59[0m[38;5;159m FPS per env, [38;5;121m1[0m[38;5;159m envs).[0m
[38;5;159m[Genesis] [11:54:18] [INFO] Running at [38;5;121m76.47[0m[38;5;159m FPS ([38;5;121m76.47[0m[38;5;159m FPS per env, [38;5;121m1[0m[38;5;159m envs).[0m
[38;5;159m[Genesis] [11:54:18] [INFO] Running at [38;5;121m76.40[0m[38;5;159m FPS ([38;5;121m76.40[0m[38;5;159m FPS per env, [38;5;121m1[0m[38;5;159m envs).[0m
[38;5;159m[Genesis] [11:54:18] [INFO] Running at [38;5;121m76.37[0m[38;5;159m FPS ([38;5;121m76.37[0m[38;5;159m FPS per env, [38;5;121m1[0m[38;5;159m envs).[0m
[38;5;159m[Genesis] [11:54:19] [INFO] Running at [38;5;121m76.46[0m[38;5;159m FPS ([38;5;121m76.46[0m[38;5;159m FPS per env, [38;5;121m1[0m[38;5;159m envs).[0m
[38;5;159m[Genesis] [11:54:19] [INFO] Running at [38;5;121m76.42[0m[38;5;159m FPS ([38;5;121m76.42[0m[38;5;159m FPS per env, [38;5;121m1[0m[38;5;159m envs).[0m
[38;5;159m[Genesis] [11:54:19] [INFO] Running at [38;5;121m76.42[0m[38;5;159m FPS ([38;5;121m76.42[0m[38;5;159m FPS per env, [38;5;121m1[0m[38;5;159m envs).[0m
[38;5;159m[Genesis] [11:54:19] [INFO] Running at [38;5;121m76.22[0m[38;5;159m FPS ([38;5;121m76.22[0m[38;5;159m FPS per env, [38;5;121m1[0m[38;5;159m envs).[0m
[38;5;159m[Genesis] [11:54:19] [INFO] Running at [38;5;121m76.14[0m[38;5;159m FPS ([38;5;121m76.14[0m[38;5;159m FPS per env, [38;5;121m1[0m[38;5;159m envs).[0m
[38;5;159m[Genesis] [11:54:19] [INFO] Running at [38;5;121m75.56[0m[38;5;159m FPS ([38;5;121m75.56[0m[38;5;159m FPS per env, [38;5;121m1[0m[38;5;159m envs).[0m
[38;5;159m[Genesis] [11:54:19] [INFO] Running at [38;5;121m75.59[0m[38;5;159m FPS ([38;5;121m75.59[0m[38;5;159m FPS per env, [38;5;121m1[0m[38;5;159m envs).[0m
[38;5;159m[Genesis] [11:54:19] [INFO] Running at [38;5;121m75.68[0m[38;5;159m FPS ([38;5;121m75.68[0m[38;5;159m FPS per env, [38;5;121m1[0m[38;5;159m envs).[0m
[38;5;159m[Genesis] [11:54:19] [INFO] Running at [38;5;121m75.72[0m[38;5;159m FPS ([38;5;121m75.72[0m[38;5;159m FPS per env, [38;5;121m1[0m[38;5;159m envs).[0m
[38;5;159m[Genesis] [11:54:19] [INFO] Running at [38;5;121m75.78[0m[38;5;159m FPS ([38;5;121m75.78[0m[38;5;159m FPS per env, [38;5;121m1[0m[38;5;159m envs).[0m
[38;5;159m[Genesis] [11:54:19] [INFO] Running at [38;5;121m75.85[0m[38;5;159m FPS ([38;5;121m75.85[0m[38;5;159m FPS per env, [38;5;121m1[0m[38;5;159m envs).[0m
[38;5;159m[Genesis] [11:54:19] [INFO] Running at [38;5;121m75.82[0m[38;5;159m FPS ([38;5;121m75.82[0m[38;5;159m FPS per env, [38;5;121m1[0m[38;5;159m envs).[0m
[38;5;159m[Genesis] [11:54:19] [INFO] Running at [38;5;121m75.84[0m[38;5;159m FPS ([38;5;121m75.84[0m[38;5;159m FPS per env, [38;5;121m1[0m[38;5;159m envs).[0m
[38;5;159m[Genesis] [11:54:19] [INFO] Running at [38;5;121m75.87[0m[38;5;159m FPS ([38;5;121m75.87[0m[38;5;159m FPS per env, [38;5;121m1[0m[38;5;159m envs).[0m
[38;5;159m[Genesis] [11:54:19] [INFO] Running at [38;5;121m75.93[0m[38;5;159m FPS ([38;5;121m75.93[0m[38;5;159m FPS per env, [38;5;121m1[0m[38;5;159m envs).[0m
[38;5;159m[Genesis] [11:54:19] [INFO] Running at [38;5;121m76.02[0m[38;5;159m FPS ([38;5;121m76.02[0m[38;5;159m FPS per env, [38;5;121m1[0m[38;5;159m envs).[0m
[38;5;159m[Genesis] [11:54:19] [INFO] Running at [38;5;121m76.08[0m[38;5;159m FPS ([38;5;121m76.08[0m[38;5;159m FPS per env, [38;5;121m1[0m[38;5;159m envs).[0m
[38;5;159m[Genesis] [11:54:19] [INFO] Running at [38;5;121m76.10[0m[38;5;159m FPS ([38;5;121m76.10[0m[38;5;159m FPS per env, [38;5;121m1[0m[38;5;159m envs).[0m
[38;5;159m[Genesis] [11:54:19] [INFO] Running at [38;5;121m76.13[0m[38;5;159m FPS ([38;5;121m76.13[0m[38;5;159m FPS per env, [38;5;121m1[0m[38;5;159m envs).[0m
[38;5;159m[Genesis] [11:54:20] [INFO] Running at [38;5;121m76.16[0m[38;5;159m FPS ([38;5;121m76.16[0m[38;5;159m FPS per env, [38;5;121m1[0m[38;5;159m envs).[0m
[38;5;159m[Genesis] [11:54:20] [INFO] Running at [38;5;121m76.23[0m[38;5;159m FPS ([38;5;121m76.23[0m[38;5;159m FPS per env, [38;5;121m1[0m[38;5;159m envs).[0m
[38;5;159m[Genesis] [11:54:20] [INFO] Running at [38;5;121m76.28[0m[38;5;159m FPS ([38;5;121m76.28[0m[38;5;159m FPS per env, [38;5;121m1[0m[38;5;159m envs).[0m
[38;5;159m[Genesis] [11:54:20] [INFO] Running at [38;5;121m76.28[0m[38;5;159m FPS ([38;5;121m76.28[0m[38;5;159m FPS per env, [38;5;121m1[0m[38;5;159m envs).[0m
[38;5;159m[Genesis] [11:54:20] [INFO] Running at [38;5;121m76.33[0m[38;5;159m FPS ([38;5;121m76.33[0m[38;5;159m FPS per env, [38;5;121m1[0m[38;5;159m envs).[0m
[38;5;159m[Genesis] [11:54:20] [INFO] Running at [38;5;121m76.19[0m[38;5;159m FPS ([38;5;121m76.19[0m[38;5;159m FPS per env, [38;5;121m1[0m[38;5;159m envs).[0m
[38;5;159m[Genesis] [11:54:20] [INFO] Running at [38;5;121m76.22[0m[38;5;159m FPS ([38;5;121m76.22[0m[38;5;159m FPS per env, [38;5;121m1[0m[38;5;159m envs).[0m
[38;5;159m[Genesis] [11:54:20] [INFO] Running at [38;5;121m76.23[0m[38;5;159m FPS ([38;5;121m76.23[0m[38;5;159m FPS per env, [38;5;121m1[0m[38;5;159m envs).[0m
[38;5;159m[Genesis] [11:54:20] [INFO] Running at [38;5;121m76.28[0m[38;5;159m FPS ([38;5;121m76.28[0m[38;5;159m FPS per env, [38;5;121m1[0m[38;5;159m envs).[0m
[38;5;159m[Genesis] [11:54:20] [INFO] Running at [38;5;121m76.35[0m[38;5;159m FPS ([38;5;121m76.35[0m[38;5;159m FPS per env, [38;5;121m1[0m[38;5;159m envs).[0m
[38;5;159m[Genesis] [11:54:20] [INFO] Running at [38;5;121m76.42[0m[38;5;159m FPS ([38;5;121m76.42[0m[38;5;159m FPS per env, [38;5;121m1[0m[38;5;159m envs).[0m
[38;5;159m[Genesis] [11:54:20] [INFO] Running at [38;5;121m76.41[0m[38;5;159m FPS ([38;5;121m76.41[0m[38;5;159m FPS per env, [38;5;121m1[0m[38;5;159m envs).[0m
[38;5;159m[Genesis] [11:54:20] [INFO] Running at [38;5;121m76.40[0m[38;5;159m FPS ([38;5;121m76.40[0m[38;5;159m FPS per env, [38;5;121m1[0m[38;5;159m envs).[0m
[38;5;159m[Genesis] [11:54:20] [INFO] Running at [38;5;121m76.41[0m[38;5;159m FPS ([38;5;121m76.41[0m[38;5;159m FPS per env, [38;5;121m1[0m[38;5;159m envs).[0m
[38;5;159m[Genesis] [11:54:20] [INFO] Running at [38;5;121m76.46[0m[38;5;159m FPS ([38;5;121m76.46[0m[38;5;159m FPS per env, [38;5;121m1[0m[38;5;159m envs).[0m
[38;5;159m[Genesis] [11:54:20] [INFO] Running at [38;5;121m76.46[0m[38;5;159m FPS ([38;5;121m76.46[0m[38;5;159m FPS per env, [38;5;121m1[0m[38;5;159m envs).[0m
[38;5;159m[Genesis] [11:54:20] [INFO] Running at [38;5;121m76.47[0m[38;5;159m FPS ([38;5;121m76.47[0m[38;5;159m FPS per env, [38;5;121m1[0m[38;5;159m envs).[0m
[38;5;159m[Genesis] [11:54:20] [INFO] Running at [38;5;121m76.49[0m[38;5;159m FPS ([38;5;121m76.49[0m[38;5;159m FPS per env, [38;5;121m1[0m[38;5;159m envs).[0m
[38;5;159m[Genesis] [11:54:20] [INFO] Running at [38;5;121m76.57[0m[38;5;159m FPS ([38;5;121m76.57[0m[38;5;159m FPS per env, [38;5;121m1[0m[38;5;159m envs).[0m
[38;5;159m[Genesis] [11:54:21] [INFO] Running at [38;5;121m76.58[0m[38;5;159m FPS ([38;5;121m76.58[0m[38;5;159m FPS per env, [38;5;121m1[0m[38;5;159m envs).[0m
[38;5;159m[Genesis] [11:54:21] [INFO] Running at [38;5;121m76.55[0m[38;5;159m FPS ([38;5;121m76.55[0m[38;5;159m FPS per env, [38;5;121m1[0m[38;5;159m envs).[0m
[38;5;159m[Genesis] [11:54:21] [INFO] Running at [38;5;121m76.48[0m[38;5;159m FPS ([38;5;121m76.48[0m[38;5;159m FPS per env, [38;5;121m1[0m[38;5;159m envs).[0m
[38;5;159m[Genesis] [11:54:21] [INFO] Running at [38;5;121m76.47[0m[38;5;159m FPS ([38;5;121m76.47[0m[38;5;159m FPS per env, [38;5;121m1[0m[38;5;159m envs).[0m
[38;5;159m[Genesis] [11:54:21] [INFO] Running at [38;5;121m76.52[0m[38;5;159m FPS ([38;5;121m76.52[0m[38;5;159m FPS per env, [38;5;121m1[0m[38;5;159m envs).[0m
[38;5;159m[Genesis] [11:54:21] [INFO] Running at [38;5;121m76.52[0m[38;5;159m FPS ([38;5;121m76.52[0m[38;5;159m FPS per env, [38;5;121m1[0m[38;5;159m envs).[0m
[38;5;159m[Genesis] [11:54:21] [INFO] Running at [38;5;121m76.60[0m[38;5;159m FPS ([38;5;121m76.60[0m[38;5;159m FPS per env, [38;5;121m1[0m[38;5;159m envs).[0m
[38;5;159m[Genesis] [11:54:21] [INFO] Running at [38;5;121m76.67[0m[38;5;159m FPS ([38;5;121m76.67[0m[38;5;159m FPS per env, [38;5;121m1[0m[38;5;159m envs).[0m
[38;5;159m[Genesis] [11:54:21] [INFO] Running at [38;5;121m76.55[0m[38;5;159m FPS ([38;5;121m76.55[0m[38;5;159m FPS per env, [38;5;121m1[0m[38;5;159m envs).[0m
[38;5;159m[Genesis] [11:54:21] [INFO] Running at [38;5;121m76.46[0m[38;5;159m FPS ([38;5;121m76.46[0m[38;5;159m FPS per env, [38;5;121m1[0m[38;5;159m envs).[0m
[38;5;159m[Genesis] [11:54:21] [INFO] Running at [38;5;121m76.04[0m[38;5;159m FPS ([38;5;121m76.04[0m[38;5;159m FPS per env, [38;5;121m1[0m[38;5;159m envs).[0m
[38;5;159m[Genesis] [11:54:21] [INFO] Running at [38;5;121m75.67[0m[38;5;159m FPS ([38;5;121m75.67[0m[38;5;159m FPS per env, [38;5;121m1[0m[38;5;159m envs).[0m
[38;5;159m[Genesis] [11:54:21] [INFO] Running at [38;5;121m75.75[0m[38;5;159m FPS ([38;5;121m75.75[0m[38;5;159m FPS per env, [38;5;121m1[0m[38;5;159m envs).[0m
[38;5;159m[Genesis] [11:54:21] [INFO] Running at [38;5;121m75.75[0m[38;5;159m FPS ([38;5;121m75.75[0m[38;5;159m FPS per env, [38;5;121m1[0m[38;5;159m envs).[0m
[38;5;159m[Genesis] [11:54:21] [INFO] Running at [38;5;121m75.79[0m[38;5;159m FPS ([38;5;121m75.79[0m[38;5;159m FPS per env, [38;5;121m1[0m[38;5;159m envs).[0m
[38;5;159m[Genesis] [11:54:21] [INFO] Running at [38;5;121m75.88[0m[38;5;159m FPS ([38;5;121m75.88[0m[38;5;159m FPS per env, [38;5;121m1[0m[38;5;159m envs).[0m
[38;5;159m[Genesis] [11:54:21] [INFO] Running at [38;5;121m75.93[0m[38;5;159m FPS ([38;5;121m75.93[0m[38;5;159m FPS per env, [38;5;121m1[0m[38;5;159m envs).[0m
[38;5;159m[Genesis] [11:54:21] [INFO] Running at [38;5;121m75.90[0m[38;5;159m FPS ([38;5;121m75.90[0m[38;5;159m FPS per env, [38;5;121m1[0m[38;5;159m envs).[0m
[38;5;159m[Genesis] [11:54:21] [INFO] Running at [38;5;121m75.90[0m[38;5;159m FPS ([38;5;121m75.90[0m[38;5;159m FPS per env, [38;5;121m1[0m[38;5;159m envs).[0m
[38;5;159m[Genesis] [11:54:22] [INFO] Running at [38;5;121m75.93[0m[38;5;159m FPS ([38;5;121m75.93[0m[38;5;159m FPS per env, [38;5;121m1[0m[38;5;159m envs).[0m
[38;5;159m[Genesis] [11:54:22] [INFO] Running at [38;5;121m76.01[0m[38;5;159m FPS ([38;5;121m76.01[0m[38;5;159m FPS per env, [38;5;121m1[0m[38;5;159m envs).[0m
[38;5;159m[Genesis] [11:54:22] [INFO] Running at [38;5;121m76.03[0m[38;5;159m FPS ([38;5;121m76.03[0m[38;5;159m FPS per env, [38;5;121m1[0m[38;5;159m envs).[0m
[38;5;159m[Genesis] [11:54:22] [INFO] Running at [38;5;121m76.07[0m[38;5;159m FPS ([38;5;121m76.07[0m[38;5;159m FPS per env, [38;5;121m1[0m[38;5;159m envs).[0m
[38;5;159m[Genesis] [11:54:22] [INFO] Running at [38;5;121m75.94[0m[38;5;159m FPS ([38;5;121m75.94[0m[38;5;159m FPS per env, [38;5;121m1[0m[38;5;159m envs).[0m
[38;5;159m[Genesis] [11:54:22] [INFO] Running at [38;5;121m75.42[0m[38;5;159m FPS ([38;5;121m75.42[0m[38;5;159m FPS per env, [38;5;121m1[0m[38;5;159m envs).[0m
[38;5;159m[Genesis] [11:54:22] [INFO] Running at [38;5;121m75.42[0m[38;5;159m FPS ([38;5;121m75.42[0m[38;5;159m FPS per env, [38;5;121m1[0m[38;5;159m envs).[0m
[38;5;159m[Genesis] [11:54:22] [INFO] Running at [38;5;121m75.26[0m[38;5;159m FPS ([38;5;121m75.26[0m[38;5;159m FPS per env, [38;5;121m1[0m[38;5;159m envs).[0m
[38;5;159m[Genesis] [11:54:22] [INFO] Running at [38;5;121m75.33[0m[38;5;159m FPS ([38;5;121m75.33[0m[38;5;159m FPS per env, [38;5;121m1[0m[38;5;159m envs).[0m
[38;5;159m[Genesis] [11:54:22] [INFO] Running at [38;5;121m75.45[0m[38;5;159m FPS ([38;5;121m75.45[0m[38;5;159m FPS per env, [38;5;121m1[0m[38;5;159m envs).[0m
[38;5;159m[Genesis] [11:54:22] [INFO] Running at [38;5;121m75.35[0m[38;5;159m FPS ([38;5;121m75.35[0m[38;5;159m FPS per env, [38;5;121m1[0m[38;5;159m envs).[0m
[38;5;159m[Genesis] [11:54:22] [INFO] Running at [38;5;121m75.43[0m[38;5;159m FPS ([38;5;121m75.43[0m[38;5;159m FPS per env, [38;5;121m1[0m[38;5;159m envs).[0m
[38;5;159m[Genesis] [11:54:22] [INFO] Running at [38;5;121m75.45[0m[38;5;159m FPS ([38;5;121m75.45[0m[38;5;159m FPS per env, [38;5;121m1[0m[38;5;159m envs).[0m
[38;5;159m[Genesis] [11:54:22] [INFO] Running at [38;5;121m75.58[0m[38;5;159m FPS ([38;5;121m75.58[0m[38;5;159m FPS per env, [38;5;121m1[0m[38;5;159m envs).[0m
[38;5;159m[Genesis] [11:54:22] [INFO] Running at [38;5;121m75.65[0m[38;5;159m FPS ([38;5;121m75.65[0m[38;5;159m FPS per env, [38;5;121m1[0m[38;5;159m envs).[0m
[38;5;159m[Genesis] [11:54:22] [INFO] Running at [38;5;121m75.65[0m[38;5;159m FPS ([38;5;121m75.65[0m[38;5;159m FPS per env, [38;5;121m1[0m[38;5;159m envs).[0m
[38;5;159m[Genesis] [11:54:22] [INFO] Running at [38;5;121m74.95[0m[38;5;159m FPS ([38;5;121m74.95[0m[38;5;159m FPS per env, [38;5;121m1[0m[38;5;159m envs).[0m
[38;5;159m[Genesis] [11:54:22] [INFO] Running at [38;5;121m74.30[0m[38;5;159m FPS ([38;5;121m74.30[0m[38;5;159m FPS per env, [38;5;121m1[0m[38;5;159m envs).[0m
[38;5;159m[Genesis] [11:54:23] [INFO] Running at [38;5;121m73.78[0m[38;5;159m FPS ([38;5;121m73.78[0m[38;5;159m FPS per env, [38;5;121m1[0m[38;5;159m envs).[0m
[38;5;159m[Genesis] [11:54:23] [INFO] Running at [38;5;121m73.90[0m[38;5;159m FPS ([38;5;121m73.90[0m[38;5;159m FPS per env, [38;5;121m1[0m[38;5;159m envs).[0m
[38;5;159m[Genesis] [11:54:23] [INFO] Running at [38;5;121m74.04[0m[38;5;159m FPS ([38;5;121m74.04[0m[38;5;159m FPS per env, [38;5;121m1[0m[38;5;159m envs).[0m
[38;5;159m[Genesis] [11:54:23] [INFO] Running at [38;5;121m74.21[0m[38;5;159m FPS ([38;5;121m74.21[0m[38;5;159m FPS per env, [38;5;121m1[0m[38;5;159m envs).[0m
[38;5;159m[Genesis] [11:54:23] [INFO] Running at [38;5;121m74.34[0m[38;5;159m FPS ([38;5;121m74.34[0m[38;5;159m FPS per env, [38;5;121m1[0m[38;5;159m envs).[0m
[38;5;159m[Genesis] [11:54:23] [INFO] Running at [38;5;121m74.46[0m[38;5;159m FPS ([38;5;121m74.46[0m[38;5;159m FPS per env, [38;5;121m1[0m[38;5;159m envs).[0m
[38;5;159m[Genesis] [11:54:23] [INFO] Running at [38;5;121m74.60[0m[38;5;159m FPS ([38;5;121m74.60[0m[38;5;159m FPS per env, [38;5;121m1[0m[38;5;159m envs).[0m
[38;5;159m[Genesis] [11:54:23] [INFO] Running at [38;5;121m74.73[0m[38;5;159m FPS ([38;5;121m74.73[0m[38;5;159m FPS per env, [38;5;121m1[0m[38;5;159m envs).[0m
[38;5;159m[Genesis] [11:54:23] [INFO] Running at [38;5;121m74.82[0m[38;5;159m FPS ([38;5;121m74.82[0m[38;5;159m FPS per env, [38;5;121m1[0m[38;5;159m envs).[0m
[38;5;159m[Genesis] [11:54:23] [INFO] Running at [38;5;121m74.91[0m[38;5;159m FPS ([38;5;121m74.91[0m[38;5;159m FPS per env, [38;5;121m1[0m[38;5;159m envs).[0m
[38;5;159m[Genesis] [11:54:23] [INFO] Running at [38;5;121m75.02[0m[38;5;159m FPS ([38;5;121m75.02[0m[38;5;159m FPS per env, [38;5;121m1[0m[38;5;159m envs).[0m
[38;5;159m[Genesis] [11:54:23] [INFO] Running at [38;5;121m75.14[0m[38;5;159m FPS ([38;5;121m75.14[0m[38;5;159m FPS per env, [38;5;121m1[0m[38;5;159m envs).[0m
[38;5;159m[Genesis] [11:54:23] [INFO] Running at [38;5;121m75.26[0m[38;5;159m FPS ([38;5;121m75.26[0m[38;5;159m FPS per env, [38;5;121m1[0m[38;5;159m envs).[0m
[38;5;159m[Genesis] [11:54:23] [INFO] Running at [38;5;121m75.17[0m[38;5;159m FPS ([38;5;121m75.17[0m[38;5;159m FPS per env, [38;5;121m1[0m[38;5;159m envs).[0m
[38;5;159m[Genesis] [11:54:23] [INFO] Running at [38;5;121m75.26[0m[38;5;159m FPS ([38;5;121m75.26[0m[38;5;159m FPS per env, [38;5;121m1[0m[38;5;159m envs).[0m
[38;5;159m[Genesis] [11:54:23] [INFO] Running at [38;5;121m75.32[0m[38;5;159m FPS ([38;5;121m75.32[0m[38;5;159m FPS per env, [38;5;121m1[0m[38;5;159m envs).[0m
[38;5;159m[Genesis] [11:54:23] [INFO] Running at [38;5;121m75.41[0m[38;5;159m FPS ([38;5;121m75.41[0m[38;5;159m FPS per env, [38;5;121m1[0m[38;5;159m envs).[0m
[38;5;159m[Genesis] [11:54:23] [INFO] Running at [38;5;121m75.45[0m[38;5;159m FPS ([38;5;121m75.45[0m[38;5;159m FPS per env, [38;5;121m1[0m[38;5;159m envs).[0m
[38;5;159m[Genesis] [11:54:23] [INFO] Running at [38;5;121m75.57[0m[38;5;159m FPS ([38;5;121m75.57[0m[38;5;159m FPS per env, [38;5;121m1[0m[38;5;159m envs).[0m
[38;5;159m[Genesis] [11:54:23] [INFO] Running at [38;5;121m75.72[0m[38;5;159m FPS ([38;5;121m75.72[0m[38;5;159m FPS per env, [38;5;121m1[0m[38;5;159m envs).[0m
[38;5;159m[Genesis] [11:54:24] [INFO] Running at [38;5;121m75.86[0m[38;5;159m FPS ([38;5;121m75.86[0m[38;5;159m FPS per env, [38;5;121m1[0m[38;5;159m envs).[0m
[38;5;159m[Genesis] [11:54:24] [INFO] Running at [38;5;121m75.93[0m[38;5;159m FPS ([38;5;121m75.93[0m[38;5;159m FPS per env, [38;5;121m1[0m[38;5;159m envs).[0m
[38;5;159m[Genesis] [11:54:24] [INFO] Running at [38;5;121m75.88[0m[38;5;159m FPS ([38;5;121m75.88[0m[38;5;159m FPS per env, [38;5;121m1[0m[38;5;159m envs).[0m
[38;5;159m[Genesis] [11:54:24] [INFO] Running at [38;5;121m75.93[0m[38;5;159m FPS ([38;5;121m75.93[0m[38;5;159m FPS per env, [38;5;121m1[0m[38;5;159m envs).[0m
[38;5;159m[Genesis] [11:54:24] [INFO] Running at [38;5;121m75.98[0m[38;5;159m FPS ([38;5;121m75.98[0m[38;5;159m FPS per env, [38;5;121m1[0m[38;5;159m envs).[0m
[38;5;159m[Genesis] [11:54:24] [INFO] Running at [38;5;121m76.05[0m[38;5;159m FPS ([38;5;121m76.05[0m[38;5;159m FPS per env, [38;5;121m1[0m[38;5;159m envs).[0m
[38;5;159m[Genesis] [11:54:24] [INFO] Running at [38;5;121m76.10[0m[38;5;159m FPS ([38;5;121m76.10[0m[38;5;159m FPS per env, [38;5;121m1[0m[38;5;159m envs).[0m
[38;5;159m[Genesis] [11:54:24] [INFO] Running at [38;5;121m76.13[0m[38;5;159m FPS ([38;5;121m76.13[0m[38;5;159m FPS per env, [38;5;121m1[0m[38;5;159m envs).[0m
[38;5;159m[Genesis] [11:54:24] [INFO] Running at [38;5;121m76.12[0m[38;5;159m FPS ([38;5;121m76.12[0m[38;5;159m FPS per env, [38;5;121m1[0m[38;5;159m envs).[0m
[38;5;159m[Genesis] [11:54:24] [INFO] Running at [38;5;121m76.18[0m[38;5;159m FPS ([38;5;121m76.18[0m[38;5;159m FPS per env, [38;5;121m1[0m[38;5;159m envs).[0m
[38;5;159m[Genesis] [11:54:24] [INFO] Running at [38;5;121m76.24[0m[38;5;159m FPS ([38;5;121m76.24[0m[38;5;159m FPS per env, [38;5;121m1[0m[38;5;159m envs).[0m
[38;5;159m[Genesis] [11:54:24] [INFO] Running at [38;5;121m76.09[0m[38;5;159m FPS ([38;5;121m76.09[0m[38;5;159m FPS per env, [38;5;121m1[0m[38;5;159m envs).[0m
[38;5;159m[Genesis] [11:54:24] [INFO] Running at [38;5;121m75.57[0m[38;5;159m FPS ([38;5;121m75.57[0m[38;5;159m FPS per env, [38;5;121m1[0m[38;5;159m envs).[0m
[38;5;159m[Genesis] [11:54:24] [INFO] Running at [38;5;121m75.52[0m[38;5;159m FPS ([38;5;121m75.52[0m[38;5;159m FPS per env, [38;5;121m1[0m[38;5;159m envs).[0m
[38;5;159m[Genesis] [11:54:24] [INFO] Running at [38;5;121m75.55[0m[38;5;159m FPS ([38;5;121m75.55[0m[38;5;159m FPS per env, [38;5;121m1[0m[38;5;159m envs).[0m
[38;5;159m[Genesis] [11:54:24] [INFO] Running at [38;5;121m75.40[0m[38;5;159m FPS ([38;5;121m75.40[0m[38;5;159m FPS per env, [38;5;121m1[0m[38;5;159m envs).[0m
[38;5;159m[Genesis] [11:54:24] [INFO] Running at [38;5;121m75.49[0m[38;5;159m FPS ([38;5;121m75.49[0m[38;5;159m FPS per env, [38;5;121m1[0m[38;5;159m envs).[0m
[38;5;159m[Genesis] [11:54:24] [INFO] Running at [38;5;121m75.58[0m[38;5;159m FPS ([38;5;121m75.58[0m[38;5;159m FPS per env, [38;5;121m1[0m[38;5;159m envs).[0m
[38;5;159m[Genesis] [11:54:24] [INFO] Running at [38;5;121m75.64[0m[38;5;159m FPS ([38;5;121m75.64[0m[38;5;159m FPS per env, [38;5;121m1[0m[38;5;159m envs).[0m
[38;5;159m[Genesis] [11:54:25] [INFO] Running at [38;5;121m75.62[0m[38;5;159m FPS ([38;5;121m75.62[0m[38;5;159m FPS per env, [38;5;121m1[0m[38;5;159m envs).[0m
[38;5;159m[Genesis] [11:54:25] [INFO] Running at [38;5;121m75.69[0m[38;5;159m FPS ([38;5;121m75.69[0m[38;5;159m FPS per env, [38;5;121m1[0m[38;5;159m envs).[0m
[38;5;159m[Genesis] [11:54:25] [INFO] Running at [38;5;121m75.76[0m[38;5;159m FPS ([38;5;121m75.76[0m[38;5;159m FPS per env, [38;5;121m1[0m[38;5;159m envs).[0m
[38;5;159m[Genesis] [11:54:25] [INFO] Running at [38;5;121m75.85[0m[38;5;159m FPS ([38;5;121m75.85[0m[38;5;159m FPS per env, [38;5;121m1[0m[38;5;159m envs).[0m
[38;5;159m[Genesis] [11:54:25] [INFO] Running at [38;5;121m75.87[0m[38;5;159m FPS ([38;5;121m75.87[0m[38;5;159m FPS per env, [38;5;121m1[0m[38;5;159m envs).[0m
[38;5;159m[Genesis] [11:54:25] [INFO] Running at [38;5;121m75.91[0m[38;5;159m FPS ([38;5;121m75.91[0m[38;5;159m FPS per env, [38;5;121m1[0m[38;5;159m envs).[0m
[38;5;159m[Genesis] [11:54:25] [INFO] Running at [38;5;121m75.96[0m[38;5;159m FPS ([38;5;121m75.96[0m[38;5;159m FPS per env, [38;5;121m1[0m[38;5;159m envs).[0m
[38;5;159m[Genesis] [11:54:25] [INFO] Running at [38;5;121m76.04[0m[38;5;159m FPS ([38;5;121m76.04[0m[38;5;159m FPS per env, [38;5;121m1[0m[38;5;159m envs).[0m
[38;5;159m[Genesis] [11:54:25] [INFO] Running at [38;5;121m75.77[0m[38;5;159m FPS ([38;5;121m75.77[0m[38;5;159m FPS per env, [38;5;121m1[0m[38;5;159m envs).[0m
[38;5;159m[Genesis] [11:54:25] [INFO] Running at [38;5;121m75.32[0m[38;5;159m FPS ([38;5;121m75.32[0m[38;5;159m FPS per env, [38;5;121m1[0m[38;5;159m envs).[0m
[38;5;159m[Genesis] [11:54:25] [INFO] Running at [38;5;121m75.42[0m[38;5;159m FPS ([38;5;121m75.42[0m[38;5;159m FPS per env, [38;5;121m1[0m[38;5;159m envs).[0m
[38;5;159m[Genesis] [11:54:25] [INFO] Running at [38;5;121m75.51[0m[38;5;159m FPS ([38;5;121m75.51[0m[38;5;159m FPS per env, [38;5;121m1[0m[38;5;159m envs).[0m
[38;5;159m[Genesis] [11:54:25] [INFO] Running at [38;5;121m75.56[0m[38;5;159m FPS ([38;5;121m75.56[0m[38;5;159m FPS per env, [38;5;121m1[0m[38;5;159m envs).[0m
[38;5;159m[Genesis] [11:54:25] [INFO] Running at [38;5;121m75.58[0m[38;5;159m FPS ([38;5;121m75.58[0m[38;5;159m FPS per env, [38;5;121m1[0m[38;5;159m envs).[0m
[38;5;159m[Genesis] [11:54:25] [INFO] Running at [38;5;121m75.62[0m[38;5;159m FPS ([38;5;121m75.62[0m[38;5;159m FPS per env, [38;5;121m1[0m[38;5;159m envs).[0m
[38;5;159m[Genesis] [11:54:25] [INFO] Running at [38;5;121m75.36[0m[38;5;159m FPS ([38;5;121m75.36[0m[38;5;159m FPS per env, [38;5;121m1[0m[38;5;159m envs).[0m
[38;5;159m[Genesis] [11:54:25] [INFO] Running at [38;5;121m75.40[0m[38;5;159m FPS ([38;5;121m75.40[0m[38;5;159m FPS per env, [38;5;121m1[0m[38;5;159m envs).[0m
[38;5;159m[Genesis] [11:54:25] [INFO] Running at [38;5;121m75.23[0m[38;5;159m FPS ([38;5;121m75.23[0m[38;5;159m FPS per env, [38;5;121m1[0m[38;5;159m envs).[0m
[38;5;159m[Genesis] [11:54:26] [INFO] Running at [38;5;121m75.31[0m[38;5;159m FPS ([38;5;121m75.31[0m[38;5;159m FPS per env, [38;5;121m1[0m[38;5;159m envs).[0m
[38;5;159m[Genesis] [11:54:26] [INFO] Running at [38;5;121m75.38[0m[38;5;159m FPS ([38;5;121m75.38[0m[38;5;159m FPS per env, [38;5;121m1[0m[38;5;159m envs).[0m
[38;5;159m[Genesis] [11:54:26] [INFO] Running at [38;5;121m75.43[0m[38;5;159m FPS ([38;5;121m75.43[0m[38;5;159m FPS per env, [38;5;121m1[0m[38;5;159m envs).[0m
[38;5;159m[Genesis] [11:54:26] [INFO] Running at [38;5;121m75.44[0m[38;5;159m FPS ([38;5;121m75.44[0m[38;5;159m FPS per env, [38;5;121m1[0m[38;5;159m envs).[0m
[38;5;159m[Genesis] [11:54:26] [INFO] Running at [38;5;121m75.50[0m[38;5;159m FPS ([38;5;121m75.50[0m[38;5;159m FPS per env, [38;5;121m1[0m[38;5;159m envs).[0m
[38;5;159m[Genesis] [11:54:26] [INFO] Running at [38;5;121m75.56[0m[38;5;159m FPS ([38;5;121m75.56[0m[38;5;159m FPS per env, [38;5;121m1[0m[38;5;159m envs).[0m
[38;5;159m[Genesis] [11:54:26] [INFO] Running at [38;5;121m75.60[0m[38;5;159m FPS ([38;5;121m75.60[0m[38;5;159m FPS per env, [38;5;121m1[0m[38;5;159m envs).[0m
[38;5;159m[Genesis] [11:54:26] [INFO] Running at [38;5;121m75.63[0m[38;5;159m FPS ([38;5;121m75.63[0m[38;5;159m FPS per env, [38;5;121m1[0m[38;5;159m envs).[0m
[38;5;159m[Genesis] [11:54:26] [INFO] Running at [38;5;121m75.70[0m[38;5;159m FPS ([38;5;121m75.70[0m[38;5;159m FPS per env, [38;5;121m1[0m[38;5;159m envs).[0m
[38;5;159m[Genesis] [11:54:26] [INFO] Running at [38;5;121m75.75[0m[38;5;159m FPS ([38;5;121m75.75[0m[38;5;159m FPS per env, [38;5;121m1[0m[38;5;159m envs).[0m
[38;5;159m[Genesis] [11:54:26] [INFO] Running at [38;5;121m75.79[0m[38;5;159m FPS ([38;5;121m75.79[0m[38;5;159m FPS per env, [38;5;121m1[0m[38;5;159m envs).[0m
[38;5;159m[Genesis] [11:54:26] [INFO] Running at [38;5;121m75.89[0m[38;5;159m FPS ([38;5;121m75.89[0m[38;5;159m FPS per env, [38;5;121m1[0m[38;5;159m envs).[0m
[38;5;159m[Genesis] [11:54:26] [INFO] Running at [38;5;121m76.02[0m[38;5;159m FPS ([38;5;121m76.02[0m[38;5;159m FPS per env, [38;5;121m1[0m[38;5;159m envs).[0m
[38;5;159m[Genesis] [11:54:26] [INFO] Running at [38;5;121m76.16[0m[38;5;159m FPS ([38;5;121m76.16[0m[38;5;159m FPS per env, [38;5;121m1[0m[38;5;159m envs).[0m
[38;5;159m[Genesis] [11:54:26] [INFO] Running at [38;5;121m76.13[0m[38;5;159m FPS ([38;5;121m76.13[0m[38;5;159m FPS per env, [38;5;121m1[0m[38;5;159m envs).[0m
[38;5;159m[Genesis] [11:54:26] [INFO] Running at [38;5;121m76.03[0m[38;5;159m FPS ([38;5;121m76.03[0m[38;5;159m FPS per env, [38;5;121m1[0m[38;5;159m envs).[0m
[38;5;159m[Genesis] [11:54:26] [INFO] Running at [38;5;121m76.02[0m[38;5;159m FPS ([38;5;121m76.02[0m[38;5;159m FPS per env, [38;5;121m1[0m[38;5;159m envs).[0m
[38;5;159m[Genesis] [11:54:26] [INFO] Running at [38;5;121m76.04[0m[38;5;159m FPS ([38;5;121m76.04[0m[38;5;159m FPS per env, [38;5;121m1[0m[38;5;159m envs).[0m
[38;5;159m[Genesis] [11:54:26] [INFO] Running at [38;5;121m76.08[0m[38;5;159m FPS ([38;5;121m76.08[0m[38;5;159m FPS per env, [38;5;121m1[0m[38;5;159m envs).[0m
[38;5;159m[Genesis] [11:54:26] [INFO] Running at [38;5;121m76.10[0m[38;5;159m FPS ([38;5;121m76.10[0m[38;5;159m FPS per env, [38;5;121m1[0m[38;5;159m envs).[0m
[38;5;159m[Genesis] [11:54:27] [INFO] Running at [38;5;121m75.93[0m[38;5;159m FPS ([38;5;121m75.93[0m[38;5;159m FPS per env, [38;5;121m1[0m[38;5;159m envs).[0m
[38;5;159m[Genesis] [11:54:27] [INFO] Running at [38;5;121m75.97[0m[38;5;159m FPS ([38;5;121m75.97[0m[38;5;159m FPS per env, [38;5;121m1[0m[38;5;159m envs).[0m
[38;5;159m[Genesis] [11:54:27] [INFO] Running at [38;5;121m75.99[0m[38;5;159m FPS ([38;5;121m75.99[0m[38;5;159m FPS per env, [38;5;121m1[0m[38;5;159m envs).[0m
[38;5;159m[Genesis] [11:54:27] [INFO] Running at [38;5;121m76.03[0m[38;5;159m FPS ([38;5;121m76.03[0m[38;5;159m FPS per env, [38;5;121m1[0m[38;5;159m envs).[0m
[38;5;159m[Genesis] [11:54:27] [INFO] Running at [38;5;121m76.07[0m[38;5;159m FPS ([38;5;121m76.07[0m[38;5;159m FPS per env, [38;5;121m1[0m[38;5;159m envs).[0m
[38;5;159m[Genesis] [11:54:27] [INFO] Running at [38;5;121m76.08[0m[38;5;159m FPS ([38;5;121m76.08[0m[38;5;159m FPS per env, [38;5;121m1[0m[38;5;159m envs).[0m
[38;5;159m[Genesis] [11:54:27] [INFO] Running at [38;5;121m76.14[0m[38;5;159m FPS ([38;5;121m76.14[0m[38;5;159m FPS per env, [38;5;121m1[0m[38;5;159m envs).[0m
[38;5;159m[Genesis] [11:54:27] [INFO] Running at [38;5;121m75.98[0m[38;5;159m FPS ([38;5;121m75.98[0m[38;5;159m FPS per env, [38;5;121m1[0m[38;5;159m envs).[0m
[38;5;159m[Genesis] [11:54:27] [INFO] Running at [38;5;121m76.02[0m[38;5;159m FPS ([38;5;121m76.02[0m[38;5;159m FPS per env, [38;5;121m1[0m[38;5;159m envs).[0m
[38;5;159m[Genesis] [11:54:27] [INFO] Running at [38;5;121m76.08[0m[38;5;159m FPS ([38;5;121m76.08[0m[38;5;159m FPS per env, [38;5;121m1[0m[38;5;159m envs).[0m
[38;5;159m[Genesis] [11:54:27] [INFO] Running at [38;5;121m76.08[0m[38;5;159m FPS ([38;5;121m76.08[0m[38;5;159m FPS per env, [38;5;121m1[0m[38;5;159m envs).[0m
[38;5;159m[Genesis] [11:54:27] [INFO] Running at [38;5;121m76.10[0m[38;5;159m FPS ([38;5;121m76.10[0m[38;5;159m FPS per env, [38;5;121m1[0m[38;5;159m envs).[0m
[38;5;159m[Genesis] [11:54:27] [INFO] Running at [38;5;121m75.99[0m[38;5;159m FPS ([38;5;121m75.99[0m[38;5;159m FPS per env, [38;5;121m1[0m[38;5;159m envs).[0m
[38;5;159m[Genesis] [11:54:27] [INFO] Running at [38;5;121m75.41[0m[38;5;159m FPS ([38;5;121m75.41[0m[38;5;159m FPS per env, [38;5;121m1[0m[38;5;159m envs).[0m
[38;5;159m[Genesis] [11:54:27] [INFO] Running at [38;5;121m75.42[0m[38;5;159m FPS ([38;5;121m75.42[0m[38;5;159m FPS per env, [38;5;121m1[0m[38;5;159m envs).[0m
[38;5;159m[Genesis] [11:54:27] [INFO] Running at [38;5;121m75.49[0m[38;5;159m FPS ([38;5;121m75.49[0m[38;5;159m FPS per env, [38;5;121m1[0m[38;5;159m envs).[0m
[38;5;159m[Genesis] [11:54:27] [INFO] Running at [38;5;121m75.53[0m[38;5;159m FPS ([38;5;121m75.53[0m[38;5;159m FPS per env, [38;5;121m1[0m[38;5;159m envs).[0m
[38;5;159m[Genesis] [11:54:27] [INFO] Running at [38;5;121m75.59[0m[38;5;159m FPS ([38;5;121m75.59[0m[38;5;159m FPS per env, [38;5;121m1[0m[38;5;159m envs).[0m
[38;5;159m[Genesis] [11:54:28] [INFO] Running at [38;5;121m75.67[0m[38;5;159m FPS ([38;5;121m75.67[0m[38;5;159m FPS per env, [38;5;121m1[0m[38;5;159m envs).[0m
[38;5;159m[Genesis] [11:54:28] [INFO] Running at [38;5;121m75.71[0m[38;5;159m FPS ([38;5;121m75.71[0m[38;5;159m FPS per env, [38;5;121m1[0m[38;5;159m envs).[0m
[38;5;159m[Genesis] [11:54:28] [INFO] Running at [38;5;121m75.73[0m[38;5;159m FPS ([38;5;121m75.73[0m[38;5;159m FPS per env, [38;5;121m1[0m[38;5;159m envs).[0m
[38;5;159m[Genesis] [11:54:28] [INFO] Running at [38;5;121m75.77[0m[38;5;159m FPS ([38;5;121m75.77[0m[38;5;159m FPS per env, [38;5;121m1[0m[38;5;159m envs).[0m
[38;5;159m[Genesis] [11:54:28] [INFO] Running at [38;5;121m75.64[0m[38;5;159m FPS ([38;5;121m75.64[0m[38;5;159m FPS per env, [38;5;121m1[0m[38;5;159m envs).[0m
[38;5;159m[Genesis] [11:54:28] [INFO] Running at [38;5;121m75.72[0m[38;5;159m FPS ([38;5;121m75.72[0m[38;5;159m FPS per env, [38;5;121m1[0m[38;5;159m envs).[0m
[38;5;159m[Genesis] [11:54:28] [INFO] Running at [38;5;121m75.76[0m[38;5;159m FPS ([38;5;121m75.76[0m[38;5;159m FPS per env, [38;5;121m1[0m[38;5;159m envs).[0m
[38;5;159m[Genesis] [11:54:28] [INFO] Running at [38;5;121m75.81[0m[38;5;159m FPS ([38;5;121m75.81[0m[38;5;159m FPS per env, [38;5;121m1[0m[38;5;159m envs).[0m
[38;5;159m[Genesis] [11:54:28] [INFO] Running at [38;5;121m75.74[0m[38;5;159m FPS ([38;5;121m75.74[0m[38;5;159m FPS per env, [38;5;121m1[0m[38;5;159m envs).[0m
[38;5;159m[Genesis] [11:54:28] [INFO] Running at [38;5;121m75.77[0m[38;5;159m FPS ([38;5;121m75.77[0m[38;5;159m FPS per env, [38;5;121m1[0m[38;5;159m envs).[0m
[38;5;159m[Genesis] [11:54:28] [INFO] Running at [38;5;121m75.70[0m[38;5;159m FPS ([38;5;121m75.70[0m[38;5;159m FPS per env, [38;5;121m1[0m[38;5;159m envs).[0m
[38;5;159m[Genesis] [11:54:28] [INFO] Running at [38;5;121m75.37[0m[38;5;159m FPS ([38;5;121m75.37[0m[38;5;159m FPS per env, [38;5;121m1[0m[38;5;159m envs).[0m
[38;5;159m[Genesis] [11:54:28] [INFO] Running at [38;5;121m74.95[0m[38;5;159m FPS ([38;5;121m74.95[0m[38;5;159m FPS per env, [38;5;121m1[0m[38;5;159m envs).[0m
[38;5;159m[Genesis] [11:54:28] [INFO] Running at [38;5;121m75.04[0m[38;5;159m FPS ([38;5;121m75.04[0m[38;5;159m FPS per env, [38;5;121m1[0m[38;5;159m envs).[0m
[38;5;159m[Genesis] [11:54:28] [INFO] Running at [38;5;121m75.10[0m[38;5;159m FPS ([38;5;121m75.10[0m[38;5;159m FPS per env, [38;5;121m1[0m[38;5;159m envs).[0m
[38;5;159m[Genesis] [11:54:28] [INFO] Running at [38;5;121m75.16[0m[38;5;159m FPS ([38;5;121m75.16[0m[38;5;159m FPS per env, [38;5;121m1[0m[38;5;159m envs).[0m
[38;5;159m[Genesis] [11:54:28] [INFO] Running at [38;5;121m75.25[0m[38;5;159m FPS ([38;5;121m75.25[0m[38;5;159m FPS per env, [38;5;121m1[0m[38;5;159m envs).[0m
[38;5;159m[Genesis] [11:54:28] [INFO] Running at [38;5;121m75.34[0m[38;5;159m FPS ([38;5;121m75.34[0m[38;5;159m FPS per env, [38;5;121m1[0m[38;5;159m envs).[0m
[38;5;159m[Genesis] [11:54:28] [INFO] Running at [38;5;121m75.41[0m[38;5;159m FPS ([38;5;121m75.41[0m[38;5;159m FPS per env, [38;5;121m1[0m[38;5;159m envs).[0m
[38;5;159m[Genesis] [11:54:29] [INFO] Running at [38;5;121m75.45[0m[38;5;159m FPS ([38;5;121m75.45[0m[38;5;159m FPS per env, [38;5;121m1[0m[38;5;159m envs).[0m
[38;5;159m[Genesis] [11:54:29] [INFO] Running at [38;5;121m75.48[0m[38;5;159m FPS ([38;5;121m75.48[0m[38;5;159m FPS per env, [38;5;121m1[0m[38;5;159m envs).[0m
[38;5;159m[Genesis] [11:54:29] [INFO] Running at [38;5;121m75.54[0m[38;5;159m FPS ([38;5;121m75.54[0m[38;5;159m FPS per env, [38;5;121m1[0m[38;5;159m envs).[0m
[38;5;159m[Genesis] [11:54:29] [INFO] Running at [38;5;121m75.61[0m[38;5;159m FPS ([38;5;121m75.61[0m[38;5;159m FPS per env, [38;5;121m1[0m[38;5;159m envs).[0m
[38;5;159m[Genesis] [11:54:29] [INFO] Running at [38;5;121m75.69[0m[38;5;159m FPS ([38;5;121m75.69[0m[38;5;159m FPS per env, [38;5;121m1[0m[38;5;159m envs).[0m
[38;5;159m[Genesis] [11:54:29] [INFO] Running at [38;5;121m75.78[0m[38;5;159m FPS ([38;5;121m75.78[0m[38;5;159m FPS per env, [38;5;121m1[0m[38;5;159m envs).[0m
[38;5;159m[Genesis] [11:54:29] [INFO] Running at [38;5;121m75.74[0m[38;5;159m FPS ([38;5;121m75.74[0m[38;5;159m FPS per env, [38;5;121m1[0m[38;5;159m envs).[0m
[38;5;159m[Genesis] [11:54:29] [INFO] Running at [38;5;121m75.63[0m[38;5;159m FPS ([38;5;121m75.63[0m[38;5;159m FPS per env, [38;5;121m1[0m[38;5;159m envs).[0m
[38;5;159m[Genesis] [11:54:29] [INFO] Running at [38;5;121m75.65[0m[38;5;159m FPS ([38;5;121m75.65[0m[38;5;159m FPS per env, [38;5;121m1[0m[38;5;159m envs).[0m
[38;5;159m[Genesis] [11:54:29] [INFO] Running at [38;5;121m75.65[0m[38;5;159m FPS ([38;5;121m75.65[0m[38;5;159m FPS per env, [38;5;121m1[0m[38;5;159m envs).[0m
[38;5;159m[Genesis] [11:54:29] [INFO] Running at [38;5;121m75.68[0m[38;5;159m FPS ([38;5;121m75.68[0m[38;5;159m FPS per env, [38;5;121m1[0m[38;5;159m envs).[0m
[38;5;159m[Genesis] [11:54:29] [INFO] Running at [38;5;121m75.67[0m[38;5;159m FPS ([38;5;121m75.67[0m[38;5;159m FPS per env, [38;5;121m1[0m[38;5;159m envs).[0m
[38;5;159m[Genesis] [11:54:29] [INFO] Running at [38;5;121m75.70[0m[38;5;159m FPS ([38;5;121m75.70[0m[38;5;159m FPS per env, [38;5;121m1[0m[38;5;159m envs).[0m
[38;5;159m[Genesis] [11:54:29] [INFO] Running at [38;5;121m75.76[0m[38;5;159m FPS ([38;5;121m75.76[0m[38;5;159m FPS per env, [38;5;121m1[0m[38;5;159m envs).[0m
[38;5;159m[Genesis] [11:54:29] [INFO] Running at [38;5;121m75.81[0m[38;5;159m FPS ([38;5;121m75.81[0m[38;5;159m FPS per env, [38;5;121m1[0m[38;5;159m envs).[0m
[38;5;159m[Genesis] [11:54:29] [INFO] Running at [38;5;121m75.79[0m[38;5;159m FPS ([38;5;121m75.79[0m[38;5;159m FPS per env, [38;5;121m1[0m[38;5;159m envs).[0m
[38;5;159m[Genesis] [11:54:29] [INFO] Running at [38;5;121m75.83[0m[38;5;159m FPS ([38;5;121m75.83[0m[38;5;159m FPS per env, [38;5;121m1[0m[38;5;159m envs).[0m
[38;5;159m[Genesis] [11:54:29] [INFO] Running at [38;5;121m75.89[0m[38;5;159m FPS ([38;5;121m75.89[0m[38;5;159m FPS per env, [38;5;121m1[0m[38;5;159m envs).[0m
[38;5;159m[Genesis] [11:54:29] [INFO] Running at [38;5;121m75.97[0m[38;5;159m FPS ([38;5;121m75.97[0m[38;5;159m FPS per env, [38;5;121m1[0m[38;5;159m envs).[0m
[38;5;159m[Genesis] [11:54:30] [INFO] Running at [38;5;121m76.01[0m[38;5;159m FPS ([38;5;121m76.01[0m[38;5;159m FPS per env, [38;5;121m1[0m[38;5;159m envs).[0m
[38;5;159m[Genesis] [11:54:30] [INFO] Running at [38;5;121m76.04[0m[38;5;159m FPS ([38;5;121m76.04[0m[38;5;159m FPS per env, [38;5;121m1[0m[38;5;159m envs).[0m
[38;5;159m[Genesis] [11:54:30] [INFO] Running at [38;5;121m76.03[0m[38;5;159m FPS ([38;5;121m76.03[0m[38;5;159m FPS per env, [38;5;121m1[0m[38;5;159m envs).[0m
[38;5;159m[Genesis] [11:54:30] [INFO] Running at [38;5;121m76.07[0m[38;5;159m FPS ([38;5;121m76.07[0m[38;5;159m FPS per env, [38;5;121m1[0m[38;5;159m envs).[0m
[38;5;159m[Genesis] [11:54:30] [INFO] Running at [38;5;121m76.12[0m[38;5;159m FPS ([38;5;121m76.12[0m[38;5;159m FPS per env, [38;5;121m1[0m[38;5;159m envs).[0m
[38;5;159m[Genesis] [11:54:30] [INFO] Running at [38;5;121m76.11[0m[38;5;159m FPS ([38;5;121m76.11[0m[38;5;159m FPS per env, [38;5;121m1[0m[38;5;159m envs).[0m
[38;5;159m[Genesis] [11:54:30] [INFO] Running at [38;5;121m76.12[0m[38;5;159m FPS ([38;5;121m76.12[0m[38;5;159m FPS per env, [38;5;121m1[0m[38;5;159m envs).[0m
[38;5;159m[Genesis] [11:54:30] [INFO] Running at [38;5;121m76.17[0m[38;5;159m FPS ([38;5;121m76.17[0m[38;5;159m FPS per env, [38;5;121m1[0m[38;5;159m envs).[0m
[38;5;159m[Genesis] [11:54:30] [INFO] Running at [38;5;121m76.03[0m[38;5;159m FPS ([38;5;121m76.03[0m[38;5;159m FPS per env, [38;5;121m1[0m[38;5;159m envs).[0m
[38;5;159m[Genesis] [11:54:30] [INFO] Running at [38;5;121m76.06[0m[38;5;159m FPS ([38;5;121m76.06[0m[38;5;159m FPS per env, [38;5;121m1[0m[38;5;159m envs).[0m
[38;5;159m[Genesis] [11:54:30] [INFO] Running at [38;5;121m76.08[0m[38;5;159m FPS ([38;5;121m76.08[0m[38;5;159m FPS per env, [38;5;121m1[0m[38;5;159m envs).[0m
[38;5;159m[Genesis] [11:54:30] [INFO] Running at [38;5;121m76.11[0m[38;5;159m FPS ([38;5;121m76.11[0m[38;5;159m FPS per env, [38;5;121m1[0m[38;5;159m envs).[0m
[38;5;159m[Genesis] [11:54:30] [INFO] Running at [38;5;121m76.04[0m[38;5;159m FPS ([38;5;121m76.04[0m[38;5;159m FPS per env, [38;5;121m1[0m[38;5;159m envs).[0m
[38;5;159m[Genesis] [11:54:30] [INFO] Running at [38;5;121m75.46[0m[38;5;159m FPS ([38;5;121m75.46[0m[38;5;159m FPS per env, [38;5;121m1[0m[38;5;159m envs).[0m
[38;5;159m[Genesis] [11:54:30] [INFO] Running at [38;5;121m75.39[0m[38;5;159m FPS ([38;5;121m75.39[0m[38;5;159m FPS per env, [38;5;121m1[0m[38;5;159m envs).[0m
[38;5;159m[Genesis] [11:54:30] [INFO] Running at [38;5;121m75.44[0m[38;5;159m FPS ([38;5;121m75.44[0m[38;5;159m FPS per env, [38;5;121m1[0m[38;5;159m envs).[0m
[38;5;159m[Genesis] [11:54:30] [INFO] Running at [38;5;121m75.53[0m[38;5;159m FPS ([38;5;121m75.53[0m[38;5;159m FPS per env, [38;5;121m1[0m[38;5;159m envs).[0m
[38;5;159m[Genesis] [11:54:30] [INFO] Running at [38;5;121m75.59[0m[38;5;159m FPS ([38;5;121m75.59[0m[38;5;159m FPS per env, [38;5;121m1[0m[38;5;159m envs).[0m
[38;5;159m[Genesis] [11:54:30] [INFO] Running at [38;5;121m75.66[0m[38;5;159m FPS ([38;5;121m75.66[0m[38;5;159m FPS per env, [38;5;121m1[0m[38;5;159m envs).[0m
[38;5;159m[Genesis] [11:54:31] [INFO] Running at [38;5;121m75.69[0m[38;5;159m FPS ([38;5;121m75.69[0m[38;5;159m FPS per env, [38;5;121m1[0m[38;5;159m envs).[0m
[38;5;159m[Genesis] [11:54:31] [INFO] Running at [38;5;121m75.78[0m[38;5;159m FPS ([38;5;121m75.78[0m[38;5;159m FPS per env, [38;5;121m1[0m[38;5;159m envs).[0m
[38;5;159m[Genesis] [11:54:31] [INFO] Running at [38;5;121m75.83[0m[38;5;159m FPS ([38;5;121m75.83[0m[38;5;159m FPS per env, [38;5;121m1[0m[38;5;159m envs).[0m
[38;5;159m[Genesis] [11:54:31] [INFO] Running at [38;5;121m75.81[0m[38;5;159m FPS ([38;5;121m75.81[0m[38;5;159m FPS per env, [38;5;121m1[0m[38;5;159m envs).[0m
[38;5;159m[Genesis] [11:54:31] [INFO] Running at [38;5;121m75.85[0m[38;5;159m FPS ([38;5;121m75.85[0m[38;5;159m FPS per env, [38;5;121m1[0m[38;5;159m envs).[0m
fps 50
[38;5;159m[Genesis] [11:54:31] [INFO] Saving video to [38;5;121m"test_3200_behind.mp4"[0m[38;5;159m...[0m
[38;5;159m[Genesis] [11:54:33] [INFO] Video saved.[0m
[38;5;159m[Genesis] [11:54:33] [INFO] Saving video to [38;5;121m"test_3200_side.mp4"[0m[38;5;159m...[0m
[38;5;159m[Genesis] [11:54:35] [INFO] Video saved.[0m
Saved recordings for checkpoint 3200.
[38;5;159m[Genesis] [11:54:35] [INFO] 💤 Exiting Genesis and caching compiled kernels...[0m
