[38;5;159m[Genesis] [11:46:34] [INFO] [38;5;121m╭───────────────────────────────────────────────╮[0m[38;5;159m[0m
[38;5;159m[Genesis] [11:46:34] [INFO] [38;5;121m│┈┉┈┉┈┉┈┉┈┉┈┉┈┉┈┉┈┉┈[0m[38;5;159m [38;5;121m[1m[3mGenesis[0m[38;5;159m [38;5;121m┈┉┈┉┈┉┈┉┈┉┈┉┈┉┈┉┈┉┈│[0m[38;5;159m[0m
[38;5;159m[Genesis] [11:46:34] [INFO] [38;5;121m╰───────────────────────────────────────────────╯[0m[38;5;159m[0m
[38;5;159m[Genesis] [11:46:34] [INFO] Running on [38;5;121m[4m[NVIDIA GeForce RTX 5090][0m[38;5;159m with backend [38;5;121m[4mgs.cuda[0m[38;5;159m. Device memory: [38;5;121m[4m31.36[0m[38;5;159m GB.[0m
[38;5;159m[Genesis] [11:46:34] [INFO] 🚀 Genesis initialized. 🔖 version: [38;5;121m[4m0.4.7[0m[38;5;159m, 🎨 theme: [38;5;121m[4mdark[0m[38;5;159m, 🌱 seed: [38;5;121m[4mNone[0m[38;5;159m, 🐛 debug: [38;5;121m[4mFalse[0m[38;5;159m, 📏 precision: [38;5;121m[4m32[0m[38;5;159m, 🔥 performance: [38;5;121m[4mFalse[0m[38;5;159m, 💬 verbose: [38;5;121m[4mINFO[0m[38;5;159m[0m
[38;5;226m[Genesis] [11:46:37] [WARNING] Viewer option 'n_rendered_envs' is deprecated and will be removed in a future release. Please use 'rendered_envs_idx' instead.[0m
[38;5;159m[Genesis] [11:46:37] [INFO] Scene [38;5;121m[3m<5b685a5>[0m[38;5;159m created.[0m
[38;5;159m[Genesis] [11:46:37] [INFO] Adding [38;5;121m<gs.engine.entities.RigidEntity>[0m[38;5;159m. idx: [38;5;121m0[0m[38;5;159m, uid: [38;5;121m[3m<bc095c7>[0m[38;5;159m, morph: [38;5;121m<gs.morphs.Plane>[0m[38;5;159m, material: [38;5;121m<gs.materials.Rigid>[0m[38;5;159m.[0m
[38;5;159m[Genesis] [11:46:37] [INFO] Adding [38;5;121m<gs.engine.entities.RigidEntity>[0m[38;5;159m. idx: [38;5;121m1[0m[38;5;159m, uid: [38;5;121m[3m<01c0b7b>[0m[38;5;159m, morph: [38;5;121m<gs.morphs.URDF(file='/home/jfriesen/.local/lib/python3.12/site-packages/genesis/assets/urdf/go2/urdf/go2.urdf')>[0m[38;5;159m, material: [38;5;121m<gs.materials.Rigid>[0m[38;5;159m.[0m
[38;5;159m[Genesis] [11:46:40] [INFO] Building scene [38;5;121m[3m<5b685a5>[0m[38;5;159m...[0m
[38;5;226m[Genesis] [11:46:41] [WARNING] Neutral robot position (qpos0) exceeds joint limits.[0m
[38;5;159m[Genesis] [11:46:42] [INFO] Compiling simulation kernels...[0m
[38;5;159m[Genesis] [11:46:44] [INFO] Building visualizer...[0m
[38;5;226m[Genesis] [11:46:44] [WARNING] This property is deprecated and will be removed in future release. Please use 'dofs_idx_local' instead.[0m
[38;5;226m[Genesis] [11:46:44] [WARNING] This property is deprecated and will be removed in future release. Please use 'dofs_idx_local' instead.[0m
[38;5;226m[Genesis] [11:46:44] [WARNING] This property is deprecated and will be removed in future release. Please use 'dofs_idx_local' instead.[0m
[38;5;226m[Genesis] [11:46:44] [WARNING] This property is deprecated and will be removed in future release. Please use 'dofs_idx_local' instead.[0m
[38;5;226m[Genesis] [11:46:44] [WARNING] This property is deprecated and will be removed in future release. Please use 'dofs_idx_local' instead.[0m
[38;5;226m[Genesis] [11:46:44] [WARNING] This property is deprecated and will be removed in future release. Please use 'dofs_idx_local' instead.[0m
[38;5;226m[Genesis] [11:46:44] [WARNING] This property is deprecated and will be removed in future release. Please use 'dofs_idx_local' instead.[0m
[38;5;226m[Genesis] [11:46:44] [WARNING] This property is deprecated and will be removed in future release. Please use 'dofs_idx_local' instead.[0m
[38;5;226m[Genesis] [11:46:44] [WARNING] This property is deprecated and will be removed in future release. Please use 'dofs_idx_local' instead.[0m
[38;5;226m[Genesis] [11:46:44] [WARNING] This property is deprecated and will be removed in future release. Please use 'dofs_idx_local' instead.[0m
[38;5;226m[Genesis] [11:46:44] [WARNING] This property is deprecated and will be removed in future release. Please use 'dofs_idx_local' instead.[0m
[38;5;226m[Genesis] [11:46:44] [WARNING] This property is deprecated and will be removed in future release. Please use 'dofs_idx_local' instead.[0m
/home/jfriesen/.local/lib/python3.12/site-packages/torch/utils/_device.py:122: UserWarning: To copy construct from a tensor, it is recommended to use sourceTensor.detach().clone() or sourceTensor.detach().clone().requires_grad_(True), rather than torch.tensor(sourceTensor).
  return func(*args, **kwargs)
Actor MLP: Sequential(
  (0): Linear(in_features=51, out_features=512, bias=True)
  (1): ELU(alpha=1.0)
  (2): Linear(in_features=512, out_features=256, bias=True)
  (3): ELU(alpha=1.0)
  (4): Linear(in_features=256, out_features=128, bias=True)
  (5): ELU(alpha=1.0)
  (6): Linear(in_features=128, out_features=12, bias=True)
)
Critic MLP: Sequential(
  (0): Linear(in_features=75, out_features=512, bias=True)
  (1): ELU(alpha=1.0)
  (2): Linear(in_features=512, out_features=256, bias=True)
  (3): ELU(alpha=1.0)
  (4): Linear(in_features=256, out_features=128, bias=True)
  (5): ELU(alpha=1.0)
  (6): Linear(in_features=128, out_features=1, bias=True)
)
[38;5;159m[Genesis] [11:46:46] [INFO] Running at [38;5;121m1.60[0m[38;5;159m FPS ([38;5;121m1.60[0m[38;5;159m FPS per env, [38;5;121m1[0m[38;5;159m envs).[0m
[38;5;159m[Genesis] [11:46:47] [INFO] Running at [38;5;121m10.24[0m[38;5;159m FPS ([38;5;121m10.24[0m[38;5;159m FPS per env, [38;5;121m1[0m[38;5;159m envs).[0m
[38;5;159m[Genesis] [11:46:47] [INFO] Running at [38;5;121m68.81[0m[38;5;159m FPS ([38;5;121m68.81[0m[38;5;159m FPS per env, [38;5;121m1[0m[38;5;159m envs).[0m
[38;5;159m[Genesis] [11:46:47] [INFO] Running at [38;5;121m68.52[0m[38;5;159m FPS ([38;5;121m68.52[0m[38;5;159m FPS per env, [38;5;121m1[0m[38;5;159m envs).[0m
[38;5;159m[Genesis] [11:46:47] [INFO] Running at [38;5;121m68.86[0m[38;5;159m FPS ([38;5;121m68.86[0m[38;5;159m FPS per env, [38;5;121m1[0m[38;5;159m envs).[0m
[38;5;159m[Genesis] [11:46:47] [INFO] Running at [38;5;121m69.18[0m[38;5;159m FPS ([38;5;121m69.18[0m[38;5;159m FPS per env, [38;5;121m1[0m[38;5;159m envs).[0m
[38;5;159m[Genesis] [11:46:47] [INFO] Running at [38;5;121m69.49[0m[38;5;159m FPS ([38;5;121m69.49[0m[38;5;159m FPS per env, [38;5;121m1[0m[38;5;159m envs).[0m
[38;5;159m[Genesis] [11:46:47] [INFO] Running at [38;5;121m69.82[0m[38;5;159m FPS ([38;5;121m69.82[0m[38;5;159m FPS per env, [38;5;121m1[0m[38;5;159m envs).[0m
[38;5;159m[Genesis] [11:46:47] [INFO] Running at [38;5;121m70.23[0m[38;5;159m FPS ([38;5;121m70.23[0m[38;5;159m FPS per env, [38;5;121m1[0m[38;5;159m envs).[0m
[38;5;159m[Genesis] [11:46:47] [INFO] Running at [38;5;121m70.59[0m[38;5;159m FPS ([38;5;121m70.59[0m[38;5;159m FPS per env, [38;5;121m1[0m[38;5;159m envs).[0m
[38;5;159m[Genesis] [11:46:47] [INFO] Running at [38;5;121m70.94[0m[38;5;159m FPS ([38;5;121m70.94[0m[38;5;159m FPS per env, [38;5;121m1[0m[38;5;159m envs).[0m
[38;5;159m[Genesis] [11:46:47] [INFO] Running at [38;5;121m71.06[0m[38;5;159m FPS ([38;5;121m71.06[0m[38;5;159m FPS per env, [38;5;121m1[0m[38;5;159m envs).[0m
[38;5;159m[Genesis] [11:46:47] [INFO] Running at [38;5;121m70.70[0m[38;5;159m FPS ([38;5;121m70.70[0m[38;5;159m FPS per env, [38;5;121m1[0m[38;5;159m envs).[0m
[38;5;159m[Genesis] [11:46:47] [INFO] Running at [38;5;121m70.34[0m[38;5;159m FPS ([38;5;121m70.34[0m[38;5;159m FPS per env, [38;5;121m1[0m[38;5;159m envs).[0m
[38;5;159m[Genesis] [11:46:47] [INFO] Running at [38;5;121m70.46[0m[38;5;159m FPS ([38;5;121m70.46[0m[38;5;159m FPS per env, [38;5;121m1[0m[38;5;159m envs).[0m
[38;5;159m[Genesis] [11:46:47] [INFO] Running at [38;5;121m70.76[0m[38;5;159m FPS ([38;5;121m70.76[0m[38;5;159m FPS per env, [38;5;121m1[0m[38;5;159m envs).[0m
[38;5;159m[Genesis] [11:46:47] [INFO] Running at [38;5;121m70.94[0m[38;5;159m FPS ([38;5;121m70.94[0m[38;5;159m FPS per env, [38;5;121m1[0m[38;5;159m envs).[0m
[38;5;159m[Genesis] [11:46:47] [INFO] Running at [38;5;121m70.57[0m[38;5;159m FPS ([38;5;121m70.57[0m[38;5;159m FPS per env, [38;5;121m1[0m[38;5;159m envs).[0m
[38;5;159m[Genesis] [11:46:48] [INFO] Running at [38;5;121m70.23[0m[38;5;159m FPS ([38;5;121m70.23[0m[38;5;159m FPS per env, [38;5;121m1[0m[38;5;159m envs).[0m
[38;5;159m[Genesis] [11:46:48] [INFO] Running at [38;5;121m70.31[0m[38;5;159m FPS ([38;5;121m70.31[0m[38;5;159m FPS per env, [38;5;121m1[0m[38;5;159m envs).[0m
[38;5;159m[Genesis] [11:46:48] [INFO] Running at [38;5;121m70.58[0m[38;5;159m FPS ([38;5;121m70.58[0m[38;5;159m FPS per env, [38;5;121m1[0m[38;5;159m envs).[0m
[38;5;159m[Genesis] [11:46:48] [INFO] Running at [38;5;121m70.89[0m[38;5;159m FPS ([38;5;121m70.89[0m[38;5;159m FPS per env, [38;5;121m1[0m[38;5;159m envs).[0m
[38;5;159m[Genesis] [11:46:48] [INFO] Running at [38;5;121m71.11[0m[38;5;159m FPS ([38;5;121m71.11[0m[38;5;159m FPS per env, [38;5;121m1[0m[38;5;159m envs).[0m
[38;5;159m[Genesis] [11:46:48] [INFO] Running at [38;5;121m70.95[0m[38;5;159m FPS ([38;5;121m70.95[0m[38;5;159m FPS per env, [38;5;121m1[0m[38;5;159m envs).[0m
[38;5;159m[Genesis] [11:46:48] [INFO] Running at [38;5;121m70.67[0m[38;5;159m FPS ([38;5;121m70.67[0m[38;5;159m FPS per env, [38;5;121m1[0m[38;5;159m envs).[0m
[38;5;159m[Genesis] [11:46:48] [INFO] Running at [38;5;121m70.32[0m[38;5;159m FPS ([38;5;121m70.32[0m[38;5;159m FPS per env, [38;5;121m1[0m[38;5;159m envs).[0m
[38;5;159m[Genesis] [11:46:48] [INFO] Running at [38;5;121m52.94[0m[38;5;159m FPS ([38;5;121m52.94[0m[38;5;159m FPS per env, [38;5;121m1[0m[38;5;159m envs).[0m
[38;5;159m[Genesis] [11:46:48] [INFO] Running at [38;5;121m70.46[0m[38;5;159m FPS ([38;5;121m70.46[0m[38;5;159m FPS per env, [38;5;121m1[0m[38;5;159m envs).[0m
[38;5;159m[Genesis] [11:46:48] [INFO] Running at [38;5;121m70.51[0m[38;5;159m FPS ([38;5;121m70.51[0m[38;5;159m FPS per env, [38;5;121m1[0m[38;5;159m envs).[0m
[38;5;159m[Genesis] [11:46:48] [INFO] Running at [38;5;121m70.58[0m[38;5;159m FPS ([38;5;121m70.58[0m[38;5;159m FPS per env, [38;5;121m1[0m[38;5;159m envs).[0m
[38;5;159m[Genesis] [11:46:48] [INFO] Running at [38;5;121m70.95[0m[38;5;159m FPS ([38;5;121m70.95[0m[38;5;159m FPS per env, [38;5;121m1[0m[38;5;159m envs).[0m
[38;5;159m[Genesis] [11:46:48] [INFO] Running at [38;5;121m71.27[0m[38;5;159m FPS ([38;5;121m71.27[0m[38;5;159m FPS per env, [38;5;121m1[0m[38;5;159m envs).[0m
[38;5;159m[Genesis] [11:46:48] [INFO] Running at [38;5;121m71.57[0m[38;5;159m FPS ([38;5;121m71.57[0m[38;5;159m FPS per env, [38;5;121m1[0m[38;5;159m envs).[0m
[38;5;159m[Genesis] [11:46:48] [INFO] Running at [38;5;121m71.87[0m[38;5;159m FPS ([38;5;121m71.87[0m[38;5;159m FPS per env, [38;5;121m1[0m[38;5;159m envs).[0m
[38;5;159m[Genesis] [11:46:48] [INFO] Running at [38;5;121m72.18[0m[38;5;159m FPS ([38;5;121m72.18[0m[38;5;159m FPS per env, [38;5;121m1[0m[38;5;159m envs).[0m
[38;5;159m[Genesis] [11:46:48] [INFO] Running at [38;5;121m72.50[0m[38;5;159m FPS ([38;5;121m72.50[0m[38;5;159m FPS per env, [38;5;121m1[0m[38;5;159m envs).[0m
[38;5;159m[Genesis] [11:46:49] [INFO] Running at [38;5;121m72.76[0m[38;5;159m FPS ([38;5;121m72.76[0m[38;5;159m FPS per env, [38;5;121m1[0m[38;5;159m envs).[0m
[38;5;159m[Genesis] [11:46:49] [INFO] Running at [38;5;121m72.98[0m[38;5;159m FPS ([38;5;121m72.98[0m[38;5;159m FPS per env, [38;5;121m1[0m[38;5;159m envs).[0m
[38;5;159m[Genesis] [11:46:49] [INFO] Running at [38;5;121m72.64[0m[38;5;159m FPS ([38;5;121m72.64[0m[38;5;159m FPS per env, [38;5;121m1[0m[38;5;159m envs).[0m
[38;5;159m[Genesis] [11:46:49] [INFO] Running at [38;5;121m72.18[0m[38;5;159m FPS ([38;5;121m72.18[0m[38;5;159m FPS per env, [38;5;121m1[0m[38;5;159m envs).[0m
[38;5;159m[Genesis] [11:46:49] [INFO] Running at [38;5;121m71.79[0m[38;5;159m FPS ([38;5;121m71.79[0m[38;5;159m FPS per env, [38;5;121m1[0m[38;5;159m envs).[0m
[38;5;159m[Genesis] [11:46:49] [INFO] Running at [38;5;121m71.60[0m[38;5;159m FPS ([38;5;121m71.60[0m[38;5;159m FPS per env, [38;5;121m1[0m[38;5;159m envs).[0m
[38;5;159m[Genesis] [11:46:49] [INFO] Running at [38;5;121m71.65[0m[38;5;159m FPS ([38;5;121m71.65[0m[38;5;159m FPS per env, [38;5;121m1[0m[38;5;159m envs).[0m
[38;5;159m[Genesis] [11:46:49] [INFO] Running at [38;5;121m72.01[0m[38;5;159m FPS ([38;5;121m72.01[0m[38;5;159m FPS per env, [38;5;121m1[0m[38;5;159m envs).[0m
[38;5;159m[Genesis] [11:46:49] [INFO] Running at [38;5;121m72.17[0m[38;5;159m FPS ([38;5;121m72.17[0m[38;5;159m FPS per env, [38;5;121m1[0m[38;5;159m envs).[0m
[38;5;159m[Genesis] [11:46:49] [INFO] Running at [38;5;121m72.46[0m[38;5;159m FPS ([38;5;121m72.46[0m[38;5;159m FPS per env, [38;5;121m1[0m[38;5;159m envs).[0m
[38;5;159m[Genesis] [11:46:49] [INFO] Running at [38;5;121m72.70[0m[38;5;159m FPS ([38;5;121m72.70[0m[38;5;159m FPS per env, [38;5;121m1[0m[38;5;159m envs).[0m
[38;5;159m[Genesis] [11:46:49] [INFO] Running at [38;5;121m72.99[0m[38;5;159m FPS ([38;5;121m72.99[0m[38;5;159m FPS per env, [38;5;121m1[0m[38;5;159m envs).[0m
[38;5;159m[Genesis] [11:46:49] [INFO] Running at [38;5;121m73.30[0m[38;5;159m FPS ([38;5;121m73.30[0m[38;5;159m FPS per env, [38;5;121m1[0m[38;5;159m envs).[0m
[38;5;159m[Genesis] [11:46:49] [INFO] Running at [38;5;121m73.59[0m[38;5;159m FPS ([38;5;121m73.59[0m[38;5;159m FPS per env, [38;5;121m1[0m[38;5;159m envs).[0m
[38;5;159m[Genesis] [11:46:49] [INFO] Running at [38;5;121m73.79[0m[38;5;159m FPS ([38;5;121m73.79[0m[38;5;159m FPS per env, [38;5;121m1[0m[38;5;159m envs).[0m
[38;5;159m[Genesis] [11:46:49] [INFO] Running at [38;5;121m73.93[0m[38;5;159m FPS ([38;5;121m73.93[0m[38;5;159m FPS per env, [38;5;121m1[0m[38;5;159m envs).[0m
[38;5;159m[Genesis] [11:46:49] [INFO] Running at [38;5;121m74.10[0m[38;5;159m FPS ([38;5;121m74.10[0m[38;5;159m FPS per env, [38;5;121m1[0m[38;5;159m envs).[0m
[38;5;159m[Genesis] [11:46:49] [INFO] Running at [38;5;121m74.35[0m[38;5;159m FPS ([38;5;121m74.35[0m[38;5;159m FPS per env, [38;5;121m1[0m[38;5;159m envs).[0m
[38;5;159m[Genesis] [11:46:49] [INFO] Running at [38;5;121m74.57[0m[38;5;159m FPS ([38;5;121m74.57[0m[38;5;159m FPS per env, [38;5;121m1[0m[38;5;159m envs).[0m
[38;5;159m[Genesis] [11:46:50] [INFO] Running at [38;5;121m73.69[0m[38;5;159m FPS ([38;5;121m73.69[0m[38;5;159m FPS per env, [38;5;121m1[0m[38;5;159m envs).[0m
[38;5;159m[Genesis] [11:46:50] [INFO] Running at [38;5;121m73.50[0m[38;5;159m FPS ([38;5;121m73.50[0m[38;5;159m FPS per env, [38;5;121m1[0m[38;5;159m envs).[0m
[38;5;159m[Genesis] [11:46:50] [INFO] Running at [38;5;121m73.76[0m[38;5;159m FPS ([38;5;121m73.76[0m[38;5;159m FPS per env, [38;5;121m1[0m[38;5;159m envs).[0m
[38;5;159m[Genesis] [11:46:50] [INFO] Running at [38;5;121m74.02[0m[38;5;159m FPS ([38;5;121m74.02[0m[38;5;159m FPS per env, [38;5;121m1[0m[38;5;159m envs).[0m
[38;5;159m[Genesis] [11:46:50] [INFO] Running at [38;5;121m74.22[0m[38;5;159m FPS ([38;5;121m74.22[0m[38;5;159m FPS per env, [38;5;121m1[0m[38;5;159m envs).[0m
[38;5;159m[Genesis] [11:46:50] [INFO] Running at [38;5;121m74.41[0m[38;5;159m FPS ([38;5;121m74.41[0m[38;5;159m FPS per env, [38;5;121m1[0m[38;5;159m envs).[0m
[38;5;159m[Genesis] [11:46:50] [INFO] Running at [38;5;121m74.62[0m[38;5;159m FPS ([38;5;121m74.62[0m[38;5;159m FPS per env, [38;5;121m1[0m[38;5;159m envs).[0m
[38;5;159m[Genesis] [11:46:50] [INFO] Running at [38;5;121m74.81[0m[38;5;159m FPS ([38;5;121m74.81[0m[38;5;159m FPS per env, [38;5;121m1[0m[38;5;159m envs).[0m
[38;5;159m[Genesis] [11:46:50] [INFO] Running at [38;5;121m75.02[0m[38;5;159m FPS ([38;5;121m75.02[0m[38;5;159m FPS per env, [38;5;121m1[0m[38;5;159m envs).[0m
[38;5;159m[Genesis] [11:46:50] [INFO] Running at [38;5;121m75.17[0m[38;5;159m FPS ([38;5;121m75.17[0m[38;5;159m FPS per env, [38;5;121m1[0m[38;5;159m envs).[0m
[38;5;159m[Genesis] [11:46:50] [INFO] Running at [38;5;121m74.63[0m[38;5;159m FPS ([38;5;121m74.63[0m[38;5;159m FPS per env, [38;5;121m1[0m[38;5;159m envs).[0m
[38;5;159m[Genesis] [11:46:50] [INFO] Running at [38;5;121m73.98[0m[38;5;159m FPS ([38;5;121m73.98[0m[38;5;159m FPS per env, [38;5;121m1[0m[38;5;159m envs).[0m
[38;5;159m[Genesis] [11:46:50] [INFO] Running at [38;5;121m73.54[0m[38;5;159m FPS ([38;5;121m73.54[0m[38;5;159m FPS per env, [38;5;121m1[0m[38;5;159m envs).[0m
[38;5;159m[Genesis] [11:46:50] [INFO] Running at [38;5;121m73.08[0m[38;5;159m FPS ([38;5;121m73.08[0m[38;5;159m FPS per env, [38;5;121m1[0m[38;5;159m envs).[0m
[38;5;159m[Genesis] [11:46:50] [INFO] Running at [38;5;121m72.99[0m[38;5;159m FPS ([38;5;121m72.99[0m[38;5;159m FPS per env, [38;5;121m1[0m[38;5;159m envs).[0m
[38;5;159m[Genesis] [11:46:50] [INFO] Running at [38;5;121m72.75[0m[38;5;159m FPS ([38;5;121m72.75[0m[38;5;159m FPS per env, [38;5;121m1[0m[38;5;159m envs).[0m
[38;5;159m[Genesis] [11:46:50] [INFO] Running at [38;5;121m72.33[0m[38;5;159m FPS ([38;5;121m72.33[0m[38;5;159m FPS per env, [38;5;121m1[0m[38;5;159m envs).[0m
[38;5;159m[Genesis] [11:46:50] [INFO] Running at [38;5;121m72.08[0m[38;5;159m FPS ([38;5;121m72.08[0m[38;5;159m FPS per env, [38;5;121m1[0m[38;5;159m envs).[0m
[38;5;159m[Genesis] [11:46:51] [INFO] Running at [38;5;121m71.88[0m[38;5;159m FPS ([38;5;121m71.88[0m[38;5;159m FPS per env, [38;5;121m1[0m[38;5;159m envs).[0m
[38;5;159m[Genesis] [11:46:51] [INFO] Running at [38;5;121m72.22[0m[38;5;159m FPS ([38;5;121m72.22[0m[38;5;159m FPS per env, [38;5;121m1[0m[38;5;159m envs).[0m
[38;5;159m[Genesis] [11:46:51] [INFO] Running at [38;5;121m72.56[0m[38;5;159m FPS ([38;5;121m72.56[0m[38;5;159m FPS per env, [38;5;121m1[0m[38;5;159m envs).[0m
[38;5;159m[Genesis] [11:46:51] [INFO] Running at [38;5;121m72.88[0m[38;5;159m FPS ([38;5;121m72.88[0m[38;5;159m FPS per env, [38;5;121m1[0m[38;5;159m envs).[0m
[38;5;159m[Genesis] [11:46:51] [INFO] Running at [38;5;121m73.20[0m[38;5;159m FPS ([38;5;121m73.20[0m[38;5;159m FPS per env, [38;5;121m1[0m[38;5;159m envs).[0m
[38;5;159m[Genesis] [11:46:51] [INFO] Running at [38;5;121m73.47[0m[38;5;159m FPS ([38;5;121m73.47[0m[38;5;159m FPS per env, [38;5;121m1[0m[38;5;159m envs).[0m
[38;5;159m[Genesis] [11:46:51] [INFO] Running at [38;5;121m73.24[0m[38;5;159m FPS ([38;5;121m73.24[0m[38;5;159m FPS per env, [38;5;121m1[0m[38;5;159m envs).[0m
[38;5;159m[Genesis] [11:46:51] [INFO] Running at [38;5;121m72.56[0m[38;5;159m FPS ([38;5;121m72.56[0m[38;5;159m FPS per env, [38;5;121m1[0m[38;5;159m envs).[0m
[38;5;159m[Genesis] [11:46:51] [INFO] Running at [38;5;121m72.26[0m[38;5;159m FPS ([38;5;121m72.26[0m[38;5;159m FPS per env, [38;5;121m1[0m[38;5;159m envs).[0m
[38;5;159m[Genesis] [11:46:51] [INFO] Running at [38;5;121m72.56[0m[38;5;159m FPS ([38;5;121m72.56[0m[38;5;159m FPS per env, [38;5;121m1[0m[38;5;159m envs).[0m
[38;5;159m[Genesis] [11:46:51] [INFO] Running at [38;5;121m72.51[0m[38;5;159m FPS ([38;5;121m72.51[0m[38;5;159m FPS per env, [38;5;121m1[0m[38;5;159m envs).[0m
[38;5;159m[Genesis] [11:46:51] [INFO] Running at [38;5;121m72.00[0m[38;5;159m FPS ([38;5;121m72.00[0m[38;5;159m FPS per env, [38;5;121m1[0m[38;5;159m envs).[0m
[38;5;159m[Genesis] [11:46:51] [INFO] Running at [38;5;121m71.64[0m[38;5;159m FPS ([38;5;121m71.64[0m[38;5;159m FPS per env, [38;5;121m1[0m[38;5;159m envs).[0m
[38;5;159m[Genesis] [11:46:51] [INFO] Running at [38;5;121m71.29[0m[38;5;159m FPS ([38;5;121m71.29[0m[38;5;159m FPS per env, [38;5;121m1[0m[38;5;159m envs).[0m
[38;5;159m[Genesis] [11:46:51] [INFO] Running at [38;5;121m71.48[0m[38;5;159m FPS ([38;5;121m71.48[0m[38;5;159m FPS per env, [38;5;121m1[0m[38;5;159m envs).[0m
[38;5;159m[Genesis] [11:46:51] [INFO] Running at [38;5;121m71.81[0m[38;5;159m FPS ([38;5;121m71.81[0m[38;5;159m FPS per env, [38;5;121m1[0m[38;5;159m envs).[0m
[38;5;159m[Genesis] [11:46:51] [INFO] Running at [38;5;121m72.13[0m[38;5;159m FPS ([38;5;121m72.13[0m[38;5;159m FPS per env, [38;5;121m1[0m[38;5;159m envs).[0m
[38;5;159m[Genesis] [11:46:51] [INFO] Running at [38;5;121m72.46[0m[38;5;159m FPS ([38;5;121m72.46[0m[38;5;159m FPS per env, [38;5;121m1[0m[38;5;159m envs).[0m
[38;5;159m[Genesis] [11:46:52] [INFO] Running at [38;5;121m72.79[0m[38;5;159m FPS ([38;5;121m72.79[0m[38;5;159m FPS per env, [38;5;121m1[0m[38;5;159m envs).[0m
[38;5;159m[Genesis] [11:46:52] [INFO] Running at [38;5;121m73.09[0m[38;5;159m FPS ([38;5;121m73.09[0m[38;5;159m FPS per env, [38;5;121m1[0m[38;5;159m envs).[0m
[38;5;159m[Genesis] [11:46:52] [INFO] Running at [38;5;121m73.38[0m[38;5;159m FPS ([38;5;121m73.38[0m[38;5;159m FPS per env, [38;5;121m1[0m[38;5;159m envs).[0m
[38;5;159m[Genesis] [11:46:52] [INFO] Running at [38;5;121m73.67[0m[38;5;159m FPS ([38;5;121m73.67[0m[38;5;159m FPS per env, [38;5;121m1[0m[38;5;159m envs).[0m
[38;5;159m[Genesis] [11:46:52] [INFO] Running at [38;5;121m73.96[0m[38;5;159m FPS ([38;5;121m73.96[0m[38;5;159m FPS per env, [38;5;121m1[0m[38;5;159m envs).[0m
[38;5;159m[Genesis] [11:46:52] [INFO] Running at [38;5;121m74.24[0m[38;5;159m FPS ([38;5;121m74.24[0m[38;5;159m FPS per env, [38;5;121m1[0m[38;5;159m envs).[0m
[38;5;159m[Genesis] [11:46:52] [INFO] Running at [38;5;121m92.07[0m[38;5;159m FPS ([38;5;121m92.07[0m[38;5;159m FPS per env, [38;5;121m1[0m[38;5;159m envs).[0m
[38;5;159m[Genesis] [11:46:52] [INFO] Running at [38;5;121m91.39[0m[38;5;159m FPS ([38;5;121m91.39[0m[38;5;159m FPS per env, [38;5;121m1[0m[38;5;159m envs).[0m
[38;5;159m[Genesis] [11:46:52] [INFO] Running at [38;5;121m73.24[0m[38;5;159m FPS ([38;5;121m73.24[0m[38;5;159m FPS per env, [38;5;121m1[0m[38;5;159m envs).[0m
[38;5;159m[Genesis] [11:46:52] [INFO] Running at [38;5;121m72.83[0m[38;5;159m FPS ([38;5;121m72.83[0m[38;5;159m FPS per env, [38;5;121m1[0m[38;5;159m envs).[0m
[38;5;159m[Genesis] [11:46:52] [INFO] Running at [38;5;121m72.28[0m[38;5;159m FPS ([38;5;121m72.28[0m[38;5;159m FPS per env, [38;5;121m1[0m[38;5;159m envs).[0m
[38;5;159m[Genesis] [11:46:52] [INFO] Running at [38;5;121m72.03[0m[38;5;159m FPS ([38;5;121m72.03[0m[38;5;159m FPS per env, [38;5;121m1[0m[38;5;159m envs).[0m
[38;5;159m[Genesis] [11:46:52] [INFO] Running at [38;5;121m71.90[0m[38;5;159m FPS ([38;5;121m71.90[0m[38;5;159m FPS per env, [38;5;121m1[0m[38;5;159m envs).[0m
[38;5;159m[Genesis] [11:46:52] [INFO] Running at [38;5;121m72.22[0m[38;5;159m FPS ([38;5;121m72.22[0m[38;5;159m FPS per env, [38;5;121m1[0m[38;5;159m envs).[0m
[38;5;159m[Genesis] [11:46:52] [INFO] Running at [38;5;121m72.46[0m[38;5;159m FPS ([38;5;121m72.46[0m[38;5;159m FPS per env, [38;5;121m1[0m[38;5;159m envs).[0m
[38;5;159m[Genesis] [11:46:52] [INFO] Running at [38;5;121m71.98[0m[38;5;159m FPS ([38;5;121m71.98[0m[38;5;159m FPS per env, [38;5;121m1[0m[38;5;159m envs).[0m
[38;5;159m[Genesis] [11:46:52] [INFO] Running at [38;5;121m71.33[0m[38;5;159m FPS ([38;5;121m71.33[0m[38;5;159m FPS per env, [38;5;121m1[0m[38;5;159m envs).[0m
[38;5;159m[Genesis] [11:46:52] [INFO] Running at [38;5;121m71.31[0m[38;5;159m FPS ([38;5;121m71.31[0m[38;5;159m FPS per env, [38;5;121m1[0m[38;5;159m envs).[0m
[38;5;159m[Genesis] [11:46:53] [INFO] Running at [38;5;121m71.68[0m[38;5;159m FPS ([38;5;121m71.68[0m[38;5;159m FPS per env, [38;5;121m1[0m[38;5;159m envs).[0m
[38;5;159m[Genesis] [11:46:53] [INFO] Running at [38;5;121m72.04[0m[38;5;159m FPS ([38;5;121m72.04[0m[38;5;159m FPS per env, [38;5;121m1[0m[38;5;159m envs).[0m
[38;5;159m[Genesis] [11:46:53] [INFO] Running at [38;5;121m72.36[0m[38;5;159m FPS ([38;5;121m72.36[0m[38;5;159m FPS per env, [38;5;121m1[0m[38;5;159m envs).[0m
[38;5;159m[Genesis] [11:46:53] [INFO] Running at [38;5;121m72.69[0m[38;5;159m FPS ([38;5;121m72.69[0m[38;5;159m FPS per env, [38;5;121m1[0m[38;5;159m envs).[0m
[38;5;159m[Genesis] [11:46:53] [INFO] Running at [38;5;121m73.02[0m[38;5;159m FPS ([38;5;121m73.02[0m[38;5;159m FPS per env, [38;5;121m1[0m[38;5;159m envs).[0m
[38;5;159m[Genesis] [11:46:53] [INFO] Running at [38;5;121m73.33[0m[38;5;159m FPS ([38;5;121m73.33[0m[38;5;159m FPS per env, [38;5;121m1[0m[38;5;159m envs).[0m
[38;5;159m[Genesis] [11:46:53] [INFO] Running at [38;5;121m73.39[0m[38;5;159m FPS ([38;5;121m73.39[0m[38;5;159m FPS per env, [38;5;121m1[0m[38;5;159m envs).[0m
[38;5;159m[Genesis] [11:46:53] [INFO] Running at [38;5;121m73.05[0m[38;5;159m FPS ([38;5;121m73.05[0m[38;5;159m FPS per env, [38;5;121m1[0m[38;5;159m envs).[0m
[38;5;159m[Genesis] [11:46:53] [INFO] Running at [38;5;121m72.60[0m[38;5;159m FPS ([38;5;121m72.60[0m[38;5;159m FPS per env, [38;5;121m1[0m[38;5;159m envs).[0m
[38;5;159m[Genesis] [11:46:53] [INFO] Running at [38;5;121m72.38[0m[38;5;159m FPS ([38;5;121m72.38[0m[38;5;159m FPS per env, [38;5;121m1[0m[38;5;159m envs).[0m
[38;5;159m[Genesis] [11:46:53] [INFO] Running at [38;5;121m72.23[0m[38;5;159m FPS ([38;5;121m72.23[0m[38;5;159m FPS per env, [38;5;121m1[0m[38;5;159m envs).[0m
[38;5;159m[Genesis] [11:46:53] [INFO] Running at [38;5;121m72.56[0m[38;5;159m FPS ([38;5;121m72.56[0m[38;5;159m FPS per env, [38;5;121m1[0m[38;5;159m envs).[0m
[38;5;159m[Genesis] [11:46:53] [INFO] Running at [38;5;121m72.87[0m[38;5;159m FPS ([38;5;121m72.87[0m[38;5;159m FPS per env, [38;5;121m1[0m[38;5;159m envs).[0m
[38;5;159m[Genesis] [11:46:53] [INFO] Running at [38;5;121m73.18[0m[38;5;159m FPS ([38;5;121m73.18[0m[38;5;159m FPS per env, [38;5;121m1[0m[38;5;159m envs).[0m
[38;5;159m[Genesis] [11:46:53] [INFO] Running at [38;5;121m73.44[0m[38;5;159m FPS ([38;5;121m73.44[0m[38;5;159m FPS per env, [38;5;121m1[0m[38;5;159m envs).[0m
[38;5;159m[Genesis] [11:46:53] [INFO] Running at [38;5;121m73.31[0m[38;5;159m FPS ([38;5;121m73.31[0m[38;5;159m FPS per env, [38;5;121m1[0m[38;5;159m envs).[0m
[38;5;159m[Genesis] [11:46:53] [INFO] Running at [38;5;121m73.29[0m[38;5;159m FPS ([38;5;121m73.29[0m[38;5;159m FPS per env, [38;5;121m1[0m[38;5;159m envs).[0m
[38;5;159m[Genesis] [11:46:53] [INFO] Running at [38;5;121m73.56[0m[38;5;159m FPS ([38;5;121m73.56[0m[38;5;159m FPS per env, [38;5;121m1[0m[38;5;159m envs).[0m
[38;5;159m[Genesis] [11:46:53] [INFO] Running at [38;5;121m73.83[0m[38;5;159m FPS ([38;5;121m73.83[0m[38;5;159m FPS per env, [38;5;121m1[0m[38;5;159m envs).[0m
[38;5;159m[Genesis] [11:46:54] [INFO] Running at [38;5;121m73.93[0m[38;5;159m FPS ([38;5;121m73.93[0m[38;5;159m FPS per env, [38;5;121m1[0m[38;5;159m envs).[0m
[38;5;159m[Genesis] [11:46:54] [INFO] Running at [38;5;121m74.20[0m[38;5;159m FPS ([38;5;121m74.20[0m[38;5;159m FPS per env, [38;5;121m1[0m[38;5;159m envs).[0m
[38;5;159m[Genesis] [11:46:54] [INFO] Running at [38;5;121m74.46[0m[38;5;159m FPS ([38;5;121m74.46[0m[38;5;159m FPS per env, [38;5;121m1[0m[38;5;159m envs).[0m
[38;5;159m[Genesis] [11:46:54] [INFO] Running at [38;5;121m74.61[0m[38;5;159m FPS ([38;5;121m74.61[0m[38;5;159m FPS per env, [38;5;121m1[0m[38;5;159m envs).[0m
[38;5;159m[Genesis] [11:46:54] [INFO] Running at [38;5;121m74.83[0m[38;5;159m FPS ([38;5;121m74.83[0m[38;5;159m FPS per env, [38;5;121m1[0m[38;5;159m envs).[0m
[38;5;159m[Genesis] [11:46:54] [INFO] Running at [38;5;121m75.05[0m[38;5;159m FPS ([38;5;121m75.05[0m[38;5;159m FPS per env, [38;5;121m1[0m[38;5;159m envs).[0m
[38;5;159m[Genesis] [11:46:54] [INFO] Running at [38;5;121m75.27[0m[38;5;159m FPS ([38;5;121m75.27[0m[38;5;159m FPS per env, [38;5;121m1[0m[38;5;159m envs).[0m
[38;5;159m[Genesis] [11:46:54] [INFO] Running at [38;5;121m75.34[0m[38;5;159m FPS ([38;5;121m75.34[0m[38;5;159m FPS per env, [38;5;121m1[0m[38;5;159m envs).[0m
[38;5;159m[Genesis] [11:46:54] [INFO] Running at [38;5;121m74.87[0m[38;5;159m FPS ([38;5;121m74.87[0m[38;5;159m FPS per env, [38;5;121m1[0m[38;5;159m envs).[0m
[38;5;159m[Genesis] [11:46:54] [INFO] Running at [38;5;121m74.22[0m[38;5;159m FPS ([38;5;121m74.22[0m[38;5;159m FPS per env, [38;5;121m1[0m[38;5;159m envs).[0m
[38;5;159m[Genesis] [11:46:54] [INFO] Running at [38;5;121m74.00[0m[38;5;159m FPS ([38;5;121m74.00[0m[38;5;159m FPS per env, [38;5;121m1[0m[38;5;159m envs).[0m
[38;5;159m[Genesis] [11:46:54] [INFO] Running at [38;5;121m74.05[0m[38;5;159m FPS ([38;5;121m74.05[0m[38;5;159m FPS per env, [38;5;121m1[0m[38;5;159m envs).[0m
[38;5;159m[Genesis] [11:46:54] [INFO] Running at [38;5;121m73.53[0m[38;5;159m FPS ([38;5;121m73.53[0m[38;5;159m FPS per env, [38;5;121m1[0m[38;5;159m envs).[0m
[38;5;159m[Genesis] [11:46:54] [INFO] Running at [38;5;121m72.99[0m[38;5;159m FPS ([38;5;121m72.99[0m[38;5;159m FPS per env, [38;5;121m1[0m[38;5;159m envs).[0m
[38;5;159m[Genesis] [11:46:54] [INFO] Running at [38;5;121m72.71[0m[38;5;159m FPS ([38;5;121m72.71[0m[38;5;159m FPS per env, [38;5;121m1[0m[38;5;159m envs).[0m
[38;5;159m[Genesis] [11:46:54] [INFO] Running at [38;5;121m72.50[0m[38;5;159m FPS ([38;5;121m72.50[0m[38;5;159m FPS per env, [38;5;121m1[0m[38;5;159m envs).[0m
[38;5;159m[Genesis] [11:46:54] [INFO] Running at [38;5;121m72.72[0m[38;5;159m FPS ([38;5;121m72.72[0m[38;5;159m FPS per env, [38;5;121m1[0m[38;5;159m envs).[0m
[38;5;159m[Genesis] [11:46:54] [INFO] Running at [38;5;121m73.00[0m[38;5;159m FPS ([38;5;121m73.00[0m[38;5;159m FPS per env, [38;5;121m1[0m[38;5;159m envs).[0m
[38;5;159m[Genesis] [11:46:55] [INFO] Running at [38;5;121m73.29[0m[38;5;159m FPS ([38;5;121m73.29[0m[38;5;159m FPS per env, [38;5;121m1[0m[38;5;159m envs).[0m
[38;5;159m[Genesis] [11:46:55] [INFO] Running at [38;5;121m73.58[0m[38;5;159m FPS ([38;5;121m73.58[0m[38;5;159m FPS per env, [38;5;121m1[0m[38;5;159m envs).[0m
[38;5;159m[Genesis] [11:46:55] [INFO] Running at [38;5;121m73.85[0m[38;5;159m FPS ([38;5;121m73.85[0m[38;5;159m FPS per env, [38;5;121m1[0m[38;5;159m envs).[0m
[38;5;159m[Genesis] [11:46:55] [INFO] Running at [38;5;121m74.09[0m[38;5;159m FPS ([38;5;121m74.09[0m[38;5;159m FPS per env, [38;5;121m1[0m[38;5;159m envs).[0m
[38;5;159m[Genesis] [11:46:55] [INFO] Running at [38;5;121m74.20[0m[38;5;159m FPS ([38;5;121m74.20[0m[38;5;159m FPS per env, [38;5;121m1[0m[38;5;159m envs).[0m
[38;5;159m[Genesis] [11:46:55] [INFO] Running at [38;5;121m74.43[0m[38;5;159m FPS ([38;5;121m74.43[0m[38;5;159m FPS per env, [38;5;121m1[0m[38;5;159m envs).[0m
[38;5;159m[Genesis] [11:46:55] [INFO] Running at [38;5;121m74.66[0m[38;5;159m FPS ([38;5;121m74.66[0m[38;5;159m FPS per env, [38;5;121m1[0m[38;5;159m envs).[0m
[38;5;159m[Genesis] [11:46:55] [INFO] Running at [38;5;121m74.88[0m[38;5;159m FPS ([38;5;121m74.88[0m[38;5;159m FPS per env, [38;5;121m1[0m[38;5;159m envs).[0m
[38;5;159m[Genesis] [11:46:55] [INFO] Running at [38;5;121m74.54[0m[38;5;159m FPS ([38;5;121m74.54[0m[38;5;159m FPS per env, [38;5;121m1[0m[38;5;159m envs).[0m
[38;5;159m[Genesis] [11:46:55] [INFO] Running at [38;5;121m73.97[0m[38;5;159m FPS ([38;5;121m73.97[0m[38;5;159m FPS per env, [38;5;121m1[0m[38;5;159m envs).[0m
[38;5;159m[Genesis] [11:46:55] [INFO] Running at [38;5;121m73.51[0m[38;5;159m FPS ([38;5;121m73.51[0m[38;5;159m FPS per env, [38;5;121m1[0m[38;5;159m envs).[0m
[38;5;159m[Genesis] [11:46:55] [INFO] Running at [38;5;121m73.32[0m[38;5;159m FPS ([38;5;121m73.32[0m[38;5;159m FPS per env, [38;5;121m1[0m[38;5;159m envs).[0m
[38;5;159m[Genesis] [11:46:55] [INFO] Running at [38;5;121m73.29[0m[38;5;159m FPS ([38;5;121m73.29[0m[38;5;159m FPS per env, [38;5;121m1[0m[38;5;159m envs).[0m
[38;5;159m[Genesis] [11:46:55] [INFO] Running at [38;5;121m73.57[0m[38;5;159m FPS ([38;5;121m73.57[0m[38;5;159m FPS per env, [38;5;121m1[0m[38;5;159m envs).[0m
[38;5;159m[Genesis] [11:46:55] [INFO] Running at [38;5;121m73.84[0m[38;5;159m FPS ([38;5;121m73.84[0m[38;5;159m FPS per env, [38;5;121m1[0m[38;5;159m envs).[0m
[38;5;159m[Genesis] [11:46:55] [INFO] Running at [38;5;121m74.09[0m[38;5;159m FPS ([38;5;121m74.09[0m[38;5;159m FPS per env, [38;5;121m1[0m[38;5;159m envs).[0m
[38;5;159m[Genesis] [11:46:55] [INFO] Running at [38;5;121m74.35[0m[38;5;159m FPS ([38;5;121m74.35[0m[38;5;159m FPS per env, [38;5;121m1[0m[38;5;159m envs).[0m
[38;5;159m[Genesis] [11:46:55] [INFO] Running at [38;5;121m73.99[0m[38;5;159m FPS ([38;5;121m73.99[0m[38;5;159m FPS per env, [38;5;121m1[0m[38;5;159m envs).[0m
[38;5;159m[Genesis] [11:46:55] [INFO] Running at [38;5;121m73.36[0m[38;5;159m FPS ([38;5;121m73.36[0m[38;5;159m FPS per env, [38;5;121m1[0m[38;5;159m envs).[0m
[38;5;159m[Genesis] [11:46:56] [INFO] Running at [38;5;121m72.93[0m[38;5;159m FPS ([38;5;121m72.93[0m[38;5;159m FPS per env, [38;5;121m1[0m[38;5;159m envs).[0m
[38;5;159m[Genesis] [11:46:56] [INFO] Running at [38;5;121m73.17[0m[38;5;159m FPS ([38;5;121m73.17[0m[38;5;159m FPS per env, [38;5;121m1[0m[38;5;159m envs).[0m
[38;5;159m[Genesis] [11:46:56] [INFO] Running at [38;5;121m73.47[0m[38;5;159m FPS ([38;5;121m73.47[0m[38;5;159m FPS per env, [38;5;121m1[0m[38;5;159m envs).[0m
[38;5;159m[Genesis] [11:46:56] [INFO] Running at [38;5;121m73.74[0m[38;5;159m FPS ([38;5;121m73.74[0m[38;5;159m FPS per env, [38;5;121m1[0m[38;5;159m envs).[0m
[38;5;159m[Genesis] [11:46:56] [INFO] Running at [38;5;121m74.01[0m[38;5;159m FPS ([38;5;121m74.01[0m[38;5;159m FPS per env, [38;5;121m1[0m[38;5;159m envs).[0m
[38;5;159m[Genesis] [11:46:56] [INFO] Running at [38;5;121m74.29[0m[38;5;159m FPS ([38;5;121m74.29[0m[38;5;159m FPS per env, [38;5;121m1[0m[38;5;159m envs).[0m
[38;5;159m[Genesis] [11:46:56] [INFO] Running at [38;5;121m74.40[0m[38;5;159m FPS ([38;5;121m74.40[0m[38;5;159m FPS per env, [38;5;121m1[0m[38;5;159m envs).[0m
[38;5;159m[Genesis] [11:46:56] [INFO] Running at [38;5;121m74.35[0m[38;5;159m FPS ([38;5;121m74.35[0m[38;5;159m FPS per env, [38;5;121m1[0m[38;5;159m envs).[0m
[38;5;159m[Genesis] [11:46:56] [INFO] Running at [38;5;121m73.93[0m[38;5;159m FPS ([38;5;121m73.93[0m[38;5;159m FPS per env, [38;5;121m1[0m[38;5;159m envs).[0m
[38;5;159m[Genesis] [11:46:56] [INFO] Running at [38;5;121m73.75[0m[38;5;159m FPS ([38;5;121m73.75[0m[38;5;159m FPS per env, [38;5;121m1[0m[38;5;159m envs).[0m
[38;5;159m[Genesis] [11:46:56] [INFO] Running at [38;5;121m73.29[0m[38;5;159m FPS ([38;5;121m73.29[0m[38;5;159m FPS per env, [38;5;121m1[0m[38;5;159m envs).[0m
[38;5;159m[Genesis] [11:46:56] [INFO] Running at [38;5;121m72.93[0m[38;5;159m FPS ([38;5;121m72.93[0m[38;5;159m FPS per env, [38;5;121m1[0m[38;5;159m envs).[0m
[38;5;159m[Genesis] [11:46:56] [INFO] Running at [38;5;121m72.62[0m[38;5;159m FPS ([38;5;121m72.62[0m[38;5;159m FPS per env, [38;5;121m1[0m[38;5;159m envs).[0m
[38;5;159m[Genesis] [11:46:56] [INFO] Running at [38;5;121m72.82[0m[38;5;159m FPS ([38;5;121m72.82[0m[38;5;159m FPS per env, [38;5;121m1[0m[38;5;159m envs).[0m
[38;5;159m[Genesis] [11:46:56] [INFO] Running at [38;5;121m72.93[0m[38;5;159m FPS ([38;5;121m72.93[0m[38;5;159m FPS per env, [38;5;121m1[0m[38;5;159m envs).[0m
[38;5;159m[Genesis] [11:46:56] [INFO] Running at [38;5;121m72.58[0m[38;5;159m FPS ([38;5;121m72.58[0m[38;5;159m FPS per env, [38;5;121m1[0m[38;5;159m envs).[0m
[38;5;159m[Genesis] [11:46:56] [INFO] Running at [38;5;121m72.70[0m[38;5;159m FPS ([38;5;121m72.70[0m[38;5;159m FPS per env, [38;5;121m1[0m[38;5;159m envs).[0m
[38;5;159m[Genesis] [11:46:56] [INFO] Running at [38;5;121m72.86[0m[38;5;159m FPS ([38;5;121m72.86[0m[38;5;159m FPS per env, [38;5;121m1[0m[38;5;159m envs).[0m
[38;5;159m[Genesis] [11:46:57] [INFO] Running at [38;5;121m73.05[0m[38;5;159m FPS ([38;5;121m73.05[0m[38;5;159m FPS per env, [38;5;121m1[0m[38;5;159m envs).[0m
[38;5;159m[Genesis] [11:46:57] [INFO] Running at [38;5;121m73.25[0m[38;5;159m FPS ([38;5;121m73.25[0m[38;5;159m FPS per env, [38;5;121m1[0m[38;5;159m envs).[0m
[38;5;159m[Genesis] [11:46:57] [INFO] Running at [38;5;121m73.44[0m[38;5;159m FPS ([38;5;121m73.44[0m[38;5;159m FPS per env, [38;5;121m1[0m[38;5;159m envs).[0m
[38;5;159m[Genesis] [11:46:57] [INFO] Running at [38;5;121m73.62[0m[38;5;159m FPS ([38;5;121m73.62[0m[38;5;159m FPS per env, [38;5;121m1[0m[38;5;159m envs).[0m
[38;5;159m[Genesis] [11:46:57] [INFO] Running at [38;5;121m73.78[0m[38;5;159m FPS ([38;5;121m73.78[0m[38;5;159m FPS per env, [38;5;121m1[0m[38;5;159m envs).[0m
[38;5;159m[Genesis] [11:46:57] [INFO] Running at [38;5;121m73.97[0m[38;5;159m FPS ([38;5;121m73.97[0m[38;5;159m FPS per env, [38;5;121m1[0m[38;5;159m envs).[0m
[38;5;159m[Genesis] [11:46:57] [INFO] Running at [38;5;121m74.12[0m[38;5;159m FPS ([38;5;121m74.12[0m[38;5;159m FPS per env, [38;5;121m1[0m[38;5;159m envs).[0m
[38;5;159m[Genesis] [11:46:57] [INFO] Running at [38;5;121m74.31[0m[38;5;159m FPS ([38;5;121m74.31[0m[38;5;159m FPS per env, [38;5;121m1[0m[38;5;159m envs).[0m
[38;5;159m[Genesis] [11:46:57] [INFO] Running at [38;5;121m74.31[0m[38;5;159m FPS ([38;5;121m74.31[0m[38;5;159m FPS per env, [38;5;121m1[0m[38;5;159m envs).[0m
[38;5;159m[Genesis] [11:46:57] [INFO] Running at [38;5;121m73.46[0m[38;5;159m FPS ([38;5;121m73.46[0m[38;5;159m FPS per env, [38;5;121m1[0m[38;5;159m envs).[0m
[38;5;159m[Genesis] [11:46:57] [INFO] Running at [38;5;121m72.89[0m[38;5;159m FPS ([38;5;121m72.89[0m[38;5;159m FPS per env, [38;5;121m1[0m[38;5;159m envs).[0m
[38;5;159m[Genesis] [11:46:57] [INFO] Running at [38;5;121m72.61[0m[38;5;159m FPS ([38;5;121m72.61[0m[38;5;159m FPS per env, [38;5;121m1[0m[38;5;159m envs).[0m
[38;5;159m[Genesis] [11:46:57] [INFO] Running at [38;5;121m72.49[0m[38;5;159m FPS ([38;5;121m72.49[0m[38;5;159m FPS per env, [38;5;121m1[0m[38;5;159m envs).[0m
[38;5;159m[Genesis] [11:46:57] [INFO] Running at [38;5;121m71.96[0m[38;5;159m FPS ([38;5;121m71.96[0m[38;5;159m FPS per env, [38;5;121m1[0m[38;5;159m envs).[0m
[38;5;159m[Genesis] [11:46:57] [INFO] Running at [38;5;121m71.54[0m[38;5;159m FPS ([38;5;121m71.54[0m[38;5;159m FPS per env, [38;5;121m1[0m[38;5;159m envs).[0m
[38;5;159m[Genesis] [11:46:57] [INFO] Running at [38;5;121m71.24[0m[38;5;159m FPS ([38;5;121m71.24[0m[38;5;159m FPS per env, [38;5;121m1[0m[38;5;159m envs).[0m
[38;5;159m[Genesis] [11:46:57] [INFO] Running at [38;5;121m71.02[0m[38;5;159m FPS ([38;5;121m71.02[0m[38;5;159m FPS per env, [38;5;121m1[0m[38;5;159m envs).[0m
[38;5;159m[Genesis] [11:46:57] [INFO] Running at [38;5;121m71.28[0m[38;5;159m FPS ([38;5;121m71.28[0m[38;5;159m FPS per env, [38;5;121m1[0m[38;5;159m envs).[0m
[38;5;159m[Genesis] [11:46:58] [INFO] Running at [38;5;121m71.57[0m[38;5;159m FPS ([38;5;121m71.57[0m[38;5;159m FPS per env, [38;5;121m1[0m[38;5;159m envs).[0m
[38;5;159m[Genesis] [11:46:58] [INFO] Running at [38;5;121m71.86[0m[38;5;159m FPS ([38;5;121m71.86[0m[38;5;159m FPS per env, [38;5;121m1[0m[38;5;159m envs).[0m
[38;5;159m[Genesis] [11:46:58] [INFO] Running at [38;5;121m72.13[0m[38;5;159m FPS ([38;5;121m72.13[0m[38;5;159m FPS per env, [38;5;121m1[0m[38;5;159m envs).[0m
[38;5;159m[Genesis] [11:46:58] [INFO] Running at [38;5;121m72.38[0m[38;5;159m FPS ([38;5;121m72.38[0m[38;5;159m FPS per env, [38;5;121m1[0m[38;5;159m envs).[0m
[38;5;159m[Genesis] [11:46:58] [INFO] Running at [38;5;121m72.64[0m[38;5;159m FPS ([38;5;121m72.64[0m[38;5;159m FPS per env, [38;5;121m1[0m[38;5;159m envs).[0m
[38;5;159m[Genesis] [11:46:58] [INFO] Running at [38;5;121m72.85[0m[38;5;159m FPS ([38;5;121m72.85[0m[38;5;159m FPS per env, [38;5;121m1[0m[38;5;159m envs).[0m
[38;5;159m[Genesis] [11:46:58] [INFO] Running at [38;5;121m73.08[0m[38;5;159m FPS ([38;5;121m73.08[0m[38;5;159m FPS per env, [38;5;121m1[0m[38;5;159m envs).[0m
[38;5;159m[Genesis] [11:46:58] [INFO] Running at [38;5;121m73.27[0m[38;5;159m FPS ([38;5;121m73.27[0m[38;5;159m FPS per env, [38;5;121m1[0m[38;5;159m envs).[0m
[38;5;159m[Genesis] [11:46:58] [INFO] Running at [38;5;121m72.90[0m[38;5;159m FPS ([38;5;121m72.90[0m[38;5;159m FPS per env, [38;5;121m1[0m[38;5;159m envs).[0m
[38;5;159m[Genesis] [11:46:58] [INFO] Running at [38;5;121m72.26[0m[38;5;159m FPS ([38;5;121m72.26[0m[38;5;159m FPS per env, [38;5;121m1[0m[38;5;159m envs).[0m
[38;5;159m[Genesis] [11:46:58] [INFO] Running at [38;5;121m71.82[0m[38;5;159m FPS ([38;5;121m71.82[0m[38;5;159m FPS per env, [38;5;121m1[0m[38;5;159m envs).[0m
[38;5;159m[Genesis] [11:46:58] [INFO] Running at [38;5;121m71.51[0m[38;5;159m FPS ([38;5;121m71.51[0m[38;5;159m FPS per env, [38;5;121m1[0m[38;5;159m envs).[0m
[38;5;159m[Genesis] [11:46:58] [INFO] Running at [38;5;121m71.73[0m[38;5;159m FPS ([38;5;121m71.73[0m[38;5;159m FPS per env, [38;5;121m1[0m[38;5;159m envs).[0m
[38;5;159m[Genesis] [11:46:58] [INFO] Running at [38;5;121m71.84[0m[38;5;159m FPS ([38;5;121m71.84[0m[38;5;159m FPS per env, [38;5;121m1[0m[38;5;159m envs).[0m
[38;5;159m[Genesis] [11:46:58] [INFO] Running at [38;5;121m72.12[0m[38;5;159m FPS ([38;5;121m72.12[0m[38;5;159m FPS per env, [38;5;121m1[0m[38;5;159m envs).[0m
[38;5;159m[Genesis] [11:46:58] [INFO] Running at [38;5;121m72.37[0m[38;5;159m FPS ([38;5;121m72.37[0m[38;5;159m FPS per env, [38;5;121m1[0m[38;5;159m envs).[0m
[38;5;159m[Genesis] [11:46:58] [INFO] Running at [38;5;121m72.13[0m[38;5;159m FPS ([38;5;121m72.13[0m[38;5;159m FPS per env, [38;5;121m1[0m[38;5;159m envs).[0m
[38;5;159m[Genesis] [11:46:58] [INFO] Running at [38;5;121m71.77[0m[38;5;159m FPS ([38;5;121m71.77[0m[38;5;159m FPS per env, [38;5;121m1[0m[38;5;159m envs).[0m
[38;5;159m[Genesis] [11:46:59] [INFO] Running at [38;5;121m71.68[0m[38;5;159m FPS ([38;5;121m71.68[0m[38;5;159m FPS per env, [38;5;121m1[0m[38;5;159m envs).[0m
[38;5;159m[Genesis] [11:46:59] [INFO] Running at [38;5;121m71.31[0m[38;5;159m FPS ([38;5;121m71.31[0m[38;5;159m FPS per env, [38;5;121m1[0m[38;5;159m envs).[0m
[38;5;159m[Genesis] [11:46:59] [INFO] Running at [38;5;121m71.35[0m[38;5;159m FPS ([38;5;121m71.35[0m[38;5;159m FPS per env, [38;5;121m1[0m[38;5;159m envs).[0m
[38;5;159m[Genesis] [11:46:59] [INFO] Running at [38;5;121m71.60[0m[38;5;159m FPS ([38;5;121m71.60[0m[38;5;159m FPS per env, [38;5;121m1[0m[38;5;159m envs).[0m
[38;5;159m[Genesis] [11:46:59] [INFO] Running at [38;5;121m71.82[0m[38;5;159m FPS ([38;5;121m71.82[0m[38;5;159m FPS per env, [38;5;121m1[0m[38;5;159m envs).[0m
[38;5;159m[Genesis] [11:46:59] [INFO] Running at [38;5;121m72.09[0m[38;5;159m FPS ([38;5;121m72.09[0m[38;5;159m FPS per env, [38;5;121m1[0m[38;5;159m envs).[0m
[38;5;159m[Genesis] [11:46:59] [INFO] Running at [38;5;121m72.21[0m[38;5;159m FPS ([38;5;121m72.21[0m[38;5;159m FPS per env, [38;5;121m1[0m[38;5;159m envs).[0m
[38;5;159m[Genesis] [11:46:59] [INFO] Running at [38;5;121m71.92[0m[38;5;159m FPS ([38;5;121m71.92[0m[38;5;159m FPS per env, [38;5;121m1[0m[38;5;159m envs).[0m
[38;5;159m[Genesis] [11:46:59] [INFO] Running at [38;5;121m71.29[0m[38;5;159m FPS ([38;5;121m71.29[0m[38;5;159m FPS per env, [38;5;121m1[0m[38;5;159m envs).[0m
[38;5;159m[Genesis] [11:46:59] [INFO] Running at [38;5;121m70.88[0m[38;5;159m FPS ([38;5;121m70.88[0m[38;5;159m FPS per env, [38;5;121m1[0m[38;5;159m envs).[0m
[38;5;159m[Genesis] [11:46:59] [INFO] Running at [38;5;121m70.60[0m[38;5;159m FPS ([38;5;121m70.60[0m[38;5;159m FPS per env, [38;5;121m1[0m[38;5;159m envs).[0m
[38;5;159m[Genesis] [11:46:59] [INFO] Running at [38;5;121m70.82[0m[38;5;159m FPS ([38;5;121m70.82[0m[38;5;159m FPS per env, [38;5;121m1[0m[38;5;159m envs).[0m
[38;5;159m[Genesis] [11:46:59] [INFO] Running at [38;5;121m71.12[0m[38;5;159m FPS ([38;5;121m71.12[0m[38;5;159m FPS per env, [38;5;121m1[0m[38;5;159m envs).[0m
[38;5;159m[Genesis] [11:46:59] [INFO] Running at [38;5;121m71.38[0m[38;5;159m FPS ([38;5;121m71.38[0m[38;5;159m FPS per env, [38;5;121m1[0m[38;5;159m envs).[0m
[38;5;159m[Genesis] [11:46:59] [INFO] Running at [38;5;121m71.28[0m[38;5;159m FPS ([38;5;121m71.28[0m[38;5;159m FPS per env, [38;5;121m1[0m[38;5;159m envs).[0m
[38;5;159m[Genesis] [11:46:59] [INFO] Running at [38;5;121m71.19[0m[38;5;159m FPS ([38;5;121m71.19[0m[38;5;159m FPS per env, [38;5;121m1[0m[38;5;159m envs).[0m
[38;5;159m[Genesis] [11:46:59] [INFO] Running at [38;5;121m71.29[0m[38;5;159m FPS ([38;5;121m71.29[0m[38;5;159m FPS per env, [38;5;121m1[0m[38;5;159m envs).[0m
[38;5;159m[Genesis] [11:46:59] [INFO] Running at [38;5;121m71.59[0m[38;5;159m FPS ([38;5;121m71.59[0m[38;5;159m FPS per env, [38;5;121m1[0m[38;5;159m envs).[0m
[38;5;159m[Genesis] [11:47:00] [INFO] Running at [38;5;121m71.88[0m[38;5;159m FPS ([38;5;121m71.88[0m[38;5;159m FPS per env, [38;5;121m1[0m[38;5;159m envs).[0m
[38;5;159m[Genesis] [11:47:00] [INFO] Running at [38;5;121m71.99[0m[38;5;159m FPS ([38;5;121m71.99[0m[38;5;159m FPS per env, [38;5;121m1[0m[38;5;159m envs).[0m
[38;5;159m[Genesis] [11:47:00] [INFO] Running at [38;5;121m71.86[0m[38;5;159m FPS ([38;5;121m71.86[0m[38;5;159m FPS per env, [38;5;121m1[0m[38;5;159m envs).[0m
[38;5;159m[Genesis] [11:47:00] [INFO] Running at [38;5;121m72.12[0m[38;5;159m FPS ([38;5;121m72.12[0m[38;5;159m FPS per env, [38;5;121m1[0m[38;5;159m envs).[0m
[38;5;159m[Genesis] [11:47:00] [INFO] Running at [38;5;121m72.33[0m[38;5;159m FPS ([38;5;121m72.33[0m[38;5;159m FPS per env, [38;5;121m1[0m[38;5;159m envs).[0m
[38;5;159m[Genesis] [11:47:00] [INFO] Running at [38;5;121m72.55[0m[38;5;159m FPS ([38;5;121m72.55[0m[38;5;159m FPS per env, [38;5;121m1[0m[38;5;159m envs).[0m
[38;5;159m[Genesis] [11:47:00] [INFO] Running at [38;5;121m72.80[0m[38;5;159m FPS ([38;5;121m72.80[0m[38;5;159m FPS per env, [38;5;121m1[0m[38;5;159m envs).[0m
[38;5;159m[Genesis] [11:47:00] [INFO] Running at [38;5;121m73.05[0m[38;5;159m FPS ([38;5;121m73.05[0m[38;5;159m FPS per env, [38;5;121m1[0m[38;5;159m envs).[0m
[38;5;159m[Genesis] [11:47:00] [INFO] Running at [38;5;121m73.29[0m[38;5;159m FPS ([38;5;121m73.29[0m[38;5;159m FPS per env, [38;5;121m1[0m[38;5;159m envs).[0m
[38;5;159m[Genesis] [11:47:00] [INFO] Running at [38;5;121m72.76[0m[38;5;159m FPS ([38;5;121m72.76[0m[38;5;159m FPS per env, [38;5;121m1[0m[38;5;159m envs).[0m
[38;5;159m[Genesis] [11:47:00] [INFO] Running at [38;5;121m72.17[0m[38;5;159m FPS ([38;5;121m72.17[0m[38;5;159m FPS per env, [38;5;121m1[0m[38;5;159m envs).[0m
[38;5;159m[Genesis] [11:47:00] [INFO] Running at [38;5;121m71.90[0m[38;5;159m FPS ([38;5;121m71.90[0m[38;5;159m FPS per env, [38;5;121m1[0m[38;5;159m envs).[0m
[38;5;159m[Genesis] [11:47:00] [INFO] Running at [38;5;121m72.17[0m[38;5;159m FPS ([38;5;121m72.17[0m[38;5;159m FPS per env, [38;5;121m1[0m[38;5;159m envs).[0m
[38;5;159m[Genesis] [11:47:00] [INFO] Running at [38;5;121m72.47[0m[38;5;159m FPS ([38;5;121m72.47[0m[38;5;159m FPS per env, [38;5;121m1[0m[38;5;159m envs).[0m
fps 50
[38;5;159m[Genesis] [11:47:00] [INFO] Saving video to [38;5;121m"test_5000_behind.mp4"[0m[38;5;159m...[0m
[38;5;159m[Genesis] [11:47:03] [INFO] Video saved.[0m
[38;5;159m[Genesis] [11:47:03] [INFO] Saving video to [38;5;121m"test_5000_side.mp4"[0m[38;5;159m...[0m
[38;5;159m[Genesis] [11:47:05] [INFO] Video saved.[0m
Saved recordings for checkpoint 5000.
[38;5;159m[Genesis] [11:47:05] [INFO] 💤 Exiting Genesis and caching compiled kernels...[0m
