[38;5;159m[Genesis] [06:44:41] [INFO] [38;5;121m╭───────────────────────────────────────────────╮[0m[38;5;159m[0m
[38;5;159m[Genesis] [06:44:41] [INFO] [38;5;121m│┈┉┈┉┈┉┈┉┈┉┈┉┈┉┈┉┈┉┈[0m[38;5;159m [38;5;121m[1m[3mGenesis[0m[38;5;159m [38;5;121m┈┉┈┉┈┉┈┉┈┉┈┉┈┉┈┉┈┉┈│[0m[38;5;159m[0m
[38;5;159m[Genesis] [06:44:41] [INFO] [38;5;121m╰───────────────────────────────────────────────╯[0m[38;5;159m[0m
[38;5;159m[Genesis] [06:44:41] [INFO] Running on [38;5;121m[4m[NVIDIA GeForce RTX 5090][0m[38;5;159m with backend [38;5;121m[4mgs.cuda[0m[38;5;159m. Device memory: [38;5;121m[4m31.36[0m[38;5;159m GB.[0m
[38;5;159m[Genesis] [06:44:41] [INFO] 🚀 Genesis initialized. 🔖 version: [38;5;121m[4m0.4.7[0m[38;5;159m, 🎨 theme: [38;5;121m[4mdark[0m[38;5;159m, 🌱 seed: [38;5;121m[4mNone[0m[38;5;159m, 🐛 debug: [38;5;121m[4mFalse[0m[38;5;159m, 📏 precision: [38;5;121m[4m32[0m[38;5;159m, 🔥 performance: [38;5;121m[4mFalse[0m[38;5;159m, 💬 verbose: [38;5;121m[4mINFO[0m[38;5;159m[0m
[38;5;226m[Genesis] [06:44:44] [WARNING] Viewer option 'n_rendered_envs' is deprecated and will be removed in a future release. Please use 'rendered_envs_idx' instead.[0m
[38;5;159m[Genesis] [06:44:44] [INFO] Scene [38;5;121m[3m<702b297>[0m[38;5;159m created.[0m
[38;5;159m[Genesis] [06:44:44] [INFO] Adding [38;5;121m<gs.engine.entities.RigidEntity>[0m[38;5;159m. idx: [38;5;121m0[0m[38;5;159m, uid: [38;5;121m[3m<77ef755>[0m[38;5;159m, morph: [38;5;121m<gs.morphs.Plane>[0m[38;5;159m, material: [38;5;121m<gs.materials.Rigid>[0m[38;5;159m.[0m
[38;5;159m[Genesis] [06:44:44] [INFO] Adding [38;5;121m<gs.engine.entities.RigidEntity>[0m[38;5;159m. idx: [38;5;121m1[0m[38;5;159m, uid: [38;5;121m[3m<81e4b25>[0m[38;5;159m, morph: [38;5;121m<gs.morphs.URDF(file='/home/jfriesen/.local/lib/python3.12/site-packages/genesis/assets/urdf/go2/urdf/go2.urdf')>[0m[38;5;159m, material: [38;5;121m<gs.materials.Rigid>[0m[38;5;159m.[0m
[38;5;159m[Genesis] [06:44:47] [INFO] Building scene [38;5;121m[3m<702b297>[0m[38;5;159m...[0m
[38;5;226m[Genesis] [06:44:48] [WARNING] Neutral robot position (qpos0) exceeds joint limits.[0m
[38;5;159m[Genesis] [06:44:48] [INFO] Compiling simulation kernels...[0m
[38;5;159m[Genesis] [06:44:50] [INFO] Building visualizer...[0m
[38;5;226m[Genesis] [06:44:50] [WARNING] This property is deprecated and will be removed in future release. Please use 'dofs_idx_local' instead.[0m
[38;5;226m[Genesis] [06:44:50] [WARNING] This property is deprecated and will be removed in future release. Please use 'dofs_idx_local' instead.[0m
[38;5;226m[Genesis] [06:44:50] [WARNING] This property is deprecated and will be removed in future release. Please use 'dofs_idx_local' instead.[0m
[38;5;226m[Genesis] [06:44:50] [WARNING] This property is deprecated and will be removed in future release. Please use 'dofs_idx_local' instead.[0m
[38;5;226m[Genesis] [06:44:50] [WARNING] This property is deprecated and will be removed in future release. Please use 'dofs_idx_local' instead.[0m
[38;5;226m[Genesis] [06:44:50] [WARNING] This property is deprecated and will be removed in future release. Please use 'dofs_idx_local' instead.[0m
[38;5;226m[Genesis] [06:44:50] [WARNING] This property is deprecated and will be removed in future release. Please use 'dofs_idx_local' instead.[0m
[38;5;226m[Genesis] [06:44:50] [WARNING] This property is deprecated and will be removed in future release. Please use 'dofs_idx_local' instead.[0m
[38;5;226m[Genesis] [06:44:50] [WARNING] This property is deprecated and will be removed in future release. Please use 'dofs_idx_local' instead.[0m
[38;5;226m[Genesis] [06:44:50] [WARNING] This property is deprecated and will be removed in future release. Please use 'dofs_idx_local' instead.[0m
[38;5;226m[Genesis] [06:44:50] [WARNING] This property is deprecated and will be removed in future release. Please use 'dofs_idx_local' instead.[0m
[38;5;226m[Genesis] [06:44:50] [WARNING] This property is deprecated and will be removed in future release. Please use 'dofs_idx_local' instead.[0m
/home/jfriesen/.local/lib/python3.12/site-packages/torch/utils/_device.py:122: UserWarning: To copy construct from a tensor, it is recommended to use sourceTensor.detach().clone() or sourceTensor.detach().clone().requires_grad_(True), rather than torch.tensor(sourceTensor).
  return func(*args, **kwargs)
Actor MLP: Sequential(
  (0): Linear(in_features=51, out_features=512, bias=True)
  (1): ELU(alpha=1.0)
  (2): Linear(in_features=512, out_features=256, bias=True)
  (3): ELU(alpha=1.0)
  (4): Linear(in_features=256, out_features=128, bias=True)
  (5): ELU(alpha=1.0)
  (6): Linear(in_features=128, out_features=12, bias=True)
)
Critic MLP: Sequential(
  (0): Linear(in_features=75, out_features=512, bias=True)
  (1): ELU(alpha=1.0)
  (2): Linear(in_features=512, out_features=256, bias=True)
  (3): ELU(alpha=1.0)
  (4): Linear(in_features=256, out_features=128, bias=True)
  (5): ELU(alpha=1.0)
  (6): Linear(in_features=128, out_features=1, bias=True)
)
[38;5;159m[Genesis] [06:44:52] [INFO] Running at [38;5;121m1.62[0m[38;5;159m FPS ([38;5;121m1.62[0m[38;5;159m FPS per env, [38;5;121m1[0m[38;5;159m envs).[0m
[38;5;159m[Genesis] [06:44:53] [INFO] Running at [38;5;121m12.31[0m[38;5;159m FPS ([38;5;121m12.31[0m[38;5;159m FPS per env, [38;5;121m1[0m[38;5;159m envs).[0m
[38;5;159m[Genesis] [06:44:53] [INFO] Running at [38;5;121m76.84[0m[38;5;159m FPS ([38;5;121m76.84[0m[38;5;159m FPS per env, [38;5;121m1[0m[38;5;159m envs).[0m
[38;5;159m[Genesis] [06:44:53] [INFO] Running at [38;5;121m76.71[0m[38;5;159m FPS ([38;5;121m76.71[0m[38;5;159m FPS per env, [38;5;121m1[0m[38;5;159m envs).[0m
[38;5;159m[Genesis] [06:44:53] [INFO] Running at [38;5;121m76.82[0m[38;5;159m FPS ([38;5;121m76.82[0m[38;5;159m FPS per env, [38;5;121m1[0m[38;5;159m envs).[0m
[38;5;159m[Genesis] [06:44:53] [INFO] Running at [38;5;121m76.89[0m[38;5;159m FPS ([38;5;121m76.89[0m[38;5;159m FPS per env, [38;5;121m1[0m[38;5;159m envs).[0m
[38;5;159m[Genesis] [06:44:53] [INFO] Running at [38;5;121m76.97[0m[38;5;159m FPS ([38;5;121m76.97[0m[38;5;159m FPS per env, [38;5;121m1[0m[38;5;159m envs).[0m
[38;5;159m[Genesis] [06:44:53] [INFO] Running at [38;5;121m77.03[0m[38;5;159m FPS ([38;5;121m77.03[0m[38;5;159m FPS per env, [38;5;121m1[0m[38;5;159m envs).[0m
[38;5;159m[Genesis] [06:44:53] [INFO] Running at [38;5;121m76.96[0m[38;5;159m FPS ([38;5;121m76.96[0m[38;5;159m FPS per env, [38;5;121m1[0m[38;5;159m envs).[0m
[38;5;159m[Genesis] [06:44:53] [INFO] Running at [38;5;121m76.95[0m[38;5;159m FPS ([38;5;121m76.95[0m[38;5;159m FPS per env, [38;5;121m1[0m[38;5;159m envs).[0m
[38;5;159m[Genesis] [06:44:53] [INFO] Running at [38;5;121m76.45[0m[38;5;159m FPS ([38;5;121m76.45[0m[38;5;159m FPS per env, [38;5;121m1[0m[38;5;159m envs).[0m
[38;5;159m[Genesis] [06:44:53] [INFO] Running at [38;5;121m75.97[0m[38;5;159m FPS ([38;5;121m75.97[0m[38;5;159m FPS per env, [38;5;121m1[0m[38;5;159m envs).[0m
[38;5;159m[Genesis] [06:44:53] [INFO] Running at [38;5;121m75.93[0m[38;5;159m FPS ([38;5;121m75.93[0m[38;5;159m FPS per env, [38;5;121m1[0m[38;5;159m envs).[0m
[38;5;159m[Genesis] [06:44:53] [INFO] Running at [38;5;121m76.06[0m[38;5;159m FPS ([38;5;121m76.06[0m[38;5;159m FPS per env, [38;5;121m1[0m[38;5;159m envs).[0m
[38;5;159m[Genesis] [06:44:53] [INFO] Running at [38;5;121m76.21[0m[38;5;159m FPS ([38;5;121m76.21[0m[38;5;159m FPS per env, [38;5;121m1[0m[38;5;159m envs).[0m
[38;5;159m[Genesis] [06:44:53] [INFO] Running at [38;5;121m76.32[0m[38;5;159m FPS ([38;5;121m76.32[0m[38;5;159m FPS per env, [38;5;121m1[0m[38;5;159m envs).[0m
[38;5;159m[Genesis] [06:44:53] [INFO] Running at [38;5;121m76.41[0m[38;5;159m FPS ([38;5;121m76.41[0m[38;5;159m FPS per env, [38;5;121m1[0m[38;5;159m envs).[0m
[38;5;159m[Genesis] [06:44:53] [INFO] Running at [38;5;121m76.37[0m[38;5;159m FPS ([38;5;121m76.37[0m[38;5;159m FPS per env, [38;5;121m1[0m[38;5;159m envs).[0m
[38;5;159m[Genesis] [06:44:53] [INFO] Running at [38;5;121m76.46[0m[38;5;159m FPS ([38;5;121m76.46[0m[38;5;159m FPS per env, [38;5;121m1[0m[38;5;159m envs).[0m
[38;5;159m[Genesis] [06:44:53] [INFO] Running at [38;5;121m76.59[0m[38;5;159m FPS ([38;5;121m76.59[0m[38;5;159m FPS per env, [38;5;121m1[0m[38;5;159m envs).[0m
[38;5;159m[Genesis] [06:44:54] [INFO] Running at [38;5;121m76.68[0m[38;5;159m FPS ([38;5;121m76.68[0m[38;5;159m FPS per env, [38;5;121m1[0m[38;5;159m envs).[0m
[38;5;159m[Genesis] [06:44:54] [INFO] Running at [38;5;121m76.77[0m[38;5;159m FPS ([38;5;121m76.77[0m[38;5;159m FPS per env, [38;5;121m1[0m[38;5;159m envs).[0m
[38;5;159m[Genesis] [06:44:54] [INFO] Running at [38;5;121m76.69[0m[38;5;159m FPS ([38;5;121m76.69[0m[38;5;159m FPS per env, [38;5;121m1[0m[38;5;159m envs).[0m
[38;5;159m[Genesis] [06:44:54] [INFO] Running at [38;5;121m76.78[0m[38;5;159m FPS ([38;5;121m76.78[0m[38;5;159m FPS per env, [38;5;121m1[0m[38;5;159m envs).[0m
[38;5;159m[Genesis] [06:44:54] [INFO] Running at [38;5;121m76.87[0m[38;5;159m FPS ([38;5;121m76.87[0m[38;5;159m FPS per env, [38;5;121m1[0m[38;5;159m envs).[0m
[38;5;159m[Genesis] [06:44:54] [INFO] Running at [38;5;121m76.95[0m[38;5;159m FPS ([38;5;121m76.95[0m[38;5;159m FPS per env, [38;5;121m1[0m[38;5;159m envs).[0m
[38;5;159m[Genesis] [06:44:54] [INFO] Running at [38;5;121m76.86[0m[38;5;159m FPS ([38;5;121m76.86[0m[38;5;159m FPS per env, [38;5;121m1[0m[38;5;159m envs).[0m
[38;5;159m[Genesis] [06:44:54] [INFO] Running at [38;5;121m76.96[0m[38;5;159m FPS ([38;5;121m76.96[0m[38;5;159m FPS per env, [38;5;121m1[0m[38;5;159m envs).[0m
[38;5;159m[Genesis] [06:44:54] [INFO] Running at [38;5;121m77.02[0m[38;5;159m FPS ([38;5;121m77.02[0m[38;5;159m FPS per env, [38;5;121m1[0m[38;5;159m envs).[0m
[38;5;159m[Genesis] [06:44:54] [INFO] Running at [38;5;121m77.13[0m[38;5;159m FPS ([38;5;121m77.13[0m[38;5;159m FPS per env, [38;5;121m1[0m[38;5;159m envs).[0m
[38;5;159m[Genesis] [06:44:54] [INFO] Running at [38;5;121m77.21[0m[38;5;159m FPS ([38;5;121m77.21[0m[38;5;159m FPS per env, [38;5;121m1[0m[38;5;159m envs).[0m
[38;5;159m[Genesis] [06:44:54] [INFO] Running at [38;5;121m77.28[0m[38;5;159m FPS ([38;5;121m77.28[0m[38;5;159m FPS per env, [38;5;121m1[0m[38;5;159m envs).[0m
[38;5;159m[Genesis] [06:44:54] [INFO] Running at [38;5;121m77.31[0m[38;5;159m FPS ([38;5;121m77.31[0m[38;5;159m FPS per env, [38;5;121m1[0m[38;5;159m envs).[0m
[38;5;159m[Genesis] [06:44:54] [INFO] Running at [38;5;121m77.37[0m[38;5;159m FPS ([38;5;121m77.37[0m[38;5;159m FPS per env, [38;5;121m1[0m[38;5;159m envs).[0m
[38;5;159m[Genesis] [06:44:54] [INFO] Running at [38;5;121m77.43[0m[38;5;159m FPS ([38;5;121m77.43[0m[38;5;159m FPS per env, [38;5;121m1[0m[38;5;159m envs).[0m
[38;5;159m[Genesis] [06:44:54] [INFO] Running at [38;5;121m77.37[0m[38;5;159m FPS ([38;5;121m77.37[0m[38;5;159m FPS per env, [38;5;121m1[0m[38;5;159m envs).[0m
[38;5;159m[Genesis] [06:44:54] [INFO] Running at [38;5;121m77.41[0m[38;5;159m FPS ([38;5;121m77.41[0m[38;5;159m FPS per env, [38;5;121m1[0m[38;5;159m envs).[0m
[38;5;159m[Genesis] [06:44:54] [INFO] Running at [38;5;121m77.49[0m[38;5;159m FPS ([38;5;121m77.49[0m[38;5;159m FPS per env, [38;5;121m1[0m[38;5;159m envs).[0m
[38;5;159m[Genesis] [06:44:54] [INFO] Running at [38;5;121m77.55[0m[38;5;159m FPS ([38;5;121m77.55[0m[38;5;159m FPS per env, [38;5;121m1[0m[38;5;159m envs).[0m
[38;5;159m[Genesis] [06:44:55] [INFO] Running at [38;5;121m77.63[0m[38;5;159m FPS ([38;5;121m77.63[0m[38;5;159m FPS per env, [38;5;121m1[0m[38;5;159m envs).[0m
[38;5;159m[Genesis] [06:44:55] [INFO] Running at [38;5;121m77.70[0m[38;5;159m FPS ([38;5;121m77.70[0m[38;5;159m FPS per env, [38;5;121m1[0m[38;5;159m envs).[0m
[38;5;159m[Genesis] [06:44:55] [INFO] Running at [38;5;121m77.74[0m[38;5;159m FPS ([38;5;121m77.74[0m[38;5;159m FPS per env, [38;5;121m1[0m[38;5;159m envs).[0m
[38;5;159m[Genesis] [06:44:55] [INFO] Running at [38;5;121m77.78[0m[38;5;159m FPS ([38;5;121m77.78[0m[38;5;159m FPS per env, [38;5;121m1[0m[38;5;159m envs).[0m
[38;5;159m[Genesis] [06:44:55] [INFO] Running at [38;5;121m77.67[0m[38;5;159m FPS ([38;5;121m77.67[0m[38;5;159m FPS per env, [38;5;121m1[0m[38;5;159m envs).[0m
[38;5;159m[Genesis] [06:44:55] [INFO] Running at [38;5;121m77.65[0m[38;5;159m FPS ([38;5;121m77.65[0m[38;5;159m FPS per env, [38;5;121m1[0m[38;5;159m envs).[0m
[38;5;159m[Genesis] [06:44:55] [INFO] Running at [38;5;121m77.60[0m[38;5;159m FPS ([38;5;121m77.60[0m[38;5;159m FPS per env, [38;5;121m1[0m[38;5;159m envs).[0m
[38;5;159m[Genesis] [06:44:55] [INFO] Running at [38;5;121m77.66[0m[38;5;159m FPS ([38;5;121m77.66[0m[38;5;159m FPS per env, [38;5;121m1[0m[38;5;159m envs).[0m
[38;5;159m[Genesis] [06:44:55] [INFO] Running at [38;5;121m77.72[0m[38;5;159m FPS ([38;5;121m77.72[0m[38;5;159m FPS per env, [38;5;121m1[0m[38;5;159m envs).[0m
[38;5;159m[Genesis] [06:44:55] [INFO] Running at [38;5;121m77.79[0m[38;5;159m FPS ([38;5;121m77.79[0m[38;5;159m FPS per env, [38;5;121m1[0m[38;5;159m envs).[0m
[38;5;159m[Genesis] [06:44:55] [INFO] Running at [38;5;121m77.84[0m[38;5;159m FPS ([38;5;121m77.84[0m[38;5;159m FPS per env, [38;5;121m1[0m[38;5;159m envs).[0m
[38;5;159m[Genesis] [06:44:55] [INFO] Running at [38;5;121m77.90[0m[38;5;159m FPS ([38;5;121m77.90[0m[38;5;159m FPS per env, [38;5;121m1[0m[38;5;159m envs).[0m
[38;5;159m[Genesis] [06:44:55] [INFO] Running at [38;5;121m77.90[0m[38;5;159m FPS ([38;5;121m77.90[0m[38;5;159m FPS per env, [38;5;121m1[0m[38;5;159m envs).[0m
[38;5;159m[Genesis] [06:44:55] [INFO] Running at [38;5;121m77.93[0m[38;5;159m FPS ([38;5;121m77.93[0m[38;5;159m FPS per env, [38;5;121m1[0m[38;5;159m envs).[0m
[38;5;159m[Genesis] [06:44:55] [INFO] Running at [38;5;121m77.98[0m[38;5;159m FPS ([38;5;121m77.98[0m[38;5;159m FPS per env, [38;5;121m1[0m[38;5;159m envs).[0m
[38;5;159m[Genesis] [06:44:55] [INFO] Running at [38;5;121m77.86[0m[38;5;159m FPS ([38;5;121m77.86[0m[38;5;159m FPS per env, [38;5;121m1[0m[38;5;159m envs).[0m
[38;5;159m[Genesis] [06:44:55] [INFO] Running at [38;5;121m77.90[0m[38;5;159m FPS ([38;5;121m77.90[0m[38;5;159m FPS per env, [38;5;121m1[0m[38;5;159m envs).[0m
[38;5;159m[Genesis] [06:44:55] [INFO] Running at [38;5;121m77.95[0m[38;5;159m FPS ([38;5;121m77.95[0m[38;5;159m FPS per env, [38;5;121m1[0m[38;5;159m envs).[0m
[38;5;159m[Genesis] [06:44:55] [INFO] Running at [38;5;121m78.00[0m[38;5;159m FPS ([38;5;121m78.00[0m[38;5;159m FPS per env, [38;5;121m1[0m[38;5;159m envs).[0m
[38;5;159m[Genesis] [06:44:55] [INFO] Running at [38;5;121m78.05[0m[38;5;159m FPS ([38;5;121m78.05[0m[38;5;159m FPS per env, [38;5;121m1[0m[38;5;159m envs).[0m
[38;5;159m[Genesis] [06:44:56] [INFO] Running at [38;5;121m78.09[0m[38;5;159m FPS ([38;5;121m78.09[0m[38;5;159m FPS per env, [38;5;121m1[0m[38;5;159m envs).[0m
[38;5;159m[Genesis] [06:44:56] [INFO] Running at [38;5;121m78.13[0m[38;5;159m FPS ([38;5;121m78.13[0m[38;5;159m FPS per env, [38;5;121m1[0m[38;5;159m envs).[0m
[38;5;159m[Genesis] [06:44:56] [INFO] Running at [38;5;121m78.14[0m[38;5;159m FPS ([38;5;121m78.14[0m[38;5;159m FPS per env, [38;5;121m1[0m[38;5;159m envs).[0m
[38;5;159m[Genesis] [06:44:56] [INFO] Running at [38;5;121m78.15[0m[38;5;159m FPS ([38;5;121m78.15[0m[38;5;159m FPS per env, [38;5;121m1[0m[38;5;159m envs).[0m
[38;5;159m[Genesis] [06:44:56] [INFO] Running at [38;5;121m78.03[0m[38;5;159m FPS ([38;5;121m78.03[0m[38;5;159m FPS per env, [38;5;121m1[0m[38;5;159m envs).[0m
[38;5;159m[Genesis] [06:44:56] [INFO] Running at [38;5;121m78.05[0m[38;5;159m FPS ([38;5;121m78.05[0m[38;5;159m FPS per env, [38;5;121m1[0m[38;5;159m envs).[0m
[38;5;159m[Genesis] [06:44:56] [INFO] Running at [38;5;121m77.90[0m[38;5;159m FPS ([38;5;121m77.90[0m[38;5;159m FPS per env, [38;5;121m1[0m[38;5;159m envs).[0m
[38;5;159m[Genesis] [06:44:56] [INFO] Running at [38;5;121m77.95[0m[38;5;159m FPS ([38;5;121m77.95[0m[38;5;159m FPS per env, [38;5;121m1[0m[38;5;159m envs).[0m
[38;5;159m[Genesis] [06:44:56] [INFO] Running at [38;5;121m77.99[0m[38;5;159m FPS ([38;5;121m77.99[0m[38;5;159m FPS per env, [38;5;121m1[0m[38;5;159m envs).[0m
[38;5;159m[Genesis] [06:44:56] [INFO] Running at [38;5;121m78.05[0m[38;5;159m FPS ([38;5;121m78.05[0m[38;5;159m FPS per env, [38;5;121m1[0m[38;5;159m envs).[0m
[38;5;159m[Genesis] [06:44:56] [INFO] Running at [38;5;121m78.09[0m[38;5;159m FPS ([38;5;121m78.09[0m[38;5;159m FPS per env, [38;5;121m1[0m[38;5;159m envs).[0m
[38;5;159m[Genesis] [06:44:56] [INFO] Running at [38;5;121m78.01[0m[38;5;159m FPS ([38;5;121m78.01[0m[38;5;159m FPS per env, [38;5;121m1[0m[38;5;159m envs).[0m
[38;5;159m[Genesis] [06:44:56] [INFO] Running at [38;5;121m77.52[0m[38;5;159m FPS ([38;5;121m77.52[0m[38;5;159m FPS per env, [38;5;121m1[0m[38;5;159m envs).[0m
[38;5;159m[Genesis] [06:44:56] [INFO] Running at [38;5;121m76.97[0m[38;5;159m FPS ([38;5;121m76.97[0m[38;5;159m FPS per env, [38;5;121m1[0m[38;5;159m envs).[0m
[38;5;159m[Genesis] [06:44:56] [INFO] Running at [38;5;121m76.54[0m[38;5;159m FPS ([38;5;121m76.54[0m[38;5;159m FPS per env, [38;5;121m1[0m[38;5;159m envs).[0m
[38;5;159m[Genesis] [06:44:56] [INFO] Running at [38;5;121m76.17[0m[38;5;159m FPS ([38;5;121m76.17[0m[38;5;159m FPS per env, [38;5;121m1[0m[38;5;159m envs).[0m
[38;5;159m[Genesis] [06:44:56] [INFO] Running at [38;5;121m75.81[0m[38;5;159m FPS ([38;5;121m75.81[0m[38;5;159m FPS per env, [38;5;121m1[0m[38;5;159m envs).[0m
[38;5;159m[Genesis] [06:44:56] [INFO] Running at [38;5;121m75.48[0m[38;5;159m FPS ([38;5;121m75.48[0m[38;5;159m FPS per env, [38;5;121m1[0m[38;5;159m envs).[0m
[38;5;159m[Genesis] [06:44:57] [INFO] Running at [38;5;121m75.30[0m[38;5;159m FPS ([38;5;121m75.30[0m[38;5;159m FPS per env, [38;5;121m1[0m[38;5;159m envs).[0m
[38;5;159m[Genesis] [06:44:57] [INFO] Running at [38;5;121m75.46[0m[38;5;159m FPS ([38;5;121m75.46[0m[38;5;159m FPS per env, [38;5;121m1[0m[38;5;159m envs).[0m
[38;5;159m[Genesis] [06:44:57] [INFO] Running at [38;5;121m75.63[0m[38;5;159m FPS ([38;5;121m75.63[0m[38;5;159m FPS per env, [38;5;121m1[0m[38;5;159m envs).[0m
[38;5;159m[Genesis] [06:44:57] [INFO] Running at [38;5;121m75.78[0m[38;5;159m FPS ([38;5;121m75.78[0m[38;5;159m FPS per env, [38;5;121m1[0m[38;5;159m envs).[0m
[38;5;159m[Genesis] [06:44:57] [INFO] Running at [38;5;121m75.49[0m[38;5;159m FPS ([38;5;121m75.49[0m[38;5;159m FPS per env, [38;5;121m1[0m[38;5;159m envs).[0m
[38;5;159m[Genesis] [06:44:57] [INFO] Running at [38;5;121m75.18[0m[38;5;159m FPS ([38;5;121m75.18[0m[38;5;159m FPS per env, [38;5;121m1[0m[38;5;159m envs).[0m
[38;5;159m[Genesis] [06:44:57] [INFO] Running at [38;5;121m74.88[0m[38;5;159m FPS ([38;5;121m74.88[0m[38;5;159m FPS per env, [38;5;121m1[0m[38;5;159m envs).[0m
[38;5;159m[Genesis] [06:44:57] [INFO] Running at [38;5;121m74.47[0m[38;5;159m FPS ([38;5;121m74.47[0m[38;5;159m FPS per env, [38;5;121m1[0m[38;5;159m envs).[0m
[38;5;159m[Genesis] [06:44:57] [INFO] Running at [38;5;121m74.68[0m[38;5;159m FPS ([38;5;121m74.68[0m[38;5;159m FPS per env, [38;5;121m1[0m[38;5;159m envs).[0m
[38;5;159m[Genesis] [06:44:57] [INFO] Running at [38;5;121m74.71[0m[38;5;159m FPS ([38;5;121m74.71[0m[38;5;159m FPS per env, [38;5;121m1[0m[38;5;159m envs).[0m
[38;5;159m[Genesis] [06:44:57] [INFO] Running at [38;5;121m74.91[0m[38;5;159m FPS ([38;5;121m74.91[0m[38;5;159m FPS per env, [38;5;121m1[0m[38;5;159m envs).[0m
[38;5;159m[Genesis] [06:44:57] [INFO] Running at [38;5;121m75.11[0m[38;5;159m FPS ([38;5;121m75.11[0m[38;5;159m FPS per env, [38;5;121m1[0m[38;5;159m envs).[0m
[38;5;159m[Genesis] [06:44:57] [INFO] Running at [38;5;121m75.24[0m[38;5;159m FPS ([38;5;121m75.24[0m[38;5;159m FPS per env, [38;5;121m1[0m[38;5;159m envs).[0m
[38;5;159m[Genesis] [06:44:57] [INFO] Running at [38;5;121m75.25[0m[38;5;159m FPS ([38;5;121m75.25[0m[38;5;159m FPS per env, [38;5;121m1[0m[38;5;159m envs).[0m
[38;5;159m[Genesis] [06:44:57] [INFO] Running at [38;5;121m75.41[0m[38;5;159m FPS ([38;5;121m75.41[0m[38;5;159m FPS per env, [38;5;121m1[0m[38;5;159m envs).[0m
[38;5;159m[Genesis] [06:44:57] [INFO] Running at [38;5;121m75.44[0m[38;5;159m FPS ([38;5;121m75.44[0m[38;5;159m FPS per env, [38;5;121m1[0m[38;5;159m envs).[0m
[38;5;159m[Genesis] [06:44:57] [INFO] Running at [38;5;121m75.14[0m[38;5;159m FPS ([38;5;121m75.14[0m[38;5;159m FPS per env, [38;5;121m1[0m[38;5;159m envs).[0m
[38;5;159m[Genesis] [06:44:57] [INFO] Running at [38;5;121m74.86[0m[38;5;159m FPS ([38;5;121m74.86[0m[38;5;159m FPS per env, [38;5;121m1[0m[38;5;159m envs).[0m
[38;5;159m[Genesis] [06:44:57] [INFO] Running at [38;5;121m74.59[0m[38;5;159m FPS ([38;5;121m74.59[0m[38;5;159m FPS per env, [38;5;121m1[0m[38;5;159m envs).[0m
[38;5;159m[Genesis] [06:44:58] [INFO] Running at [38;5;121m74.67[0m[38;5;159m FPS ([38;5;121m74.67[0m[38;5;159m FPS per env, [38;5;121m1[0m[38;5;159m envs).[0m
[38;5;159m[Genesis] [06:44:58] [INFO] Running at [38;5;121m74.86[0m[38;5;159m FPS ([38;5;121m74.86[0m[38;5;159m FPS per env, [38;5;121m1[0m[38;5;159m envs).[0m
[38;5;159m[Genesis] [06:44:58] [INFO] Running at [38;5;121m74.97[0m[38;5;159m FPS ([38;5;121m74.97[0m[38;5;159m FPS per env, [38;5;121m1[0m[38;5;159m envs).[0m
[38;5;159m[Genesis] [06:44:58] [INFO] Running at [38;5;121m75.07[0m[38;5;159m FPS ([38;5;121m75.07[0m[38;5;159m FPS per env, [38;5;121m1[0m[38;5;159m envs).[0m
[38;5;159m[Genesis] [06:44:58] [INFO] Running at [38;5;121m74.91[0m[38;5;159m FPS ([38;5;121m74.91[0m[38;5;159m FPS per env, [38;5;121m1[0m[38;5;159m envs).[0m
[38;5;159m[Genesis] [06:44:58] [INFO] Running at [38;5;121m74.63[0m[38;5;159m FPS ([38;5;121m74.63[0m[38;5;159m FPS per env, [38;5;121m1[0m[38;5;159m envs).[0m
[38;5;159m[Genesis] [06:44:58] [INFO] Running at [38;5;121m74.36[0m[38;5;159m FPS ([38;5;121m74.36[0m[38;5;159m FPS per env, [38;5;121m1[0m[38;5;159m envs).[0m
[38;5;159m[Genesis] [06:44:58] [INFO] Running at [38;5;121m74.24[0m[38;5;159m FPS ([38;5;121m74.24[0m[38;5;159m FPS per env, [38;5;121m1[0m[38;5;159m envs).[0m
[38;5;159m[Genesis] [06:44:58] [INFO] Running at [38;5;121m74.46[0m[38;5;159m FPS ([38;5;121m74.46[0m[38;5;159m FPS per env, [38;5;121m1[0m[38;5;159m envs).[0m
[38;5;159m[Genesis] [06:44:58] [INFO] Running at [38;5;121m74.68[0m[38;5;159m FPS ([38;5;121m74.68[0m[38;5;159m FPS per env, [38;5;121m1[0m[38;5;159m envs).[0m
[38;5;159m[Genesis] [06:44:58] [INFO] Running at [38;5;121m74.88[0m[38;5;159m FPS ([38;5;121m74.88[0m[38;5;159m FPS per env, [38;5;121m1[0m[38;5;159m envs).[0m
[38;5;159m[Genesis] [06:44:58] [INFO] Running at [38;5;121m74.62[0m[38;5;159m FPS ([38;5;121m74.62[0m[38;5;159m FPS per env, [38;5;121m1[0m[38;5;159m envs).[0m
[38;5;159m[Genesis] [06:44:58] [INFO] Running at [38;5;121m74.28[0m[38;5;159m FPS ([38;5;121m74.28[0m[38;5;159m FPS per env, [38;5;121m1[0m[38;5;159m envs).[0m
[38;5;159m[Genesis] [06:44:58] [INFO] Running at [38;5;121m74.04[0m[38;5;159m FPS ([38;5;121m74.04[0m[38;5;159m FPS per env, [38;5;121m1[0m[38;5;159m envs).[0m
[38;5;159m[Genesis] [06:44:58] [INFO] Running at [38;5;121m73.82[0m[38;5;159m FPS ([38;5;121m73.82[0m[38;5;159m FPS per env, [38;5;121m1[0m[38;5;159m envs).[0m
[38;5;159m[Genesis] [06:44:58] [INFO] Running at [38;5;121m74.05[0m[38;5;159m FPS ([38;5;121m74.05[0m[38;5;159m FPS per env, [38;5;121m1[0m[38;5;159m envs).[0m
[38;5;159m[Genesis] [06:44:58] [INFO] Running at [38;5;121m74.27[0m[38;5;159m FPS ([38;5;121m74.27[0m[38;5;159m FPS per env, [38;5;121m1[0m[38;5;159m envs).[0m
[38;5;159m[Genesis] [06:44:58] [INFO] Running at [38;5;121m74.48[0m[38;5;159m FPS ([38;5;121m74.48[0m[38;5;159m FPS per env, [38;5;121m1[0m[38;5;159m envs).[0m
[38;5;159m[Genesis] [06:44:58] [INFO] Running at [38;5;121m74.68[0m[38;5;159m FPS ([38;5;121m74.68[0m[38;5;159m FPS per env, [38;5;121m1[0m[38;5;159m envs).[0m
[38;5;159m[Genesis] [06:44:59] [INFO] Running at [38;5;121m74.42[0m[38;5;159m FPS ([38;5;121m74.42[0m[38;5;159m FPS per env, [38;5;121m1[0m[38;5;159m envs).[0m
[38;5;159m[Genesis] [06:44:59] [INFO] Running at [38;5;121m74.02[0m[38;5;159m FPS ([38;5;121m74.02[0m[38;5;159m FPS per env, [38;5;121m1[0m[38;5;159m envs).[0m
[38;5;159m[Genesis] [06:44:59] [INFO] Running at [38;5;121m73.78[0m[38;5;159m FPS ([38;5;121m73.78[0m[38;5;159m FPS per env, [38;5;121m1[0m[38;5;159m envs).[0m
[38;5;159m[Genesis] [06:44:59] [INFO] Running at [38;5;121m73.78[0m[38;5;159m FPS ([38;5;121m73.78[0m[38;5;159m FPS per env, [38;5;121m1[0m[38;5;159m envs).[0m
[38;5;159m[Genesis] [06:44:59] [INFO] Running at [38;5;121m74.02[0m[38;5;159m FPS ([38;5;121m74.02[0m[38;5;159m FPS per env, [38;5;121m1[0m[38;5;159m envs).[0m
[38;5;159m[Genesis] [06:44:59] [INFO] Running at [38;5;121m74.23[0m[38;5;159m FPS ([38;5;121m74.23[0m[38;5;159m FPS per env, [38;5;121m1[0m[38;5;159m envs).[0m
[38;5;159m[Genesis] [06:44:59] [INFO] Running at [38;5;121m74.43[0m[38;5;159m FPS ([38;5;121m74.43[0m[38;5;159m FPS per env, [38;5;121m1[0m[38;5;159m envs).[0m
[38;5;159m[Genesis] [06:44:59] [INFO] Running at [38;5;121m74.29[0m[38;5;159m FPS ([38;5;121m74.29[0m[38;5;159m FPS per env, [38;5;121m1[0m[38;5;159m envs).[0m
[38;5;159m[Genesis] [06:44:59] [INFO] Running at [38;5;121m74.04[0m[38;5;159m FPS ([38;5;121m74.04[0m[38;5;159m FPS per env, [38;5;121m1[0m[38;5;159m envs).[0m
[38;5;159m[Genesis] [06:44:59] [INFO] Running at [38;5;121m73.83[0m[38;5;159m FPS ([38;5;121m73.83[0m[38;5;159m FPS per env, [38;5;121m1[0m[38;5;159m envs).[0m
[38;5;159m[Genesis] [06:44:59] [INFO] Running at [38;5;121m73.60[0m[38;5;159m FPS ([38;5;121m73.60[0m[38;5;159m FPS per env, [38;5;121m1[0m[38;5;159m envs).[0m
[38;5;159m[Genesis] [06:44:59] [INFO] Running at [38;5;121m73.77[0m[38;5;159m FPS ([38;5;121m73.77[0m[38;5;159m FPS per env, [38;5;121m1[0m[38;5;159m envs).[0m
[38;5;159m[Genesis] [06:44:59] [INFO] Running at [38;5;121m74.01[0m[38;5;159m FPS ([38;5;121m74.01[0m[38;5;159m FPS per env, [38;5;121m1[0m[38;5;159m envs).[0m
[38;5;159m[Genesis] [06:44:59] [INFO] Running at [38;5;121m74.23[0m[38;5;159m FPS ([38;5;121m74.23[0m[38;5;159m FPS per env, [38;5;121m1[0m[38;5;159m envs).[0m
[38;5;159m[Genesis] [06:44:59] [INFO] Running at [38;5;121m74.28[0m[38;5;159m FPS ([38;5;121m74.28[0m[38;5;159m FPS per env, [38;5;121m1[0m[38;5;159m envs).[0m
[38;5;159m[Genesis] [06:44:59] [INFO] Running at [38;5;121m74.49[0m[38;5;159m FPS ([38;5;121m74.49[0m[38;5;159m FPS per env, [38;5;121m1[0m[38;5;159m envs).[0m
[38;5;159m[Genesis] [06:44:59] [INFO] Running at [38;5;121m74.70[0m[38;5;159m FPS ([38;5;121m74.70[0m[38;5;159m FPS per env, [38;5;121m1[0m[38;5;159m envs).[0m
[38;5;159m[Genesis] [06:44:59] [INFO] Running at [38;5;121m74.89[0m[38;5;159m FPS ([38;5;121m74.89[0m[38;5;159m FPS per env, [38;5;121m1[0m[38;5;159m envs).[0m
[38;5;159m[Genesis] [06:45:00] [INFO] Running at [38;5;121m74.82[0m[38;5;159m FPS ([38;5;121m74.82[0m[38;5;159m FPS per env, [38;5;121m1[0m[38;5;159m envs).[0m
[38;5;159m[Genesis] [06:45:00] [INFO] Running at [38;5;121m74.47[0m[38;5;159m FPS ([38;5;121m74.47[0m[38;5;159m FPS per env, [38;5;121m1[0m[38;5;159m envs).[0m
[38;5;159m[Genesis] [06:45:00] [INFO] Running at [38;5;121m74.20[0m[38;5;159m FPS ([38;5;121m74.20[0m[38;5;159m FPS per env, [38;5;121m1[0m[38;5;159m envs).[0m
[38;5;159m[Genesis] [06:45:00] [INFO] Running at [38;5;121m73.97[0m[38;5;159m FPS ([38;5;121m73.97[0m[38;5;159m FPS per env, [38;5;121m1[0m[38;5;159m envs).[0m
[38;5;159m[Genesis] [06:45:00] [INFO] Running at [38;5;121m74.15[0m[38;5;159m FPS ([38;5;121m74.15[0m[38;5;159m FPS per env, [38;5;121m1[0m[38;5;159m envs).[0m
[38;5;159m[Genesis] [06:45:00] [INFO] Running at [38;5;121m74.37[0m[38;5;159m FPS ([38;5;121m74.37[0m[38;5;159m FPS per env, [38;5;121m1[0m[38;5;159m envs).[0m
[38;5;159m[Genesis] [06:45:00] [INFO] Running at [38;5;121m74.57[0m[38;5;159m FPS ([38;5;121m74.57[0m[38;5;159m FPS per env, [38;5;121m1[0m[38;5;159m envs).[0m
[38;5;159m[Genesis] [06:45:00] [INFO] Running at [38;5;121m74.76[0m[38;5;159m FPS ([38;5;121m74.76[0m[38;5;159m FPS per env, [38;5;121m1[0m[38;5;159m envs).[0m
[38;5;159m[Genesis] [06:45:00] [INFO] Running at [38;5;121m74.50[0m[38;5;159m FPS ([38;5;121m74.50[0m[38;5;159m FPS per env, [38;5;121m1[0m[38;5;159m envs).[0m
[38;5;159m[Genesis] [06:45:00] [INFO] Running at [38;5;121m74.25[0m[38;5;159m FPS ([38;5;121m74.25[0m[38;5;159m FPS per env, [38;5;121m1[0m[38;5;159m envs).[0m
[38;5;159m[Genesis] [06:45:00] [INFO] Running at [38;5;121m73.92[0m[38;5;159m FPS ([38;5;121m73.92[0m[38;5;159m FPS per env, [38;5;121m1[0m[38;5;159m envs).[0m
[38;5;159m[Genesis] [06:45:00] [INFO] Running at [38;5;121m73.92[0m[38;5;159m FPS ([38;5;121m73.92[0m[38;5;159m FPS per env, [38;5;121m1[0m[38;5;159m envs).[0m
[38;5;159m[Genesis] [06:45:00] [INFO] Running at [38;5;121m74.12[0m[38;5;159m FPS ([38;5;121m74.12[0m[38;5;159m FPS per env, [38;5;121m1[0m[38;5;159m envs).[0m
[38;5;159m[Genesis] [06:45:00] [INFO] Running at [38;5;121m74.34[0m[38;5;159m FPS ([38;5;121m74.34[0m[38;5;159m FPS per env, [38;5;121m1[0m[38;5;159m envs).[0m
[38;5;159m[Genesis] [06:45:00] [INFO] Running at [38;5;121m74.56[0m[38;5;159m FPS ([38;5;121m74.56[0m[38;5;159m FPS per env, [38;5;121m1[0m[38;5;159m envs).[0m
[38;5;159m[Genesis] [06:45:00] [INFO] Running at [38;5;121m74.40[0m[38;5;159m FPS ([38;5;121m74.40[0m[38;5;159m FPS per env, [38;5;121m1[0m[38;5;159m envs).[0m
[38;5;159m[Genesis] [06:45:00] [INFO] Running at [38;5;121m74.16[0m[38;5;159m FPS ([38;5;121m74.16[0m[38;5;159m FPS per env, [38;5;121m1[0m[38;5;159m envs).[0m
[38;5;159m[Genesis] [06:45:00] [INFO] Running at [38;5;121m73.78[0m[38;5;159m FPS ([38;5;121m73.78[0m[38;5;159m FPS per env, [38;5;121m1[0m[38;5;159m envs).[0m
[38;5;159m[Genesis] [06:45:01] [INFO] Running at [38;5;121m73.60[0m[38;5;159m FPS ([38;5;121m73.60[0m[38;5;159m FPS per env, [38;5;121m1[0m[38;5;159m envs).[0m
[38;5;159m[Genesis] [06:45:01] [INFO] Running at [38;5;121m73.81[0m[38;5;159m FPS ([38;5;121m73.81[0m[38;5;159m FPS per env, [38;5;121m1[0m[38;5;159m envs).[0m
[38;5;159m[Genesis] [06:45:01] [INFO] Running at [38;5;121m74.03[0m[38;5;159m FPS ([38;5;121m74.03[0m[38;5;159m FPS per env, [38;5;121m1[0m[38;5;159m envs).[0m
[38;5;159m[Genesis] [06:45:01] [INFO] Running at [38;5;121m74.27[0m[38;5;159m FPS ([38;5;121m74.27[0m[38;5;159m FPS per env, [38;5;121m1[0m[38;5;159m envs).[0m
[38;5;159m[Genesis] [06:45:01] [INFO] Running at [38;5;121m74.38[0m[38;5;159m FPS ([38;5;121m74.38[0m[38;5;159m FPS per env, [38;5;121m1[0m[38;5;159m envs).[0m
[38;5;159m[Genesis] [06:45:01] [INFO] Running at [38;5;121m74.13[0m[38;5;159m FPS ([38;5;121m74.13[0m[38;5;159m FPS per env, [38;5;121m1[0m[38;5;159m envs).[0m
[38;5;159m[Genesis] [06:45:01] [INFO] Running at [38;5;121m73.90[0m[38;5;159m FPS ([38;5;121m73.90[0m[38;5;159m FPS per env, [38;5;121m1[0m[38;5;159m envs).[0m
[38;5;159m[Genesis] [06:45:01] [INFO] Running at [38;5;121m73.69[0m[38;5;159m FPS ([38;5;121m73.69[0m[38;5;159m FPS per env, [38;5;121m1[0m[38;5;159m envs).[0m
[38;5;159m[Genesis] [06:45:01] [INFO] Running at [38;5;121m73.83[0m[38;5;159m FPS ([38;5;121m73.83[0m[38;5;159m FPS per env, [38;5;121m1[0m[38;5;159m envs).[0m
[38;5;159m[Genesis] [06:45:01] [INFO] Running at [38;5;121m73.98[0m[38;5;159m FPS ([38;5;121m73.98[0m[38;5;159m FPS per env, [38;5;121m1[0m[38;5;159m envs).[0m
[38;5;159m[Genesis] [06:45:01] [INFO] Running at [38;5;121m74.19[0m[38;5;159m FPS ([38;5;121m74.19[0m[38;5;159m FPS per env, [38;5;121m1[0m[38;5;159m envs).[0m
[38;5;159m[Genesis] [06:45:01] [INFO] Running at [38;5;121m74.42[0m[38;5;159m FPS ([38;5;121m74.42[0m[38;5;159m FPS per env, [38;5;121m1[0m[38;5;159m envs).[0m
[38;5;159m[Genesis] [06:45:01] [INFO] Running at [38;5;121m74.18[0m[38;5;159m FPS ([38;5;121m74.18[0m[38;5;159m FPS per env, [38;5;121m1[0m[38;5;159m envs).[0m
[38;5;159m[Genesis] [06:45:01] [INFO] Running at [38;5;121m73.96[0m[38;5;159m FPS ([38;5;121m73.96[0m[38;5;159m FPS per env, [38;5;121m1[0m[38;5;159m envs).[0m
[38;5;159m[Genesis] [06:45:01] [INFO] Running at [38;5;121m73.75[0m[38;5;159m FPS ([38;5;121m73.75[0m[38;5;159m FPS per env, [38;5;121m1[0m[38;5;159m envs).[0m
[38;5;159m[Genesis] [06:45:01] [INFO] Running at [38;5;121m73.70[0m[38;5;159m FPS ([38;5;121m73.70[0m[38;5;159m FPS per env, [38;5;121m1[0m[38;5;159m envs).[0m
[38;5;159m[Genesis] [06:45:01] [INFO] Running at [38;5;121m73.93[0m[38;5;159m FPS ([38;5;121m73.93[0m[38;5;159m FPS per env, [38;5;121m1[0m[38;5;159m envs).[0m
[38;5;159m[Genesis] [06:45:01] [INFO] Running at [38;5;121m74.16[0m[38;5;159m FPS ([38;5;121m74.16[0m[38;5;159m FPS per env, [38;5;121m1[0m[38;5;159m envs).[0m
[38;5;159m[Genesis] [06:45:01] [INFO] Running at [38;5;121m74.31[0m[38;5;159m FPS ([38;5;121m74.31[0m[38;5;159m FPS per env, [38;5;121m1[0m[38;5;159m envs).[0m
[38;5;159m[Genesis] [06:45:02] [INFO] Running at [38;5;121m74.29[0m[38;5;159m FPS ([38;5;121m74.29[0m[38;5;159m FPS per env, [38;5;121m1[0m[38;5;159m envs).[0m
[38;5;159m[Genesis] [06:45:02] [INFO] Running at [38;5;121m73.90[0m[38;5;159m FPS ([38;5;121m73.90[0m[38;5;159m FPS per env, [38;5;121m1[0m[38;5;159m envs).[0m
[38;5;159m[Genesis] [06:45:02] [INFO] Running at [38;5;121m73.70[0m[38;5;159m FPS ([38;5;121m73.70[0m[38;5;159m FPS per env, [38;5;121m1[0m[38;5;159m envs).[0m
[38;5;159m[Genesis] [06:45:02] [INFO] Running at [38;5;121m73.51[0m[38;5;159m FPS ([38;5;121m73.51[0m[38;5;159m FPS per env, [38;5;121m1[0m[38;5;159m envs).[0m
[38;5;159m[Genesis] [06:45:02] [INFO] Running at [38;5;121m73.75[0m[38;5;159m FPS ([38;5;121m73.75[0m[38;5;159m FPS per env, [38;5;121m1[0m[38;5;159m envs).[0m
[38;5;159m[Genesis] [06:45:02] [INFO] Running at [38;5;121m74.01[0m[38;5;159m FPS ([38;5;121m74.01[0m[38;5;159m FPS per env, [38;5;121m1[0m[38;5;159m envs).[0m
[38;5;159m[Genesis] [06:45:02] [INFO] Running at [38;5;121m74.24[0m[38;5;159m FPS ([38;5;121m74.24[0m[38;5;159m FPS per env, [38;5;121m1[0m[38;5;159m envs).[0m
[38;5;159m[Genesis] [06:45:02] [INFO] Running at [38;5;121m74.27[0m[38;5;159m FPS ([38;5;121m74.27[0m[38;5;159m FPS per env, [38;5;121m1[0m[38;5;159m envs).[0m
[38;5;159m[Genesis] [06:45:02] [INFO] Running at [38;5;121m73.94[0m[38;5;159m FPS ([38;5;121m73.94[0m[38;5;159m FPS per env, [38;5;121m1[0m[38;5;159m envs).[0m
[38;5;159m[Genesis] [06:45:02] [INFO] Running at [38;5;121m73.73[0m[38;5;159m FPS ([38;5;121m73.73[0m[38;5;159m FPS per env, [38;5;121m1[0m[38;5;159m envs).[0m
[38;5;159m[Genesis] [06:45:02] [INFO] Running at [38;5;121m73.53[0m[38;5;159m FPS ([38;5;121m73.53[0m[38;5;159m FPS per env, [38;5;121m1[0m[38;5;159m envs).[0m
[38;5;159m[Genesis] [06:45:02] [INFO] Running at [38;5;121m73.60[0m[38;5;159m FPS ([38;5;121m73.60[0m[38;5;159m FPS per env, [38;5;121m1[0m[38;5;159m envs).[0m
[38;5;159m[Genesis] [06:45:02] [INFO] Running at [38;5;121m73.83[0m[38;5;159m FPS ([38;5;121m73.83[0m[38;5;159m FPS per env, [38;5;121m1[0m[38;5;159m envs).[0m
[38;5;159m[Genesis] [06:45:02] [INFO] Running at [38;5;121m74.09[0m[38;5;159m FPS ([38;5;121m74.09[0m[38;5;159m FPS per env, [38;5;121m1[0m[38;5;159m envs).[0m
[38;5;159m[Genesis] [06:45:02] [INFO] Running at [38;5;121m74.32[0m[38;5;159m FPS ([38;5;121m74.32[0m[38;5;159m FPS per env, [38;5;121m1[0m[38;5;159m envs).[0m
[38;5;159m[Genesis] [06:45:02] [INFO] Running at [38;5;121m74.21[0m[38;5;159m FPS ([38;5;121m74.21[0m[38;5;159m FPS per env, [38;5;121m1[0m[38;5;159m envs).[0m
[38;5;159m[Genesis] [06:45:02] [INFO] Running at [38;5;121m73.96[0m[38;5;159m FPS ([38;5;121m73.96[0m[38;5;159m FPS per env, [38;5;121m1[0m[38;5;159m envs).[0m
[38;5;159m[Genesis] [06:45:02] [INFO] Running at [38;5;121m73.67[0m[38;5;159m FPS ([38;5;121m73.67[0m[38;5;159m FPS per env, [38;5;121m1[0m[38;5;159m envs).[0m
[38;5;159m[Genesis] [06:45:03] [INFO] Running at [38;5;121m73.58[0m[38;5;159m FPS ([38;5;121m73.58[0m[38;5;159m FPS per env, [38;5;121m1[0m[38;5;159m envs).[0m
[38;5;159m[Genesis] [06:45:03] [INFO] Running at [38;5;121m73.85[0m[38;5;159m FPS ([38;5;121m73.85[0m[38;5;159m FPS per env, [38;5;121m1[0m[38;5;159m envs).[0m
[38;5;159m[Genesis] [06:45:03] [INFO] Running at [38;5;121m74.10[0m[38;5;159m FPS ([38;5;121m74.10[0m[38;5;159m FPS per env, [38;5;121m1[0m[38;5;159m envs).[0m
[38;5;159m[Genesis] [06:45:03] [INFO] Running at [38;5;121m74.34[0m[38;5;159m FPS ([38;5;121m74.34[0m[38;5;159m FPS per env, [38;5;121m1[0m[38;5;159m envs).[0m
[38;5;159m[Genesis] [06:45:03] [INFO] Running at [38;5;121m74.44[0m[38;5;159m FPS ([38;5;121m74.44[0m[38;5;159m FPS per env, [38;5;121m1[0m[38;5;159m envs).[0m
[38;5;159m[Genesis] [06:45:03] [INFO] Running at [38;5;121m74.04[0m[38;5;159m FPS ([38;5;121m74.04[0m[38;5;159m FPS per env, [38;5;121m1[0m[38;5;159m envs).[0m
[38;5;159m[Genesis] [06:45:03] [INFO] Running at [38;5;121m73.84[0m[38;5;159m FPS ([38;5;121m73.84[0m[38;5;159m FPS per env, [38;5;121m1[0m[38;5;159m envs).[0m
[38;5;159m[Genesis] [06:45:03] [INFO] Running at [38;5;121m73.56[0m[38;5;159m FPS ([38;5;121m73.56[0m[38;5;159m FPS per env, [38;5;121m1[0m[38;5;159m envs).[0m
[38;5;159m[Genesis] [06:45:03] [INFO] Running at [38;5;121m73.67[0m[38;5;159m FPS ([38;5;121m73.67[0m[38;5;159m FPS per env, [38;5;121m1[0m[38;5;159m envs).[0m
[38;5;159m[Genesis] [06:45:03] [INFO] Running at [38;5;121m73.93[0m[38;5;159m FPS ([38;5;121m73.93[0m[38;5;159m FPS per env, [38;5;121m1[0m[38;5;159m envs).[0m
[38;5;159m[Genesis] [06:45:03] [INFO] Running at [38;5;121m74.16[0m[38;5;159m FPS ([38;5;121m74.16[0m[38;5;159m FPS per env, [38;5;121m1[0m[38;5;159m envs).[0m
[38;5;159m[Genesis] [06:45:03] [INFO] Running at [38;5;121m74.39[0m[38;5;159m FPS ([38;5;121m74.39[0m[38;5;159m FPS per env, [38;5;121m1[0m[38;5;159m envs).[0m
[38;5;159m[Genesis] [06:45:03] [INFO] Running at [38;5;121m74.10[0m[38;5;159m FPS ([38;5;121m74.10[0m[38;5;159m FPS per env, [38;5;121m1[0m[38;5;159m envs).[0m
[38;5;159m[Genesis] [06:45:03] [INFO] Running at [38;5;121m73.88[0m[38;5;159m FPS ([38;5;121m73.88[0m[38;5;159m FPS per env, [38;5;121m1[0m[38;5;159m envs).[0m
[38;5;159m[Genesis] [06:45:03] [INFO] Running at [38;5;121m73.66[0m[38;5;159m FPS ([38;5;121m73.66[0m[38;5;159m FPS per env, [38;5;121m1[0m[38;5;159m envs).[0m
[38;5;159m[Genesis] [06:45:03] [INFO] Running at [38;5;121m73.62[0m[38;5;159m FPS ([38;5;121m73.62[0m[38;5;159m FPS per env, [38;5;121m1[0m[38;5;159m envs).[0m
[38;5;159m[Genesis] [06:45:03] [INFO] Running at [38;5;121m73.80[0m[38;5;159m FPS ([38;5;121m73.80[0m[38;5;159m FPS per env, [38;5;121m1[0m[38;5;159m envs).[0m
[38;5;159m[Genesis] [06:45:03] [INFO] Running at [38;5;121m74.04[0m[38;5;159m FPS ([38;5;121m74.04[0m[38;5;159m FPS per env, [38;5;121m1[0m[38;5;159m envs).[0m
[38;5;159m[Genesis] [06:45:03] [INFO] Running at [38;5;121m74.27[0m[38;5;159m FPS ([38;5;121m74.27[0m[38;5;159m FPS per env, [38;5;121m1[0m[38;5;159m envs).[0m
[38;5;159m[Genesis] [06:45:04] [INFO] Running at [38;5;121m74.27[0m[38;5;159m FPS ([38;5;121m74.27[0m[38;5;159m FPS per env, [38;5;121m1[0m[38;5;159m envs).[0m
[38;5;159m[Genesis] [06:45:04] [INFO] Running at [38;5;121m74.05[0m[38;5;159m FPS ([38;5;121m74.05[0m[38;5;159m FPS per env, [38;5;121m1[0m[38;5;159m envs).[0m
[38;5;159m[Genesis] [06:45:04] [INFO] Running at [38;5;121m73.84[0m[38;5;159m FPS ([38;5;121m73.84[0m[38;5;159m FPS per env, [38;5;121m1[0m[38;5;159m envs).[0m
[38;5;159m[Genesis] [06:45:04] [INFO] Running at [38;5;121m73.64[0m[38;5;159m FPS ([38;5;121m73.64[0m[38;5;159m FPS per env, [38;5;121m1[0m[38;5;159m envs).[0m
[38;5;159m[Genesis] [06:45:04] [INFO] Running at [38;5;121m73.88[0m[38;5;159m FPS ([38;5;121m73.88[0m[38;5;159m FPS per env, [38;5;121m1[0m[38;5;159m envs).[0m
[38;5;159m[Genesis] [06:45:04] [INFO] Running at [38;5;121m74.13[0m[38;5;159m FPS ([38;5;121m74.13[0m[38;5;159m FPS per env, [38;5;121m1[0m[38;5;159m envs).[0m
[38;5;159m[Genesis] [06:45:04] [INFO] Running at [38;5;121m74.28[0m[38;5;159m FPS ([38;5;121m74.28[0m[38;5;159m FPS per env, [38;5;121m1[0m[38;5;159m envs).[0m
[38;5;159m[Genesis] [06:45:04] [INFO] Running at [38;5;121m74.19[0m[38;5;159m FPS ([38;5;121m74.19[0m[38;5;159m FPS per env, [38;5;121m1[0m[38;5;159m envs).[0m
[38;5;159m[Genesis] [06:45:04] [INFO] Running at [38;5;121m73.95[0m[38;5;159m FPS ([38;5;121m73.95[0m[38;5;159m FPS per env, [38;5;121m1[0m[38;5;159m envs).[0m
[38;5;159m[Genesis] [06:45:04] [INFO] Running at [38;5;121m73.75[0m[38;5;159m FPS ([38;5;121m73.75[0m[38;5;159m FPS per env, [38;5;121m1[0m[38;5;159m envs).[0m
[38;5;159m[Genesis] [06:45:04] [INFO] Running at [38;5;121m73.54[0m[38;5;159m FPS ([38;5;121m73.54[0m[38;5;159m FPS per env, [38;5;121m1[0m[38;5;159m envs).[0m
[38;5;159m[Genesis] [06:45:04] [INFO] Running at [38;5;121m73.61[0m[38;5;159m FPS ([38;5;121m73.61[0m[38;5;159m FPS per env, [38;5;121m1[0m[38;5;159m envs).[0m
[38;5;159m[Genesis] [06:45:04] [INFO] Running at [38;5;121m73.86[0m[38;5;159m FPS ([38;5;121m73.86[0m[38;5;159m FPS per env, [38;5;121m1[0m[38;5;159m envs).[0m
[38;5;159m[Genesis] [06:45:04] [INFO] Running at [38;5;121m74.11[0m[38;5;159m FPS ([38;5;121m74.11[0m[38;5;159m FPS per env, [38;5;121m1[0m[38;5;159m envs).[0m
[38;5;159m[Genesis] [06:45:04] [INFO] Running at [38;5;121m74.33[0m[38;5;159m FPS ([38;5;121m74.33[0m[38;5;159m FPS per env, [38;5;121m1[0m[38;5;159m envs).[0m
[38;5;159m[Genesis] [06:45:04] [INFO] Running at [38;5;121m74.48[0m[38;5;159m FPS ([38;5;121m74.48[0m[38;5;159m FPS per env, [38;5;121m1[0m[38;5;159m envs).[0m
[38;5;159m[Genesis] [06:45:04] [INFO] Running at [38;5;121m74.69[0m[38;5;159m FPS ([38;5;121m74.69[0m[38;5;159m FPS per env, [38;5;121m1[0m[38;5;159m envs).[0m
[38;5;159m[Genesis] [06:45:04] [INFO] Running at [38;5;121m74.89[0m[38;5;159m FPS ([38;5;121m74.89[0m[38;5;159m FPS per env, [38;5;121m1[0m[38;5;159m envs).[0m
[38;5;159m[Genesis] [06:45:04] [INFO] Running at [38;5;121m75.09[0m[38;5;159m FPS ([38;5;121m75.09[0m[38;5;159m FPS per env, [38;5;121m1[0m[38;5;159m envs).[0m
[38;5;159m[Genesis] [06:45:05] [INFO] Running at [38;5;121m74.92[0m[38;5;159m FPS ([38;5;121m74.92[0m[38;5;159m FPS per env, [38;5;121m1[0m[38;5;159m envs).[0m
[38;5;159m[Genesis] [06:45:05] [INFO] Running at [38;5;121m74.66[0m[38;5;159m FPS ([38;5;121m74.66[0m[38;5;159m FPS per env, [38;5;121m1[0m[38;5;159m envs).[0m
[38;5;159m[Genesis] [06:45:05] [INFO] Running at [38;5;121m74.42[0m[38;5;159m FPS ([38;5;121m74.42[0m[38;5;159m FPS per env, [38;5;121m1[0m[38;5;159m envs).[0m
[38;5;159m[Genesis] [06:45:05] [INFO] Running at [38;5;121m74.30[0m[38;5;159m FPS ([38;5;121m74.30[0m[38;5;159m FPS per env, [38;5;121m1[0m[38;5;159m envs).[0m
[38;5;159m[Genesis] [06:45:05] [INFO] Running at [38;5;121m74.52[0m[38;5;159m FPS ([38;5;121m74.52[0m[38;5;159m FPS per env, [38;5;121m1[0m[38;5;159m envs).[0m
[38;5;159m[Genesis] [06:45:05] [INFO] Running at [38;5;121m74.65[0m[38;5;159m FPS ([38;5;121m74.65[0m[38;5;159m FPS per env, [38;5;121m1[0m[38;5;159m envs).[0m
[38;5;159m[Genesis] [06:45:05] [INFO] Running at [38;5;121m74.85[0m[38;5;159m FPS ([38;5;121m74.85[0m[38;5;159m FPS per env, [38;5;121m1[0m[38;5;159m envs).[0m
[38;5;159m[Genesis] [06:45:05] [INFO] Running at [38;5;121m74.88[0m[38;5;159m FPS ([38;5;121m74.88[0m[38;5;159m FPS per env, [38;5;121m1[0m[38;5;159m envs).[0m
[38;5;159m[Genesis] [06:45:05] [INFO] Running at [38;5;121m74.63[0m[38;5;159m FPS ([38;5;121m74.63[0m[38;5;159m FPS per env, [38;5;121m1[0m[38;5;159m envs).[0m
[38;5;159m[Genesis] [06:45:05] [INFO] Running at [38;5;121m74.22[0m[38;5;159m FPS ([38;5;121m74.22[0m[38;5;159m FPS per env, [38;5;121m1[0m[38;5;159m envs).[0m
[38;5;159m[Genesis] [06:45:05] [INFO] Running at [38;5;121m74.00[0m[38;5;159m FPS ([38;5;121m74.00[0m[38;5;159m FPS per env, [38;5;121m1[0m[38;5;159m envs).[0m
[38;5;159m[Genesis] [06:45:05] [INFO] Running at [38;5;121m74.17[0m[38;5;159m FPS ([38;5;121m74.17[0m[38;5;159m FPS per env, [38;5;121m1[0m[38;5;159m envs).[0m
[38;5;159m[Genesis] [06:45:05] [INFO] Running at [38;5;121m74.40[0m[38;5;159m FPS ([38;5;121m74.40[0m[38;5;159m FPS per env, [38;5;121m1[0m[38;5;159m envs).[0m
[38;5;159m[Genesis] [06:45:05] [INFO] Running at [38;5;121m74.63[0m[38;5;159m FPS ([38;5;121m74.63[0m[38;5;159m FPS per env, [38;5;121m1[0m[38;5;159m envs).[0m
[38;5;159m[Genesis] [06:45:05] [INFO] Running at [38;5;121m74.76[0m[38;5;159m FPS ([38;5;121m74.76[0m[38;5;159m FPS per env, [38;5;121m1[0m[38;5;159m envs).[0m
[38;5;159m[Genesis] [06:45:05] [INFO] Running at [38;5;121m74.50[0m[38;5;159m FPS ([38;5;121m74.50[0m[38;5;159m FPS per env, [38;5;121m1[0m[38;5;159m envs).[0m
[38;5;159m[Genesis] [06:45:05] [INFO] Running at [38;5;121m74.27[0m[38;5;159m FPS ([38;5;121m74.27[0m[38;5;159m FPS per env, [38;5;121m1[0m[38;5;159m envs).[0m
[38;5;159m[Genesis] [06:45:05] [INFO] Running at [38;5;121m74.04[0m[38;5;159m FPS ([38;5;121m74.04[0m[38;5;159m FPS per env, [38;5;121m1[0m[38;5;159m envs).[0m
[38;5;159m[Genesis] [06:45:06] [INFO] Running at [38;5;121m74.05[0m[38;5;159m FPS ([38;5;121m74.05[0m[38;5;159m FPS per env, [38;5;121m1[0m[38;5;159m envs).[0m
[38;5;159m[Genesis] [06:45:06] [INFO] Running at [38;5;121m74.29[0m[38;5;159m FPS ([38;5;121m74.29[0m[38;5;159m FPS per env, [38;5;121m1[0m[38;5;159m envs).[0m
[38;5;159m[Genesis] [06:45:06] [INFO] Running at [38;5;121m74.52[0m[38;5;159m FPS ([38;5;121m74.52[0m[38;5;159m FPS per env, [38;5;121m1[0m[38;5;159m envs).[0m
[38;5;159m[Genesis] [06:45:06] [INFO] Running at [38;5;121m74.73[0m[38;5;159m FPS ([38;5;121m74.73[0m[38;5;159m FPS per env, [38;5;121m1[0m[38;5;159m envs).[0m
[38;5;159m[Genesis] [06:45:06] [INFO] Running at [38;5;121m74.68[0m[38;5;159m FPS ([38;5;121m74.68[0m[38;5;159m FPS per env, [38;5;121m1[0m[38;5;159m envs).[0m
[38;5;159m[Genesis] [06:45:06] [INFO] Running at [38;5;121m74.39[0m[38;5;159m FPS ([38;5;121m74.39[0m[38;5;159m FPS per env, [38;5;121m1[0m[38;5;159m envs).[0m
[38;5;159m[Genesis] [06:45:06] [INFO] Running at [38;5;121m74.16[0m[38;5;159m FPS ([38;5;121m74.16[0m[38;5;159m FPS per env, [38;5;121m1[0m[38;5;159m envs).[0m
fps 50
[38;5;159m[Genesis] [06:45:06] [INFO] Saving video to [38;5;121m"test_5000_8.0_behind.mp4"[0m[38;5;159m...[0m
[38;5;159m[Genesis] [06:45:09] [INFO] Video saved.[0m
[38;5;159m[Genesis] [06:45:09] [INFO] Saving video to [38;5;121m"test_5000_8.0_side.mp4"[0m[38;5;159m...[0m
[38;5;159m[Genesis] [06:45:11] [INFO] Video saved.[0m
Saved recordings for checkpoint 5000.
Finaler Gierraten-Fehler: 8.09 deg/s
[38;5;159m[Genesis] [06:45:12] [INFO] 💤 Exiting Genesis and caching compiled kernels...[0m
