[38;5;159m[Genesis] [06:47:00] [INFO] [38;5;121m╭───────────────────────────────────────────────╮[0m[38;5;159m[0m
[38;5;159m[Genesis] [06:47:00] [INFO] [38;5;121m│┈┉┈┉┈┉┈┉┈┉┈┉┈┉┈┉┈┉┈[0m[38;5;159m [38;5;121m[1m[3mGenesis[0m[38;5;159m [38;5;121m┈┉┈┉┈┉┈┉┈┉┈┉┈┉┈┉┈┉┈│[0m[38;5;159m[0m
[38;5;159m[Genesis] [06:47:00] [INFO] [38;5;121m╰───────────────────────────────────────────────╯[0m[38;5;159m[0m
[38;5;159m[Genesis] [06:47:00] [INFO] Running on [38;5;121m[4m[NVIDIA GeForce RTX 5090][0m[38;5;159m with backend [38;5;121m[4mgs.cuda[0m[38;5;159m. Device memory: [38;5;121m[4m31.36[0m[38;5;159m GB.[0m
[38;5;159m[Genesis] [06:47:00] [INFO] 🚀 Genesis initialized. 🔖 version: [38;5;121m[4m0.4.7[0m[38;5;159m, 🎨 theme: [38;5;121m[4mdark[0m[38;5;159m, 🌱 seed: [38;5;121m[4mNone[0m[38;5;159m, 🐛 debug: [38;5;121m[4mFalse[0m[38;5;159m, 📏 precision: [38;5;121m[4m32[0m[38;5;159m, 🔥 performance: [38;5;121m[4mFalse[0m[38;5;159m, 💬 verbose: [38;5;121m[4mINFO[0m[38;5;159m[0m
[38;5;226m[Genesis] [06:47:02] [WARNING] Viewer option 'n_rendered_envs' is deprecated and will be removed in a future release. Please use 'rendered_envs_idx' instead.[0m
[38;5;159m[Genesis] [06:47:03] [INFO] Scene [38;5;121m[3m<3999866>[0m[38;5;159m created.[0m
[38;5;159m[Genesis] [06:47:03] [INFO] Adding [38;5;121m<gs.engine.entities.RigidEntity>[0m[38;5;159m. idx: [38;5;121m0[0m[38;5;159m, uid: [38;5;121m[3m<0c7719c>[0m[38;5;159m, morph: [38;5;121m<gs.morphs.Plane>[0m[38;5;159m, material: [38;5;121m<gs.materials.Rigid>[0m[38;5;159m.[0m
[38;5;159m[Genesis] [06:47:03] [INFO] Adding [38;5;121m<gs.engine.entities.RigidEntity>[0m[38;5;159m. idx: [38;5;121m1[0m[38;5;159m, uid: [38;5;121m[3m<206c967>[0m[38;5;159m, morph: [38;5;121m<gs.morphs.URDF(file='/home/jfriesen/.local/lib/python3.12/site-packages/genesis/assets/urdf/go2/urdf/go2.urdf')>[0m[38;5;159m, material: [38;5;121m<gs.materials.Rigid>[0m[38;5;159m.[0m
[38;5;159m[Genesis] [06:47:06] [INFO] Building scene [38;5;121m[3m<3999866>[0m[38;5;159m...[0m
[38;5;226m[Genesis] [06:47:06] [WARNING] Neutral robot position (qpos0) exceeds joint limits.[0m
[38;5;159m[Genesis] [06:47:07] [INFO] Compiling simulation kernels...[0m
[38;5;159m[Genesis] [06:47:08] [INFO] Building visualizer...[0m
[38;5;226m[Genesis] [06:47:09] [WARNING] This property is deprecated and will be removed in future release. Please use 'dofs_idx_local' instead.[0m
[38;5;226m[Genesis] [06:47:09] [WARNING] This property is deprecated and will be removed in future release. Please use 'dofs_idx_local' instead.[0m
[38;5;226m[Genesis] [06:47:09] [WARNING] This property is deprecated and will be removed in future release. Please use 'dofs_idx_local' instead.[0m
[38;5;226m[Genesis] [06:47:09] [WARNING] This property is deprecated and will be removed in future release. Please use 'dofs_idx_local' instead.[0m
[38;5;226m[Genesis] [06:47:09] [WARNING] This property is deprecated and will be removed in future release. Please use 'dofs_idx_local' instead.[0m
[38;5;226m[Genesis] [06:47:09] [WARNING] This property is deprecated and will be removed in future release. Please use 'dofs_idx_local' instead.[0m
[38;5;226m[Genesis] [06:47:09] [WARNING] This property is deprecated and will be removed in future release. Please use 'dofs_idx_local' instead.[0m
[38;5;226m[Genesis] [06:47:09] [WARNING] This property is deprecated and will be removed in future release. Please use 'dofs_idx_local' instead.[0m
[38;5;226m[Genesis] [06:47:09] [WARNING] This property is deprecated and will be removed in future release. Please use 'dofs_idx_local' instead.[0m
[38;5;226m[Genesis] [06:47:09] [WARNING] This property is deprecated and will be removed in future release. Please use 'dofs_idx_local' instead.[0m
[38;5;226m[Genesis] [06:47:09] [WARNING] This property is deprecated and will be removed in future release. Please use 'dofs_idx_local' instead.[0m
[38;5;226m[Genesis] [06:47:09] [WARNING] This property is deprecated and will be removed in future release. Please use 'dofs_idx_local' instead.[0m
/home/jfriesen/.local/lib/python3.12/site-packages/torch/utils/_device.py:122: UserWarning: To copy construct from a tensor, it is recommended to use sourceTensor.detach().clone() or sourceTensor.detach().clone().requires_grad_(True), rather than torch.tensor(sourceTensor).
  return func(*args, **kwargs)
Actor MLP: Sequential(
  (0): Linear(in_features=51, out_features=512, bias=True)
  (1): ELU(alpha=1.0)
  (2): Linear(in_features=512, out_features=256, bias=True)
  (3): ELU(alpha=1.0)
  (4): Linear(in_features=256, out_features=128, bias=True)
  (5): ELU(alpha=1.0)
  (6): Linear(in_features=128, out_features=12, bias=True)
)
Critic MLP: Sequential(
  (0): Linear(in_features=75, out_features=512, bias=True)
  (1): ELU(alpha=1.0)
  (2): Linear(in_features=512, out_features=256, bias=True)
  (3): ELU(alpha=1.0)
  (4): Linear(in_features=256, out_features=128, bias=True)
  (5): ELU(alpha=1.0)
  (6): Linear(in_features=128, out_features=1, bias=True)
)
[38;5;159m[Genesis] [06:47:11] [INFO] Running at [38;5;121m1.57[0m[38;5;159m FPS ([38;5;121m1.57[0m[38;5;159m FPS per env, [38;5;121m1[0m[38;5;159m envs).[0m
[38;5;159m[Genesis] [06:47:11] [INFO] Running at [38;5;121m12.25[0m[38;5;159m FPS ([38;5;121m12.25[0m[38;5;159m FPS per env, [38;5;121m1[0m[38;5;159m envs).[0m
[38;5;159m[Genesis] [06:47:11] [INFO] Running at [38;5;121m79.84[0m[38;5;159m FPS ([38;5;121m79.84[0m[38;5;159m FPS per env, [38;5;121m1[0m[38;5;159m envs).[0m
[38;5;159m[Genesis] [06:47:11] [INFO] Running at [38;5;121m79.49[0m[38;5;159m FPS ([38;5;121m79.49[0m[38;5;159m FPS per env, [38;5;121m1[0m[38;5;159m envs).[0m
[38;5;159m[Genesis] [06:47:11] [INFO] Running at [38;5;121m79.37[0m[38;5;159m FPS ([38;5;121m79.37[0m[38;5;159m FPS per env, [38;5;121m1[0m[38;5;159m envs).[0m
[38;5;159m[Genesis] [06:47:11] [INFO] Running at [38;5;121m79.23[0m[38;5;159m FPS ([38;5;121m79.23[0m[38;5;159m FPS per env, [38;5;121m1[0m[38;5;159m envs).[0m
[38;5;159m[Genesis] [06:47:11] [INFO] Running at [38;5;121m79.12[0m[38;5;159m FPS ([38;5;121m79.12[0m[38;5;159m FPS per env, [38;5;121m1[0m[38;5;159m envs).[0m
[38;5;159m[Genesis] [06:47:11] [INFO] Running at [38;5;121m79.02[0m[38;5;159m FPS ([38;5;121m79.02[0m[38;5;159m FPS per env, [38;5;121m1[0m[38;5;159m envs).[0m
[38;5;159m[Genesis] [06:47:11] [INFO] Running at [38;5;121m78.95[0m[38;5;159m FPS ([38;5;121m78.95[0m[38;5;159m FPS per env, [38;5;121m1[0m[38;5;159m envs).[0m
[38;5;159m[Genesis] [06:47:11] [INFO] Running at [38;5;121m78.88[0m[38;5;159m FPS ([38;5;121m78.88[0m[38;5;159m FPS per env, [38;5;121m1[0m[38;5;159m envs).[0m
[38;5;159m[Genesis] [06:47:11] [INFO] Running at [38;5;121m78.82[0m[38;5;159m FPS ([38;5;121m78.82[0m[38;5;159m FPS per env, [38;5;121m1[0m[38;5;159m envs).[0m
[38;5;159m[Genesis] [06:47:11] [INFO] Running at [38;5;121m78.79[0m[38;5;159m FPS ([38;5;121m78.79[0m[38;5;159m FPS per env, [38;5;121m1[0m[38;5;159m envs).[0m
[38;5;159m[Genesis] [06:47:11] [INFO] Running at [38;5;121m78.74[0m[38;5;159m FPS ([38;5;121m78.74[0m[38;5;159m FPS per env, [38;5;121m1[0m[38;5;159m envs).[0m
[38;5;159m[Genesis] [06:47:11] [INFO] Running at [38;5;121m78.68[0m[38;5;159m FPS ([38;5;121m78.68[0m[38;5;159m FPS per env, [38;5;121m1[0m[38;5;159m envs).[0m
[38;5;159m[Genesis] [06:47:11] [INFO] Running at [38;5;121m78.67[0m[38;5;159m FPS ([38;5;121m78.67[0m[38;5;159m FPS per env, [38;5;121m1[0m[38;5;159m envs).[0m
[38;5;159m[Genesis] [06:47:12] [INFO] Running at [38;5;121m78.63[0m[38;5;159m FPS ([38;5;121m78.63[0m[38;5;159m FPS per env, [38;5;121m1[0m[38;5;159m envs).[0m
[38;5;159m[Genesis] [06:47:12] [INFO] Running at [38;5;121m78.60[0m[38;5;159m FPS ([38;5;121m78.60[0m[38;5;159m FPS per env, [38;5;121m1[0m[38;5;159m envs).[0m
[38;5;159m[Genesis] [06:47:12] [INFO] Running at [38;5;121m78.56[0m[38;5;159m FPS ([38;5;121m78.56[0m[38;5;159m FPS per env, [38;5;121m1[0m[38;5;159m envs).[0m
[38;5;159m[Genesis] [06:47:12] [INFO] Running at [38;5;121m78.53[0m[38;5;159m FPS ([38;5;121m78.53[0m[38;5;159m FPS per env, [38;5;121m1[0m[38;5;159m envs).[0m
[38;5;159m[Genesis] [06:47:12] [INFO] Running at [38;5;121m78.52[0m[38;5;159m FPS ([38;5;121m78.52[0m[38;5;159m FPS per env, [38;5;121m1[0m[38;5;159m envs).[0m
[38;5;159m[Genesis] [06:47:12] [INFO] Running at [38;5;121m78.46[0m[38;5;159m FPS ([38;5;121m78.46[0m[38;5;159m FPS per env, [38;5;121m1[0m[38;5;159m envs).[0m
[38;5;159m[Genesis] [06:47:12] [INFO] Running at [38;5;121m78.44[0m[38;5;159m FPS ([38;5;121m78.44[0m[38;5;159m FPS per env, [38;5;121m1[0m[38;5;159m envs).[0m
[38;5;159m[Genesis] [06:47:12] [INFO] Running at [38;5;121m78.22[0m[38;5;159m FPS ([38;5;121m78.22[0m[38;5;159m FPS per env, [38;5;121m1[0m[38;5;159m envs).[0m
[38;5;159m[Genesis] [06:47:12] [INFO] Running at [38;5;121m78.20[0m[38;5;159m FPS ([38;5;121m78.20[0m[38;5;159m FPS per env, [38;5;121m1[0m[38;5;159m envs).[0m
[38;5;159m[Genesis] [06:47:12] [INFO] Running at [38;5;121m78.20[0m[38;5;159m FPS ([38;5;121m78.20[0m[38;5;159m FPS per env, [38;5;121m1[0m[38;5;159m envs).[0m
[38;5;159m[Genesis] [06:47:12] [INFO] Running at [38;5;121m78.18[0m[38;5;159m FPS ([38;5;121m78.18[0m[38;5;159m FPS per env, [38;5;121m1[0m[38;5;159m envs).[0m
[38;5;159m[Genesis] [06:47:12] [INFO] Running at [38;5;121m78.19[0m[38;5;159m FPS ([38;5;121m78.19[0m[38;5;159m FPS per env, [38;5;121m1[0m[38;5;159m envs).[0m
[38;5;159m[Genesis] [06:47:12] [INFO] Running at [38;5;121m78.15[0m[38;5;159m FPS ([38;5;121m78.15[0m[38;5;159m FPS per env, [38;5;121m1[0m[38;5;159m envs).[0m
[38;5;159m[Genesis] [06:47:12] [INFO] Running at [38;5;121m78.13[0m[38;5;159m FPS ([38;5;121m78.13[0m[38;5;159m FPS per env, [38;5;121m1[0m[38;5;159m envs).[0m
[38;5;159m[Genesis] [06:47:12] [INFO] Running at [38;5;121m78.13[0m[38;5;159m FPS ([38;5;121m78.13[0m[38;5;159m FPS per env, [38;5;121m1[0m[38;5;159m envs).[0m
[38;5;159m[Genesis] [06:47:12] [INFO] Running at [38;5;121m78.12[0m[38;5;159m FPS ([38;5;121m78.12[0m[38;5;159m FPS per env, [38;5;121m1[0m[38;5;159m envs).[0m
[38;5;159m[Genesis] [06:47:12] [INFO] Running at [38;5;121m78.13[0m[38;5;159m FPS ([38;5;121m78.13[0m[38;5;159m FPS per env, [38;5;121m1[0m[38;5;159m envs).[0m
[38;5;159m[Genesis] [06:47:12] [INFO] Running at [38;5;121m78.13[0m[38;5;159m FPS ([38;5;121m78.13[0m[38;5;159m FPS per env, [38;5;121m1[0m[38;5;159m envs).[0m
[38;5;159m[Genesis] [06:47:12] [INFO] Running at [38;5;121m78.13[0m[38;5;159m FPS ([38;5;121m78.13[0m[38;5;159m FPS per env, [38;5;121m1[0m[38;5;159m envs).[0m
[38;5;159m[Genesis] [06:47:13] [INFO] Running at [38;5;121m78.12[0m[38;5;159m FPS ([38;5;121m78.12[0m[38;5;159m FPS per env, [38;5;121m1[0m[38;5;159m envs).[0m
[38;5;159m[Genesis] [06:47:13] [INFO] Running at [38;5;121m78.10[0m[38;5;159m FPS ([38;5;121m78.10[0m[38;5;159m FPS per env, [38;5;121m1[0m[38;5;159m envs).[0m
[38;5;159m[Genesis] [06:47:13] [INFO] Running at [38;5;121m78.12[0m[38;5;159m FPS ([38;5;121m78.12[0m[38;5;159m FPS per env, [38;5;121m1[0m[38;5;159m envs).[0m
[38;5;159m[Genesis] [06:47:13] [INFO] Running at [38;5;121m78.11[0m[38;5;159m FPS ([38;5;121m78.11[0m[38;5;159m FPS per env, [38;5;121m1[0m[38;5;159m envs).[0m
[38;5;159m[Genesis] [06:47:13] [INFO] Running at [38;5;121m78.10[0m[38;5;159m FPS ([38;5;121m78.10[0m[38;5;159m FPS per env, [38;5;121m1[0m[38;5;159m envs).[0m
[38;5;159m[Genesis] [06:47:13] [INFO] Running at [38;5;121m78.11[0m[38;5;159m FPS ([38;5;121m78.11[0m[38;5;159m FPS per env, [38;5;121m1[0m[38;5;159m envs).[0m
[38;5;159m[Genesis] [06:47:13] [INFO] Running at [38;5;121m78.12[0m[38;5;159m FPS ([38;5;121m78.12[0m[38;5;159m FPS per env, [38;5;121m1[0m[38;5;159m envs).[0m
[38;5;159m[Genesis] [06:47:13] [INFO] Running at [38;5;121m78.12[0m[38;5;159m FPS ([38;5;121m78.12[0m[38;5;159m FPS per env, [38;5;121m1[0m[38;5;159m envs).[0m
[38;5;159m[Genesis] [06:47:13] [INFO] Running at [38;5;121m78.12[0m[38;5;159m FPS ([38;5;121m78.12[0m[38;5;159m FPS per env, [38;5;121m1[0m[38;5;159m envs).[0m
[38;5;159m[Genesis] [06:47:13] [INFO] Running at [38;5;121m77.92[0m[38;5;159m FPS ([38;5;121m77.92[0m[38;5;159m FPS per env, [38;5;121m1[0m[38;5;159m envs).[0m
[38;5;159m[Genesis] [06:47:13] [INFO] Running at [38;5;121m77.92[0m[38;5;159m FPS ([38;5;121m77.92[0m[38;5;159m FPS per env, [38;5;121m1[0m[38;5;159m envs).[0m
[38;5;159m[Genesis] [06:47:13] [INFO] Running at [38;5;121m77.92[0m[38;5;159m FPS ([38;5;121m77.92[0m[38;5;159m FPS per env, [38;5;121m1[0m[38;5;159m envs).[0m
[38;5;159m[Genesis] [06:47:13] [INFO] Running at [38;5;121m77.94[0m[38;5;159m FPS ([38;5;121m77.94[0m[38;5;159m FPS per env, [38;5;121m1[0m[38;5;159m envs).[0m
[38;5;159m[Genesis] [06:47:13] [INFO] Running at [38;5;121m77.96[0m[38;5;159m FPS ([38;5;121m77.96[0m[38;5;159m FPS per env, [38;5;121m1[0m[38;5;159m envs).[0m
[38;5;159m[Genesis] [06:47:13] [INFO] Running at [38;5;121m77.99[0m[38;5;159m FPS ([38;5;121m77.99[0m[38;5;159m FPS per env, [38;5;121m1[0m[38;5;159m envs).[0m
[38;5;159m[Genesis] [06:47:13] [INFO] Running at [38;5;121m78.00[0m[38;5;159m FPS ([38;5;121m78.00[0m[38;5;159m FPS per env, [38;5;121m1[0m[38;5;159m envs).[0m
[38;5;159m[Genesis] [06:47:13] [INFO] Running at [38;5;121m78.02[0m[38;5;159m FPS ([38;5;121m78.02[0m[38;5;159m FPS per env, [38;5;121m1[0m[38;5;159m envs).[0m
[38;5;159m[Genesis] [06:47:13] [INFO] Running at [38;5;121m78.02[0m[38;5;159m FPS ([38;5;121m78.02[0m[38;5;159m FPS per env, [38;5;121m1[0m[38;5;159m envs).[0m
[38;5;159m[Genesis] [06:47:13] [INFO] Running at [38;5;121m78.04[0m[38;5;159m FPS ([38;5;121m78.04[0m[38;5;159m FPS per env, [38;5;121m1[0m[38;5;159m envs).[0m
[38;5;159m[Genesis] [06:47:13] [INFO] Running at [38;5;121m78.05[0m[38;5;159m FPS ([38;5;121m78.05[0m[38;5;159m FPS per env, [38;5;121m1[0m[38;5;159m envs).[0m
[38;5;159m[Genesis] [06:47:14] [INFO] Running at [38;5;121m78.09[0m[38;5;159m FPS ([38;5;121m78.09[0m[38;5;159m FPS per env, [38;5;121m1[0m[38;5;159m envs).[0m
[38;5;159m[Genesis] [06:47:14] [INFO] Running at [38;5;121m78.10[0m[38;5;159m FPS ([38;5;121m78.10[0m[38;5;159m FPS per env, [38;5;121m1[0m[38;5;159m envs).[0m
[38;5;159m[Genesis] [06:47:14] [INFO] Running at [38;5;121m78.11[0m[38;5;159m FPS ([38;5;121m78.11[0m[38;5;159m FPS per env, [38;5;121m1[0m[38;5;159m envs).[0m
[38;5;159m[Genesis] [06:47:14] [INFO] Running at [38;5;121m78.13[0m[38;5;159m FPS ([38;5;121m78.13[0m[38;5;159m FPS per env, [38;5;121m1[0m[38;5;159m envs).[0m
[38;5;159m[Genesis] [06:47:14] [INFO] Running at [38;5;121m78.15[0m[38;5;159m FPS ([38;5;121m78.15[0m[38;5;159m FPS per env, [38;5;121m1[0m[38;5;159m envs).[0m
[38;5;159m[Genesis] [06:47:14] [INFO] Running at [38;5;121m78.15[0m[38;5;159m FPS ([38;5;121m78.15[0m[38;5;159m FPS per env, [38;5;121m1[0m[38;5;159m envs).[0m
[38;5;159m[Genesis] [06:47:14] [INFO] Running at [38;5;121m78.17[0m[38;5;159m FPS ([38;5;121m78.17[0m[38;5;159m FPS per env, [38;5;121m1[0m[38;5;159m envs).[0m
[38;5;159m[Genesis] [06:47:14] [INFO] Running at [38;5;121m78.17[0m[38;5;159m FPS ([38;5;121m78.17[0m[38;5;159m FPS per env, [38;5;121m1[0m[38;5;159m envs).[0m
[38;5;159m[Genesis] [06:47:14] [INFO] Running at [38;5;121m78.18[0m[38;5;159m FPS ([38;5;121m78.18[0m[38;5;159m FPS per env, [38;5;121m1[0m[38;5;159m envs).[0m
[38;5;159m[Genesis] [06:47:14] [INFO] Running at [38;5;121m78.18[0m[38;5;159m FPS ([38;5;121m78.18[0m[38;5;159m FPS per env, [38;5;121m1[0m[38;5;159m envs).[0m
[38;5;159m[Genesis] [06:47:14] [INFO] Running at [38;5;121m78.19[0m[38;5;159m FPS ([38;5;121m78.19[0m[38;5;159m FPS per env, [38;5;121m1[0m[38;5;159m envs).[0m
[38;5;159m[Genesis] [06:47:14] [INFO] Running at [38;5;121m78.03[0m[38;5;159m FPS ([38;5;121m78.03[0m[38;5;159m FPS per env, [38;5;121m1[0m[38;5;159m envs).[0m
[38;5;159m[Genesis] [06:47:14] [INFO] Running at [38;5;121m78.02[0m[38;5;159m FPS ([38;5;121m78.02[0m[38;5;159m FPS per env, [38;5;121m1[0m[38;5;159m envs).[0m
[38;5;159m[Genesis] [06:47:14] [INFO] Running at [38;5;121m78.04[0m[38;5;159m FPS ([38;5;121m78.04[0m[38;5;159m FPS per env, [38;5;121m1[0m[38;5;159m envs).[0m
[38;5;159m[Genesis] [06:47:14] [INFO] Running at [38;5;121m78.06[0m[38;5;159m FPS ([38;5;121m78.06[0m[38;5;159m FPS per env, [38;5;121m1[0m[38;5;159m envs).[0m
[38;5;159m[Genesis] [06:47:14] [INFO] Running at [38;5;121m78.09[0m[38;5;159m FPS ([38;5;121m78.09[0m[38;5;159m FPS per env, [38;5;121m1[0m[38;5;159m envs).[0m
[38;5;159m[Genesis] [06:47:14] [INFO] Running at [38;5;121m78.11[0m[38;5;159m FPS ([38;5;121m78.11[0m[38;5;159m FPS per env, [38;5;121m1[0m[38;5;159m envs).[0m
[38;5;159m[Genesis] [06:47:14] [INFO] Running at [38;5;121m78.12[0m[38;5;159m FPS ([38;5;121m78.12[0m[38;5;159m FPS per env, [38;5;121m1[0m[38;5;159m envs).[0m
[38;5;159m[Genesis] [06:47:14] [INFO] Running at [38;5;121m78.11[0m[38;5;159m FPS ([38;5;121m78.11[0m[38;5;159m FPS per env, [38;5;121m1[0m[38;5;159m envs).[0m
[38;5;159m[Genesis] [06:47:15] [INFO] Running at [38;5;121m78.13[0m[38;5;159m FPS ([38;5;121m78.13[0m[38;5;159m FPS per env, [38;5;121m1[0m[38;5;159m envs).[0m
[38;5;159m[Genesis] [06:47:15] [INFO] Running at [38;5;121m78.13[0m[38;5;159m FPS ([38;5;121m78.13[0m[38;5;159m FPS per env, [38;5;121m1[0m[38;5;159m envs).[0m
[38;5;159m[Genesis] [06:47:15] [INFO] Running at [38;5;121m78.14[0m[38;5;159m FPS ([38;5;121m78.14[0m[38;5;159m FPS per env, [38;5;121m1[0m[38;5;159m envs).[0m
[38;5;159m[Genesis] [06:47:15] [INFO] Running at [38;5;121m78.15[0m[38;5;159m FPS ([38;5;121m78.15[0m[38;5;159m FPS per env, [38;5;121m1[0m[38;5;159m envs).[0m
[38;5;159m[Genesis] [06:47:15] [INFO] Running at [38;5;121m78.16[0m[38;5;159m FPS ([38;5;121m78.16[0m[38;5;159m FPS per env, [38;5;121m1[0m[38;5;159m envs).[0m
[38;5;159m[Genesis] [06:47:15] [INFO] Running at [38;5;121m78.17[0m[38;5;159m FPS ([38;5;121m78.17[0m[38;5;159m FPS per env, [38;5;121m1[0m[38;5;159m envs).[0m
[38;5;159m[Genesis] [06:47:15] [INFO] Running at [38;5;121m78.19[0m[38;5;159m FPS ([38;5;121m78.19[0m[38;5;159m FPS per env, [38;5;121m1[0m[38;5;159m envs).[0m
[38;5;159m[Genesis] [06:47:15] [INFO] Running at [38;5;121m78.19[0m[38;5;159m FPS ([38;5;121m78.19[0m[38;5;159m FPS per env, [38;5;121m1[0m[38;5;159m envs).[0m
[38;5;159m[Genesis] [06:47:15] [INFO] Running at [38;5;121m78.21[0m[38;5;159m FPS ([38;5;121m78.21[0m[38;5;159m FPS per env, [38;5;121m1[0m[38;5;159m envs).[0m
[38;5;159m[Genesis] [06:47:15] [INFO] Running at [38;5;121m78.21[0m[38;5;159m FPS ([38;5;121m78.21[0m[38;5;159m FPS per env, [38;5;121m1[0m[38;5;159m envs).[0m
[38;5;159m[Genesis] [06:47:15] [INFO] Running at [38;5;121m78.23[0m[38;5;159m FPS ([38;5;121m78.23[0m[38;5;159m FPS per env, [38;5;121m1[0m[38;5;159m envs).[0m
[38;5;159m[Genesis] [06:47:15] [INFO] Running at [38;5;121m78.24[0m[38;5;159m FPS ([38;5;121m78.24[0m[38;5;159m FPS per env, [38;5;121m1[0m[38;5;159m envs).[0m
[38;5;159m[Genesis] [06:47:15] [INFO] Running at [38;5;121m78.10[0m[38;5;159m FPS ([38;5;121m78.10[0m[38;5;159m FPS per env, [38;5;121m1[0m[38;5;159m envs).[0m
[38;5;159m[Genesis] [06:47:15] [INFO] Running at [38;5;121m77.93[0m[38;5;159m FPS ([38;5;121m77.93[0m[38;5;159m FPS per env, [38;5;121m1[0m[38;5;159m envs).[0m
[38;5;159m[Genesis] [06:47:15] [INFO] Running at [38;5;121m77.95[0m[38;5;159m FPS ([38;5;121m77.95[0m[38;5;159m FPS per env, [38;5;121m1[0m[38;5;159m envs).[0m
[38;5;159m[Genesis] [06:47:15] [INFO] Running at [38;5;121m77.99[0m[38;5;159m FPS ([38;5;121m77.99[0m[38;5;159m FPS per env, [38;5;121m1[0m[38;5;159m envs).[0m
[38;5;159m[Genesis] [06:47:15] [INFO] Running at [38;5;121m78.03[0m[38;5;159m FPS ([38;5;121m78.03[0m[38;5;159m FPS per env, [38;5;121m1[0m[38;5;159m envs).[0m
[38;5;159m[Genesis] [06:47:15] [INFO] Running at [38;5;121m78.04[0m[38;5;159m FPS ([38;5;121m78.04[0m[38;5;159m FPS per env, [38;5;121m1[0m[38;5;159m envs).[0m
[38;5;159m[Genesis] [06:47:15] [INFO] Running at [38;5;121m78.06[0m[38;5;159m FPS ([38;5;121m78.06[0m[38;5;159m FPS per env, [38;5;121m1[0m[38;5;159m envs).[0m
[38;5;159m[Genesis] [06:47:15] [INFO] Running at [38;5;121m78.07[0m[38;5;159m FPS ([38;5;121m78.07[0m[38;5;159m FPS per env, [38;5;121m1[0m[38;5;159m envs).[0m
[38;5;159m[Genesis] [06:47:16] [INFO] Running at [38;5;121m78.09[0m[38;5;159m FPS ([38;5;121m78.09[0m[38;5;159m FPS per env, [38;5;121m1[0m[38;5;159m envs).[0m
[38;5;159m[Genesis] [06:47:16] [INFO] Running at [38;5;121m78.10[0m[38;5;159m FPS ([38;5;121m78.10[0m[38;5;159m FPS per env, [38;5;121m1[0m[38;5;159m envs).[0m
[38;5;159m[Genesis] [06:47:16] [INFO] Running at [38;5;121m78.12[0m[38;5;159m FPS ([38;5;121m78.12[0m[38;5;159m FPS per env, [38;5;121m1[0m[38;5;159m envs).[0m
[38;5;159m[Genesis] [06:47:16] [INFO] Running at [38;5;121m78.12[0m[38;5;159m FPS ([38;5;121m78.12[0m[38;5;159m FPS per env, [38;5;121m1[0m[38;5;159m envs).[0m
[38;5;159m[Genesis] [06:47:16] [INFO] Running at [38;5;121m78.13[0m[38;5;159m FPS ([38;5;121m78.13[0m[38;5;159m FPS per env, [38;5;121m1[0m[38;5;159m envs).[0m
[38;5;159m[Genesis] [06:47:16] [INFO] Running at [38;5;121m78.11[0m[38;5;159m FPS ([38;5;121m78.11[0m[38;5;159m FPS per env, [38;5;121m1[0m[38;5;159m envs).[0m
[38;5;159m[Genesis] [06:47:16] [INFO] Running at [38;5;121m78.13[0m[38;5;159m FPS ([38;5;121m78.13[0m[38;5;159m FPS per env, [38;5;121m1[0m[38;5;159m envs).[0m
[38;5;159m[Genesis] [06:47:16] [INFO] Running at [38;5;121m78.15[0m[38;5;159m FPS ([38;5;121m78.15[0m[38;5;159m FPS per env, [38;5;121m1[0m[38;5;159m envs).[0m
[38;5;159m[Genesis] [06:47:16] [INFO] Running at [38;5;121m78.13[0m[38;5;159m FPS ([38;5;121m78.13[0m[38;5;159m FPS per env, [38;5;121m1[0m[38;5;159m envs).[0m
[38;5;159m[Genesis] [06:47:16] [INFO] Running at [38;5;121m78.13[0m[38;5;159m FPS ([38;5;121m78.13[0m[38;5;159m FPS per env, [38;5;121m1[0m[38;5;159m envs).[0m
[38;5;159m[Genesis] [06:47:16] [INFO] Running at [38;5;121m78.14[0m[38;5;159m FPS ([38;5;121m78.14[0m[38;5;159m FPS per env, [38;5;121m1[0m[38;5;159m envs).[0m
[38;5;159m[Genesis] [06:47:16] [INFO] Running at [38;5;121m78.15[0m[38;5;159m FPS ([38;5;121m78.15[0m[38;5;159m FPS per env, [38;5;121m1[0m[38;5;159m envs).[0m
[38;5;159m[Genesis] [06:47:16] [INFO] Running at [38;5;121m78.16[0m[38;5;159m FPS ([38;5;121m78.16[0m[38;5;159m FPS per env, [38;5;121m1[0m[38;5;159m envs).[0m
[38;5;159m[Genesis] [06:47:16] [INFO] Running at [38;5;121m78.18[0m[38;5;159m FPS ([38;5;121m78.18[0m[38;5;159m FPS per env, [38;5;121m1[0m[38;5;159m envs).[0m
[38;5;159m[Genesis] [06:47:16] [INFO] Running at [38;5;121m78.03[0m[38;5;159m FPS ([38;5;121m78.03[0m[38;5;159m FPS per env, [38;5;121m1[0m[38;5;159m envs).[0m
[38;5;159m[Genesis] [06:47:16] [INFO] Running at [38;5;121m78.05[0m[38;5;159m FPS ([38;5;121m78.05[0m[38;5;159m FPS per env, [38;5;121m1[0m[38;5;159m envs).[0m
[38;5;159m[Genesis] [06:47:16] [INFO] Running at [38;5;121m78.05[0m[38;5;159m FPS ([38;5;121m78.05[0m[38;5;159m FPS per env, [38;5;121m1[0m[38;5;159m envs).[0m
[38;5;159m[Genesis] [06:47:16] [INFO] Running at [38;5;121m78.04[0m[38;5;159m FPS ([38;5;121m78.04[0m[38;5;159m FPS per env, [38;5;121m1[0m[38;5;159m envs).[0m
[38;5;159m[Genesis] [06:47:16] [INFO] Running at [38;5;121m78.04[0m[38;5;159m FPS ([38;5;121m78.04[0m[38;5;159m FPS per env, [38;5;121m1[0m[38;5;159m envs).[0m
[38;5;159m[Genesis] [06:47:17] [INFO] Running at [38;5;121m78.06[0m[38;5;159m FPS ([38;5;121m78.06[0m[38;5;159m FPS per env, [38;5;121m1[0m[38;5;159m envs).[0m
[38;5;159m[Genesis] [06:47:17] [INFO] Running at [38;5;121m78.04[0m[38;5;159m FPS ([38;5;121m78.04[0m[38;5;159m FPS per env, [38;5;121m1[0m[38;5;159m envs).[0m
[38;5;159m[Genesis] [06:47:17] [INFO] Running at [38;5;121m78.06[0m[38;5;159m FPS ([38;5;121m78.06[0m[38;5;159m FPS per env, [38;5;121m1[0m[38;5;159m envs).[0m
[38;5;159m[Genesis] [06:47:17] [INFO] Running at [38;5;121m78.06[0m[38;5;159m FPS ([38;5;121m78.06[0m[38;5;159m FPS per env, [38;5;121m1[0m[38;5;159m envs).[0m
[38;5;159m[Genesis] [06:47:17] [INFO] Running at [38;5;121m78.08[0m[38;5;159m FPS ([38;5;121m78.08[0m[38;5;159m FPS per env, [38;5;121m1[0m[38;5;159m envs).[0m
[38;5;159m[Genesis] [06:47:17] [INFO] Running at [38;5;121m78.09[0m[38;5;159m FPS ([38;5;121m78.09[0m[38;5;159m FPS per env, [38;5;121m1[0m[38;5;159m envs).[0m
[38;5;159m[Genesis] [06:47:17] [INFO] Running at [38;5;121m78.11[0m[38;5;159m FPS ([38;5;121m78.11[0m[38;5;159m FPS per env, [38;5;121m1[0m[38;5;159m envs).[0m
[38;5;159m[Genesis] [06:47:17] [INFO] Running at [38;5;121m78.14[0m[38;5;159m FPS ([38;5;121m78.14[0m[38;5;159m FPS per env, [38;5;121m1[0m[38;5;159m envs).[0m
[38;5;159m[Genesis] [06:47:17] [INFO] Running at [38;5;121m78.15[0m[38;5;159m FPS ([38;5;121m78.15[0m[38;5;159m FPS per env, [38;5;121m1[0m[38;5;159m envs).[0m
[38;5;159m[Genesis] [06:47:17] [INFO] Running at [38;5;121m78.15[0m[38;5;159m FPS ([38;5;121m78.15[0m[38;5;159m FPS per env, [38;5;121m1[0m[38;5;159m envs).[0m
[38;5;159m[Genesis] [06:47:17] [INFO] Running at [38;5;121m78.14[0m[38;5;159m FPS ([38;5;121m78.14[0m[38;5;159m FPS per env, [38;5;121m1[0m[38;5;159m envs).[0m
[38;5;159m[Genesis] [06:47:17] [INFO] Running at [38;5;121m78.14[0m[38;5;159m FPS ([38;5;121m78.14[0m[38;5;159m FPS per env, [38;5;121m1[0m[38;5;159m envs).[0m
[38;5;159m[Genesis] [06:47:17] [INFO] Running at [38;5;121m78.16[0m[38;5;159m FPS ([38;5;121m78.16[0m[38;5;159m FPS per env, [38;5;121m1[0m[38;5;159m envs).[0m
[38;5;159m[Genesis] [06:47:17] [INFO] Running at [38;5;121m78.16[0m[38;5;159m FPS ([38;5;121m78.16[0m[38;5;159m FPS per env, [38;5;121m1[0m[38;5;159m envs).[0m
[38;5;159m[Genesis] [06:47:17] [INFO] Running at [38;5;121m78.19[0m[38;5;159m FPS ([38;5;121m78.19[0m[38;5;159m FPS per env, [38;5;121m1[0m[38;5;159m envs).[0m
[38;5;159m[Genesis] [06:47:17] [INFO] Running at [38;5;121m78.20[0m[38;5;159m FPS ([38;5;121m78.20[0m[38;5;159m FPS per env, [38;5;121m1[0m[38;5;159m envs).[0m
[38;5;159m[Genesis] [06:47:17] [INFO] Running at [38;5;121m78.20[0m[38;5;159m FPS ([38;5;121m78.20[0m[38;5;159m FPS per env, [38;5;121m1[0m[38;5;159m envs).[0m
[38;5;159m[Genesis] [06:47:17] [INFO] Running at [38;5;121m78.04[0m[38;5;159m FPS ([38;5;121m78.04[0m[38;5;159m FPS per env, [38;5;121m1[0m[38;5;159m envs).[0m
[38;5;159m[Genesis] [06:47:17] [INFO] Running at [38;5;121m78.05[0m[38;5;159m FPS ([38;5;121m78.05[0m[38;5;159m FPS per env, [38;5;121m1[0m[38;5;159m envs).[0m
[38;5;159m[Genesis] [06:47:17] [INFO] Running at [38;5;121m78.06[0m[38;5;159m FPS ([38;5;121m78.06[0m[38;5;159m FPS per env, [38;5;121m1[0m[38;5;159m envs).[0m
[38;5;159m[Genesis] [06:47:18] [INFO] Running at [38;5;121m78.08[0m[38;5;159m FPS ([38;5;121m78.08[0m[38;5;159m FPS per env, [38;5;121m1[0m[38;5;159m envs).[0m
[38;5;159m[Genesis] [06:47:18] [INFO] Running at [38;5;121m78.09[0m[38;5;159m FPS ([38;5;121m78.09[0m[38;5;159m FPS per env, [38;5;121m1[0m[38;5;159m envs).[0m
[38;5;159m[Genesis] [06:47:18] [INFO] Running at [38;5;121m78.12[0m[38;5;159m FPS ([38;5;121m78.12[0m[38;5;159m FPS per env, [38;5;121m1[0m[38;5;159m envs).[0m
[38;5;159m[Genesis] [06:47:18] [INFO] Running at [38;5;121m78.12[0m[38;5;159m FPS ([38;5;121m78.12[0m[38;5;159m FPS per env, [38;5;121m1[0m[38;5;159m envs).[0m
[38;5;159m[Genesis] [06:47:18] [INFO] Running at [38;5;121m78.11[0m[38;5;159m FPS ([38;5;121m78.11[0m[38;5;159m FPS per env, [38;5;121m1[0m[38;5;159m envs).[0m
[38;5;159m[Genesis] [06:47:18] [INFO] Running at [38;5;121m78.12[0m[38;5;159m FPS ([38;5;121m78.12[0m[38;5;159m FPS per env, [38;5;121m1[0m[38;5;159m envs).[0m
[38;5;159m[Genesis] [06:47:18] [INFO] Running at [38;5;121m78.13[0m[38;5;159m FPS ([38;5;121m78.13[0m[38;5;159m FPS per env, [38;5;121m1[0m[38;5;159m envs).[0m
[38;5;159m[Genesis] [06:47:18] [INFO] Running at [38;5;121m78.14[0m[38;5;159m FPS ([38;5;121m78.14[0m[38;5;159m FPS per env, [38;5;121m1[0m[38;5;159m envs).[0m
[38;5;159m[Genesis] [06:47:18] [INFO] Running at [38;5;121m78.15[0m[38;5;159m FPS ([38;5;121m78.15[0m[38;5;159m FPS per env, [38;5;121m1[0m[38;5;159m envs).[0m
[38;5;159m[Genesis] [06:47:18] [INFO] Running at [38;5;121m78.16[0m[38;5;159m FPS ([38;5;121m78.16[0m[38;5;159m FPS per env, [38;5;121m1[0m[38;5;159m envs).[0m
[38;5;159m[Genesis] [06:47:18] [INFO] Running at [38;5;121m78.17[0m[38;5;159m FPS ([38;5;121m78.17[0m[38;5;159m FPS per env, [38;5;121m1[0m[38;5;159m envs).[0m
[38;5;159m[Genesis] [06:47:18] [INFO] Running at [38;5;121m78.15[0m[38;5;159m FPS ([38;5;121m78.15[0m[38;5;159m FPS per env, [38;5;121m1[0m[38;5;159m envs).[0m
[38;5;159m[Genesis] [06:47:18] [INFO] Running at [38;5;121m78.15[0m[38;5;159m FPS ([38;5;121m78.15[0m[38;5;159m FPS per env, [38;5;121m1[0m[38;5;159m envs).[0m
[38;5;159m[Genesis] [06:47:18] [INFO] Running at [38;5;121m78.14[0m[38;5;159m FPS ([38;5;121m78.14[0m[38;5;159m FPS per env, [38;5;121m1[0m[38;5;159m envs).[0m
[38;5;159m[Genesis] [06:47:18] [INFO] Running at [38;5;121m78.13[0m[38;5;159m FPS ([38;5;121m78.13[0m[38;5;159m FPS per env, [38;5;121m1[0m[38;5;159m envs).[0m
[38;5;159m[Genesis] [06:47:18] [INFO] Running at [38;5;121m78.14[0m[38;5;159m FPS ([38;5;121m78.14[0m[38;5;159m FPS per env, [38;5;121m1[0m[38;5;159m envs).[0m
[38;5;159m[Genesis] [06:47:18] [INFO] Running at [38;5;121m78.13[0m[38;5;159m FPS ([38;5;121m78.13[0m[38;5;159m FPS per env, [38;5;121m1[0m[38;5;159m envs).[0m
[38;5;159m[Genesis] [06:47:18] [INFO] Running at [38;5;121m78.14[0m[38;5;159m FPS ([38;5;121m78.14[0m[38;5;159m FPS per env, [38;5;121m1[0m[38;5;159m envs).[0m
[38;5;159m[Genesis] [06:47:18] [INFO] Running at [38;5;121m77.98[0m[38;5;159m FPS ([38;5;121m77.98[0m[38;5;159m FPS per env, [38;5;121m1[0m[38;5;159m envs).[0m
[38;5;159m[Genesis] [06:47:19] [INFO] Running at [38;5;121m77.98[0m[38;5;159m FPS ([38;5;121m77.98[0m[38;5;159m FPS per env, [38;5;121m1[0m[38;5;159m envs).[0m
[38;5;159m[Genesis] [06:47:19] [INFO] Running at [38;5;121m78.01[0m[38;5;159m FPS ([38;5;121m78.01[0m[38;5;159m FPS per env, [38;5;121m1[0m[38;5;159m envs).[0m
[38;5;159m[Genesis] [06:47:19] [INFO] Running at [38;5;121m78.04[0m[38;5;159m FPS ([38;5;121m78.04[0m[38;5;159m FPS per env, [38;5;121m1[0m[38;5;159m envs).[0m
[38;5;159m[Genesis] [06:47:19] [INFO] Running at [38;5;121m78.06[0m[38;5;159m FPS ([38;5;121m78.06[0m[38;5;159m FPS per env, [38;5;121m1[0m[38;5;159m envs).[0m
[38;5;159m[Genesis] [06:47:19] [INFO] Running at [38;5;121m78.08[0m[38;5;159m FPS ([38;5;121m78.08[0m[38;5;159m FPS per env, [38;5;121m1[0m[38;5;159m envs).[0m
[38;5;159m[Genesis] [06:47:19] [INFO] Running at [38;5;121m78.09[0m[38;5;159m FPS ([38;5;121m78.09[0m[38;5;159m FPS per env, [38;5;121m1[0m[38;5;159m envs).[0m
[38;5;159m[Genesis] [06:47:19] [INFO] Running at [38;5;121m78.08[0m[38;5;159m FPS ([38;5;121m78.08[0m[38;5;159m FPS per env, [38;5;121m1[0m[38;5;159m envs).[0m
[38;5;159m[Genesis] [06:47:19] [INFO] Running at [38;5;121m78.03[0m[38;5;159m FPS ([38;5;121m78.03[0m[38;5;159m FPS per env, [38;5;121m1[0m[38;5;159m envs).[0m
[38;5;159m[Genesis] [06:47:19] [INFO] Running at [38;5;121m78.00[0m[38;5;159m FPS ([38;5;121m78.00[0m[38;5;159m FPS per env, [38;5;121m1[0m[38;5;159m envs).[0m
[38;5;159m[Genesis] [06:47:19] [INFO] Running at [38;5;121m77.99[0m[38;5;159m FPS ([38;5;121m77.99[0m[38;5;159m FPS per env, [38;5;121m1[0m[38;5;159m envs).[0m
[38;5;159m[Genesis] [06:47:19] [INFO] Running at [38;5;121m77.96[0m[38;5;159m FPS ([38;5;121m77.96[0m[38;5;159m FPS per env, [38;5;121m1[0m[38;5;159m envs).[0m
[38;5;159m[Genesis] [06:47:19] [INFO] Running at [38;5;121m77.94[0m[38;5;159m FPS ([38;5;121m77.94[0m[38;5;159m FPS per env, [38;5;121m1[0m[38;5;159m envs).[0m
[38;5;159m[Genesis] [06:47:19] [INFO] Running at [38;5;121m77.92[0m[38;5;159m FPS ([38;5;121m77.92[0m[38;5;159m FPS per env, [38;5;121m1[0m[38;5;159m envs).[0m
[38;5;159m[Genesis] [06:47:19] [INFO] Running at [38;5;121m77.87[0m[38;5;159m FPS ([38;5;121m77.87[0m[38;5;159m FPS per env, [38;5;121m1[0m[38;5;159m envs).[0m
[38;5;159m[Genesis] [06:47:19] [INFO] Running at [38;5;121m77.89[0m[38;5;159m FPS ([38;5;121m77.89[0m[38;5;159m FPS per env, [38;5;121m1[0m[38;5;159m envs).[0m
[38;5;159m[Genesis] [06:47:19] [INFO] Running at [38;5;121m77.88[0m[38;5;159m FPS ([38;5;121m77.88[0m[38;5;159m FPS per env, [38;5;121m1[0m[38;5;159m envs).[0m
[38;5;159m[Genesis] [06:47:19] [INFO] Running at [38;5;121m77.91[0m[38;5;159m FPS ([38;5;121m77.91[0m[38;5;159m FPS per env, [38;5;121m1[0m[38;5;159m envs).[0m
[38;5;159m[Genesis] [06:47:19] [INFO] Running at [38;5;121m77.92[0m[38;5;159m FPS ([38;5;121m77.92[0m[38;5;159m FPS per env, [38;5;121m1[0m[38;5;159m envs).[0m
[38;5;159m[Genesis] [06:47:19] [INFO] Running at [38;5;121m77.95[0m[38;5;159m FPS ([38;5;121m77.95[0m[38;5;159m FPS per env, [38;5;121m1[0m[38;5;159m envs).[0m
[38;5;159m[Genesis] [06:47:19] [INFO] Running at [38;5;121m77.98[0m[38;5;159m FPS ([38;5;121m77.98[0m[38;5;159m FPS per env, [38;5;121m1[0m[38;5;159m envs).[0m
[38;5;159m[Genesis] [06:47:20] [INFO] Running at [38;5;121m77.84[0m[38;5;159m FPS ([38;5;121m77.84[0m[38;5;159m FPS per env, [38;5;121m1[0m[38;5;159m envs).[0m
[38;5;159m[Genesis] [06:47:20] [INFO] Running at [38;5;121m77.86[0m[38;5;159m FPS ([38;5;121m77.86[0m[38;5;159m FPS per env, [38;5;121m1[0m[38;5;159m envs).[0m
[38;5;159m[Genesis] [06:47:20] [INFO] Running at [38;5;121m77.86[0m[38;5;159m FPS ([38;5;121m77.86[0m[38;5;159m FPS per env, [38;5;121m1[0m[38;5;159m envs).[0m
[38;5;159m[Genesis] [06:47:20] [INFO] Running at [38;5;121m77.87[0m[38;5;159m FPS ([38;5;121m77.87[0m[38;5;159m FPS per env, [38;5;121m1[0m[38;5;159m envs).[0m
[38;5;159m[Genesis] [06:47:20] [INFO] Running at [38;5;121m77.87[0m[38;5;159m FPS ([38;5;121m77.87[0m[38;5;159m FPS per env, [38;5;121m1[0m[38;5;159m envs).[0m
[38;5;159m[Genesis] [06:47:20] [INFO] Running at [38;5;121m77.87[0m[38;5;159m FPS ([38;5;121m77.87[0m[38;5;159m FPS per env, [38;5;121m1[0m[38;5;159m envs).[0m
[38;5;159m[Genesis] [06:47:20] [INFO] Running at [38;5;121m77.88[0m[38;5;159m FPS ([38;5;121m77.88[0m[38;5;159m FPS per env, [38;5;121m1[0m[38;5;159m envs).[0m
[38;5;159m[Genesis] [06:47:20] [INFO] Running at [38;5;121m77.88[0m[38;5;159m FPS ([38;5;121m77.88[0m[38;5;159m FPS per env, [38;5;121m1[0m[38;5;159m envs).[0m
[38;5;159m[Genesis] [06:47:20] [INFO] Running at [38;5;121m77.91[0m[38;5;159m FPS ([38;5;121m77.91[0m[38;5;159m FPS per env, [38;5;121m1[0m[38;5;159m envs).[0m
[38;5;159m[Genesis] [06:47:20] [INFO] Running at [38;5;121m77.93[0m[38;5;159m FPS ([38;5;121m77.93[0m[38;5;159m FPS per env, [38;5;121m1[0m[38;5;159m envs).[0m
[38;5;159m[Genesis] [06:47:20] [INFO] Running at [38;5;121m77.97[0m[38;5;159m FPS ([38;5;121m77.97[0m[38;5;159m FPS per env, [38;5;121m1[0m[38;5;159m envs).[0m
[38;5;159m[Genesis] [06:47:20] [INFO] Running at [38;5;121m77.99[0m[38;5;159m FPS ([38;5;121m77.99[0m[38;5;159m FPS per env, [38;5;121m1[0m[38;5;159m envs).[0m
[38;5;159m[Genesis] [06:47:20] [INFO] Running at [38;5;121m77.86[0m[38;5;159m FPS ([38;5;121m77.86[0m[38;5;159m FPS per env, [38;5;121m1[0m[38;5;159m envs).[0m
[38;5;159m[Genesis] [06:47:20] [INFO] Running at [38;5;121m77.90[0m[38;5;159m FPS ([38;5;121m77.90[0m[38;5;159m FPS per env, [38;5;121m1[0m[38;5;159m envs).[0m
[38;5;159m[Genesis] [06:47:20] [INFO] Running at [38;5;121m77.94[0m[38;5;159m FPS ([38;5;121m77.94[0m[38;5;159m FPS per env, [38;5;121m1[0m[38;5;159m envs).[0m
[38;5;159m[Genesis] [06:47:20] [INFO] Running at [38;5;121m77.96[0m[38;5;159m FPS ([38;5;121m77.96[0m[38;5;159m FPS per env, [38;5;121m1[0m[38;5;159m envs).[0m
[38;5;159m[Genesis] [06:47:20] [INFO] Running at [38;5;121m78.00[0m[38;5;159m FPS ([38;5;121m78.00[0m[38;5;159m FPS per env, [38;5;121m1[0m[38;5;159m envs).[0m
[38;5;159m[Genesis] [06:47:20] [INFO] Running at [38;5;121m78.01[0m[38;5;159m FPS ([38;5;121m78.01[0m[38;5;159m FPS per env, [38;5;121m1[0m[38;5;159m envs).[0m
[38;5;159m[Genesis] [06:47:20] [INFO] Running at [38;5;121m78.04[0m[38;5;159m FPS ([38;5;121m78.04[0m[38;5;159m FPS per env, [38;5;121m1[0m[38;5;159m envs).[0m
[38;5;159m[Genesis] [06:47:21] [INFO] Running at [38;5;121m78.07[0m[38;5;159m FPS ([38;5;121m78.07[0m[38;5;159m FPS per env, [38;5;121m1[0m[38;5;159m envs).[0m
[38;5;159m[Genesis] [06:47:21] [INFO] Running at [38;5;121m78.10[0m[38;5;159m FPS ([38;5;121m78.10[0m[38;5;159m FPS per env, [38;5;121m1[0m[38;5;159m envs).[0m
[38;5;159m[Genesis] [06:47:21] [INFO] Running at [38;5;121m78.12[0m[38;5;159m FPS ([38;5;121m78.12[0m[38;5;159m FPS per env, [38;5;121m1[0m[38;5;159m envs).[0m
[38;5;159m[Genesis] [06:47:21] [INFO] Running at [38;5;121m77.94[0m[38;5;159m FPS ([38;5;121m77.94[0m[38;5;159m FPS per env, [38;5;121m1[0m[38;5;159m envs).[0m
[38;5;159m[Genesis] [06:47:21] [INFO] Running at [38;5;121m77.96[0m[38;5;159m FPS ([38;5;121m77.96[0m[38;5;159m FPS per env, [38;5;121m1[0m[38;5;159m envs).[0m
[38;5;159m[Genesis] [06:47:21] [INFO] Running at [38;5;121m77.98[0m[38;5;159m FPS ([38;5;121m77.98[0m[38;5;159m FPS per env, [38;5;121m1[0m[38;5;159m envs).[0m
[38;5;159m[Genesis] [06:47:21] [INFO] Running at [38;5;121m78.00[0m[38;5;159m FPS ([38;5;121m78.00[0m[38;5;159m FPS per env, [38;5;121m1[0m[38;5;159m envs).[0m
[38;5;159m[Genesis] [06:47:21] [INFO] Running at [38;5;121m78.02[0m[38;5;159m FPS ([38;5;121m78.02[0m[38;5;159m FPS per env, [38;5;121m1[0m[38;5;159m envs).[0m
[38;5;159m[Genesis] [06:47:21] [INFO] Running at [38;5;121m78.06[0m[38;5;159m FPS ([38;5;121m78.06[0m[38;5;159m FPS per env, [38;5;121m1[0m[38;5;159m envs).[0m
[38;5;159m[Genesis] [06:47:21] [INFO] Running at [38;5;121m78.09[0m[38;5;159m FPS ([38;5;121m78.09[0m[38;5;159m FPS per env, [38;5;121m1[0m[38;5;159m envs).[0m
[38;5;159m[Genesis] [06:47:21] [INFO] Running at [38;5;121m78.12[0m[38;5;159m FPS ([38;5;121m78.12[0m[38;5;159m FPS per env, [38;5;121m1[0m[38;5;159m envs).[0m
[38;5;159m[Genesis] [06:47:21] [INFO] Running at [38;5;121m78.12[0m[38;5;159m FPS ([38;5;121m78.12[0m[38;5;159m FPS per env, [38;5;121m1[0m[38;5;159m envs).[0m
[38;5;159m[Genesis] [06:47:21] [INFO] Running at [38;5;121m78.14[0m[38;5;159m FPS ([38;5;121m78.14[0m[38;5;159m FPS per env, [38;5;121m1[0m[38;5;159m envs).[0m
[38;5;159m[Genesis] [06:47:21] [INFO] Running at [38;5;121m78.16[0m[38;5;159m FPS ([38;5;121m78.16[0m[38;5;159m FPS per env, [38;5;121m1[0m[38;5;159m envs).[0m
[38;5;159m[Genesis] [06:47:21] [INFO] Running at [38;5;121m78.19[0m[38;5;159m FPS ([38;5;121m78.19[0m[38;5;159m FPS per env, [38;5;121m1[0m[38;5;159m envs).[0m
[38;5;159m[Genesis] [06:47:21] [INFO] Running at [38;5;121m78.21[0m[38;5;159m FPS ([38;5;121m78.21[0m[38;5;159m FPS per env, [38;5;121m1[0m[38;5;159m envs).[0m
[38;5;159m[Genesis] [06:47:21] [INFO] Running at [38;5;121m78.21[0m[38;5;159m FPS ([38;5;121m78.21[0m[38;5;159m FPS per env, [38;5;121m1[0m[38;5;159m envs).[0m
[38;5;159m[Genesis] [06:47:21] [INFO] Running at [38;5;121m78.21[0m[38;5;159m FPS ([38;5;121m78.21[0m[38;5;159m FPS per env, [38;5;121m1[0m[38;5;159m envs).[0m
[38;5;159m[Genesis] [06:47:21] [INFO] Running at [38;5;121m78.24[0m[38;5;159m FPS ([38;5;121m78.24[0m[38;5;159m FPS per env, [38;5;121m1[0m[38;5;159m envs).[0m
[38;5;159m[Genesis] [06:47:21] [INFO] Running at [38;5;121m78.26[0m[38;5;159m FPS ([38;5;121m78.26[0m[38;5;159m FPS per env, [38;5;121m1[0m[38;5;159m envs).[0m
[38;5;159m[Genesis] [06:47:22] [INFO] Running at [38;5;121m78.28[0m[38;5;159m FPS ([38;5;121m78.28[0m[38;5;159m FPS per env, [38;5;121m1[0m[38;5;159m envs).[0m
[38;5;159m[Genesis] [06:47:22] [INFO] Running at [38;5;121m78.29[0m[38;5;159m FPS ([38;5;121m78.29[0m[38;5;159m FPS per env, [38;5;121m1[0m[38;5;159m envs).[0m
[38;5;159m[Genesis] [06:47:22] [INFO] Running at [38;5;121m78.31[0m[38;5;159m FPS ([38;5;121m78.31[0m[38;5;159m FPS per env, [38;5;121m1[0m[38;5;159m envs).[0m
[38;5;159m[Genesis] [06:47:22] [INFO] Running at [38;5;121m78.33[0m[38;5;159m FPS ([38;5;121m78.33[0m[38;5;159m FPS per env, [38;5;121m1[0m[38;5;159m envs).[0m
[38;5;159m[Genesis] [06:47:22] [INFO] Running at [38;5;121m78.18[0m[38;5;159m FPS ([38;5;121m78.18[0m[38;5;159m FPS per env, [38;5;121m1[0m[38;5;159m envs).[0m
[38;5;159m[Genesis] [06:47:22] [INFO] Running at [38;5;121m78.19[0m[38;5;159m FPS ([38;5;121m78.19[0m[38;5;159m FPS per env, [38;5;121m1[0m[38;5;159m envs).[0m
[38;5;159m[Genesis] [06:47:22] [INFO] Running at [38;5;121m78.20[0m[38;5;159m FPS ([38;5;121m78.20[0m[38;5;159m FPS per env, [38;5;121m1[0m[38;5;159m envs).[0m
[38;5;159m[Genesis] [06:47:22] [INFO] Running at [38;5;121m78.22[0m[38;5;159m FPS ([38;5;121m78.22[0m[38;5;159m FPS per env, [38;5;121m1[0m[38;5;159m envs).[0m
[38;5;159m[Genesis] [06:47:22] [INFO] Running at [38;5;121m77.86[0m[38;5;159m FPS ([38;5;121m77.86[0m[38;5;159m FPS per env, [38;5;121m1[0m[38;5;159m envs).[0m
[38;5;159m[Genesis] [06:47:22] [INFO] Running at [38;5;121m77.30[0m[38;5;159m FPS ([38;5;121m77.30[0m[38;5;159m FPS per env, [38;5;121m1[0m[38;5;159m envs).[0m
[38;5;159m[Genesis] [06:47:22] [INFO] Running at [38;5;121m76.79[0m[38;5;159m FPS ([38;5;121m76.79[0m[38;5;159m FPS per env, [38;5;121m1[0m[38;5;159m envs).[0m
[38;5;159m[Genesis] [06:47:22] [INFO] Running at [38;5;121m76.21[0m[38;5;159m FPS ([38;5;121m76.21[0m[38;5;159m FPS per env, [38;5;121m1[0m[38;5;159m envs).[0m
[38;5;159m[Genesis] [06:47:22] [INFO] Running at [38;5;121m75.72[0m[38;5;159m FPS ([38;5;121m75.72[0m[38;5;159m FPS per env, [38;5;121m1[0m[38;5;159m envs).[0m
[38;5;159m[Genesis] [06:47:22] [INFO] Running at [38;5;121m75.19[0m[38;5;159m FPS ([38;5;121m75.19[0m[38;5;159m FPS per env, [38;5;121m1[0m[38;5;159m envs).[0m
[38;5;159m[Genesis] [06:47:22] [INFO] Running at [38;5;121m74.70[0m[38;5;159m FPS ([38;5;121m74.70[0m[38;5;159m FPS per env, [38;5;121m1[0m[38;5;159m envs).[0m
[38;5;159m[Genesis] [06:47:22] [INFO] Running at [38;5;121m74.27[0m[38;5;159m FPS ([38;5;121m74.27[0m[38;5;159m FPS per env, [38;5;121m1[0m[38;5;159m envs).[0m
[38;5;159m[Genesis] [06:47:22] [INFO] Running at [38;5;121m73.89[0m[38;5;159m FPS ([38;5;121m73.89[0m[38;5;159m FPS per env, [38;5;121m1[0m[38;5;159m envs).[0m
[38;5;159m[Genesis] [06:47:22] [INFO] Running at [38;5;121m73.56[0m[38;5;159m FPS ([38;5;121m73.56[0m[38;5;159m FPS per env, [38;5;121m1[0m[38;5;159m envs).[0m
[38;5;159m[Genesis] [06:47:23] [INFO] Running at [38;5;121m73.28[0m[38;5;159m FPS ([38;5;121m73.28[0m[38;5;159m FPS per env, [38;5;121m1[0m[38;5;159m envs).[0m
[38;5;159m[Genesis] [06:47:23] [INFO] Running at [38;5;121m73.05[0m[38;5;159m FPS ([38;5;121m73.05[0m[38;5;159m FPS per env, [38;5;121m1[0m[38;5;159m envs).[0m
[38;5;159m[Genesis] [06:47:23] [INFO] Running at [38;5;121m72.76[0m[38;5;159m FPS ([38;5;121m72.76[0m[38;5;159m FPS per env, [38;5;121m1[0m[38;5;159m envs).[0m
[38;5;159m[Genesis] [06:47:23] [INFO] Running at [38;5;121m72.37[0m[38;5;159m FPS ([38;5;121m72.37[0m[38;5;159m FPS per env, [38;5;121m1[0m[38;5;159m envs).[0m
[38;5;159m[Genesis] [06:47:23] [INFO] Running at [38;5;121m71.93[0m[38;5;159m FPS ([38;5;121m71.93[0m[38;5;159m FPS per env, [38;5;121m1[0m[38;5;159m envs).[0m
[38;5;159m[Genesis] [06:47:23] [INFO] Running at [38;5;121m71.65[0m[38;5;159m FPS ([38;5;121m71.65[0m[38;5;159m FPS per env, [38;5;121m1[0m[38;5;159m envs).[0m
[38;5;159m[Genesis] [06:47:23] [INFO] Running at [38;5;121m71.44[0m[38;5;159m FPS ([38;5;121m71.44[0m[38;5;159m FPS per env, [38;5;121m1[0m[38;5;159m envs).[0m
[38;5;159m[Genesis] [06:47:23] [INFO] Running at [38;5;121m70.88[0m[38;5;159m FPS ([38;5;121m70.88[0m[38;5;159m FPS per env, [38;5;121m1[0m[38;5;159m envs).[0m
[38;5;159m[Genesis] [06:47:23] [INFO] Running at [38;5;121m70.44[0m[38;5;159m FPS ([38;5;121m70.44[0m[38;5;159m FPS per env, [38;5;121m1[0m[38;5;159m envs).[0m
[38;5;159m[Genesis] [06:47:23] [INFO] Running at [38;5;121m70.11[0m[38;5;159m FPS ([38;5;121m70.11[0m[38;5;159m FPS per env, [38;5;121m1[0m[38;5;159m envs).[0m
[38;5;159m[Genesis] [06:47:23] [INFO] Running at [38;5;121m69.80[0m[38;5;159m FPS ([38;5;121m69.80[0m[38;5;159m FPS per env, [38;5;121m1[0m[38;5;159m envs).[0m
[38;5;159m[Genesis] [06:47:23] [INFO] Running at [38;5;121m69.54[0m[38;5;159m FPS ([38;5;121m69.54[0m[38;5;159m FPS per env, [38;5;121m1[0m[38;5;159m envs).[0m
[38;5;159m[Genesis] [06:47:23] [INFO] Running at [38;5;121m69.28[0m[38;5;159m FPS ([38;5;121m69.28[0m[38;5;159m FPS per env, [38;5;121m1[0m[38;5;159m envs).[0m
[38;5;159m[Genesis] [06:47:23] [INFO] Running at [38;5;121m69.17[0m[38;5;159m FPS ([38;5;121m69.17[0m[38;5;159m FPS per env, [38;5;121m1[0m[38;5;159m envs).[0m
[38;5;159m[Genesis] [06:47:23] [INFO] Running at [38;5;121m52.13[0m[38;5;159m FPS ([38;5;121m52.13[0m[38;5;159m FPS per env, [38;5;121m1[0m[38;5;159m envs).[0m
[38;5;159m[Genesis] [06:47:23] [INFO] Running at [38;5;121m69.13[0m[38;5;159m FPS ([38;5;121m69.13[0m[38;5;159m FPS per env, [38;5;121m1[0m[38;5;159m envs).[0m
[38;5;159m[Genesis] [06:47:24] [INFO] Running at [38;5;121m68.77[0m[38;5;159m FPS ([38;5;121m68.77[0m[38;5;159m FPS per env, [38;5;121m1[0m[38;5;159m envs).[0m
[38;5;159m[Genesis] [06:47:24] [INFO] Running at [38;5;121m68.26[0m[38;5;159m FPS ([38;5;121m68.26[0m[38;5;159m FPS per env, [38;5;121m1[0m[38;5;159m envs).[0m
[38;5;159m[Genesis] [06:47:24] [INFO] Running at [38;5;121m68.06[0m[38;5;159m FPS ([38;5;121m68.06[0m[38;5;159m FPS per env, [38;5;121m1[0m[38;5;159m envs).[0m
[38;5;159m[Genesis] [06:47:24] [INFO] Running at [38;5;121m67.85[0m[38;5;159m FPS ([38;5;121m67.85[0m[38;5;159m FPS per env, [38;5;121m1[0m[38;5;159m envs).[0m
[38;5;159m[Genesis] [06:47:24] [INFO] Running at [38;5;121m67.66[0m[38;5;159m FPS ([38;5;121m67.66[0m[38;5;159m FPS per env, [38;5;121m1[0m[38;5;159m envs).[0m
[38;5;159m[Genesis] [06:47:24] [INFO] Running at [38;5;121m67.52[0m[38;5;159m FPS ([38;5;121m67.52[0m[38;5;159m FPS per env, [38;5;121m1[0m[38;5;159m envs).[0m
[38;5;159m[Genesis] [06:47:24] [INFO] Running at [38;5;121m67.47[0m[38;5;159m FPS ([38;5;121m67.47[0m[38;5;159m FPS per env, [38;5;121m1[0m[38;5;159m envs).[0m
fps 50
[38;5;159m[Genesis] [06:47:24] [INFO] Saving video to [38;5;121m"test_3200_8.0_behind.mp4"[0m[38;5;159m...[0m
[38;5;159m[Genesis] [06:47:26] [INFO] Video saved.[0m
[38;5;159m[Genesis] [06:47:26] [INFO] Saving video to [38;5;121m"test_3200_8.0_side.mp4"[0m[38;5;159m...[0m
[38;5;159m[Genesis] [06:47:29] [INFO] Video saved.[0m
Saved recordings for checkpoint 3200.
Finaler Gierraten-Fehler: 9.49 deg/s
[38;5;159m[Genesis] [06:47:29] [INFO] 💤 Exiting Genesis and caching compiled kernels...[0m
