[38;5;159m[Genesis] [08:17:58] [INFO] [38;5;121m╭───────────────────────────────────────────────╮[0m[38;5;159m[0m
[38;5;159m[Genesis] [08:17:58] [INFO] [38;5;121m│┈┉┈┉┈┉┈┉┈┉┈┉┈┉┈┉┈┉┈[0m[38;5;159m [38;5;121m[1m[3mGenesis[0m[38;5;159m [38;5;121m┈┉┈┉┈┉┈┉┈┉┈┉┈┉┈┉┈┉┈│[0m[38;5;159m[0m
[38;5;159m[Genesis] [08:17:58] [INFO] [38;5;121m╰───────────────────────────────────────────────╯[0m[38;5;159m[0m
[38;5;159m[Genesis] [08:17:58] [INFO] Running on [38;5;121m[4m[NVIDIA GeForce RTX 5090][0m[38;5;159m with backend [38;5;121m[4mgs.cuda[0m[38;5;159m. Device memory: [38;5;121m[4m31.36[0m[38;5;159m GB.[0m
[38;5;159m[Genesis] [08:17:58] [INFO] 🚀 Genesis initialized. 🔖 version: [38;5;121m[4m0.4.7[0m[38;5;159m, 🎨 theme: [38;5;121m[4mdark[0m[38;5;159m, 🌱 seed: [38;5;121m[4mNone[0m[38;5;159m, 🐛 debug: [38;5;121m[4mFalse[0m[38;5;159m, 📏 precision: [38;5;121m[4m32[0m[38;5;159m, 🔥 performance: [38;5;121m[4mFalse[0m[38;5;159m, 💬 verbose: [38;5;121m[4mINFO[0m[38;5;159m[0m
[38;5;226m[Genesis] [08:18:01] [WARNING] Viewer option 'n_rendered_envs' is deprecated and will be removed in a future release. Please use 'rendered_envs_idx' instead.[0m
[38;5;159m[Genesis] [08:18:01] [INFO] Scene [38;5;121m[3m<5ec35a6>[0m[38;5;159m created.[0m
[38;5;159m[Genesis] [08:18:01] [INFO] Adding [38;5;121m<gs.engine.entities.RigidEntity>[0m[38;5;159m. idx: [38;5;121m0[0m[38;5;159m, uid: [38;5;121m[3m<d19e699>[0m[38;5;159m, morph: [38;5;121m<gs.morphs.Terrain>[0m[38;5;159m, material: [38;5;121m<gs.materials.Rigid>[0m[38;5;159m.[0m
[38;5;226m[Genesis] [08:18:02] [WARNING] Beware that SDF pre-processing of mesh  having more than 50000 vertices may take a very long time (>10min) and require large RAM allocation (>20Gb). Please either enable convexify or decimation. (see FileMorph options)[0m
[38;5;159m[Genesis] [08:18:02] [INFO] Adding [38;5;121m<gs.engine.entities.RigidEntity>[0m[38;5;159m. idx: [38;5;121m1[0m[38;5;159m, uid: [38;5;121m[3m<ef26b9a>[0m[38;5;159m, morph: [38;5;121m<gs.morphs.URDF(file='/home/jfriesen/.local/lib/python3.12/site-packages/genesis/assets/urdf/go2/urdf/go2.urdf')>[0m[38;5;159m, material: [38;5;121m<gs.materials.Rigid>[0m[38;5;159m.[0m
[38;5;159m[Genesis] [08:18:05] [INFO] Building scene [38;5;121m[3m<5ec35a6>[0m[38;5;159m...[0m
[38;5;226m[Genesis] [08:18:05] [WARNING] Neutral robot position (qpos0) exceeds joint limits.[0m
[38;5;159m[Genesis] [08:18:07] [INFO] Compiling simulation kernels...[0m
[38;5;159m[Genesis] [08:18:08] [INFO] Building visualizer...[0m
[38;5;226m[Genesis] [08:18:09] [WARNING] This property is deprecated and will be removed in future release. Please use 'dofs_idx_local' instead.[0m
[38;5;226m[Genesis] [08:18:09] [WARNING] This property is deprecated and will be removed in future release. Please use 'dofs_idx_local' instead.[0m
[38;5;226m[Genesis] [08:18:09] [WARNING] This property is deprecated and will be removed in future release. Please use 'dofs_idx_local' instead.[0m
[38;5;226m[Genesis] [08:18:09] [WARNING] This property is deprecated and will be removed in future release. Please use 'dofs_idx_local' instead.[0m
[38;5;226m[Genesis] [08:18:09] [WARNING] This property is deprecated and will be removed in future release. Please use 'dofs_idx_local' instead.[0m
[38;5;226m[Genesis] [08:18:09] [WARNING] This property is deprecated and will be removed in future release. Please use 'dofs_idx_local' instead.[0m
[38;5;226m[Genesis] [08:18:09] [WARNING] This property is deprecated and will be removed in future release. Please use 'dofs_idx_local' instead.[0m
[38;5;226m[Genesis] [08:18:09] [WARNING] This property is deprecated and will be removed in future release. Please use 'dofs_idx_local' instead.[0m
[38;5;226m[Genesis] [08:18:09] [WARNING] This property is deprecated and will be removed in future release. Please use 'dofs_idx_local' instead.[0m
[38;5;226m[Genesis] [08:18:09] [WARNING] This property is deprecated and will be removed in future release. Please use 'dofs_idx_local' instead.[0m
[38;5;226m[Genesis] [08:18:09] [WARNING] This property is deprecated and will be removed in future release. Please use 'dofs_idx_local' instead.[0m
[38;5;226m[Genesis] [08:18:09] [WARNING] This property is deprecated and will be removed in future release. Please use 'dofs_idx_local' instead.[0m
/home/jfriesen/.local/lib/python3.12/site-packages/torch/utils/_device.py:122: UserWarning: To copy construct from a tensor, it is recommended to use sourceTensor.detach().clone() or sourceTensor.detach().clone().requires_grad_(True), rather than torch.tensor(sourceTensor).
  return func(*args, **kwargs)
Actor MLP: Sequential(
  (0): Linear(in_features=76, out_features=512, bias=True)
  (1): ELU(alpha=1.0)
  (2): Linear(in_features=512, out_features=256, bias=True)
  (3): ELU(alpha=1.0)
  (4): Linear(in_features=256, out_features=128, bias=True)
  (5): ELU(alpha=1.0)
  (6): Linear(in_features=128, out_features=12, bias=True)
)
Critic MLP: Sequential(
  (0): Linear(in_features=100, out_features=512, bias=True)
  (1): ELU(alpha=1.0)
  (2): Linear(in_features=512, out_features=256, bias=True)
  (3): ELU(alpha=1.0)
  (4): Linear(in_features=256, out_features=128, bias=True)
  (5): ELU(alpha=1.0)
  (6): Linear(in_features=128, out_features=1, bias=True)
)
[38;5;159m[Genesis] [08:18:11] [INFO] Running at [38;5;121m1.58[0m[38;5;159m FPS ([38;5;121m1.58[0m[38;5;159m FPS per env, [38;5;121m1[0m[38;5;159m envs).[0m
[38;5;159m[Genesis] [08:18:11] [INFO] Running at [38;5;121m6.13[0m[38;5;159m FPS ([38;5;121m6.13[0m[38;5;159m FPS per env, [38;5;121m1[0m[38;5;159m envs).[0m
[38;5;159m[Genesis] [08:18:11] [INFO] Running at [38;5;121m69.93[0m[38;5;159m FPS ([38;5;121m69.93[0m[38;5;159m FPS per env, [38;5;121m1[0m[38;5;159m envs).[0m
[38;5;159m[Genesis] [08:18:11] [INFO] Running at [38;5;121m69.98[0m[38;5;159m FPS ([38;5;121m69.98[0m[38;5;159m FPS per env, [38;5;121m1[0m[38;5;159m envs).[0m
[38;5;159m[Genesis] [08:18:11] [INFO] Running at [38;5;121m70.06[0m[38;5;159m FPS ([38;5;121m70.06[0m[38;5;159m FPS per env, [38;5;121m1[0m[38;5;159m envs).[0m
[38;5;159m[Genesis] [08:18:11] [INFO] Running at [38;5;121m70.13[0m[38;5;159m FPS ([38;5;121m70.13[0m[38;5;159m FPS per env, [38;5;121m1[0m[38;5;159m envs).[0m
[38;5;159m[Genesis] [08:18:11] [INFO] Running at [38;5;121m70.19[0m[38;5;159m FPS ([38;5;121m70.19[0m[38;5;159m FPS per env, [38;5;121m1[0m[38;5;159m envs).[0m
[38;5;159m[Genesis] [08:18:11] [INFO] Running at [38;5;121m70.28[0m[38;5;159m FPS ([38;5;121m70.28[0m[38;5;159m FPS per env, [38;5;121m1[0m[38;5;159m envs).[0m
[38;5;159m[Genesis] [08:18:11] [INFO] Running at [38;5;121m70.37[0m[38;5;159m FPS ([38;5;121m70.37[0m[38;5;159m FPS per env, [38;5;121m1[0m[38;5;159m envs).[0m
[38;5;159m[Genesis] [08:18:12] [INFO] Running at [38;5;121m70.49[0m[38;5;159m FPS ([38;5;121m70.49[0m[38;5;159m FPS per env, [38;5;121m1[0m[38;5;159m envs).[0m
[38;5;159m[Genesis] [08:18:12] [INFO] Running at [38;5;121m70.60[0m[38;5;159m FPS ([38;5;121m70.60[0m[38;5;159m FPS per env, [38;5;121m1[0m[38;5;159m envs).[0m
[38;5;159m[Genesis] [08:18:12] [INFO] Running at [38;5;121m70.73[0m[38;5;159m FPS ([38;5;121m70.73[0m[38;5;159m FPS per env, [38;5;121m1[0m[38;5;159m envs).[0m
[38;5;159m[Genesis] [08:18:12] [INFO] Running at [38;5;121m70.82[0m[38;5;159m FPS ([38;5;121m70.82[0m[38;5;159m FPS per env, [38;5;121m1[0m[38;5;159m envs).[0m
[38;5;159m[Genesis] [08:18:12] [INFO] Running at [38;5;121m70.98[0m[38;5;159m FPS ([38;5;121m70.98[0m[38;5;159m FPS per env, [38;5;121m1[0m[38;5;159m envs).[0m
[38;5;159m[Genesis] [08:18:12] [INFO] Running at [38;5;121m71.01[0m[38;5;159m FPS ([38;5;121m71.01[0m[38;5;159m FPS per env, [38;5;121m1[0m[38;5;159m envs).[0m
[38;5;159m[Genesis] [08:18:12] [INFO] Running at [38;5;121m71.14[0m[38;5;159m FPS ([38;5;121m71.14[0m[38;5;159m FPS per env, [38;5;121m1[0m[38;5;159m envs).[0m
[38;5;159m[Genesis] [08:18:12] [INFO] Running at [38;5;121m71.21[0m[38;5;159m FPS ([38;5;121m71.21[0m[38;5;159m FPS per env, [38;5;121m1[0m[38;5;159m envs).[0m
[38;5;159m[Genesis] [08:18:12] [INFO] Running at [38;5;121m71.21[0m[38;5;159m FPS ([38;5;121m71.21[0m[38;5;159m FPS per env, [38;5;121m1[0m[38;5;159m envs).[0m
[38;5;159m[Genesis] [08:18:12] [INFO] Running at [38;5;121m71.27[0m[38;5;159m FPS ([38;5;121m71.27[0m[38;5;159m FPS per env, [38;5;121m1[0m[38;5;159m envs).[0m
[38;5;159m[Genesis] [08:18:12] [INFO] Running at [38;5;121m71.33[0m[38;5;159m FPS ([38;5;121m71.33[0m[38;5;159m FPS per env, [38;5;121m1[0m[38;5;159m envs).[0m
[38;5;159m[Genesis] [08:18:12] [INFO] Running at [38;5;121m71.50[0m[38;5;159m FPS ([38;5;121m71.50[0m[38;5;159m FPS per env, [38;5;121m1[0m[38;5;159m envs).[0m
[38;5;159m[Genesis] [08:18:12] [INFO] Running at [38;5;121m71.53[0m[38;5;159m FPS ([38;5;121m71.53[0m[38;5;159m FPS per env, [38;5;121m1[0m[38;5;159m envs).[0m
[38;5;159m[Genesis] [08:18:12] [INFO] Running at [38;5;121m71.51[0m[38;5;159m FPS ([38;5;121m71.51[0m[38;5;159m FPS per env, [38;5;121m1[0m[38;5;159m envs).[0m
[38;5;159m[Genesis] [08:18:12] [INFO] Running at [38;5;121m71.11[0m[38;5;159m FPS ([38;5;121m71.11[0m[38;5;159m FPS per env, [38;5;121m1[0m[38;5;159m envs).[0m
[38;5;159m[Genesis] [08:18:12] [INFO] Running at [38;5;121m70.81[0m[38;5;159m FPS ([38;5;121m70.81[0m[38;5;159m FPS per env, [38;5;121m1[0m[38;5;159m envs).[0m
[38;5;159m[Genesis] [08:18:12] [INFO] Running at [38;5;121m70.46[0m[38;5;159m FPS ([38;5;121m70.46[0m[38;5;159m FPS per env, [38;5;121m1[0m[38;5;159m envs).[0m
[38;5;159m[Genesis] [08:18:12] [INFO] Running at [38;5;121m70.24[0m[38;5;159m FPS ([38;5;121m70.24[0m[38;5;159m FPS per env, [38;5;121m1[0m[38;5;159m envs).[0m
[38;5;159m[Genesis] [08:18:13] [INFO] Running at [38;5;121m69.96[0m[38;5;159m FPS ([38;5;121m69.96[0m[38;5;159m FPS per env, [38;5;121m1[0m[38;5;159m envs).[0m
[38;5;159m[Genesis] [08:18:13] [INFO] Running at [38;5;121m69.77[0m[38;5;159m FPS ([38;5;121m69.77[0m[38;5;159m FPS per env, [38;5;121m1[0m[38;5;159m envs).[0m
[38;5;159m[Genesis] [08:18:13] [INFO] Running at [38;5;121m69.51[0m[38;5;159m FPS ([38;5;121m69.51[0m[38;5;159m FPS per env, [38;5;121m1[0m[38;5;159m envs).[0m
[38;5;159m[Genesis] [08:18:13] [INFO] Running at [38;5;121m69.28[0m[38;5;159m FPS ([38;5;121m69.28[0m[38;5;159m FPS per env, [38;5;121m1[0m[38;5;159m envs).[0m
[38;5;159m[Genesis] [08:18:13] [INFO] Running at [38;5;121m68.99[0m[38;5;159m FPS ([38;5;121m68.99[0m[38;5;159m FPS per env, [38;5;121m1[0m[38;5;159m envs).[0m
[38;5;159m[Genesis] [08:18:13] [INFO] Running at [38;5;121m68.85[0m[38;5;159m FPS ([38;5;121m68.85[0m[38;5;159m FPS per env, [38;5;121m1[0m[38;5;159m envs).[0m
[38;5;159m[Genesis] [08:18:13] [INFO] Running at [38;5;121m68.63[0m[38;5;159m FPS ([38;5;121m68.63[0m[38;5;159m FPS per env, [38;5;121m1[0m[38;5;159m envs).[0m
[38;5;159m[Genesis] [08:18:13] [INFO] Running at [38;5;121m68.45[0m[38;5;159m FPS ([38;5;121m68.45[0m[38;5;159m FPS per env, [38;5;121m1[0m[38;5;159m envs).[0m
[38;5;159m[Genesis] [08:18:13] [INFO] Running at [38;5;121m68.21[0m[38;5;159m FPS ([38;5;121m68.21[0m[38;5;159m FPS per env, [38;5;121m1[0m[38;5;159m envs).[0m
[38;5;159m[Genesis] [08:18:13] [INFO] Running at [38;5;121m68.10[0m[38;5;159m FPS ([38;5;121m68.10[0m[38;5;159m FPS per env, [38;5;121m1[0m[38;5;159m envs).[0m
[38;5;159m[Genesis] [08:18:13] [INFO] Running at [38;5;121m67.81[0m[38;5;159m FPS ([38;5;121m67.81[0m[38;5;159m FPS per env, [38;5;121m1[0m[38;5;159m envs).[0m
[38;5;159m[Genesis] [08:18:13] [INFO] Running at [38;5;121m67.71[0m[38;5;159m FPS ([38;5;121m67.71[0m[38;5;159m FPS per env, [38;5;121m1[0m[38;5;159m envs).[0m
[38;5;159m[Genesis] [08:18:13] [INFO] Running at [38;5;121m67.54[0m[38;5;159m FPS ([38;5;121m67.54[0m[38;5;159m FPS per env, [38;5;121m1[0m[38;5;159m envs).[0m
[38;5;159m[Genesis] [08:18:13] [INFO] Running at [38;5;121m67.45[0m[38;5;159m FPS ([38;5;121m67.45[0m[38;5;159m FPS per env, [38;5;121m1[0m[38;5;159m envs).[0m
[38;5;159m[Genesis] [08:18:13] [INFO] Running at [38;5;121m67.35[0m[38;5;159m FPS ([38;5;121m67.35[0m[38;5;159m FPS per env, [38;5;121m1[0m[38;5;159m envs).[0m
[38;5;159m[Genesis] [08:18:13] [INFO] Running at [38;5;121m67.25[0m[38;5;159m FPS ([38;5;121m67.25[0m[38;5;159m FPS per env, [38;5;121m1[0m[38;5;159m envs).[0m
[38;5;159m[Genesis] [08:18:14] [INFO] Running at [38;5;121m67.02[0m[38;5;159m FPS ([38;5;121m67.02[0m[38;5;159m FPS per env, [38;5;121m1[0m[38;5;159m envs).[0m
[38;5;159m[Genesis] [08:18:14] [INFO] Running at [38;5;121m66.91[0m[38;5;159m FPS ([38;5;121m66.91[0m[38;5;159m FPS per env, [38;5;121m1[0m[38;5;159m envs).[0m
[38;5;159m[Genesis] [08:18:14] [INFO] Running at [38;5;121m66.84[0m[38;5;159m FPS ([38;5;121m66.84[0m[38;5;159m FPS per env, [38;5;121m1[0m[38;5;159m envs).[0m
[38;5;159m[Genesis] [08:18:14] [INFO] Running at [38;5;121m66.76[0m[38;5;159m FPS ([38;5;121m66.76[0m[38;5;159m FPS per env, [38;5;121m1[0m[38;5;159m envs).[0m
[38;5;159m[Genesis] [08:18:14] [INFO] Running at [38;5;121m66.67[0m[38;5;159m FPS ([38;5;121m66.67[0m[38;5;159m FPS per env, [38;5;121m1[0m[38;5;159m envs).[0m
[38;5;159m[Genesis] [08:18:14] [INFO] Running at [38;5;121m66.55[0m[38;5;159m FPS ([38;5;121m66.55[0m[38;5;159m FPS per env, [38;5;121m1[0m[38;5;159m envs).[0m
[38;5;159m[Genesis] [08:18:14] [INFO] Running at [38;5;121m66.49[0m[38;5;159m FPS ([38;5;121m66.49[0m[38;5;159m FPS per env, [38;5;121m1[0m[38;5;159m envs).[0m
[38;5;159m[Genesis] [08:18:14] [INFO] Running at [38;5;121m66.43[0m[38;5;159m FPS ([38;5;121m66.43[0m[38;5;159m FPS per env, [38;5;121m1[0m[38;5;159m envs).[0m
[38;5;159m[Genesis] [08:18:14] [INFO] Running at [38;5;121m66.35[0m[38;5;159m FPS ([38;5;121m66.35[0m[38;5;159m FPS per env, [38;5;121m1[0m[38;5;159m envs).[0m
[38;5;159m[Genesis] [08:18:14] [INFO] Running at [38;5;121m66.23[0m[38;5;159m FPS ([38;5;121m66.23[0m[38;5;159m FPS per env, [38;5;121m1[0m[38;5;159m envs).[0m
[38;5;159m[Genesis] [08:18:14] [INFO] Running at [38;5;121m66.16[0m[38;5;159m FPS ([38;5;121m66.16[0m[38;5;159m FPS per env, [38;5;121m1[0m[38;5;159m envs).[0m
[38;5;159m[Genesis] [08:18:14] [INFO] Running at [38;5;121m66.17[0m[38;5;159m FPS ([38;5;121m66.17[0m[38;5;159m FPS per env, [38;5;121m1[0m[38;5;159m envs).[0m
[38;5;159m[Genesis] [08:18:14] [INFO] Running at [38;5;121m66.14[0m[38;5;159m FPS ([38;5;121m66.14[0m[38;5;159m FPS per env, [38;5;121m1[0m[38;5;159m envs).[0m
[38;5;159m[Genesis] [08:18:14] [INFO] Running at [38;5;121m66.10[0m[38;5;159m FPS ([38;5;121m66.10[0m[38;5;159m FPS per env, [38;5;121m1[0m[38;5;159m envs).[0m
[38;5;159m[Genesis] [08:18:14] [INFO] Running at [38;5;121m66.04[0m[38;5;159m FPS ([38;5;121m66.04[0m[38;5;159m FPS per env, [38;5;121m1[0m[38;5;159m envs).[0m
[38;5;159m[Genesis] [08:18:14] [INFO] Running at [38;5;121m65.99[0m[38;5;159m FPS ([38;5;121m65.99[0m[38;5;159m FPS per env, [38;5;121m1[0m[38;5;159m envs).[0m
[38;5;159m[Genesis] [08:18:15] [INFO] Running at [38;5;121m66.00[0m[38;5;159m FPS ([38;5;121m66.00[0m[38;5;159m FPS per env, [38;5;121m1[0m[38;5;159m envs).[0m
[38;5;159m[Genesis] [08:18:15] [INFO] Running at [38;5;121m65.96[0m[38;5;159m FPS ([38;5;121m65.96[0m[38;5;159m FPS per env, [38;5;121m1[0m[38;5;159m envs).[0m
[38;5;159m[Genesis] [08:18:15] [INFO] Running at [38;5;121m65.96[0m[38;5;159m FPS ([38;5;121m65.96[0m[38;5;159m FPS per env, [38;5;121m1[0m[38;5;159m envs).[0m
[38;5;159m[Genesis] [08:18:15] [INFO] Running at [38;5;121m65.92[0m[38;5;159m FPS ([38;5;121m65.92[0m[38;5;159m FPS per env, [38;5;121m1[0m[38;5;159m envs).[0m
[38;5;159m[Genesis] [08:18:15] [INFO] Running at [38;5;121m65.85[0m[38;5;159m FPS ([38;5;121m65.85[0m[38;5;159m FPS per env, [38;5;121m1[0m[38;5;159m envs).[0m
[38;5;159m[Genesis] [08:18:15] [INFO] Running at [38;5;121m65.84[0m[38;5;159m FPS ([38;5;121m65.84[0m[38;5;159m FPS per env, [38;5;121m1[0m[38;5;159m envs).[0m
[38;5;159m[Genesis] [08:18:15] [INFO] Running at [38;5;121m65.69[0m[38;5;159m FPS ([38;5;121m65.69[0m[38;5;159m FPS per env, [38;5;121m1[0m[38;5;159m envs).[0m
[38;5;159m[Genesis] [08:18:15] [INFO] Running at [38;5;121m65.71[0m[38;5;159m FPS ([38;5;121m65.71[0m[38;5;159m FPS per env, [38;5;121m1[0m[38;5;159m envs).[0m
[38;5;159m[Genesis] [08:18:15] [INFO] Running at [38;5;121m65.68[0m[38;5;159m FPS ([38;5;121m65.68[0m[38;5;159m FPS per env, [38;5;121m1[0m[38;5;159m envs).[0m
[38;5;159m[Genesis] [08:18:15] [INFO] Running at [38;5;121m65.63[0m[38;5;159m FPS ([38;5;121m65.63[0m[38;5;159m FPS per env, [38;5;121m1[0m[38;5;159m envs).[0m
[38;5;159m[Genesis] [08:18:15] [INFO] Running at [38;5;121m65.61[0m[38;5;159m FPS ([38;5;121m65.61[0m[38;5;159m FPS per env, [38;5;121m1[0m[38;5;159m envs).[0m
[38;5;159m[Genesis] [08:18:15] [INFO] Running at [38;5;121m65.60[0m[38;5;159m FPS ([38;5;121m65.60[0m[38;5;159m FPS per env, [38;5;121m1[0m[38;5;159m envs).[0m
[38;5;159m[Genesis] [08:18:15] [INFO] Running at [38;5;121m65.54[0m[38;5;159m FPS ([38;5;121m65.54[0m[38;5;159m FPS per env, [38;5;121m1[0m[38;5;159m envs).[0m
[38;5;159m[Genesis] [08:18:15] [INFO] Running at [38;5;121m65.39[0m[38;5;159m FPS ([38;5;121m65.39[0m[38;5;159m FPS per env, [38;5;121m1[0m[38;5;159m envs).[0m
[38;5;159m[Genesis] [08:18:15] [INFO] Running at [38;5;121m65.40[0m[38;5;159m FPS ([38;5;121m65.40[0m[38;5;159m FPS per env, [38;5;121m1[0m[38;5;159m envs).[0m
[38;5;159m[Genesis] [08:18:15] [INFO] Running at [38;5;121m65.42[0m[38;5;159m FPS ([38;5;121m65.42[0m[38;5;159m FPS per env, [38;5;121m1[0m[38;5;159m envs).[0m
[38;5;159m[Genesis] [08:18:15] [INFO] Running at [38;5;121m65.42[0m[38;5;159m FPS ([38;5;121m65.42[0m[38;5;159m FPS per env, [38;5;121m1[0m[38;5;159m envs).[0m
[38;5;159m[Genesis] [08:18:16] [INFO] Running at [38;5;121m65.45[0m[38;5;159m FPS ([38;5;121m65.45[0m[38;5;159m FPS per env, [38;5;121m1[0m[38;5;159m envs).[0m
[38;5;159m[Genesis] [08:18:16] [INFO] Running at [38;5;121m65.44[0m[38;5;159m FPS ([38;5;121m65.44[0m[38;5;159m FPS per env, [38;5;121m1[0m[38;5;159m envs).[0m
[38;5;159m[Genesis] [08:18:16] [INFO] Running at [38;5;121m65.44[0m[38;5;159m FPS ([38;5;121m65.44[0m[38;5;159m FPS per env, [38;5;121m1[0m[38;5;159m envs).[0m
[38;5;159m[Genesis] [08:18:16] [INFO] Running at [38;5;121m65.45[0m[38;5;159m FPS ([38;5;121m65.45[0m[38;5;159m FPS per env, [38;5;121m1[0m[38;5;159m envs).[0m
[38;5;159m[Genesis] [08:18:16] [INFO] Running at [38;5;121m65.44[0m[38;5;159m FPS ([38;5;121m65.44[0m[38;5;159m FPS per env, [38;5;121m1[0m[38;5;159m envs).[0m
[38;5;159m[Genesis] [08:18:16] [INFO] Running at [38;5;121m65.43[0m[38;5;159m FPS ([38;5;121m65.43[0m[38;5;159m FPS per env, [38;5;121m1[0m[38;5;159m envs).[0m
[38;5;159m[Genesis] [08:18:16] [INFO] Running at [38;5;121m65.40[0m[38;5;159m FPS ([38;5;121m65.40[0m[38;5;159m FPS per env, [38;5;121m1[0m[38;5;159m envs).[0m
[38;5;159m[Genesis] [08:18:16] [INFO] Running at [38;5;121m65.40[0m[38;5;159m FPS ([38;5;121m65.40[0m[38;5;159m FPS per env, [38;5;121m1[0m[38;5;159m envs).[0m
[38;5;159m[Genesis] [08:18:16] [INFO] Running at [38;5;121m65.44[0m[38;5;159m FPS ([38;5;121m65.44[0m[38;5;159m FPS per env, [38;5;121m1[0m[38;5;159m envs).[0m
[38;5;159m[Genesis] [08:18:16] [INFO] Running at [38;5;121m65.44[0m[38;5;159m FPS ([38;5;121m65.44[0m[38;5;159m FPS per env, [38;5;121m1[0m[38;5;159m envs).[0m
[38;5;159m[Genesis] [08:18:16] [INFO] Running at [38;5;121m65.30[0m[38;5;159m FPS ([38;5;121m65.30[0m[38;5;159m FPS per env, [38;5;121m1[0m[38;5;159m envs).[0m
[38;5;159m[Genesis] [08:18:16] [INFO] Running at [38;5;121m65.28[0m[38;5;159m FPS ([38;5;121m65.28[0m[38;5;159m FPS per env, [38;5;121m1[0m[38;5;159m envs).[0m
[38;5;159m[Genesis] [08:18:16] [INFO] Running at [38;5;121m65.30[0m[38;5;159m FPS ([38;5;121m65.30[0m[38;5;159m FPS per env, [38;5;121m1[0m[38;5;159m envs).[0m
[38;5;159m[Genesis] [08:18:16] [INFO] Running at [38;5;121m65.32[0m[38;5;159m FPS ([38;5;121m65.32[0m[38;5;159m FPS per env, [38;5;121m1[0m[38;5;159m envs).[0m
[38;5;159m[Genesis] [08:18:16] [INFO] Running at [38;5;121m65.33[0m[38;5;159m FPS ([38;5;121m65.33[0m[38;5;159m FPS per env, [38;5;121m1[0m[38;5;159m envs).[0m
[38;5;159m[Genesis] [08:18:16] [INFO] Running at [38;5;121m65.32[0m[38;5;159m FPS ([38;5;121m65.32[0m[38;5;159m FPS per env, [38;5;121m1[0m[38;5;159m envs).[0m
[38;5;159m[Genesis] [08:18:17] [INFO] Running at [38;5;121m65.33[0m[38;5;159m FPS ([38;5;121m65.33[0m[38;5;159m FPS per env, [38;5;121m1[0m[38;5;159m envs).[0m
[38;5;159m[Genesis] [08:18:17] [INFO] Running at [38;5;121m65.36[0m[38;5;159m FPS ([38;5;121m65.36[0m[38;5;159m FPS per env, [38;5;121m1[0m[38;5;159m envs).[0m
[38;5;159m[Genesis] [08:18:17] [INFO] Running at [38;5;121m65.38[0m[38;5;159m FPS ([38;5;121m65.38[0m[38;5;159m FPS per env, [38;5;121m1[0m[38;5;159m envs).[0m
[38;5;159m[Genesis] [08:18:17] [INFO] Running at [38;5;121m65.40[0m[38;5;159m FPS ([38;5;121m65.40[0m[38;5;159m FPS per env, [38;5;121m1[0m[38;5;159m envs).[0m
[38;5;159m[Genesis] [08:18:17] [INFO] Running at [38;5;121m65.43[0m[38;5;159m FPS ([38;5;121m65.43[0m[38;5;159m FPS per env, [38;5;121m1[0m[38;5;159m envs).[0m
[38;5;159m[Genesis] [08:18:17] [INFO] Running at [38;5;121m65.47[0m[38;5;159m FPS ([38;5;121m65.47[0m[38;5;159m FPS per env, [38;5;121m1[0m[38;5;159m envs).[0m
[38;5;159m[Genesis] [08:18:17] [INFO] Running at [38;5;121m65.56[0m[38;5;159m FPS ([38;5;121m65.56[0m[38;5;159m FPS per env, [38;5;121m1[0m[38;5;159m envs).[0m
[38;5;159m[Genesis] [08:18:17] [INFO] Running at [38;5;121m65.60[0m[38;5;159m FPS ([38;5;121m65.60[0m[38;5;159m FPS per env, [38;5;121m1[0m[38;5;159m envs).[0m
[38;5;159m[Genesis] [08:18:17] [INFO] Running at [38;5;121m65.65[0m[38;5;159m FPS ([38;5;121m65.65[0m[38;5;159m FPS per env, [38;5;121m1[0m[38;5;159m envs).[0m
[38;5;159m[Genesis] [08:18:17] [INFO] Running at [38;5;121m65.70[0m[38;5;159m FPS ([38;5;121m65.70[0m[38;5;159m FPS per env, [38;5;121m1[0m[38;5;159m envs).[0m
[38;5;159m[Genesis] [08:18:17] [INFO] Running at [38;5;121m65.75[0m[38;5;159m FPS ([38;5;121m65.75[0m[38;5;159m FPS per env, [38;5;121m1[0m[38;5;159m envs).[0m
[38;5;159m[Genesis] [08:18:17] [INFO] Running at [38;5;121m65.72[0m[38;5;159m FPS ([38;5;121m65.72[0m[38;5;159m FPS per env, [38;5;121m1[0m[38;5;159m envs).[0m
[38;5;159m[Genesis] [08:18:17] [INFO] Running at [38;5;121m65.75[0m[38;5;159m FPS ([38;5;121m65.75[0m[38;5;159m FPS per env, [38;5;121m1[0m[38;5;159m envs).[0m
[38;5;159m[Genesis] [08:18:17] [INFO] Running at [38;5;121m65.72[0m[38;5;159m FPS ([38;5;121m65.72[0m[38;5;159m FPS per env, [38;5;121m1[0m[38;5;159m envs).[0m
[38;5;159m[Genesis] [08:18:17] [INFO] Running at [38;5;121m65.57[0m[38;5;159m FPS ([38;5;121m65.57[0m[38;5;159m FPS per env, [38;5;121m1[0m[38;5;159m envs).[0m
[38;5;159m[Genesis] [08:18:17] [INFO] Running at [38;5;121m65.49[0m[38;5;159m FPS ([38;5;121m65.49[0m[38;5;159m FPS per env, [38;5;121m1[0m[38;5;159m envs).[0m
[38;5;159m[Genesis] [08:18:18] [INFO] Running at [38;5;121m65.45[0m[38;5;159m FPS ([38;5;121m65.45[0m[38;5;159m FPS per env, [38;5;121m1[0m[38;5;159m envs).[0m
[38;5;159m[Genesis] [08:18:18] [INFO] Running at [38;5;121m65.46[0m[38;5;159m FPS ([38;5;121m65.46[0m[38;5;159m FPS per env, [38;5;121m1[0m[38;5;159m envs).[0m
[38;5;159m[Genesis] [08:18:18] [INFO] Running at [38;5;121m65.46[0m[38;5;159m FPS ([38;5;121m65.46[0m[38;5;159m FPS per env, [38;5;121m1[0m[38;5;159m envs).[0m
[38;5;159m[Genesis] [08:18:18] [INFO] Running at [38;5;121m65.47[0m[38;5;159m FPS ([38;5;121m65.47[0m[38;5;159m FPS per env, [38;5;121m1[0m[38;5;159m envs).[0m
[38;5;159m[Genesis] [08:18:18] [INFO] Running at [38;5;121m65.49[0m[38;5;159m FPS ([38;5;121m65.49[0m[38;5;159m FPS per env, [38;5;121m1[0m[38;5;159m envs).[0m
[38;5;159m[Genesis] [08:18:18] [INFO] Running at [38;5;121m65.49[0m[38;5;159m FPS ([38;5;121m65.49[0m[38;5;159m FPS per env, [38;5;121m1[0m[38;5;159m envs).[0m
[38;5;159m[Genesis] [08:18:18] [INFO] Running at [38;5;121m65.49[0m[38;5;159m FPS ([38;5;121m65.49[0m[38;5;159m FPS per env, [38;5;121m1[0m[38;5;159m envs).[0m
[38;5;159m[Genesis] [08:18:18] [INFO] Running at [38;5;121m65.51[0m[38;5;159m FPS ([38;5;121m65.51[0m[38;5;159m FPS per env, [38;5;121m1[0m[38;5;159m envs).[0m
[38;5;159m[Genesis] [08:18:18] [INFO] Running at [38;5;121m65.50[0m[38;5;159m FPS ([38;5;121m65.50[0m[38;5;159m FPS per env, [38;5;121m1[0m[38;5;159m envs).[0m
[38;5;159m[Genesis] [08:18:18] [INFO] Running at [38;5;121m65.51[0m[38;5;159m FPS ([38;5;121m65.51[0m[38;5;159m FPS per env, [38;5;121m1[0m[38;5;159m envs).[0m
[38;5;159m[Genesis] [08:18:18] [INFO] Running at [38;5;121m65.49[0m[38;5;159m FPS ([38;5;121m65.49[0m[38;5;159m FPS per env, [38;5;121m1[0m[38;5;159m envs).[0m
[38;5;159m[Genesis] [08:18:18] [INFO] Running at [38;5;121m65.48[0m[38;5;159m FPS ([38;5;121m65.48[0m[38;5;159m FPS per env, [38;5;121m1[0m[38;5;159m envs).[0m
[38;5;159m[Genesis] [08:18:18] [INFO] Running at [38;5;121m65.49[0m[38;5;159m FPS ([38;5;121m65.49[0m[38;5;159m FPS per env, [38;5;121m1[0m[38;5;159m envs).[0m
[38;5;159m[Genesis] [08:18:18] [INFO] Running at [38;5;121m65.45[0m[38;5;159m FPS ([38;5;121m65.45[0m[38;5;159m FPS per env, [38;5;121m1[0m[38;5;159m envs).[0m
[38;5;159m[Genesis] [08:18:18] [INFO] Running at [38;5;121m65.45[0m[38;5;159m FPS ([38;5;121m65.45[0m[38;5;159m FPS per env, [38;5;121m1[0m[38;5;159m envs).[0m
[38;5;159m[Genesis] [08:18:18] [INFO] Running at [38;5;121m65.39[0m[38;5;159m FPS ([38;5;121m65.39[0m[38;5;159m FPS per env, [38;5;121m1[0m[38;5;159m envs).[0m
[38;5;159m[Genesis] [08:18:18] [INFO] Running at [38;5;121m65.35[0m[38;5;159m FPS ([38;5;121m65.35[0m[38;5;159m FPS per env, [38;5;121m1[0m[38;5;159m envs).[0m
[38;5;159m[Genesis] [08:18:19] [INFO] Running at [38;5;121m65.33[0m[38;5;159m FPS ([38;5;121m65.33[0m[38;5;159m FPS per env, [38;5;121m1[0m[38;5;159m envs).[0m
[38;5;159m[Genesis] [08:18:19] [INFO] Running at [38;5;121m65.31[0m[38;5;159m FPS ([38;5;121m65.31[0m[38;5;159m FPS per env, [38;5;121m1[0m[38;5;159m envs).[0m
[38;5;159m[Genesis] [08:18:19] [INFO] Running at [38;5;121m65.34[0m[38;5;159m FPS ([38;5;121m65.34[0m[38;5;159m FPS per env, [38;5;121m1[0m[38;5;159m envs).[0m
[38;5;159m[Genesis] [08:18:19] [INFO] Running at [38;5;121m65.30[0m[38;5;159m FPS ([38;5;121m65.30[0m[38;5;159m FPS per env, [38;5;121m1[0m[38;5;159m envs).[0m
[38;5;159m[Genesis] [08:18:19] [INFO] Running at [38;5;121m65.16[0m[38;5;159m FPS ([38;5;121m65.16[0m[38;5;159m FPS per env, [38;5;121m1[0m[38;5;159m envs).[0m
[38;5;159m[Genesis] [08:18:19] [INFO] Running at [38;5;121m65.19[0m[38;5;159m FPS ([38;5;121m65.19[0m[38;5;159m FPS per env, [38;5;121m1[0m[38;5;159m envs).[0m
[38;5;159m[Genesis] [08:18:19] [INFO] Running at [38;5;121m65.21[0m[38;5;159m FPS ([38;5;121m65.21[0m[38;5;159m FPS per env, [38;5;121m1[0m[38;5;159m envs).[0m
[38;5;159m[Genesis] [08:18:19] [INFO] Running at [38;5;121m65.21[0m[38;5;159m FPS ([38;5;121m65.21[0m[38;5;159m FPS per env, [38;5;121m1[0m[38;5;159m envs).[0m
[38;5;159m[Genesis] [08:18:19] [INFO] Running at [38;5;121m65.21[0m[38;5;159m FPS ([38;5;121m65.21[0m[38;5;159m FPS per env, [38;5;121m1[0m[38;5;159m envs).[0m
[38;5;159m[Genesis] [08:18:19] [INFO] Running at [38;5;121m65.26[0m[38;5;159m FPS ([38;5;121m65.26[0m[38;5;159m FPS per env, [38;5;121m1[0m[38;5;159m envs).[0m
[38;5;159m[Genesis] [08:18:19] [INFO] Running at [38;5;121m65.26[0m[38;5;159m FPS ([38;5;121m65.26[0m[38;5;159m FPS per env, [38;5;121m1[0m[38;5;159m envs).[0m
[38;5;159m[Genesis] [08:18:19] [INFO] Running at [38;5;121m65.28[0m[38;5;159m FPS ([38;5;121m65.28[0m[38;5;159m FPS per env, [38;5;121m1[0m[38;5;159m envs).[0m
[38;5;159m[Genesis] [08:18:19] [INFO] Running at [38;5;121m65.28[0m[38;5;159m FPS ([38;5;121m65.28[0m[38;5;159m FPS per env, [38;5;121m1[0m[38;5;159m envs).[0m
[38;5;159m[Genesis] [08:18:19] [INFO] Running at [38;5;121m65.27[0m[38;5;159m FPS ([38;5;121m65.27[0m[38;5;159m FPS per env, [38;5;121m1[0m[38;5;159m envs).[0m
[38;5;159m[Genesis] [08:18:19] [INFO] Running at [38;5;121m65.26[0m[38;5;159m FPS ([38;5;121m65.26[0m[38;5;159m FPS per env, [38;5;121m1[0m[38;5;159m envs).[0m
[38;5;159m[Genesis] [08:18:19] [INFO] Running at [38;5;121m65.31[0m[38;5;159m FPS ([38;5;121m65.31[0m[38;5;159m FPS per env, [38;5;121m1[0m[38;5;159m envs).[0m
[38;5;159m[Genesis] [08:18:20] [INFO] Running at [38;5;121m65.38[0m[38;5;159m FPS ([38;5;121m65.38[0m[38;5;159m FPS per env, [38;5;121m1[0m[38;5;159m envs).[0m
[38;5;159m[Genesis] [08:18:20] [INFO] Running at [38;5;121m65.45[0m[38;5;159m FPS ([38;5;121m65.45[0m[38;5;159m FPS per env, [38;5;121m1[0m[38;5;159m envs).[0m
[38;5;159m[Genesis] [08:18:20] [INFO] Running at [38;5;121m65.54[0m[38;5;159m FPS ([38;5;121m65.54[0m[38;5;159m FPS per env, [38;5;121m1[0m[38;5;159m envs).[0m
[38;5;159m[Genesis] [08:18:20] [INFO] Running at [38;5;121m65.63[0m[38;5;159m FPS ([38;5;121m65.63[0m[38;5;159m FPS per env, [38;5;121m1[0m[38;5;159m envs).[0m
[38;5;159m[Genesis] [08:18:20] [INFO] Running at [38;5;121m65.71[0m[38;5;159m FPS ([38;5;121m65.71[0m[38;5;159m FPS per env, [38;5;121m1[0m[38;5;159m envs).[0m
[38;5;159m[Genesis] [08:18:20] [INFO] Running at [38;5;121m65.74[0m[38;5;159m FPS ([38;5;121m65.74[0m[38;5;159m FPS per env, [38;5;121m1[0m[38;5;159m envs).[0m
[38;5;159m[Genesis] [08:18:20] [INFO] Running at [38;5;121m65.80[0m[38;5;159m FPS ([38;5;121m65.80[0m[38;5;159m FPS per env, [38;5;121m1[0m[38;5;159m envs).[0m
[38;5;159m[Genesis] [08:18:20] [INFO] Running at [38;5;121m65.89[0m[38;5;159m FPS ([38;5;121m65.89[0m[38;5;159m FPS per env, [38;5;121m1[0m[38;5;159m envs).[0m
[38;5;159m[Genesis] [08:18:20] [INFO] Running at [38;5;121m65.95[0m[38;5;159m FPS ([38;5;121m65.95[0m[38;5;159m FPS per env, [38;5;121m1[0m[38;5;159m envs).[0m
[38;5;159m[Genesis] [08:18:20] [INFO] Running at [38;5;121m65.90[0m[38;5;159m FPS ([38;5;121m65.90[0m[38;5;159m FPS per env, [38;5;121m1[0m[38;5;159m envs).[0m
[38;5;159m[Genesis] [08:18:20] [INFO] Running at [38;5;121m65.92[0m[38;5;159m FPS ([38;5;121m65.92[0m[38;5;159m FPS per env, [38;5;121m1[0m[38;5;159m envs).[0m
[38;5;159m[Genesis] [08:18:20] [INFO] Running at [38;5;121m65.91[0m[38;5;159m FPS ([38;5;121m65.91[0m[38;5;159m FPS per env, [38;5;121m1[0m[38;5;159m envs).[0m
[38;5;159m[Genesis] [08:18:20] [INFO] Running at [38;5;121m65.91[0m[38;5;159m FPS ([38;5;121m65.91[0m[38;5;159m FPS per env, [38;5;121m1[0m[38;5;159m envs).[0m
[38;5;159m[Genesis] [08:18:20] [INFO] Running at [38;5;121m65.81[0m[38;5;159m FPS ([38;5;121m65.81[0m[38;5;159m FPS per env, [38;5;121m1[0m[38;5;159m envs).[0m
[38;5;159m[Genesis] [08:18:20] [INFO] Running at [38;5;121m65.78[0m[38;5;159m FPS ([38;5;121m65.78[0m[38;5;159m FPS per env, [38;5;121m1[0m[38;5;159m envs).[0m
[38;5;159m[Genesis] [08:18:20] [INFO] Running at [38;5;121m65.75[0m[38;5;159m FPS ([38;5;121m65.75[0m[38;5;159m FPS per env, [38;5;121m1[0m[38;5;159m envs).[0m
[38;5;159m[Genesis] [08:18:20] [INFO] Running at [38;5;121m65.67[0m[38;5;159m FPS ([38;5;121m65.67[0m[38;5;159m FPS per env, [38;5;121m1[0m[38;5;159m envs).[0m
[38;5;159m[Genesis] [08:18:21] [INFO] Running at [38;5;121m65.66[0m[38;5;159m FPS ([38;5;121m65.66[0m[38;5;159m FPS per env, [38;5;121m1[0m[38;5;159m envs).[0m
[38;5;159m[Genesis] [08:18:21] [INFO] Running at [38;5;121m65.68[0m[38;5;159m FPS ([38;5;121m65.68[0m[38;5;159m FPS per env, [38;5;121m1[0m[38;5;159m envs).[0m
[38;5;159m[Genesis] [08:18:21] [INFO] Running at [38;5;121m65.66[0m[38;5;159m FPS ([38;5;121m65.66[0m[38;5;159m FPS per env, [38;5;121m1[0m[38;5;159m envs).[0m
[38;5;159m[Genesis] [08:18:21] [INFO] Running at [38;5;121m65.61[0m[38;5;159m FPS ([38;5;121m65.61[0m[38;5;159m FPS per env, [38;5;121m1[0m[38;5;159m envs).[0m
[38;5;159m[Genesis] [08:18:21] [INFO] Running at [38;5;121m65.59[0m[38;5;159m FPS ([38;5;121m65.59[0m[38;5;159m FPS per env, [38;5;121m1[0m[38;5;159m envs).[0m
[38;5;159m[Genesis] [08:18:21] [INFO] Running at [38;5;121m65.60[0m[38;5;159m FPS ([38;5;121m65.60[0m[38;5;159m FPS per env, [38;5;121m1[0m[38;5;159m envs).[0m
[38;5;159m[Genesis] [08:18:21] [INFO] Running at [38;5;121m65.64[0m[38;5;159m FPS ([38;5;121m65.64[0m[38;5;159m FPS per env, [38;5;121m1[0m[38;5;159m envs).[0m
[38;5;159m[Genesis] [08:18:21] [INFO] Running at [38;5;121m65.63[0m[38;5;159m FPS ([38;5;121m65.63[0m[38;5;159m FPS per env, [38;5;121m1[0m[38;5;159m envs).[0m
[38;5;159m[Genesis] [08:18:21] [INFO] Running at [38;5;121m65.59[0m[38;5;159m FPS ([38;5;121m65.59[0m[38;5;159m FPS per env, [38;5;121m1[0m[38;5;159m envs).[0m
[38;5;159m[Genesis] [08:18:21] [INFO] Running at [38;5;121m65.58[0m[38;5;159m FPS ([38;5;121m65.58[0m[38;5;159m FPS per env, [38;5;121m1[0m[38;5;159m envs).[0m
[38;5;159m[Genesis] [08:18:21] [INFO] Running at [38;5;121m65.60[0m[38;5;159m FPS ([38;5;121m65.60[0m[38;5;159m FPS per env, [38;5;121m1[0m[38;5;159m envs).[0m
[38;5;159m[Genesis] [08:18:21] [INFO] Running at [38;5;121m65.59[0m[38;5;159m FPS ([38;5;121m65.59[0m[38;5;159m FPS per env, [38;5;121m1[0m[38;5;159m envs).[0m
[38;5;159m[Genesis] [08:18:21] [INFO] Running at [38;5;121m65.56[0m[38;5;159m FPS ([38;5;121m65.56[0m[38;5;159m FPS per env, [38;5;121m1[0m[38;5;159m envs).[0m
[38;5;159m[Genesis] [08:18:21] [INFO] Running at [38;5;121m65.41[0m[38;5;159m FPS ([38;5;121m65.41[0m[38;5;159m FPS per env, [38;5;121m1[0m[38;5;159m envs).[0m
[38;5;159m[Genesis] [08:18:21] [INFO] Running at [38;5;121m65.44[0m[38;5;159m FPS ([38;5;121m65.44[0m[38;5;159m FPS per env, [38;5;121m1[0m[38;5;159m envs).[0m
[38;5;159m[Genesis] [08:18:21] [INFO] Running at [38;5;121m65.44[0m[38;5;159m FPS ([38;5;121m65.44[0m[38;5;159m FPS per env, [38;5;121m1[0m[38;5;159m envs).[0m
[38;5;159m[Genesis] [08:18:22] [INFO] Running at [38;5;121m65.46[0m[38;5;159m FPS ([38;5;121m65.46[0m[38;5;159m FPS per env, [38;5;121m1[0m[38;5;159m envs).[0m
[38;5;159m[Genesis] [08:18:22] [INFO] Running at [38;5;121m65.43[0m[38;5;159m FPS ([38;5;121m65.43[0m[38;5;159m FPS per env, [38;5;121m1[0m[38;5;159m envs).[0m
[38;5;159m[Genesis] [08:18:22] [INFO] Running at [38;5;121m65.42[0m[38;5;159m FPS ([38;5;121m65.42[0m[38;5;159m FPS per env, [38;5;121m1[0m[38;5;159m envs).[0m
[38;5;159m[Genesis] [08:18:22] [INFO] Running at [38;5;121m65.45[0m[38;5;159m FPS ([38;5;121m65.45[0m[38;5;159m FPS per env, [38;5;121m1[0m[38;5;159m envs).[0m
[38;5;159m[Genesis] [08:18:22] [INFO] Running at [38;5;121m65.45[0m[38;5;159m FPS ([38;5;121m65.45[0m[38;5;159m FPS per env, [38;5;121m1[0m[38;5;159m envs).[0m
[38;5;159m[Genesis] [08:18:22] [INFO] Running at [38;5;121m65.42[0m[38;5;159m FPS ([38;5;121m65.42[0m[38;5;159m FPS per env, [38;5;121m1[0m[38;5;159m envs).[0m
[38;5;159m[Genesis] [08:18:22] [INFO] Running at [38;5;121m65.38[0m[38;5;159m FPS ([38;5;121m65.38[0m[38;5;159m FPS per env, [38;5;121m1[0m[38;5;159m envs).[0m
[38;5;159m[Genesis] [08:18:22] [INFO] Running at [38;5;121m65.40[0m[38;5;159m FPS ([38;5;121m65.40[0m[38;5;159m FPS per env, [38;5;121m1[0m[38;5;159m envs).[0m
[38;5;159m[Genesis] [08:18:22] [INFO] Running at [38;5;121m65.44[0m[38;5;159m FPS ([38;5;121m65.44[0m[38;5;159m FPS per env, [38;5;121m1[0m[38;5;159m envs).[0m
[38;5;159m[Genesis] [08:18:22] [INFO] Running at [38;5;121m65.46[0m[38;5;159m FPS ([38;5;121m65.46[0m[38;5;159m FPS per env, [38;5;121m1[0m[38;5;159m envs).[0m
[38;5;159m[Genesis] [08:18:22] [INFO] Running at [38;5;121m65.55[0m[38;5;159m FPS ([38;5;121m65.55[0m[38;5;159m FPS per env, [38;5;121m1[0m[38;5;159m envs).[0m
[38;5;159m[Genesis] [08:18:22] [INFO] Running at [38;5;121m65.58[0m[38;5;159m FPS ([38;5;121m65.58[0m[38;5;159m FPS per env, [38;5;121m1[0m[38;5;159m envs).[0m
[38;5;159m[Genesis] [08:18:22] [INFO] Running at [38;5;121m65.58[0m[38;5;159m FPS ([38;5;121m65.58[0m[38;5;159m FPS per env, [38;5;121m1[0m[38;5;159m envs).[0m
[38;5;159m[Genesis] [08:18:22] [INFO] Running at [38;5;121m65.56[0m[38;5;159m FPS ([38;5;121m65.56[0m[38;5;159m FPS per env, [38;5;121m1[0m[38;5;159m envs).[0m
[38;5;159m[Genesis] [08:18:22] [INFO] Running at [38;5;121m65.52[0m[38;5;159m FPS ([38;5;121m65.52[0m[38;5;159m FPS per env, [38;5;121m1[0m[38;5;159m envs).[0m
[38;5;159m[Genesis] [08:18:22] [INFO] Running at [38;5;121m65.49[0m[38;5;159m FPS ([38;5;121m65.49[0m[38;5;159m FPS per env, [38;5;121m1[0m[38;5;159m envs).[0m
[38;5;159m[Genesis] [08:18:23] [INFO] Running at [38;5;121m65.47[0m[38;5;159m FPS ([38;5;121m65.47[0m[38;5;159m FPS per env, [38;5;121m1[0m[38;5;159m envs).[0m
[38;5;159m[Genesis] [08:18:23] [INFO] Running at [38;5;121m65.44[0m[38;5;159m FPS ([38;5;121m65.44[0m[38;5;159m FPS per env, [38;5;121m1[0m[38;5;159m envs).[0m
[38;5;159m[Genesis] [08:18:23] [INFO] Running at [38;5;121m65.47[0m[38;5;159m FPS ([38;5;121m65.47[0m[38;5;159m FPS per env, [38;5;121m1[0m[38;5;159m envs).[0m
[38;5;159m[Genesis] [08:18:23] [INFO] Running at [38;5;121m65.31[0m[38;5;159m FPS ([38;5;121m65.31[0m[38;5;159m FPS per env, [38;5;121m1[0m[38;5;159m envs).[0m
[38;5;159m[Genesis] [08:18:23] [INFO] Running at [38;5;121m65.30[0m[38;5;159m FPS ([38;5;121m65.30[0m[38;5;159m FPS per env, [38;5;121m1[0m[38;5;159m envs).[0m
[38;5;159m[Genesis] [08:18:23] [INFO] Running at [38;5;121m65.29[0m[38;5;159m FPS ([38;5;121m65.29[0m[38;5;159m FPS per env, [38;5;121m1[0m[38;5;159m envs).[0m
[38;5;159m[Genesis] [08:18:23] [INFO] Running at [38;5;121m65.14[0m[38;5;159m FPS ([38;5;121m65.14[0m[38;5;159m FPS per env, [38;5;121m1[0m[38;5;159m envs).[0m
[38;5;159m[Genesis] [08:18:23] [INFO] Running at [38;5;121m65.21[0m[38;5;159m FPS ([38;5;121m65.21[0m[38;5;159m FPS per env, [38;5;121m1[0m[38;5;159m envs).[0m
[38;5;159m[Genesis] [08:18:23] [INFO] Running at [38;5;121m65.10[0m[38;5;159m FPS ([38;5;121m65.10[0m[38;5;159m FPS per env, [38;5;121m1[0m[38;5;159m envs).[0m
[38;5;159m[Genesis] [08:18:23] [INFO] Running at [38;5;121m65.14[0m[38;5;159m FPS ([38;5;121m65.14[0m[38;5;159m FPS per env, [38;5;121m1[0m[38;5;159m envs).[0m
[38;5;159m[Genesis] [08:18:23] [INFO] Running at [38;5;121m65.19[0m[38;5;159m FPS ([38;5;121m65.19[0m[38;5;159m FPS per env, [38;5;121m1[0m[38;5;159m envs).[0m
[38;5;159m[Genesis] [08:18:23] [INFO] Running at [38;5;121m65.27[0m[38;5;159m FPS ([38;5;121m65.27[0m[38;5;159m FPS per env, [38;5;121m1[0m[38;5;159m envs).[0m
[38;5;159m[Genesis] [08:18:23] [INFO] Running at [38;5;121m65.34[0m[38;5;159m FPS ([38;5;121m65.34[0m[38;5;159m FPS per env, [38;5;121m1[0m[38;5;159m envs).[0m
[38;5;159m[Genesis] [08:18:23] [INFO] Running at [38;5;121m65.40[0m[38;5;159m FPS ([38;5;121m65.40[0m[38;5;159m FPS per env, [38;5;121m1[0m[38;5;159m envs).[0m
[38;5;159m[Genesis] [08:18:23] [INFO] Running at [38;5;121m65.40[0m[38;5;159m FPS ([38;5;121m65.40[0m[38;5;159m FPS per env, [38;5;121m1[0m[38;5;159m envs).[0m
[38;5;159m[Genesis] [08:18:23] [INFO] Running at [38;5;121m65.36[0m[38;5;159m FPS ([38;5;121m65.36[0m[38;5;159m FPS per env, [38;5;121m1[0m[38;5;159m envs).[0m
[38;5;159m[Genesis] [08:18:23] [INFO] Running at [38;5;121m65.36[0m[38;5;159m FPS ([38;5;121m65.36[0m[38;5;159m FPS per env, [38;5;121m1[0m[38;5;159m envs).[0m
[38;5;159m[Genesis] [08:18:24] [INFO] Running at [38;5;121m65.37[0m[38;5;159m FPS ([38;5;121m65.37[0m[38;5;159m FPS per env, [38;5;121m1[0m[38;5;159m envs).[0m
[38;5;159m[Genesis] [08:18:24] [INFO] Running at [38;5;121m65.39[0m[38;5;159m FPS ([38;5;121m65.39[0m[38;5;159m FPS per env, [38;5;121m1[0m[38;5;159m envs).[0m
[38;5;159m[Genesis] [08:18:24] [INFO] Running at [38;5;121m65.39[0m[38;5;159m FPS ([38;5;121m65.39[0m[38;5;159m FPS per env, [38;5;121m1[0m[38;5;159m envs).[0m
[38;5;159m[Genesis] [08:18:24] [INFO] Running at [38;5;121m65.41[0m[38;5;159m FPS ([38;5;121m65.41[0m[38;5;159m FPS per env, [38;5;121m1[0m[38;5;159m envs).[0m
[38;5;159m[Genesis] [08:18:24] [INFO] Running at [38;5;121m65.44[0m[38;5;159m FPS ([38;5;121m65.44[0m[38;5;159m FPS per env, [38;5;121m1[0m[38;5;159m envs).[0m
[38;5;159m[Genesis] [08:18:24] [INFO] Running at [38;5;121m65.45[0m[38;5;159m FPS ([38;5;121m65.45[0m[38;5;159m FPS per env, [38;5;121m1[0m[38;5;159m envs).[0m
[38;5;159m[Genesis] [08:18:24] [INFO] Running at [38;5;121m65.48[0m[38;5;159m FPS ([38;5;121m65.48[0m[38;5;159m FPS per env, [38;5;121m1[0m[38;5;159m envs).[0m
[38;5;159m[Genesis] [08:18:24] [INFO] Running at [38;5;121m65.34[0m[38;5;159m FPS ([38;5;121m65.34[0m[38;5;159m FPS per env, [38;5;121m1[0m[38;5;159m envs).[0m
[38;5;159m[Genesis] [08:18:24] [INFO] Running at [38;5;121m65.36[0m[38;5;159m FPS ([38;5;121m65.36[0m[38;5;159m FPS per env, [38;5;121m1[0m[38;5;159m envs).[0m
[38;5;159m[Genesis] [08:18:24] [INFO] Running at [38;5;121m65.37[0m[38;5;159m FPS ([38;5;121m65.37[0m[38;5;159m FPS per env, [38;5;121m1[0m[38;5;159m envs).[0m
[38;5;159m[Genesis] [08:18:24] [INFO] Running at [38;5;121m65.38[0m[38;5;159m FPS ([38;5;121m65.38[0m[38;5;159m FPS per env, [38;5;121m1[0m[38;5;159m envs).[0m
[38;5;159m[Genesis] [08:18:24] [INFO] Running at [38;5;121m65.40[0m[38;5;159m FPS ([38;5;121m65.40[0m[38;5;159m FPS per env, [38;5;121m1[0m[38;5;159m envs).[0m
[38;5;159m[Genesis] [08:18:24] [INFO] Running at [38;5;121m65.42[0m[38;5;159m FPS ([38;5;121m65.42[0m[38;5;159m FPS per env, [38;5;121m1[0m[38;5;159m envs).[0m
[38;5;159m[Genesis] [08:18:24] [INFO] Running at [38;5;121m65.37[0m[38;5;159m FPS ([38;5;121m65.37[0m[38;5;159m FPS per env, [38;5;121m1[0m[38;5;159m envs).[0m
[38;5;159m[Genesis] [08:18:24] [INFO] Running at [38;5;121m65.40[0m[38;5;159m FPS ([38;5;121m65.40[0m[38;5;159m FPS per env, [38;5;121m1[0m[38;5;159m envs).[0m
[38;5;159m[Genesis] [08:18:24] [INFO] Running at [38;5;121m65.38[0m[38;5;159m FPS ([38;5;121m65.38[0m[38;5;159m FPS per env, [38;5;121m1[0m[38;5;159m envs).[0m
[38;5;159m[Genesis] [08:18:25] [INFO] Running at [38;5;121m65.39[0m[38;5;159m FPS ([38;5;121m65.39[0m[38;5;159m FPS per env, [38;5;121m1[0m[38;5;159m envs).[0m
[38;5;159m[Genesis] [08:18:25] [INFO] Running at [38;5;121m65.42[0m[38;5;159m FPS ([38;5;121m65.42[0m[38;5;159m FPS per env, [38;5;121m1[0m[38;5;159m envs).[0m
[38;5;159m[Genesis] [08:18:25] [INFO] Running at [38;5;121m65.38[0m[38;5;159m FPS ([38;5;121m65.38[0m[38;5;159m FPS per env, [38;5;121m1[0m[38;5;159m envs).[0m
[38;5;159m[Genesis] [08:18:25] [INFO] Running at [38;5;121m65.40[0m[38;5;159m FPS ([38;5;121m65.40[0m[38;5;159m FPS per env, [38;5;121m1[0m[38;5;159m envs).[0m
[38;5;159m[Genesis] [08:18:25] [INFO] Running at [38;5;121m65.36[0m[38;5;159m FPS ([38;5;121m65.36[0m[38;5;159m FPS per env, [38;5;121m1[0m[38;5;159m envs).[0m
[38;5;159m[Genesis] [08:18:25] [INFO] Running at [38;5;121m65.36[0m[38;5;159m FPS ([38;5;121m65.36[0m[38;5;159m FPS per env, [38;5;121m1[0m[38;5;159m envs).[0m
[38;5;159m[Genesis] [08:18:25] [INFO] Running at [38;5;121m65.34[0m[38;5;159m FPS ([38;5;121m65.34[0m[38;5;159m FPS per env, [38;5;121m1[0m[38;5;159m envs).[0m
[38;5;159m[Genesis] [08:18:25] [INFO] Running at [38;5;121m65.32[0m[38;5;159m FPS ([38;5;121m65.32[0m[38;5;159m FPS per env, [38;5;121m1[0m[38;5;159m envs).[0m
[38;5;159m[Genesis] [08:18:25] [INFO] Running at [38;5;121m65.35[0m[38;5;159m FPS ([38;5;121m65.35[0m[38;5;159m FPS per env, [38;5;121m1[0m[38;5;159m envs).[0m
[38;5;159m[Genesis] [08:18:25] [INFO] Running at [38;5;121m65.34[0m[38;5;159m FPS ([38;5;121m65.34[0m[38;5;159m FPS per env, [38;5;121m1[0m[38;5;159m envs).[0m
[38;5;159m[Genesis] [08:18:25] [INFO] Running at [38;5;121m65.33[0m[38;5;159m FPS ([38;5;121m65.33[0m[38;5;159m FPS per env, [38;5;121m1[0m[38;5;159m envs).[0m
[38;5;159m[Genesis] [08:18:25] [INFO] Running at [38;5;121m65.36[0m[38;5;159m FPS ([38;5;121m65.36[0m[38;5;159m FPS per env, [38;5;121m1[0m[38;5;159m envs).[0m
[38;5;159m[Genesis] [08:18:25] [INFO] Running at [38;5;121m65.25[0m[38;5;159m FPS ([38;5;121m65.25[0m[38;5;159m FPS per env, [38;5;121m1[0m[38;5;159m envs).[0m
[38;5;159m[Genesis] [08:18:25] [INFO] Running at [38;5;121m65.17[0m[38;5;159m FPS ([38;5;121m65.17[0m[38;5;159m FPS per env, [38;5;121m1[0m[38;5;159m envs).[0m
[38;5;159m[Genesis] [08:18:25] [INFO] Running at [38;5;121m65.19[0m[38;5;159m FPS ([38;5;121m65.19[0m[38;5;159m FPS per env, [38;5;121m1[0m[38;5;159m envs).[0m
[38;5;159m[Genesis] [08:18:25] [INFO] Running at [38;5;121m65.24[0m[38;5;159m FPS ([38;5;121m65.24[0m[38;5;159m FPS per env, [38;5;121m1[0m[38;5;159m envs).[0m
[38;5;159m[Genesis] [08:18:26] [INFO] Running at [38;5;121m65.28[0m[38;5;159m FPS ([38;5;121m65.28[0m[38;5;159m FPS per env, [38;5;121m1[0m[38;5;159m envs).[0m
[38;5;159m[Genesis] [08:18:26] [INFO] Running at [38;5;121m65.22[0m[38;5;159m FPS ([38;5;121m65.22[0m[38;5;159m FPS per env, [38;5;121m1[0m[38;5;159m envs).[0m
[38;5;159m[Genesis] [08:18:26] [INFO] Running at [38;5;121m65.14[0m[38;5;159m FPS ([38;5;121m65.14[0m[38;5;159m FPS per env, [38;5;121m1[0m[38;5;159m envs).[0m
[38;5;159m[Genesis] [08:18:26] [INFO] Running at [38;5;121m65.09[0m[38;5;159m FPS ([38;5;121m65.09[0m[38;5;159m FPS per env, [38;5;121m1[0m[38;5;159m envs).[0m
[38;5;159m[Genesis] [08:18:26] [INFO] Running at [38;5;121m65.05[0m[38;5;159m FPS ([38;5;121m65.05[0m[38;5;159m FPS per env, [38;5;121m1[0m[38;5;159m envs).[0m
[38;5;159m[Genesis] [08:18:26] [INFO] Running at [38;5;121m65.03[0m[38;5;159m FPS ([38;5;121m65.03[0m[38;5;159m FPS per env, [38;5;121m1[0m[38;5;159m envs).[0m
[38;5;159m[Genesis] [08:18:26] [INFO] Running at [38;5;121m64.97[0m[38;5;159m FPS ([38;5;121m64.97[0m[38;5;159m FPS per env, [38;5;121m1[0m[38;5;159m envs).[0m
[38;5;159m[Genesis] [08:18:26] [INFO] Running at [38;5;121m64.99[0m[38;5;159m FPS ([38;5;121m64.99[0m[38;5;159m FPS per env, [38;5;121m1[0m[38;5;159m envs).[0m
[38;5;159m[Genesis] [08:18:26] [INFO] Running at [38;5;121m64.98[0m[38;5;159m FPS ([38;5;121m64.98[0m[38;5;159m FPS per env, [38;5;121m1[0m[38;5;159m envs).[0m
[38;5;159m[Genesis] [08:18:26] [INFO] Running at [38;5;121m64.97[0m[38;5;159m FPS ([38;5;121m64.97[0m[38;5;159m FPS per env, [38;5;121m1[0m[38;5;159m envs).[0m
[38;5;159m[Genesis] [08:18:26] [INFO] Running at [38;5;121m65.02[0m[38;5;159m FPS ([38;5;121m65.02[0m[38;5;159m FPS per env, [38;5;121m1[0m[38;5;159m envs).[0m
[38;5;159m[Genesis] [08:18:26] [INFO] Running at [38;5;121m65.08[0m[38;5;159m FPS ([38;5;121m65.08[0m[38;5;159m FPS per env, [38;5;121m1[0m[38;5;159m envs).[0m
fps 50
[38;5;159m[Genesis] [08:18:26] [INFO] Saving video to [38;5;121m"test_3200_4.0_-0.8_behind.mp4"[0m[38;5;159m...[0m
[38;5;159m[Genesis] [08:18:29] [INFO] Video saved.[0m
[38;5;159m[Genesis] [08:18:29] [INFO] Saving video to [38;5;121m"test_3200_4.0_-0.8_side.mp4"[0m[38;5;159m...[0m
[38;5;159m[Genesis] [08:18:31] [INFO] Video saved.[0m
Saved recordings for checkpoint 3200.
Final yaw-rate error: 60.88 deg/s
[38;5;159m[Genesis] [08:18:31] [INFO] 💤 Exiting Genesis and caching compiled kernels...[0m
