[38;5;159m[Genesis] [08:41:03] [INFO] [38;5;121m╭───────────────────────────────────────────────╮[0m[38;5;159m[0m
[38;5;159m[Genesis] [08:41:03] [INFO] [38;5;121m│┈┉┈┉┈┉┈┉┈┉┈┉┈┉┈┉┈┉┈[0m[38;5;159m [38;5;121m[1m[3mGenesis[0m[38;5;159m [38;5;121m┈┉┈┉┈┉┈┉┈┉┈┉┈┉┈┉┈┉┈│[0m[38;5;159m[0m
[38;5;159m[Genesis] [08:41:03] [INFO] [38;5;121m╰───────────────────────────────────────────────╯[0m[38;5;159m[0m
[38;5;159m[Genesis] [08:41:04] [INFO] Running on [38;5;121m[4m[NVIDIA GeForce RTX 4090][0m[38;5;159m with backend [38;5;121m[4mgs.cuda[0m[38;5;159m. Device memory: [38;5;121m[4m23.52[0m[38;5;159m GB.[0m
[38;5;159m[Genesis] [08:41:04] [INFO] 🚀 Genesis initialized. 🔖 version: [38;5;121m[4m0.4.7[0m[38;5;159m, 🎨 theme: [38;5;121m[4mdark[0m[38;5;159m, 🌱 seed: [38;5;121m[4mNone[0m[38;5;159m, 🐛 debug: [38;5;121m[4mFalse[0m[38;5;159m, 📏 precision: [38;5;121m[4m32[0m[38;5;159m, 🔥 performance: [38;5;121m[4mFalse[0m[38;5;159m, 💬 verbose: [38;5;121m[4mINFO[0m[38;5;159m[0m
[38;5;226m[Genesis] [08:41:05] [WARNING] Viewer option 'n_rendered_envs' is deprecated and will be removed in a future release. Please use 'rendered_envs_idx' instead.[0m
[38;5;159m[Genesis] [08:41:06] [INFO] Scene [38;5;121m[3m<07d77b2>[0m[38;5;159m created.[0m
[38;5;159m[Genesis] [08:41:06] [INFO] Adding [38;5;121m<gs.engine.entities.RigidEntity>[0m[38;5;159m. idx: [38;5;121m0[0m[38;5;159m, uid: [38;5;121m[3m<b49647a>[0m[38;5;159m, morph: [38;5;121m<gs.morphs.Terrain>[0m[38;5;159m, material: [38;5;121m<gs.materials.Rigid>[0m[38;5;159m.[0m
[38;5;226m[Genesis] [08:41:06] [WARNING] Beware that SDF pre-processing of mesh  having more than 50000 vertices may take a very long time (>10min) and require large RAM allocation (>20Gb). Please either enable convexify or decimation. (see FileMorph options)[0m
[38;5;159m[Genesis] [08:41:06] [INFO] Adding [38;5;121m<gs.engine.entities.RigidEntity>[0m[38;5;159m. idx: [38;5;121m1[0m[38;5;159m, uid: [38;5;121m[3m<e57d045>[0m[38;5;159m, morph: [38;5;121m<gs.morphs.URDF(file='/home/jfriesen/.local/lib/python3.12/site-packages/genesis/assets/urdf/go2/urdf/go2.urdf')>[0m[38;5;159m, material: [38;5;121m<gs.materials.Rigid>[0m[38;5;159m.[0m
[38;5;159m[Genesis] [08:41:07] [INFO] Building scene [38;5;121m[3m<07d77b2>[0m[38;5;159m...[0m
[38;5;226m[Genesis] [08:41:08] [WARNING] Neutral robot position (qpos0) exceeds joint limits.[0m
[38;5;159m[Genesis] [08:41:09] [INFO] Compiling simulation kernels...[0m
[38;5;159m[Genesis] [08:41:10] [INFO] Building visualizer...[0m
[38;5;226m[Genesis] [08:41:10] [WARNING] This property is deprecated and will be removed in future release. Please use 'dofs_idx_local' instead.[0m
[38;5;226m[Genesis] [08:41:10] [WARNING] This property is deprecated and will be removed in future release. Please use 'dofs_idx_local' instead.[0m
[38;5;226m[Genesis] [08:41:10] [WARNING] This property is deprecated and will be removed in future release. Please use 'dofs_idx_local' instead.[0m
[38;5;226m[Genesis] [08:41:10] [WARNING] This property is deprecated and will be removed in future release. Please use 'dofs_idx_local' instead.[0m
[38;5;226m[Genesis] [08:41:10] [WARNING] This property is deprecated and will be removed in future release. Please use 'dofs_idx_local' instead.[0m
[38;5;226m[Genesis] [08:41:10] [WARNING] This property is deprecated and will be removed in future release. Please use 'dofs_idx_local' instead.[0m
[38;5;226m[Genesis] [08:41:10] [WARNING] This property is deprecated and will be removed in future release. Please use 'dofs_idx_local' instead.[0m
[38;5;226m[Genesis] [08:41:10] [WARNING] This property is deprecated and will be removed in future release. Please use 'dofs_idx_local' instead.[0m
[38;5;226m[Genesis] [08:41:10] [WARNING] This property is deprecated and will be removed in future release. Please use 'dofs_idx_local' instead.[0m
[38;5;226m[Genesis] [08:41:10] [WARNING] This property is deprecated and will be removed in future release. Please use 'dofs_idx_local' instead.[0m
[38;5;226m[Genesis] [08:41:10] [WARNING] This property is deprecated and will be removed in future release. Please use 'dofs_idx_local' instead.[0m
[38;5;226m[Genesis] [08:41:10] [WARNING] This property is deprecated and will be removed in future release. Please use 'dofs_idx_local' instead.[0m
/home/jfriesen/.local/lib/python3.12/site-packages/torch/utils/_device.py:122: UserWarning: To copy construct from a tensor, it is recommended to use sourceTensor.detach().clone() or sourceTensor.detach().clone().requires_grad_(True), rather than torch.tensor(sourceTensor).
  return func(*args, **kwargs)
Actor MLP: Sequential(
  (0): Linear(in_features=76, out_features=512, bias=True)
  (1): ELU(alpha=1.0)
  (2): Linear(in_features=512, out_features=256, bias=True)
  (3): ELU(alpha=1.0)
  (4): Linear(in_features=256, out_features=128, bias=True)
  (5): ELU(alpha=1.0)
  (6): Linear(in_features=128, out_features=12, bias=True)
)
Critic MLP: Sequential(
  (0): Linear(in_features=100, out_features=512, bias=True)
  (1): ELU(alpha=1.0)
  (2): Linear(in_features=512, out_features=256, bias=True)
  (3): ELU(alpha=1.0)
  (4): Linear(in_features=256, out_features=128, bias=True)
  (5): ELU(alpha=1.0)
  (6): Linear(in_features=128, out_features=1, bias=True)
)
[38;5;159m[Genesis] [08:41:11] [INFO] Running at [38;5;121m3.61[0m[38;5;159m FPS ([38;5;121m3.61[0m[38;5;159m FPS per env, [38;5;121m1[0m[38;5;159m envs).[0m
[38;5;159m[Genesis] [08:41:11] [INFO] Running at [38;5;121m10.04[0m[38;5;159m FPS ([38;5;121m10.04[0m[38;5;159m FPS per env, [38;5;121m1[0m[38;5;159m envs).[0m
[38;5;159m[Genesis] [08:41:12] [INFO] Running at [38;5;121m103.46[0m[38;5;159m FPS ([38;5;121m103.46[0m[38;5;159m FPS per env, [38;5;121m1[0m[38;5;159m envs).[0m
[38;5;159m[Genesis] [08:41:12] [INFO] Running at [38;5;121m103.54[0m[38;5;159m FPS ([38;5;121m103.54[0m[38;5;159m FPS per env, [38;5;121m1[0m[38;5;159m envs).[0m
[38;5;159m[Genesis] [08:41:12] [INFO] Running at [38;5;121m103.61[0m[38;5;159m FPS ([38;5;121m103.61[0m[38;5;159m FPS per env, [38;5;121m1[0m[38;5;159m envs).[0m
[38;5;159m[Genesis] [08:41:12] [INFO] Running at [38;5;121m103.74[0m[38;5;159m FPS ([38;5;121m103.74[0m[38;5;159m FPS per env, [38;5;121m1[0m[38;5;159m envs).[0m
[38;5;159m[Genesis] [08:41:12] [INFO] Running at [38;5;121m103.99[0m[38;5;159m FPS ([38;5;121m103.99[0m[38;5;159m FPS per env, [38;5;121m1[0m[38;5;159m envs).[0m
[38;5;159m[Genesis] [08:41:12] [INFO] Running at [38;5;121m104.15[0m[38;5;159m FPS ([38;5;121m104.15[0m[38;5;159m FPS per env, [38;5;121m1[0m[38;5;159m envs).[0m
[38;5;159m[Genesis] [08:41:12] [INFO] Running at [38;5;121m104.39[0m[38;5;159m FPS ([38;5;121m104.39[0m[38;5;159m FPS per env, [38;5;121m1[0m[38;5;159m envs).[0m
[38;5;159m[Genesis] [08:41:12] [INFO] Running at [38;5;121m104.60[0m[38;5;159m FPS ([38;5;121m104.60[0m[38;5;159m FPS per env, [38;5;121m1[0m[38;5;159m envs).[0m
[38;5;159m[Genesis] [08:41:12] [INFO] Running at [38;5;121m104.84[0m[38;5;159m FPS ([38;5;121m104.84[0m[38;5;159m FPS per env, [38;5;121m1[0m[38;5;159m envs).[0m
[38;5;159m[Genesis] [08:41:12] [INFO] Running at [38;5;121m105.16[0m[38;5;159m FPS ([38;5;121m105.16[0m[38;5;159m FPS per env, [38;5;121m1[0m[38;5;159m envs).[0m
[38;5;159m[Genesis] [08:41:12] [INFO] Running at [38;5;121m105.40[0m[38;5;159m FPS ([38;5;121m105.40[0m[38;5;159m FPS per env, [38;5;121m1[0m[38;5;159m envs).[0m
[38;5;159m[Genesis] [08:41:12] [INFO] Running at [38;5;121m105.71[0m[38;5;159m FPS ([38;5;121m105.71[0m[38;5;159m FPS per env, [38;5;121m1[0m[38;5;159m envs).[0m
[38;5;159m[Genesis] [08:41:12] [INFO] Running at [38;5;121m105.98[0m[38;5;159m FPS ([38;5;121m105.98[0m[38;5;159m FPS per env, [38;5;121m1[0m[38;5;159m envs).[0m
[38;5;159m[Genesis] [08:41:12] [INFO] Running at [38;5;121m105.98[0m[38;5;159m FPS ([38;5;121m105.98[0m[38;5;159m FPS per env, [38;5;121m1[0m[38;5;159m envs).[0m
[38;5;159m[Genesis] [08:41:12] [INFO] Running at [38;5;121m106.22[0m[38;5;159m FPS ([38;5;121m106.22[0m[38;5;159m FPS per env, [38;5;121m1[0m[38;5;159m envs).[0m
[38;5;159m[Genesis] [08:41:12] [INFO] Running at [38;5;121m106.33[0m[38;5;159m FPS ([38;5;121m106.33[0m[38;5;159m FPS per env, [38;5;121m1[0m[38;5;159m envs).[0m
[38;5;159m[Genesis] [08:41:12] [INFO] Running at [38;5;121m106.60[0m[38;5;159m FPS ([38;5;121m106.60[0m[38;5;159m FPS per env, [38;5;121m1[0m[38;5;159m envs).[0m
[38;5;159m[Genesis] [08:41:12] [INFO] Running at [38;5;121m106.85[0m[38;5;159m FPS ([38;5;121m106.85[0m[38;5;159m FPS per env, [38;5;121m1[0m[38;5;159m envs).[0m
[38;5;159m[Genesis] [08:41:12] [INFO] Running at [38;5;121m107.09[0m[38;5;159m FPS ([38;5;121m107.09[0m[38;5;159m FPS per env, [38;5;121m1[0m[38;5;159m envs).[0m
[38;5;159m[Genesis] [08:41:13] [INFO] Running at [38;5;121m107.36[0m[38;5;159m FPS ([38;5;121m107.36[0m[38;5;159m FPS per env, [38;5;121m1[0m[38;5;159m envs).[0m
[38;5;159m[Genesis] [08:41:13] [INFO] Running at [38;5;121m107.54[0m[38;5;159m FPS ([38;5;121m107.54[0m[38;5;159m FPS per env, [38;5;121m1[0m[38;5;159m envs).[0m
[38;5;159m[Genesis] [08:41:13] [INFO] Running at [38;5;121m107.71[0m[38;5;159m FPS ([38;5;121m107.71[0m[38;5;159m FPS per env, [38;5;121m1[0m[38;5;159m envs).[0m
[38;5;159m[Genesis] [08:41:13] [INFO] Running at [38;5;121m107.91[0m[38;5;159m FPS ([38;5;121m107.91[0m[38;5;159m FPS per env, [38;5;121m1[0m[38;5;159m envs).[0m
[38;5;159m[Genesis] [08:41:13] [INFO] Running at [38;5;121m108.10[0m[38;5;159m FPS ([38;5;121m108.10[0m[38;5;159m FPS per env, [38;5;121m1[0m[38;5;159m envs).[0m
[38;5;159m[Genesis] [08:41:13] [INFO] Running at [38;5;121m108.37[0m[38;5;159m FPS ([38;5;121m108.37[0m[38;5;159m FPS per env, [38;5;121m1[0m[38;5;159m envs).[0m
[38;5;159m[Genesis] [08:41:13] [INFO] Running at [38;5;121m108.63[0m[38;5;159m FPS ([38;5;121m108.63[0m[38;5;159m FPS per env, [38;5;121m1[0m[38;5;159m envs).[0m
[38;5;159m[Genesis] [08:41:13] [INFO] Running at [38;5;121m108.79[0m[38;5;159m FPS ([38;5;121m108.79[0m[38;5;159m FPS per env, [38;5;121m1[0m[38;5;159m envs).[0m
[38;5;159m[Genesis] [08:41:13] [INFO] Running at [38;5;121m108.80[0m[38;5;159m FPS ([38;5;121m108.80[0m[38;5;159m FPS per env, [38;5;121m1[0m[38;5;159m envs).[0m
[38;5;159m[Genesis] [08:41:13] [INFO] Running at [38;5;121m108.97[0m[38;5;159m FPS ([38;5;121m108.97[0m[38;5;159m FPS per env, [38;5;121m1[0m[38;5;159m envs).[0m
[38;5;159m[Genesis] [08:41:13] [INFO] Running at [38;5;121m109.09[0m[38;5;159m FPS ([38;5;121m109.09[0m[38;5;159m FPS per env, [38;5;121m1[0m[38;5;159m envs).[0m
[38;5;159m[Genesis] [08:41:13] [INFO] Running at [38;5;121m109.20[0m[38;5;159m FPS ([38;5;121m109.20[0m[38;5;159m FPS per env, [38;5;121m1[0m[38;5;159m envs).[0m
[38;5;159m[Genesis] [08:41:13] [INFO] Running at [38;5;121m109.32[0m[38;5;159m FPS ([38;5;121m109.32[0m[38;5;159m FPS per env, [38;5;121m1[0m[38;5;159m envs).[0m
[38;5;159m[Genesis] [08:41:13] [INFO] Running at [38;5;121m109.47[0m[38;5;159m FPS ([38;5;121m109.47[0m[38;5;159m FPS per env, [38;5;121m1[0m[38;5;159m envs).[0m
[38;5;159m[Genesis] [08:41:13] [INFO] Running at [38;5;121m109.61[0m[38;5;159m FPS ([38;5;121m109.61[0m[38;5;159m FPS per env, [38;5;121m1[0m[38;5;159m envs).[0m
[38;5;159m[Genesis] [08:41:13] [INFO] Running at [38;5;121m109.71[0m[38;5;159m FPS ([38;5;121m109.71[0m[38;5;159m FPS per env, [38;5;121m1[0m[38;5;159m envs).[0m
[38;5;159m[Genesis] [08:41:13] [INFO] Running at [38;5;121m109.82[0m[38;5;159m FPS ([38;5;121m109.82[0m[38;5;159m FPS per env, [38;5;121m1[0m[38;5;159m envs).[0m
[38;5;159m[Genesis] [08:41:13] [INFO] Running at [38;5;121m109.87[0m[38;5;159m FPS ([38;5;121m109.87[0m[38;5;159m FPS per env, [38;5;121m1[0m[38;5;159m envs).[0m
[38;5;159m[Genesis] [08:41:14] [INFO] Running at [38;5;121m109.97[0m[38;5;159m FPS ([38;5;121m109.97[0m[38;5;159m FPS per env, [38;5;121m1[0m[38;5;159m envs).[0m
[38;5;159m[Genesis] [08:41:14] [INFO] Running at [38;5;121m110.15[0m[38;5;159m FPS ([38;5;121m110.15[0m[38;5;159m FPS per env, [38;5;121m1[0m[38;5;159m envs).[0m
[38;5;159m[Genesis] [08:41:14] [INFO] Running at [38;5;121m110.27[0m[38;5;159m FPS ([38;5;121m110.27[0m[38;5;159m FPS per env, [38;5;121m1[0m[38;5;159m envs).[0m
[38;5;159m[Genesis] [08:41:14] [INFO] Running at [38;5;121m110.34[0m[38;5;159m FPS ([38;5;121m110.34[0m[38;5;159m FPS per env, [38;5;121m1[0m[38;5;159m envs).[0m
[38;5;159m[Genesis] [08:41:14] [INFO] Running at [38;5;121m110.37[0m[38;5;159m FPS ([38;5;121m110.37[0m[38;5;159m FPS per env, [38;5;121m1[0m[38;5;159m envs).[0m
[38;5;159m[Genesis] [08:41:14] [INFO] Running at [38;5;121m110.32[0m[38;5;159m FPS ([38;5;121m110.32[0m[38;5;159m FPS per env, [38;5;121m1[0m[38;5;159m envs).[0m
[38;5;159m[Genesis] [08:41:14] [INFO] Running at [38;5;121m110.28[0m[38;5;159m FPS ([38;5;121m110.28[0m[38;5;159m FPS per env, [38;5;121m1[0m[38;5;159m envs).[0m
[38;5;159m[Genesis] [08:41:14] [INFO] Running at [38;5;121m110.27[0m[38;5;159m FPS ([38;5;121m110.27[0m[38;5;159m FPS per env, [38;5;121m1[0m[38;5;159m envs).[0m
[38;5;159m[Genesis] [08:41:14] [INFO] Running at [38;5;121m110.31[0m[38;5;159m FPS ([38;5;121m110.31[0m[38;5;159m FPS per env, [38;5;121m1[0m[38;5;159m envs).[0m
[38;5;159m[Genesis] [08:41:14] [INFO] Running at [38;5;121m110.39[0m[38;5;159m FPS ([38;5;121m110.39[0m[38;5;159m FPS per env, [38;5;121m1[0m[38;5;159m envs).[0m
[38;5;159m[Genesis] [08:41:14] [INFO] Running at [38;5;121m110.57[0m[38;5;159m FPS ([38;5;121m110.57[0m[38;5;159m FPS per env, [38;5;121m1[0m[38;5;159m envs).[0m
[38;5;159m[Genesis] [08:41:14] [INFO] Running at [38;5;121m110.63[0m[38;5;159m FPS ([38;5;121m110.63[0m[38;5;159m FPS per env, [38;5;121m1[0m[38;5;159m envs).[0m
[38;5;159m[Genesis] [08:41:14] [INFO] Running at [38;5;121m110.70[0m[38;5;159m FPS ([38;5;121m110.70[0m[38;5;159m FPS per env, [38;5;121m1[0m[38;5;159m envs).[0m
[38;5;159m[Genesis] [08:41:14] [INFO] Running at [38;5;121m110.77[0m[38;5;159m FPS ([38;5;121m110.77[0m[38;5;159m FPS per env, [38;5;121m1[0m[38;5;159m envs).[0m
[38;5;159m[Genesis] [08:41:14] [INFO] Running at [38;5;121m110.79[0m[38;5;159m FPS ([38;5;121m110.79[0m[38;5;159m FPS per env, [38;5;121m1[0m[38;5;159m envs).[0m
[38;5;159m[Genesis] [08:41:14] [INFO] Running at [38;5;121m110.92[0m[38;5;159m FPS ([38;5;121m110.92[0m[38;5;159m FPS per env, [38;5;121m1[0m[38;5;159m envs).[0m
[38;5;159m[Genesis] [08:41:14] [INFO] Running at [38;5;121m111.14[0m[38;5;159m FPS ([38;5;121m111.14[0m[38;5;159m FPS per env, [38;5;121m1[0m[38;5;159m envs).[0m
[38;5;159m[Genesis] [08:41:14] [INFO] Running at [38;5;121m111.35[0m[38;5;159m FPS ([38;5;121m111.35[0m[38;5;159m FPS per env, [38;5;121m1[0m[38;5;159m envs).[0m
[38;5;159m[Genesis] [08:41:14] [INFO] Running at [38;5;121m111.61[0m[38;5;159m FPS ([38;5;121m111.61[0m[38;5;159m FPS per env, [38;5;121m1[0m[38;5;159m envs).[0m
[38;5;159m[Genesis] [08:41:15] [INFO] Running at [38;5;121m111.56[0m[38;5;159m FPS ([38;5;121m111.56[0m[38;5;159m FPS per env, [38;5;121m1[0m[38;5;159m envs).[0m
[38;5;159m[Genesis] [08:41:15] [INFO] Running at [38;5;121m111.79[0m[38;5;159m FPS ([38;5;121m111.79[0m[38;5;159m FPS per env, [38;5;121m1[0m[38;5;159m envs).[0m
[38;5;159m[Genesis] [08:41:15] [INFO] Running at [38;5;121m111.83[0m[38;5;159m FPS ([38;5;121m111.83[0m[38;5;159m FPS per env, [38;5;121m1[0m[38;5;159m envs).[0m
[38;5;159m[Genesis] [08:41:15] [INFO] Running at [38;5;121m111.82[0m[38;5;159m FPS ([38;5;121m111.82[0m[38;5;159m FPS per env, [38;5;121m1[0m[38;5;159m envs).[0m
[38;5;159m[Genesis] [08:41:15] [INFO] Running at [38;5;121m111.84[0m[38;5;159m FPS ([38;5;121m111.84[0m[38;5;159m FPS per env, [38;5;121m1[0m[38;5;159m envs).[0m
[38;5;159m[Genesis] [08:41:15] [INFO] Running at [38;5;121m111.95[0m[38;5;159m FPS ([38;5;121m111.95[0m[38;5;159m FPS per env, [38;5;121m1[0m[38;5;159m envs).[0m
[38;5;159m[Genesis] [08:41:15] [INFO] Running at [38;5;121m112.12[0m[38;5;159m FPS ([38;5;121m112.12[0m[38;5;159m FPS per env, [38;5;121m1[0m[38;5;159m envs).[0m
[38;5;159m[Genesis] [08:41:15] [INFO] Running at [38;5;121m112.39[0m[38;5;159m FPS ([38;5;121m112.39[0m[38;5;159m FPS per env, [38;5;121m1[0m[38;5;159m envs).[0m
[38;5;159m[Genesis] [08:41:15] [INFO] Running at [38;5;121m112.61[0m[38;5;159m FPS ([38;5;121m112.61[0m[38;5;159m FPS per env, [38;5;121m1[0m[38;5;159m envs).[0m
[38;5;159m[Genesis] [08:41:15] [INFO] Running at [38;5;121m112.96[0m[38;5;159m FPS ([38;5;121m112.96[0m[38;5;159m FPS per env, [38;5;121m1[0m[38;5;159m envs).[0m
[38;5;159m[Genesis] [08:41:15] [INFO] Running at [38;5;121m113.08[0m[38;5;159m FPS ([38;5;121m113.08[0m[38;5;159m FPS per env, [38;5;121m1[0m[38;5;159m envs).[0m
[38;5;159m[Genesis] [08:41:15] [INFO] Running at [38;5;121m112.99[0m[38;5;159m FPS ([38;5;121m112.99[0m[38;5;159m FPS per env, [38;5;121m1[0m[38;5;159m envs).[0m
[38;5;159m[Genesis] [08:41:15] [INFO] Running at [38;5;121m112.95[0m[38;5;159m FPS ([38;5;121m112.95[0m[38;5;159m FPS per env, [38;5;121m1[0m[38;5;159m envs).[0m
[38;5;159m[Genesis] [08:41:15] [INFO] Running at [38;5;121m112.87[0m[38;5;159m FPS ([38;5;121m112.87[0m[38;5;159m FPS per env, [38;5;121m1[0m[38;5;159m envs).[0m
[38;5;159m[Genesis] [08:41:15] [INFO] Running at [38;5;121m112.61[0m[38;5;159m FPS ([38;5;121m112.61[0m[38;5;159m FPS per env, [38;5;121m1[0m[38;5;159m envs).[0m
[38;5;159m[Genesis] [08:41:15] [INFO] Running at [38;5;121m112.61[0m[38;5;159m FPS ([38;5;121m112.61[0m[38;5;159m FPS per env, [38;5;121m1[0m[38;5;159m envs).[0m
[38;5;159m[Genesis] [08:41:15] [INFO] Running at [38;5;121m112.52[0m[38;5;159m FPS ([38;5;121m112.52[0m[38;5;159m FPS per env, [38;5;121m1[0m[38;5;159m envs).[0m
[38;5;159m[Genesis] [08:41:15] [INFO] Running at [38;5;121m112.47[0m[38;5;159m FPS ([38;5;121m112.47[0m[38;5;159m FPS per env, [38;5;121m1[0m[38;5;159m envs).[0m
[38;5;159m[Genesis] [08:41:15] [INFO] Running at [38;5;121m112.34[0m[38;5;159m FPS ([38;5;121m112.34[0m[38;5;159m FPS per env, [38;5;121m1[0m[38;5;159m envs).[0m
[38;5;159m[Genesis] [08:41:16] [INFO] Running at [38;5;121m112.45[0m[38;5;159m FPS ([38;5;121m112.45[0m[38;5;159m FPS per env, [38;5;121m1[0m[38;5;159m envs).[0m
[38;5;159m[Genesis] [08:41:16] [INFO] Running at [38;5;121m112.37[0m[38;5;159m FPS ([38;5;121m112.37[0m[38;5;159m FPS per env, [38;5;121m1[0m[38;5;159m envs).[0m
[38;5;159m[Genesis] [08:41:16] [INFO] Running at [38;5;121m112.34[0m[38;5;159m FPS ([38;5;121m112.34[0m[38;5;159m FPS per env, [38;5;121m1[0m[38;5;159m envs).[0m
[38;5;159m[Genesis] [08:41:16] [INFO] Running at [38;5;121m112.33[0m[38;5;159m FPS ([38;5;121m112.33[0m[38;5;159m FPS per env, [38;5;121m1[0m[38;5;159m envs).[0m
[38;5;159m[Genesis] [08:41:16] [INFO] Running at [38;5;121m112.37[0m[38;5;159m FPS ([38;5;121m112.37[0m[38;5;159m FPS per env, [38;5;121m1[0m[38;5;159m envs).[0m
[38;5;159m[Genesis] [08:41:16] [INFO] Running at [38;5;121m112.53[0m[38;5;159m FPS ([38;5;121m112.53[0m[38;5;159m FPS per env, [38;5;121m1[0m[38;5;159m envs).[0m
[38;5;159m[Genesis] [08:41:16] [INFO] Running at [38;5;121m112.61[0m[38;5;159m FPS ([38;5;121m112.61[0m[38;5;159m FPS per env, [38;5;121m1[0m[38;5;159m envs).[0m
[38;5;159m[Genesis] [08:41:16] [INFO] Running at [38;5;121m112.69[0m[38;5;159m FPS ([38;5;121m112.69[0m[38;5;159m FPS per env, [38;5;121m1[0m[38;5;159m envs).[0m
[38;5;159m[Genesis] [08:41:16] [INFO] Running at [38;5;121m112.77[0m[38;5;159m FPS ([38;5;121m112.77[0m[38;5;159m FPS per env, [38;5;121m1[0m[38;5;159m envs).[0m
[38;5;159m[Genesis] [08:41:16] [INFO] Running at [38;5;121m112.66[0m[38;5;159m FPS ([38;5;121m112.66[0m[38;5;159m FPS per env, [38;5;121m1[0m[38;5;159m envs).[0m
[38;5;159m[Genesis] [08:41:16] [INFO] Running at [38;5;121m112.58[0m[38;5;159m FPS ([38;5;121m112.58[0m[38;5;159m FPS per env, [38;5;121m1[0m[38;5;159m envs).[0m
[38;5;159m[Genesis] [08:41:16] [INFO] Running at [38;5;121m112.40[0m[38;5;159m FPS ([38;5;121m112.40[0m[38;5;159m FPS per env, [38;5;121m1[0m[38;5;159m envs).[0m
[38;5;159m[Genesis] [08:41:16] [INFO] Running at [38;5;121m112.32[0m[38;5;159m FPS ([38;5;121m112.32[0m[38;5;159m FPS per env, [38;5;121m1[0m[38;5;159m envs).[0m
[38;5;159m[Genesis] [08:41:16] [INFO] Running at [38;5;121m112.26[0m[38;5;159m FPS ([38;5;121m112.26[0m[38;5;159m FPS per env, [38;5;121m1[0m[38;5;159m envs).[0m
[38;5;159m[Genesis] [08:41:16] [INFO] Running at [38;5;121m112.25[0m[38;5;159m FPS ([38;5;121m112.25[0m[38;5;159m FPS per env, [38;5;121m1[0m[38;5;159m envs).[0m
[38;5;159m[Genesis] [08:41:16] [INFO] Running at [38;5;121m112.22[0m[38;5;159m FPS ([38;5;121m112.22[0m[38;5;159m FPS per env, [38;5;121m1[0m[38;5;159m envs).[0m
[38;5;159m[Genesis] [08:41:16] [INFO] Running at [38;5;121m112.29[0m[38;5;159m FPS ([38;5;121m112.29[0m[38;5;159m FPS per env, [38;5;121m1[0m[38;5;159m envs).[0m
[38;5;159m[Genesis] [08:41:16] [INFO] Running at [38;5;121m112.31[0m[38;5;159m FPS ([38;5;121m112.31[0m[38;5;159m FPS per env, [38;5;121m1[0m[38;5;159m envs).[0m
[38;5;159m[Genesis] [08:41:17] [INFO] Running at [38;5;121m112.30[0m[38;5;159m FPS ([38;5;121m112.30[0m[38;5;159m FPS per env, [38;5;121m1[0m[38;5;159m envs).[0m
[38;5;159m[Genesis] [08:41:17] [INFO] Running at [38;5;121m112.29[0m[38;5;159m FPS ([38;5;121m112.29[0m[38;5;159m FPS per env, [38;5;121m1[0m[38;5;159m envs).[0m
[38;5;159m[Genesis] [08:41:17] [INFO] Running at [38;5;121m112.25[0m[38;5;159m FPS ([38;5;121m112.25[0m[38;5;159m FPS per env, [38;5;121m1[0m[38;5;159m envs).[0m
[38;5;159m[Genesis] [08:41:17] [INFO] Running at [38;5;121m112.26[0m[38;5;159m FPS ([38;5;121m112.26[0m[38;5;159m FPS per env, [38;5;121m1[0m[38;5;159m envs).[0m
[38;5;159m[Genesis] [08:41:17] [INFO] Running at [38;5;121m112.34[0m[38;5;159m FPS ([38;5;121m112.34[0m[38;5;159m FPS per env, [38;5;121m1[0m[38;5;159m envs).[0m
[38;5;159m[Genesis] [08:41:17] [INFO] Running at [38;5;121m112.28[0m[38;5;159m FPS ([38;5;121m112.28[0m[38;5;159m FPS per env, [38;5;121m1[0m[38;5;159m envs).[0m
[38;5;159m[Genesis] [08:41:17] [INFO] Running at [38;5;121m112.06[0m[38;5;159m FPS ([38;5;121m112.06[0m[38;5;159m FPS per env, [38;5;121m1[0m[38;5;159m envs).[0m
[38;5;159m[Genesis] [08:41:17] [INFO] Running at [38;5;121m112.01[0m[38;5;159m FPS ([38;5;121m112.01[0m[38;5;159m FPS per env, [38;5;121m1[0m[38;5;159m envs).[0m
[38;5;159m[Genesis] [08:41:17] [INFO] Running at [38;5;121m112.03[0m[38;5;159m FPS ([38;5;121m112.03[0m[38;5;159m FPS per env, [38;5;121m1[0m[38;5;159m envs).[0m
[38;5;159m[Genesis] [08:41:17] [INFO] Running at [38;5;121m111.97[0m[38;5;159m FPS ([38;5;121m111.97[0m[38;5;159m FPS per env, [38;5;121m1[0m[38;5;159m envs).[0m
[38;5;159m[Genesis] [08:41:17] [INFO] Running at [38;5;121m112.06[0m[38;5;159m FPS ([38;5;121m112.06[0m[38;5;159m FPS per env, [38;5;121m1[0m[38;5;159m envs).[0m
[38;5;159m[Genesis] [08:41:17] [INFO] Running at [38;5;121m112.06[0m[38;5;159m FPS ([38;5;121m112.06[0m[38;5;159m FPS per env, [38;5;121m1[0m[38;5;159m envs).[0m
[38;5;159m[Genesis] [08:41:17] [INFO] Running at [38;5;121m112.08[0m[38;5;159m FPS ([38;5;121m112.08[0m[38;5;159m FPS per env, [38;5;121m1[0m[38;5;159m envs).[0m
[38;5;159m[Genesis] [08:41:17] [INFO] Running at [38;5;121m112.10[0m[38;5;159m FPS ([38;5;121m112.10[0m[38;5;159m FPS per env, [38;5;121m1[0m[38;5;159m envs).[0m
[38;5;159m[Genesis] [08:41:17] [INFO] Running at [38;5;121m112.09[0m[38;5;159m FPS ([38;5;121m112.09[0m[38;5;159m FPS per env, [38;5;121m1[0m[38;5;159m envs).[0m
[38;5;159m[Genesis] [08:41:17] [INFO] Running at [38;5;121m112.11[0m[38;5;159m FPS ([38;5;121m112.11[0m[38;5;159m FPS per env, [38;5;121m1[0m[38;5;159m envs).[0m
[38;5;159m[Genesis] [08:41:17] [INFO] Running at [38;5;121m112.04[0m[38;5;159m FPS ([38;5;121m112.04[0m[38;5;159m FPS per env, [38;5;121m1[0m[38;5;159m envs).[0m
[38;5;159m[Genesis] [08:41:17] [INFO] Running at [38;5;121m112.07[0m[38;5;159m FPS ([38;5;121m112.07[0m[38;5;159m FPS per env, [38;5;121m1[0m[38;5;159m envs).[0m
[38;5;159m[Genesis] [08:41:17] [INFO] Running at [38;5;121m112.03[0m[38;5;159m FPS ([38;5;121m112.03[0m[38;5;159m FPS per env, [38;5;121m1[0m[38;5;159m envs).[0m
[38;5;159m[Genesis] [08:41:18] [INFO] Running at [38;5;121m112.09[0m[38;5;159m FPS ([38;5;121m112.09[0m[38;5;159m FPS per env, [38;5;121m1[0m[38;5;159m envs).[0m
[38;5;159m[Genesis] [08:41:18] [INFO] Running at [38;5;121m111.94[0m[38;5;159m FPS ([38;5;121m111.94[0m[38;5;159m FPS per env, [38;5;121m1[0m[38;5;159m envs).[0m
[38;5;159m[Genesis] [08:41:18] [INFO] Running at [38;5;121m111.89[0m[38;5;159m FPS ([38;5;121m111.89[0m[38;5;159m FPS per env, [38;5;121m1[0m[38;5;159m envs).[0m
[38;5;159m[Genesis] [08:41:18] [INFO] Running at [38;5;121m111.86[0m[38;5;159m FPS ([38;5;121m111.86[0m[38;5;159m FPS per env, [38;5;121m1[0m[38;5;159m envs).[0m
[38;5;159m[Genesis] [08:41:18] [INFO] Running at [38;5;121m111.88[0m[38;5;159m FPS ([38;5;121m111.88[0m[38;5;159m FPS per env, [38;5;121m1[0m[38;5;159m envs).[0m
[38;5;159m[Genesis] [08:41:18] [INFO] Running at [38;5;121m111.86[0m[38;5;159m FPS ([38;5;121m111.86[0m[38;5;159m FPS per env, [38;5;121m1[0m[38;5;159m envs).[0m
[38;5;159m[Genesis] [08:41:18] [INFO] Running at [38;5;121m111.88[0m[38;5;159m FPS ([38;5;121m111.88[0m[38;5;159m FPS per env, [38;5;121m1[0m[38;5;159m envs).[0m
[38;5;159m[Genesis] [08:41:18] [INFO] Running at [38;5;121m111.85[0m[38;5;159m FPS ([38;5;121m111.85[0m[38;5;159m FPS per env, [38;5;121m1[0m[38;5;159m envs).[0m
[38;5;159m[Genesis] [08:41:18] [INFO] Running at [38;5;121m111.85[0m[38;5;159m FPS ([38;5;121m111.85[0m[38;5;159m FPS per env, [38;5;121m1[0m[38;5;159m envs).[0m
[38;5;159m[Genesis] [08:41:18] [INFO] Running at [38;5;121m111.88[0m[38;5;159m FPS ([38;5;121m111.88[0m[38;5;159m FPS per env, [38;5;121m1[0m[38;5;159m envs).[0m
[38;5;159m[Genesis] [08:41:18] [INFO] Running at [38;5;121m111.93[0m[38;5;159m FPS ([38;5;121m111.93[0m[38;5;159m FPS per env, [38;5;121m1[0m[38;5;159m envs).[0m
[38;5;159m[Genesis] [08:41:18] [INFO] Running at [38;5;121m111.98[0m[38;5;159m FPS ([38;5;121m111.98[0m[38;5;159m FPS per env, [38;5;121m1[0m[38;5;159m envs).[0m
[38;5;159m[Genesis] [08:41:18] [INFO] Running at [38;5;121m111.99[0m[38;5;159m FPS ([38;5;121m111.99[0m[38;5;159m FPS per env, [38;5;121m1[0m[38;5;159m envs).[0m
[38;5;159m[Genesis] [08:41:18] [INFO] Running at [38;5;121m111.97[0m[38;5;159m FPS ([38;5;121m111.97[0m[38;5;159m FPS per env, [38;5;121m1[0m[38;5;159m envs).[0m
[38;5;159m[Genesis] [08:41:18] [INFO] Running at [38;5;121m111.99[0m[38;5;159m FPS ([38;5;121m111.99[0m[38;5;159m FPS per env, [38;5;121m1[0m[38;5;159m envs).[0m
[38;5;159m[Genesis] [08:41:18] [INFO] Running at [38;5;121m111.81[0m[38;5;159m FPS ([38;5;121m111.81[0m[38;5;159m FPS per env, [38;5;121m1[0m[38;5;159m envs).[0m
[38;5;159m[Genesis] [08:41:18] [INFO] Running at [38;5;121m111.81[0m[38;5;159m FPS ([38;5;121m111.81[0m[38;5;159m FPS per env, [38;5;121m1[0m[38;5;159m envs).[0m
[38;5;159m[Genesis] [08:41:18] [INFO] Running at [38;5;121m111.83[0m[38;5;159m FPS ([38;5;121m111.83[0m[38;5;159m FPS per env, [38;5;121m1[0m[38;5;159m envs).[0m
[38;5;159m[Genesis] [08:41:18] [INFO] Running at [38;5;121m111.83[0m[38;5;159m FPS ([38;5;121m111.83[0m[38;5;159m FPS per env, [38;5;121m1[0m[38;5;159m envs).[0m
[38;5;159m[Genesis] [08:41:19] [INFO] Running at [38;5;121m111.85[0m[38;5;159m FPS ([38;5;121m111.85[0m[38;5;159m FPS per env, [38;5;121m1[0m[38;5;159m envs).[0m
[38;5;159m[Genesis] [08:41:19] [INFO] Running at [38;5;121m111.87[0m[38;5;159m FPS ([38;5;121m111.87[0m[38;5;159m FPS per env, [38;5;121m1[0m[38;5;159m envs).[0m
[38;5;159m[Genesis] [08:41:19] [INFO] Running at [38;5;121m111.93[0m[38;5;159m FPS ([38;5;121m111.93[0m[38;5;159m FPS per env, [38;5;121m1[0m[38;5;159m envs).[0m
[38;5;159m[Genesis] [08:41:19] [INFO] Running at [38;5;121m111.78[0m[38;5;159m FPS ([38;5;121m111.78[0m[38;5;159m FPS per env, [38;5;121m1[0m[38;5;159m envs).[0m
[38;5;159m[Genesis] [08:41:19] [INFO] Running at [38;5;121m111.81[0m[38;5;159m FPS ([38;5;121m111.81[0m[38;5;159m FPS per env, [38;5;121m1[0m[38;5;159m envs).[0m
[38;5;159m[Genesis] [08:41:19] [INFO] Running at [38;5;121m111.88[0m[38;5;159m FPS ([38;5;121m111.88[0m[38;5;159m FPS per env, [38;5;121m1[0m[38;5;159m envs).[0m
[38;5;159m[Genesis] [08:41:19] [INFO] Running at [38;5;121m111.86[0m[38;5;159m FPS ([38;5;121m111.86[0m[38;5;159m FPS per env, [38;5;121m1[0m[38;5;159m envs).[0m
[38;5;159m[Genesis] [08:41:19] [INFO] Running at [38;5;121m111.91[0m[38;5;159m FPS ([38;5;121m111.91[0m[38;5;159m FPS per env, [38;5;121m1[0m[38;5;159m envs).[0m
[38;5;159m[Genesis] [08:41:19] [INFO] Running at [38;5;121m111.89[0m[38;5;159m FPS ([38;5;121m111.89[0m[38;5;159m FPS per env, [38;5;121m1[0m[38;5;159m envs).[0m
[38;5;159m[Genesis] [08:41:19] [INFO] Running at [38;5;121m111.88[0m[38;5;159m FPS ([38;5;121m111.88[0m[38;5;159m FPS per env, [38;5;121m1[0m[38;5;159m envs).[0m
[38;5;159m[Genesis] [08:41:19] [INFO] Running at [38;5;121m111.76[0m[38;5;159m FPS ([38;5;121m111.76[0m[38;5;159m FPS per env, [38;5;121m1[0m[38;5;159m envs).[0m
[38;5;159m[Genesis] [08:41:19] [INFO] Running at [38;5;121m111.79[0m[38;5;159m FPS ([38;5;121m111.79[0m[38;5;159m FPS per env, [38;5;121m1[0m[38;5;159m envs).[0m
[38;5;159m[Genesis] [08:41:19] [INFO] Running at [38;5;121m111.79[0m[38;5;159m FPS ([38;5;121m111.79[0m[38;5;159m FPS per env, [38;5;121m1[0m[38;5;159m envs).[0m
[38;5;159m[Genesis] [08:41:19] [INFO] Running at [38;5;121m111.84[0m[38;5;159m FPS ([38;5;121m111.84[0m[38;5;159m FPS per env, [38;5;121m1[0m[38;5;159m envs).[0m
[38;5;159m[Genesis] [08:41:19] [INFO] Running at [38;5;121m111.83[0m[38;5;159m FPS ([38;5;121m111.83[0m[38;5;159m FPS per env, [38;5;121m1[0m[38;5;159m envs).[0m
[38;5;159m[Genesis] [08:41:19] [INFO] Running at [38;5;121m111.86[0m[38;5;159m FPS ([38;5;121m111.86[0m[38;5;159m FPS per env, [38;5;121m1[0m[38;5;159m envs).[0m
[38;5;159m[Genesis] [08:41:19] [INFO] Running at [38;5;121m111.87[0m[38;5;159m FPS ([38;5;121m111.87[0m[38;5;159m FPS per env, [38;5;121m1[0m[38;5;159m envs).[0m
[38;5;159m[Genesis] [08:41:19] [INFO] Running at [38;5;121m111.97[0m[38;5;159m FPS ([38;5;121m111.97[0m[38;5;159m FPS per env, [38;5;121m1[0m[38;5;159m envs).[0m
[38;5;159m[Genesis] [08:41:20] [INFO] Running at [38;5;121m111.94[0m[38;5;159m FPS ([38;5;121m111.94[0m[38;5;159m FPS per env, [38;5;121m1[0m[38;5;159m envs).[0m
[38;5;159m[Genesis] [08:41:20] [INFO] Running at [38;5;121m111.91[0m[38;5;159m FPS ([38;5;121m111.91[0m[38;5;159m FPS per env, [38;5;121m1[0m[38;5;159m envs).[0m
[38;5;159m[Genesis] [08:41:20] [INFO] Running at [38;5;121m111.92[0m[38;5;159m FPS ([38;5;121m111.92[0m[38;5;159m FPS per env, [38;5;121m1[0m[38;5;159m envs).[0m
[38;5;159m[Genesis] [08:41:20] [INFO] Running at [38;5;121m111.96[0m[38;5;159m FPS ([38;5;121m111.96[0m[38;5;159m FPS per env, [38;5;121m1[0m[38;5;159m envs).[0m
[38;5;159m[Genesis] [08:41:20] [INFO] Running at [38;5;121m112.03[0m[38;5;159m FPS ([38;5;121m112.03[0m[38;5;159m FPS per env, [38;5;121m1[0m[38;5;159m envs).[0m
[38;5;159m[Genesis] [08:41:20] [INFO] Running at [38;5;121m111.97[0m[38;5;159m FPS ([38;5;121m111.97[0m[38;5;159m FPS per env, [38;5;121m1[0m[38;5;159m envs).[0m
[38;5;159m[Genesis] [08:41:20] [INFO] Running at [38;5;121m111.75[0m[38;5;159m FPS ([38;5;121m111.75[0m[38;5;159m FPS per env, [38;5;121m1[0m[38;5;159m envs).[0m
[38;5;159m[Genesis] [08:41:20] [INFO] Running at [38;5;121m111.70[0m[38;5;159m FPS ([38;5;121m111.70[0m[38;5;159m FPS per env, [38;5;121m1[0m[38;5;159m envs).[0m
[38;5;159m[Genesis] [08:41:20] [INFO] Running at [38;5;121m111.65[0m[38;5;159m FPS ([38;5;121m111.65[0m[38;5;159m FPS per env, [38;5;121m1[0m[38;5;159m envs).[0m
[38;5;159m[Genesis] [08:41:20] [INFO] Running at [38;5;121m111.63[0m[38;5;159m FPS ([38;5;121m111.63[0m[38;5;159m FPS per env, [38;5;121m1[0m[38;5;159m envs).[0m
[38;5;159m[Genesis] [08:41:20] [INFO] Running at [38;5;121m111.72[0m[38;5;159m FPS ([38;5;121m111.72[0m[38;5;159m FPS per env, [38;5;121m1[0m[38;5;159m envs).[0m
[38;5;159m[Genesis] [08:41:20] [INFO] Running at [38;5;121m111.72[0m[38;5;159m FPS ([38;5;121m111.72[0m[38;5;159m FPS per env, [38;5;121m1[0m[38;5;159m envs).[0m
[38;5;159m[Genesis] [08:41:20] [INFO] Running at [38;5;121m111.74[0m[38;5;159m FPS ([38;5;121m111.74[0m[38;5;159m FPS per env, [38;5;121m1[0m[38;5;159m envs).[0m
[38;5;159m[Genesis] [08:41:20] [INFO] Running at [38;5;121m111.79[0m[38;5;159m FPS ([38;5;121m111.79[0m[38;5;159m FPS per env, [38;5;121m1[0m[38;5;159m envs).[0m
[38;5;159m[Genesis] [08:41:20] [INFO] Running at [38;5;121m111.92[0m[38;5;159m FPS ([38;5;121m111.92[0m[38;5;159m FPS per env, [38;5;121m1[0m[38;5;159m envs).[0m
[38;5;159m[Genesis] [08:41:20] [INFO] Running at [38;5;121m112.12[0m[38;5;159m FPS ([38;5;121m112.12[0m[38;5;159m FPS per env, [38;5;121m1[0m[38;5;159m envs).[0m
[38;5;159m[Genesis] [08:41:20] [INFO] Running at [38;5;121m112.23[0m[38;5;159m FPS ([38;5;121m112.23[0m[38;5;159m FPS per env, [38;5;121m1[0m[38;5;159m envs).[0m
fps 50
[38;5;159m[Genesis] [08:41:20] [INFO] Saving video to [38;5;121m"test_5000_behind.mp4"[0m[38;5;159m...[0m
[38;5;159m[Genesis] [08:41:21] [INFO] Video saved.[0m
[38;5;159m[Genesis] [08:41:21] [INFO] Saving video to [38;5;121m"test_5000_side.mp4"[0m[38;5;159m...[0m
[38;5;159m[Genesis] [08:41:22] [INFO] Video saved.[0m
Saved recordings for checkpoint 5000.
Finaler Gierraten-Fehler: 20.67 deg/s
[38;5;159m[Genesis] [08:41:22] [INFO] 💤 Exiting Genesis and caching compiled kernels...[0m
