[38;5;159m[Genesis] [06:35:08] [INFO] [38;5;121m╭───────────────────────────────────────────────╮[0m[38;5;159m[0m
[38;5;159m[Genesis] [06:35:08] [INFO] [38;5;121m│┈┉┈┉┈┉┈┉┈┉┈┉┈┉┈┉┈┉┈[0m[38;5;159m [38;5;121m[1m[3mGenesis[0m[38;5;159m [38;5;121m┈┉┈┉┈┉┈┉┈┉┈┉┈┉┈┉┈┉┈│[0m[38;5;159m[0m
[38;5;159m[Genesis] [06:35:08] [INFO] [38;5;121m╰───────────────────────────────────────────────╯[0m[38;5;159m[0m
[38;5;159m[Genesis] [06:35:08] [INFO] Running on [38;5;121m[4m[NVIDIA GeForce RTX 5090][0m[38;5;159m with backend [38;5;121m[4mgs.cuda[0m[38;5;159m. Device memory: [38;5;121m[4m31.36[0m[38;5;159m GB.[0m
[38;5;159m[Genesis] [06:35:08] [INFO] 🚀 Genesis initialized. 🔖 version: [38;5;121m[4m0.4.7[0m[38;5;159m, 🎨 theme: [38;5;121m[4mdark[0m[38;5;159m, 🌱 seed: [38;5;121m[4mNone[0m[38;5;159m, 🐛 debug: [38;5;121m[4mFalse[0m[38;5;159m, 📏 precision: [38;5;121m[4m32[0m[38;5;159m, 🔥 performance: [38;5;121m[4mFalse[0m[38;5;159m, 💬 verbose: [38;5;121m[4mINFO[0m[38;5;159m[0m
[38;5;226m[Genesis] [06:35:11] [WARNING] Viewer option 'n_rendered_envs' is deprecated and will be removed in a future release. Please use 'rendered_envs_idx' instead.[0m
[38;5;159m[Genesis] [06:35:12] [INFO] Scene [38;5;121m[3m<c8c28de>[0m[38;5;159m created.[0m
[38;5;159m[Genesis] [06:35:12] [INFO] Adding [38;5;121m<gs.engine.entities.RigidEntity>[0m[38;5;159m. idx: [38;5;121m0[0m[38;5;159m, uid: [38;5;121m[3m<5e11b7b>[0m[38;5;159m, morph: [38;5;121m<gs.morphs.Terrain>[0m[38;5;159m, material: [38;5;121m<gs.materials.Rigid>[0m[38;5;159m.[0m
[38;5;226m[Genesis] [06:35:12] [WARNING] Beware that SDF pre-processing of mesh  having more than 50000 vertices may take a very long time (>10min) and require large RAM allocation (>20Gb). Please either enable convexify or decimation. (see FileMorph options)[0m
[38;5;159m[Genesis] [06:35:12] [INFO] Adding [38;5;121m<gs.engine.entities.RigidEntity>[0m[38;5;159m. idx: [38;5;121m1[0m[38;5;159m, uid: [38;5;121m[3m<49d5e0a>[0m[38;5;159m, morph: [38;5;121m<gs.morphs.URDF(file='/home/jfriesen/.local/lib/python3.12/site-packages/genesis/assets/urdf/go2/urdf/go2.urdf')>[0m[38;5;159m, material: [38;5;121m<gs.materials.Rigid>[0m[38;5;159m.[0m
[38;5;159m[Genesis] [06:35:15] [INFO] Building scene [38;5;121m[3m<c8c28de>[0m[38;5;159m...[0m
[38;5;226m[Genesis] [06:35:16] [WARNING] Neutral robot position (qpos0) exceeds joint limits.[0m
[38;5;159m[Genesis] [06:35:17] [INFO] Compiling simulation kernels...[0m
[38;5;159m[Genesis] [06:35:19] [INFO] Building visualizer...[0m
[38;5;226m[Genesis] [06:35:20] [WARNING] This property is deprecated and will be removed in future release. Please use 'dofs_idx_local' instead.[0m
[38;5;226m[Genesis] [06:35:20] [WARNING] This property is deprecated and will be removed in future release. Please use 'dofs_idx_local' instead.[0m
[38;5;226m[Genesis] [06:35:20] [WARNING] This property is deprecated and will be removed in future release. Please use 'dofs_idx_local' instead.[0m
[38;5;226m[Genesis] [06:35:20] [WARNING] This property is deprecated and will be removed in future release. Please use 'dofs_idx_local' instead.[0m
[38;5;226m[Genesis] [06:35:20] [WARNING] This property is deprecated and will be removed in future release. Please use 'dofs_idx_local' instead.[0m
[38;5;226m[Genesis] [06:35:20] [WARNING] This property is deprecated and will be removed in future release. Please use 'dofs_idx_local' instead.[0m
[38;5;226m[Genesis] [06:35:20] [WARNING] This property is deprecated and will be removed in future release. Please use 'dofs_idx_local' instead.[0m
[38;5;226m[Genesis] [06:35:20] [WARNING] This property is deprecated and will be removed in future release. Please use 'dofs_idx_local' instead.[0m
[38;5;226m[Genesis] [06:35:20] [WARNING] This property is deprecated and will be removed in future release. Please use 'dofs_idx_local' instead.[0m
[38;5;226m[Genesis] [06:35:20] [WARNING] This property is deprecated and will be removed in future release. Please use 'dofs_idx_local' instead.[0m
[38;5;226m[Genesis] [06:35:20] [WARNING] This property is deprecated and will be removed in future release. Please use 'dofs_idx_local' instead.[0m
[38;5;226m[Genesis] [06:35:20] [WARNING] This property is deprecated and will be removed in future release. Please use 'dofs_idx_local' instead.[0m
/home/jfriesen/.local/lib/python3.12/site-packages/torch/utils/_device.py:122: UserWarning: To copy construct from a tensor, it is recommended to use sourceTensor.detach().clone() or sourceTensor.detach().clone().requires_grad_(True), rather than torch.tensor(sourceTensor).
  return func(*args, **kwargs)
Actor MLP: Sequential(
  (0): Linear(in_features=76, out_features=512, bias=True)
  (1): ELU(alpha=1.0)
  (2): Linear(in_features=512, out_features=256, bias=True)
  (3): ELU(alpha=1.0)
  (4): Linear(in_features=256, out_features=128, bias=True)
  (5): ELU(alpha=1.0)
  (6): Linear(in_features=128, out_features=12, bias=True)
)
Critic MLP: Sequential(
  (0): Linear(in_features=100, out_features=512, bias=True)
  (1): ELU(alpha=1.0)
  (2): Linear(in_features=512, out_features=256, bias=True)
  (3): ELU(alpha=1.0)
  (4): Linear(in_features=256, out_features=128, bias=True)
  (5): ELU(alpha=1.0)
  (6): Linear(in_features=128, out_features=1, bias=True)
)
[38;5;159m[Genesis] [06:35:22] [INFO] Running at [38;5;121m1.41[0m[38;5;159m FPS ([38;5;121m1.41[0m[38;5;159m FPS per env, [38;5;121m1[0m[38;5;159m envs).[0m
[38;5;159m[Genesis] [06:35:22] [INFO] Running at [38;5;121m5.56[0m[38;5;159m FPS ([38;5;121m5.56[0m[38;5;159m FPS per env, [38;5;121m1[0m[38;5;159m envs).[0m
[38;5;159m[Genesis] [06:35:23] [INFO] Running at [38;5;121m67.33[0m[38;5;159m FPS ([38;5;121m67.33[0m[38;5;159m FPS per env, [38;5;121m1[0m[38;5;159m envs).[0m
[38;5;159m[Genesis] [06:35:23] [INFO] Running at [38;5;121m67.43[0m[38;5;159m FPS ([38;5;121m67.43[0m[38;5;159m FPS per env, [38;5;121m1[0m[38;5;159m envs).[0m
[38;5;159m[Genesis] [06:35:23] [INFO] Running at [38;5;121m67.62[0m[38;5;159m FPS ([38;5;121m67.62[0m[38;5;159m FPS per env, [38;5;121m1[0m[38;5;159m envs).[0m
[38;5;159m[Genesis] [06:35:23] [INFO] Running at [38;5;121m67.81[0m[38;5;159m FPS ([38;5;121m67.81[0m[38;5;159m FPS per env, [38;5;121m1[0m[38;5;159m envs).[0m
[38;5;159m[Genesis] [06:35:23] [INFO] Running at [38;5;121m67.99[0m[38;5;159m FPS ([38;5;121m67.99[0m[38;5;159m FPS per env, [38;5;121m1[0m[38;5;159m envs).[0m
[38;5;159m[Genesis] [06:35:23] [INFO] Running at [38;5;121m68.15[0m[38;5;159m FPS ([38;5;121m68.15[0m[38;5;159m FPS per env, [38;5;121m1[0m[38;5;159m envs).[0m
[38;5;159m[Genesis] [06:35:23] [INFO] Running at [38;5;121m68.33[0m[38;5;159m FPS ([38;5;121m68.33[0m[38;5;159m FPS per env, [38;5;121m1[0m[38;5;159m envs).[0m
[38;5;159m[Genesis] [06:35:23] [INFO] Running at [38;5;121m68.47[0m[38;5;159m FPS ([38;5;121m68.47[0m[38;5;159m FPS per env, [38;5;121m1[0m[38;5;159m envs).[0m
[38;5;159m[Genesis] [06:35:23] [INFO] Running at [38;5;121m68.53[0m[38;5;159m FPS ([38;5;121m68.53[0m[38;5;159m FPS per env, [38;5;121m1[0m[38;5;159m envs).[0m
[38;5;159m[Genesis] [06:35:23] [INFO] Running at [38;5;121m68.62[0m[38;5;159m FPS ([38;5;121m68.62[0m[38;5;159m FPS per env, [38;5;121m1[0m[38;5;159m envs).[0m
[38;5;159m[Genesis] [06:35:23] [INFO] Running at [38;5;121m68.71[0m[38;5;159m FPS ([38;5;121m68.71[0m[38;5;159m FPS per env, [38;5;121m1[0m[38;5;159m envs).[0m
[38;5;159m[Genesis] [06:35:23] [INFO] Running at [38;5;121m68.74[0m[38;5;159m FPS ([38;5;121m68.74[0m[38;5;159m FPS per env, [38;5;121m1[0m[38;5;159m envs).[0m
[38;5;159m[Genesis] [06:35:23] [INFO] Running at [38;5;121m68.43[0m[38;5;159m FPS ([38;5;121m68.43[0m[38;5;159m FPS per env, [38;5;121m1[0m[38;5;159m envs).[0m
[38;5;159m[Genesis] [06:35:23] [INFO] Running at [38;5;121m68.12[0m[38;5;159m FPS ([38;5;121m68.12[0m[38;5;159m FPS per env, [38;5;121m1[0m[38;5;159m envs).[0m
[38;5;159m[Genesis] [06:35:23] [INFO] Running at [38;5;121m51.47[0m[38;5;159m FPS ([38;5;121m51.47[0m[38;5;159m FPS per env, [38;5;121m1[0m[38;5;159m envs).[0m
[38;5;159m[Genesis] [06:35:23] [INFO] Running at [38;5;121m68.42[0m[38;5;159m FPS ([38;5;121m68.42[0m[38;5;159m FPS per env, [38;5;121m1[0m[38;5;159m envs).[0m
[38;5;159m[Genesis] [06:35:23] [INFO] Running at [38;5;121m68.19[0m[38;5;159m FPS ([38;5;121m68.19[0m[38;5;159m FPS per env, [38;5;121m1[0m[38;5;159m envs).[0m
[38;5;159m[Genesis] [06:35:24] [INFO] Running at [38;5;121m68.06[0m[38;5;159m FPS ([38;5;121m68.06[0m[38;5;159m FPS per env, [38;5;121m1[0m[38;5;159m envs).[0m
[38;5;159m[Genesis] [06:35:24] [INFO] Running at [38;5;121m67.80[0m[38;5;159m FPS ([38;5;121m67.80[0m[38;5;159m FPS per env, [38;5;121m1[0m[38;5;159m envs).[0m
[38;5;159m[Genesis] [06:35:24] [INFO] Running at [38;5;121m67.67[0m[38;5;159m FPS ([38;5;121m67.67[0m[38;5;159m FPS per env, [38;5;121m1[0m[38;5;159m envs).[0m
[38;5;159m[Genesis] [06:35:24] [INFO] Running at [38;5;121m67.35[0m[38;5;159m FPS ([38;5;121m67.35[0m[38;5;159m FPS per env, [38;5;121m1[0m[38;5;159m envs).[0m
[38;5;159m[Genesis] [06:35:24] [INFO] Running at [38;5;121m67.01[0m[38;5;159m FPS ([38;5;121m67.01[0m[38;5;159m FPS per env, [38;5;121m1[0m[38;5;159m envs).[0m
[38;5;159m[Genesis] [06:35:24] [INFO] Running at [38;5;121m66.91[0m[38;5;159m FPS ([38;5;121m66.91[0m[38;5;159m FPS per env, [38;5;121m1[0m[38;5;159m envs).[0m
[38;5;159m[Genesis] [06:35:24] [INFO] Running at [38;5;121m66.59[0m[38;5;159m FPS ([38;5;121m66.59[0m[38;5;159m FPS per env, [38;5;121m1[0m[38;5;159m envs).[0m
[38;5;159m[Genesis] [06:35:24] [INFO] Running at [38;5;121m66.56[0m[38;5;159m FPS ([38;5;121m66.56[0m[38;5;159m FPS per env, [38;5;121m1[0m[38;5;159m envs).[0m
[38;5;159m[Genesis] [06:35:24] [INFO] Running at [38;5;121m66.46[0m[38;5;159m FPS ([38;5;121m66.46[0m[38;5;159m FPS per env, [38;5;121m1[0m[38;5;159m envs).[0m
[38;5;159m[Genesis] [06:35:24] [INFO] Running at [38;5;121m66.44[0m[38;5;159m FPS ([38;5;121m66.44[0m[38;5;159m FPS per env, [38;5;121m1[0m[38;5;159m envs).[0m
[38;5;159m[Genesis] [06:35:24] [INFO] Running at [38;5;121m66.32[0m[38;5;159m FPS ([38;5;121m66.32[0m[38;5;159m FPS per env, [38;5;121m1[0m[38;5;159m envs).[0m
[38;5;159m[Genesis] [06:35:24] [INFO] Running at [38;5;121m66.24[0m[38;5;159m FPS ([38;5;121m66.24[0m[38;5;159m FPS per env, [38;5;121m1[0m[38;5;159m envs).[0m
[38;5;159m[Genesis] [06:35:24] [INFO] Running at [38;5;121m66.10[0m[38;5;159m FPS ([38;5;121m66.10[0m[38;5;159m FPS per env, [38;5;121m1[0m[38;5;159m envs).[0m
[38;5;159m[Genesis] [06:35:24] [INFO] Running at [38;5;121m65.97[0m[38;5;159m FPS ([38;5;121m65.97[0m[38;5;159m FPS per env, [38;5;121m1[0m[38;5;159m envs).[0m
[38;5;159m[Genesis] [06:35:24] [INFO] Running at [38;5;121m65.96[0m[38;5;159m FPS ([38;5;121m65.96[0m[38;5;159m FPS per env, [38;5;121m1[0m[38;5;159m envs).[0m
[38;5;159m[Genesis] [06:35:24] [INFO] Running at [38;5;121m65.82[0m[38;5;159m FPS ([38;5;121m65.82[0m[38;5;159m FPS per env, [38;5;121m1[0m[38;5;159m envs).[0m
[38;5;159m[Genesis] [06:35:25] [INFO] Running at [38;5;121m65.76[0m[38;5;159m FPS ([38;5;121m65.76[0m[38;5;159m FPS per env, [38;5;121m1[0m[38;5;159m envs).[0m
[38;5;159m[Genesis] [06:35:25] [INFO] Running at [38;5;121m65.71[0m[38;5;159m FPS ([38;5;121m65.71[0m[38;5;159m FPS per env, [38;5;121m1[0m[38;5;159m envs).[0m
[38;5;159m[Genesis] [06:35:25] [INFO] Running at [38;5;121m65.73[0m[38;5;159m FPS ([38;5;121m65.73[0m[38;5;159m FPS per env, [38;5;121m1[0m[38;5;159m envs).[0m
[38;5;159m[Genesis] [06:35:25] [INFO] Running at [38;5;121m65.66[0m[38;5;159m FPS ([38;5;121m65.66[0m[38;5;159m FPS per env, [38;5;121m1[0m[38;5;159m envs).[0m
[38;5;159m[Genesis] [06:35:25] [INFO] Running at [38;5;121m65.63[0m[38;5;159m FPS ([38;5;121m65.63[0m[38;5;159m FPS per env, [38;5;121m1[0m[38;5;159m envs).[0m
[38;5;159m[Genesis] [06:35:25] [INFO] Running at [38;5;121m65.54[0m[38;5;159m FPS ([38;5;121m65.54[0m[38;5;159m FPS per env, [38;5;121m1[0m[38;5;159m envs).[0m
[38;5;159m[Genesis] [06:35:25] [INFO] Running at [38;5;121m65.53[0m[38;5;159m FPS ([38;5;121m65.53[0m[38;5;159m FPS per env, [38;5;121m1[0m[38;5;159m envs).[0m
[38;5;159m[Genesis] [06:35:25] [INFO] Running at [38;5;121m65.46[0m[38;5;159m FPS ([38;5;121m65.46[0m[38;5;159m FPS per env, [38;5;121m1[0m[38;5;159m envs).[0m
[38;5;159m[Genesis] [06:35:25] [INFO] Running at [38;5;121m65.46[0m[38;5;159m FPS ([38;5;121m65.46[0m[38;5;159m FPS per env, [38;5;121m1[0m[38;5;159m envs).[0m
[38;5;159m[Genesis] [06:35:25] [INFO] Running at [38;5;121m65.24[0m[38;5;159m FPS ([38;5;121m65.24[0m[38;5;159m FPS per env, [38;5;121m1[0m[38;5;159m envs).[0m
[38;5;159m[Genesis] [06:35:25] [INFO] Running at [38;5;121m65.25[0m[38;5;159m FPS ([38;5;121m65.25[0m[38;5;159m FPS per env, [38;5;121m1[0m[38;5;159m envs).[0m
[38;5;159m[Genesis] [06:35:25] [INFO] Running at [38;5;121m65.29[0m[38;5;159m FPS ([38;5;121m65.29[0m[38;5;159m FPS per env, [38;5;121m1[0m[38;5;159m envs).[0m
[38;5;159m[Genesis] [06:35:25] [INFO] Running at [38;5;121m65.27[0m[38;5;159m FPS ([38;5;121m65.27[0m[38;5;159m FPS per env, [38;5;121m1[0m[38;5;159m envs).[0m
[38;5;159m[Genesis] [06:35:25] [INFO] Running at [38;5;121m65.30[0m[38;5;159m FPS ([38;5;121m65.30[0m[38;5;159m FPS per env, [38;5;121m1[0m[38;5;159m envs).[0m
[38;5;159m[Genesis] [06:35:25] [INFO] Running at [38;5;121m65.25[0m[38;5;159m FPS ([38;5;121m65.25[0m[38;5;159m FPS per env, [38;5;121m1[0m[38;5;159m envs).[0m
[38;5;159m[Genesis] [06:35:25] [INFO] Running at [38;5;121m65.21[0m[38;5;159m FPS ([38;5;121m65.21[0m[38;5;159m FPS per env, [38;5;121m1[0m[38;5;159m envs).[0m
[38;5;159m[Genesis] [06:35:25] [INFO] Running at [38;5;121m65.13[0m[38;5;159m FPS ([38;5;121m65.13[0m[38;5;159m FPS per env, [38;5;121m1[0m[38;5;159m envs).[0m
[38;5;159m[Genesis] [06:35:26] [INFO] Running at [38;5;121m65.13[0m[38;5;159m FPS ([38;5;121m65.13[0m[38;5;159m FPS per env, [38;5;121m1[0m[38;5;159m envs).[0m
[38;5;159m[Genesis] [06:35:26] [INFO] Running at [38;5;121m65.02[0m[38;5;159m FPS ([38;5;121m65.02[0m[38;5;159m FPS per env, [38;5;121m1[0m[38;5;159m envs).[0m
[38;5;159m[Genesis] [06:35:26] [INFO] Running at [38;5;121m65.00[0m[38;5;159m FPS ([38;5;121m65.00[0m[38;5;159m FPS per env, [38;5;121m1[0m[38;5;159m envs).[0m
[38;5;159m[Genesis] [06:35:26] [INFO] Running at [38;5;121m64.90[0m[38;5;159m FPS ([38;5;121m64.90[0m[38;5;159m FPS per env, [38;5;121m1[0m[38;5;159m envs).[0m
[38;5;159m[Genesis] [06:35:26] [INFO] Running at [38;5;121m64.90[0m[38;5;159m FPS ([38;5;121m64.90[0m[38;5;159m FPS per env, [38;5;121m1[0m[38;5;159m envs).[0m
[38;5;159m[Genesis] [06:35:26] [INFO] Running at [38;5;121m64.88[0m[38;5;159m FPS ([38;5;121m64.88[0m[38;5;159m FPS per env, [38;5;121m1[0m[38;5;159m envs).[0m
[38;5;159m[Genesis] [06:35:26] [INFO] Running at [38;5;121m64.90[0m[38;5;159m FPS ([38;5;121m64.90[0m[38;5;159m FPS per env, [38;5;121m1[0m[38;5;159m envs).[0m
[38;5;159m[Genesis] [06:35:26] [INFO] Running at [38;5;121m64.84[0m[38;5;159m FPS ([38;5;121m64.84[0m[38;5;159m FPS per env, [38;5;121m1[0m[38;5;159m envs).[0m
[38;5;159m[Genesis] [06:35:26] [INFO] Running at [38;5;121m64.90[0m[38;5;159m FPS ([38;5;121m64.90[0m[38;5;159m FPS per env, [38;5;121m1[0m[38;5;159m envs).[0m
[38;5;159m[Genesis] [06:35:26] [INFO] Running at [38;5;121m64.90[0m[38;5;159m FPS ([38;5;121m64.90[0m[38;5;159m FPS per env, [38;5;121m1[0m[38;5;159m envs).[0m
[38;5;159m[Genesis] [06:35:26] [INFO] Running at [38;5;121m64.96[0m[38;5;159m FPS ([38;5;121m64.96[0m[38;5;159m FPS per env, [38;5;121m1[0m[38;5;159m envs).[0m
[38;5;159m[Genesis] [06:35:26] [INFO] Running at [38;5;121m64.94[0m[38;5;159m FPS ([38;5;121m64.94[0m[38;5;159m FPS per env, [38;5;121m1[0m[38;5;159m envs).[0m
[38;5;159m[Genesis] [06:35:26] [INFO] Running at [38;5;121m64.92[0m[38;5;159m FPS ([38;5;121m64.92[0m[38;5;159m FPS per env, [38;5;121m1[0m[38;5;159m envs).[0m
[38;5;159m[Genesis] [06:35:26] [INFO] Running at [38;5;121m64.79[0m[38;5;159m FPS ([38;5;121m64.79[0m[38;5;159m FPS per env, [38;5;121m1[0m[38;5;159m envs).[0m
[38;5;159m[Genesis] [06:35:26] [INFO] Running at [38;5;121m64.87[0m[38;5;159m FPS ([38;5;121m64.87[0m[38;5;159m FPS per env, [38;5;121m1[0m[38;5;159m envs).[0m
[38;5;159m[Genesis] [06:35:26] [INFO] Running at [38;5;121m64.89[0m[38;5;159m FPS ([38;5;121m64.89[0m[38;5;159m FPS per env, [38;5;121m1[0m[38;5;159m envs).[0m
[38;5;159m[Genesis] [06:35:27] [INFO] Running at [38;5;121m64.88[0m[38;5;159m FPS ([38;5;121m64.88[0m[38;5;159m FPS per env, [38;5;121m1[0m[38;5;159m envs).[0m
[38;5;159m[Genesis] [06:35:27] [INFO] Running at [38;5;121m64.79[0m[38;5;159m FPS ([38;5;121m64.79[0m[38;5;159m FPS per env, [38;5;121m1[0m[38;5;159m envs).[0m
[38;5;159m[Genesis] [06:35:27] [INFO] Running at [38;5;121m64.71[0m[38;5;159m FPS ([38;5;121m64.71[0m[38;5;159m FPS per env, [38;5;121m1[0m[38;5;159m envs).[0m
[38;5;159m[Genesis] [06:35:27] [INFO] Running at [38;5;121m64.77[0m[38;5;159m FPS ([38;5;121m64.77[0m[38;5;159m FPS per env, [38;5;121m1[0m[38;5;159m envs).[0m
[38;5;159m[Genesis] [06:35:27] [INFO] Running at [38;5;121m64.78[0m[38;5;159m FPS ([38;5;121m64.78[0m[38;5;159m FPS per env, [38;5;121m1[0m[38;5;159m envs).[0m
[38;5;159m[Genesis] [06:35:27] [INFO] Running at [38;5;121m64.87[0m[38;5;159m FPS ([38;5;121m64.87[0m[38;5;159m FPS per env, [38;5;121m1[0m[38;5;159m envs).[0m
[38;5;159m[Genesis] [06:35:27] [INFO] Running at [38;5;121m64.92[0m[38;5;159m FPS ([38;5;121m64.92[0m[38;5;159m FPS per env, [38;5;121m1[0m[38;5;159m envs).[0m
[38;5;159m[Genesis] [06:35:27] [INFO] Running at [38;5;121m64.91[0m[38;5;159m FPS ([38;5;121m64.91[0m[38;5;159m FPS per env, [38;5;121m1[0m[38;5;159m envs).[0m
[38;5;159m[Genesis] [06:35:27] [INFO] Running at [38;5;121m64.87[0m[38;5;159m FPS ([38;5;121m64.87[0m[38;5;159m FPS per env, [38;5;121m1[0m[38;5;159m envs).[0m
[38;5;159m[Genesis] [06:35:27] [INFO] Running at [38;5;121m64.94[0m[38;5;159m FPS ([38;5;121m64.94[0m[38;5;159m FPS per env, [38;5;121m1[0m[38;5;159m envs).[0m
[38;5;159m[Genesis] [06:35:27] [INFO] Running at [38;5;121m64.92[0m[38;5;159m FPS ([38;5;121m64.92[0m[38;5;159m FPS per env, [38;5;121m1[0m[38;5;159m envs).[0m
[38;5;159m[Genesis] [06:35:27] [INFO] Running at [38;5;121m64.91[0m[38;5;159m FPS ([38;5;121m64.91[0m[38;5;159m FPS per env, [38;5;121m1[0m[38;5;159m envs).[0m
[38;5;159m[Genesis] [06:35:27] [INFO] Running at [38;5;121m64.72[0m[38;5;159m FPS ([38;5;121m64.72[0m[38;5;159m FPS per env, [38;5;121m1[0m[38;5;159m envs).[0m
[38;5;159m[Genesis] [06:35:27] [INFO] Running at [38;5;121m64.74[0m[38;5;159m FPS ([38;5;121m64.74[0m[38;5;159m FPS per env, [38;5;121m1[0m[38;5;159m envs).[0m
[38;5;159m[Genesis] [06:35:27] [INFO] Running at [38;5;121m64.75[0m[38;5;159m FPS ([38;5;121m64.75[0m[38;5;159m FPS per env, [38;5;121m1[0m[38;5;159m envs).[0m
[38;5;159m[Genesis] [06:35:27] [INFO] Running at [38;5;121m64.80[0m[38;5;159m FPS ([38;5;121m64.80[0m[38;5;159m FPS per env, [38;5;121m1[0m[38;5;159m envs).[0m
[38;5;159m[Genesis] [06:35:28] [INFO] Running at [38;5;121m64.84[0m[38;5;159m FPS ([38;5;121m64.84[0m[38;5;159m FPS per env, [38;5;121m1[0m[38;5;159m envs).[0m
[38;5;159m[Genesis] [06:35:28] [INFO] Running at [38;5;121m64.93[0m[38;5;159m FPS ([38;5;121m64.93[0m[38;5;159m FPS per env, [38;5;121m1[0m[38;5;159m envs).[0m
[38;5;159m[Genesis] [06:35:28] [INFO] Running at [38;5;121m64.90[0m[38;5;159m FPS ([38;5;121m64.90[0m[38;5;159m FPS per env, [38;5;121m1[0m[38;5;159m envs).[0m
[38;5;159m[Genesis] [06:35:28] [INFO] Running at [38;5;121m64.96[0m[38;5;159m FPS ([38;5;121m64.96[0m[38;5;159m FPS per env, [38;5;121m1[0m[38;5;159m envs).[0m
[38;5;159m[Genesis] [06:35:28] [INFO] Running at [38;5;121m65.00[0m[38;5;159m FPS ([38;5;121m65.00[0m[38;5;159m FPS per env, [38;5;121m1[0m[38;5;159m envs).[0m
[38;5;159m[Genesis] [06:35:28] [INFO] Running at [38;5;121m65.08[0m[38;5;159m FPS ([38;5;121m65.08[0m[38;5;159m FPS per env, [38;5;121m1[0m[38;5;159m envs).[0m
[38;5;159m[Genesis] [06:35:28] [INFO] Running at [38;5;121m65.09[0m[38;5;159m FPS ([38;5;121m65.09[0m[38;5;159m FPS per env, [38;5;121m1[0m[38;5;159m envs).[0m
[38;5;159m[Genesis] [06:35:28] [INFO] Running at [38;5;121m65.03[0m[38;5;159m FPS ([38;5;121m65.03[0m[38;5;159m FPS per env, [38;5;121m1[0m[38;5;159m envs).[0m
[38;5;159m[Genesis] [06:35:28] [INFO] Running at [38;5;121m64.99[0m[38;5;159m FPS ([38;5;121m64.99[0m[38;5;159m FPS per env, [38;5;121m1[0m[38;5;159m envs).[0m
[38;5;159m[Genesis] [06:35:28] [INFO] Running at [38;5;121m65.03[0m[38;5;159m FPS ([38;5;121m65.03[0m[38;5;159m FPS per env, [38;5;121m1[0m[38;5;159m envs).[0m
[38;5;159m[Genesis] [06:35:28] [INFO] Running at [38;5;121m65.00[0m[38;5;159m FPS ([38;5;121m65.00[0m[38;5;159m FPS per env, [38;5;121m1[0m[38;5;159m envs).[0m
[38;5;159m[Genesis] [06:35:28] [INFO] Running at [38;5;121m65.03[0m[38;5;159m FPS ([38;5;121m65.03[0m[38;5;159m FPS per env, [38;5;121m1[0m[38;5;159m envs).[0m
[38;5;159m[Genesis] [06:35:28] [INFO] Running at [38;5;121m64.92[0m[38;5;159m FPS ([38;5;121m64.92[0m[38;5;159m FPS per env, [38;5;121m1[0m[38;5;159m envs).[0m
[38;5;159m[Genesis] [06:35:28] [INFO] Running at [38;5;121m64.94[0m[38;5;159m FPS ([38;5;121m64.94[0m[38;5;159m FPS per env, [38;5;121m1[0m[38;5;159m envs).[0m
[38;5;159m[Genesis] [06:35:28] [INFO] Running at [38;5;121m64.98[0m[38;5;159m FPS ([38;5;121m64.98[0m[38;5;159m FPS per env, [38;5;121m1[0m[38;5;159m envs).[0m
[38;5;159m[Genesis] [06:35:28] [INFO] Running at [38;5;121m65.05[0m[38;5;159m FPS ([38;5;121m65.05[0m[38;5;159m FPS per env, [38;5;121m1[0m[38;5;159m envs).[0m
[38;5;159m[Genesis] [06:35:29] [INFO] Running at [38;5;121m65.06[0m[38;5;159m FPS ([38;5;121m65.06[0m[38;5;159m FPS per env, [38;5;121m1[0m[38;5;159m envs).[0m
[38;5;159m[Genesis] [06:35:29] [INFO] Running at [38;5;121m65.11[0m[38;5;159m FPS ([38;5;121m65.11[0m[38;5;159m FPS per env, [38;5;121m1[0m[38;5;159m envs).[0m
[38;5;159m[Genesis] [06:35:29] [INFO] Running at [38;5;121m65.21[0m[38;5;159m FPS ([38;5;121m65.21[0m[38;5;159m FPS per env, [38;5;121m1[0m[38;5;159m envs).[0m
[38;5;159m[Genesis] [06:35:29] [INFO] Running at [38;5;121m65.23[0m[38;5;159m FPS ([38;5;121m65.23[0m[38;5;159m FPS per env, [38;5;121m1[0m[38;5;159m envs).[0m
[38;5;159m[Genesis] [06:35:29] [INFO] Running at [38;5;121m65.27[0m[38;5;159m FPS ([38;5;121m65.27[0m[38;5;159m FPS per env, [38;5;121m1[0m[38;5;159m envs).[0m
[38;5;159m[Genesis] [06:35:29] [INFO] Running at [38;5;121m65.27[0m[38;5;159m FPS ([38;5;121m65.27[0m[38;5;159m FPS per env, [38;5;121m1[0m[38;5;159m envs).[0m
[38;5;159m[Genesis] [06:35:29] [INFO] Running at [38;5;121m65.24[0m[38;5;159m FPS ([38;5;121m65.24[0m[38;5;159m FPS per env, [38;5;121m1[0m[38;5;159m envs).[0m
[38;5;159m[Genesis] [06:35:29] [INFO] Running at [38;5;121m65.23[0m[38;5;159m FPS ([38;5;121m65.23[0m[38;5;159m FPS per env, [38;5;121m1[0m[38;5;159m envs).[0m
[38;5;159m[Genesis] [06:35:29] [INFO] Running at [38;5;121m65.12[0m[38;5;159m FPS ([38;5;121m65.12[0m[38;5;159m FPS per env, [38;5;121m1[0m[38;5;159m envs).[0m
[38;5;159m[Genesis] [06:35:29] [INFO] Running at [38;5;121m65.10[0m[38;5;159m FPS ([38;5;121m65.10[0m[38;5;159m FPS per env, [38;5;121m1[0m[38;5;159m envs).[0m
[38;5;159m[Genesis] [06:35:29] [INFO] Running at [38;5;121m65.13[0m[38;5;159m FPS ([38;5;121m65.13[0m[38;5;159m FPS per env, [38;5;121m1[0m[38;5;159m envs).[0m
[38;5;159m[Genesis] [06:35:29] [INFO] Running at [38;5;121m65.10[0m[38;5;159m FPS ([38;5;121m65.10[0m[38;5;159m FPS per env, [38;5;121m1[0m[38;5;159m envs).[0m
[38;5;159m[Genesis] [06:35:29] [INFO] Running at [38;5;121m65.04[0m[38;5;159m FPS ([38;5;121m65.04[0m[38;5;159m FPS per env, [38;5;121m1[0m[38;5;159m envs).[0m
[38;5;159m[Genesis] [06:35:29] [INFO] Running at [38;5;121m64.97[0m[38;5;159m FPS ([38;5;121m64.97[0m[38;5;159m FPS per env, [38;5;121m1[0m[38;5;159m envs).[0m
[38;5;159m[Genesis] [06:35:29] [INFO] Running at [38;5;121m64.97[0m[38;5;159m FPS ([38;5;121m64.97[0m[38;5;159m FPS per env, [38;5;121m1[0m[38;5;159m envs).[0m
[38;5;159m[Genesis] [06:35:29] [INFO] Running at [38;5;121m64.93[0m[38;5;159m FPS ([38;5;121m64.93[0m[38;5;159m FPS per env, [38;5;121m1[0m[38;5;159m envs).[0m
[38;5;159m[Genesis] [06:35:29] [INFO] Running at [38;5;121m64.89[0m[38;5;159m FPS ([38;5;121m64.89[0m[38;5;159m FPS per env, [38;5;121m1[0m[38;5;159m envs).[0m
[38;5;159m[Genesis] [06:35:30] [INFO] Running at [38;5;121m64.87[0m[38;5;159m FPS ([38;5;121m64.87[0m[38;5;159m FPS per env, [38;5;121m1[0m[38;5;159m envs).[0m
[38;5;159m[Genesis] [06:35:30] [INFO] Running at [38;5;121m64.92[0m[38;5;159m FPS ([38;5;121m64.92[0m[38;5;159m FPS per env, [38;5;121m1[0m[38;5;159m envs).[0m
[38;5;159m[Genesis] [06:35:30] [INFO] Running at [38;5;121m64.91[0m[38;5;159m FPS ([38;5;121m64.91[0m[38;5;159m FPS per env, [38;5;121m1[0m[38;5;159m envs).[0m
[38;5;159m[Genesis] [06:35:30] [INFO] Running at [38;5;121m64.92[0m[38;5;159m FPS ([38;5;121m64.92[0m[38;5;159m FPS per env, [38;5;121m1[0m[38;5;159m envs).[0m
[38;5;159m[Genesis] [06:35:30] [INFO] Running at [38;5;121m64.85[0m[38;5;159m FPS ([38;5;121m64.85[0m[38;5;159m FPS per env, [38;5;121m1[0m[38;5;159m envs).[0m
[38;5;159m[Genesis] [06:35:30] [INFO] Running at [38;5;121m64.84[0m[38;5;159m FPS ([38;5;121m64.84[0m[38;5;159m FPS per env, [38;5;121m1[0m[38;5;159m envs).[0m
[38;5;159m[Genesis] [06:35:30] [INFO] Running at [38;5;121m64.82[0m[38;5;159m FPS ([38;5;121m64.82[0m[38;5;159m FPS per env, [38;5;121m1[0m[38;5;159m envs).[0m
[38;5;159m[Genesis] [06:35:30] [INFO] Running at [38;5;121m64.80[0m[38;5;159m FPS ([38;5;121m64.80[0m[38;5;159m FPS per env, [38;5;121m1[0m[38;5;159m envs).[0m
[38;5;159m[Genesis] [06:35:30] [INFO] Running at [38;5;121m64.83[0m[38;5;159m FPS ([38;5;121m64.83[0m[38;5;159m FPS per env, [38;5;121m1[0m[38;5;159m envs).[0m
[38;5;159m[Genesis] [06:35:30] [INFO] Running at [38;5;121m64.87[0m[38;5;159m FPS ([38;5;121m64.87[0m[38;5;159m FPS per env, [38;5;121m1[0m[38;5;159m envs).[0m
[38;5;159m[Genesis] [06:35:30] [INFO] Running at [38;5;121m64.90[0m[38;5;159m FPS ([38;5;121m64.90[0m[38;5;159m FPS per env, [38;5;121m1[0m[38;5;159m envs).[0m
[38;5;159m[Genesis] [06:35:30] [INFO] Running at [38;5;121m64.88[0m[38;5;159m FPS ([38;5;121m64.88[0m[38;5;159m FPS per env, [38;5;121m1[0m[38;5;159m envs).[0m
[38;5;159m[Genesis] [06:35:30] [INFO] Running at [38;5;121m64.77[0m[38;5;159m FPS ([38;5;121m64.77[0m[38;5;159m FPS per env, [38;5;121m1[0m[38;5;159m envs).[0m
[38;5;159m[Genesis] [06:35:30] [INFO] Running at [38;5;121m64.80[0m[38;5;159m FPS ([38;5;121m64.80[0m[38;5;159m FPS per env, [38;5;121m1[0m[38;5;159m envs).[0m
[38;5;159m[Genesis] [06:35:30] [INFO] Running at [38;5;121m64.85[0m[38;5;159m FPS ([38;5;121m64.85[0m[38;5;159m FPS per env, [38;5;121m1[0m[38;5;159m envs).[0m
[38;5;159m[Genesis] [06:35:30] [INFO] Running at [38;5;121m64.75[0m[38;5;159m FPS ([38;5;121m64.75[0m[38;5;159m FPS per env, [38;5;121m1[0m[38;5;159m envs).[0m
[38;5;159m[Genesis] [06:35:31] [INFO] Running at [38;5;121m64.75[0m[38;5;159m FPS ([38;5;121m64.75[0m[38;5;159m FPS per env, [38;5;121m1[0m[38;5;159m envs).[0m
[38;5;159m[Genesis] [06:35:31] [INFO] Running at [38;5;121m64.72[0m[38;5;159m FPS ([38;5;121m64.72[0m[38;5;159m FPS per env, [38;5;121m1[0m[38;5;159m envs).[0m
[38;5;159m[Genesis] [06:35:31] [INFO] Running at [38;5;121m64.74[0m[38;5;159m FPS ([38;5;121m64.74[0m[38;5;159m FPS per env, [38;5;121m1[0m[38;5;159m envs).[0m
[38;5;159m[Genesis] [06:35:31] [INFO] Running at [38;5;121m64.69[0m[38;5;159m FPS ([38;5;121m64.69[0m[38;5;159m FPS per env, [38;5;121m1[0m[38;5;159m envs).[0m
[38;5;159m[Genesis] [06:35:31] [INFO] Running at [38;5;121m64.53[0m[38;5;159m FPS ([38;5;121m64.53[0m[38;5;159m FPS per env, [38;5;121m1[0m[38;5;159m envs).[0m
[38;5;159m[Genesis] [06:35:31] [INFO] Running at [38;5;121m64.47[0m[38;5;159m FPS ([38;5;121m64.47[0m[38;5;159m FPS per env, [38;5;121m1[0m[38;5;159m envs).[0m
[38;5;159m[Genesis] [06:35:31] [INFO] Running at [38;5;121m64.43[0m[38;5;159m FPS ([38;5;121m64.43[0m[38;5;159m FPS per env, [38;5;121m1[0m[38;5;159m envs).[0m
[38;5;159m[Genesis] [06:35:31] [INFO] Running at [38;5;121m64.45[0m[38;5;159m FPS ([38;5;121m64.45[0m[38;5;159m FPS per env, [38;5;121m1[0m[38;5;159m envs).[0m
[38;5;159m[Genesis] [06:35:31] [INFO] Running at [38;5;121m64.39[0m[38;5;159m FPS ([38;5;121m64.39[0m[38;5;159m FPS per env, [38;5;121m1[0m[38;5;159m envs).[0m
[38;5;159m[Genesis] [06:35:31] [INFO] Running at [38;5;121m64.45[0m[38;5;159m FPS ([38;5;121m64.45[0m[38;5;159m FPS per env, [38;5;121m1[0m[38;5;159m envs).[0m
[38;5;159m[Genesis] [06:35:31] [INFO] Running at [38;5;121m64.46[0m[38;5;159m FPS ([38;5;121m64.46[0m[38;5;159m FPS per env, [38;5;121m1[0m[38;5;159m envs).[0m
[38;5;159m[Genesis] [06:35:31] [INFO] Running at [38;5;121m64.48[0m[38;5;159m FPS ([38;5;121m64.48[0m[38;5;159m FPS per env, [38;5;121m1[0m[38;5;159m envs).[0m
[38;5;159m[Genesis] [06:35:31] [INFO] Running at [38;5;121m64.48[0m[38;5;159m FPS ([38;5;121m64.48[0m[38;5;159m FPS per env, [38;5;121m1[0m[38;5;159m envs).[0m
[38;5;159m[Genesis] [06:35:31] [INFO] Running at [38;5;121m64.51[0m[38;5;159m FPS ([38;5;121m64.51[0m[38;5;159m FPS per env, [38;5;121m1[0m[38;5;159m envs).[0m
[38;5;159m[Genesis] [06:35:31] [INFO] Running at [38;5;121m64.52[0m[38;5;159m FPS ([38;5;121m64.52[0m[38;5;159m FPS per env, [38;5;121m1[0m[38;5;159m envs).[0m
[38;5;159m[Genesis] [06:35:31] [INFO] Running at [38;5;121m64.57[0m[38;5;159m FPS ([38;5;121m64.57[0m[38;5;159m FPS per env, [38;5;121m1[0m[38;5;159m envs).[0m
[38;5;159m[Genesis] [06:35:32] [INFO] Running at [38;5;121m64.63[0m[38;5;159m FPS ([38;5;121m64.63[0m[38;5;159m FPS per env, [38;5;121m1[0m[38;5;159m envs).[0m
[38;5;159m[Genesis] [06:35:32] [INFO] Running at [38;5;121m64.41[0m[38;5;159m FPS ([38;5;121m64.41[0m[38;5;159m FPS per env, [38;5;121m1[0m[38;5;159m envs).[0m
[38;5;159m[Genesis] [06:35:32] [INFO] Running at [38;5;121m64.48[0m[38;5;159m FPS ([38;5;121m64.48[0m[38;5;159m FPS per env, [38;5;121m1[0m[38;5;159m envs).[0m
[38;5;159m[Genesis] [06:35:32] [INFO] Running at [38;5;121m64.46[0m[38;5;159m FPS ([38;5;121m64.46[0m[38;5;159m FPS per env, [38;5;121m1[0m[38;5;159m envs).[0m
[38;5;159m[Genesis] [06:35:32] [INFO] Running at [38;5;121m64.49[0m[38;5;159m FPS ([38;5;121m64.49[0m[38;5;159m FPS per env, [38;5;121m1[0m[38;5;159m envs).[0m
[38;5;159m[Genesis] [06:35:32] [INFO] Running at [38;5;121m64.49[0m[38;5;159m FPS ([38;5;121m64.49[0m[38;5;159m FPS per env, [38;5;121m1[0m[38;5;159m envs).[0m
[38;5;159m[Genesis] [06:35:32] [INFO] Running at [38;5;121m64.53[0m[38;5;159m FPS ([38;5;121m64.53[0m[38;5;159m FPS per env, [38;5;121m1[0m[38;5;159m envs).[0m
[38;5;159m[Genesis] [06:35:32] [INFO] Running at [38;5;121m64.52[0m[38;5;159m FPS ([38;5;121m64.52[0m[38;5;159m FPS per env, [38;5;121m1[0m[38;5;159m envs).[0m
[38;5;159m[Genesis] [06:35:32] [INFO] Running at [38;5;121m64.55[0m[38;5;159m FPS ([38;5;121m64.55[0m[38;5;159m FPS per env, [38;5;121m1[0m[38;5;159m envs).[0m
[38;5;159m[Genesis] [06:35:32] [INFO] Running at [38;5;121m64.58[0m[38;5;159m FPS ([38;5;121m64.58[0m[38;5;159m FPS per env, [38;5;121m1[0m[38;5;159m envs).[0m
[38;5;159m[Genesis] [06:35:32] [INFO] Running at [38;5;121m64.67[0m[38;5;159m FPS ([38;5;121m64.67[0m[38;5;159m FPS per env, [38;5;121m1[0m[38;5;159m envs).[0m
[38;5;159m[Genesis] [06:35:32] [INFO] Running at [38;5;121m64.60[0m[38;5;159m FPS ([38;5;121m64.60[0m[38;5;159m FPS per env, [38;5;121m1[0m[38;5;159m envs).[0m
[38;5;159m[Genesis] [06:35:32] [INFO] Running at [38;5;121m64.62[0m[38;5;159m FPS ([38;5;121m64.62[0m[38;5;159m FPS per env, [38;5;121m1[0m[38;5;159m envs).[0m
[38;5;159m[Genesis] [06:35:32] [INFO] Running at [38;5;121m64.59[0m[38;5;159m FPS ([38;5;121m64.59[0m[38;5;159m FPS per env, [38;5;121m1[0m[38;5;159m envs).[0m
[38;5;159m[Genesis] [06:35:32] [INFO] Running at [38;5;121m64.57[0m[38;5;159m FPS ([38;5;121m64.57[0m[38;5;159m FPS per env, [38;5;121m1[0m[38;5;159m envs).[0m
[38;5;159m[Genesis] [06:35:32] [INFO] Running at [38;5;121m64.58[0m[38;5;159m FPS ([38;5;121m64.58[0m[38;5;159m FPS per env, [38;5;121m1[0m[38;5;159m envs).[0m
[38;5;159m[Genesis] [06:35:33] [INFO] Running at [38;5;121m64.56[0m[38;5;159m FPS ([38;5;121m64.56[0m[38;5;159m FPS per env, [38;5;121m1[0m[38;5;159m envs).[0m
[38;5;159m[Genesis] [06:35:33] [INFO] Running at [38;5;121m64.57[0m[38;5;159m FPS ([38;5;121m64.57[0m[38;5;159m FPS per env, [38;5;121m1[0m[38;5;159m envs).[0m
[38;5;159m[Genesis] [06:35:33] [INFO] Running at [38;5;121m64.55[0m[38;5;159m FPS ([38;5;121m64.55[0m[38;5;159m FPS per env, [38;5;121m1[0m[38;5;159m envs).[0m
[38;5;159m[Genesis] [06:35:33] [INFO] Running at [38;5;121m64.60[0m[38;5;159m FPS ([38;5;121m64.60[0m[38;5;159m FPS per env, [38;5;121m1[0m[38;5;159m envs).[0m
[38;5;159m[Genesis] [06:35:33] [INFO] Running at [38;5;121m64.59[0m[38;5;159m FPS ([38;5;121m64.59[0m[38;5;159m FPS per env, [38;5;121m1[0m[38;5;159m envs).[0m
[38;5;159m[Genesis] [06:35:33] [INFO] Running at [38;5;121m64.64[0m[38;5;159m FPS ([38;5;121m64.64[0m[38;5;159m FPS per env, [38;5;121m1[0m[38;5;159m envs).[0m
[38;5;159m[Genesis] [06:35:33] [INFO] Running at [38;5;121m64.57[0m[38;5;159m FPS ([38;5;121m64.57[0m[38;5;159m FPS per env, [38;5;121m1[0m[38;5;159m envs).[0m
[38;5;159m[Genesis] [06:35:33] [INFO] Running at [38;5;121m64.46[0m[38;5;159m FPS ([38;5;121m64.46[0m[38;5;159m FPS per env, [38;5;121m1[0m[38;5;159m envs).[0m
[38;5;159m[Genesis] [06:35:33] [INFO] Running at [38;5;121m64.46[0m[38;5;159m FPS ([38;5;121m64.46[0m[38;5;159m FPS per env, [38;5;121m1[0m[38;5;159m envs).[0m
[38;5;159m[Genesis] [06:35:33] [INFO] Running at [38;5;121m64.50[0m[38;5;159m FPS ([38;5;121m64.50[0m[38;5;159m FPS per env, [38;5;121m1[0m[38;5;159m envs).[0m
[38;5;159m[Genesis] [06:35:33] [INFO] Running at [38;5;121m64.46[0m[38;5;159m FPS ([38;5;121m64.46[0m[38;5;159m FPS per env, [38;5;121m1[0m[38;5;159m envs).[0m
[38;5;159m[Genesis] [06:35:33] [INFO] Running at [38;5;121m64.46[0m[38;5;159m FPS ([38;5;121m64.46[0m[38;5;159m FPS per env, [38;5;121m1[0m[38;5;159m envs).[0m
[38;5;159m[Genesis] [06:35:33] [INFO] Running at [38;5;121m64.33[0m[38;5;159m FPS ([38;5;121m64.33[0m[38;5;159m FPS per env, [38;5;121m1[0m[38;5;159m envs).[0m
[38;5;159m[Genesis] [06:35:33] [INFO] Running at [38;5;121m64.32[0m[38;5;159m FPS ([38;5;121m64.32[0m[38;5;159m FPS per env, [38;5;121m1[0m[38;5;159m envs).[0m
[38;5;159m[Genesis] [06:35:33] [INFO] Running at [38;5;121m64.29[0m[38;5;159m FPS ([38;5;121m64.29[0m[38;5;159m FPS per env, [38;5;121m1[0m[38;5;159m envs).[0m
[38;5;159m[Genesis] [06:35:33] [INFO] Running at [38;5;121m64.24[0m[38;5;159m FPS ([38;5;121m64.24[0m[38;5;159m FPS per env, [38;5;121m1[0m[38;5;159m envs).[0m
[38;5;159m[Genesis] [06:35:34] [INFO] Running at [38;5;121m64.24[0m[38;5;159m FPS ([38;5;121m64.24[0m[38;5;159m FPS per env, [38;5;121m1[0m[38;5;159m envs).[0m
[38;5;159m[Genesis] [06:35:34] [INFO] Running at [38;5;121m64.20[0m[38;5;159m FPS ([38;5;121m64.20[0m[38;5;159m FPS per env, [38;5;121m1[0m[38;5;159m envs).[0m
[38;5;159m[Genesis] [06:35:34] [INFO] Running at [38;5;121m64.18[0m[38;5;159m FPS ([38;5;121m64.18[0m[38;5;159m FPS per env, [38;5;121m1[0m[38;5;159m envs).[0m
[38;5;159m[Genesis] [06:35:34] [INFO] Running at [38;5;121m64.21[0m[38;5;159m FPS ([38;5;121m64.21[0m[38;5;159m FPS per env, [38;5;121m1[0m[38;5;159m envs).[0m
[38;5;159m[Genesis] [06:35:34] [INFO] Running at [38;5;121m64.19[0m[38;5;159m FPS ([38;5;121m64.19[0m[38;5;159m FPS per env, [38;5;121m1[0m[38;5;159m envs).[0m
[38;5;159m[Genesis] [06:35:34] [INFO] Running at [38;5;121m64.18[0m[38;5;159m FPS ([38;5;121m64.18[0m[38;5;159m FPS per env, [38;5;121m1[0m[38;5;159m envs).[0m
[38;5;159m[Genesis] [06:35:34] [INFO] Running at [38;5;121m64.13[0m[38;5;159m FPS ([38;5;121m64.13[0m[38;5;159m FPS per env, [38;5;121m1[0m[38;5;159m envs).[0m
[38;5;159m[Genesis] [06:35:34] [INFO] Running at [38;5;121m64.09[0m[38;5;159m FPS ([38;5;121m64.09[0m[38;5;159m FPS per env, [38;5;121m1[0m[38;5;159m envs).[0m
[38;5;159m[Genesis] [06:35:34] [INFO] Running at [38;5;121m64.08[0m[38;5;159m FPS ([38;5;121m64.08[0m[38;5;159m FPS per env, [38;5;121m1[0m[38;5;159m envs).[0m
[38;5;159m[Genesis] [06:35:34] [INFO] Running at [38;5;121m64.12[0m[38;5;159m FPS ([38;5;121m64.12[0m[38;5;159m FPS per env, [38;5;121m1[0m[38;5;159m envs).[0m
[38;5;159m[Genesis] [06:35:34] [INFO] Running at [38;5;121m64.12[0m[38;5;159m FPS ([38;5;121m64.12[0m[38;5;159m FPS per env, [38;5;121m1[0m[38;5;159m envs).[0m
[38;5;159m[Genesis] [06:35:34] [INFO] Running at [38;5;121m64.13[0m[38;5;159m FPS ([38;5;121m64.13[0m[38;5;159m FPS per env, [38;5;121m1[0m[38;5;159m envs).[0m
[38;5;159m[Genesis] [06:35:34] [INFO] Running at [38;5;121m64.00[0m[38;5;159m FPS ([38;5;121m64.00[0m[38;5;159m FPS per env, [38;5;121m1[0m[38;5;159m envs).[0m
[38;5;159m[Genesis] [06:35:34] [INFO] Running at [38;5;121m64.07[0m[38;5;159m FPS ([38;5;121m64.07[0m[38;5;159m FPS per env, [38;5;121m1[0m[38;5;159m envs).[0m
[38;5;159m[Genesis] [06:35:34] [INFO] Running at [38;5;121m64.07[0m[38;5;159m FPS ([38;5;121m64.07[0m[38;5;159m FPS per env, [38;5;121m1[0m[38;5;159m envs).[0m
[38;5;159m[Genesis] [06:35:34] [INFO] Running at [38;5;121m64.09[0m[38;5;159m FPS ([38;5;121m64.09[0m[38;5;159m FPS per env, [38;5;121m1[0m[38;5;159m envs).[0m
[38;5;159m[Genesis] [06:35:35] [INFO] Running at [38;5;121m64.13[0m[38;5;159m FPS ([38;5;121m64.13[0m[38;5;159m FPS per env, [38;5;121m1[0m[38;5;159m envs).[0m
[38;5;159m[Genesis] [06:35:35] [INFO] Running at [38;5;121m64.23[0m[38;5;159m FPS ([38;5;121m64.23[0m[38;5;159m FPS per env, [38;5;121m1[0m[38;5;159m envs).[0m
[38;5;159m[Genesis] [06:35:35] [INFO] Running at [38;5;121m64.26[0m[38;5;159m FPS ([38;5;121m64.26[0m[38;5;159m FPS per env, [38;5;121m1[0m[38;5;159m envs).[0m
[38;5;159m[Genesis] [06:35:35] [INFO] Running at [38;5;121m64.32[0m[38;5;159m FPS ([38;5;121m64.32[0m[38;5;159m FPS per env, [38;5;121m1[0m[38;5;159m envs).[0m
[38;5;159m[Genesis] [06:35:35] [INFO] Running at [38;5;121m64.32[0m[38;5;159m FPS ([38;5;121m64.32[0m[38;5;159m FPS per env, [38;5;121m1[0m[38;5;159m envs).[0m
[38;5;159m[Genesis] [06:35:35] [INFO] Running at [38;5;121m64.37[0m[38;5;159m FPS ([38;5;121m64.37[0m[38;5;159m FPS per env, [38;5;121m1[0m[38;5;159m envs).[0m
[38;5;159m[Genesis] [06:35:35] [INFO] Running at [38;5;121m64.38[0m[38;5;159m FPS ([38;5;121m64.38[0m[38;5;159m FPS per env, [38;5;121m1[0m[38;5;159m envs).[0m
[38;5;159m[Genesis] [06:35:35] [INFO] Running at [38;5;121m64.43[0m[38;5;159m FPS ([38;5;121m64.43[0m[38;5;159m FPS per env, [38;5;121m1[0m[38;5;159m envs).[0m
[38;5;159m[Genesis] [06:35:35] [INFO] Running at [38;5;121m64.46[0m[38;5;159m FPS ([38;5;121m64.46[0m[38;5;159m FPS per env, [38;5;121m1[0m[38;5;159m envs).[0m
[38;5;159m[Genesis] [06:35:35] [INFO] Running at [38;5;121m64.54[0m[38;5;159m FPS ([38;5;121m64.54[0m[38;5;159m FPS per env, [38;5;121m1[0m[38;5;159m envs).[0m
[38;5;159m[Genesis] [06:35:35] [INFO] Running at [38;5;121m64.62[0m[38;5;159m FPS ([38;5;121m64.62[0m[38;5;159m FPS per env, [38;5;121m1[0m[38;5;159m envs).[0m
[38;5;159m[Genesis] [06:35:35] [INFO] Running at [38;5;121m64.71[0m[38;5;159m FPS ([38;5;121m64.71[0m[38;5;159m FPS per env, [38;5;121m1[0m[38;5;159m envs).[0m
[38;5;159m[Genesis] [06:35:35] [INFO] Running at [38;5;121m64.68[0m[38;5;159m FPS ([38;5;121m64.68[0m[38;5;159m FPS per env, [38;5;121m1[0m[38;5;159m envs).[0m
[38;5;159m[Genesis] [06:35:35] [INFO] Running at [38;5;121m64.69[0m[38;5;159m FPS ([38;5;121m64.69[0m[38;5;159m FPS per env, [38;5;121m1[0m[38;5;159m envs).[0m
[38;5;159m[Genesis] [06:35:35] [INFO] Running at [38;5;121m64.74[0m[38;5;159m FPS ([38;5;121m64.74[0m[38;5;159m FPS per env, [38;5;121m1[0m[38;5;159m envs).[0m
[38;5;159m[Genesis] [06:35:35] [INFO] Running at [38;5;121m64.84[0m[38;5;159m FPS ([38;5;121m64.84[0m[38;5;159m FPS per env, [38;5;121m1[0m[38;5;159m envs).[0m
[38;5;159m[Genesis] [06:35:36] [INFO] Running at [38;5;121m64.90[0m[38;5;159m FPS ([38;5;121m64.90[0m[38;5;159m FPS per env, [38;5;121m1[0m[38;5;159m envs).[0m
[38;5;159m[Genesis] [06:35:36] [INFO] Running at [38;5;121m64.83[0m[38;5;159m FPS ([38;5;121m64.83[0m[38;5;159m FPS per env, [38;5;121m1[0m[38;5;159m envs).[0m
[38;5;159m[Genesis] [06:35:36] [INFO] Running at [38;5;121m64.84[0m[38;5;159m FPS ([38;5;121m64.84[0m[38;5;159m FPS per env, [38;5;121m1[0m[38;5;159m envs).[0m
[38;5;159m[Genesis] [06:35:36] [INFO] Running at [38;5;121m64.93[0m[38;5;159m FPS ([38;5;121m64.93[0m[38;5;159m FPS per env, [38;5;121m1[0m[38;5;159m envs).[0m
[38;5;159m[Genesis] [06:35:36] [INFO] Running at [38;5;121m64.93[0m[38;5;159m FPS ([38;5;121m64.93[0m[38;5;159m FPS per env, [38;5;121m1[0m[38;5;159m envs).[0m
[38;5;159m[Genesis] [06:35:36] [INFO] Running at [38;5;121m64.88[0m[38;5;159m FPS ([38;5;121m64.88[0m[38;5;159m FPS per env, [38;5;121m1[0m[38;5;159m envs).[0m
[38;5;159m[Genesis] [06:35:36] [INFO] Running at [38;5;121m64.92[0m[38;5;159m FPS ([38;5;121m64.92[0m[38;5;159m FPS per env, [38;5;121m1[0m[38;5;159m envs).[0m
[38;5;159m[Genesis] [06:35:36] [INFO] Running at [38;5;121m64.91[0m[38;5;159m FPS ([38;5;121m64.91[0m[38;5;159m FPS per env, [38;5;121m1[0m[38;5;159m envs).[0m
[38;5;159m[Genesis] [06:35:36] [INFO] Running at [38;5;121m64.96[0m[38;5;159m FPS ([38;5;121m64.96[0m[38;5;159m FPS per env, [38;5;121m1[0m[38;5;159m envs).[0m
[38;5;159m[Genesis] [06:35:36] [INFO] Running at [38;5;121m64.92[0m[38;5;159m FPS ([38;5;121m64.92[0m[38;5;159m FPS per env, [38;5;121m1[0m[38;5;159m envs).[0m
[38;5;159m[Genesis] [06:35:36] [INFO] Running at [38;5;121m64.95[0m[38;5;159m FPS ([38;5;121m64.95[0m[38;5;159m FPS per env, [38;5;121m1[0m[38;5;159m envs).[0m
[38;5;159m[Genesis] [06:35:36] [INFO] Running at [38;5;121m64.95[0m[38;5;159m FPS ([38;5;121m64.95[0m[38;5;159m FPS per env, [38;5;121m1[0m[38;5;159m envs).[0m
[38;5;159m[Genesis] [06:35:36] [INFO] Running at [38;5;121m64.94[0m[38;5;159m FPS ([38;5;121m64.94[0m[38;5;159m FPS per env, [38;5;121m1[0m[38;5;159m envs).[0m
[38;5;159m[Genesis] [06:35:36] [INFO] Running at [38;5;121m64.97[0m[38;5;159m FPS ([38;5;121m64.97[0m[38;5;159m FPS per env, [38;5;121m1[0m[38;5;159m envs).[0m
[38;5;159m[Genesis] [06:35:36] [INFO] Running at [38;5;121m65.04[0m[38;5;159m FPS ([38;5;121m65.04[0m[38;5;159m FPS per env, [38;5;121m1[0m[38;5;159m envs).[0m
[38;5;159m[Genesis] [06:35:36] [INFO] Running at [38;5;121m65.03[0m[38;5;159m FPS ([38;5;121m65.03[0m[38;5;159m FPS per env, [38;5;121m1[0m[38;5;159m envs).[0m
[38;5;159m[Genesis] [06:35:36] [INFO] Running at [38;5;121m65.04[0m[38;5;159m FPS ([38;5;121m65.04[0m[38;5;159m FPS per env, [38;5;121m1[0m[38;5;159m envs).[0m
[38;5;159m[Genesis] [06:35:37] [INFO] Running at [38;5;121m65.04[0m[38;5;159m FPS ([38;5;121m65.04[0m[38;5;159m FPS per env, [38;5;121m1[0m[38;5;159m envs).[0m
[38;5;159m[Genesis] [06:35:37] [INFO] Running at [38;5;121m49.24[0m[38;5;159m FPS ([38;5;121m49.24[0m[38;5;159m FPS per env, [38;5;121m1[0m[38;5;159m envs).[0m
[38;5;159m[Genesis] [06:35:37] [INFO] Running at [38;5;121m65.62[0m[38;5;159m FPS ([38;5;121m65.62[0m[38;5;159m FPS per env, [38;5;121m1[0m[38;5;159m envs).[0m
[38;5;159m[Genesis] [06:35:37] [INFO] Running at [38;5;121m65.59[0m[38;5;159m FPS ([38;5;121m65.59[0m[38;5;159m FPS per env, [38;5;121m1[0m[38;5;159m envs).[0m
[38;5;159m[Genesis] [06:35:37] [INFO] Running at [38;5;121m65.59[0m[38;5;159m FPS ([38;5;121m65.59[0m[38;5;159m FPS per env, [38;5;121m1[0m[38;5;159m envs).[0m
[38;5;159m[Genesis] [06:35:37] [INFO] Running at [38;5;121m65.53[0m[38;5;159m FPS ([38;5;121m65.53[0m[38;5;159m FPS per env, [38;5;121m1[0m[38;5;159m envs).[0m
[38;5;159m[Genesis] [06:35:37] [INFO] Running at [38;5;121m65.44[0m[38;5;159m FPS ([38;5;121m65.44[0m[38;5;159m FPS per env, [38;5;121m1[0m[38;5;159m envs).[0m
[38;5;159m[Genesis] [06:35:37] [INFO] Running at [38;5;121m65.42[0m[38;5;159m FPS ([38;5;121m65.42[0m[38;5;159m FPS per env, [38;5;121m1[0m[38;5;159m envs).[0m
[38;5;159m[Genesis] [06:35:37] [INFO] Running at [38;5;121m65.39[0m[38;5;159m FPS ([38;5;121m65.39[0m[38;5;159m FPS per env, [38;5;121m1[0m[38;5;159m envs).[0m
[38;5;159m[Genesis] [06:35:37] [INFO] Running at [38;5;121m65.35[0m[38;5;159m FPS ([38;5;121m65.35[0m[38;5;159m FPS per env, [38;5;121m1[0m[38;5;159m envs).[0m
[38;5;159m[Genesis] [06:35:37] [INFO] Running at [38;5;121m65.34[0m[38;5;159m FPS ([38;5;121m65.34[0m[38;5;159m FPS per env, [38;5;121m1[0m[38;5;159m envs).[0m
[38;5;159m[Genesis] [06:35:37] [INFO] Running at [38;5;121m65.27[0m[38;5;159m FPS ([38;5;121m65.27[0m[38;5;159m FPS per env, [38;5;121m1[0m[38;5;159m envs).[0m
[38;5;159m[Genesis] [06:35:37] [INFO] Running at [38;5;121m65.28[0m[38;5;159m FPS ([38;5;121m65.28[0m[38;5;159m FPS per env, [38;5;121m1[0m[38;5;159m envs).[0m
[38;5;159m[Genesis] [06:35:37] [INFO] Running at [38;5;121m65.24[0m[38;5;159m FPS ([38;5;121m65.24[0m[38;5;159m FPS per env, [38;5;121m1[0m[38;5;159m envs).[0m
[38;5;159m[Genesis] [06:35:37] [INFO] Running at [38;5;121m65.28[0m[38;5;159m FPS ([38;5;121m65.28[0m[38;5;159m FPS per env, [38;5;121m1[0m[38;5;159m envs).[0m
[38;5;159m[Genesis] [06:35:37] [INFO] Running at [38;5;121m65.26[0m[38;5;159m FPS ([38;5;121m65.26[0m[38;5;159m FPS per env, [38;5;121m1[0m[38;5;159m envs).[0m
[38;5;159m[Genesis] [06:35:38] [INFO] Running at [38;5;121m65.31[0m[38;5;159m FPS ([38;5;121m65.31[0m[38;5;159m FPS per env, [38;5;121m1[0m[38;5;159m envs).[0m
[38;5;159m[Genesis] [06:35:38] [INFO] Running at [38;5;121m65.29[0m[38;5;159m FPS ([38;5;121m65.29[0m[38;5;159m FPS per env, [38;5;121m1[0m[38;5;159m envs).[0m
[38;5;159m[Genesis] [06:35:38] [INFO] Running at [38;5;121m65.31[0m[38;5;159m FPS ([38;5;121m65.31[0m[38;5;159m FPS per env, [38;5;121m1[0m[38;5;159m envs).[0m
[38;5;159m[Genesis] [06:35:38] [INFO] Running at [38;5;121m65.14[0m[38;5;159m FPS ([38;5;121m65.14[0m[38;5;159m FPS per env, [38;5;121m1[0m[38;5;159m envs).[0m
[38;5;159m[Genesis] [06:35:38] [INFO] Running at [38;5;121m65.05[0m[38;5;159m FPS ([38;5;121m65.05[0m[38;5;159m FPS per env, [38;5;121m1[0m[38;5;159m envs).[0m
fps 50
[38;5;159m[Genesis] [06:35:38] [INFO] Saving video to [38;5;121m"test_3200_behind.mp4"[0m[38;5;159m...[0m
[38;5;159m[Genesis] [06:35:40] [INFO] Video saved.[0m
[38;5;159m[Genesis] [06:35:40] [INFO] Saving video to [38;5;121m"test_3200_side.mp4"[0m[38;5;159m...[0m
[38;5;159m[Genesis] [06:35:43] [INFO] Video saved.[0m
Saved recordings for checkpoint 3200.
Finaler Gierraten-Fehler: 12.82 deg/s
[38;5;159m[Genesis] [06:35:43] [INFO] 💤 Exiting Genesis and caching compiled kernels...[0m
