[38;5;159m[Genesis] [06:48:06] [INFO] [38;5;121m╭───────────────────────────────────────────────╮[0m[38;5;159m[0m
[38;5;159m[Genesis] [06:48:06] [INFO] [38;5;121m│┈┉┈┉┈┉┈┉┈┉┈┉┈┉┈┉┈┉┈[0m[38;5;159m [38;5;121m[1m[3mGenesis[0m[38;5;159m [38;5;121m┈┉┈┉┈┉┈┉┈┉┈┉┈┉┈┉┈┉┈│[0m[38;5;159m[0m
[38;5;159m[Genesis] [06:48:06] [INFO] [38;5;121m╰───────────────────────────────────────────────╯[0m[38;5;159m[0m
[38;5;159m[Genesis] [06:48:07] [INFO] Running on [38;5;121m[4m[NVIDIA GeForce RTX 5090][0m[38;5;159m with backend [38;5;121m[4mgs.cuda[0m[38;5;159m. Device memory: [38;5;121m[4m31.36[0m[38;5;159m GB.[0m
[38;5;159m[Genesis] [06:48:07] [INFO] 🚀 Genesis initialized. 🔖 version: [38;5;121m[4m0.4.7[0m[38;5;159m, 🎨 theme: [38;5;121m[4mdark[0m[38;5;159m, 🌱 seed: [38;5;121m[4mNone[0m[38;5;159m, 🐛 debug: [38;5;121m[4mFalse[0m[38;5;159m, 📏 precision: [38;5;121m[4m64[0m[38;5;159m, 🔥 performance: [38;5;121m[4mFalse[0m[38;5;159m, 💬 verbose: [38;5;121m[4mINFO[0m[38;5;159m[0m
[38;5;226m[Genesis] [06:48:10] [WARNING] Viewer option 'n_rendered_envs' is deprecated and will be removed in a future release. Please use 'rendered_envs_idx' instead.[0m
[38;5;159m[Genesis] [06:48:10] [INFO] Scene [38;5;121m[3m<e3da863>[0m[38;5;159m created.[0m
[38;5;159m[Genesis] [06:48:10] [INFO] Adding [38;5;121m<gs.engine.entities.RigidEntity>[0m[38;5;159m. idx: [38;5;121m0[0m[38;5;159m, uid: [38;5;121m[3m<b60fe3c>[0m[38;5;159m, morph: [38;5;121m<gs.morphs.Terrain>[0m[38;5;159m, material: [38;5;121m<gs.materials.Rigid>[0m[38;5;159m.[0m
[38;5;159m[Genesis] [06:48:10] [INFO] Adding [38;5;121m<gs.engine.entities.RigidEntity>[0m[38;5;159m. idx: [38;5;121m1[0m[38;5;159m, uid: [38;5;121m[3m<67c6b10>[0m[38;5;159m, morph: [38;5;121m<gs.morphs.URDF(file='/home/jfriesen/.local/lib/python3.12/site-packages/genesis/assets/urdf/go2/urdf/go2.urdf')>[0m[38;5;159m, material: [38;5;121m<gs.materials.Rigid>[0m[38;5;159m.[0m
[38;5;159m[Genesis] [06:48:13] [INFO] Building scene [38;5;121m[3m<e3da863>[0m[38;5;159m...[0m
[38;5;226m[Genesis] [06:48:14] [WARNING] Neutral robot position (qpos0) exceeds joint limits.[0m
[38;5;159m[Genesis] [06:48:23] [INFO] Compiling simulation kernels...[0m
[38;5;159m[Genesis] [06:48:24] [INFO] Building visualizer...[0m
[38;5;226m[Genesis] [06:48:25] [WARNING] This property is deprecated and will be removed in future release. Please use 'dofs_idx_local' instead.[0m
[38;5;226m[Genesis] [06:48:25] [WARNING] This property is deprecated and will be removed in future release. Please use 'dofs_idx_local' instead.[0m
[38;5;226m[Genesis] [06:48:25] [WARNING] This property is deprecated and will be removed in future release. Please use 'dofs_idx_local' instead.[0m
[38;5;226m[Genesis] [06:48:25] [WARNING] This property is deprecated and will be removed in future release. Please use 'dofs_idx_local' instead.[0m
[38;5;226m[Genesis] [06:48:25] [WARNING] This property is deprecated and will be removed in future release. Please use 'dofs_idx_local' instead.[0m
[38;5;226m[Genesis] [06:48:25] [WARNING] This property is deprecated and will be removed in future release. Please use 'dofs_idx_local' instead.[0m
[38;5;226m[Genesis] [06:48:25] [WARNING] This property is deprecated and will be removed in future release. Please use 'dofs_idx_local' instead.[0m
[38;5;226m[Genesis] [06:48:25] [WARNING] This property is deprecated and will be removed in future release. Please use 'dofs_idx_local' instead.[0m
[38;5;226m[Genesis] [06:48:25] [WARNING] This property is deprecated and will be removed in future release. Please use 'dofs_idx_local' instead.[0m
[38;5;226m[Genesis] [06:48:25] [WARNING] This property is deprecated and will be removed in future release. Please use 'dofs_idx_local' instead.[0m
[38;5;226m[Genesis] [06:48:25] [WARNING] This property is deprecated and will be removed in future release. Please use 'dofs_idx_local' instead.[0m
[38;5;226m[Genesis] [06:48:25] [WARNING] This property is deprecated and will be removed in future release. Please use 'dofs_idx_local' instead.[0m
/home/jfriesen/.local/lib/python3.12/site-packages/torch/utils/_device.py:122: UserWarning: To copy construct from a tensor, it is recommended to use sourceTensor.detach().clone() or sourceTensor.detach().clone().requires_grad_(True), rather than torch.tensor(sourceTensor).
  return func(*args, **kwargs)
Actor MLP: Sequential(
  (0): Linear(in_features=76, out_features=512, bias=True)
  (1): ELU(alpha=1.0)
  (2): Linear(in_features=512, out_features=256, bias=True)
  (3): ELU(alpha=1.0)
  (4): Linear(in_features=256, out_features=128, bias=True)
  (5): ELU(alpha=1.0)
  (6): Linear(in_features=128, out_features=12, bias=True)
)
Critic MLP: Sequential(
  (0): Linear(in_features=100, out_features=512, bias=True)
  (1): ELU(alpha=1.0)
  (2): Linear(in_features=512, out_features=256, bias=True)
  (3): ELU(alpha=1.0)
  (4): Linear(in_features=256, out_features=128, bias=True)
  (5): ELU(alpha=1.0)
  (6): Linear(in_features=128, out_features=1, bias=True)
)
[38;5;159m[Genesis] [06:48:27] [INFO] Running at [38;5;121m1.57[0m[38;5;159m FPS ([38;5;121m1.57[0m[38;5;159m FPS per env, [38;5;121m1[0m[38;5;159m envs).[0m
[38;5;159m[Genesis] [06:48:27] [INFO] Running at [38;5;121m5.88[0m[38;5;159m FPS ([38;5;121m5.88[0m[38;5;159m FPS per env, [38;5;121m1[0m[38;5;159m envs).[0m
[38;5;159m[Genesis] [06:48:27] [INFO] Running at [38;5;121m66.13[0m[38;5;159m FPS ([38;5;121m66.13[0m[38;5;159m FPS per env, [38;5;121m1[0m[38;5;159m envs).[0m
[38;5;159m[Genesis] [06:48:27] [INFO] Running at [38;5;121m65.92[0m[38;5;159m FPS ([38;5;121m65.92[0m[38;5;159m FPS per env, [38;5;121m1[0m[38;5;159m envs).[0m
[38;5;159m[Genesis] [06:48:27] [INFO] Running at [38;5;121m65.81[0m[38;5;159m FPS ([38;5;121m65.81[0m[38;5;159m FPS per env, [38;5;121m1[0m[38;5;159m envs).[0m
[38;5;159m[Genesis] [06:48:27] [INFO] Running at [38;5;121m65.74[0m[38;5;159m FPS ([38;5;121m65.74[0m[38;5;159m FPS per env, [38;5;121m1[0m[38;5;159m envs).[0m
[38;5;159m[Genesis] [06:48:27] [INFO] Running at [38;5;121m65.53[0m[38;5;159m FPS ([38;5;121m65.53[0m[38;5;159m FPS per env, [38;5;121m1[0m[38;5;159m envs).[0m
[38;5;159m[Genesis] [06:48:27] [INFO] Running at [38;5;121m65.42[0m[38;5;159m FPS ([38;5;121m65.42[0m[38;5;159m FPS per env, [38;5;121m1[0m[38;5;159m envs).[0m
[38;5;159m[Genesis] [06:48:27] [INFO] Running at [38;5;121m65.39[0m[38;5;159m FPS ([38;5;121m65.39[0m[38;5;159m FPS per env, [38;5;121m1[0m[38;5;159m envs).[0m
[38;5;159m[Genesis] [06:48:28] [INFO] Running at [38;5;121m65.23[0m[38;5;159m FPS ([38;5;121m65.23[0m[38;5;159m FPS per env, [38;5;121m1[0m[38;5;159m envs).[0m
[38;5;159m[Genesis] [06:48:28] [INFO] Running at [38;5;121m65.28[0m[38;5;159m FPS ([38;5;121m65.28[0m[38;5;159m FPS per env, [38;5;121m1[0m[38;5;159m envs).[0m
[38;5;159m[Genesis] [06:48:28] [INFO] Running at [38;5;121m65.16[0m[38;5;159m FPS ([38;5;121m65.16[0m[38;5;159m FPS per env, [38;5;121m1[0m[38;5;159m envs).[0m
[38;5;159m[Genesis] [06:48:28] [INFO] Running at [38;5;121m65.21[0m[38;5;159m FPS ([38;5;121m65.21[0m[38;5;159m FPS per env, [38;5;121m1[0m[38;5;159m envs).[0m
[38;5;159m[Genesis] [06:48:28] [INFO] Running at [38;5;121m65.20[0m[38;5;159m FPS ([38;5;121m65.20[0m[38;5;159m FPS per env, [38;5;121m1[0m[38;5;159m envs).[0m
[38;5;159m[Genesis] [06:48:28] [INFO] Running at [38;5;121m65.31[0m[38;5;159m FPS ([38;5;121m65.31[0m[38;5;159m FPS per env, [38;5;121m1[0m[38;5;159m envs).[0m
[38;5;159m[Genesis] [06:48:28] [INFO] Running at [38;5;121m65.28[0m[38;5;159m FPS ([38;5;121m65.28[0m[38;5;159m FPS per env, [38;5;121m1[0m[38;5;159m envs).[0m
[38;5;159m[Genesis] [06:48:28] [INFO] Running at [38;5;121m65.19[0m[38;5;159m FPS ([38;5;121m65.19[0m[38;5;159m FPS per env, [38;5;121m1[0m[38;5;159m envs).[0m
[38;5;159m[Genesis] [06:48:28] [INFO] Running at [38;5;121m65.26[0m[38;5;159m FPS ([38;5;121m65.26[0m[38;5;159m FPS per env, [38;5;121m1[0m[38;5;159m envs).[0m
[38;5;159m[Genesis] [06:48:28] [INFO] Running at [38;5;121m65.10[0m[38;5;159m FPS ([38;5;121m65.10[0m[38;5;159m FPS per env, [38;5;121m1[0m[38;5;159m envs).[0m
[38;5;159m[Genesis] [06:48:28] [INFO] Running at [38;5;121m65.21[0m[38;5;159m FPS ([38;5;121m65.21[0m[38;5;159m FPS per env, [38;5;121m1[0m[38;5;159m envs).[0m
[38;5;159m[Genesis] [06:48:28] [INFO] Running at [38;5;121m65.19[0m[38;5;159m FPS ([38;5;121m65.19[0m[38;5;159m FPS per env, [38;5;121m1[0m[38;5;159m envs).[0m
[38;5;159m[Genesis] [06:48:28] [INFO] Running at [38;5;121m65.22[0m[38;5;159m FPS ([38;5;121m65.22[0m[38;5;159m FPS per env, [38;5;121m1[0m[38;5;159m envs).[0m
[38;5;159m[Genesis] [06:48:28] [INFO] Running at [38;5;121m65.09[0m[38;5;159m FPS ([38;5;121m65.09[0m[38;5;159m FPS per env, [38;5;121m1[0m[38;5;159m envs).[0m
[38;5;159m[Genesis] [06:48:28] [INFO] Running at [38;5;121m64.93[0m[38;5;159m FPS ([38;5;121m64.93[0m[38;5;159m FPS per env, [38;5;121m1[0m[38;5;159m envs).[0m
[38;5;159m[Genesis] [06:48:28] [INFO] Running at [38;5;121m65.04[0m[38;5;159m FPS ([38;5;121m65.04[0m[38;5;159m FPS per env, [38;5;121m1[0m[38;5;159m envs).[0m
[38;5;159m[Genesis] [06:48:29] [INFO] Running at [38;5;121m65.04[0m[38;5;159m FPS ([38;5;121m65.04[0m[38;5;159m FPS per env, [38;5;121m1[0m[38;5;159m envs).[0m
[38;5;159m[Genesis] [06:48:29] [INFO] Running at [38;5;121m65.14[0m[38;5;159m FPS ([38;5;121m65.14[0m[38;5;159m FPS per env, [38;5;121m1[0m[38;5;159m envs).[0m
[38;5;159m[Genesis] [06:48:29] [INFO] Running at [38;5;121m65.11[0m[38;5;159m FPS ([38;5;121m65.11[0m[38;5;159m FPS per env, [38;5;121m1[0m[38;5;159m envs).[0m
[38;5;159m[Genesis] [06:48:29] [INFO] Running at [38;5;121m65.22[0m[38;5;159m FPS ([38;5;121m65.22[0m[38;5;159m FPS per env, [38;5;121m1[0m[38;5;159m envs).[0m
[38;5;159m[Genesis] [06:48:29] [INFO] Running at [38;5;121m65.15[0m[38;5;159m FPS ([38;5;121m65.15[0m[38;5;159m FPS per env, [38;5;121m1[0m[38;5;159m envs).[0m
[38;5;159m[Genesis] [06:48:29] [INFO] Running at [38;5;121m65.28[0m[38;5;159m FPS ([38;5;121m65.28[0m[38;5;159m FPS per env, [38;5;121m1[0m[38;5;159m envs).[0m
[38;5;159m[Genesis] [06:48:29] [INFO] Running at [38;5;121m65.27[0m[38;5;159m FPS ([38;5;121m65.27[0m[38;5;159m FPS per env, [38;5;121m1[0m[38;5;159m envs).[0m
[38;5;159m[Genesis] [06:48:29] [INFO] Running at [38;5;121m65.42[0m[38;5;159m FPS ([38;5;121m65.42[0m[38;5;159m FPS per env, [38;5;121m1[0m[38;5;159m envs).[0m
[38;5;159m[Genesis] [06:48:29] [INFO] Running at [38;5;121m65.41[0m[38;5;159m FPS ([38;5;121m65.41[0m[38;5;159m FPS per env, [38;5;121m1[0m[38;5;159m envs).[0m
[38;5;159m[Genesis] [06:48:29] [INFO] Running at [38;5;121m65.55[0m[38;5;159m FPS ([38;5;121m65.55[0m[38;5;159m FPS per env, [38;5;121m1[0m[38;5;159m envs).[0m
[38;5;159m[Genesis] [06:48:29] [INFO] Running at [38;5;121m65.54[0m[38;5;159m FPS ([38;5;121m65.54[0m[38;5;159m FPS per env, [38;5;121m1[0m[38;5;159m envs).[0m
[38;5;159m[Genesis] [06:48:29] [INFO] Running at [38;5;121m65.65[0m[38;5;159m FPS ([38;5;121m65.65[0m[38;5;159m FPS per env, [38;5;121m1[0m[38;5;159m envs).[0m
[38;5;159m[Genesis] [06:48:29] [INFO] Running at [38;5;121m65.64[0m[38;5;159m FPS ([38;5;121m65.64[0m[38;5;159m FPS per env, [38;5;121m1[0m[38;5;159m envs).[0m
[38;5;159m[Genesis] [06:48:29] [INFO] Running at [38;5;121m65.63[0m[38;5;159m FPS ([38;5;121m65.63[0m[38;5;159m FPS per env, [38;5;121m1[0m[38;5;159m envs).[0m
[38;5;159m[Genesis] [06:48:29] [INFO] Running at [38;5;121m65.73[0m[38;5;159m FPS ([38;5;121m65.73[0m[38;5;159m FPS per env, [38;5;121m1[0m[38;5;159m envs).[0m
[38;5;159m[Genesis] [06:48:29] [INFO] Running at [38;5;121m65.72[0m[38;5;159m FPS ([38;5;121m65.72[0m[38;5;159m FPS per env, [38;5;121m1[0m[38;5;159m envs).[0m
[38;5;159m[Genesis] [06:48:29] [INFO] Running at [38;5;121m65.82[0m[38;5;159m FPS ([38;5;121m65.82[0m[38;5;159m FPS per env, [38;5;121m1[0m[38;5;159m envs).[0m
[38;5;159m[Genesis] [06:48:30] [INFO] Running at [38;5;121m65.91[0m[38;5;159m FPS ([38;5;121m65.91[0m[38;5;159m FPS per env, [38;5;121m1[0m[38;5;159m envs).[0m
[38;5;159m[Genesis] [06:48:30] [INFO] Running at [38;5;121m65.82[0m[38;5;159m FPS ([38;5;121m65.82[0m[38;5;159m FPS per env, [38;5;121m1[0m[38;5;159m envs).[0m
[38;5;159m[Genesis] [06:48:30] [INFO] Running at [38;5;121m65.79[0m[38;5;159m FPS ([38;5;121m65.79[0m[38;5;159m FPS per env, [38;5;121m1[0m[38;5;159m envs).[0m
[38;5;159m[Genesis] [06:48:30] [INFO] Running at [38;5;121m65.98[0m[38;5;159m FPS ([38;5;121m65.98[0m[38;5;159m FPS per env, [38;5;121m1[0m[38;5;159m envs).[0m
[38;5;159m[Genesis] [06:48:30] [INFO] Running at [38;5;121m66.16[0m[38;5;159m FPS ([38;5;121m66.16[0m[38;5;159m FPS per env, [38;5;121m1[0m[38;5;159m envs).[0m
[38;5;159m[Genesis] [06:48:30] [INFO] Running at [38;5;121m66.15[0m[38;5;159m FPS ([38;5;121m66.15[0m[38;5;159m FPS per env, [38;5;121m1[0m[38;5;159m envs).[0m
[38;5;159m[Genesis] [06:48:30] [INFO] Running at [38;5;121m66.10[0m[38;5;159m FPS ([38;5;121m66.10[0m[38;5;159m FPS per env, [38;5;121m1[0m[38;5;159m envs).[0m
[38;5;159m[Genesis] [06:48:30] [INFO] Running at [38;5;121m66.15[0m[38;5;159m FPS ([38;5;121m66.15[0m[38;5;159m FPS per env, [38;5;121m1[0m[38;5;159m envs).[0m
[38;5;159m[Genesis] [06:48:30] [INFO] Running at [38;5;121m66.26[0m[38;5;159m FPS ([38;5;121m66.26[0m[38;5;159m FPS per env, [38;5;121m1[0m[38;5;159m envs).[0m
[38;5;159m[Genesis] [06:48:30] [INFO] Running at [38;5;121m66.19[0m[38;5;159m FPS ([38;5;121m66.19[0m[38;5;159m FPS per env, [38;5;121m1[0m[38;5;159m envs).[0m
[38;5;159m[Genesis] [06:48:30] [INFO] Running at [38;5;121m66.24[0m[38;5;159m FPS ([38;5;121m66.24[0m[38;5;159m FPS per env, [38;5;121m1[0m[38;5;159m envs).[0m
[38;5;159m[Genesis] [06:48:30] [INFO] Running at [38;5;121m66.24[0m[38;5;159m FPS ([38;5;121m66.24[0m[38;5;159m FPS per env, [38;5;121m1[0m[38;5;159m envs).[0m
[38;5;159m[Genesis] [06:48:30] [INFO] Running at [38;5;121m66.38[0m[38;5;159m FPS ([38;5;121m66.38[0m[38;5;159m FPS per env, [38;5;121m1[0m[38;5;159m envs).[0m
[38;5;159m[Genesis] [06:48:30] [INFO] Running at [38;5;121m66.39[0m[38;5;159m FPS ([38;5;121m66.39[0m[38;5;159m FPS per env, [38;5;121m1[0m[38;5;159m envs).[0m
[38;5;159m[Genesis] [06:48:30] [INFO] Running at [38;5;121m66.56[0m[38;5;159m FPS ([38;5;121m66.56[0m[38;5;159m FPS per env, [38;5;121m1[0m[38;5;159m envs).[0m
[38;5;159m[Genesis] [06:48:30] [INFO] Running at [38;5;121m66.44[0m[38;5;159m FPS ([38;5;121m66.44[0m[38;5;159m FPS per env, [38;5;121m1[0m[38;5;159m envs).[0m
[38;5;159m[Genesis] [06:48:30] [INFO] Running at [38;5;121m66.59[0m[38;5;159m FPS ([38;5;121m66.59[0m[38;5;159m FPS per env, [38;5;121m1[0m[38;5;159m envs).[0m
[38;5;159m[Genesis] [06:48:31] [INFO] Running at [38;5;121m66.61[0m[38;5;159m FPS ([38;5;121m66.61[0m[38;5;159m FPS per env, [38;5;121m1[0m[38;5;159m envs).[0m
[38;5;159m[Genesis] [06:48:31] [INFO] Running at [38;5;121m66.79[0m[38;5;159m FPS ([38;5;121m66.79[0m[38;5;159m FPS per env, [38;5;121m1[0m[38;5;159m envs).[0m
[38;5;159m[Genesis] [06:48:31] [INFO] Running at [38;5;121m66.81[0m[38;5;159m FPS ([38;5;121m66.81[0m[38;5;159m FPS per env, [38;5;121m1[0m[38;5;159m envs).[0m
[38;5;159m[Genesis] [06:48:31] [INFO] Running at [38;5;121m66.88[0m[38;5;159m FPS ([38;5;121m66.88[0m[38;5;159m FPS per env, [38;5;121m1[0m[38;5;159m envs).[0m
[38;5;159m[Genesis] [06:48:31] [INFO] Running at [38;5;121m66.95[0m[38;5;159m FPS ([38;5;121m66.95[0m[38;5;159m FPS per env, [38;5;121m1[0m[38;5;159m envs).[0m
[38;5;159m[Genesis] [06:48:31] [INFO] Running at [38;5;121m67.06[0m[38;5;159m FPS ([38;5;121m67.06[0m[38;5;159m FPS per env, [38;5;121m1[0m[38;5;159m envs).[0m
[38;5;159m[Genesis] [06:48:31] [INFO] Running at [38;5;121m67.02[0m[38;5;159m FPS ([38;5;121m67.02[0m[38;5;159m FPS per env, [38;5;121m1[0m[38;5;159m envs).[0m
[38;5;159m[Genesis] [06:48:31] [INFO] Running at [38;5;121m67.09[0m[38;5;159m FPS ([38;5;121m67.09[0m[38;5;159m FPS per env, [38;5;121m1[0m[38;5;159m envs).[0m
[38;5;159m[Genesis] [06:48:31] [INFO] Running at [38;5;121m67.15[0m[38;5;159m FPS ([38;5;121m67.15[0m[38;5;159m FPS per env, [38;5;121m1[0m[38;5;159m envs).[0m
[38;5;159m[Genesis] [06:48:31] [INFO] Running at [38;5;121m67.36[0m[38;5;159m FPS ([38;5;121m67.36[0m[38;5;159m FPS per env, [38;5;121m1[0m[38;5;159m envs).[0m
[38;5;159m[Genesis] [06:48:31] [INFO] Running at [38;5;121m67.38[0m[38;5;159m FPS ([38;5;121m67.38[0m[38;5;159m FPS per env, [38;5;121m1[0m[38;5;159m envs).[0m
[38;5;159m[Genesis] [06:48:31] [INFO] Running at [38;5;121m67.54[0m[38;5;159m FPS ([38;5;121m67.54[0m[38;5;159m FPS per env, [38;5;121m1[0m[38;5;159m envs).[0m
[38;5;159m[Genesis] [06:48:31] [INFO] Running at [38;5;121m67.56[0m[38;5;159m FPS ([38;5;121m67.56[0m[38;5;159m FPS per env, [38;5;121m1[0m[38;5;159m envs).[0m
[38;5;159m[Genesis] [06:48:31] [INFO] Running at [38;5;121m67.75[0m[38;5;159m FPS ([38;5;121m67.75[0m[38;5;159m FPS per env, [38;5;121m1[0m[38;5;159m envs).[0m
[38;5;159m[Genesis] [06:48:31] [INFO] Running at [38;5;121m67.75[0m[38;5;159m FPS ([38;5;121m67.75[0m[38;5;159m FPS per env, [38;5;121m1[0m[38;5;159m envs).[0m
[38;5;159m[Genesis] [06:48:31] [INFO] Running at [38;5;121m67.82[0m[38;5;159m FPS ([38;5;121m67.82[0m[38;5;159m FPS per env, [38;5;121m1[0m[38;5;159m envs).[0m
[38;5;159m[Genesis] [06:48:31] [INFO] Running at [38;5;121m67.83[0m[38;5;159m FPS ([38;5;121m67.83[0m[38;5;159m FPS per env, [38;5;121m1[0m[38;5;159m envs).[0m
[38;5;159m[Genesis] [06:48:32] [INFO] Running at [38;5;121m67.54[0m[38;5;159m FPS ([38;5;121m67.54[0m[38;5;159m FPS per env, [38;5;121m1[0m[38;5;159m envs).[0m
[38;5;159m[Genesis] [06:48:32] [INFO] Running at [38;5;121m67.50[0m[38;5;159m FPS ([38;5;121m67.50[0m[38;5;159m FPS per env, [38;5;121m1[0m[38;5;159m envs).[0m
[38;5;159m[Genesis] [06:48:32] [INFO] Running at [38;5;121m67.31[0m[38;5;159m FPS ([38;5;121m67.31[0m[38;5;159m FPS per env, [38;5;121m1[0m[38;5;159m envs).[0m
[38;5;159m[Genesis] [06:48:32] [INFO] Running at [38;5;121m67.35[0m[38;5;159m FPS ([38;5;121m67.35[0m[38;5;159m FPS per env, [38;5;121m1[0m[38;5;159m envs).[0m
[38;5;159m[Genesis] [06:48:32] [INFO] Running at [38;5;121m67.43[0m[38;5;159m FPS ([38;5;121m67.43[0m[38;5;159m FPS per env, [38;5;121m1[0m[38;5;159m envs).[0m
[38;5;159m[Genesis] [06:48:32] [INFO] Running at [38;5;121m67.34[0m[38;5;159m FPS ([38;5;121m67.34[0m[38;5;159m FPS per env, [38;5;121m1[0m[38;5;159m envs).[0m
[38;5;159m[Genesis] [06:48:32] [INFO] Running at [38;5;121m67.24[0m[38;5;159m FPS ([38;5;121m67.24[0m[38;5;159m FPS per env, [38;5;121m1[0m[38;5;159m envs).[0m
[38;5;159m[Genesis] [06:48:32] [INFO] Running at [38;5;121m66.93[0m[38;5;159m FPS ([38;5;121m66.93[0m[38;5;159m FPS per env, [38;5;121m1[0m[38;5;159m envs).[0m
[38;5;159m[Genesis] [06:48:32] [INFO] Running at [38;5;121m67.03[0m[38;5;159m FPS ([38;5;121m67.03[0m[38;5;159m FPS per env, [38;5;121m1[0m[38;5;159m envs).[0m
[38;5;159m[Genesis] [06:48:32] [INFO] Running at [38;5;121m66.89[0m[38;5;159m FPS ([38;5;121m66.89[0m[38;5;159m FPS per env, [38;5;121m1[0m[38;5;159m envs).[0m
[38;5;159m[Genesis] [06:48:32] [INFO] Running at [38;5;121m66.76[0m[38;5;159m FPS ([38;5;121m66.76[0m[38;5;159m FPS per env, [38;5;121m1[0m[38;5;159m envs).[0m
[38;5;159m[Genesis] [06:48:32] [INFO] Running at [38;5;121m66.74[0m[38;5;159m FPS ([38;5;121m66.74[0m[38;5;159m FPS per env, [38;5;121m1[0m[38;5;159m envs).[0m
[38;5;159m[Genesis] [06:48:32] [INFO] Running at [38;5;121m66.76[0m[38;5;159m FPS ([38;5;121m66.76[0m[38;5;159m FPS per env, [38;5;121m1[0m[38;5;159m envs).[0m
[38;5;159m[Genesis] [06:48:32] [INFO] Running at [38;5;121m66.63[0m[38;5;159m FPS ([38;5;121m66.63[0m[38;5;159m FPS per env, [38;5;121m1[0m[38;5;159m envs).[0m
[38;5;159m[Genesis] [06:48:32] [INFO] Running at [38;5;121m66.54[0m[38;5;159m FPS ([38;5;121m66.54[0m[38;5;159m FPS per env, [38;5;121m1[0m[38;5;159m envs).[0m
[38;5;159m[Genesis] [06:48:32] [INFO] Running at [38;5;121m66.53[0m[38;5;159m FPS ([38;5;121m66.53[0m[38;5;159m FPS per env, [38;5;121m1[0m[38;5;159m envs).[0m
[38;5;159m[Genesis] [06:48:32] [INFO] Running at [38;5;121m50.32[0m[38;5;159m FPS ([38;5;121m50.32[0m[38;5;159m FPS per env, [38;5;121m1[0m[38;5;159m envs).[0m
[38;5;159m[Genesis] [06:48:33] [INFO] Running at [38;5;121m67.19[0m[38;5;159m FPS ([38;5;121m67.19[0m[38;5;159m FPS per env, [38;5;121m1[0m[38;5;159m envs).[0m
[38;5;159m[Genesis] [06:48:33] [INFO] Running at [38;5;121m67.07[0m[38;5;159m FPS ([38;5;121m67.07[0m[38;5;159m FPS per env, [38;5;121m1[0m[38;5;159m envs).[0m
[38;5;159m[Genesis] [06:48:33] [INFO] Running at [38;5;121m67.04[0m[38;5;159m FPS ([38;5;121m67.04[0m[38;5;159m FPS per env, [38;5;121m1[0m[38;5;159m envs).[0m
[38;5;159m[Genesis] [06:48:33] [INFO] Running at [38;5;121m66.99[0m[38;5;159m FPS ([38;5;121m66.99[0m[38;5;159m FPS per env, [38;5;121m1[0m[38;5;159m envs).[0m
[38;5;159m[Genesis] [06:48:33] [INFO] Running at [38;5;121m67.01[0m[38;5;159m FPS ([38;5;121m67.01[0m[38;5;159m FPS per env, [38;5;121m1[0m[38;5;159m envs).[0m
[38;5;159m[Genesis] [06:48:33] [INFO] Running at [38;5;121m66.94[0m[38;5;159m FPS ([38;5;121m66.94[0m[38;5;159m FPS per env, [38;5;121m1[0m[38;5;159m envs).[0m
[38;5;159m[Genesis] [06:48:33] [INFO] Running at [38;5;121m67.03[0m[38;5;159m FPS ([38;5;121m67.03[0m[38;5;159m FPS per env, [38;5;121m1[0m[38;5;159m envs).[0m
[38;5;159m[Genesis] [06:48:33] [INFO] Running at [38;5;121m66.88[0m[38;5;159m FPS ([38;5;121m66.88[0m[38;5;159m FPS per env, [38;5;121m1[0m[38;5;159m envs).[0m
[38;5;159m[Genesis] [06:48:33] [INFO] Running at [38;5;121m66.84[0m[38;5;159m FPS ([38;5;121m66.84[0m[38;5;159m FPS per env, [38;5;121m1[0m[38;5;159m envs).[0m
[38;5;159m[Genesis] [06:48:33] [INFO] Running at [38;5;121m66.86[0m[38;5;159m FPS ([38;5;121m66.86[0m[38;5;159m FPS per env, [38;5;121m1[0m[38;5;159m envs).[0m
[38;5;159m[Genesis] [06:48:33] [INFO] Running at [38;5;121m66.82[0m[38;5;159m FPS ([38;5;121m66.82[0m[38;5;159m FPS per env, [38;5;121m1[0m[38;5;159m envs).[0m
[38;5;159m[Genesis] [06:48:33] [INFO] Running at [38;5;121m66.81[0m[38;5;159m FPS ([38;5;121m66.81[0m[38;5;159m FPS per env, [38;5;121m1[0m[38;5;159m envs).[0m
[38;5;159m[Genesis] [06:48:33] [INFO] Running at [38;5;121m66.90[0m[38;5;159m FPS ([38;5;121m66.90[0m[38;5;159m FPS per env, [38;5;121m1[0m[38;5;159m envs).[0m
[38;5;159m[Genesis] [06:48:33] [INFO] Running at [38;5;121m66.85[0m[38;5;159m FPS ([38;5;121m66.85[0m[38;5;159m FPS per env, [38;5;121m1[0m[38;5;159m envs).[0m
[38;5;159m[Genesis] [06:48:33] [INFO] Running at [38;5;121m66.88[0m[38;5;159m FPS ([38;5;121m66.88[0m[38;5;159m FPS per env, [38;5;121m1[0m[38;5;159m envs).[0m
[38;5;159m[Genesis] [06:48:33] [INFO] Running at [38;5;121m66.71[0m[38;5;159m FPS ([38;5;121m66.71[0m[38;5;159m FPS per env, [38;5;121m1[0m[38;5;159m envs).[0m
[38;5;159m[Genesis] [06:48:34] [INFO] Running at [38;5;121m66.77[0m[38;5;159m FPS ([38;5;121m66.77[0m[38;5;159m FPS per env, [38;5;121m1[0m[38;5;159m envs).[0m
[38;5;159m[Genesis] [06:48:34] [INFO] Running at [38;5;121m66.70[0m[38;5;159m FPS ([38;5;121m66.70[0m[38;5;159m FPS per env, [38;5;121m1[0m[38;5;159m envs).[0m
[38;5;159m[Genesis] [06:48:34] [INFO] Running at [38;5;121m66.74[0m[38;5;159m FPS ([38;5;121m66.74[0m[38;5;159m FPS per env, [38;5;121m1[0m[38;5;159m envs).[0m
[38;5;159m[Genesis] [06:48:34] [INFO] Running at [38;5;121m66.65[0m[38;5;159m FPS ([38;5;121m66.65[0m[38;5;159m FPS per env, [38;5;121m1[0m[38;5;159m envs).[0m
[38;5;159m[Genesis] [06:48:34] [INFO] Running at [38;5;121m66.65[0m[38;5;159m FPS ([38;5;121m66.65[0m[38;5;159m FPS per env, [38;5;121m1[0m[38;5;159m envs).[0m
[38;5;159m[Genesis] [06:48:34] [INFO] Running at [38;5;121m66.73[0m[38;5;159m FPS ([38;5;121m66.73[0m[38;5;159m FPS per env, [38;5;121m1[0m[38;5;159m envs).[0m
[38;5;159m[Genesis] [06:48:34] [INFO] Running at [38;5;121m66.86[0m[38;5;159m FPS ([38;5;121m66.86[0m[38;5;159m FPS per env, [38;5;121m1[0m[38;5;159m envs).[0m
[38;5;159m[Genesis] [06:48:34] [INFO] Running at [38;5;121m66.90[0m[38;5;159m FPS ([38;5;121m66.90[0m[38;5;159m FPS per env, [38;5;121m1[0m[38;5;159m envs).[0m
[38;5;159m[Genesis] [06:48:34] [INFO] Running at [38;5;121m67.06[0m[38;5;159m FPS ([38;5;121m67.06[0m[38;5;159m FPS per env, [38;5;121m1[0m[38;5;159m envs).[0m
[38;5;159m[Genesis] [06:48:34] [INFO] Running at [38;5;121m67.13[0m[38;5;159m FPS ([38;5;121m67.13[0m[38;5;159m FPS per env, [38;5;121m1[0m[38;5;159m envs).[0m
[38;5;159m[Genesis] [06:48:34] [INFO] Running at [38;5;121m67.29[0m[38;5;159m FPS ([38;5;121m67.29[0m[38;5;159m FPS per env, [38;5;121m1[0m[38;5;159m envs).[0m
[38;5;159m[Genesis] [06:48:34] [INFO] Running at [38;5;121m67.28[0m[38;5;159m FPS ([38;5;121m67.28[0m[38;5;159m FPS per env, [38;5;121m1[0m[38;5;159m envs).[0m
[38;5;159m[Genesis] [06:48:34] [INFO] Running at [38;5;121m67.38[0m[38;5;159m FPS ([38;5;121m67.38[0m[38;5;159m FPS per env, [38;5;121m1[0m[38;5;159m envs).[0m
[38;5;159m[Genesis] [06:48:34] [INFO] Running at [38;5;121m67.34[0m[38;5;159m FPS ([38;5;121m67.34[0m[38;5;159m FPS per env, [38;5;121m1[0m[38;5;159m envs).[0m
[38;5;159m[Genesis] [06:48:34] [INFO] Running at [38;5;121m67.43[0m[38;5;159m FPS ([38;5;121m67.43[0m[38;5;159m FPS per env, [38;5;121m1[0m[38;5;159m envs).[0m
[38;5;159m[Genesis] [06:48:34] [INFO] Running at [38;5;121m67.40[0m[38;5;159m FPS ([38;5;121m67.40[0m[38;5;159m FPS per env, [38;5;121m1[0m[38;5;159m envs).[0m
[38;5;159m[Genesis] [06:48:34] [INFO] Running at [38;5;121m67.53[0m[38;5;159m FPS ([38;5;121m67.53[0m[38;5;159m FPS per env, [38;5;121m1[0m[38;5;159m envs).[0m
[38;5;159m[Genesis] [06:48:35] [INFO] Running at [38;5;121m67.54[0m[38;5;159m FPS ([38;5;121m67.54[0m[38;5;159m FPS per env, [38;5;121m1[0m[38;5;159m envs).[0m
[38;5;159m[Genesis] [06:48:35] [INFO] Running at [38;5;121m67.68[0m[38;5;159m FPS ([38;5;121m67.68[0m[38;5;159m FPS per env, [38;5;121m1[0m[38;5;159m envs).[0m
[38;5;159m[Genesis] [06:48:35] [INFO] Running at [38;5;121m67.69[0m[38;5;159m FPS ([38;5;121m67.69[0m[38;5;159m FPS per env, [38;5;121m1[0m[38;5;159m envs).[0m
[38;5;159m[Genesis] [06:48:35] [INFO] Running at [38;5;121m67.64[0m[38;5;159m FPS ([38;5;121m67.64[0m[38;5;159m FPS per env, [38;5;121m1[0m[38;5;159m envs).[0m
[38;5;159m[Genesis] [06:48:35] [INFO] Running at [38;5;121m67.60[0m[38;5;159m FPS ([38;5;121m67.60[0m[38;5;159m FPS per env, [38;5;121m1[0m[38;5;159m envs).[0m
[38;5;159m[Genesis] [06:48:35] [INFO] Running at [38;5;121m67.72[0m[38;5;159m FPS ([38;5;121m67.72[0m[38;5;159m FPS per env, [38;5;121m1[0m[38;5;159m envs).[0m
[38;5;159m[Genesis] [06:48:35] [INFO] Running at [38;5;121m67.64[0m[38;5;159m FPS ([38;5;121m67.64[0m[38;5;159m FPS per env, [38;5;121m1[0m[38;5;159m envs).[0m
[38;5;159m[Genesis] [06:48:35] [INFO] Running at [38;5;121m67.73[0m[38;5;159m FPS ([38;5;121m67.73[0m[38;5;159m FPS per env, [38;5;121m1[0m[38;5;159m envs).[0m
[38;5;159m[Genesis] [06:48:35] [INFO] Running at [38;5;121m67.76[0m[38;5;159m FPS ([38;5;121m67.76[0m[38;5;159m FPS per env, [38;5;121m1[0m[38;5;159m envs).[0m
[38;5;159m[Genesis] [06:48:35] [INFO] Running at [38;5;121m67.88[0m[38;5;159m FPS ([38;5;121m67.88[0m[38;5;159m FPS per env, [38;5;121m1[0m[38;5;159m envs).[0m
[38;5;159m[Genesis] [06:48:35] [INFO] Running at [38;5;121m67.82[0m[38;5;159m FPS ([38;5;121m67.82[0m[38;5;159m FPS per env, [38;5;121m1[0m[38;5;159m envs).[0m
[38;5;159m[Genesis] [06:48:35] [INFO] Running at [38;5;121m67.89[0m[38;5;159m FPS ([38;5;121m67.89[0m[38;5;159m FPS per env, [38;5;121m1[0m[38;5;159m envs).[0m
[38;5;159m[Genesis] [06:48:35] [INFO] Running at [38;5;121m67.92[0m[38;5;159m FPS ([38;5;121m67.92[0m[38;5;159m FPS per env, [38;5;121m1[0m[38;5;159m envs).[0m
[38;5;159m[Genesis] [06:48:35] [INFO] Running at [38;5;121m68.10[0m[38;5;159m FPS ([38;5;121m68.10[0m[38;5;159m FPS per env, [38;5;121m1[0m[38;5;159m envs).[0m
[38;5;159m[Genesis] [06:48:35] [INFO] Running at [38;5;121m68.19[0m[38;5;159m FPS ([38;5;121m68.19[0m[38;5;159m FPS per env, [38;5;121m1[0m[38;5;159m envs).[0m
[38;5;159m[Genesis] [06:48:35] [INFO] Running at [38;5;121m68.38[0m[38;5;159m FPS ([38;5;121m68.38[0m[38;5;159m FPS per env, [38;5;121m1[0m[38;5;159m envs).[0m
[38;5;159m[Genesis] [06:48:35] [INFO] Running at [38;5;121m68.34[0m[38;5;159m FPS ([38;5;121m68.34[0m[38;5;159m FPS per env, [38;5;121m1[0m[38;5;159m envs).[0m
[38;5;159m[Genesis] [06:48:36] [INFO] Running at [38;5;121m68.52[0m[38;5;159m FPS ([38;5;121m68.52[0m[38;5;159m FPS per env, [38;5;121m1[0m[38;5;159m envs).[0m
[38;5;159m[Genesis] [06:48:36] [INFO] Running at [38;5;121m68.59[0m[38;5;159m FPS ([38;5;121m68.59[0m[38;5;159m FPS per env, [38;5;121m1[0m[38;5;159m envs).[0m
[38;5;159m[Genesis] [06:48:36] [INFO] Running at [38;5;121m68.60[0m[38;5;159m FPS ([38;5;121m68.60[0m[38;5;159m FPS per env, [38;5;121m1[0m[38;5;159m envs).[0m
[38;5;159m[Genesis] [06:48:36] [INFO] Running at [38;5;121m68.59[0m[38;5;159m FPS ([38;5;121m68.59[0m[38;5;159m FPS per env, [38;5;121m1[0m[38;5;159m envs).[0m
[38;5;159m[Genesis] [06:48:36] [INFO] Running at [38;5;121m68.31[0m[38;5;159m FPS ([38;5;121m68.31[0m[38;5;159m FPS per env, [38;5;121m1[0m[38;5;159m envs).[0m
[38;5;159m[Genesis] [06:48:36] [INFO] Running at [38;5;121m68.14[0m[38;5;159m FPS ([38;5;121m68.14[0m[38;5;159m FPS per env, [38;5;121m1[0m[38;5;159m envs).[0m
[38;5;159m[Genesis] [06:48:36] [INFO] Running at [38;5;121m67.90[0m[38;5;159m FPS ([38;5;121m67.90[0m[38;5;159m FPS per env, [38;5;121m1[0m[38;5;159m envs).[0m
[38;5;159m[Genesis] [06:48:36] [INFO] Running at [38;5;121m67.74[0m[38;5;159m FPS ([38;5;121m67.74[0m[38;5;159m FPS per env, [38;5;121m1[0m[38;5;159m envs).[0m
[38;5;159m[Genesis] [06:48:36] [INFO] Running at [38;5;121m67.73[0m[38;5;159m FPS ([38;5;121m67.73[0m[38;5;159m FPS per env, [38;5;121m1[0m[38;5;159m envs).[0m
[38;5;159m[Genesis] [06:48:36] [INFO] Running at [38;5;121m67.73[0m[38;5;159m FPS ([38;5;121m67.73[0m[38;5;159m FPS per env, [38;5;121m1[0m[38;5;159m envs).[0m
[38;5;159m[Genesis] [06:48:36] [INFO] Running at [38;5;121m67.62[0m[38;5;159m FPS ([38;5;121m67.62[0m[38;5;159m FPS per env, [38;5;121m1[0m[38;5;159m envs).[0m
[38;5;159m[Genesis] [06:48:36] [INFO] Running at [38;5;121m67.67[0m[38;5;159m FPS ([38;5;121m67.67[0m[38;5;159m FPS per env, [38;5;121m1[0m[38;5;159m envs).[0m
[38;5;159m[Genesis] [06:48:36] [INFO] Running at [38;5;121m67.48[0m[38;5;159m FPS ([38;5;121m67.48[0m[38;5;159m FPS per env, [38;5;121m1[0m[38;5;159m envs).[0m
[38;5;159m[Genesis] [06:48:36] [INFO] Running at [38;5;121m67.58[0m[38;5;159m FPS ([38;5;121m67.58[0m[38;5;159m FPS per env, [38;5;121m1[0m[38;5;159m envs).[0m
[38;5;159m[Genesis] [06:48:36] [INFO] Running at [38;5;121m67.49[0m[38;5;159m FPS ([38;5;121m67.49[0m[38;5;159m FPS per env, [38;5;121m1[0m[38;5;159m envs).[0m
[38;5;159m[Genesis] [06:48:36] [INFO] Running at [38;5;121m67.57[0m[38;5;159m FPS ([38;5;121m67.57[0m[38;5;159m FPS per env, [38;5;121m1[0m[38;5;159m envs).[0m
[38;5;159m[Genesis] [06:48:36] [INFO] Running at [38;5;121m67.38[0m[38;5;159m FPS ([38;5;121m67.38[0m[38;5;159m FPS per env, [38;5;121m1[0m[38;5;159m envs).[0m
[38;5;159m[Genesis] [06:48:37] [INFO] Running at [38;5;121m67.50[0m[38;5;159m FPS ([38;5;121m67.50[0m[38;5;159m FPS per env, [38;5;121m1[0m[38;5;159m envs).[0m
[38;5;159m[Genesis] [06:48:37] [INFO] Running at [38;5;121m67.45[0m[38;5;159m FPS ([38;5;121m67.45[0m[38;5;159m FPS per env, [38;5;121m1[0m[38;5;159m envs).[0m
[38;5;159m[Genesis] [06:48:37] [INFO] Running at [38;5;121m67.45[0m[38;5;159m FPS ([38;5;121m67.45[0m[38;5;159m FPS per env, [38;5;121m1[0m[38;5;159m envs).[0m
[38;5;159m[Genesis] [06:48:37] [INFO] Running at [38;5;121m67.38[0m[38;5;159m FPS ([38;5;121m67.38[0m[38;5;159m FPS per env, [38;5;121m1[0m[38;5;159m envs).[0m
[38;5;159m[Genesis] [06:48:37] [INFO] Running at [38;5;121m67.48[0m[38;5;159m FPS ([38;5;121m67.48[0m[38;5;159m FPS per env, [38;5;121m1[0m[38;5;159m envs).[0m
[38;5;159m[Genesis] [06:48:37] [INFO] Running at [38;5;121m67.45[0m[38;5;159m FPS ([38;5;121m67.45[0m[38;5;159m FPS per env, [38;5;121m1[0m[38;5;159m envs).[0m
[38;5;159m[Genesis] [06:48:37] [INFO] Running at [38;5;121m67.15[0m[38;5;159m FPS ([38;5;121m67.15[0m[38;5;159m FPS per env, [38;5;121m1[0m[38;5;159m envs).[0m
[38;5;159m[Genesis] [06:48:37] [INFO] Running at [38;5;121m67.29[0m[38;5;159m FPS ([38;5;121m67.29[0m[38;5;159m FPS per env, [38;5;121m1[0m[38;5;159m envs).[0m
[38;5;159m[Genesis] [06:48:37] [INFO] Running at [38;5;121m67.33[0m[38;5;159m FPS ([38;5;121m67.33[0m[38;5;159m FPS per env, [38;5;121m1[0m[38;5;159m envs).[0m
[38;5;159m[Genesis] [06:48:37] [INFO] Running at [38;5;121m67.34[0m[38;5;159m FPS ([38;5;121m67.34[0m[38;5;159m FPS per env, [38;5;121m1[0m[38;5;159m envs).[0m
[38;5;159m[Genesis] [06:48:37] [INFO] Running at [38;5;121m67.34[0m[38;5;159m FPS ([38;5;121m67.34[0m[38;5;159m FPS per env, [38;5;121m1[0m[38;5;159m envs).[0m
[38;5;159m[Genesis] [06:48:37] [INFO] Running at [38;5;121m67.40[0m[38;5;159m FPS ([38;5;121m67.40[0m[38;5;159m FPS per env, [38;5;121m1[0m[38;5;159m envs).[0m
[38;5;159m[Genesis] [06:48:37] [INFO] Running at [38;5;121m67.22[0m[38;5;159m FPS ([38;5;121m67.22[0m[38;5;159m FPS per env, [38;5;121m1[0m[38;5;159m envs).[0m
[38;5;159m[Genesis] [06:48:37] [INFO] Running at [38;5;121m67.31[0m[38;5;159m FPS ([38;5;121m67.31[0m[38;5;159m FPS per env, [38;5;121m1[0m[38;5;159m envs).[0m
[38;5;159m[Genesis] [06:48:37] [INFO] Running at [38;5;121m67.23[0m[38;5;159m FPS ([38;5;121m67.23[0m[38;5;159m FPS per env, [38;5;121m1[0m[38;5;159m envs).[0m
[38;5;159m[Genesis] [06:48:37] [INFO] Running at [38;5;121m67.32[0m[38;5;159m FPS ([38;5;121m67.32[0m[38;5;159m FPS per env, [38;5;121m1[0m[38;5;159m envs).[0m
[38;5;159m[Genesis] [06:48:37] [INFO] Running at [38;5;121m67.29[0m[38;5;159m FPS ([38;5;121m67.29[0m[38;5;159m FPS per env, [38;5;121m1[0m[38;5;159m envs).[0m
[38;5;159m[Genesis] [06:48:38] [INFO] Running at [38;5;121m67.30[0m[38;5;159m FPS ([38;5;121m67.30[0m[38;5;159m FPS per env, [38;5;121m1[0m[38;5;159m envs).[0m
[38;5;159m[Genesis] [06:48:38] [INFO] Running at [38;5;121m67.32[0m[38;5;159m FPS ([38;5;121m67.32[0m[38;5;159m FPS per env, [38;5;121m1[0m[38;5;159m envs).[0m
[38;5;159m[Genesis] [06:48:38] [INFO] Running at [38;5;121m67.29[0m[38;5;159m FPS ([38;5;121m67.29[0m[38;5;159m FPS per env, [38;5;121m1[0m[38;5;159m envs).[0m
[38;5;159m[Genesis] [06:48:38] [INFO] Running at [38;5;121m67.30[0m[38;5;159m FPS ([38;5;121m67.30[0m[38;5;159m FPS per env, [38;5;121m1[0m[38;5;159m envs).[0m
[38;5;159m[Genesis] [06:48:38] [INFO] Running at [38;5;121m67.26[0m[38;5;159m FPS ([38;5;121m67.26[0m[38;5;159m FPS per env, [38;5;121m1[0m[38;5;159m envs).[0m
[38;5;159m[Genesis] [06:48:38] [INFO] Running at [38;5;121m67.28[0m[38;5;159m FPS ([38;5;121m67.28[0m[38;5;159m FPS per env, [38;5;121m1[0m[38;5;159m envs).[0m
[38;5;159m[Genesis] [06:48:38] [INFO] Running at [38;5;121m67.29[0m[38;5;159m FPS ([38;5;121m67.29[0m[38;5;159m FPS per env, [38;5;121m1[0m[38;5;159m envs).[0m
[38;5;159m[Genesis] [06:48:38] [INFO] Running at [38;5;121m67.32[0m[38;5;159m FPS ([38;5;121m67.32[0m[38;5;159m FPS per env, [38;5;121m1[0m[38;5;159m envs).[0m
[38;5;159m[Genesis] [06:48:38] [INFO] Running at [38;5;121m67.28[0m[38;5;159m FPS ([38;5;121m67.28[0m[38;5;159m FPS per env, [38;5;121m1[0m[38;5;159m envs).[0m
[38;5;159m[Genesis] [06:48:38] [INFO] Running at [38;5;121m67.32[0m[38;5;159m FPS ([38;5;121m67.32[0m[38;5;159m FPS per env, [38;5;121m1[0m[38;5;159m envs).[0m
[38;5;159m[Genesis] [06:48:38] [INFO] Running at [38;5;121m67.36[0m[38;5;159m FPS ([38;5;121m67.36[0m[38;5;159m FPS per env, [38;5;121m1[0m[38;5;159m envs).[0m
[38;5;159m[Genesis] [06:48:38] [INFO] Running at [38;5;121m67.41[0m[38;5;159m FPS ([38;5;121m67.41[0m[38;5;159m FPS per env, [38;5;121m1[0m[38;5;159m envs).[0m
[38;5;159m[Genesis] [06:48:38] [INFO] Running at [38;5;121m67.34[0m[38;5;159m FPS ([38;5;121m67.34[0m[38;5;159m FPS per env, [38;5;121m1[0m[38;5;159m envs).[0m
[38;5;159m[Genesis] [06:48:38] [INFO] Running at [38;5;121m50.91[0m[38;5;159m FPS ([38;5;121m50.91[0m[38;5;159m FPS per env, [38;5;121m1[0m[38;5;159m envs).[0m
[38;5;159m[Genesis] [06:48:38] [INFO] Running at [38;5;121m67.40[0m[38;5;159m FPS ([38;5;121m67.40[0m[38;5;159m FPS per env, [38;5;121m1[0m[38;5;159m envs).[0m
[38;5;159m[Genesis] [06:48:38] [INFO] Running at [38;5;121m67.52[0m[38;5;159m FPS ([38;5;121m67.52[0m[38;5;159m FPS per env, [38;5;121m1[0m[38;5;159m envs).[0m
[38;5;159m[Genesis] [06:48:38] [INFO] Running at [38;5;121m67.30[0m[38;5;159m FPS ([38;5;121m67.30[0m[38;5;159m FPS per env, [38;5;121m1[0m[38;5;159m envs).[0m
[38;5;159m[Genesis] [06:48:39] [INFO] Running at [38;5;121m67.31[0m[38;5;159m FPS ([38;5;121m67.31[0m[38;5;159m FPS per env, [38;5;121m1[0m[38;5;159m envs).[0m
[38;5;159m[Genesis] [06:48:39] [INFO] Running at [38;5;121m67.07[0m[38;5;159m FPS ([38;5;121m67.07[0m[38;5;159m FPS per env, [38;5;121m1[0m[38;5;159m envs).[0m
[38;5;159m[Genesis] [06:48:39] [INFO] Running at [38;5;121m67.08[0m[38;5;159m FPS ([38;5;121m67.08[0m[38;5;159m FPS per env, [38;5;121m1[0m[38;5;159m envs).[0m
[38;5;159m[Genesis] [06:48:39] [INFO] Running at [38;5;121m67.01[0m[38;5;159m FPS ([38;5;121m67.01[0m[38;5;159m FPS per env, [38;5;121m1[0m[38;5;159m envs).[0m
[38;5;159m[Genesis] [06:48:39] [INFO] Running at [38;5;121m67.04[0m[38;5;159m FPS ([38;5;121m67.04[0m[38;5;159m FPS per env, [38;5;121m1[0m[38;5;159m envs).[0m
[38;5;159m[Genesis] [06:48:39] [INFO] Running at [38;5;121m66.99[0m[38;5;159m FPS ([38;5;121m66.99[0m[38;5;159m FPS per env, [38;5;121m1[0m[38;5;159m envs).[0m
[38;5;159m[Genesis] [06:48:39] [INFO] Running at [38;5;121m50.63[0m[38;5;159m FPS ([38;5;121m50.63[0m[38;5;159m FPS per env, [38;5;121m1[0m[38;5;159m envs).[0m
[38;5;159m[Genesis] [06:48:39] [INFO] Running at [38;5;121m67.49[0m[38;5;159m FPS ([38;5;121m67.49[0m[38;5;159m FPS per env, [38;5;121m1[0m[38;5;159m envs).[0m
[38;5;159m[Genesis] [06:48:39] [INFO] Running at [38;5;121m67.39[0m[38;5;159m FPS ([38;5;121m67.39[0m[38;5;159m FPS per env, [38;5;121m1[0m[38;5;159m envs).[0m
[38;5;159m[Genesis] [06:48:39] [INFO] Running at [38;5;121m67.33[0m[38;5;159m FPS ([38;5;121m67.33[0m[38;5;159m FPS per env, [38;5;121m1[0m[38;5;159m envs).[0m
[38;5;159m[Genesis] [06:48:39] [INFO] Running at [38;5;121m67.30[0m[38;5;159m FPS ([38;5;121m67.30[0m[38;5;159m FPS per env, [38;5;121m1[0m[38;5;159m envs).[0m
[38;5;159m[Genesis] [06:48:39] [INFO] Running at [38;5;121m67.36[0m[38;5;159m FPS ([38;5;121m67.36[0m[38;5;159m FPS per env, [38;5;121m1[0m[38;5;159m envs).[0m
[38;5;159m[Genesis] [06:48:39] [INFO] Running at [38;5;121m67.32[0m[38;5;159m FPS ([38;5;121m67.32[0m[38;5;159m FPS per env, [38;5;121m1[0m[38;5;159m envs).[0m
[38;5;159m[Genesis] [06:48:39] [INFO] Running at [38;5;121m67.37[0m[38;5;159m FPS ([38;5;121m67.37[0m[38;5;159m FPS per env, [38;5;121m1[0m[38;5;159m envs).[0m
[38;5;159m[Genesis] [06:48:39] [INFO] Running at [38;5;121m67.24[0m[38;5;159m FPS ([38;5;121m67.24[0m[38;5;159m FPS per env, [38;5;121m1[0m[38;5;159m envs).[0m
[38;5;159m[Genesis] [06:48:39] [INFO] Running at [38;5;121m67.30[0m[38;5;159m FPS ([38;5;121m67.30[0m[38;5;159m FPS per env, [38;5;121m1[0m[38;5;159m envs).[0m
[38;5;159m[Genesis] [06:48:40] [INFO] Running at [38;5;121m67.16[0m[38;5;159m FPS ([38;5;121m67.16[0m[38;5;159m FPS per env, [38;5;121m1[0m[38;5;159m envs).[0m
[38;5;159m[Genesis] [06:48:40] [INFO] Running at [38;5;121m67.24[0m[38;5;159m FPS ([38;5;121m67.24[0m[38;5;159m FPS per env, [38;5;121m1[0m[38;5;159m envs).[0m
[38;5;159m[Genesis] [06:48:40] [INFO] Running at [38;5;121m67.13[0m[38;5;159m FPS ([38;5;121m67.13[0m[38;5;159m FPS per env, [38;5;121m1[0m[38;5;159m envs).[0m
[38;5;159m[Genesis] [06:48:40] [INFO] Running at [38;5;121m67.18[0m[38;5;159m FPS ([38;5;121m67.18[0m[38;5;159m FPS per env, [38;5;121m1[0m[38;5;159m envs).[0m
[38;5;159m[Genesis] [06:48:40] [INFO] Running at [38;5;121m67.13[0m[38;5;159m FPS ([38;5;121m67.13[0m[38;5;159m FPS per env, [38;5;121m1[0m[38;5;159m envs).[0m
[38;5;159m[Genesis] [06:48:40] [INFO] Running at [38;5;121m67.10[0m[38;5;159m FPS ([38;5;121m67.10[0m[38;5;159m FPS per env, [38;5;121m1[0m[38;5;159m envs).[0m
[38;5;159m[Genesis] [06:48:40] [INFO] Running at [38;5;121m67.16[0m[38;5;159m FPS ([38;5;121m67.16[0m[38;5;159m FPS per env, [38;5;121m1[0m[38;5;159m envs).[0m
[38;5;159m[Genesis] [06:48:40] [INFO] Running at [38;5;121m67.35[0m[38;5;159m FPS ([38;5;121m67.35[0m[38;5;159m FPS per env, [38;5;121m1[0m[38;5;159m envs).[0m
[38;5;159m[Genesis] [06:48:40] [INFO] Running at [38;5;121m67.31[0m[38;5;159m FPS ([38;5;121m67.31[0m[38;5;159m FPS per env, [38;5;121m1[0m[38;5;159m envs).[0m
[38;5;159m[Genesis] [06:48:40] [INFO] Running at [38;5;121m67.49[0m[38;5;159m FPS ([38;5;121m67.49[0m[38;5;159m FPS per env, [38;5;121m1[0m[38;5;159m envs).[0m
[38;5;159m[Genesis] [06:48:40] [INFO] Running at [38;5;121m67.27[0m[38;5;159m FPS ([38;5;121m67.27[0m[38;5;159m FPS per env, [38;5;121m1[0m[38;5;159m envs).[0m
[38;5;159m[Genesis] [06:48:40] [INFO] Running at [38;5;121m67.35[0m[38;5;159m FPS ([38;5;121m67.35[0m[38;5;159m FPS per env, [38;5;121m1[0m[38;5;159m envs).[0m
[38;5;159m[Genesis] [06:48:40] [INFO] Running at [38;5;121m67.24[0m[38;5;159m FPS ([38;5;121m67.24[0m[38;5;159m FPS per env, [38;5;121m1[0m[38;5;159m envs).[0m
[38;5;159m[Genesis] [06:48:40] [INFO] Running at [38;5;121m67.32[0m[38;5;159m FPS ([38;5;121m67.32[0m[38;5;159m FPS per env, [38;5;121m1[0m[38;5;159m envs).[0m
[38;5;159m[Genesis] [06:48:40] [INFO] Running at [38;5;121m67.20[0m[38;5;159m FPS ([38;5;121m67.20[0m[38;5;159m FPS per env, [38;5;121m1[0m[38;5;159m envs).[0m
[38;5;159m[Genesis] [06:48:40] [INFO] Running at [38;5;121m67.36[0m[38;5;159m FPS ([38;5;121m67.36[0m[38;5;159m FPS per env, [38;5;121m1[0m[38;5;159m envs).[0m
[38;5;159m[Genesis] [06:48:40] [INFO] Running at [38;5;121m67.40[0m[38;5;159m FPS ([38;5;121m67.40[0m[38;5;159m FPS per env, [38;5;121m1[0m[38;5;159m envs).[0m
[38;5;159m[Genesis] [06:48:41] [INFO] Running at [38;5;121m67.56[0m[38;5;159m FPS ([38;5;121m67.56[0m[38;5;159m FPS per env, [38;5;121m1[0m[38;5;159m envs).[0m
[38;5;159m[Genesis] [06:48:41] [INFO] Running at [38;5;121m67.74[0m[38;5;159m FPS ([38;5;121m67.74[0m[38;5;159m FPS per env, [38;5;121m1[0m[38;5;159m envs).[0m
[38;5;159m[Genesis] [06:48:41] [INFO] Running at [38;5;121m67.78[0m[38;5;159m FPS ([38;5;121m67.78[0m[38;5;159m FPS per env, [38;5;121m1[0m[38;5;159m envs).[0m
[38;5;159m[Genesis] [06:48:41] [INFO] Running at [38;5;121m67.87[0m[38;5;159m FPS ([38;5;121m67.87[0m[38;5;159m FPS per env, [38;5;121m1[0m[38;5;159m envs).[0m
[38;5;159m[Genesis] [06:48:41] [INFO] Running at [38;5;121m67.92[0m[38;5;159m FPS ([38;5;121m67.92[0m[38;5;159m FPS per env, [38;5;121m1[0m[38;5;159m envs).[0m
[38;5;159m[Genesis] [06:48:41] [INFO] Running at [38;5;121m67.88[0m[38;5;159m FPS ([38;5;121m67.88[0m[38;5;159m FPS per env, [38;5;121m1[0m[38;5;159m envs).[0m
[38;5;159m[Genesis] [06:48:41] [INFO] Running at [38;5;121m67.99[0m[38;5;159m FPS ([38;5;121m67.99[0m[38;5;159m FPS per env, [38;5;121m1[0m[38;5;159m envs).[0m
[38;5;159m[Genesis] [06:48:41] [INFO] Running at [38;5;121m68.04[0m[38;5;159m FPS ([38;5;121m68.04[0m[38;5;159m FPS per env, [38;5;121m1[0m[38;5;159m envs).[0m
[38;5;159m[Genesis] [06:48:41] [INFO] Running at [38;5;121m68.13[0m[38;5;159m FPS ([38;5;121m68.13[0m[38;5;159m FPS per env, [38;5;121m1[0m[38;5;159m envs).[0m
[38;5;159m[Genesis] [06:48:41] [INFO] Running at [38;5;121m68.13[0m[38;5;159m FPS ([38;5;121m68.13[0m[38;5;159m FPS per env, [38;5;121m1[0m[38;5;159m envs).[0m
[38;5;159m[Genesis] [06:48:41] [INFO] Running at [38;5;121m68.21[0m[38;5;159m FPS ([38;5;121m68.21[0m[38;5;159m FPS per env, [38;5;121m1[0m[38;5;159m envs).[0m
[38;5;159m[Genesis] [06:48:41] [INFO] Running at [38;5;121m68.25[0m[38;5;159m FPS ([38;5;121m68.25[0m[38;5;159m FPS per env, [38;5;121m1[0m[38;5;159m envs).[0m
[38;5;159m[Genesis] [06:48:41] [INFO] Running at [38;5;121m68.40[0m[38;5;159m FPS ([38;5;121m68.40[0m[38;5;159m FPS per env, [38;5;121m1[0m[38;5;159m envs).[0m
[38;5;159m[Genesis] [06:48:41] [INFO] Running at [38;5;121m68.58[0m[38;5;159m FPS ([38;5;121m68.58[0m[38;5;159m FPS per env, [38;5;121m1[0m[38;5;159m envs).[0m
[38;5;159m[Genesis] [06:48:41] [INFO] Running at [38;5;121m68.56[0m[38;5;159m FPS ([38;5;121m68.56[0m[38;5;159m FPS per env, [38;5;121m1[0m[38;5;159m envs).[0m
[38;5;159m[Genesis] [06:48:41] [INFO] Running at [38;5;121m68.68[0m[38;5;159m FPS ([38;5;121m68.68[0m[38;5;159m FPS per env, [38;5;121m1[0m[38;5;159m envs).[0m
[38;5;159m[Genesis] [06:48:41] [INFO] Running at [38;5;121m68.82[0m[38;5;159m FPS ([38;5;121m68.82[0m[38;5;159m FPS per env, [38;5;121m1[0m[38;5;159m envs).[0m
[38;5;159m[Genesis] [06:48:41] [INFO] Running at [38;5;121m68.86[0m[38;5;159m FPS ([38;5;121m68.86[0m[38;5;159m FPS per env, [38;5;121m1[0m[38;5;159m envs).[0m
[38;5;159m[Genesis] [06:48:42] [INFO] Running at [38;5;121m68.95[0m[38;5;159m FPS ([38;5;121m68.95[0m[38;5;159m FPS per env, [38;5;121m1[0m[38;5;159m envs).[0m
[38;5;159m[Genesis] [06:48:42] [INFO] Running at [38;5;121m68.98[0m[38;5;159m FPS ([38;5;121m68.98[0m[38;5;159m FPS per env, [38;5;121m1[0m[38;5;159m envs).[0m
[38;5;159m[Genesis] [06:48:42] [INFO] Running at [38;5;121m68.96[0m[38;5;159m FPS ([38;5;121m68.96[0m[38;5;159m FPS per env, [38;5;121m1[0m[38;5;159m envs).[0m
[38;5;159m[Genesis] [06:48:42] [INFO] Running at [38;5;121m68.77[0m[38;5;159m FPS ([38;5;121m68.77[0m[38;5;159m FPS per env, [38;5;121m1[0m[38;5;159m envs).[0m
[38;5;159m[Genesis] [06:48:42] [INFO] Running at [38;5;121m68.57[0m[38;5;159m FPS ([38;5;121m68.57[0m[38;5;159m FPS per env, [38;5;121m1[0m[38;5;159m envs).[0m
[38;5;159m[Genesis] [06:48:42] [INFO] Running at [38;5;121m68.45[0m[38;5;159m FPS ([38;5;121m68.45[0m[38;5;159m FPS per env, [38;5;121m1[0m[38;5;159m envs).[0m
[38;5;159m[Genesis] [06:48:42] [INFO] Running at [38;5;121m68.48[0m[38;5;159m FPS ([38;5;121m68.48[0m[38;5;159m FPS per env, [38;5;121m1[0m[38;5;159m envs).[0m
[38;5;159m[Genesis] [06:48:42] [INFO] Running at [38;5;121m68.19[0m[38;5;159m FPS ([38;5;121m68.19[0m[38;5;159m FPS per env, [38;5;121m1[0m[38;5;159m envs).[0m
[38;5;159m[Genesis] [06:48:42] [INFO] Running at [38;5;121m68.24[0m[38;5;159m FPS ([38;5;121m68.24[0m[38;5;159m FPS per env, [38;5;121m1[0m[38;5;159m envs).[0m
[38;5;159m[Genesis] [06:48:42] [INFO] Running at [38;5;121m68.13[0m[38;5;159m FPS ([38;5;121m68.13[0m[38;5;159m FPS per env, [38;5;121m1[0m[38;5;159m envs).[0m
[38;5;159m[Genesis] [06:48:42] [INFO] Running at [38;5;121m68.17[0m[38;5;159m FPS ([38;5;121m68.17[0m[38;5;159m FPS per env, [38;5;121m1[0m[38;5;159m envs).[0m
[38;5;159m[Genesis] [06:48:42] [INFO] Running at [38;5;121m68.00[0m[38;5;159m FPS ([38;5;121m68.00[0m[38;5;159m FPS per env, [38;5;121m1[0m[38;5;159m envs).[0m
[38;5;159m[Genesis] [06:48:42] [INFO] Running at [38;5;121m67.93[0m[38;5;159m FPS ([38;5;121m67.93[0m[38;5;159m FPS per env, [38;5;121m1[0m[38;5;159m envs).[0m
[38;5;159m[Genesis] [06:48:42] [INFO] Running at [38;5;121m67.87[0m[38;5;159m FPS ([38;5;121m67.87[0m[38;5;159m FPS per env, [38;5;121m1[0m[38;5;159m envs).[0m
[38;5;159m[Genesis] [06:48:42] [INFO] Running at [38;5;121m67.93[0m[38;5;159m FPS ([38;5;121m67.93[0m[38;5;159m FPS per env, [38;5;121m1[0m[38;5;159m envs).[0m
[38;5;159m[Genesis] [06:48:42] [INFO] Running at [38;5;121m67.93[0m[38;5;159m FPS ([38;5;121m67.93[0m[38;5;159m FPS per env, [38;5;121m1[0m[38;5;159m envs).[0m
[38;5;159m[Genesis] [06:48:42] [INFO] Running at [38;5;121m67.92[0m[38;5;159m FPS ([38;5;121m67.92[0m[38;5;159m FPS per env, [38;5;121m1[0m[38;5;159m envs).[0m
[38;5;159m[Genesis] [06:48:43] [INFO] Running at [38;5;121m67.78[0m[38;5;159m FPS ([38;5;121m67.78[0m[38;5;159m FPS per env, [38;5;121m1[0m[38;5;159m envs).[0m
[38;5;159m[Genesis] [06:48:43] [INFO] Running at [38;5;121m67.83[0m[38;5;159m FPS ([38;5;121m67.83[0m[38;5;159m FPS per env, [38;5;121m1[0m[38;5;159m envs).[0m
[38;5;159m[Genesis] [06:48:43] [INFO] Running at [38;5;121m67.73[0m[38;5;159m FPS ([38;5;121m67.73[0m[38;5;159m FPS per env, [38;5;121m1[0m[38;5;159m envs).[0m
[38;5;159m[Genesis] [06:48:43] [INFO] Running at [38;5;121m67.79[0m[38;5;159m FPS ([38;5;121m67.79[0m[38;5;159m FPS per env, [38;5;121m1[0m[38;5;159m envs).[0m
[38;5;159m[Genesis] [06:48:43] [INFO] Running at [38;5;121m67.77[0m[38;5;159m FPS ([38;5;121m67.77[0m[38;5;159m FPS per env, [38;5;121m1[0m[38;5;159m envs).[0m
[38;5;159m[Genesis] [06:48:43] [INFO] Running at [38;5;121m67.79[0m[38;5;159m FPS ([38;5;121m67.79[0m[38;5;159m FPS per env, [38;5;121m1[0m[38;5;159m envs).[0m
[38;5;159m[Genesis] [06:48:43] [INFO] Running at [38;5;121m67.73[0m[38;5;159m FPS ([38;5;121m67.73[0m[38;5;159m FPS per env, [38;5;121m1[0m[38;5;159m envs).[0m
[38;5;159m[Genesis] [06:48:43] [INFO] Running at [38;5;121m67.79[0m[38;5;159m FPS ([38;5;121m67.79[0m[38;5;159m FPS per env, [38;5;121m1[0m[38;5;159m envs).[0m
[38;5;159m[Genesis] [06:48:43] [INFO] Running at [38;5;121m67.77[0m[38;5;159m FPS ([38;5;121m67.77[0m[38;5;159m FPS per env, [38;5;121m1[0m[38;5;159m envs).[0m
[38;5;159m[Genesis] [06:48:43] [INFO] Running at [38;5;121m67.81[0m[38;5;159m FPS ([38;5;121m67.81[0m[38;5;159m FPS per env, [38;5;121m1[0m[38;5;159m envs).[0m
[38;5;159m[Genesis] [06:48:43] [INFO] Running at [38;5;121m67.68[0m[38;5;159m FPS ([38;5;121m67.68[0m[38;5;159m FPS per env, [38;5;121m1[0m[38;5;159m envs).[0m
[38;5;159m[Genesis] [06:48:43] [INFO] Running at [38;5;121m67.72[0m[38;5;159m FPS ([38;5;121m67.72[0m[38;5;159m FPS per env, [38;5;121m1[0m[38;5;159m envs).[0m
[38;5;159m[Genesis] [06:48:43] [INFO] Running at [38;5;121m67.68[0m[38;5;159m FPS ([38;5;121m67.68[0m[38;5;159m FPS per env, [38;5;121m1[0m[38;5;159m envs).[0m
[38;5;159m[Genesis] [06:48:43] [INFO] Running at [38;5;121m67.72[0m[38;5;159m FPS ([38;5;121m67.72[0m[38;5;159m FPS per env, [38;5;121m1[0m[38;5;159m envs).[0m
[38;5;159m[Genesis] [06:48:43] [INFO] Running at [38;5;121m67.59[0m[38;5;159m FPS ([38;5;121m67.59[0m[38;5;159m FPS per env, [38;5;121m1[0m[38;5;159m envs).[0m
[38;5;159m[Genesis] [06:48:43] [INFO] Running at [38;5;121m67.64[0m[38;5;159m FPS ([38;5;121m67.64[0m[38;5;159m FPS per env, [38;5;121m1[0m[38;5;159m envs).[0m
[38;5;159m[Genesis] [06:48:44] [INFO] Running at [38;5;121m67.57[0m[38;5;159m FPS ([38;5;121m67.57[0m[38;5;159m FPS per env, [38;5;121m1[0m[38;5;159m envs).[0m
[38;5;159m[Genesis] [06:48:44] [INFO] Running at [38;5;121m67.49[0m[38;5;159m FPS ([38;5;121m67.49[0m[38;5;159m FPS per env, [38;5;121m1[0m[38;5;159m envs).[0m
[38;5;159m[Genesis] [06:48:44] [INFO] Running at [38;5;121m67.40[0m[38;5;159m FPS ([38;5;121m67.40[0m[38;5;159m FPS per env, [38;5;121m1[0m[38;5;159m envs).[0m
[38;5;159m[Genesis] [06:48:44] [INFO] Running at [38;5;121m67.46[0m[38;5;159m FPS ([38;5;121m67.46[0m[38;5;159m FPS per env, [38;5;121m1[0m[38;5;159m envs).[0m
[38;5;159m[Genesis] [06:48:44] [INFO] Running at [38;5;121m67.34[0m[38;5;159m FPS ([38;5;121m67.34[0m[38;5;159m FPS per env, [38;5;121m1[0m[38;5;159m envs).[0m
[38;5;159m[Genesis] [06:48:44] [INFO] Running at [38;5;121m67.41[0m[38;5;159m FPS ([38;5;121m67.41[0m[38;5;159m FPS per env, [38;5;121m1[0m[38;5;159m envs).[0m
[38;5;159m[Genesis] [06:48:44] [INFO] Running at [38;5;121m67.26[0m[38;5;159m FPS ([38;5;121m67.26[0m[38;5;159m FPS per env, [38;5;121m1[0m[38;5;159m envs).[0m
[38;5;159m[Genesis] [06:48:44] [INFO] Running at [38;5;121m67.35[0m[38;5;159m FPS ([38;5;121m67.35[0m[38;5;159m FPS per env, [38;5;121m1[0m[38;5;159m envs).[0m
[38;5;159m[Genesis] [06:48:44] [INFO] Running at [38;5;121m67.26[0m[38;5;159m FPS ([38;5;121m67.26[0m[38;5;159m FPS per env, [38;5;121m1[0m[38;5;159m envs).[0m
[38;5;159m[Genesis] [06:48:44] [INFO] Running at [38;5;121m67.12[0m[38;5;159m FPS ([38;5;121m67.12[0m[38;5;159m FPS per env, [38;5;121m1[0m[38;5;159m envs).[0m
[38;5;159m[Genesis] [06:48:44] [INFO] Running at [38;5;121m67.09[0m[38;5;159m FPS ([38;5;121m67.09[0m[38;5;159m FPS per env, [38;5;121m1[0m[38;5;159m envs).[0m
[38;5;159m[Genesis] [06:48:44] [INFO] Running at [38;5;121m67.21[0m[38;5;159m FPS ([38;5;121m67.21[0m[38;5;159m FPS per env, [38;5;121m1[0m[38;5;159m envs).[0m
[38;5;159m[Genesis] [06:48:44] [INFO] Running at [38;5;121m67.16[0m[38;5;159m FPS ([38;5;121m67.16[0m[38;5;159m FPS per env, [38;5;121m1[0m[38;5;159m envs).[0m
[38;5;159m[Genesis] [06:48:44] [INFO] Running at [38;5;121m67.03[0m[38;5;159m FPS ([38;5;121m67.03[0m[38;5;159m FPS per env, [38;5;121m1[0m[38;5;159m envs).[0m
[38;5;159m[Genesis] [06:48:44] [INFO] Running at [38;5;121m66.85[0m[38;5;159m FPS ([38;5;121m66.85[0m[38;5;159m FPS per env, [38;5;121m1[0m[38;5;159m envs).[0m
[38;5;159m[Genesis] [06:48:44] [INFO] Running at [38;5;121m66.89[0m[38;5;159m FPS ([38;5;121m66.89[0m[38;5;159m FPS per env, [38;5;121m1[0m[38;5;159m envs).[0m
[38;5;159m[Genesis] [06:48:44] [INFO] Running at [38;5;121m66.91[0m[38;5;159m FPS ([38;5;121m66.91[0m[38;5;159m FPS per env, [38;5;121m1[0m[38;5;159m envs).[0m
[38;5;159m[Genesis] [06:48:45] [INFO] Running at [38;5;121m66.93[0m[38;5;159m FPS ([38;5;121m66.93[0m[38;5;159m FPS per env, [38;5;121m1[0m[38;5;159m envs).[0m
[38;5;159m[Genesis] [06:48:45] [INFO] Running at [38;5;121m66.96[0m[38;5;159m FPS ([38;5;121m66.96[0m[38;5;159m FPS per env, [38;5;121m1[0m[38;5;159m envs).[0m
[38;5;159m[Genesis] [06:48:45] [INFO] Running at [38;5;121m67.09[0m[38;5;159m FPS ([38;5;121m67.09[0m[38;5;159m FPS per env, [38;5;121m1[0m[38;5;159m envs).[0m
[38;5;159m[Genesis] [06:48:45] [INFO] Running at [38;5;121m67.06[0m[38;5;159m FPS ([38;5;121m67.06[0m[38;5;159m FPS per env, [38;5;121m1[0m[38;5;159m envs).[0m
[38;5;159m[Genesis] [06:48:45] [INFO] Running at [38;5;121m67.10[0m[38;5;159m FPS ([38;5;121m67.10[0m[38;5;159m FPS per env, [38;5;121m1[0m[38;5;159m envs).[0m
[38;5;159m[Genesis] [06:48:45] [INFO] Running at [38;5;121m66.96[0m[38;5;159m FPS ([38;5;121m66.96[0m[38;5;159m FPS per env, [38;5;121m1[0m[38;5;159m envs).[0m
[38;5;159m[Genesis] [06:48:45] [INFO] Running at [38;5;121m67.09[0m[38;5;159m FPS ([38;5;121m67.09[0m[38;5;159m FPS per env, [38;5;121m1[0m[38;5;159m envs).[0m
[38;5;159m[Genesis] [06:48:45] [INFO] Running at [38;5;121m67.05[0m[38;5;159m FPS ([38;5;121m67.05[0m[38;5;159m FPS per env, [38;5;121m1[0m[38;5;159m envs).[0m
[38;5;159m[Genesis] [06:48:45] [INFO] Running at [38;5;121m67.12[0m[38;5;159m FPS ([38;5;121m67.12[0m[38;5;159m FPS per env, [38;5;121m1[0m[38;5;159m envs).[0m
[38;5;159m[Genesis] [06:48:45] [INFO] Running at [38;5;121m67.14[0m[38;5;159m FPS ([38;5;121m67.14[0m[38;5;159m FPS per env, [38;5;121m1[0m[38;5;159m envs).[0m
[38;5;159m[Genesis] [06:48:45] [INFO] Running at [38;5;121m67.27[0m[38;5;159m FPS ([38;5;121m67.27[0m[38;5;159m FPS per env, [38;5;121m1[0m[38;5;159m envs).[0m
[38;5;159m[Genesis] [06:48:45] [INFO] Running at [38;5;121m67.21[0m[38;5;159m FPS ([38;5;121m67.21[0m[38;5;159m FPS per env, [38;5;121m1[0m[38;5;159m envs).[0m
[38;5;159m[Genesis] [06:48:45] [INFO] Running at [38;5;121m67.31[0m[38;5;159m FPS ([38;5;121m67.31[0m[38;5;159m FPS per env, [38;5;121m1[0m[38;5;159m envs).[0m
[38;5;159m[Genesis] [06:48:45] [INFO] Running at [38;5;121m67.26[0m[38;5;159m FPS ([38;5;121m67.26[0m[38;5;159m FPS per env, [38;5;121m1[0m[38;5;159m envs).[0m
[38;5;159m[Genesis] [06:48:45] [INFO] Running at [38;5;121m67.36[0m[38;5;159m FPS ([38;5;121m67.36[0m[38;5;159m FPS per env, [38;5;121m1[0m[38;5;159m envs).[0m
[38;5;159m[Genesis] [06:48:45] [INFO] Running at [38;5;121m67.32[0m[38;5;159m FPS ([38;5;121m67.32[0m[38;5;159m FPS per env, [38;5;121m1[0m[38;5;159m envs).[0m
[38;5;159m[Genesis] [06:48:45] [INFO] Running at [38;5;121m67.39[0m[38;5;159m FPS ([38;5;121m67.39[0m[38;5;159m FPS per env, [38;5;121m1[0m[38;5;159m envs).[0m
[38;5;159m[Genesis] [06:48:46] [INFO] Running at [38;5;121m67.30[0m[38;5;159m FPS ([38;5;121m67.30[0m[38;5;159m FPS per env, [38;5;121m1[0m[38;5;159m envs).[0m
[38;5;159m[Genesis] [06:48:46] [INFO] Running at [38;5;121m67.35[0m[38;5;159m FPS ([38;5;121m67.35[0m[38;5;159m FPS per env, [38;5;121m1[0m[38;5;159m envs).[0m
[38;5;159m[Genesis] [06:48:46] [INFO] Running at [38;5;121m67.32[0m[38;5;159m FPS ([38;5;121m67.32[0m[38;5;159m FPS per env, [38;5;121m1[0m[38;5;159m envs).[0m
[38;5;159m[Genesis] [06:48:46] [INFO] Running at [38;5;121m67.35[0m[38;5;159m FPS ([38;5;121m67.35[0m[38;5;159m FPS per env, [38;5;121m1[0m[38;5;159m envs).[0m
[38;5;159m[Genesis] [06:48:46] [INFO] Running at [38;5;121m67.35[0m[38;5;159m FPS ([38;5;121m67.35[0m[38;5;159m FPS per env, [38;5;121m1[0m[38;5;159m envs).[0m
[38;5;159m[Genesis] [06:48:46] [INFO] Running at [38;5;121m67.33[0m[38;5;159m FPS ([38;5;121m67.33[0m[38;5;159m FPS per env, [38;5;121m1[0m[38;5;159m envs).[0m
[38;5;159m[Genesis] [06:48:46] [INFO] Running at [38;5;121m67.36[0m[38;5;159m FPS ([38;5;121m67.36[0m[38;5;159m FPS per env, [38;5;121m1[0m[38;5;159m envs).[0m
[38;5;159m[Genesis] [06:48:46] [INFO] Running at [38;5;121m67.32[0m[38;5;159m FPS ([38;5;121m67.32[0m[38;5;159m FPS per env, [38;5;121m1[0m[38;5;159m envs).[0m
[38;5;159m[Genesis] [06:48:46] [INFO] Running at [38;5;121m67.35[0m[38;5;159m FPS ([38;5;121m67.35[0m[38;5;159m FPS per env, [38;5;121m1[0m[38;5;159m envs).[0m
[38;5;159m[Genesis] [06:48:46] [INFO] Running at [38;5;121m67.23[0m[38;5;159m FPS ([38;5;121m67.23[0m[38;5;159m FPS per env, [38;5;121m1[0m[38;5;159m envs).[0m
[38;5;159m[Genesis] [06:48:46] [INFO] Running at [38;5;121m67.24[0m[38;5;159m FPS ([38;5;121m67.24[0m[38;5;159m FPS per env, [38;5;121m1[0m[38;5;159m envs).[0m
[38;5;159m[Genesis] [06:48:46] [INFO] Running at [38;5;121m67.22[0m[38;5;159m FPS ([38;5;121m67.22[0m[38;5;159m FPS per env, [38;5;121m1[0m[38;5;159m envs).[0m
[38;5;159m[Genesis] [06:48:46] [INFO] Running at [38;5;121m67.27[0m[38;5;159m FPS ([38;5;121m67.27[0m[38;5;159m FPS per env, [38;5;121m1[0m[38;5;159m envs).[0m
[38;5;159m[Genesis] [06:48:46] [INFO] Running at [38;5;121m67.20[0m[38;5;159m FPS ([38;5;121m67.20[0m[38;5;159m FPS per env, [38;5;121m1[0m[38;5;159m envs).[0m
[38;5;159m[Genesis] [06:48:46] [INFO] Running at [38;5;121m67.33[0m[38;5;159m FPS ([38;5;121m67.33[0m[38;5;159m FPS per env, [38;5;121m1[0m[38;5;159m envs).[0m
[38;5;159m[Genesis] [06:48:46] [INFO] Running at [38;5;121m67.29[0m[38;5;159m FPS ([38;5;121m67.29[0m[38;5;159m FPS per env, [38;5;121m1[0m[38;5;159m envs).[0m
[38;5;159m[Genesis] [06:48:46] [INFO] Running at [38;5;121m67.38[0m[38;5;159m FPS ([38;5;121m67.38[0m[38;5;159m FPS per env, [38;5;121m1[0m[38;5;159m envs).[0m
[38;5;159m[Genesis] [06:48:47] [INFO] Running at [38;5;121m67.32[0m[38;5;159m FPS ([38;5;121m67.32[0m[38;5;159m FPS per env, [38;5;121m1[0m[38;5;159m envs).[0m
[38;5;159m[Genesis] [06:48:47] [INFO] Running at [38;5;121m67.40[0m[38;5;159m FPS ([38;5;121m67.40[0m[38;5;159m FPS per env, [38;5;121m1[0m[38;5;159m envs).[0m
[38;5;159m[Genesis] [06:48:47] [INFO] Running at [38;5;121m67.37[0m[38;5;159m FPS ([38;5;121m67.37[0m[38;5;159m FPS per env, [38;5;121m1[0m[38;5;159m envs).[0m
[38;5;159m[Genesis] [06:48:47] [INFO] Running at [38;5;121m67.46[0m[38;5;159m FPS ([38;5;121m67.46[0m[38;5;159m FPS per env, [38;5;121m1[0m[38;5;159m envs).[0m
[38;5;159m[Genesis] [06:48:47] [INFO] Running at [38;5;121m67.38[0m[38;5;159m FPS ([38;5;121m67.38[0m[38;5;159m FPS per env, [38;5;121m1[0m[38;5;159m envs).[0m
[38;5;159m[Genesis] [06:48:47] [INFO] Running at [38;5;121m67.47[0m[38;5;159m FPS ([38;5;121m67.47[0m[38;5;159m FPS per env, [38;5;121m1[0m[38;5;159m envs).[0m
[38;5;159m[Genesis] [06:48:47] [INFO] Running at [38;5;121m67.39[0m[38;5;159m FPS ([38;5;121m67.39[0m[38;5;159m FPS per env, [38;5;121m1[0m[38;5;159m envs).[0m
[38;5;159m[Genesis] [06:48:47] [INFO] Running at [38;5;121m67.22[0m[38;5;159m FPS ([38;5;121m67.22[0m[38;5;159m FPS per env, [38;5;121m1[0m[38;5;159m envs).[0m
[38;5;159m[Genesis] [06:48:47] [INFO] Running at [38;5;121m67.33[0m[38;5;159m FPS ([38;5;121m67.33[0m[38;5;159m FPS per env, [38;5;121m1[0m[38;5;159m envs).[0m
[38;5;159m[Genesis] [06:48:47] [INFO] Running at [38;5;121m67.39[0m[38;5;159m FPS ([38;5;121m67.39[0m[38;5;159m FPS per env, [38;5;121m1[0m[38;5;159m envs).[0m
[38;5;159m[Genesis] [06:48:47] [INFO] Running at [38;5;121m67.36[0m[38;5;159m FPS ([38;5;121m67.36[0m[38;5;159m FPS per env, [38;5;121m1[0m[38;5;159m envs).[0m
[38;5;159m[Genesis] [06:48:47] [INFO] Running at [38;5;121m67.38[0m[38;5;159m FPS ([38;5;121m67.38[0m[38;5;159m FPS per env, [38;5;121m1[0m[38;5;159m envs).[0m
[38;5;159m[Genesis] [06:48:47] [INFO] Running at [38;5;121m67.37[0m[38;5;159m FPS ([38;5;121m67.37[0m[38;5;159m FPS per env, [38;5;121m1[0m[38;5;159m envs).[0m
[38;5;159m[Genesis] [06:48:47] [INFO] Running at [38;5;121m67.39[0m[38;5;159m FPS ([38;5;121m67.39[0m[38;5;159m FPS per env, [38;5;121m1[0m[38;5;159m envs).[0m
[38;5;159m[Genesis] [06:48:47] [INFO] Running at [38;5;121m67.16[0m[38;5;159m FPS ([38;5;121m67.16[0m[38;5;159m FPS per env, [38;5;121m1[0m[38;5;159m envs).[0m
[38;5;159m[Genesis] [06:48:47] [INFO] Running at [38;5;121m67.32[0m[38;5;159m FPS ([38;5;121m67.32[0m[38;5;159m FPS per env, [38;5;121m1[0m[38;5;159m envs).[0m
[38;5;159m[Genesis] [06:48:47] [INFO] Running at [38;5;121m67.19[0m[38;5;159m FPS ([38;5;121m67.19[0m[38;5;159m FPS per env, [38;5;121m1[0m[38;5;159m envs).[0m
[38;5;159m[Genesis] [06:48:48] [INFO] Running at [38;5;121m67.20[0m[38;5;159m FPS ([38;5;121m67.20[0m[38;5;159m FPS per env, [38;5;121m1[0m[38;5;159m envs).[0m
[38;5;159m[Genesis] [06:48:48] [INFO] Running at [38;5;121m67.16[0m[38;5;159m FPS ([38;5;121m67.16[0m[38;5;159m FPS per env, [38;5;121m1[0m[38;5;159m envs).[0m
[38;5;159m[Genesis] [06:48:48] [INFO] Running at [38;5;121m67.22[0m[38;5;159m FPS ([38;5;121m67.22[0m[38;5;159m FPS per env, [38;5;121m1[0m[38;5;159m envs).[0m
[38;5;159m[Genesis] [06:48:48] [INFO] Running at [38;5;121m67.19[0m[38;5;159m FPS ([38;5;121m67.19[0m[38;5;159m FPS per env, [38;5;121m1[0m[38;5;159m envs).[0m
[38;5;159m[Genesis] [06:48:48] [INFO] Running at [38;5;121m67.22[0m[38;5;159m FPS ([38;5;121m67.22[0m[38;5;159m FPS per env, [38;5;121m1[0m[38;5;159m envs).[0m
[38;5;159m[Genesis] [06:48:48] [INFO] Running at [38;5;121m67.16[0m[38;5;159m FPS ([38;5;121m67.16[0m[38;5;159m FPS per env, [38;5;121m1[0m[38;5;159m envs).[0m
[38;5;159m[Genesis] [06:48:48] [INFO] Running at [38;5;121m67.23[0m[38;5;159m FPS ([38;5;121m67.23[0m[38;5;159m FPS per env, [38;5;121m1[0m[38;5;159m envs).[0m
[38;5;159m[Genesis] [06:48:48] [INFO] Running at [38;5;121m67.18[0m[38;5;159m FPS ([38;5;121m67.18[0m[38;5;159m FPS per env, [38;5;121m1[0m[38;5;159m envs).[0m
[38;5;159m[Genesis] [06:48:48] [INFO] Running at [38;5;121m67.26[0m[38;5;159m FPS ([38;5;121m67.26[0m[38;5;159m FPS per env, [38;5;121m1[0m[38;5;159m envs).[0m
[38;5;159m[Genesis] [06:48:48] [INFO] Running at [38;5;121m67.18[0m[38;5;159m FPS ([38;5;121m67.18[0m[38;5;159m FPS per env, [38;5;121m1[0m[38;5;159m envs).[0m
[38;5;159m[Genesis] [06:48:48] [INFO] Running at [38;5;121m67.26[0m[38;5;159m FPS ([38;5;121m67.26[0m[38;5;159m FPS per env, [38;5;121m1[0m[38;5;159m envs).[0m
[38;5;159m[Genesis] [06:48:48] [INFO] Running at [38;5;121m67.28[0m[38;5;159m FPS ([38;5;121m67.28[0m[38;5;159m FPS per env, [38;5;121m1[0m[38;5;159m envs).[0m
[38;5;159m[Genesis] [06:48:48] [INFO] Running at [38;5;121m67.28[0m[38;5;159m FPS ([38;5;121m67.28[0m[38;5;159m FPS per env, [38;5;121m1[0m[38;5;159m envs).[0m
[38;5;159m[Genesis] [06:48:48] [INFO] Running at [38;5;121m67.34[0m[38;5;159m FPS ([38;5;121m67.34[0m[38;5;159m FPS per env, [38;5;121m1[0m[38;5;159m envs).[0m
[38;5;159m[Genesis] [06:48:48] [INFO] Running at [38;5;121m67.30[0m[38;5;159m FPS ([38;5;121m67.30[0m[38;5;159m FPS per env, [38;5;121m1[0m[38;5;159m envs).[0m
[38;5;159m[Genesis] [06:48:48] [INFO] Running at [38;5;121m67.37[0m[38;5;159m FPS ([38;5;121m67.37[0m[38;5;159m FPS per env, [38;5;121m1[0m[38;5;159m envs).[0m
[38;5;159m[Genesis] [06:48:49] [INFO] Running at [38;5;121m67.31[0m[38;5;159m FPS ([38;5;121m67.31[0m[38;5;159m FPS per env, [38;5;121m1[0m[38;5;159m envs).[0m
[38;5;159m[Genesis] [06:48:49] [INFO] Running at [38;5;121m67.23[0m[38;5;159m FPS ([38;5;121m67.23[0m[38;5;159m FPS per env, [38;5;121m1[0m[38;5;159m envs).[0m
[38;5;159m[Genesis] [06:48:49] [INFO] Running at [38;5;121m67.15[0m[38;5;159m FPS ([38;5;121m67.15[0m[38;5;159m FPS per env, [38;5;121m1[0m[38;5;159m envs).[0m
[38;5;159m[Genesis] [06:48:49] [INFO] Running at [38;5;121m67.21[0m[38;5;159m FPS ([38;5;121m67.21[0m[38;5;159m FPS per env, [38;5;121m1[0m[38;5;159m envs).[0m
[38;5;159m[Genesis] [06:48:49] [INFO] Running at [38;5;121m67.27[0m[38;5;159m FPS ([38;5;121m67.27[0m[38;5;159m FPS per env, [38;5;121m1[0m[38;5;159m envs).[0m
[38;5;159m[Genesis] [06:48:49] [INFO] Running at [38;5;121m67.33[0m[38;5;159m FPS ([38;5;121m67.33[0m[38;5;159m FPS per env, [38;5;121m1[0m[38;5;159m envs).[0m
[38;5;159m[Genesis] [06:48:49] [INFO] Running at [38;5;121m67.48[0m[38;5;159m FPS ([38;5;121m67.48[0m[38;5;159m FPS per env, [38;5;121m1[0m[38;5;159m envs).[0m
[38;5;159m[Genesis] [06:48:49] [INFO] Running at [38;5;121m67.70[0m[38;5;159m FPS ([38;5;121m67.70[0m[38;5;159m FPS per env, [38;5;121m1[0m[38;5;159m envs).[0m
[38;5;159m[Genesis] [06:48:49] [INFO] Running at [38;5;121m67.70[0m[38;5;159m FPS ([38;5;121m67.70[0m[38;5;159m FPS per env, [38;5;121m1[0m[38;5;159m envs).[0m
[38;5;159m[Genesis] [06:48:49] [INFO] Running at [38;5;121m67.77[0m[38;5;159m FPS ([38;5;121m67.77[0m[38;5;159m FPS per env, [38;5;121m1[0m[38;5;159m envs).[0m
[38;5;159m[Genesis] [06:48:49] [INFO] Running at [38;5;121m67.60[0m[38;5;159m FPS ([38;5;121m67.60[0m[38;5;159m FPS per env, [38;5;121m1[0m[38;5;159m envs).[0m
[38;5;159m[Genesis] [06:48:49] [INFO] Running at [38;5;121m67.68[0m[38;5;159m FPS ([38;5;121m67.68[0m[38;5;159m FPS per env, [38;5;121m1[0m[38;5;159m envs).[0m
[38;5;159m[Genesis] [06:48:49] [INFO] Running at [38;5;121m67.58[0m[38;5;159m FPS ([38;5;121m67.58[0m[38;5;159m FPS per env, [38;5;121m1[0m[38;5;159m envs).[0m
[38;5;159m[Genesis] [06:48:49] [INFO] Running at [38;5;121m67.59[0m[38;5;159m FPS ([38;5;121m67.59[0m[38;5;159m FPS per env, [38;5;121m1[0m[38;5;159m envs).[0m
[38;5;159m[Genesis] [06:48:49] [INFO] Running at [38;5;121m67.60[0m[38;5;159m FPS ([38;5;121m67.60[0m[38;5;159m FPS per env, [38;5;121m1[0m[38;5;159m envs).[0m
[38;5;159m[Genesis] [06:48:49] [INFO] Running at [38;5;121m67.78[0m[38;5;159m FPS ([38;5;121m67.78[0m[38;5;159m FPS per env, [38;5;121m1[0m[38;5;159m envs).[0m
[38;5;159m[Genesis] [06:48:49] [INFO] Running at [38;5;121m67.87[0m[38;5;159m FPS ([38;5;121m67.87[0m[38;5;159m FPS per env, [38;5;121m1[0m[38;5;159m envs).[0m
[38;5;159m[Genesis] [06:48:49] [INFO] Running at [38;5;121m67.99[0m[38;5;159m FPS ([38;5;121m67.99[0m[38;5;159m FPS per env, [38;5;121m1[0m[38;5;159m envs).[0m
[38;5;159m[Genesis] [06:48:50] [INFO] Running at [38;5;121m68.00[0m[38;5;159m FPS ([38;5;121m68.00[0m[38;5;159m FPS per env, [38;5;121m1[0m[38;5;159m envs).[0m
[38;5;159m[Genesis] [06:48:50] [INFO] Running at [38;5;121m68.05[0m[38;5;159m FPS ([38;5;121m68.05[0m[38;5;159m FPS per env, [38;5;121m1[0m[38;5;159m envs).[0m
[38;5;159m[Genesis] [06:48:50] [INFO] Running at [38;5;121m68.00[0m[38;5;159m FPS ([38;5;121m68.00[0m[38;5;159m FPS per env, [38;5;121m1[0m[38;5;159m envs).[0m
[38;5;159m[Genesis] [06:48:50] [INFO] Running at [38;5;121m68.13[0m[38;5;159m FPS ([38;5;121m68.13[0m[38;5;159m FPS per env, [38;5;121m1[0m[38;5;159m envs).[0m
[38;5;159m[Genesis] [06:48:50] [INFO] Running at [38;5;121m68.14[0m[38;5;159m FPS ([38;5;121m68.14[0m[38;5;159m FPS per env, [38;5;121m1[0m[38;5;159m envs).[0m
[38;5;159m[Genesis] [06:48:50] [INFO] Running at [38;5;121m68.13[0m[38;5;159m FPS ([38;5;121m68.13[0m[38;5;159m FPS per env, [38;5;121m1[0m[38;5;159m envs).[0m
[38;5;159m[Genesis] [06:48:50] [INFO] Running at [38;5;121m68.04[0m[38;5;159m FPS ([38;5;121m68.04[0m[38;5;159m FPS per env, [38;5;121m1[0m[38;5;159m envs).[0m
[38;5;159m[Genesis] [06:48:50] [INFO] Running at [38;5;121m68.19[0m[38;5;159m FPS ([38;5;121m68.19[0m[38;5;159m FPS per env, [38;5;121m1[0m[38;5;159m envs).[0m
[38;5;159m[Genesis] [06:48:50] [INFO] Running at [38;5;121m68.19[0m[38;5;159m FPS ([38;5;121m68.19[0m[38;5;159m FPS per env, [38;5;121m1[0m[38;5;159m envs).[0m
[38;5;159m[Genesis] [06:48:50] [INFO] Running at [38;5;121m4.01[0m[38;5;159m FPS ([38;5;121m4.01[0m[38;5;159m FPS per env, [38;5;121m1[0m[38;5;159m envs).[0m
[38;5;159m[Genesis] [06:48:50] [INFO] Running at [38;5;121m70.75[0m[38;5;159m FPS ([38;5;121m70.75[0m[38;5;159m FPS per env, [38;5;121m1[0m[38;5;159m envs).[0m
[38;5;159m[Genesis] [06:48:50] [INFO] Running at [38;5;121m70.67[0m[38;5;159m FPS ([38;5;121m70.67[0m[38;5;159m FPS per env, [38;5;121m1[0m[38;5;159m envs).[0m
[38;5;159m[Genesis] [06:48:50] [INFO] Running at [38;5;121m70.74[0m[38;5;159m FPS ([38;5;121m70.74[0m[38;5;159m FPS per env, [38;5;121m1[0m[38;5;159m envs).[0m
[38;5;159m[Genesis] [06:48:50] [INFO] Running at [38;5;121m70.70[0m[38;5;159m FPS ([38;5;121m70.70[0m[38;5;159m FPS per env, [38;5;121m1[0m[38;5;159m envs).[0m
[38;5;159m[Genesis] [06:48:51] [INFO] Running at [38;5;121m70.74[0m[38;5;159m FPS ([38;5;121m70.74[0m[38;5;159m FPS per env, [38;5;121m1[0m[38;5;159m envs).[0m
[38;5;159m[Genesis] [06:48:51] [INFO] Running at [38;5;121m70.69[0m[38;5;159m FPS ([38;5;121m70.69[0m[38;5;159m FPS per env, [38;5;121m1[0m[38;5;159m envs).[0m
[38;5;159m[Genesis] [06:48:51] [INFO] Running at [38;5;121m70.61[0m[38;5;159m FPS ([38;5;121m70.61[0m[38;5;159m FPS per env, [38;5;121m1[0m[38;5;159m envs).[0m
[38;5;159m[Genesis] [06:48:51] [INFO] Running at [38;5;121m70.41[0m[38;5;159m FPS ([38;5;121m70.41[0m[38;5;159m FPS per env, [38;5;121m1[0m[38;5;159m envs).[0m
[38;5;159m[Genesis] [06:48:51] [INFO] Running at [38;5;121m70.34[0m[38;5;159m FPS ([38;5;121m70.34[0m[38;5;159m FPS per env, [38;5;121m1[0m[38;5;159m envs).[0m
[38;5;159m[Genesis] [06:48:51] [INFO] Running at [38;5;121m70.24[0m[38;5;159m FPS ([38;5;121m70.24[0m[38;5;159m FPS per env, [38;5;121m1[0m[38;5;159m envs).[0m
[38;5;159m[Genesis] [06:48:51] [INFO] Running at [38;5;121m69.93[0m[38;5;159m FPS ([38;5;121m69.93[0m[38;5;159m FPS per env, [38;5;121m1[0m[38;5;159m envs).[0m
[38;5;159m[Genesis] [06:48:51] [INFO] Running at [38;5;121m69.79[0m[38;5;159m FPS ([38;5;121m69.79[0m[38;5;159m FPS per env, [38;5;121m1[0m[38;5;159m envs).[0m
[38;5;159m[Genesis] [06:48:51] [INFO] Running at [38;5;121m69.70[0m[38;5;159m FPS ([38;5;121m69.70[0m[38;5;159m FPS per env, [38;5;121m1[0m[38;5;159m envs).[0m
[38;5;159m[Genesis] [06:48:51] [INFO] Running at [38;5;121m69.62[0m[38;5;159m FPS ([38;5;121m69.62[0m[38;5;159m FPS per env, [38;5;121m1[0m[38;5;159m envs).[0m
[38;5;159m[Genesis] [06:48:51] [INFO] Running at [38;5;121m69.57[0m[38;5;159m FPS ([38;5;121m69.57[0m[38;5;159m FPS per env, [38;5;121m1[0m[38;5;159m envs).[0m
[38;5;159m[Genesis] [06:48:51] [INFO] Running at [38;5;121m69.46[0m[38;5;159m FPS ([38;5;121m69.46[0m[38;5;159m FPS per env, [38;5;121m1[0m[38;5;159m envs).[0m
[38;5;159m[Genesis] [06:48:51] [INFO] Running at [38;5;121m69.42[0m[38;5;159m FPS ([38;5;121m69.42[0m[38;5;159m FPS per env, [38;5;121m1[0m[38;5;159m envs).[0m
[38;5;159m[Genesis] [06:48:51] [INFO] Running at [38;5;121m69.31[0m[38;5;159m FPS ([38;5;121m69.31[0m[38;5;159m FPS per env, [38;5;121m1[0m[38;5;159m envs).[0m
[38;5;159m[Genesis] [06:48:51] [INFO] Running at [38;5;121m69.18[0m[38;5;159m FPS ([38;5;121m69.18[0m[38;5;159m FPS per env, [38;5;121m1[0m[38;5;159m envs).[0m
[38;5;159m[Genesis] [06:48:51] [INFO] Running at [38;5;121m69.11[0m[38;5;159m FPS ([38;5;121m69.11[0m[38;5;159m FPS per env, [38;5;121m1[0m[38;5;159m envs).[0m
[38;5;159m[Genesis] [06:48:51] [INFO] Running at [38;5;121m69.08[0m[38;5;159m FPS ([38;5;121m69.08[0m[38;5;159m FPS per env, [38;5;121m1[0m[38;5;159m envs).[0m
[38;5;159m[Genesis] [06:48:52] [INFO] Running at [38;5;121m68.95[0m[38;5;159m FPS ([38;5;121m68.95[0m[38;5;159m FPS per env, [38;5;121m1[0m[38;5;159m envs).[0m
[38;5;159m[Genesis] [06:48:52] [INFO] Running at [38;5;121m68.97[0m[38;5;159m FPS ([38;5;121m68.97[0m[38;5;159m FPS per env, [38;5;121m1[0m[38;5;159m envs).[0m
[38;5;159m[Genesis] [06:48:52] [INFO] Running at [38;5;121m68.89[0m[38;5;159m FPS ([38;5;121m68.89[0m[38;5;159m FPS per env, [38;5;121m1[0m[38;5;159m envs).[0m
[38;5;159m[Genesis] [06:48:52] [INFO] Running at [38;5;121m68.88[0m[38;5;159m FPS ([38;5;121m68.88[0m[38;5;159m FPS per env, [38;5;121m1[0m[38;5;159m envs).[0m
[38;5;159m[Genesis] [06:48:52] [INFO] Running at [38;5;121m68.70[0m[38;5;159m FPS ([38;5;121m68.70[0m[38;5;159m FPS per env, [38;5;121m1[0m[38;5;159m envs).[0m
[38;5;159m[Genesis] [06:48:52] [INFO] Running at [38;5;121m68.70[0m[38;5;159m FPS ([38;5;121m68.70[0m[38;5;159m FPS per env, [38;5;121m1[0m[38;5;159m envs).[0m
[38;5;159m[Genesis] [06:48:52] [INFO] Running at [38;5;121m68.59[0m[38;5;159m FPS ([38;5;121m68.59[0m[38;5;159m FPS per env, [38;5;121m1[0m[38;5;159m envs).[0m
[38;5;159m[Genesis] [06:48:52] [INFO] Running at [38;5;121m68.34[0m[38;5;159m FPS ([38;5;121m68.34[0m[38;5;159m FPS per env, [38;5;121m1[0m[38;5;159m envs).[0m
[38;5;159m[Genesis] [06:48:52] [INFO] Running at [38;5;121m68.33[0m[38;5;159m FPS ([38;5;121m68.33[0m[38;5;159m FPS per env, [38;5;121m1[0m[38;5;159m envs).[0m
[38;5;159m[Genesis] [06:48:52] [INFO] Running at [38;5;121m68.39[0m[38;5;159m FPS ([38;5;121m68.39[0m[38;5;159m FPS per env, [38;5;121m1[0m[38;5;159m envs).[0m
[38;5;159m[Genesis] [06:48:52] [INFO] Running at [38;5;121m68.28[0m[38;5;159m FPS ([38;5;121m68.28[0m[38;5;159m FPS per env, [38;5;121m1[0m[38;5;159m envs).[0m
[38;5;159m[Genesis] [06:48:52] [INFO] Running at [38;5;121m68.16[0m[38;5;159m FPS ([38;5;121m68.16[0m[38;5;159m FPS per env, [38;5;121m1[0m[38;5;159m envs).[0m
[38;5;159m[Genesis] [06:48:52] [INFO] Running at [38;5;121m51.45[0m[38;5;159m FPS ([38;5;121m51.45[0m[38;5;159m FPS per env, [38;5;121m1[0m[38;5;159m envs).[0m
[38;5;159m[Genesis] [06:48:52] [INFO] Running at [38;5;121m68.46[0m[38;5;159m FPS ([38;5;121m68.46[0m[38;5;159m FPS per env, [38;5;121m1[0m[38;5;159m envs).[0m
[38;5;159m[Genesis] [06:48:52] [INFO] Running at [38;5;121m68.42[0m[38;5;159m FPS ([38;5;121m68.42[0m[38;5;159m FPS per env, [38;5;121m1[0m[38;5;159m envs).[0m
[38;5;159m[Genesis] [06:48:52] [INFO] Running at [38;5;121m68.00[0m[38;5;159m FPS ([38;5;121m68.00[0m[38;5;159m FPS per env, [38;5;121m1[0m[38;5;159m envs).[0m
[38;5;159m[Genesis] [06:48:53] [INFO] Running at [38;5;121m67.86[0m[38;5;159m FPS ([38;5;121m67.86[0m[38;5;159m FPS per env, [38;5;121m1[0m[38;5;159m envs).[0m
[38;5;159m[Genesis] [06:48:53] [INFO] Running at [38;5;121m67.67[0m[38;5;159m FPS ([38;5;121m67.67[0m[38;5;159m FPS per env, [38;5;121m1[0m[38;5;159m envs).[0m
[38;5;159m[Genesis] [06:48:53] [INFO] Running at [38;5;121m67.56[0m[38;5;159m FPS ([38;5;121m67.56[0m[38;5;159m FPS per env, [38;5;121m1[0m[38;5;159m envs).[0m
[38;5;159m[Genesis] [06:48:53] [INFO] Running at [38;5;121m67.52[0m[38;5;159m FPS ([38;5;121m67.52[0m[38;5;159m FPS per env, [38;5;121m1[0m[38;5;159m envs).[0m
[38;5;159m[Genesis] [06:48:53] [INFO] Running at [38;5;121m67.60[0m[38;5;159m FPS ([38;5;121m67.60[0m[38;5;159m FPS per env, [38;5;121m1[0m[38;5;159m envs).[0m
[38;5;159m[Genesis] [06:48:53] [INFO] Running at [38;5;121m67.51[0m[38;5;159m FPS ([38;5;121m67.51[0m[38;5;159m FPS per env, [38;5;121m1[0m[38;5;159m envs).[0m
[38;5;159m[Genesis] [06:48:53] [INFO] Running at [38;5;121m67.55[0m[38;5;159m FPS ([38;5;121m67.55[0m[38;5;159m FPS per env, [38;5;121m1[0m[38;5;159m envs).[0m
[38;5;159m[Genesis] [06:48:53] [INFO] Running at [38;5;121m67.61[0m[38;5;159m FPS ([38;5;121m67.61[0m[38;5;159m FPS per env, [38;5;121m1[0m[38;5;159m envs).[0m
[38;5;159m[Genesis] [06:48:53] [INFO] Running at [38;5;121m67.50[0m[38;5;159m FPS ([38;5;121m67.50[0m[38;5;159m FPS per env, [38;5;121m1[0m[38;5;159m envs).[0m
[38;5;159m[Genesis] [06:48:53] [INFO] Running at [38;5;121m67.47[0m[38;5;159m FPS ([38;5;121m67.47[0m[38;5;159m FPS per env, [38;5;121m1[0m[38;5;159m envs).[0m
[38;5;159m[Genesis] [06:48:53] [INFO] Running at [38;5;121m67.54[0m[38;5;159m FPS ([38;5;121m67.54[0m[38;5;159m FPS per env, [38;5;121m1[0m[38;5;159m envs).[0m
[38;5;159m[Genesis] [06:48:53] [INFO] Running at [38;5;121m67.45[0m[38;5;159m FPS ([38;5;121m67.45[0m[38;5;159m FPS per env, [38;5;121m1[0m[38;5;159m envs).[0m
[38;5;159m[Genesis] [06:48:53] [INFO] Running at [38;5;121m67.52[0m[38;5;159m FPS ([38;5;121m67.52[0m[38;5;159m FPS per env, [38;5;121m1[0m[38;5;159m envs).[0m
[38;5;159m[Genesis] [06:48:53] [INFO] Running at [38;5;121m67.44[0m[38;5;159m FPS ([38;5;121m67.44[0m[38;5;159m FPS per env, [38;5;121m1[0m[38;5;159m envs).[0m
[38;5;159m[Genesis] [06:48:53] [INFO] Running at [38;5;121m67.44[0m[38;5;159m FPS ([38;5;121m67.44[0m[38;5;159m FPS per env, [38;5;121m1[0m[38;5;159m envs).[0m
[38;5;159m[Genesis] [06:48:53] [INFO] Running at [38;5;121m67.43[0m[38;5;159m FPS ([38;5;121m67.43[0m[38;5;159m FPS per env, [38;5;121m1[0m[38;5;159m envs).[0m
[38;5;159m[Genesis] [06:48:53] [INFO] Running at [38;5;121m67.48[0m[38;5;159m FPS ([38;5;121m67.48[0m[38;5;159m FPS per env, [38;5;121m1[0m[38;5;159m envs).[0m
[38;5;159m[Genesis] [06:48:54] [INFO] Running at [38;5;121m67.42[0m[38;5;159m FPS ([38;5;121m67.42[0m[38;5;159m FPS per env, [38;5;121m1[0m[38;5;159m envs).[0m
[38;5;159m[Genesis] [06:48:54] [INFO] Running at [38;5;121m67.43[0m[38;5;159m FPS ([38;5;121m67.43[0m[38;5;159m FPS per env, [38;5;121m1[0m[38;5;159m envs).[0m
[38;5;159m[Genesis] [06:48:54] [INFO] Running at [38;5;121m67.40[0m[38;5;159m FPS ([38;5;121m67.40[0m[38;5;159m FPS per env, [38;5;121m1[0m[38;5;159m envs).[0m
[38;5;159m[Genesis] [06:48:54] [INFO] Running at [38;5;121m67.41[0m[38;5;159m FPS ([38;5;121m67.41[0m[38;5;159m FPS per env, [38;5;121m1[0m[38;5;159m envs).[0m
[38;5;159m[Genesis] [06:48:54] [INFO] Running at [38;5;121m67.47[0m[38;5;159m FPS ([38;5;121m67.47[0m[38;5;159m FPS per env, [38;5;121m1[0m[38;5;159m envs).[0m
[38;5;159m[Genesis] [06:48:54] [INFO] Running at [38;5;121m67.57[0m[38;5;159m FPS ([38;5;121m67.57[0m[38;5;159m FPS per env, [38;5;121m1[0m[38;5;159m envs).[0m
[38;5;159m[Genesis] [06:48:54] [INFO] Running at [38;5;121m67.39[0m[38;5;159m FPS ([38;5;121m67.39[0m[38;5;159m FPS per env, [38;5;121m1[0m[38;5;159m envs).[0m
[38;5;159m[Genesis] [06:48:54] [INFO] Running at [38;5;121m67.49[0m[38;5;159m FPS ([38;5;121m67.49[0m[38;5;159m FPS per env, [38;5;121m1[0m[38;5;159m envs).[0m
[38;5;159m[Genesis] [06:48:54] [INFO] Running at [38;5;121m67.42[0m[38;5;159m FPS ([38;5;121m67.42[0m[38;5;159m FPS per env, [38;5;121m1[0m[38;5;159m envs).[0m
[38;5;159m[Genesis] [06:48:54] [INFO] Running at [38;5;121m67.52[0m[38;5;159m FPS ([38;5;121m67.52[0m[38;5;159m FPS per env, [38;5;121m1[0m[38;5;159m envs).[0m
[38;5;159m[Genesis] [06:48:54] [INFO] Running at [38;5;121m67.44[0m[38;5;159m FPS ([38;5;121m67.44[0m[38;5;159m FPS per env, [38;5;121m1[0m[38;5;159m envs).[0m
[38;5;159m[Genesis] [06:48:54] [INFO] Running at [38;5;121m67.56[0m[38;5;159m FPS ([38;5;121m67.56[0m[38;5;159m FPS per env, [38;5;121m1[0m[38;5;159m envs).[0m
[38;5;159m[Genesis] [06:48:54] [INFO] Running at [38;5;121m67.52[0m[38;5;159m FPS ([38;5;121m67.52[0m[38;5;159m FPS per env, [38;5;121m1[0m[38;5;159m envs).[0m
[38;5;159m[Genesis] [06:48:54] [INFO] Running at [38;5;121m67.60[0m[38;5;159m FPS ([38;5;121m67.60[0m[38;5;159m FPS per env, [38;5;121m1[0m[38;5;159m envs).[0m
[38;5;159m[Genesis] [06:48:54] [INFO] Running at [38;5;121m67.56[0m[38;5;159m FPS ([38;5;121m67.56[0m[38;5;159m FPS per env, [38;5;121m1[0m[38;5;159m envs).[0m
[38;5;159m[Genesis] [06:48:54] [INFO] Running at [38;5;121m67.66[0m[38;5;159m FPS ([38;5;121m67.66[0m[38;5;159m FPS per env, [38;5;121m1[0m[38;5;159m envs).[0m
[38;5;159m[Genesis] [06:48:54] [INFO] Running at [38;5;121m67.57[0m[38;5;159m FPS ([38;5;121m67.57[0m[38;5;159m FPS per env, [38;5;121m1[0m[38;5;159m envs).[0m
[38;5;159m[Genesis] [06:48:55] [INFO] Running at [38;5;121m67.67[0m[38;5;159m FPS ([38;5;121m67.67[0m[38;5;159m FPS per env, [38;5;121m1[0m[38;5;159m envs).[0m
[38;5;159m[Genesis] [06:48:55] [INFO] Running at [38;5;121m67.57[0m[38;5;159m FPS ([38;5;121m67.57[0m[38;5;159m FPS per env, [38;5;121m1[0m[38;5;159m envs).[0m
[38;5;159m[Genesis] [06:48:55] [INFO] Running at [38;5;121m67.66[0m[38;5;159m FPS ([38;5;121m67.66[0m[38;5;159m FPS per env, [38;5;121m1[0m[38;5;159m envs).[0m
[38;5;159m[Genesis] [06:48:55] [INFO] Running at [38;5;121m67.59[0m[38;5;159m FPS ([38;5;121m67.59[0m[38;5;159m FPS per env, [38;5;121m1[0m[38;5;159m envs).[0m
[38;5;159m[Genesis] [06:48:55] [INFO] Running at [38;5;121m67.64[0m[38;5;159m FPS ([38;5;121m67.64[0m[38;5;159m FPS per env, [38;5;121m1[0m[38;5;159m envs).[0m
[38;5;159m[Genesis] [06:48:55] [INFO] Running at [38;5;121m67.54[0m[38;5;159m FPS ([38;5;121m67.54[0m[38;5;159m FPS per env, [38;5;121m1[0m[38;5;159m envs).[0m
[38;5;159m[Genesis] [06:48:55] [INFO] Running at [38;5;121m67.58[0m[38;5;159m FPS ([38;5;121m67.58[0m[38;5;159m FPS per env, [38;5;121m1[0m[38;5;159m envs).[0m
[38;5;159m[Genesis] [06:48:55] [INFO] Running at [38;5;121m67.60[0m[38;5;159m FPS ([38;5;121m67.60[0m[38;5;159m FPS per env, [38;5;121m1[0m[38;5;159m envs).[0m
[38;5;159m[Genesis] [06:48:55] [INFO] Running at [38;5;121m67.57[0m[38;5;159m FPS ([38;5;121m67.57[0m[38;5;159m FPS per env, [38;5;121m1[0m[38;5;159m envs).[0m
[38;5;159m[Genesis] [06:48:55] [INFO] Running at [38;5;121m67.64[0m[38;5;159m FPS ([38;5;121m67.64[0m[38;5;159m FPS per env, [38;5;121m1[0m[38;5;159m envs).[0m
[38;5;159m[Genesis] [06:48:55] [INFO] Running at [38;5;121m67.63[0m[38;5;159m FPS ([38;5;121m67.63[0m[38;5;159m FPS per env, [38;5;121m1[0m[38;5;159m envs).[0m
[38;5;159m[Genesis] [06:48:55] [INFO] Running at [38;5;121m67.61[0m[38;5;159m FPS ([38;5;121m67.61[0m[38;5;159m FPS per env, [38;5;121m1[0m[38;5;159m envs).[0m
[38;5;159m[Genesis] [06:48:55] [INFO] Running at [38;5;121m67.57[0m[38;5;159m FPS ([38;5;121m67.57[0m[38;5;159m FPS per env, [38;5;121m1[0m[38;5;159m envs).[0m
[38;5;159m[Genesis] [06:48:55] [INFO] Running at [38;5;121m67.65[0m[38;5;159m FPS ([38;5;121m67.65[0m[38;5;159m FPS per env, [38;5;121m1[0m[38;5;159m envs).[0m
[38;5;159m[Genesis] [06:48:55] [INFO] Running at [38;5;121m67.54[0m[38;5;159m FPS ([38;5;121m67.54[0m[38;5;159m FPS per env, [38;5;121m1[0m[38;5;159m envs).[0m
[38;5;159m[Genesis] [06:48:55] [INFO] Running at [38;5;121m67.65[0m[38;5;159m FPS ([38;5;121m67.65[0m[38;5;159m FPS per env, [38;5;121m1[0m[38;5;159m envs).[0m
[38;5;159m[Genesis] [06:48:55] [INFO] Running at [38;5;121m67.55[0m[38;5;159m FPS ([38;5;121m67.55[0m[38;5;159m FPS per env, [38;5;121m1[0m[38;5;159m envs).[0m
[38;5;159m[Genesis] [06:48:56] [INFO] Running at [38;5;121m67.63[0m[38;5;159m FPS ([38;5;121m67.63[0m[38;5;159m FPS per env, [38;5;121m1[0m[38;5;159m envs).[0m
[38;5;159m[Genesis] [06:48:56] [INFO] Running at [38;5;121m67.58[0m[38;5;159m FPS ([38;5;121m67.58[0m[38;5;159m FPS per env, [38;5;121m1[0m[38;5;159m envs).[0m
[38;5;159m[Genesis] [06:48:56] [INFO] Running at [38;5;121m67.68[0m[38;5;159m FPS ([38;5;121m67.68[0m[38;5;159m FPS per env, [38;5;121m1[0m[38;5;159m envs).[0m
[38;5;159m[Genesis] [06:48:56] [INFO] Running at [38;5;121m67.62[0m[38;5;159m FPS ([38;5;121m67.62[0m[38;5;159m FPS per env, [38;5;121m1[0m[38;5;159m envs).[0m
[38;5;159m[Genesis] [06:48:56] [INFO] Running at [38;5;121m67.72[0m[38;5;159m FPS ([38;5;121m67.72[0m[38;5;159m FPS per env, [38;5;121m1[0m[38;5;159m envs).[0m
[38;5;159m[Genesis] [06:48:56] [INFO] Running at [38;5;121m67.68[0m[38;5;159m FPS ([38;5;121m67.68[0m[38;5;159m FPS per env, [38;5;121m1[0m[38;5;159m envs).[0m
[38;5;159m[Genesis] [06:48:56] [INFO] Running at [38;5;121m67.78[0m[38;5;159m FPS ([38;5;121m67.78[0m[38;5;159m FPS per env, [38;5;121m1[0m[38;5;159m envs).[0m
[38;5;159m[Genesis] [06:48:56] [INFO] Running at [38;5;121m67.75[0m[38;5;159m FPS ([38;5;121m67.75[0m[38;5;159m FPS per env, [38;5;121m1[0m[38;5;159m envs).[0m
[38;5;159m[Genesis] [06:48:56] [INFO] Running at [38;5;121m67.82[0m[38;5;159m FPS ([38;5;121m67.82[0m[38;5;159m FPS per env, [38;5;121m1[0m[38;5;159m envs).[0m
[38;5;159m[Genesis] [06:48:56] [INFO] Running at [38;5;121m67.75[0m[38;5;159m FPS ([38;5;121m67.75[0m[38;5;159m FPS per env, [38;5;121m1[0m[38;5;159m envs).[0m
[38;5;159m[Genesis] [06:48:56] [INFO] Running at [38;5;121m67.82[0m[38;5;159m FPS ([38;5;121m67.82[0m[38;5;159m FPS per env, [38;5;121m1[0m[38;5;159m envs).[0m
[38;5;159m[Genesis] [06:48:56] [INFO] Running at [38;5;121m67.74[0m[38;5;159m FPS ([38;5;121m67.74[0m[38;5;159m FPS per env, [38;5;121m1[0m[38;5;159m envs).[0m
[38;5;159m[Genesis] [06:48:56] [INFO] Running at [38;5;121m67.76[0m[38;5;159m FPS ([38;5;121m67.76[0m[38;5;159m FPS per env, [38;5;121m1[0m[38;5;159m envs).[0m
[38;5;159m[Genesis] [06:48:56] [INFO] Running at [38;5;121m67.76[0m[38;5;159m FPS ([38;5;121m67.76[0m[38;5;159m FPS per env, [38;5;121m1[0m[38;5;159m envs).[0m
[38;5;159m[Genesis] [06:48:56] [INFO] Running at [38;5;121m67.80[0m[38;5;159m FPS ([38;5;121m67.80[0m[38;5;159m FPS per env, [38;5;121m1[0m[38;5;159m envs).[0m
[38;5;159m[Genesis] [06:48:56] [INFO] Running at [38;5;121m67.69[0m[38;5;159m FPS ([38;5;121m67.69[0m[38;5;159m FPS per env, [38;5;121m1[0m[38;5;159m envs).[0m
[38;5;159m[Genesis] [06:48:56] [INFO] Running at [38;5;121m67.71[0m[38;5;159m FPS ([38;5;121m67.71[0m[38;5;159m FPS per env, [38;5;121m1[0m[38;5;159m envs).[0m
[38;5;159m[Genesis] [06:48:57] [INFO] Running at [38;5;121m67.61[0m[38;5;159m FPS ([38;5;121m67.61[0m[38;5;159m FPS per env, [38;5;121m1[0m[38;5;159m envs).[0m
[38;5;159m[Genesis] [06:48:57] [INFO] Running at [38;5;121m67.73[0m[38;5;159m FPS ([38;5;121m67.73[0m[38;5;159m FPS per env, [38;5;121m1[0m[38;5;159m envs).[0m
[38;5;159m[Genesis] [06:48:57] [INFO] Running at [38;5;121m67.62[0m[38;5;159m FPS ([38;5;121m67.62[0m[38;5;159m FPS per env, [38;5;121m1[0m[38;5;159m envs).[0m
[38;5;159m[Genesis] [06:48:57] [INFO] Running at [38;5;121m67.65[0m[38;5;159m FPS ([38;5;121m67.65[0m[38;5;159m FPS per env, [38;5;121m1[0m[38;5;159m envs).[0m
[38;5;159m[Genesis] [06:48:57] [INFO] Running at [38;5;121m67.57[0m[38;5;159m FPS ([38;5;121m67.57[0m[38;5;159m FPS per env, [38;5;121m1[0m[38;5;159m envs).[0m
[38;5;159m[Genesis] [06:48:57] [INFO] Running at [38;5;121m67.66[0m[38;5;159m FPS ([38;5;121m67.66[0m[38;5;159m FPS per env, [38;5;121m1[0m[38;5;159m envs).[0m
[38;5;159m[Genesis] [06:48:57] [INFO] Running at [38;5;121m84.88[0m[38;5;159m FPS ([38;5;121m84.88[0m[38;5;159m FPS per env, [38;5;121m1[0m[38;5;159m envs).[0m
fps 50
[38;5;159m[Genesis] [06:48:57] [INFO] Saving video to [38;5;121m"test_3000_behind.mp4"[0m[38;5;159m...[0m
[38;5;159m[Genesis] [06:49:02] [INFO] Video saved.[0m
[38;5;159m[Genesis] [06:49:02] [INFO] Saving video to [38;5;121m"test_3000_side.mp4"[0m[38;5;159m...[0m
[38;5;159m[Genesis] [06:49:07] [INFO] Video saved.[0m
Saved recordings for checkpoint 3000.
[38;5;159m[Genesis] [06:49:07] [INFO] 💤 Exiting Genesis and caching compiled kernels...[0m
