[38;5;159m[Genesis] [06:37:58] [INFO] [38;5;121m╭───────────────────────────────────────────────╮[0m[38;5;159m[0m
[38;5;159m[Genesis] [06:37:58] [INFO] [38;5;121m│┈┉┈┉┈┉┈┉┈┉┈┉┈┉┈┉┈┉┈[0m[38;5;159m [38;5;121m[1m[3mGenesis[0m[38;5;159m [38;5;121m┈┉┈┉┈┉┈┉┈┉┈┉┈┉┈┉┈┉┈│[0m[38;5;159m[0m
[38;5;159m[Genesis] [06:37:58] [INFO] [38;5;121m╰───────────────────────────────────────────────╯[0m[38;5;159m[0m
[38;5;159m[Genesis] [06:37:59] [INFO] Running on [38;5;121m[4m[NVIDIA GeForce RTX 5090][0m[38;5;159m with backend [38;5;121m[4mgs.cuda[0m[38;5;159m. Device memory: [38;5;121m[4m31.36[0m[38;5;159m GB.[0m
[38;5;159m[Genesis] [06:37:59] [INFO] 🚀 Genesis initialized. 🔖 version: [38;5;121m[4m0.4.7[0m[38;5;159m, 🎨 theme: [38;5;121m[4mdark[0m[38;5;159m, 🌱 seed: [38;5;121m[4mNone[0m[38;5;159m, 🐛 debug: [38;5;121m[4mFalse[0m[38;5;159m, 📏 precision: [38;5;121m[4m32[0m[38;5;159m, 🔥 performance: [38;5;121m[4mFalse[0m[38;5;159m, 💬 verbose: [38;5;121m[4mINFO[0m[38;5;159m[0m
[38;5;226m[Genesis] [06:38:01] [WARNING] Viewer option 'n_rendered_envs' is deprecated and will be removed in a future release. Please use 'rendered_envs_idx' instead.[0m
[38;5;159m[Genesis] [06:38:02] [INFO] Scene [38;5;121m[3m<f3f26e5>[0m[38;5;159m created.[0m
[38;5;159m[Genesis] [06:38:02] [INFO] Adding [38;5;121m<gs.engine.entities.RigidEntity>[0m[38;5;159m. idx: [38;5;121m0[0m[38;5;159m, uid: [38;5;121m[3m<a664de7>[0m[38;5;159m, morph: [38;5;121m<gs.morphs.Terrain>[0m[38;5;159m, material: [38;5;121m<gs.materials.Rigid>[0m[38;5;159m.[0m
[38;5;159m[Genesis] [06:38:02] [INFO] Adding [38;5;121m<gs.engine.entities.RigidEntity>[0m[38;5;159m. idx: [38;5;121m1[0m[38;5;159m, uid: [38;5;121m[3m<06edce2>[0m[38;5;159m, morph: [38;5;121m<gs.morphs.URDF(file='/home/jfriesen/.local/lib/python3.12/site-packages/genesis/assets/urdf/go2/urdf/go2.urdf')>[0m[38;5;159m, material: [38;5;121m<gs.materials.Rigid>[0m[38;5;159m.[0m
[38;5;159m[Genesis] [06:38:05] [INFO] Building scene [38;5;121m[3m<f3f26e5>[0m[38;5;159m...[0m
[38;5;226m[Genesis] [06:38:05] [WARNING] Neutral robot position (qpos0) exceeds joint limits.[0m
[38;5;159m[Genesis] [06:38:06] [INFO] Compiling simulation kernels...[0m
[38;5;159m[Genesis] [06:38:07] [INFO] Building visualizer...[0m
[38;5;226m[Genesis] [06:38:08] [WARNING] This property is deprecated and will be removed in future release. Please use 'dofs_idx_local' instead.[0m
[38;5;226m[Genesis] [06:38:08] [WARNING] This property is deprecated and will be removed in future release. Please use 'dofs_idx_local' instead.[0m
[38;5;226m[Genesis] [06:38:08] [WARNING] This property is deprecated and will be removed in future release. Please use 'dofs_idx_local' instead.[0m
[38;5;226m[Genesis] [06:38:08] [WARNING] This property is deprecated and will be removed in future release. Please use 'dofs_idx_local' instead.[0m
[38;5;226m[Genesis] [06:38:08] [WARNING] This property is deprecated and will be removed in future release. Please use 'dofs_idx_local' instead.[0m
[38;5;226m[Genesis] [06:38:08] [WARNING] This property is deprecated and will be removed in future release. Please use 'dofs_idx_local' instead.[0m
[38;5;226m[Genesis] [06:38:08] [WARNING] This property is deprecated and will be removed in future release. Please use 'dofs_idx_local' instead.[0m
[38;5;226m[Genesis] [06:38:08] [WARNING] This property is deprecated and will be removed in future release. Please use 'dofs_idx_local' instead.[0m
[38;5;226m[Genesis] [06:38:08] [WARNING] This property is deprecated and will be removed in future release. Please use 'dofs_idx_local' instead.[0m
[38;5;226m[Genesis] [06:38:08] [WARNING] This property is deprecated and will be removed in future release. Please use 'dofs_idx_local' instead.[0m
[38;5;226m[Genesis] [06:38:08] [WARNING] This property is deprecated and will be removed in future release. Please use 'dofs_idx_local' instead.[0m
[38;5;226m[Genesis] [06:38:08] [WARNING] This property is deprecated and will be removed in future release. Please use 'dofs_idx_local' instead.[0m
/home/jfriesen/.local/lib/python3.12/site-packages/torch/utils/_device.py:122: UserWarning: To copy construct from a tensor, it is recommended to use sourceTensor.detach().clone() or sourceTensor.detach().clone().requires_grad_(True), rather than torch.tensor(sourceTensor).
  return func(*args, **kwargs)
Actor MLP: Sequential(
  (0): Linear(in_features=76, out_features=512, bias=True)
  (1): ELU(alpha=1.0)
  (2): Linear(in_features=512, out_features=256, bias=True)
  (3): ELU(alpha=1.0)
  (4): Linear(in_features=256, out_features=128, bias=True)
  (5): ELU(alpha=1.0)
  (6): Linear(in_features=128, out_features=12, bias=True)
)
Critic MLP: Sequential(
  (0): Linear(in_features=100, out_features=512, bias=True)
  (1): ELU(alpha=1.0)
  (2): Linear(in_features=512, out_features=256, bias=True)
  (3): ELU(alpha=1.0)
  (4): Linear(in_features=256, out_features=128, bias=True)
  (5): ELU(alpha=1.0)
  (6): Linear(in_features=128, out_features=1, bias=True)
)
[38;5;159m[Genesis] [06:38:10] [INFO] Running at [38;5;121m1.47[0m[38;5;159m FPS ([38;5;121m1.47[0m[38;5;159m FPS per env, [38;5;121m1[0m[38;5;159m envs).[0m
[38;5;159m[Genesis] [06:38:10] [INFO] Running at [38;5;121m6.16[0m[38;5;159m FPS ([38;5;121m6.16[0m[38;5;159m FPS per env, [38;5;121m1[0m[38;5;159m envs).[0m
[38;5;159m[Genesis] [06:38:10] [INFO] Running at [38;5;121m80.30[0m[38;5;159m FPS ([38;5;121m80.30[0m[38;5;159m FPS per env, [38;5;121m1[0m[38;5;159m envs).[0m
[38;5;159m[Genesis] [06:38:10] [INFO] Running at [38;5;121m80.37[0m[38;5;159m FPS ([38;5;121m80.37[0m[38;5;159m FPS per env, [38;5;121m1[0m[38;5;159m envs).[0m
[38;5;159m[Genesis] [06:38:10] [INFO] Running at [38;5;121m80.49[0m[38;5;159m FPS ([38;5;121m80.49[0m[38;5;159m FPS per env, [38;5;121m1[0m[38;5;159m envs).[0m
[38;5;159m[Genesis] [06:38:10] [INFO] Running at [38;5;121m80.49[0m[38;5;159m FPS ([38;5;121m80.49[0m[38;5;159m FPS per env, [38;5;121m1[0m[38;5;159m envs).[0m
[38;5;159m[Genesis] [06:38:11] [INFO] Running at [38;5;121m80.57[0m[38;5;159m FPS ([38;5;121m80.57[0m[38;5;159m FPS per env, [38;5;121m1[0m[38;5;159m envs).[0m
[38;5;159m[Genesis] [06:38:11] [INFO] Running at [38;5;121m80.64[0m[38;5;159m FPS ([38;5;121m80.64[0m[38;5;159m FPS per env, [38;5;121m1[0m[38;5;159m envs).[0m
[38;5;159m[Genesis] [06:38:11] [INFO] Running at [38;5;121m80.75[0m[38;5;159m FPS ([38;5;121m80.75[0m[38;5;159m FPS per env, [38;5;121m1[0m[38;5;159m envs).[0m
[38;5;159m[Genesis] [06:38:11] [INFO] Running at [38;5;121m80.83[0m[38;5;159m FPS ([38;5;121m80.83[0m[38;5;159m FPS per env, [38;5;121m1[0m[38;5;159m envs).[0m
[38;5;159m[Genesis] [06:38:11] [INFO] Running at [38;5;121m80.94[0m[38;5;159m FPS ([38;5;121m80.94[0m[38;5;159m FPS per env, [38;5;121m1[0m[38;5;159m envs).[0m
[38;5;159m[Genesis] [06:38:11] [INFO] Running at [38;5;121m81.04[0m[38;5;159m FPS ([38;5;121m81.04[0m[38;5;159m FPS per env, [38;5;121m1[0m[38;5;159m envs).[0m
[38;5;159m[Genesis] [06:38:11] [INFO] Running at [38;5;121m81.14[0m[38;5;159m FPS ([38;5;121m81.14[0m[38;5;159m FPS per env, [38;5;121m1[0m[38;5;159m envs).[0m
[38;5;159m[Genesis] [06:38:11] [INFO] Running at [38;5;121m81.16[0m[38;5;159m FPS ([38;5;121m81.16[0m[38;5;159m FPS per env, [38;5;121m1[0m[38;5;159m envs).[0m
[38;5;159m[Genesis] [06:38:11] [INFO] Running at [38;5;121m81.24[0m[38;5;159m FPS ([38;5;121m81.24[0m[38;5;159m FPS per env, [38;5;121m1[0m[38;5;159m envs).[0m
[38;5;159m[Genesis] [06:38:11] [INFO] Running at [38;5;121m81.26[0m[38;5;159m FPS ([38;5;121m81.26[0m[38;5;159m FPS per env, [38;5;121m1[0m[38;5;159m envs).[0m
[38;5;159m[Genesis] [06:38:11] [INFO] Running at [38;5;121m81.28[0m[38;5;159m FPS ([38;5;121m81.28[0m[38;5;159m FPS per env, [38;5;121m1[0m[38;5;159m envs).[0m
[38;5;159m[Genesis] [06:38:11] [INFO] Running at [38;5;121m81.34[0m[38;5;159m FPS ([38;5;121m81.34[0m[38;5;159m FPS per env, [38;5;121m1[0m[38;5;159m envs).[0m
[38;5;159m[Genesis] [06:38:11] [INFO] Running at [38;5;121m65.63[0m[38;5;159m FPS ([38;5;121m65.63[0m[38;5;159m FPS per env, [38;5;121m1[0m[38;5;159m envs).[0m
[38;5;159m[Genesis] [06:38:11] [INFO] Running at [38;5;121m82.05[0m[38;5;159m FPS ([38;5;121m82.05[0m[38;5;159m FPS per env, [38;5;121m1[0m[38;5;159m envs).[0m
[38;5;159m[Genesis] [06:38:11] [INFO] Running at [38;5;121m82.09[0m[38;5;159m FPS ([38;5;121m82.09[0m[38;5;159m FPS per env, [38;5;121m1[0m[38;5;159m envs).[0m
[38;5;159m[Genesis] [06:38:11] [INFO] Running at [38;5;121m82.12[0m[38;5;159m FPS ([38;5;121m82.12[0m[38;5;159m FPS per env, [38;5;121m1[0m[38;5;159m envs).[0m
[38;5;159m[Genesis] [06:38:12] [INFO] Running at [38;5;121m82.16[0m[38;5;159m FPS ([38;5;121m82.16[0m[38;5;159m FPS per env, [38;5;121m1[0m[38;5;159m envs).[0m
[38;5;159m[Genesis] [06:38:12] [INFO] Running at [38;5;121m82.14[0m[38;5;159m FPS ([38;5;121m82.14[0m[38;5;159m FPS per env, [38;5;121m1[0m[38;5;159m envs).[0m
[38;5;159m[Genesis] [06:38:12] [INFO] Running at [38;5;121m82.12[0m[38;5;159m FPS ([38;5;121m82.12[0m[38;5;159m FPS per env, [38;5;121m1[0m[38;5;159m envs).[0m
[38;5;159m[Genesis] [06:38:12] [INFO] Running at [38;5;121m82.15[0m[38;5;159m FPS ([38;5;121m82.15[0m[38;5;159m FPS per env, [38;5;121m1[0m[38;5;159m envs).[0m
[38;5;159m[Genesis] [06:38:12] [INFO] Running at [38;5;121m82.18[0m[38;5;159m FPS ([38;5;121m82.18[0m[38;5;159m FPS per env, [38;5;121m1[0m[38;5;159m envs).[0m
[38;5;159m[Genesis] [06:38:12] [INFO] Running at [38;5;121m82.21[0m[38;5;159m FPS ([38;5;121m82.21[0m[38;5;159m FPS per env, [38;5;121m1[0m[38;5;159m envs).[0m
[38;5;159m[Genesis] [06:38:12] [INFO] Running at [38;5;121m82.23[0m[38;5;159m FPS ([38;5;121m82.23[0m[38;5;159m FPS per env, [38;5;121m1[0m[38;5;159m envs).[0m
[38;5;159m[Genesis] [06:38:12] [INFO] Running at [38;5;121m82.27[0m[38;5;159m FPS ([38;5;121m82.27[0m[38;5;159m FPS per env, [38;5;121m1[0m[38;5;159m envs).[0m
[38;5;159m[Genesis] [06:38:12] [INFO] Running at [38;5;121m66.37[0m[38;5;159m FPS ([38;5;121m66.37[0m[38;5;159m FPS per env, [38;5;121m1[0m[38;5;159m envs).[0m
[38;5;159m[Genesis] [06:38:12] [INFO] Running at [38;5;121m82.94[0m[38;5;159m FPS ([38;5;121m82.94[0m[38;5;159m FPS per env, [38;5;121m1[0m[38;5;159m envs).[0m
[38;5;159m[Genesis] [06:38:12] [INFO] Running at [38;5;121m82.95[0m[38;5;159m FPS ([38;5;121m82.95[0m[38;5;159m FPS per env, [38;5;121m1[0m[38;5;159m envs).[0m
[38;5;159m[Genesis] [06:38:12] [INFO] Running at [38;5;121m82.93[0m[38;5;159m FPS ([38;5;121m82.93[0m[38;5;159m FPS per env, [38;5;121m1[0m[38;5;159m envs).[0m
[38;5;159m[Genesis] [06:38:12] [INFO] Running at [38;5;121m82.94[0m[38;5;159m FPS ([38;5;121m82.94[0m[38;5;159m FPS per env, [38;5;121m1[0m[38;5;159m envs).[0m
[38;5;159m[Genesis] [06:38:12] [INFO] Running at [38;5;121m82.77[0m[38;5;159m FPS ([38;5;121m82.77[0m[38;5;159m FPS per env, [38;5;121m1[0m[38;5;159m envs).[0m
[38;5;159m[Genesis] [06:38:12] [INFO] Running at [38;5;121m82.79[0m[38;5;159m FPS ([38;5;121m82.79[0m[38;5;159m FPS per env, [38;5;121m1[0m[38;5;159m envs).[0m
[38;5;159m[Genesis] [06:38:12] [INFO] Running at [38;5;121m82.80[0m[38;5;159m FPS ([38;5;121m82.80[0m[38;5;159m FPS per env, [38;5;121m1[0m[38;5;159m envs).[0m
[38;5;159m[Genesis] [06:38:12] [INFO] Running at [38;5;121m82.82[0m[38;5;159m FPS ([38;5;121m82.82[0m[38;5;159m FPS per env, [38;5;121m1[0m[38;5;159m envs).[0m
[38;5;159m[Genesis] [06:38:13] [INFO] Running at [38;5;121m82.84[0m[38;5;159m FPS ([38;5;121m82.84[0m[38;5;159m FPS per env, [38;5;121m1[0m[38;5;159m envs).[0m
[38;5;159m[Genesis] [06:38:13] [INFO] Running at [38;5;121m82.88[0m[38;5;159m FPS ([38;5;121m82.88[0m[38;5;159m FPS per env, [38;5;121m1[0m[38;5;159m envs).[0m
[38;5;159m[Genesis] [06:38:13] [INFO] Running at [38;5;121m82.87[0m[38;5;159m FPS ([38;5;121m82.87[0m[38;5;159m FPS per env, [38;5;121m1[0m[38;5;159m envs).[0m
[38;5;159m[Genesis] [06:38:13] [INFO] Running at [38;5;121m82.87[0m[38;5;159m FPS ([38;5;121m82.87[0m[38;5;159m FPS per env, [38;5;121m1[0m[38;5;159m envs).[0m
[38;5;159m[Genesis] [06:38:13] [INFO] Running at [38;5;121m82.86[0m[38;5;159m FPS ([38;5;121m82.86[0m[38;5;159m FPS per env, [38;5;121m1[0m[38;5;159m envs).[0m
[38;5;159m[Genesis] [06:38:13] [INFO] Running at [38;5;121m82.87[0m[38;5;159m FPS ([38;5;121m82.87[0m[38;5;159m FPS per env, [38;5;121m1[0m[38;5;159m envs).[0m
[38;5;159m[Genesis] [06:38:13] [INFO] Running at [38;5;121m82.86[0m[38;5;159m FPS ([38;5;121m82.86[0m[38;5;159m FPS per env, [38;5;121m1[0m[38;5;159m envs).[0m
[38;5;159m[Genesis] [06:38:13] [INFO] Running at [38;5;121m82.87[0m[38;5;159m FPS ([38;5;121m82.87[0m[38;5;159m FPS per env, [38;5;121m1[0m[38;5;159m envs).[0m
[38;5;159m[Genesis] [06:38:13] [INFO] Running at [38;5;121m82.88[0m[38;5;159m FPS ([38;5;121m82.88[0m[38;5;159m FPS per env, [38;5;121m1[0m[38;5;159m envs).[0m
[38;5;159m[Genesis] [06:38:13] [INFO] Running at [38;5;121m82.88[0m[38;5;159m FPS ([38;5;121m82.88[0m[38;5;159m FPS per env, [38;5;121m1[0m[38;5;159m envs).[0m
[38;5;159m[Genesis] [06:38:13] [INFO] Running at [38;5;121m82.90[0m[38;5;159m FPS ([38;5;121m82.90[0m[38;5;159m FPS per env, [38;5;121m1[0m[38;5;159m envs).[0m
[38;5;159m[Genesis] [06:38:13] [INFO] Running at [38;5;121m82.89[0m[38;5;159m FPS ([38;5;121m82.89[0m[38;5;159m FPS per env, [38;5;121m1[0m[38;5;159m envs).[0m
[38;5;159m[Genesis] [06:38:13] [INFO] Running at [38;5;121m82.89[0m[38;5;159m FPS ([38;5;121m82.89[0m[38;5;159m FPS per env, [38;5;121m1[0m[38;5;159m envs).[0m
[38;5;159m[Genesis] [06:38:13] [INFO] Running at [38;5;121m82.73[0m[38;5;159m FPS ([38;5;121m82.73[0m[38;5;159m FPS per env, [38;5;121m1[0m[38;5;159m envs).[0m
[38;5;159m[Genesis] [06:38:13] [INFO] Running at [38;5;121m82.74[0m[38;5;159m FPS ([38;5;121m82.74[0m[38;5;159m FPS per env, [38;5;121m1[0m[38;5;159m envs).[0m
[38;5;159m[Genesis] [06:38:13] [INFO] Running at [38;5;121m82.71[0m[38;5;159m FPS ([38;5;121m82.71[0m[38;5;159m FPS per env, [38;5;121m1[0m[38;5;159m envs).[0m
[38;5;159m[Genesis] [06:38:14] [INFO] Running at [38;5;121m82.65[0m[38;5;159m FPS ([38;5;121m82.65[0m[38;5;159m FPS per env, [38;5;121m1[0m[38;5;159m envs).[0m
[38;5;159m[Genesis] [06:38:14] [INFO] Running at [38;5;121m82.68[0m[38;5;159m FPS ([38;5;121m82.68[0m[38;5;159m FPS per env, [38;5;121m1[0m[38;5;159m envs).[0m
[38;5;159m[Genesis] [06:38:14] [INFO] Running at [38;5;121m82.66[0m[38;5;159m FPS ([38;5;121m82.66[0m[38;5;159m FPS per env, [38;5;121m1[0m[38;5;159m envs).[0m
[38;5;159m[Genesis] [06:38:14] [INFO] Running at [38;5;121m82.66[0m[38;5;159m FPS ([38;5;121m82.66[0m[38;5;159m FPS per env, [38;5;121m1[0m[38;5;159m envs).[0m
[38;5;159m[Genesis] [06:38:14] [INFO] Running at [38;5;121m82.66[0m[38;5;159m FPS ([38;5;121m82.66[0m[38;5;159m FPS per env, [38;5;121m1[0m[38;5;159m envs).[0m
[38;5;159m[Genesis] [06:38:14] [INFO] Running at [38;5;121m82.63[0m[38;5;159m FPS ([38;5;121m82.63[0m[38;5;159m FPS per env, [38;5;121m1[0m[38;5;159m envs).[0m
[38;5;159m[Genesis] [06:38:14] [INFO] Running at [38;5;121m82.65[0m[38;5;159m FPS ([38;5;121m82.65[0m[38;5;159m FPS per env, [38;5;121m1[0m[38;5;159m envs).[0m
[38;5;159m[Genesis] [06:38:14] [INFO] Running at [38;5;121m82.62[0m[38;5;159m FPS ([38;5;121m82.62[0m[38;5;159m FPS per env, [38;5;121m1[0m[38;5;159m envs).[0m
[38;5;159m[Genesis] [06:38:14] [INFO] Running at [38;5;121m82.62[0m[38;5;159m FPS ([38;5;121m82.62[0m[38;5;159m FPS per env, [38;5;121m1[0m[38;5;159m envs).[0m
[38;5;159m[Genesis] [06:38:14] [INFO] Running at [38;5;121m82.64[0m[38;5;159m FPS ([38;5;121m82.64[0m[38;5;159m FPS per env, [38;5;121m1[0m[38;5;159m envs).[0m
[38;5;159m[Genesis] [06:38:14] [INFO] Running at [38;5;121m82.65[0m[38;5;159m FPS ([38;5;121m82.65[0m[38;5;159m FPS per env, [38;5;121m1[0m[38;5;159m envs).[0m
[38;5;159m[Genesis] [06:38:14] [INFO] Running at [38;5;121m82.63[0m[38;5;159m FPS ([38;5;121m82.63[0m[38;5;159m FPS per env, [38;5;121m1[0m[38;5;159m envs).[0m
[38;5;159m[Genesis] [06:38:14] [INFO] Running at [38;5;121m82.66[0m[38;5;159m FPS ([38;5;121m82.66[0m[38;5;159m FPS per env, [38;5;121m1[0m[38;5;159m envs).[0m
[38;5;159m[Genesis] [06:38:14] [INFO] Running at [38;5;121m82.68[0m[38;5;159m FPS ([38;5;121m82.68[0m[38;5;159m FPS per env, [38;5;121m1[0m[38;5;159m envs).[0m
[38;5;159m[Genesis] [06:38:14] [INFO] Running at [38;5;121m82.69[0m[38;5;159m FPS ([38;5;121m82.69[0m[38;5;159m FPS per env, [38;5;121m1[0m[38;5;159m envs).[0m
[38;5;159m[Genesis] [06:38:14] [INFO] Running at [38;5;121m66.69[0m[38;5;159m FPS ([38;5;121m66.69[0m[38;5;159m FPS per env, [38;5;121m1[0m[38;5;159m envs).[0m
[38;5;159m[Genesis] [06:38:14] [INFO] Running at [38;5;121m83.35[0m[38;5;159m FPS ([38;5;121m83.35[0m[38;5;159m FPS per env, [38;5;121m1[0m[38;5;159m envs).[0m
[38;5;159m[Genesis] [06:38:15] [INFO] Running at [38;5;121m83.34[0m[38;5;159m FPS ([38;5;121m83.34[0m[38;5;159m FPS per env, [38;5;121m1[0m[38;5;159m envs).[0m
[38;5;159m[Genesis] [06:38:15] [INFO] Running at [38;5;121m83.26[0m[38;5;159m FPS ([38;5;121m83.26[0m[38;5;159m FPS per env, [38;5;121m1[0m[38;5;159m envs).[0m
[38;5;159m[Genesis] [06:38:15] [INFO] Running at [38;5;121m83.26[0m[38;5;159m FPS ([38;5;121m83.26[0m[38;5;159m FPS per env, [38;5;121m1[0m[38;5;159m envs).[0m
[38;5;159m[Genesis] [06:38:15] [INFO] Running at [38;5;121m83.22[0m[38;5;159m FPS ([38;5;121m83.22[0m[38;5;159m FPS per env, [38;5;121m1[0m[38;5;159m envs).[0m
[38;5;159m[Genesis] [06:38:15] [INFO] Running at [38;5;121m83.20[0m[38;5;159m FPS ([38;5;121m83.20[0m[38;5;159m FPS per env, [38;5;121m1[0m[38;5;159m envs).[0m
[38;5;159m[Genesis] [06:38:15] [INFO] Running at [38;5;121m83.16[0m[38;5;159m FPS ([38;5;121m83.16[0m[38;5;159m FPS per env, [38;5;121m1[0m[38;5;159m envs).[0m
[38;5;159m[Genesis] [06:38:15] [INFO] Running at [38;5;121m83.15[0m[38;5;159m FPS ([38;5;121m83.15[0m[38;5;159m FPS per env, [38;5;121m1[0m[38;5;159m envs).[0m
[38;5;159m[Genesis] [06:38:15] [INFO] Running at [38;5;121m83.13[0m[38;5;159m FPS ([38;5;121m83.13[0m[38;5;159m FPS per env, [38;5;121m1[0m[38;5;159m envs).[0m
[38;5;159m[Genesis] [06:38:15] [INFO] Running at [38;5;121m83.12[0m[38;5;159m FPS ([38;5;121m83.12[0m[38;5;159m FPS per env, [38;5;121m1[0m[38;5;159m envs).[0m
[38;5;159m[Genesis] [06:38:15] [INFO] Running at [38;5;121m83.11[0m[38;5;159m FPS ([38;5;121m83.11[0m[38;5;159m FPS per env, [38;5;121m1[0m[38;5;159m envs).[0m
[38;5;159m[Genesis] [06:38:15] [INFO] Running at [38;5;121m66.99[0m[38;5;159m FPS ([38;5;121m66.99[0m[38;5;159m FPS per env, [38;5;121m1[0m[38;5;159m envs).[0m
[38;5;159m[Genesis] [06:38:15] [INFO] Running at [38;5;121m83.65[0m[38;5;159m FPS ([38;5;121m83.65[0m[38;5;159m FPS per env, [38;5;121m1[0m[38;5;159m envs).[0m
[38;5;159m[Genesis] [06:38:15] [INFO] Running at [38;5;121m83.59[0m[38;5;159m FPS ([38;5;121m83.59[0m[38;5;159m FPS per env, [38;5;121m1[0m[38;5;159m envs).[0m
[38;5;159m[Genesis] [06:38:15] [INFO] Running at [38;5;121m83.56[0m[38;5;159m FPS ([38;5;121m83.56[0m[38;5;159m FPS per env, [38;5;121m1[0m[38;5;159m envs).[0m
[38;5;159m[Genesis] [06:38:15] [INFO] Running at [38;5;121m83.48[0m[38;5;159m FPS ([38;5;121m83.48[0m[38;5;159m FPS per env, [38;5;121m1[0m[38;5;159m envs).[0m
[38;5;159m[Genesis] [06:38:15] [INFO] Running at [38;5;121m67.30[0m[38;5;159m FPS ([38;5;121m67.30[0m[38;5;159m FPS per env, [38;5;121m1[0m[38;5;159m envs).[0m
[38;5;159m[Genesis] [06:38:15] [INFO] Running at [38;5;121m84.00[0m[38;5;159m FPS ([38;5;121m84.00[0m[38;5;159m FPS per env, [38;5;121m1[0m[38;5;159m envs).[0m
[38;5;159m[Genesis] [06:38:16] [INFO] Running at [38;5;121m83.96[0m[38;5;159m FPS ([38;5;121m83.96[0m[38;5;159m FPS per env, [38;5;121m1[0m[38;5;159m envs).[0m
[38;5;159m[Genesis] [06:38:16] [INFO] Running at [38;5;121m83.90[0m[38;5;159m FPS ([38;5;121m83.90[0m[38;5;159m FPS per env, [38;5;121m1[0m[38;5;159m envs).[0m
[38;5;159m[Genesis] [06:38:16] [INFO] Running at [38;5;121m83.84[0m[38;5;159m FPS ([38;5;121m83.84[0m[38;5;159m FPS per env, [38;5;121m1[0m[38;5;159m envs).[0m
[38;5;159m[Genesis] [06:38:16] [INFO] Running at [38;5;121m83.80[0m[38;5;159m FPS ([38;5;121m83.80[0m[38;5;159m FPS per env, [38;5;121m1[0m[38;5;159m envs).[0m
[38;5;159m[Genesis] [06:38:16] [INFO] Running at [38;5;121m83.76[0m[38;5;159m FPS ([38;5;121m83.76[0m[38;5;159m FPS per env, [38;5;121m1[0m[38;5;159m envs).[0m
[38;5;159m[Genesis] [06:38:16] [INFO] Running at [38;5;121m83.70[0m[38;5;159m FPS ([38;5;121m83.70[0m[38;5;159m FPS per env, [38;5;121m1[0m[38;5;159m envs).[0m
[38;5;159m[Genesis] [06:38:16] [INFO] Running at [38;5;121m83.64[0m[38;5;159m FPS ([38;5;121m83.64[0m[38;5;159m FPS per env, [38;5;121m1[0m[38;5;159m envs).[0m
[38;5;159m[Genesis] [06:38:16] [INFO] Running at [38;5;121m83.58[0m[38;5;159m FPS ([38;5;121m83.58[0m[38;5;159m FPS per env, [38;5;121m1[0m[38;5;159m envs).[0m
[38;5;159m[Genesis] [06:38:16] [INFO] Running at [38;5;121m83.51[0m[38;5;159m FPS ([38;5;121m83.51[0m[38;5;159m FPS per env, [38;5;121m1[0m[38;5;159m envs).[0m
[38;5;159m[Genesis] [06:38:16] [INFO] Running at [38;5;121m83.44[0m[38;5;159m FPS ([38;5;121m83.44[0m[38;5;159m FPS per env, [38;5;121m1[0m[38;5;159m envs).[0m
[38;5;159m[Genesis] [06:38:16] [INFO] Running at [38;5;121m83.39[0m[38;5;159m FPS ([38;5;121m83.39[0m[38;5;159m FPS per env, [38;5;121m1[0m[38;5;159m envs).[0m
[38;5;159m[Genesis] [06:38:16] [INFO] Running at [38;5;121m83.36[0m[38;5;159m FPS ([38;5;121m83.36[0m[38;5;159m FPS per env, [38;5;121m1[0m[38;5;159m envs).[0m
[38;5;159m[Genesis] [06:38:16] [INFO] Running at [38;5;121m83.35[0m[38;5;159m FPS ([38;5;121m83.35[0m[38;5;159m FPS per env, [38;5;121m1[0m[38;5;159m envs).[0m
[38;5;159m[Genesis] [06:38:16] [INFO] Running at [38;5;121m83.33[0m[38;5;159m FPS ([38;5;121m83.33[0m[38;5;159m FPS per env, [38;5;121m1[0m[38;5;159m envs).[0m
[38;5;159m[Genesis] [06:38:16] [INFO] Running at [38;5;121m83.32[0m[38;5;159m FPS ([38;5;121m83.32[0m[38;5;159m FPS per env, [38;5;121m1[0m[38;5;159m envs).[0m
[38;5;159m[Genesis] [06:38:16] [INFO] Running at [38;5;121m67.17[0m[38;5;159m FPS ([38;5;121m67.17[0m[38;5;159m FPS per env, [38;5;121m1[0m[38;5;159m envs).[0m
[38;5;159m[Genesis] [06:38:16] [INFO] Running at [38;5;121m83.92[0m[38;5;159m FPS ([38;5;121m83.92[0m[38;5;159m FPS per env, [38;5;121m1[0m[38;5;159m envs).[0m
[38;5;159m[Genesis] [06:38:17] [INFO] Running at [38;5;121m83.86[0m[38;5;159m FPS ([38;5;121m83.86[0m[38;5;159m FPS per env, [38;5;121m1[0m[38;5;159m envs).[0m
[38;5;159m[Genesis] [06:38:17] [INFO] Running at [38;5;121m83.81[0m[38;5;159m FPS ([38;5;121m83.81[0m[38;5;159m FPS per env, [38;5;121m1[0m[38;5;159m envs).[0m
[38;5;159m[Genesis] [06:38:17] [INFO] Running at [38;5;121m83.79[0m[38;5;159m FPS ([38;5;121m83.79[0m[38;5;159m FPS per env, [38;5;121m1[0m[38;5;159m envs).[0m
[38;5;159m[Genesis] [06:38:17] [INFO] Running at [38;5;121m83.78[0m[38;5;159m FPS ([38;5;121m83.78[0m[38;5;159m FPS per env, [38;5;121m1[0m[38;5;159m envs).[0m
[38;5;159m[Genesis] [06:38:17] [INFO] Running at [38;5;121m83.70[0m[38;5;159m FPS ([38;5;121m83.70[0m[38;5;159m FPS per env, [38;5;121m1[0m[38;5;159m envs).[0m
[38;5;159m[Genesis] [06:38:17] [INFO] Running at [38;5;121m83.59[0m[38;5;159m FPS ([38;5;121m83.59[0m[38;5;159m FPS per env, [38;5;121m1[0m[38;5;159m envs).[0m
[38;5;159m[Genesis] [06:38:17] [INFO] Running at [38;5;121m83.52[0m[38;5;159m FPS ([38;5;121m83.52[0m[38;5;159m FPS per env, [38;5;121m1[0m[38;5;159m envs).[0m
[38;5;159m[Genesis] [06:38:17] [INFO] Running at [38;5;121m83.49[0m[38;5;159m FPS ([38;5;121m83.49[0m[38;5;159m FPS per env, [38;5;121m1[0m[38;5;159m envs).[0m
[38;5;159m[Genesis] [06:38:17] [INFO] Running at [38;5;121m67.21[0m[38;5;159m FPS ([38;5;121m67.21[0m[38;5;159m FPS per env, [38;5;121m1[0m[38;5;159m envs).[0m
[38;5;159m[Genesis] [06:38:17] [INFO] Running at [38;5;121m83.95[0m[38;5;159m FPS ([38;5;121m83.95[0m[38;5;159m FPS per env, [38;5;121m1[0m[38;5;159m envs).[0m
[38;5;159m[Genesis] [06:38:17] [INFO] Running at [38;5;121m83.89[0m[38;5;159m FPS ([38;5;121m83.89[0m[38;5;159m FPS per env, [38;5;121m1[0m[38;5;159m envs).[0m
[38;5;159m[Genesis] [06:38:17] [INFO] Running at [38;5;121m83.82[0m[38;5;159m FPS ([38;5;121m83.82[0m[38;5;159m FPS per env, [38;5;121m1[0m[38;5;159m envs).[0m
[38;5;159m[Genesis] [06:38:17] [INFO] Running at [38;5;121m83.74[0m[38;5;159m FPS ([38;5;121m83.74[0m[38;5;159m FPS per env, [38;5;121m1[0m[38;5;159m envs).[0m
[38;5;159m[Genesis] [06:38:17] [INFO] Running at [38;5;121m83.68[0m[38;5;159m FPS ([38;5;121m83.68[0m[38;5;159m FPS per env, [38;5;121m1[0m[38;5;159m envs).[0m
[38;5;159m[Genesis] [06:38:17] [INFO] Running at [38;5;121m83.58[0m[38;5;159m FPS ([38;5;121m83.58[0m[38;5;159m FPS per env, [38;5;121m1[0m[38;5;159m envs).[0m
[38;5;159m[Genesis] [06:38:17] [INFO] Running at [38;5;121m83.50[0m[38;5;159m FPS ([38;5;121m83.50[0m[38;5;159m FPS per env, [38;5;121m1[0m[38;5;159m envs).[0m
[38;5;159m[Genesis] [06:38:17] [INFO] Running at [38;5;121m67.32[0m[38;5;159m FPS ([38;5;121m67.32[0m[38;5;159m FPS per env, [38;5;121m1[0m[38;5;159m envs).[0m
[38;5;159m[Genesis] [06:38:18] [INFO] Running at [38;5;121m84.07[0m[38;5;159m FPS ([38;5;121m84.07[0m[38;5;159m FPS per env, [38;5;121m1[0m[38;5;159m envs).[0m
[38;5;159m[Genesis] [06:38:18] [INFO] Running at [38;5;121m84.02[0m[38;5;159m FPS ([38;5;121m84.02[0m[38;5;159m FPS per env, [38;5;121m1[0m[38;5;159m envs).[0m
[38;5;159m[Genesis] [06:38:18] [INFO] Running at [38;5;121m83.94[0m[38;5;159m FPS ([38;5;121m83.94[0m[38;5;159m FPS per env, [38;5;121m1[0m[38;5;159m envs).[0m
[38;5;159m[Genesis] [06:38:18] [INFO] Running at [38;5;121m83.89[0m[38;5;159m FPS ([38;5;121m83.89[0m[38;5;159m FPS per env, [38;5;121m1[0m[38;5;159m envs).[0m
[38;5;159m[Genesis] [06:38:18] [INFO] Running at [38;5;121m83.84[0m[38;5;159m FPS ([38;5;121m83.84[0m[38;5;159m FPS per env, [38;5;121m1[0m[38;5;159m envs).[0m
[38;5;159m[Genesis] [06:38:18] [INFO] Running at [38;5;121m83.77[0m[38;5;159m FPS ([38;5;121m83.77[0m[38;5;159m FPS per env, [38;5;121m1[0m[38;5;159m envs).[0m
[38;5;159m[Genesis] [06:38:18] [INFO] Running at [38;5;121m83.75[0m[38;5;159m FPS ([38;5;121m83.75[0m[38;5;159m FPS per env, [38;5;121m1[0m[38;5;159m envs).[0m
[38;5;159m[Genesis] [06:38:18] [INFO] Running at [38;5;121m83.66[0m[38;5;159m FPS ([38;5;121m83.66[0m[38;5;159m FPS per env, [38;5;121m1[0m[38;5;159m envs).[0m
[38;5;159m[Genesis] [06:38:18] [INFO] Running at [38;5;121m83.52[0m[38;5;159m FPS ([38;5;121m83.52[0m[38;5;159m FPS per env, [38;5;121m1[0m[38;5;159m envs).[0m
[38;5;159m[Genesis] [06:38:18] [INFO] Running at [38;5;121m83.40[0m[38;5;159m FPS ([38;5;121m83.40[0m[38;5;159m FPS per env, [38;5;121m1[0m[38;5;159m envs).[0m
[38;5;159m[Genesis] [06:38:18] [INFO] Running at [38;5;121m83.30[0m[38;5;159m FPS ([38;5;121m83.30[0m[38;5;159m FPS per env, [38;5;121m1[0m[38;5;159m envs).[0m
[38;5;159m[Genesis] [06:38:18] [INFO] Running at [38;5;121m83.20[0m[38;5;159m FPS ([38;5;121m83.20[0m[38;5;159m FPS per env, [38;5;121m1[0m[38;5;159m envs).[0m
[38;5;159m[Genesis] [06:38:18] [INFO] Running at [38;5;121m83.07[0m[38;5;159m FPS ([38;5;121m83.07[0m[38;5;159m FPS per env, [38;5;121m1[0m[38;5;159m envs).[0m
[38;5;159m[Genesis] [06:38:18] [INFO] Running at [38;5;121m82.97[0m[38;5;159m FPS ([38;5;121m82.97[0m[38;5;159m FPS per env, [38;5;121m1[0m[38;5;159m envs).[0m
[38;5;159m[Genesis] [06:38:18] [INFO] Running at [38;5;121m82.94[0m[38;5;159m FPS ([38;5;121m82.94[0m[38;5;159m FPS per env, [38;5;121m1[0m[38;5;159m envs).[0m
[38;5;159m[Genesis] [06:38:18] [INFO] Running at [38;5;121m82.94[0m[38;5;159m FPS ([38;5;121m82.94[0m[38;5;159m FPS per env, [38;5;121m1[0m[38;5;159m envs).[0m
[38;5;159m[Genesis] [06:38:19] [INFO] Running at [38;5;121m66.88[0m[38;5;159m FPS ([38;5;121m66.88[0m[38;5;159m FPS per env, [38;5;121m1[0m[38;5;159m envs).[0m
[38;5;159m[Genesis] [06:38:19] [INFO] Running at [38;5;121m83.55[0m[38;5;159m FPS ([38;5;121m83.55[0m[38;5;159m FPS per env, [38;5;121m1[0m[38;5;159m envs).[0m
[38;5;159m[Genesis] [06:38:19] [INFO] Running at [38;5;121m83.44[0m[38;5;159m FPS ([38;5;121m83.44[0m[38;5;159m FPS per env, [38;5;121m1[0m[38;5;159m envs).[0m
[38;5;159m[Genesis] [06:38:19] [INFO] Running at [38;5;121m83.33[0m[38;5;159m FPS ([38;5;121m83.33[0m[38;5;159m FPS per env, [38;5;121m1[0m[38;5;159m envs).[0m
[38;5;159m[Genesis] [06:38:19] [INFO] Running at [38;5;121m83.26[0m[38;5;159m FPS ([38;5;121m83.26[0m[38;5;159m FPS per env, [38;5;121m1[0m[38;5;159m envs).[0m
[38;5;159m[Genesis] [06:38:19] [INFO] Running at [38;5;121m83.18[0m[38;5;159m FPS ([38;5;121m83.18[0m[38;5;159m FPS per env, [38;5;121m1[0m[38;5;159m envs).[0m
[38;5;159m[Genesis] [06:38:19] [INFO] Running at [38;5;121m83.17[0m[38;5;159m FPS ([38;5;121m83.17[0m[38;5;159m FPS per env, [38;5;121m1[0m[38;5;159m envs).[0m
[38;5;159m[Genesis] [06:38:19] [INFO] Running at [38;5;121m83.12[0m[38;5;159m FPS ([38;5;121m83.12[0m[38;5;159m FPS per env, [38;5;121m1[0m[38;5;159m envs).[0m
[38;5;159m[Genesis] [06:38:19] [INFO] Running at [38;5;121m83.06[0m[38;5;159m FPS ([38;5;121m83.06[0m[38;5;159m FPS per env, [38;5;121m1[0m[38;5;159m envs).[0m
[38;5;159m[Genesis] [06:38:19] [INFO] Running at [38;5;121m82.99[0m[38;5;159m FPS ([38;5;121m82.99[0m[38;5;159m FPS per env, [38;5;121m1[0m[38;5;159m envs).[0m
[38;5;159m[Genesis] [06:38:19] [INFO] Running at [38;5;121m82.96[0m[38;5;159m FPS ([38;5;121m82.96[0m[38;5;159m FPS per env, [38;5;121m1[0m[38;5;159m envs).[0m
[38;5;159m[Genesis] [06:38:19] [INFO] Running at [38;5;121m82.91[0m[38;5;159m FPS ([38;5;121m82.91[0m[38;5;159m FPS per env, [38;5;121m1[0m[38;5;159m envs).[0m
[38;5;159m[Genesis] [06:38:19] [INFO] Running at [38;5;121m82.90[0m[38;5;159m FPS ([38;5;121m82.90[0m[38;5;159m FPS per env, [38;5;121m1[0m[38;5;159m envs).[0m
[38;5;159m[Genesis] [06:38:19] [INFO] Running at [38;5;121m82.86[0m[38;5;159m FPS ([38;5;121m82.86[0m[38;5;159m FPS per env, [38;5;121m1[0m[38;5;159m envs).[0m
[38;5;159m[Genesis] [06:38:19] [INFO] Running at [38;5;121m82.88[0m[38;5;159m FPS ([38;5;121m82.88[0m[38;5;159m FPS per env, [38;5;121m1[0m[38;5;159m envs).[0m
[38;5;159m[Genesis] [06:38:19] [INFO] Running at [38;5;121m82.84[0m[38;5;159m FPS ([38;5;121m82.84[0m[38;5;159m FPS per env, [38;5;121m1[0m[38;5;159m envs).[0m
[38;5;159m[Genesis] [06:38:19] [INFO] Running at [38;5;121m82.76[0m[38;5;159m FPS ([38;5;121m82.76[0m[38;5;159m FPS per env, [38;5;121m1[0m[38;5;159m envs).[0m
[38;5;159m[Genesis] [06:38:20] [INFO] Running at [38;5;121m66.75[0m[38;5;159m FPS ([38;5;121m66.75[0m[38;5;159m FPS per env, [38;5;121m1[0m[38;5;159m envs).[0m
[38;5;159m[Genesis] [06:38:20] [INFO] Running at [38;5;121m83.41[0m[38;5;159m FPS ([38;5;121m83.41[0m[38;5;159m FPS per env, [38;5;121m1[0m[38;5;159m envs).[0m
[38;5;159m[Genesis] [06:38:20] [INFO] Running at [38;5;121m83.36[0m[38;5;159m FPS ([38;5;121m83.36[0m[38;5;159m FPS per env, [38;5;121m1[0m[38;5;159m envs).[0m
[38;5;159m[Genesis] [06:38:20] [INFO] Running at [38;5;121m83.31[0m[38;5;159m FPS ([38;5;121m83.31[0m[38;5;159m FPS per env, [38;5;121m1[0m[38;5;159m envs).[0m
[38;5;159m[Genesis] [06:38:20] [INFO] Running at [38;5;121m83.30[0m[38;5;159m FPS ([38;5;121m83.30[0m[38;5;159m FPS per env, [38;5;121m1[0m[38;5;159m envs).[0m
[38;5;159m[Genesis] [06:38:20] [INFO] Running at [38;5;121m83.26[0m[38;5;159m FPS ([38;5;121m83.26[0m[38;5;159m FPS per env, [38;5;121m1[0m[38;5;159m envs).[0m
[38;5;159m[Genesis] [06:38:20] [INFO] Running at [38;5;121m83.27[0m[38;5;159m FPS ([38;5;121m83.27[0m[38;5;159m FPS per env, [38;5;121m1[0m[38;5;159m envs).[0m
[38;5;159m[Genesis] [06:38:20] [INFO] Running at [38;5;121m83.26[0m[38;5;159m FPS ([38;5;121m83.26[0m[38;5;159m FPS per env, [38;5;121m1[0m[38;5;159m envs).[0m
[38;5;159m[Genesis] [06:38:20] [INFO] Running at [38;5;121m83.20[0m[38;5;159m FPS ([38;5;121m83.20[0m[38;5;159m FPS per env, [38;5;121m1[0m[38;5;159m envs).[0m
[38;5;159m[Genesis] [06:38:20] [INFO] Running at [38;5;121m83.17[0m[38;5;159m FPS ([38;5;121m83.17[0m[38;5;159m FPS per env, [38;5;121m1[0m[38;5;159m envs).[0m
[38;5;159m[Genesis] [06:38:20] [INFO] Running at [38;5;121m67.07[0m[38;5;159m FPS ([38;5;121m67.07[0m[38;5;159m FPS per env, [38;5;121m1[0m[38;5;159m envs).[0m
[38;5;159m[Genesis] [06:38:20] [INFO] Running at [38;5;121m83.79[0m[38;5;159m FPS ([38;5;121m83.79[0m[38;5;159m FPS per env, [38;5;121m1[0m[38;5;159m envs).[0m
[38;5;159m[Genesis] [06:38:20] [INFO] Running at [38;5;121m83.75[0m[38;5;159m FPS ([38;5;121m83.75[0m[38;5;159m FPS per env, [38;5;121m1[0m[38;5;159m envs).[0m
[38;5;159m[Genesis] [06:38:20] [INFO] Running at [38;5;121m83.71[0m[38;5;159m FPS ([38;5;121m83.71[0m[38;5;159m FPS per env, [38;5;121m1[0m[38;5;159m envs).[0m
[38;5;159m[Genesis] [06:38:20] [INFO] Running at [38;5;121m83.68[0m[38;5;159m FPS ([38;5;121m83.68[0m[38;5;159m FPS per env, [38;5;121m1[0m[38;5;159m envs).[0m
[38;5;159m[Genesis] [06:38:20] [INFO] Running at [38;5;121m83.65[0m[38;5;159m FPS ([38;5;121m83.65[0m[38;5;159m FPS per env, [38;5;121m1[0m[38;5;159m envs).[0m
[38;5;159m[Genesis] [06:38:21] [INFO] Running at [38;5;121m83.63[0m[38;5;159m FPS ([38;5;121m83.63[0m[38;5;159m FPS per env, [38;5;121m1[0m[38;5;159m envs).[0m
[38;5;159m[Genesis] [06:38:21] [INFO] Running at [38;5;121m83.61[0m[38;5;159m FPS ([38;5;121m83.61[0m[38;5;159m FPS per env, [38;5;121m1[0m[38;5;159m envs).[0m
[38;5;159m[Genesis] [06:38:21] [INFO] Running at [38;5;121m67.41[0m[38;5;159m FPS ([38;5;121m67.41[0m[38;5;159m FPS per env, [38;5;121m1[0m[38;5;159m envs).[0m
[38;5;159m[Genesis] [06:38:21] [INFO] Running at [38;5;121m84.20[0m[38;5;159m FPS ([38;5;121m84.20[0m[38;5;159m FPS per env, [38;5;121m1[0m[38;5;159m envs).[0m
[38;5;159m[Genesis] [06:38:21] [INFO] Running at [38;5;121m84.13[0m[38;5;159m FPS ([38;5;121m84.13[0m[38;5;159m FPS per env, [38;5;121m1[0m[38;5;159m envs).[0m
[38;5;159m[Genesis] [06:38:21] [INFO] Running at [38;5;121m84.05[0m[38;5;159m FPS ([38;5;121m84.05[0m[38;5;159m FPS per env, [38;5;121m1[0m[38;5;159m envs).[0m
[38;5;159m[Genesis] [06:38:21] [INFO] Running at [38;5;121m84.01[0m[38;5;159m FPS ([38;5;121m84.01[0m[38;5;159m FPS per env, [38;5;121m1[0m[38;5;159m envs).[0m
[38;5;159m[Genesis] [06:38:21] [INFO] Running at [38;5;121m83.97[0m[38;5;159m FPS ([38;5;121m83.97[0m[38;5;159m FPS per env, [38;5;121m1[0m[38;5;159m envs).[0m
[38;5;159m[Genesis] [06:38:21] [INFO] Running at [38;5;121m83.94[0m[38;5;159m FPS ([38;5;121m83.94[0m[38;5;159m FPS per env, [38;5;121m1[0m[38;5;159m envs).[0m
[38;5;159m[Genesis] [06:38:21] [INFO] Running at [38;5;121m83.90[0m[38;5;159m FPS ([38;5;121m83.90[0m[38;5;159m FPS per env, [38;5;121m1[0m[38;5;159m envs).[0m
[38;5;159m[Genesis] [06:38:21] [INFO] Running at [38;5;121m83.78[0m[38;5;159m FPS ([38;5;121m83.78[0m[38;5;159m FPS per env, [38;5;121m1[0m[38;5;159m envs).[0m
[38;5;159m[Genesis] [06:38:21] [INFO] Running at [38;5;121m83.74[0m[38;5;159m FPS ([38;5;121m83.74[0m[38;5;159m FPS per env, [38;5;121m1[0m[38;5;159m envs).[0m
[38;5;159m[Genesis] [06:38:21] [INFO] Running at [38;5;121m83.69[0m[38;5;159m FPS ([38;5;121m83.69[0m[38;5;159m FPS per env, [38;5;121m1[0m[38;5;159m envs).[0m
[38;5;159m[Genesis] [06:38:21] [INFO] Running at [38;5;121m83.66[0m[38;5;159m FPS ([38;5;121m83.66[0m[38;5;159m FPS per env, [38;5;121m1[0m[38;5;159m envs).[0m
[38;5;159m[Genesis] [06:38:21] [INFO] Running at [38;5;121m83.65[0m[38;5;159m FPS ([38;5;121m83.65[0m[38;5;159m FPS per env, [38;5;121m1[0m[38;5;159m envs).[0m
[38;5;159m[Genesis] [06:38:21] [INFO] Running at [38;5;121m83.61[0m[38;5;159m FPS ([38;5;121m83.61[0m[38;5;159m FPS per env, [38;5;121m1[0m[38;5;159m envs).[0m
[38;5;159m[Genesis] [06:38:21] [INFO] Running at [38;5;121m83.58[0m[38;5;159m FPS ([38;5;121m83.58[0m[38;5;159m FPS per env, [38;5;121m1[0m[38;5;159m envs).[0m
[38;5;159m[Genesis] [06:38:22] [INFO] Running at [38;5;121m83.56[0m[38;5;159m FPS ([38;5;121m83.56[0m[38;5;159m FPS per env, [38;5;121m1[0m[38;5;159m envs).[0m
[38;5;159m[Genesis] [06:38:22] [INFO] Running at [38;5;121m83.53[0m[38;5;159m FPS ([38;5;121m83.53[0m[38;5;159m FPS per env, [38;5;121m1[0m[38;5;159m envs).[0m
[38;5;159m[Genesis] [06:38:22] [INFO] Running at [38;5;121m67.34[0m[38;5;159m FPS ([38;5;121m67.34[0m[38;5;159m FPS per env, [38;5;121m1[0m[38;5;159m envs).[0m
[38;5;159m[Genesis] [06:38:22] [INFO] Running at [38;5;121m84.11[0m[38;5;159m FPS ([38;5;121m84.11[0m[38;5;159m FPS per env, [38;5;121m1[0m[38;5;159m envs).[0m
[38;5;159m[Genesis] [06:38:22] [INFO] Running at [38;5;121m84.05[0m[38;5;159m FPS ([38;5;121m84.05[0m[38;5;159m FPS per env, [38;5;121m1[0m[38;5;159m envs).[0m
[38;5;159m[Genesis] [06:38:22] [INFO] Running at [38;5;121m84.03[0m[38;5;159m FPS ([38;5;121m84.03[0m[38;5;159m FPS per env, [38;5;121m1[0m[38;5;159m envs).[0m
[38;5;159m[Genesis] [06:38:22] [INFO] Running at [38;5;121m83.96[0m[38;5;159m FPS ([38;5;121m83.96[0m[38;5;159m FPS per env, [38;5;121m1[0m[38;5;159m envs).[0m
[38;5;159m[Genesis] [06:38:22] [INFO] Running at [38;5;121m83.93[0m[38;5;159m FPS ([38;5;121m83.93[0m[38;5;159m FPS per env, [38;5;121m1[0m[38;5;159m envs).[0m
[38;5;159m[Genesis] [06:38:22] [INFO] Running at [38;5;121m83.89[0m[38;5;159m FPS ([38;5;121m83.89[0m[38;5;159m FPS per env, [38;5;121m1[0m[38;5;159m envs).[0m
[38;5;159m[Genesis] [06:38:22] [INFO] Running at [38;5;121m83.82[0m[38;5;159m FPS ([38;5;121m83.82[0m[38;5;159m FPS per env, [38;5;121m1[0m[38;5;159m envs).[0m
[38;5;159m[Genesis] [06:38:22] [INFO] Running at [38;5;121m83.78[0m[38;5;159m FPS ([38;5;121m83.78[0m[38;5;159m FPS per env, [38;5;121m1[0m[38;5;159m envs).[0m
[38;5;159m[Genesis] [06:38:22] [INFO] Running at [38;5;121m83.75[0m[38;5;159m FPS ([38;5;121m83.75[0m[38;5;159m FPS per env, [38;5;121m1[0m[38;5;159m envs).[0m
[38;5;159m[Genesis] [06:38:22] [INFO] Running at [38;5;121m83.66[0m[38;5;159m FPS ([38;5;121m83.66[0m[38;5;159m FPS per env, [38;5;121m1[0m[38;5;159m envs).[0m
[38;5;159m[Genesis] [06:38:22] [INFO] Running at [38;5;121m83.62[0m[38;5;159m FPS ([38;5;121m83.62[0m[38;5;159m FPS per env, [38;5;121m1[0m[38;5;159m envs).[0m
[38;5;159m[Genesis] [06:38:22] [INFO] Running at [38;5;121m83.60[0m[38;5;159m FPS ([38;5;121m83.60[0m[38;5;159m FPS per env, [38;5;121m1[0m[38;5;159m envs).[0m
fps 50
[38;5;159m[Genesis] [06:38:22] [INFO] Saving video to [38;5;121m"test_3000_behind.mp4"[0m[38;5;159m...[0m
[38;5;159m[Genesis] [06:38:25] [INFO] Video saved.[0m
[38;5;159m[Genesis] [06:38:25] [INFO] Saving video to [38;5;121m"test_3000_side.mp4"[0m[38;5;159m...[0m
[38;5;159m[Genesis] [06:38:28] [INFO] Video saved.[0m
Saved recordings for checkpoint 3000.
[38;5;159m[Genesis] [06:38:28] [INFO] 💤 Exiting Genesis and caching compiled kernels...[0m
