[38;5;159m[Genesis] [06:51:09] [INFO] [38;5;121m╭───────────────────────────────────────────────╮[0m[38;5;159m[0m
[38;5;159m[Genesis] [06:51:09] [INFO] [38;5;121m│┈┉┈┉┈┉┈┉┈┉┈┉┈┉┈┉┈┉┈[0m[38;5;159m [38;5;121m[1m[3mGenesis[0m[38;5;159m [38;5;121m┈┉┈┉┈┉┈┉┈┉┈┉┈┉┈┉┈┉┈│[0m[38;5;159m[0m
[38;5;159m[Genesis] [06:51:09] [INFO] [38;5;121m╰───────────────────────────────────────────────╯[0m[38;5;159m[0m
[38;5;159m[Genesis] [06:51:10] [INFO] Running on [38;5;121m[4m[NVIDIA GeForce RTX 5090][0m[38;5;159m with backend [38;5;121m[4mgs.cuda[0m[38;5;159m. Device memory: [38;5;121m[4m31.36[0m[38;5;159m GB.[0m
[38;5;159m[Genesis] [06:51:10] [INFO] 🚀 Genesis initialized. 🔖 version: [38;5;121m[4m0.4.7[0m[38;5;159m, 🎨 theme: [38;5;121m[4mdark[0m[38;5;159m, 🌱 seed: [38;5;121m[4mNone[0m[38;5;159m, 🐛 debug: [38;5;121m[4mFalse[0m[38;5;159m, 📏 precision: [38;5;121m[4m64[0m[38;5;159m, 🔥 performance: [38;5;121m[4mFalse[0m[38;5;159m, 💬 verbose: [38;5;121m[4mINFO[0m[38;5;159m[0m
[38;5;226m[Genesis] [06:51:12] [WARNING] Viewer option 'n_rendered_envs' is deprecated and will be removed in a future release. Please use 'rendered_envs_idx' instead.[0m
[38;5;159m[Genesis] [06:51:13] [INFO] Scene [38;5;121m[3m<0d81669>[0m[38;5;159m created.[0m
[38;5;159m[Genesis] [06:51:13] [INFO] Adding [38;5;121m<gs.engine.entities.RigidEntity>[0m[38;5;159m. idx: [38;5;121m0[0m[38;5;159m, uid: [38;5;121m[3m<9b0cd6f>[0m[38;5;159m, morph: [38;5;121m<gs.morphs.Terrain>[0m[38;5;159m, material: [38;5;121m<gs.materials.Rigid>[0m[38;5;159m.[0m
[38;5;159m[Genesis] [06:51:13] [INFO] Adding [38;5;121m<gs.engine.entities.RigidEntity>[0m[38;5;159m. idx: [38;5;121m1[0m[38;5;159m, uid: [38;5;121m[3m<e07bc63>[0m[38;5;159m, morph: [38;5;121m<gs.morphs.URDF(file='/home/jfriesen/.local/lib/python3.12/site-packages/genesis/assets/urdf/go2/urdf/go2.urdf')>[0m[38;5;159m, material: [38;5;121m<gs.materials.Rigid>[0m[38;5;159m.[0m
[38;5;159m[Genesis] [06:51:16] [INFO] Building scene [38;5;121m[3m<0d81669>[0m[38;5;159m...[0m
[38;5;226m[Genesis] [06:51:17] [WARNING] Neutral robot position (qpos0) exceeds joint limits.[0m
[38;5;159m[Genesis] [06:51:18] [INFO] Compiling simulation kernels...[0m
[38;5;159m[Genesis] [06:51:19] [INFO] Building visualizer...[0m
[38;5;226m[Genesis] [06:51:20] [WARNING] This property is deprecated and will be removed in future release. Please use 'dofs_idx_local' instead.[0m
[38;5;226m[Genesis] [06:51:20] [WARNING] This property is deprecated and will be removed in future release. Please use 'dofs_idx_local' instead.[0m
[38;5;226m[Genesis] [06:51:20] [WARNING] This property is deprecated and will be removed in future release. Please use 'dofs_idx_local' instead.[0m
[38;5;226m[Genesis] [06:51:20] [WARNING] This property is deprecated and will be removed in future release. Please use 'dofs_idx_local' instead.[0m
[38;5;226m[Genesis] [06:51:20] [WARNING] This property is deprecated and will be removed in future release. Please use 'dofs_idx_local' instead.[0m
[38;5;226m[Genesis] [06:51:20] [WARNING] This property is deprecated and will be removed in future release. Please use 'dofs_idx_local' instead.[0m
[38;5;226m[Genesis] [06:51:20] [WARNING] This property is deprecated and will be removed in future release. Please use 'dofs_idx_local' instead.[0m
[38;5;226m[Genesis] [06:51:20] [WARNING] This property is deprecated and will be removed in future release. Please use 'dofs_idx_local' instead.[0m
[38;5;226m[Genesis] [06:51:20] [WARNING] This property is deprecated and will be removed in future release. Please use 'dofs_idx_local' instead.[0m
[38;5;226m[Genesis] [06:51:20] [WARNING] This property is deprecated and will be removed in future release. Please use 'dofs_idx_local' instead.[0m
[38;5;226m[Genesis] [06:51:20] [WARNING] This property is deprecated and will be removed in future release. Please use 'dofs_idx_local' instead.[0m
[38;5;226m[Genesis] [06:51:20] [WARNING] This property is deprecated and will be removed in future release. Please use 'dofs_idx_local' instead.[0m
/home/jfriesen/.local/lib/python3.12/site-packages/torch/utils/_device.py:122: UserWarning: To copy construct from a tensor, it is recommended to use sourceTensor.detach().clone() or sourceTensor.detach().clone().requires_grad_(True), rather than torch.tensor(sourceTensor).
  return func(*args, **kwargs)
Actor MLP: Sequential(
  (0): Linear(in_features=76, out_features=512, bias=True)
  (1): ELU(alpha=1.0)
  (2): Linear(in_features=512, out_features=256, bias=True)
  (3): ELU(alpha=1.0)
  (4): Linear(in_features=256, out_features=128, bias=True)
  (5): ELU(alpha=1.0)
  (6): Linear(in_features=128, out_features=12, bias=True)
)
Critic MLP: Sequential(
  (0): Linear(in_features=100, out_features=512, bias=True)
  (1): ELU(alpha=1.0)
  (2): Linear(in_features=512, out_features=256, bias=True)
  (3): ELU(alpha=1.0)
  (4): Linear(in_features=256, out_features=128, bias=True)
  (5): ELU(alpha=1.0)
  (6): Linear(in_features=128, out_features=1, bias=True)
)
[38;5;159m[Genesis] [06:51:22] [INFO] Running at [38;5;121m1.53[0m[38;5;159m FPS ([38;5;121m1.53[0m[38;5;159m FPS per env, [38;5;121m1[0m[38;5;159m envs).[0m
[38;5;159m[Genesis] [06:51:22] [INFO] Running at [38;5;121m5.68[0m[38;5;159m FPS ([38;5;121m5.68[0m[38;5;159m FPS per env, [38;5;121m1[0m[38;5;159m envs).[0m
[38;5;159m[Genesis] [06:51:22] [INFO] Running at [38;5;121m63.53[0m[38;5;159m FPS ([38;5;121m63.53[0m[38;5;159m FPS per env, [38;5;121m1[0m[38;5;159m envs).[0m
[38;5;159m[Genesis] [06:51:22] [INFO] Running at [38;5;121m48.05[0m[38;5;159m FPS ([38;5;121m48.05[0m[38;5;159m FPS per env, [38;5;121m1[0m[38;5;159m envs).[0m
[38;5;159m[Genesis] [06:51:22] [INFO] Running at [38;5;121m63.87[0m[38;5;159m FPS ([38;5;121m63.87[0m[38;5;159m FPS per env, [38;5;121m1[0m[38;5;159m envs).[0m
[38;5;159m[Genesis] [06:51:22] [INFO] Running at [38;5;121m48.33[0m[38;5;159m FPS ([38;5;121m48.33[0m[38;5;159m FPS per env, [38;5;121m1[0m[38;5;159m envs).[0m
[38;5;159m[Genesis] [06:51:22] [INFO] Running at [38;5;121m48.74[0m[38;5;159m FPS ([38;5;121m48.74[0m[38;5;159m FPS per env, [38;5;121m1[0m[38;5;159m envs).[0m
[38;5;159m[Genesis] [06:51:22] [INFO] Running at [38;5;121m64.64[0m[38;5;159m FPS ([38;5;121m64.64[0m[38;5;159m FPS per env, [38;5;121m1[0m[38;5;159m envs).[0m
[38;5;159m[Genesis] [06:51:23] [INFO] Running at [38;5;121m48.93[0m[38;5;159m FPS ([38;5;121m48.93[0m[38;5;159m FPS per env, [38;5;121m1[0m[38;5;159m envs).[0m
[38;5;159m[Genesis] [06:51:23] [INFO] Running at [38;5;121m49.21[0m[38;5;159m FPS ([38;5;121m49.21[0m[38;5;159m FPS per env, [38;5;121m1[0m[38;5;159m envs).[0m
[38;5;159m[Genesis] [06:51:23] [INFO] Running at [38;5;121m65.45[0m[38;5;159m FPS ([38;5;121m65.45[0m[38;5;159m FPS per env, [38;5;121m1[0m[38;5;159m envs).[0m
[38;5;159m[Genesis] [06:51:23] [INFO] Running at [38;5;121m65.51[0m[38;5;159m FPS ([38;5;121m65.51[0m[38;5;159m FPS per env, [38;5;121m1[0m[38;5;159m envs).[0m
[38;5;159m[Genesis] [06:51:23] [INFO] Running at [38;5;121m65.34[0m[38;5;159m FPS ([38;5;121m65.34[0m[38;5;159m FPS per env, [38;5;121m1[0m[38;5;159m envs).[0m
[38;5;159m[Genesis] [06:51:23] [INFO] Running at [38;5;121m65.42[0m[38;5;159m FPS ([38;5;121m65.42[0m[38;5;159m FPS per env, [38;5;121m1[0m[38;5;159m envs).[0m
[38;5;159m[Genesis] [06:51:23] [INFO] Running at [38;5;121m65.35[0m[38;5;159m FPS ([38;5;121m65.35[0m[38;5;159m FPS per env, [38;5;121m1[0m[38;5;159m envs).[0m
[38;5;159m[Genesis] [06:51:23] [INFO] Running at [38;5;121m65.32[0m[38;5;159m FPS ([38;5;121m65.32[0m[38;5;159m FPS per env, [38;5;121m1[0m[38;5;159m envs).[0m
[38;5;159m[Genesis] [06:51:23] [INFO] Running at [38;5;121m65.46[0m[38;5;159m FPS ([38;5;121m65.46[0m[38;5;159m FPS per env, [38;5;121m1[0m[38;5;159m envs).[0m
[38;5;159m[Genesis] [06:51:23] [INFO] Running at [38;5;121m65.32[0m[38;5;159m FPS ([38;5;121m65.32[0m[38;5;159m FPS per env, [38;5;121m1[0m[38;5;159m envs).[0m
[38;5;159m[Genesis] [06:51:23] [INFO] Running at [38;5;121m65.26[0m[38;5;159m FPS ([38;5;121m65.26[0m[38;5;159m FPS per env, [38;5;121m1[0m[38;5;159m envs).[0m
[38;5;159m[Genesis] [06:51:23] [INFO] Running at [38;5;121m65.26[0m[38;5;159m FPS ([38;5;121m65.26[0m[38;5;159m FPS per env, [38;5;121m1[0m[38;5;159m envs).[0m
[38;5;159m[Genesis] [06:51:23] [INFO] Running at [38;5;121m65.25[0m[38;5;159m FPS ([38;5;121m65.25[0m[38;5;159m FPS per env, [38;5;121m1[0m[38;5;159m envs).[0m
[38;5;159m[Genesis] [06:51:23] [INFO] Running at [38;5;121m65.31[0m[38;5;159m FPS ([38;5;121m65.31[0m[38;5;159m FPS per env, [38;5;121m1[0m[38;5;159m envs).[0m
[38;5;159m[Genesis] [06:51:23] [INFO] Running at [38;5;121m65.21[0m[38;5;159m FPS ([38;5;121m65.21[0m[38;5;159m FPS per env, [38;5;121m1[0m[38;5;159m envs).[0m
[38;5;159m[Genesis] [06:51:23] [INFO] Running at [38;5;121m65.10[0m[38;5;159m FPS ([38;5;121m65.10[0m[38;5;159m FPS per env, [38;5;121m1[0m[38;5;159m envs).[0m
[38;5;159m[Genesis] [06:51:24] [INFO] Running at [38;5;121m65.10[0m[38;5;159m FPS ([38;5;121m65.10[0m[38;5;159m FPS per env, [38;5;121m1[0m[38;5;159m envs).[0m
[38;5;159m[Genesis] [06:51:24] [INFO] Running at [38;5;121m49.24[0m[38;5;159m FPS ([38;5;121m49.24[0m[38;5;159m FPS per env, [38;5;121m1[0m[38;5;159m envs).[0m
[38;5;159m[Genesis] [06:51:24] [INFO] Running at [38;5;121m49.67[0m[38;5;159m FPS ([38;5;121m49.67[0m[38;5;159m FPS per env, [38;5;121m1[0m[38;5;159m envs).[0m
[38;5;159m[Genesis] [06:51:24] [INFO] Running at [38;5;121m66.25[0m[38;5;159m FPS ([38;5;121m66.25[0m[38;5;159m FPS per env, [38;5;121m1[0m[38;5;159m envs).[0m
[38;5;159m[Genesis] [06:51:24] [INFO] Running at [38;5;121m66.12[0m[38;5;159m FPS ([38;5;121m66.12[0m[38;5;159m FPS per env, [38;5;121m1[0m[38;5;159m envs).[0m
[38;5;159m[Genesis] [06:51:24] [INFO] Running at [38;5;121m66.25[0m[38;5;159m FPS ([38;5;121m66.25[0m[38;5;159m FPS per env, [38;5;121m1[0m[38;5;159m envs).[0m
[38;5;159m[Genesis] [06:51:24] [INFO] Running at [38;5;121m66.09[0m[38;5;159m FPS ([38;5;121m66.09[0m[38;5;159m FPS per env, [38;5;121m1[0m[38;5;159m envs).[0m
[38;5;159m[Genesis] [06:51:24] [INFO] Running at [38;5;121m66.22[0m[38;5;159m FPS ([38;5;121m66.22[0m[38;5;159m FPS per env, [38;5;121m1[0m[38;5;159m envs).[0m
[38;5;159m[Genesis] [06:51:24] [INFO] Running at [38;5;121m66.09[0m[38;5;159m FPS ([38;5;121m66.09[0m[38;5;159m FPS per env, [38;5;121m1[0m[38;5;159m envs).[0m
[38;5;159m[Genesis] [06:51:24] [INFO] Running at [38;5;121m66.06[0m[38;5;159m FPS ([38;5;121m66.06[0m[38;5;159m FPS per env, [38;5;121m1[0m[38;5;159m envs).[0m
[38;5;159m[Genesis] [06:51:24] [INFO] Running at [38;5;121m66.05[0m[38;5;159m FPS ([38;5;121m66.05[0m[38;5;159m FPS per env, [38;5;121m1[0m[38;5;159m envs).[0m
[38;5;159m[Genesis] [06:51:24] [INFO] Running at [38;5;121m66.09[0m[38;5;159m FPS ([38;5;121m66.09[0m[38;5;159m FPS per env, [38;5;121m1[0m[38;5;159m envs).[0m
[38;5;159m[Genesis] [06:51:24] [INFO] Running at [38;5;121m65.99[0m[38;5;159m FPS ([38;5;121m65.99[0m[38;5;159m FPS per env, [38;5;121m1[0m[38;5;159m envs).[0m
[38;5;159m[Genesis] [06:51:24] [INFO] Running at [38;5;121m65.67[0m[38;5;159m FPS ([38;5;121m65.67[0m[38;5;159m FPS per env, [38;5;121m1[0m[38;5;159m envs).[0m
[38;5;159m[Genesis] [06:51:24] [INFO] Running at [38;5;121m49.65[0m[38;5;159m FPS ([38;5;121m49.65[0m[38;5;159m FPS per env, [38;5;121m1[0m[38;5;159m envs).[0m
[38;5;159m[Genesis] [06:51:24] [INFO] Running at [38;5;121m50.05[0m[38;5;159m FPS ([38;5;121m50.05[0m[38;5;159m FPS per env, [38;5;121m1[0m[38;5;159m envs).[0m
[38;5;159m[Genesis] [06:51:24] [INFO] Running at [38;5;121m50.43[0m[38;5;159m FPS ([38;5;121m50.43[0m[38;5;159m FPS per env, [38;5;121m1[0m[38;5;159m envs).[0m
[38;5;159m[Genesis] [06:51:25] [INFO] Running at [38;5;121m50.83[0m[38;5;159m FPS ([38;5;121m50.83[0m[38;5;159m FPS per env, [38;5;121m1[0m[38;5;159m envs).[0m
[38;5;159m[Genesis] [06:51:25] [INFO] Running at [38;5;121m51.17[0m[38;5;159m FPS ([38;5;121m51.17[0m[38;5;159m FPS per env, [38;5;121m1[0m[38;5;159m envs).[0m
[38;5;159m[Genesis] [06:51:25] [INFO] Running at [38;5;121m67.90[0m[38;5;159m FPS ([38;5;121m67.90[0m[38;5;159m FPS per env, [38;5;121m1[0m[38;5;159m envs).[0m
[38;5;159m[Genesis] [06:51:25] [INFO] Running at [38;5;121m67.54[0m[38;5;159m FPS ([38;5;121m67.54[0m[38;5;159m FPS per env, [38;5;121m1[0m[38;5;159m envs).[0m
[38;5;159m[Genesis] [06:51:25] [INFO] Running at [38;5;121m67.48[0m[38;5;159m FPS ([38;5;121m67.48[0m[38;5;159m FPS per env, [38;5;121m1[0m[38;5;159m envs).[0m
[38;5;159m[Genesis] [06:51:25] [INFO] Running at [38;5;121m51.00[0m[38;5;159m FPS ([38;5;121m51.00[0m[38;5;159m FPS per env, [38;5;121m1[0m[38;5;159m envs).[0m
[38;5;159m[Genesis] [06:51:25] [INFO] Running at [38;5;121m67.75[0m[38;5;159m FPS ([38;5;121m67.75[0m[38;5;159m FPS per env, [38;5;121m1[0m[38;5;159m envs).[0m
[38;5;159m[Genesis] [06:51:25] [INFO] Running at [38;5;121m67.41[0m[38;5;159m FPS ([38;5;121m67.41[0m[38;5;159m FPS per env, [38;5;121m1[0m[38;5;159m envs).[0m
[38;5;159m[Genesis] [06:51:25] [INFO] Running at [38;5;121m67.23[0m[38;5;159m FPS ([38;5;121m67.23[0m[38;5;159m FPS per env, [38;5;121m1[0m[38;5;159m envs).[0m
[38;5;159m[Genesis] [06:51:25] [INFO] Running at [38;5;121m66.82[0m[38;5;159m FPS ([38;5;121m66.82[0m[38;5;159m FPS per env, [38;5;121m1[0m[38;5;159m envs).[0m
[38;5;159m[Genesis] [06:51:25] [INFO] Running at [38;5;121m50.43[0m[38;5;159m FPS ([38;5;121m50.43[0m[38;5;159m FPS per env, [38;5;121m1[0m[38;5;159m envs).[0m
[38;5;159m[Genesis] [06:51:25] [INFO] Running at [38;5;121m50.76[0m[38;5;159m FPS ([38;5;121m50.76[0m[38;5;159m FPS per env, [38;5;121m1[0m[38;5;159m envs).[0m
[38;5;159m[Genesis] [06:51:25] [INFO] Running at [38;5;121m67.46[0m[38;5;159m FPS ([38;5;121m67.46[0m[38;5;159m FPS per env, [38;5;121m1[0m[38;5;159m envs).[0m
[38;5;159m[Genesis] [06:51:25] [INFO] Running at [38;5;121m67.05[0m[38;5;159m FPS ([38;5;121m67.05[0m[38;5;159m FPS per env, [38;5;121m1[0m[38;5;159m envs).[0m
[38;5;159m[Genesis] [06:51:25] [INFO] Running at [38;5;121m66.84[0m[38;5;159m FPS ([38;5;121m66.84[0m[38;5;159m FPS per env, [38;5;121m1[0m[38;5;159m envs).[0m
[38;5;159m[Genesis] [06:51:25] [INFO] Running at [38;5;121m50.43[0m[38;5;159m FPS ([38;5;121m50.43[0m[38;5;159m FPS per env, [38;5;121m1[0m[38;5;159m envs).[0m
[38;5;159m[Genesis] [06:51:25] [INFO] Running at [38;5;121m67.02[0m[38;5;159m FPS ([38;5;121m67.02[0m[38;5;159m FPS per env, [38;5;121m1[0m[38;5;159m envs).[0m
[38;5;159m[Genesis] [06:51:26] [INFO] Running at [38;5;121m50.67[0m[38;5;159m FPS ([38;5;121m50.67[0m[38;5;159m FPS per env, [38;5;121m1[0m[38;5;159m envs).[0m
[38;5;159m[Genesis] [06:51:26] [INFO] Running at [38;5;121m67.46[0m[38;5;159m FPS ([38;5;121m67.46[0m[38;5;159m FPS per env, [38;5;121m1[0m[38;5;159m envs).[0m
[38;5;159m[Genesis] [06:51:26] [INFO] Running at [38;5;121m67.28[0m[38;5;159m FPS ([38;5;121m67.28[0m[38;5;159m FPS per env, [38;5;121m1[0m[38;5;159m envs).[0m
[38;5;159m[Genesis] [06:51:26] [INFO] Running at [38;5;121m67.28[0m[38;5;159m FPS ([38;5;121m67.28[0m[38;5;159m FPS per env, [38;5;121m1[0m[38;5;159m envs).[0m
[38;5;159m[Genesis] [06:51:26] [INFO] Running at [38;5;121m50.86[0m[38;5;159m FPS ([38;5;121m50.86[0m[38;5;159m FPS per env, [38;5;121m1[0m[38;5;159m envs).[0m
[38;5;159m[Genesis] [06:51:26] [INFO] Running at [38;5;121m67.56[0m[38;5;159m FPS ([38;5;121m67.56[0m[38;5;159m FPS per env, [38;5;121m1[0m[38;5;159m envs).[0m
[38;5;159m[Genesis] [06:51:26] [INFO] Running at [38;5;121m67.26[0m[38;5;159m FPS ([38;5;121m67.26[0m[38;5;159m FPS per env, [38;5;121m1[0m[38;5;159m envs).[0m
[38;5;159m[Genesis] [06:51:26] [INFO] Running at [38;5;121m67.03[0m[38;5;159m FPS ([38;5;121m67.03[0m[38;5;159m FPS per env, [38;5;121m1[0m[38;5;159m envs).[0m
[38;5;159m[Genesis] [06:51:26] [INFO] Running at [38;5;121m50.61[0m[38;5;159m FPS ([38;5;121m50.61[0m[38;5;159m FPS per env, [38;5;121m1[0m[38;5;159m envs).[0m
[38;5;159m[Genesis] [06:51:26] [INFO] Running at [38;5;121m67.61[0m[38;5;159m FPS ([38;5;121m67.61[0m[38;5;159m FPS per env, [38;5;121m1[0m[38;5;159m envs).[0m
[38;5;159m[Genesis] [06:51:26] [INFO] Running at [38;5;121m67.62[0m[38;5;159m FPS ([38;5;121m67.62[0m[38;5;159m FPS per env, [38;5;121m1[0m[38;5;159m envs).[0m
[38;5;159m[Genesis] [06:51:26] [INFO] Running at [38;5;121m67.68[0m[38;5;159m FPS ([38;5;121m67.68[0m[38;5;159m FPS per env, [38;5;121m1[0m[38;5;159m envs).[0m
[38;5;159m[Genesis] [06:51:26] [INFO] Running at [38;5;121m67.62[0m[38;5;159m FPS ([38;5;121m67.62[0m[38;5;159m FPS per env, [38;5;121m1[0m[38;5;159m envs).[0m
[38;5;159m[Genesis] [06:51:26] [INFO] Running at [38;5;121m67.27[0m[38;5;159m FPS ([38;5;121m67.27[0m[38;5;159m FPS per env, [38;5;121m1[0m[38;5;159m envs).[0m
[38;5;159m[Genesis] [06:51:26] [INFO] Running at [38;5;121m66.95[0m[38;5;159m FPS ([38;5;121m66.95[0m[38;5;159m FPS per env, [38;5;121m1[0m[38;5;159m envs).[0m
[38;5;159m[Genesis] [06:51:26] [INFO] Running at [38;5;121m66.79[0m[38;5;159m FPS ([38;5;121m66.79[0m[38;5;159m FPS per env, [38;5;121m1[0m[38;5;159m envs).[0m
[38;5;159m[Genesis] [06:51:26] [INFO] Running at [38;5;121m66.75[0m[38;5;159m FPS ([38;5;121m66.75[0m[38;5;159m FPS per env, [38;5;121m1[0m[38;5;159m envs).[0m
[38;5;159m[Genesis] [06:51:27] [INFO] Running at [38;5;121m66.59[0m[38;5;159m FPS ([38;5;121m66.59[0m[38;5;159m FPS per env, [38;5;121m1[0m[38;5;159m envs).[0m
[38;5;159m[Genesis] [06:51:27] [INFO] Running at [38;5;121m66.79[0m[38;5;159m FPS ([38;5;121m66.79[0m[38;5;159m FPS per env, [38;5;121m1[0m[38;5;159m envs).[0m
[38;5;159m[Genesis] [06:51:27] [INFO] Running at [38;5;121m66.89[0m[38;5;159m FPS ([38;5;121m66.89[0m[38;5;159m FPS per env, [38;5;121m1[0m[38;5;159m envs).[0m
[38;5;159m[Genesis] [06:51:27] [INFO] Running at [38;5;121m67.06[0m[38;5;159m FPS ([38;5;121m67.06[0m[38;5;159m FPS per env, [38;5;121m1[0m[38;5;159m envs).[0m
[38;5;159m[Genesis] [06:51:27] [INFO] Running at [38;5;121m67.24[0m[38;5;159m FPS ([38;5;121m67.24[0m[38;5;159m FPS per env, [38;5;121m1[0m[38;5;159m envs).[0m
[38;5;159m[Genesis] [06:51:27] [INFO] Running at [38;5;121m67.36[0m[38;5;159m FPS ([38;5;121m67.36[0m[38;5;159m FPS per env, [38;5;121m1[0m[38;5;159m envs).[0m
[38;5;159m[Genesis] [06:51:27] [INFO] Running at [38;5;121m67.11[0m[38;5;159m FPS ([38;5;121m67.11[0m[38;5;159m FPS per env, [38;5;121m1[0m[38;5;159m envs).[0m
[38;5;159m[Genesis] [06:51:27] [INFO] Running at [38;5;121m66.97[0m[38;5;159m FPS ([38;5;121m66.97[0m[38;5;159m FPS per env, [38;5;121m1[0m[38;5;159m envs).[0m
[38;5;159m[Genesis] [06:51:27] [INFO] Running at [38;5;121m50.58[0m[38;5;159m FPS ([38;5;121m50.58[0m[38;5;159m FPS per env, [38;5;121m1[0m[38;5;159m envs).[0m
[38;5;159m[Genesis] [06:51:27] [INFO] Running at [38;5;121m67.51[0m[38;5;159m FPS ([38;5;121m67.51[0m[38;5;159m FPS per env, [38;5;121m1[0m[38;5;159m envs).[0m
[38;5;159m[Genesis] [06:51:27] [INFO] Running at [38;5;121m67.36[0m[38;5;159m FPS ([38;5;121m67.36[0m[38;5;159m FPS per env, [38;5;121m1[0m[38;5;159m envs).[0m
[38;5;159m[Genesis] [06:51:27] [INFO] Running at [38;5;121m67.39[0m[38;5;159m FPS ([38;5;121m67.39[0m[38;5;159m FPS per env, [38;5;121m1[0m[38;5;159m envs).[0m
[38;5;159m[Genesis] [06:51:27] [INFO] Running at [38;5;121m67.32[0m[38;5;159m FPS ([38;5;121m67.32[0m[38;5;159m FPS per env, [38;5;121m1[0m[38;5;159m envs).[0m
[38;5;159m[Genesis] [06:51:27] [INFO] Running at [38;5;121m67.35[0m[38;5;159m FPS ([38;5;121m67.35[0m[38;5;159m FPS per env, [38;5;121m1[0m[38;5;159m envs).[0m
[38;5;159m[Genesis] [06:51:27] [INFO] Running at [38;5;121m67.08[0m[38;5;159m FPS ([38;5;121m67.08[0m[38;5;159m FPS per env, [38;5;121m1[0m[38;5;159m envs).[0m
[38;5;159m[Genesis] [06:51:27] [INFO] Running at [38;5;121m67.09[0m[38;5;159m FPS ([38;5;121m67.09[0m[38;5;159m FPS per env, [38;5;121m1[0m[38;5;159m envs).[0m
[38;5;159m[Genesis] [06:51:27] [INFO] Running at [38;5;121m66.92[0m[38;5;159m FPS ([38;5;121m66.92[0m[38;5;159m FPS per env, [38;5;121m1[0m[38;5;159m envs).[0m
[38;5;159m[Genesis] [06:51:28] [INFO] Running at [38;5;121m67.07[0m[38;5;159m FPS ([38;5;121m67.07[0m[38;5;159m FPS per env, [38;5;121m1[0m[38;5;159m envs).[0m
[38;5;159m[Genesis] [06:51:28] [INFO] Running at [38;5;121m66.92[0m[38;5;159m FPS ([38;5;121m66.92[0m[38;5;159m FPS per env, [38;5;121m1[0m[38;5;159m envs).[0m
[38;5;159m[Genesis] [06:51:28] [INFO] Running at [38;5;121m67.01[0m[38;5;159m FPS ([38;5;121m67.01[0m[38;5;159m FPS per env, [38;5;121m1[0m[38;5;159m envs).[0m
[38;5;159m[Genesis] [06:51:28] [INFO] Running at [38;5;121m66.81[0m[38;5;159m FPS ([38;5;121m66.81[0m[38;5;159m FPS per env, [38;5;121m1[0m[38;5;159m envs).[0m
[38;5;159m[Genesis] [06:51:28] [INFO] Running at [38;5;121m66.91[0m[38;5;159m FPS ([38;5;121m66.91[0m[38;5;159m FPS per env, [38;5;121m1[0m[38;5;159m envs).[0m
[38;5;159m[Genesis] [06:51:28] [INFO] Running at [38;5;121m66.93[0m[38;5;159m FPS ([38;5;121m66.93[0m[38;5;159m FPS per env, [38;5;121m1[0m[38;5;159m envs).[0m
[38;5;159m[Genesis] [06:51:28] [INFO] Running at [38;5;121m66.85[0m[38;5;159m FPS ([38;5;121m66.85[0m[38;5;159m FPS per env, [38;5;121m1[0m[38;5;159m envs).[0m
[38;5;159m[Genesis] [06:51:28] [INFO] Running at [38;5;121m66.84[0m[38;5;159m FPS ([38;5;121m66.84[0m[38;5;159m FPS per env, [38;5;121m1[0m[38;5;159m envs).[0m
[38;5;159m[Genesis] [06:51:28] [INFO] Running at [38;5;121m66.84[0m[38;5;159m FPS ([38;5;121m66.84[0m[38;5;159m FPS per env, [38;5;121m1[0m[38;5;159m envs).[0m
[38;5;159m[Genesis] [06:51:28] [INFO] Running at [38;5;121m66.79[0m[38;5;159m FPS ([38;5;121m66.79[0m[38;5;159m FPS per env, [38;5;121m1[0m[38;5;159m envs).[0m
[38;5;159m[Genesis] [06:51:28] [INFO] Running at [38;5;121m66.88[0m[38;5;159m FPS ([38;5;121m66.88[0m[38;5;159m FPS per env, [38;5;121m1[0m[38;5;159m envs).[0m
[38;5;159m[Genesis] [06:51:28] [INFO] Running at [38;5;121m66.79[0m[38;5;159m FPS ([38;5;121m66.79[0m[38;5;159m FPS per env, [38;5;121m1[0m[38;5;159m envs).[0m
[38;5;159m[Genesis] [06:51:28] [INFO] Running at [38;5;121m66.75[0m[38;5;159m FPS ([38;5;121m66.75[0m[38;5;159m FPS per env, [38;5;121m1[0m[38;5;159m envs).[0m
[38;5;159m[Genesis] [06:51:28] [INFO] Running at [38;5;121m66.40[0m[38;5;159m FPS ([38;5;121m66.40[0m[38;5;159m FPS per env, [38;5;121m1[0m[38;5;159m envs).[0m
[38;5;159m[Genesis] [06:51:28] [INFO] Running at [38;5;121m50.22[0m[38;5;159m FPS ([38;5;121m50.22[0m[38;5;159m FPS per env, [38;5;121m1[0m[38;5;159m envs).[0m
[38;5;159m[Genesis] [06:51:28] [INFO] Running at [38;5;121m50.61[0m[38;5;159m FPS ([38;5;121m50.61[0m[38;5;159m FPS per env, [38;5;121m1[0m[38;5;159m envs).[0m
[38;5;159m[Genesis] [06:51:28] [INFO] Running at [38;5;121m50.97[0m[38;5;159m FPS ([38;5;121m50.97[0m[38;5;159m FPS per env, [38;5;121m1[0m[38;5;159m envs).[0m
[38;5;159m[Genesis] [06:51:29] [INFO] Running at [38;5;121m51.14[0m[38;5;159m FPS ([38;5;121m51.14[0m[38;5;159m FPS per env, [38;5;121m1[0m[38;5;159m envs).[0m
[38;5;159m[Genesis] [06:51:29] [INFO] Running at [38;5;121m51.50[0m[38;5;159m FPS ([38;5;121m51.50[0m[38;5;159m FPS per env, [38;5;121m1[0m[38;5;159m envs).[0m
[38;5;159m[Genesis] [06:51:29] [INFO] Running at [38;5;121m51.85[0m[38;5;159m FPS ([38;5;121m51.85[0m[38;5;159m FPS per env, [38;5;121m1[0m[38;5;159m envs).[0m
[38;5;159m[Genesis] [06:51:29] [INFO] Running at [38;5;121m52.20[0m[38;5;159m FPS ([38;5;121m52.20[0m[38;5;159m FPS per env, [38;5;121m1[0m[38;5;159m envs).[0m
[38;5;159m[Genesis] [06:51:29] [INFO] Running at [38;5;121m52.40[0m[38;5;159m FPS ([38;5;121m52.40[0m[38;5;159m FPS per env, [38;5;121m1[0m[38;5;159m envs).[0m
[38;5;159m[Genesis] [06:51:29] [INFO] Running at [38;5;121m69.14[0m[38;5;159m FPS ([38;5;121m69.14[0m[38;5;159m FPS per env, [38;5;121m1[0m[38;5;159m envs).[0m
[38;5;159m[Genesis] [06:51:29] [INFO] Running at [38;5;121m68.60[0m[38;5;159m FPS ([38;5;121m68.60[0m[38;5;159m FPS per env, [38;5;121m1[0m[38;5;159m envs).[0m
[38;5;159m[Genesis] [06:51:29] [INFO] Running at [38;5;121m51.79[0m[38;5;159m FPS ([38;5;121m51.79[0m[38;5;159m FPS per env, [38;5;121m1[0m[38;5;159m envs).[0m
[38;5;159m[Genesis] [06:51:29] [INFO] Running at [38;5;121m68.54[0m[38;5;159m FPS ([38;5;121m68.54[0m[38;5;159m FPS per env, [38;5;121m1[0m[38;5;159m envs).[0m
[38;5;159m[Genesis] [06:51:29] [INFO] Running at [38;5;121m51.66[0m[38;5;159m FPS ([38;5;121m51.66[0m[38;5;159m FPS per env, [38;5;121m1[0m[38;5;159m envs).[0m
[38;5;159m[Genesis] [06:51:29] [INFO] Running at [38;5;121m68.59[0m[38;5;159m FPS ([38;5;121m68.59[0m[38;5;159m FPS per env, [38;5;121m1[0m[38;5;159m envs).[0m
[38;5;159m[Genesis] [06:51:29] [INFO] Running at [38;5;121m68.15[0m[38;5;159m FPS ([38;5;121m68.15[0m[38;5;159m FPS per env, [38;5;121m1[0m[38;5;159m envs).[0m
[38;5;159m[Genesis] [06:51:29] [INFO] Running at [38;5;121m67.81[0m[38;5;159m FPS ([38;5;121m67.81[0m[38;5;159m FPS per env, [38;5;121m1[0m[38;5;159m envs).[0m
[38;5;159m[Genesis] [06:51:29] [INFO] Running at [38;5;121m51.22[0m[38;5;159m FPS ([38;5;121m51.22[0m[38;5;159m FPS per env, [38;5;121m1[0m[38;5;159m envs).[0m
[38;5;159m[Genesis] [06:51:29] [INFO] Running at [38;5;121m51.52[0m[38;5;159m FPS ([38;5;121m51.52[0m[38;5;159m FPS per env, [38;5;121m1[0m[38;5;159m envs).[0m
[38;5;159m[Genesis] [06:51:29] [INFO] Running at [38;5;121m68.50[0m[38;5;159m FPS ([38;5;121m68.50[0m[38;5;159m FPS per env, [38;5;121m1[0m[38;5;159m envs).[0m
[38;5;159m[Genesis] [06:51:29] [INFO] Running at [38;5;121m68.45[0m[38;5;159m FPS ([38;5;121m68.45[0m[38;5;159m FPS per env, [38;5;121m1[0m[38;5;159m envs).[0m
[38;5;159m[Genesis] [06:51:30] [INFO] Running at [38;5;121m68.27[0m[38;5;159m FPS ([38;5;121m68.27[0m[38;5;159m FPS per env, [38;5;121m1[0m[38;5;159m envs).[0m
[38;5;159m[Genesis] [06:51:30] [INFO] Running at [38;5;121m68.25[0m[38;5;159m FPS ([38;5;121m68.25[0m[38;5;159m FPS per env, [38;5;121m1[0m[38;5;159m envs).[0m
[38;5;159m[Genesis] [06:51:30] [INFO] Running at [38;5;121m68.09[0m[38;5;159m FPS ([38;5;121m68.09[0m[38;5;159m FPS per env, [38;5;121m1[0m[38;5;159m envs).[0m
[38;5;159m[Genesis] [06:51:30] [INFO] Running at [38;5;121m67.99[0m[38;5;159m FPS ([38;5;121m67.99[0m[38;5;159m FPS per env, [38;5;121m1[0m[38;5;159m envs).[0m
[38;5;159m[Genesis] [06:51:30] [INFO] Running at [38;5;121m67.77[0m[38;5;159m FPS ([38;5;121m67.77[0m[38;5;159m FPS per env, [38;5;121m1[0m[38;5;159m envs).[0m
[38;5;159m[Genesis] [06:51:30] [INFO] Running at [38;5;121m67.73[0m[38;5;159m FPS ([38;5;121m67.73[0m[38;5;159m FPS per env, [38;5;121m1[0m[38;5;159m envs).[0m
[38;5;159m[Genesis] [06:51:30] [INFO] Running at [38;5;121m67.64[0m[38;5;159m FPS ([38;5;121m67.64[0m[38;5;159m FPS per env, [38;5;121m1[0m[38;5;159m envs).[0m
[38;5;159m[Genesis] [06:51:30] [INFO] Running at [38;5;121m67.69[0m[38;5;159m FPS ([38;5;121m67.69[0m[38;5;159m FPS per env, [38;5;121m1[0m[38;5;159m envs).[0m
[38;5;159m[Genesis] [06:51:30] [INFO] Running at [38;5;121m67.44[0m[38;5;159m FPS ([38;5;121m67.44[0m[38;5;159m FPS per env, [38;5;121m1[0m[38;5;159m envs).[0m
[38;5;159m[Genesis] [06:51:30] [INFO] Running at [38;5;121m67.48[0m[38;5;159m FPS ([38;5;121m67.48[0m[38;5;159m FPS per env, [38;5;121m1[0m[38;5;159m envs).[0m
[38;5;159m[Genesis] [06:51:30] [INFO] Running at [38;5;121m67.32[0m[38;5;159m FPS ([38;5;121m67.32[0m[38;5;159m FPS per env, [38;5;121m1[0m[38;5;159m envs).[0m
[38;5;159m[Genesis] [06:51:30] [INFO] Running at [38;5;121m67.24[0m[38;5;159m FPS ([38;5;121m67.24[0m[38;5;159m FPS per env, [38;5;121m1[0m[38;5;159m envs).[0m
[38;5;159m[Genesis] [06:51:30] [INFO] Running at [38;5;121m67.17[0m[38;5;159m FPS ([38;5;121m67.17[0m[38;5;159m FPS per env, [38;5;121m1[0m[38;5;159m envs).[0m
[38;5;159m[Genesis] [06:51:30] [INFO] Running at [38;5;121m67.15[0m[38;5;159m FPS ([38;5;121m67.15[0m[38;5;159m FPS per env, [38;5;121m1[0m[38;5;159m envs).[0m
[38;5;159m[Genesis] [06:51:30] [INFO] Running at [38;5;121m67.17[0m[38;5;159m FPS ([38;5;121m67.17[0m[38;5;159m FPS per env, [38;5;121m1[0m[38;5;159m envs).[0m
[38;5;159m[Genesis] [06:51:30] [INFO] Running at [38;5;121m67.20[0m[38;5;159m FPS ([38;5;121m67.20[0m[38;5;159m FPS per env, [38;5;121m1[0m[38;5;159m envs).[0m
[38;5;159m[Genesis] [06:51:31] [INFO] Running at [38;5;121m67.20[0m[38;5;159m FPS ([38;5;121m67.20[0m[38;5;159m FPS per env, [38;5;121m1[0m[38;5;159m envs).[0m
[38;5;159m[Genesis] [06:51:31] [INFO] Running at [38;5;121m67.17[0m[38;5;159m FPS ([38;5;121m67.17[0m[38;5;159m FPS per env, [38;5;121m1[0m[38;5;159m envs).[0m
[38;5;159m[Genesis] [06:51:31] [INFO] Running at [38;5;121m67.21[0m[38;5;159m FPS ([38;5;121m67.21[0m[38;5;159m FPS per env, [38;5;121m1[0m[38;5;159m envs).[0m
[38;5;159m[Genesis] [06:51:31] [INFO] Running at [38;5;121m67.16[0m[38;5;159m FPS ([38;5;121m67.16[0m[38;5;159m FPS per env, [38;5;121m1[0m[38;5;159m envs).[0m
[38;5;159m[Genesis] [06:51:31] [INFO] Running at [38;5;121m50.67[0m[38;5;159m FPS ([38;5;121m50.67[0m[38;5;159m FPS per env, [38;5;121m1[0m[38;5;159m envs).[0m
[38;5;159m[Genesis] [06:51:31] [INFO] Running at [38;5;121m67.32[0m[38;5;159m FPS ([38;5;121m67.32[0m[38;5;159m FPS per env, [38;5;121m1[0m[38;5;159m envs).[0m
[38;5;159m[Genesis] [06:51:31] [INFO] Running at [38;5;121m67.24[0m[38;5;159m FPS ([38;5;121m67.24[0m[38;5;159m FPS per env, [38;5;121m1[0m[38;5;159m envs).[0m
[38;5;159m[Genesis] [06:51:31] [INFO] Running at [38;5;121m67.19[0m[38;5;159m FPS ([38;5;121m67.19[0m[38;5;159m FPS per env, [38;5;121m1[0m[38;5;159m envs).[0m
[38;5;159m[Genesis] [06:51:31] [INFO] Running at [38;5;121m67.30[0m[38;5;159m FPS ([38;5;121m67.30[0m[38;5;159m FPS per env, [38;5;121m1[0m[38;5;159m envs).[0m
[38;5;159m[Genesis] [06:51:31] [INFO] Running at [38;5;121m67.23[0m[38;5;159m FPS ([38;5;121m67.23[0m[38;5;159m FPS per env, [38;5;121m1[0m[38;5;159m envs).[0m
[38;5;159m[Genesis] [06:51:31] [INFO] Running at [38;5;121m67.25[0m[38;5;159m FPS ([38;5;121m67.25[0m[38;5;159m FPS per env, [38;5;121m1[0m[38;5;159m envs).[0m
[38;5;159m[Genesis] [06:51:31] [INFO] Running at [38;5;121m67.20[0m[38;5;159m FPS ([38;5;121m67.20[0m[38;5;159m FPS per env, [38;5;121m1[0m[38;5;159m envs).[0m
[38;5;159m[Genesis] [06:51:31] [INFO] Running at [38;5;121m67.24[0m[38;5;159m FPS ([38;5;121m67.24[0m[38;5;159m FPS per env, [38;5;121m1[0m[38;5;159m envs).[0m
[38;5;159m[Genesis] [06:51:31] [INFO] Running at [38;5;121m67.22[0m[38;5;159m FPS ([38;5;121m67.22[0m[38;5;159m FPS per env, [38;5;121m1[0m[38;5;159m envs).[0m
[38;5;159m[Genesis] [06:51:31] [INFO] Running at [38;5;121m67.12[0m[38;5;159m FPS ([38;5;121m67.12[0m[38;5;159m FPS per env, [38;5;121m1[0m[38;5;159m envs).[0m
[38;5;159m[Genesis] [06:51:31] [INFO] Running at [38;5;121m67.22[0m[38;5;159m FPS ([38;5;121m67.22[0m[38;5;159m FPS per env, [38;5;121m1[0m[38;5;159m envs).[0m
[38;5;159m[Genesis] [06:51:31] [INFO] Running at [38;5;121m66.91[0m[38;5;159m FPS ([38;5;121m66.91[0m[38;5;159m FPS per env, [38;5;121m1[0m[38;5;159m envs).[0m
[38;5;159m[Genesis] [06:51:32] [INFO] Running at [38;5;121m66.99[0m[38;5;159m FPS ([38;5;121m66.99[0m[38;5;159m FPS per env, [38;5;121m1[0m[38;5;159m envs).[0m
[38;5;159m[Genesis] [06:51:32] [INFO] Running at [38;5;121m66.95[0m[38;5;159m FPS ([38;5;121m66.95[0m[38;5;159m FPS per env, [38;5;121m1[0m[38;5;159m envs).[0m
[38;5;159m[Genesis] [06:51:32] [INFO] Running at [38;5;121m67.08[0m[38;5;159m FPS ([38;5;121m67.08[0m[38;5;159m FPS per env, [38;5;121m1[0m[38;5;159m envs).[0m
[38;5;159m[Genesis] [06:51:32] [INFO] Running at [38;5;121m50.71[0m[38;5;159m FPS ([38;5;121m50.71[0m[38;5;159m FPS per env, [38;5;121m1[0m[38;5;159m envs).[0m
[38;5;159m[Genesis] [06:51:32] [INFO] Running at [38;5;121m67.33[0m[38;5;159m FPS ([38;5;121m67.33[0m[38;5;159m FPS per env, [38;5;121m1[0m[38;5;159m envs).[0m
[38;5;159m[Genesis] [06:51:32] [INFO] Running at [38;5;121m67.03[0m[38;5;159m FPS ([38;5;121m67.03[0m[38;5;159m FPS per env, [38;5;121m1[0m[38;5;159m envs).[0m
[38;5;159m[Genesis] [06:51:32] [INFO] Running at [38;5;121m66.74[0m[38;5;159m FPS ([38;5;121m66.74[0m[38;5;159m FPS per env, [38;5;121m1[0m[38;5;159m envs).[0m
[38;5;159m[Genesis] [06:51:32] [INFO] Running at [38;5;121m50.22[0m[38;5;159m FPS ([38;5;121m50.22[0m[38;5;159m FPS per env, [38;5;121m1[0m[38;5;159m envs).[0m
[38;5;159m[Genesis] [06:51:32] [INFO] Running at [38;5;121m50.62[0m[38;5;159m FPS ([38;5;121m50.62[0m[38;5;159m FPS per env, [38;5;121m1[0m[38;5;159m envs).[0m
[38;5;159m[Genesis] [06:51:32] [INFO] Running at [38;5;121m50.86[0m[38;5;159m FPS ([38;5;121m50.86[0m[38;5;159m FPS per env, [38;5;121m1[0m[38;5;159m envs).[0m
[38;5;159m[Genesis] [06:51:32] [INFO] Running at [38;5;121m51.21[0m[38;5;159m FPS ([38;5;121m51.21[0m[38;5;159m FPS per env, [38;5;121m1[0m[38;5;159m envs).[0m
[38;5;159m[Genesis] [06:51:32] [INFO] Running at [38;5;121m51.57[0m[38;5;159m FPS ([38;5;121m51.57[0m[38;5;159m FPS per env, [38;5;121m1[0m[38;5;159m envs).[0m
[38;5;159m[Genesis] [06:51:32] [INFO] Running at [38;5;121m51.92[0m[38;5;159m FPS ([38;5;121m51.92[0m[38;5;159m FPS per env, [38;5;121m1[0m[38;5;159m envs).[0m
[38;5;159m[Genesis] [06:51:32] [INFO] Running at [38;5;121m52.26[0m[38;5;159m FPS ([38;5;121m52.26[0m[38;5;159m FPS per env, [38;5;121m1[0m[38;5;159m envs).[0m
[38;5;159m[Genesis] [06:51:32] [INFO] Running at [38;5;121m52.59[0m[38;5;159m FPS ([38;5;121m52.59[0m[38;5;159m FPS per env, [38;5;121m1[0m[38;5;159m envs).[0m
[38;5;159m[Genesis] [06:51:32] [INFO] Running at [38;5;121m69.78[0m[38;5;159m FPS ([38;5;121m69.78[0m[38;5;159m FPS per env, [38;5;121m1[0m[38;5;159m envs).[0m
[38;5;159m[Genesis] [06:51:32] [INFO] Running at [38;5;121m69.55[0m[38;5;159m FPS ([38;5;121m69.55[0m[38;5;159m FPS per env, [38;5;121m1[0m[38;5;159m envs).[0m
[38;5;159m[Genesis] [06:51:32] [INFO] Running at [38;5;121m69.30[0m[38;5;159m FPS ([38;5;121m69.30[0m[38;5;159m FPS per env, [38;5;121m1[0m[38;5;159m envs).[0m
[38;5;159m[Genesis] [06:51:33] [INFO] Running at [38;5;121m68.87[0m[38;5;159m FPS ([38;5;121m68.87[0m[38;5;159m FPS per env, [38;5;121m1[0m[38;5;159m envs).[0m
[38;5;159m[Genesis] [06:51:33] [INFO] Running at [38;5;121m68.50[0m[38;5;159m FPS ([38;5;121m68.50[0m[38;5;159m FPS per env, [38;5;121m1[0m[38;5;159m envs).[0m
[38;5;159m[Genesis] [06:51:33] [INFO] Running at [38;5;121m68.06[0m[38;5;159m FPS ([38;5;121m68.06[0m[38;5;159m FPS per env, [38;5;121m1[0m[38;5;159m envs).[0m
[38;5;159m[Genesis] [06:51:33] [INFO] Running at [38;5;121m67.82[0m[38;5;159m FPS ([38;5;121m67.82[0m[38;5;159m FPS per env, [38;5;121m1[0m[38;5;159m envs).[0m
[38;5;159m[Genesis] [06:51:33] [INFO] Running at [38;5;121m51.07[0m[38;5;159m FPS ([38;5;121m51.07[0m[38;5;159m FPS per env, [38;5;121m1[0m[38;5;159m envs).[0m
[38;5;159m[Genesis] [06:51:33] [INFO] Running at [38;5;121m67.78[0m[38;5;159m FPS ([38;5;121m67.78[0m[38;5;159m FPS per env, [38;5;121m1[0m[38;5;159m envs).[0m
[38;5;159m[Genesis] [06:51:33] [INFO] Running at [38;5;121m67.73[0m[38;5;159m FPS ([38;5;121m67.73[0m[38;5;159m FPS per env, [38;5;121m1[0m[38;5;159m envs).[0m
[38;5;159m[Genesis] [06:51:33] [INFO] Running at [38;5;121m67.44[0m[38;5;159m FPS ([38;5;121m67.44[0m[38;5;159m FPS per env, [38;5;121m1[0m[38;5;159m envs).[0m
[38;5;159m[Genesis] [06:51:33] [INFO] Running at [38;5;121m67.57[0m[38;5;159m FPS ([38;5;121m67.57[0m[38;5;159m FPS per env, [38;5;121m1[0m[38;5;159m envs).[0m
[38;5;159m[Genesis] [06:51:33] [INFO] Running at [38;5;121m67.56[0m[38;5;159m FPS ([38;5;121m67.56[0m[38;5;159m FPS per env, [38;5;121m1[0m[38;5;159m envs).[0m
[38;5;159m[Genesis] [06:51:33] [INFO] Running at [38;5;121m67.55[0m[38;5;159m FPS ([38;5;121m67.55[0m[38;5;159m FPS per env, [38;5;121m1[0m[38;5;159m envs).[0m
[38;5;159m[Genesis] [06:51:33] [INFO] Running at [38;5;121m67.41[0m[38;5;159m FPS ([38;5;121m67.41[0m[38;5;159m FPS per env, [38;5;121m1[0m[38;5;159m envs).[0m
[38;5;159m[Genesis] [06:51:33] [INFO] Running at [38;5;121m67.36[0m[38;5;159m FPS ([38;5;121m67.36[0m[38;5;159m FPS per env, [38;5;121m1[0m[38;5;159m envs).[0m
[38;5;159m[Genesis] [06:51:33] [INFO] Running at [38;5;121m67.43[0m[38;5;159m FPS ([38;5;121m67.43[0m[38;5;159m FPS per env, [38;5;121m1[0m[38;5;159m envs).[0m
[38;5;159m[Genesis] [06:51:33] [INFO] Running at [38;5;121m67.36[0m[38;5;159m FPS ([38;5;121m67.36[0m[38;5;159m FPS per env, [38;5;121m1[0m[38;5;159m envs).[0m
[38;5;159m[Genesis] [06:51:33] [INFO] Running at [38;5;121m67.47[0m[38;5;159m FPS ([38;5;121m67.47[0m[38;5;159m FPS per env, [38;5;121m1[0m[38;5;159m envs).[0m
[38;5;159m[Genesis] [06:51:34] [INFO] Running at [38;5;121m67.42[0m[38;5;159m FPS ([38;5;121m67.42[0m[38;5;159m FPS per env, [38;5;121m1[0m[38;5;159m envs).[0m
[38;5;159m[Genesis] [06:51:34] [INFO] Running at [38;5;121m66.76[0m[38;5;159m FPS ([38;5;121m66.76[0m[38;5;159m FPS per env, [38;5;121m1[0m[38;5;159m envs).[0m
[38;5;159m[Genesis] [06:51:34] [INFO] Running at [38;5;121m66.60[0m[38;5;159m FPS ([38;5;121m66.60[0m[38;5;159m FPS per env, [38;5;121m1[0m[38;5;159m envs).[0m
[38;5;159m[Genesis] [06:51:34] [INFO] Running at [38;5;121m66.71[0m[38;5;159m FPS ([38;5;121m66.71[0m[38;5;159m FPS per env, [38;5;121m1[0m[38;5;159m envs).[0m
[38;5;159m[Genesis] [06:51:34] [INFO] Running at [38;5;121m66.75[0m[38;5;159m FPS ([38;5;121m66.75[0m[38;5;159m FPS per env, [38;5;121m1[0m[38;5;159m envs).[0m
[38;5;159m[Genesis] [06:51:34] [INFO] Running at [38;5;121m66.71[0m[38;5;159m FPS ([38;5;121m66.71[0m[38;5;159m FPS per env, [38;5;121m1[0m[38;5;159m envs).[0m
[38;5;159m[Genesis] [06:51:34] [INFO] Running at [38;5;121m66.73[0m[38;5;159m FPS ([38;5;121m66.73[0m[38;5;159m FPS per env, [38;5;121m1[0m[38;5;159m envs).[0m
[38;5;159m[Genesis] [06:51:34] [INFO] Running at [38;5;121m66.75[0m[38;5;159m FPS ([38;5;121m66.75[0m[38;5;159m FPS per env, [38;5;121m1[0m[38;5;159m envs).[0m
[38;5;159m[Genesis] [06:51:34] [INFO] Running at [38;5;121m50.45[0m[38;5;159m FPS ([38;5;121m50.45[0m[38;5;159m FPS per env, [38;5;121m1[0m[38;5;159m envs).[0m
[38;5;159m[Genesis] [06:51:34] [INFO] Running at [38;5;121m67.37[0m[38;5;159m FPS ([38;5;121m67.37[0m[38;5;159m FPS per env, [38;5;121m1[0m[38;5;159m envs).[0m
[38;5;159m[Genesis] [06:51:34] [INFO] Running at [38;5;121m67.26[0m[38;5;159m FPS ([38;5;121m67.26[0m[38;5;159m FPS per env, [38;5;121m1[0m[38;5;159m envs).[0m
[38;5;159m[Genesis] [06:51:34] [INFO] Running at [38;5;121m67.14[0m[38;5;159m FPS ([38;5;121m67.14[0m[38;5;159m FPS per env, [38;5;121m1[0m[38;5;159m envs).[0m
[38;5;159m[Genesis] [06:51:34] [INFO] Running at [38;5;121m67.00[0m[38;5;159m FPS ([38;5;121m67.00[0m[38;5;159m FPS per env, [38;5;121m1[0m[38;5;159m envs).[0m
[38;5;159m[Genesis] [06:51:34] [INFO] Running at [38;5;121m67.06[0m[38;5;159m FPS ([38;5;121m67.06[0m[38;5;159m FPS per env, [38;5;121m1[0m[38;5;159m envs).[0m
[38;5;159m[Genesis] [06:51:34] [INFO] Running at [38;5;121m67.00[0m[38;5;159m FPS ([38;5;121m67.00[0m[38;5;159m FPS per env, [38;5;121m1[0m[38;5;159m envs).[0m
[38;5;159m[Genesis] [06:51:34] [INFO] Running at [38;5;121m66.91[0m[38;5;159m FPS ([38;5;121m66.91[0m[38;5;159m FPS per env, [38;5;121m1[0m[38;5;159m envs).[0m
[38;5;159m[Genesis] [06:51:34] [INFO] Running at [38;5;121m66.56[0m[38;5;159m FPS ([38;5;121m66.56[0m[38;5;159m FPS per env, [38;5;121m1[0m[38;5;159m envs).[0m
[38;5;159m[Genesis] [06:51:35] [INFO] Running at [38;5;121m50.28[0m[38;5;159m FPS ([38;5;121m50.28[0m[38;5;159m FPS per env, [38;5;121m1[0m[38;5;159m envs).[0m
[38;5;159m[Genesis] [06:51:35] [INFO] Running at [38;5;121m50.50[0m[38;5;159m FPS ([38;5;121m50.50[0m[38;5;159m FPS per env, [38;5;121m1[0m[38;5;159m envs).[0m
[38;5;159m[Genesis] [06:51:35] [INFO] Running at [38;5;121m50.58[0m[38;5;159m FPS ([38;5;121m50.58[0m[38;5;159m FPS per env, [38;5;121m1[0m[38;5;159m envs).[0m
[38;5;159m[Genesis] [06:51:35] [INFO] Running at [38;5;121m67.06[0m[38;5;159m FPS ([38;5;121m67.06[0m[38;5;159m FPS per env, [38;5;121m1[0m[38;5;159m envs).[0m
[38;5;159m[Genesis] [06:51:35] [INFO] Running at [38;5;121m50.65[0m[38;5;159m FPS ([38;5;121m50.65[0m[38;5;159m FPS per env, [38;5;121m1[0m[38;5;159m envs).[0m
[38;5;159m[Genesis] [06:51:35] [INFO] Running at [38;5;121m50.92[0m[38;5;159m FPS ([38;5;121m50.92[0m[38;5;159m FPS per env, [38;5;121m1[0m[38;5;159m envs).[0m
[38;5;159m[Genesis] [06:51:35] [INFO] Running at [38;5;121m67.70[0m[38;5;159m FPS ([38;5;121m67.70[0m[38;5;159m FPS per env, [38;5;121m1[0m[38;5;159m envs).[0m
[38;5;159m[Genesis] [06:51:35] [INFO] Running at [38;5;121m67.37[0m[38;5;159m FPS ([38;5;121m67.37[0m[38;5;159m FPS per env, [38;5;121m1[0m[38;5;159m envs).[0m
[38;5;159m[Genesis] [06:51:35] [INFO] Running at [38;5;121m67.23[0m[38;5;159m FPS ([38;5;121m67.23[0m[38;5;159m FPS per env, [38;5;121m1[0m[38;5;159m envs).[0m
[38;5;159m[Genesis] [06:51:35] [INFO] Running at [38;5;121m67.07[0m[38;5;159m FPS ([38;5;121m67.07[0m[38;5;159m FPS per env, [38;5;121m1[0m[38;5;159m envs).[0m
[38;5;159m[Genesis] [06:51:35] [INFO] Running at [38;5;121m67.06[0m[38;5;159m FPS ([38;5;121m67.06[0m[38;5;159m FPS per env, [38;5;121m1[0m[38;5;159m envs).[0m
[38;5;159m[Genesis] [06:51:35] [INFO] Running at [38;5;121m66.84[0m[38;5;159m FPS ([38;5;121m66.84[0m[38;5;159m FPS per env, [38;5;121m1[0m[38;5;159m envs).[0m
[38;5;159m[Genesis] [06:51:35] [INFO] Running at [38;5;121m66.70[0m[38;5;159m FPS ([38;5;121m66.70[0m[38;5;159m FPS per env, [38;5;121m1[0m[38;5;159m envs).[0m
[38;5;159m[Genesis] [06:51:35] [INFO] Running at [38;5;121m50.20[0m[38;5;159m FPS ([38;5;121m50.20[0m[38;5;159m FPS per env, [38;5;121m1[0m[38;5;159m envs).[0m
[38;5;159m[Genesis] [06:51:35] [INFO] Running at [38;5;121m66.81[0m[38;5;159m FPS ([38;5;121m66.81[0m[38;5;159m FPS per env, [38;5;121m1[0m[38;5;159m envs).[0m
[38;5;159m[Genesis] [06:51:35] [INFO] Running at [38;5;121m50.51[0m[38;5;159m FPS ([38;5;121m50.51[0m[38;5;159m FPS per env, [38;5;121m1[0m[38;5;159m envs).[0m
[38;5;159m[Genesis] [06:51:35] [INFO] Running at [38;5;121m67.02[0m[38;5;159m FPS ([38;5;121m67.02[0m[38;5;159m FPS per env, [38;5;121m1[0m[38;5;159m envs).[0m
[38;5;159m[Genesis] [06:51:36] [INFO] Running at [38;5;121m50.59[0m[38;5;159m FPS ([38;5;121m50.59[0m[38;5;159m FPS per env, [38;5;121m1[0m[38;5;159m envs).[0m
[38;5;159m[Genesis] [06:51:36] [INFO] Running at [38;5;121m67.25[0m[38;5;159m FPS ([38;5;121m67.25[0m[38;5;159m FPS per env, [38;5;121m1[0m[38;5;159m envs).[0m
[38;5;159m[Genesis] [06:51:36] [INFO] Running at [38;5;121m50.78[0m[38;5;159m FPS ([38;5;121m50.78[0m[38;5;159m FPS per env, [38;5;121m1[0m[38;5;159m envs).[0m
[38;5;159m[Genesis] [06:51:36] [INFO] Running at [38;5;121m51.17[0m[38;5;159m FPS ([38;5;121m51.17[0m[38;5;159m FPS per env, [38;5;121m1[0m[38;5;159m envs).[0m
[38;5;159m[Genesis] [06:51:36] [INFO] Running at [38;5;121m51.52[0m[38;5;159m FPS ([38;5;121m51.52[0m[38;5;159m FPS per env, [38;5;121m1[0m[38;5;159m envs).[0m
[38;5;159m[Genesis] [06:51:36] [INFO] Running at [38;5;121m51.82[0m[38;5;159m FPS ([38;5;121m51.82[0m[38;5;159m FPS per env, [38;5;121m1[0m[38;5;159m envs).[0m
[38;5;159m[Genesis] [06:51:36] [INFO] Running at [38;5;121m68.74[0m[38;5;159m FPS ([38;5;121m68.74[0m[38;5;159m FPS per env, [38;5;121m1[0m[38;5;159m envs).[0m
[38;5;159m[Genesis] [06:51:36] [INFO] Running at [38;5;121m68.37[0m[38;5;159m FPS ([38;5;121m68.37[0m[38;5;159m FPS per env, [38;5;121m1[0m[38;5;159m envs).[0m
[38;5;159m[Genesis] [06:51:36] [INFO] Running at [38;5;121m68.24[0m[38;5;159m FPS ([38;5;121m68.24[0m[38;5;159m FPS per env, [38;5;121m1[0m[38;5;159m envs).[0m
[38;5;159m[Genesis] [06:51:36] [INFO] Running at [38;5;121m67.93[0m[38;5;159m FPS ([38;5;121m67.93[0m[38;5;159m FPS per env, [38;5;121m1[0m[38;5;159m envs).[0m
[38;5;159m[Genesis] [06:51:36] [INFO] Running at [38;5;121m67.65[0m[38;5;159m FPS ([38;5;121m67.65[0m[38;5;159m FPS per env, [38;5;121m1[0m[38;5;159m envs).[0m
[38;5;159m[Genesis] [06:51:36] [INFO] Running at [38;5;121m51.11[0m[38;5;159m FPS ([38;5;121m51.11[0m[38;5;159m FPS per env, [38;5;121m1[0m[38;5;159m envs).[0m
[38;5;159m[Genesis] [06:51:36] [INFO] Running at [38;5;121m67.92[0m[38;5;159m FPS ([38;5;121m67.92[0m[38;5;159m FPS per env, [38;5;121m1[0m[38;5;159m envs).[0m
[38;5;159m[Genesis] [06:51:36] [INFO] Running at [38;5;121m51.20[0m[38;5;159m FPS ([38;5;121m51.20[0m[38;5;159m FPS per env, [38;5;121m1[0m[38;5;159m envs).[0m
[38;5;159m[Genesis] [06:51:36] [INFO] Running at [38;5;121m68.32[0m[38;5;159m FPS ([38;5;121m68.32[0m[38;5;159m FPS per env, [38;5;121m1[0m[38;5;159m envs).[0m
[38;5;159m[Genesis] [06:51:36] [INFO] Running at [38;5;121m68.29[0m[38;5;159m FPS ([38;5;121m68.29[0m[38;5;159m FPS per env, [38;5;121m1[0m[38;5;159m envs).[0m
[38;5;159m[Genesis] [06:51:36] [INFO] Running at [38;5;121m68.36[0m[38;5;159m FPS ([38;5;121m68.36[0m[38;5;159m FPS per env, [38;5;121m1[0m[38;5;159m envs).[0m
[38;5;159m[Genesis] [06:51:37] [INFO] Running at [38;5;121m68.26[0m[38;5;159m FPS ([38;5;121m68.26[0m[38;5;159m FPS per env, [38;5;121m1[0m[38;5;159m envs).[0m
[38;5;159m[Genesis] [06:51:37] [INFO] Running at [38;5;121m68.28[0m[38;5;159m FPS ([38;5;121m68.28[0m[38;5;159m FPS per env, [38;5;121m1[0m[38;5;159m envs).[0m
[38;5;159m[Genesis] [06:51:37] [INFO] Running at [38;5;121m68.20[0m[38;5;159m FPS ([38;5;121m68.20[0m[38;5;159m FPS per env, [38;5;121m1[0m[38;5;159m envs).[0m
[38;5;159m[Genesis] [06:51:37] [INFO] Running at [38;5;121m68.19[0m[38;5;159m FPS ([38;5;121m68.19[0m[38;5;159m FPS per env, [38;5;121m1[0m[38;5;159m envs).[0m
[38;5;159m[Genesis] [06:51:37] [INFO] Running at [38;5;121m68.08[0m[38;5;159m FPS ([38;5;121m68.08[0m[38;5;159m FPS per env, [38;5;121m1[0m[38;5;159m envs).[0m
[38;5;159m[Genesis] [06:51:37] [INFO] Running at [38;5;121m67.94[0m[38;5;159m FPS ([38;5;121m67.94[0m[38;5;159m FPS per env, [38;5;121m1[0m[38;5;159m envs).[0m
[38;5;159m[Genesis] [06:51:37] [INFO] Running at [38;5;121m67.92[0m[38;5;159m FPS ([38;5;121m67.92[0m[38;5;159m FPS per env, [38;5;121m1[0m[38;5;159m envs).[0m
[38;5;159m[Genesis] [06:51:37] [INFO] Running at [38;5;121m68.05[0m[38;5;159m FPS ([38;5;121m68.05[0m[38;5;159m FPS per env, [38;5;121m1[0m[38;5;159m envs).[0m
[38;5;159m[Genesis] [06:51:37] [INFO] Running at [38;5;121m68.17[0m[38;5;159m FPS ([38;5;121m68.17[0m[38;5;159m FPS per env, [38;5;121m1[0m[38;5;159m envs).[0m
[38;5;159m[Genesis] [06:51:37] [INFO] Running at [38;5;121m67.94[0m[38;5;159m FPS ([38;5;121m67.94[0m[38;5;159m FPS per env, [38;5;121m1[0m[38;5;159m envs).[0m
[38;5;159m[Genesis] [06:51:37] [INFO] Running at [38;5;121m68.07[0m[38;5;159m FPS ([38;5;121m68.07[0m[38;5;159m FPS per env, [38;5;121m1[0m[38;5;159m envs).[0m
[38;5;159m[Genesis] [06:51:37] [INFO] Running at [38;5;121m67.74[0m[38;5;159m FPS ([38;5;121m67.74[0m[38;5;159m FPS per env, [38;5;121m1[0m[38;5;159m envs).[0m
[38;5;159m[Genesis] [06:51:37] [INFO] Running at [38;5;121m67.44[0m[38;5;159m FPS ([38;5;121m67.44[0m[38;5;159m FPS per env, [38;5;121m1[0m[38;5;159m envs).[0m
[38;5;159m[Genesis] [06:51:37] [INFO] Running at [38;5;121m67.38[0m[38;5;159m FPS ([38;5;121m67.38[0m[38;5;159m FPS per env, [38;5;121m1[0m[38;5;159m envs).[0m
[38;5;159m[Genesis] [06:51:37] [INFO] Running at [38;5;121m67.47[0m[38;5;159m FPS ([38;5;121m67.47[0m[38;5;159m FPS per env, [38;5;121m1[0m[38;5;159m envs).[0m
[38;5;159m[Genesis] [06:51:37] [INFO] Running at [38;5;121m67.50[0m[38;5;159m FPS ([38;5;121m67.50[0m[38;5;159m FPS per env, [38;5;121m1[0m[38;5;159m envs).[0m
[38;5;159m[Genesis] [06:51:37] [INFO] Running at [38;5;121m67.65[0m[38;5;159m FPS ([38;5;121m67.65[0m[38;5;159m FPS per env, [38;5;121m1[0m[38;5;159m envs).[0m
[38;5;159m[Genesis] [06:51:38] [INFO] Running at [38;5;121m67.56[0m[38;5;159m FPS ([38;5;121m67.56[0m[38;5;159m FPS per env, [38;5;121m1[0m[38;5;159m envs).[0m
[38;5;159m[Genesis] [06:51:38] [INFO] Running at [38;5;121m67.78[0m[38;5;159m FPS ([38;5;121m67.78[0m[38;5;159m FPS per env, [38;5;121m1[0m[38;5;159m envs).[0m
[38;5;159m[Genesis] [06:51:38] [INFO] Running at [38;5;121m67.81[0m[38;5;159m FPS ([38;5;121m67.81[0m[38;5;159m FPS per env, [38;5;121m1[0m[38;5;159m envs).[0m
[38;5;159m[Genesis] [06:51:38] [INFO] Running at [38;5;121m67.98[0m[38;5;159m FPS ([38;5;121m67.98[0m[38;5;159m FPS per env, [38;5;121m1[0m[38;5;159m envs).[0m
[38;5;159m[Genesis] [06:51:38] [INFO] Running at [38;5;121m68.06[0m[38;5;159m FPS ([38;5;121m68.06[0m[38;5;159m FPS per env, [38;5;121m1[0m[38;5;159m envs).[0m
[38;5;159m[Genesis] [06:51:38] [INFO] Running at [38;5;121m68.19[0m[38;5;159m FPS ([38;5;121m68.19[0m[38;5;159m FPS per env, [38;5;121m1[0m[38;5;159m envs).[0m
[38;5;159m[Genesis] [06:51:38] [INFO] Running at [38;5;121m68.30[0m[38;5;159m FPS ([38;5;121m68.30[0m[38;5;159m FPS per env, [38;5;121m1[0m[38;5;159m envs).[0m
[38;5;159m[Genesis] [06:51:38] [INFO] Running at [38;5;121m68.37[0m[38;5;159m FPS ([38;5;121m68.37[0m[38;5;159m FPS per env, [38;5;121m1[0m[38;5;159m envs).[0m
[38;5;159m[Genesis] [06:51:38] [INFO] Running at [38;5;121m68.38[0m[38;5;159m FPS ([38;5;121m68.38[0m[38;5;159m FPS per env, [38;5;121m1[0m[38;5;159m envs).[0m
[38;5;159m[Genesis] [06:51:38] [INFO] Running at [38;5;121m68.41[0m[38;5;159m FPS ([38;5;121m68.41[0m[38;5;159m FPS per env, [38;5;121m1[0m[38;5;159m envs).[0m
[38;5;159m[Genesis] [06:51:38] [INFO] Running at [38;5;121m68.21[0m[38;5;159m FPS ([38;5;121m68.21[0m[38;5;159m FPS per env, [38;5;121m1[0m[38;5;159m envs).[0m
[38;5;159m[Genesis] [06:51:38] [INFO] Running at [38;5;121m67.91[0m[38;5;159m FPS ([38;5;121m67.91[0m[38;5;159m FPS per env, [38;5;121m1[0m[38;5;159m envs).[0m
[38;5;159m[Genesis] [06:51:38] [INFO] Running at [38;5;121m67.71[0m[38;5;159m FPS ([38;5;121m67.71[0m[38;5;159m FPS per env, [38;5;121m1[0m[38;5;159m envs).[0m
[38;5;159m[Genesis] [06:51:38] [INFO] Running at [38;5;121m67.56[0m[38;5;159m FPS ([38;5;121m67.56[0m[38;5;159m FPS per env, [38;5;121m1[0m[38;5;159m envs).[0m
[38;5;159m[Genesis] [06:51:38] [INFO] Running at [38;5;121m67.52[0m[38;5;159m FPS ([38;5;121m67.52[0m[38;5;159m FPS per env, [38;5;121m1[0m[38;5;159m envs).[0m
[38;5;159m[Genesis] [06:51:38] [INFO] Running at [38;5;121m67.40[0m[38;5;159m FPS ([38;5;121m67.40[0m[38;5;159m FPS per env, [38;5;121m1[0m[38;5;159m envs).[0m
[38;5;159m[Genesis] [06:51:38] [INFO] Running at [38;5;121m67.01[0m[38;5;159m FPS ([38;5;121m67.01[0m[38;5;159m FPS per env, [38;5;121m1[0m[38;5;159m envs).[0m
[38;5;159m[Genesis] [06:51:39] [INFO] Running at [38;5;121m66.74[0m[38;5;159m FPS ([38;5;121m66.74[0m[38;5;159m FPS per env, [38;5;121m1[0m[38;5;159m envs).[0m
[38;5;159m[Genesis] [06:51:39] [INFO] Running at [38;5;121m50.46[0m[38;5;159m FPS ([38;5;121m50.46[0m[38;5;159m FPS per env, [38;5;121m1[0m[38;5;159m envs).[0m
[38;5;159m[Genesis] [06:51:39] [INFO] Running at [38;5;121m50.79[0m[38;5;159m FPS ([38;5;121m50.79[0m[38;5;159m FPS per env, [38;5;121m1[0m[38;5;159m envs).[0m
[38;5;159m[Genesis] [06:51:39] [INFO] Running at [38;5;121m51.02[0m[38;5;159m FPS ([38;5;121m51.02[0m[38;5;159m FPS per env, [38;5;121m1[0m[38;5;159m envs).[0m
[38;5;159m[Genesis] [06:51:39] [INFO] Running at [38;5;121m51.36[0m[38;5;159m FPS ([38;5;121m51.36[0m[38;5;159m FPS per env, [38;5;121m1[0m[38;5;159m envs).[0m
[38;5;159m[Genesis] [06:51:39] [INFO] Running at [38;5;121m68.10[0m[38;5;159m FPS ([38;5;121m68.10[0m[38;5;159m FPS per env, [38;5;121m1[0m[38;5;159m envs).[0m
[38;5;159m[Genesis] [06:51:39] [INFO] Running at [38;5;121m67.59[0m[38;5;159m FPS ([38;5;121m67.59[0m[38;5;159m FPS per env, [38;5;121m1[0m[38;5;159m envs).[0m
[38;5;159m[Genesis] [06:51:39] [INFO] Running at [38;5;121m67.30[0m[38;5;159m FPS ([38;5;121m67.30[0m[38;5;159m FPS per env, [38;5;121m1[0m[38;5;159m envs).[0m
[38;5;159m[Genesis] [06:51:39] [INFO] Running at [38;5;121m50.85[0m[38;5;159m FPS ([38;5;121m50.85[0m[38;5;159m FPS per env, [38;5;121m1[0m[38;5;159m envs).[0m
[38;5;159m[Genesis] [06:51:39] [INFO] Running at [38;5;121m51.23[0m[38;5;159m FPS ([38;5;121m51.23[0m[38;5;159m FPS per env, [38;5;121m1[0m[38;5;159m envs).[0m
[38;5;159m[Genesis] [06:51:39] [INFO] Running at [38;5;121m68.13[0m[38;5;159m FPS ([38;5;121m68.13[0m[38;5;159m FPS per env, [38;5;121m1[0m[38;5;159m envs).[0m
[38;5;159m[Genesis] [06:51:39] [INFO] Running at [38;5;121m67.85[0m[38;5;159m FPS ([38;5;121m67.85[0m[38;5;159m FPS per env, [38;5;121m1[0m[38;5;159m envs).[0m
[38;5;159m[Genesis] [06:51:39] [INFO] Running at [38;5;121m67.62[0m[38;5;159m FPS ([38;5;121m67.62[0m[38;5;159m FPS per env, [38;5;121m1[0m[38;5;159m envs).[0m
[38;5;159m[Genesis] [06:51:39] [INFO] Running at [38;5;121m67.27[0m[38;5;159m FPS ([38;5;121m67.27[0m[38;5;159m FPS per env, [38;5;121m1[0m[38;5;159m envs).[0m
[38;5;159m[Genesis] [06:51:39] [INFO] Running at [38;5;121m67.04[0m[38;5;159m FPS ([38;5;121m67.04[0m[38;5;159m FPS per env, [38;5;121m1[0m[38;5;159m envs).[0m
[38;5;159m[Genesis] [06:51:39] [INFO] Running at [38;5;121m50.66[0m[38;5;159m FPS ([38;5;121m50.66[0m[38;5;159m FPS per env, [38;5;121m1[0m[38;5;159m envs).[0m
[38;5;159m[Genesis] [06:51:39] [INFO] Running at [38;5;121m67.10[0m[38;5;159m FPS ([38;5;121m67.10[0m[38;5;159m FPS per env, [38;5;121m1[0m[38;5;159m envs).[0m
[38;5;159m[Genesis] [06:51:40] [INFO] Running at [38;5;121m50.50[0m[38;5;159m FPS ([38;5;121m50.50[0m[38;5;159m FPS per env, [38;5;121m1[0m[38;5;159m envs).[0m
[38;5;159m[Genesis] [06:51:40] [INFO] Running at [38;5;121m67.22[0m[38;5;159m FPS ([38;5;121m67.22[0m[38;5;159m FPS per env, [38;5;121m1[0m[38;5;159m envs).[0m
[38;5;159m[Genesis] [06:51:40] [INFO] Running at [38;5;121m67.06[0m[38;5;159m FPS ([38;5;121m67.06[0m[38;5;159m FPS per env, [38;5;121m1[0m[38;5;159m envs).[0m
[38;5;159m[Genesis] [06:51:40] [INFO] Running at [38;5;121m67.14[0m[38;5;159m FPS ([38;5;121m67.14[0m[38;5;159m FPS per env, [38;5;121m1[0m[38;5;159m envs).[0m
[38;5;159m[Genesis] [06:51:40] [INFO] Running at [38;5;121m66.97[0m[38;5;159m FPS ([38;5;121m66.97[0m[38;5;159m FPS per env, [38;5;121m1[0m[38;5;159m envs).[0m
[38;5;159m[Genesis] [06:51:40] [INFO] Running at [38;5;121m66.94[0m[38;5;159m FPS ([38;5;121m66.94[0m[38;5;159m FPS per env, [38;5;121m1[0m[38;5;159m envs).[0m
[38;5;159m[Genesis] [06:51:40] [INFO] Running at [38;5;121m66.74[0m[38;5;159m FPS ([38;5;121m66.74[0m[38;5;159m FPS per env, [38;5;121m1[0m[38;5;159m envs).[0m
[38;5;159m[Genesis] [06:51:40] [INFO] Running at [38;5;121m66.73[0m[38;5;159m FPS ([38;5;121m66.73[0m[38;5;159m FPS per env, [38;5;121m1[0m[38;5;159m envs).[0m
[38;5;159m[Genesis] [06:51:40] [INFO] Running at [38;5;121m66.48[0m[38;5;159m FPS ([38;5;121m66.48[0m[38;5;159m FPS per env, [38;5;121m1[0m[38;5;159m envs).[0m
[38;5;159m[Genesis] [06:51:40] [INFO] Running at [38;5;121m66.53[0m[38;5;159m FPS ([38;5;121m66.53[0m[38;5;159m FPS per env, [38;5;121m1[0m[38;5;159m envs).[0m
[38;5;159m[Genesis] [06:51:40] [INFO] Running at [38;5;121m66.47[0m[38;5;159m FPS ([38;5;121m66.47[0m[38;5;159m FPS per env, [38;5;121m1[0m[38;5;159m envs).[0m
[38;5;159m[Genesis] [06:51:40] [INFO] Running at [38;5;121m66.39[0m[38;5;159m FPS ([38;5;121m66.39[0m[38;5;159m FPS per env, [38;5;121m1[0m[38;5;159m envs).[0m
[38;5;159m[Genesis] [06:51:40] [INFO] Running at [38;5;121m66.46[0m[38;5;159m FPS ([38;5;121m66.46[0m[38;5;159m FPS per env, [38;5;121m1[0m[38;5;159m envs).[0m
[38;5;159m[Genesis] [06:51:40] [INFO] Running at [38;5;121m66.22[0m[38;5;159m FPS ([38;5;121m66.22[0m[38;5;159m FPS per env, [38;5;121m1[0m[38;5;159m envs).[0m
[38;5;159m[Genesis] [06:51:40] [INFO] Running at [38;5;121m65.94[0m[38;5;159m FPS ([38;5;121m65.94[0m[38;5;159m FPS per env, [38;5;121m1[0m[38;5;159m envs).[0m
[38;5;159m[Genesis] [06:51:40] [INFO] Running at [38;5;121m65.79[0m[38;5;159m FPS ([38;5;121m65.79[0m[38;5;159m FPS per env, [38;5;121m1[0m[38;5;159m envs).[0m
[38;5;159m[Genesis] [06:51:41] [INFO] Running at [38;5;121m65.93[0m[38;5;159m FPS ([38;5;121m65.93[0m[38;5;159m FPS per env, [38;5;121m1[0m[38;5;159m envs).[0m
[38;5;159m[Genesis] [06:51:41] [INFO] Running at [38;5;121m65.97[0m[38;5;159m FPS ([38;5;121m65.97[0m[38;5;159m FPS per env, [38;5;121m1[0m[38;5;159m envs).[0m
[38;5;159m[Genesis] [06:51:41] [INFO] Running at [38;5;121m65.90[0m[38;5;159m FPS ([38;5;121m65.90[0m[38;5;159m FPS per env, [38;5;121m1[0m[38;5;159m envs).[0m
[38;5;159m[Genesis] [06:51:41] [INFO] Running at [38;5;121m65.75[0m[38;5;159m FPS ([38;5;121m65.75[0m[38;5;159m FPS per env, [38;5;121m1[0m[38;5;159m envs).[0m
[38;5;159m[Genesis] [06:51:41] [INFO] Running at [38;5;121m65.86[0m[38;5;159m FPS ([38;5;121m65.86[0m[38;5;159m FPS per env, [38;5;121m1[0m[38;5;159m envs).[0m
[38;5;159m[Genesis] [06:51:41] [INFO] Running at [38;5;121m65.75[0m[38;5;159m FPS ([38;5;121m65.75[0m[38;5;159m FPS per env, [38;5;121m1[0m[38;5;159m envs).[0m
[38;5;159m[Genesis] [06:51:41] [INFO] Running at [38;5;121m65.91[0m[38;5;159m FPS ([38;5;121m65.91[0m[38;5;159m FPS per env, [38;5;121m1[0m[38;5;159m envs).[0m
[38;5;159m[Genesis] [06:51:41] [INFO] Running at [38;5;121m65.83[0m[38;5;159m FPS ([38;5;121m65.83[0m[38;5;159m FPS per env, [38;5;121m1[0m[38;5;159m envs).[0m
[38;5;159m[Genesis] [06:51:41] [INFO] Running at [38;5;121m65.83[0m[38;5;159m FPS ([38;5;121m65.83[0m[38;5;159m FPS per env, [38;5;121m1[0m[38;5;159m envs).[0m
[38;5;159m[Genesis] [06:51:41] [INFO] Running at [38;5;121m65.82[0m[38;5;159m FPS ([38;5;121m65.82[0m[38;5;159m FPS per env, [38;5;121m1[0m[38;5;159m envs).[0m
[38;5;159m[Genesis] [06:51:41] [INFO] Running at [38;5;121m65.97[0m[38;5;159m FPS ([38;5;121m65.97[0m[38;5;159m FPS per env, [38;5;121m1[0m[38;5;159m envs).[0m
[38;5;159m[Genesis] [06:51:41] [INFO] Running at [38;5;121m65.89[0m[38;5;159m FPS ([38;5;121m65.89[0m[38;5;159m FPS per env, [38;5;121m1[0m[38;5;159m envs).[0m
[38;5;159m[Genesis] [06:51:41] [INFO] Running at [38;5;121m65.90[0m[38;5;159m FPS ([38;5;121m65.90[0m[38;5;159m FPS per env, [38;5;121m1[0m[38;5;159m envs).[0m
[38;5;159m[Genesis] [06:51:41] [INFO] Running at [38;5;121m65.85[0m[38;5;159m FPS ([38;5;121m65.85[0m[38;5;159m FPS per env, [38;5;121m1[0m[38;5;159m envs).[0m
[38;5;159m[Genesis] [06:51:41] [INFO] Running at [38;5;121m66.02[0m[38;5;159m FPS ([38;5;121m66.02[0m[38;5;159m FPS per env, [38;5;121m1[0m[38;5;159m envs).[0m
[38;5;159m[Genesis] [06:51:41] [INFO] Running at [38;5;121m66.08[0m[38;5;159m FPS ([38;5;121m66.08[0m[38;5;159m FPS per env, [38;5;121m1[0m[38;5;159m envs).[0m
[38;5;159m[Genesis] [06:51:42] [INFO] Running at [38;5;121m66.08[0m[38;5;159m FPS ([38;5;121m66.08[0m[38;5;159m FPS per env, [38;5;121m1[0m[38;5;159m envs).[0m
[38;5;159m[Genesis] [06:51:42] [INFO] Running at [38;5;121m66.16[0m[38;5;159m FPS ([38;5;121m66.16[0m[38;5;159m FPS per env, [38;5;121m1[0m[38;5;159m envs).[0m
[38;5;159m[Genesis] [06:51:42] [INFO] Running at [38;5;121m66.35[0m[38;5;159m FPS ([38;5;121m66.35[0m[38;5;159m FPS per env, [38;5;121m1[0m[38;5;159m envs).[0m
[38;5;159m[Genesis] [06:51:42] [INFO] Running at [38;5;121m66.47[0m[38;5;159m FPS ([38;5;121m66.47[0m[38;5;159m FPS per env, [38;5;121m1[0m[38;5;159m envs).[0m
[38;5;159m[Genesis] [06:51:42] [INFO] Running at [38;5;121m66.41[0m[38;5;159m FPS ([38;5;121m66.41[0m[38;5;159m FPS per env, [38;5;121m1[0m[38;5;159m envs).[0m
[38;5;159m[Genesis] [06:51:42] [INFO] Running at [38;5;121m66.39[0m[38;5;159m FPS ([38;5;121m66.39[0m[38;5;159m FPS per env, [38;5;121m1[0m[38;5;159m envs).[0m
[38;5;159m[Genesis] [06:51:42] [INFO] Running at [38;5;121m50.20[0m[38;5;159m FPS ([38;5;121m50.20[0m[38;5;159m FPS per env, [38;5;121m1[0m[38;5;159m envs).[0m
[38;5;159m[Genesis] [06:51:42] [INFO] Running at [38;5;121m66.66[0m[38;5;159m FPS ([38;5;121m66.66[0m[38;5;159m FPS per env, [38;5;121m1[0m[38;5;159m envs).[0m
[38;5;159m[Genesis] [06:51:42] [INFO] Running at [38;5;121m50.39[0m[38;5;159m FPS ([38;5;121m50.39[0m[38;5;159m FPS per env, [38;5;121m1[0m[38;5;159m envs).[0m
[38;5;159m[Genesis] [06:51:42] [INFO] Running at [38;5;121m66.92[0m[38;5;159m FPS ([38;5;121m66.92[0m[38;5;159m FPS per env, [38;5;121m1[0m[38;5;159m envs).[0m
[38;5;159m[Genesis] [06:51:42] [INFO] Running at [38;5;121m50.10[0m[38;5;159m FPS ([38;5;121m50.10[0m[38;5;159m FPS per env, [38;5;121m1[0m[38;5;159m envs).[0m
[38;5;159m[Genesis] [06:51:42] [INFO] Running at [38;5;121m50.43[0m[38;5;159m FPS ([38;5;121m50.43[0m[38;5;159m FPS per env, [38;5;121m1[0m[38;5;159m envs).[0m
[38;5;159m[Genesis] [06:51:42] [INFO] Running at [38;5;121m66.97[0m[38;5;159m FPS ([38;5;121m66.97[0m[38;5;159m FPS per env, [38;5;121m1[0m[38;5;159m envs).[0m
[38;5;159m[Genesis] [06:51:42] [INFO] Running at [38;5;121m50.61[0m[38;5;159m FPS ([38;5;121m50.61[0m[38;5;159m FPS per env, [38;5;121m1[0m[38;5;159m envs).[0m
[38;5;159m[Genesis] [06:51:42] [INFO] Running at [38;5;121m67.13[0m[38;5;159m FPS ([38;5;121m67.13[0m[38;5;159m FPS per env, [38;5;121m1[0m[38;5;159m envs).[0m
[38;5;159m[Genesis] [06:51:42] [INFO] Running at [38;5;121m50.68[0m[38;5;159m FPS ([38;5;121m50.68[0m[38;5;159m FPS per env, [38;5;121m1[0m[38;5;159m envs).[0m
[38;5;159m[Genesis] [06:51:42] [INFO] Running at [38;5;121m51.03[0m[38;5;159m FPS ([38;5;121m51.03[0m[38;5;159m FPS per env, [38;5;121m1[0m[38;5;159m envs).[0m
[38;5;159m[Genesis] [06:51:42] [INFO] Running at [38;5;121m51.40[0m[38;5;159m FPS ([38;5;121m51.40[0m[38;5;159m FPS per env, [38;5;121m1[0m[38;5;159m envs).[0m
[38;5;159m[Genesis] [06:51:43] [INFO] Running at [38;5;121m68.30[0m[38;5;159m FPS ([38;5;121m68.30[0m[38;5;159m FPS per env, [38;5;121m1[0m[38;5;159m envs).[0m
[38;5;159m[Genesis] [06:51:43] [INFO] Running at [38;5;121m51.54[0m[38;5;159m FPS ([38;5;121m51.54[0m[38;5;159m FPS per env, [38;5;121m1[0m[38;5;159m envs).[0m
[38;5;159m[Genesis] [06:51:43] [INFO] Running at [38;5;121m68.44[0m[38;5;159m FPS ([38;5;121m68.44[0m[38;5;159m FPS per env, [38;5;121m1[0m[38;5;159m envs).[0m
[38;5;159m[Genesis] [06:51:43] [INFO] Running at [38;5;121m68.18[0m[38;5;159m FPS ([38;5;121m68.18[0m[38;5;159m FPS per env, [38;5;121m1[0m[38;5;159m envs).[0m
[38;5;159m[Genesis] [06:51:43] [INFO] Running at [38;5;121m67.97[0m[38;5;159m FPS ([38;5;121m67.97[0m[38;5;159m FPS per env, [38;5;121m1[0m[38;5;159m envs).[0m
[38;5;159m[Genesis] [06:51:43] [INFO] Running at [38;5;121m51.33[0m[38;5;159m FPS ([38;5;121m51.33[0m[38;5;159m FPS per env, [38;5;121m1[0m[38;5;159m envs).[0m
[38;5;159m[Genesis] [06:51:43] [INFO] Running at [38;5;121m68.05[0m[38;5;159m FPS ([38;5;121m68.05[0m[38;5;159m FPS per env, [38;5;121m1[0m[38;5;159m envs).[0m
[38;5;159m[Genesis] [06:51:43] [INFO] Running at [38;5;121m67.56[0m[38;5;159m FPS ([38;5;121m67.56[0m[38;5;159m FPS per env, [38;5;121m1[0m[38;5;159m envs).[0m
[38;5;159m[Genesis] [06:51:43] [INFO] Running at [38;5;121m67.28[0m[38;5;159m FPS ([38;5;121m67.28[0m[38;5;159m FPS per env, [38;5;121m1[0m[38;5;159m envs).[0m
[38;5;159m[Genesis] [06:51:43] [INFO] Running at [38;5;121m50.69[0m[38;5;159m FPS ([38;5;121m50.69[0m[38;5;159m FPS per env, [38;5;121m1[0m[38;5;159m envs).[0m
[38;5;159m[Genesis] [06:51:43] [INFO] Running at [38;5;121m67.08[0m[38;5;159m FPS ([38;5;121m67.08[0m[38;5;159m FPS per env, [38;5;121m1[0m[38;5;159m envs).[0m
[38;5;159m[Genesis] [06:51:43] [INFO] Running at [38;5;121m66.88[0m[38;5;159m FPS ([38;5;121m66.88[0m[38;5;159m FPS per env, [38;5;121m1[0m[38;5;159m envs).[0m
[38;5;159m[Genesis] [06:51:43] [INFO] Running at [38;5;121m66.88[0m[38;5;159m FPS ([38;5;121m66.88[0m[38;5;159m FPS per env, [38;5;121m1[0m[38;5;159m envs).[0m
[38;5;159m[Genesis] [06:51:43] [INFO] Running at [38;5;121m66.61[0m[38;5;159m FPS ([38;5;121m66.61[0m[38;5;159m FPS per env, [38;5;121m1[0m[38;5;159m envs).[0m
[38;5;159m[Genesis] [06:51:43] [INFO] Running at [38;5;121m66.45[0m[38;5;159m FPS ([38;5;121m66.45[0m[38;5;159m FPS per env, [38;5;121m1[0m[38;5;159m envs).[0m
[38;5;159m[Genesis] [06:51:43] [INFO] Running at [38;5;121m50.09[0m[38;5;159m FPS ([38;5;121m50.09[0m[38;5;159m FPS per env, [38;5;121m1[0m[38;5;159m envs).[0m
[38;5;159m[Genesis] [06:51:44] [INFO] Running at [38;5;121m66.39[0m[38;5;159m FPS ([38;5;121m66.39[0m[38;5;159m FPS per env, [38;5;121m1[0m[38;5;159m envs).[0m
[38;5;159m[Genesis] [06:51:44] [INFO] Running at [38;5;121m50.18[0m[38;5;159m FPS ([38;5;121m50.18[0m[38;5;159m FPS per env, [38;5;121m1[0m[38;5;159m envs).[0m
[38;5;159m[Genesis] [06:51:44] [INFO] Running at [38;5;121m66.72[0m[38;5;159m FPS ([38;5;121m66.72[0m[38;5;159m FPS per env, [38;5;121m1[0m[38;5;159m envs).[0m
[38;5;159m[Genesis] [06:51:44] [INFO] Running at [38;5;121m50.33[0m[38;5;159m FPS ([38;5;121m50.33[0m[38;5;159m FPS per env, [38;5;121m1[0m[38;5;159m envs).[0m
[38;5;159m[Genesis] [06:51:44] [INFO] Running at [38;5;121m66.80[0m[38;5;159m FPS ([38;5;121m66.80[0m[38;5;159m FPS per env, [38;5;121m1[0m[38;5;159m envs).[0m
[38;5;159m[Genesis] [06:51:44] [INFO] Running at [38;5;121m66.47[0m[38;5;159m FPS ([38;5;121m66.47[0m[38;5;159m FPS per env, [38;5;121m1[0m[38;5;159m envs).[0m
[38;5;159m[Genesis] [06:51:44] [INFO] Running at [38;5;121m50.01[0m[38;5;159m FPS ([38;5;121m50.01[0m[38;5;159m FPS per env, [38;5;121m1[0m[38;5;159m envs).[0m
[38;5;159m[Genesis] [06:51:44] [INFO] Running at [38;5;121m66.36[0m[38;5;159m FPS ([38;5;121m66.36[0m[38;5;159m FPS per env, [38;5;121m1[0m[38;5;159m envs).[0m
[38;5;159m[Genesis] [06:51:44] [INFO] Running at [38;5;121m50.02[0m[38;5;159m FPS ([38;5;121m50.02[0m[38;5;159m FPS per env, [38;5;121m1[0m[38;5;159m envs).[0m
[38;5;159m[Genesis] [06:51:44] [INFO] Running at [38;5;121m66.44[0m[38;5;159m FPS ([38;5;121m66.44[0m[38;5;159m FPS per env, [38;5;121m1[0m[38;5;159m envs).[0m
[38;5;159m[Genesis] [06:51:44] [INFO] Running at [38;5;121m50.21[0m[38;5;159m FPS ([38;5;121m50.21[0m[38;5;159m FPS per env, [38;5;121m1[0m[38;5;159m envs).[0m
[38;5;159m[Genesis] [06:51:44] [INFO] Running at [38;5;121m66.54[0m[38;5;159m FPS ([38;5;121m66.54[0m[38;5;159m FPS per env, [38;5;121m1[0m[38;5;159m envs).[0m
[38;5;159m[Genesis] [06:51:44] [INFO] Running at [38;5;121m50.22[0m[38;5;159m FPS ([38;5;121m50.22[0m[38;5;159m FPS per env, [38;5;121m1[0m[38;5;159m envs).[0m
[38;5;159m[Genesis] [06:51:44] [INFO] Running at [38;5;121m50.64[0m[38;5;159m FPS ([38;5;121m50.64[0m[38;5;159m FPS per env, [38;5;121m1[0m[38;5;159m envs).[0m
[38;5;159m[Genesis] [06:51:44] [INFO] Running at [38;5;121m51.01[0m[38;5;159m FPS ([38;5;121m51.01[0m[38;5;159m FPS per env, [38;5;121m1[0m[38;5;159m envs).[0m
[38;5;159m[Genesis] [06:51:44] [INFO] Running at [38;5;121m51.23[0m[38;5;159m FPS ([38;5;121m51.23[0m[38;5;159m FPS per env, [38;5;121m1[0m[38;5;159m envs).[0m
[38;5;159m[Genesis] [06:51:44] [INFO] Running at [38;5;121m51.55[0m[38;5;159m FPS ([38;5;121m51.55[0m[38;5;159m FPS per env, [38;5;121m1[0m[38;5;159m envs).[0m
[38;5;159m[Genesis] [06:51:44] [INFO] Running at [38;5;121m68.44[0m[38;5;159m FPS ([38;5;121m68.44[0m[38;5;159m FPS per env, [38;5;121m1[0m[38;5;159m envs).[0m
[38;5;159m[Genesis] [06:51:45] [INFO] Running at [38;5;121m68.44[0m[38;5;159m FPS ([38;5;121m68.44[0m[38;5;159m FPS per env, [38;5;121m1[0m[38;5;159m envs).[0m
[38;5;159m[Genesis] [06:51:45] [INFO] Running at [38;5;121m68.16[0m[38;5;159m FPS ([38;5;121m68.16[0m[38;5;159m FPS per env, [38;5;121m1[0m[38;5;159m envs).[0m
[38;5;159m[Genesis] [06:51:45] [INFO] Running at [38;5;121m67.77[0m[38;5;159m FPS ([38;5;121m67.77[0m[38;5;159m FPS per env, [38;5;121m1[0m[38;5;159m envs).[0m
[38;5;159m[Genesis] [06:51:45] [INFO] Running at [38;5;121m67.40[0m[38;5;159m FPS ([38;5;121m67.40[0m[38;5;159m FPS per env, [38;5;121m1[0m[38;5;159m envs).[0m
[38;5;159m[Genesis] [06:51:45] [INFO] Running at [38;5;121m67.20[0m[38;5;159m FPS ([38;5;121m67.20[0m[38;5;159m FPS per env, [38;5;121m1[0m[38;5;159m envs).[0m
[38;5;159m[Genesis] [06:51:45] [INFO] Running at [38;5;121m50.60[0m[38;5;159m FPS ([38;5;121m50.60[0m[38;5;159m FPS per env, [38;5;121m1[0m[38;5;159m envs).[0m
[38;5;159m[Genesis] [06:51:45] [INFO] Running at [38;5;121m50.94[0m[38;5;159m FPS ([38;5;121m50.94[0m[38;5;159m FPS per env, [38;5;121m1[0m[38;5;159m envs).[0m
[38;5;159m[Genesis] [06:51:45] [INFO] Running at [38;5;121m67.65[0m[38;5;159m FPS ([38;5;121m67.65[0m[38;5;159m FPS per env, [38;5;121m1[0m[38;5;159m envs).[0m
[38;5;159m[Genesis] [06:51:45] [INFO] Running at [38;5;121m67.65[0m[38;5;159m FPS ([38;5;121m67.65[0m[38;5;159m FPS per env, [38;5;121m1[0m[38;5;159m envs).[0m
[38;5;159m[Genesis] [06:51:45] [INFO] Running at [38;5;121m67.76[0m[38;5;159m FPS ([38;5;121m67.76[0m[38;5;159m FPS per env, [38;5;121m1[0m[38;5;159m envs).[0m
[38;5;159m[Genesis] [06:51:45] [INFO] Running at [38;5;121m51.17[0m[38;5;159m FPS ([38;5;121m51.17[0m[38;5;159m FPS per env, [38;5;121m1[0m[38;5;159m envs).[0m
[38;5;159m[Genesis] [06:51:45] [INFO] Running at [38;5;121m67.95[0m[38;5;159m FPS ([38;5;121m67.95[0m[38;5;159m FPS per env, [38;5;121m1[0m[38;5;159m envs).[0m
[38;5;159m[Genesis] [06:51:45] [INFO] Running at [38;5;121m51.27[0m[38;5;159m FPS ([38;5;121m51.27[0m[38;5;159m FPS per env, [38;5;121m1[0m[38;5;159m envs).[0m
[38;5;159m[Genesis] [06:51:45] [INFO] Running at [38;5;121m67.96[0m[38;5;159m FPS ([38;5;121m67.96[0m[38;5;159m FPS per env, [38;5;121m1[0m[38;5;159m envs).[0m
[38;5;159m[Genesis] [06:51:45] [INFO] Running at [38;5;121m51.20[0m[38;5;159m FPS ([38;5;121m51.20[0m[38;5;159m FPS per env, [38;5;121m1[0m[38;5;159m envs).[0m
[38;5;159m[Genesis] [06:51:45] [INFO] Running at [38;5;121m51.39[0m[38;5;159m FPS ([38;5;121m51.39[0m[38;5;159m FPS per env, [38;5;121m1[0m[38;5;159m envs).[0m
[38;5;159m[Genesis] [06:51:46] [INFO] Running at [38;5;121m68.09[0m[38;5;159m FPS ([38;5;121m68.09[0m[38;5;159m FPS per env, [38;5;121m1[0m[38;5;159m envs).[0m
[38;5;159m[Genesis] [06:51:46] [INFO] Running at [38;5;121m51.40[0m[38;5;159m FPS ([38;5;121m51.40[0m[38;5;159m FPS per env, [38;5;121m1[0m[38;5;159m envs).[0m
[38;5;159m[Genesis] [06:51:46] [INFO] Running at [38;5;121m51.66[0m[38;5;159m FPS ([38;5;121m51.66[0m[38;5;159m FPS per env, [38;5;121m1[0m[38;5;159m envs).[0m
[38;5;159m[Genesis] [06:51:46] [INFO] Running at [38;5;121m51.99[0m[38;5;159m FPS ([38;5;121m51.99[0m[38;5;159m FPS per env, [38;5;121m1[0m[38;5;159m envs).[0m
[38;5;159m[Genesis] [06:51:46] [INFO] Running at [38;5;121m52.22[0m[38;5;159m FPS ([38;5;121m52.22[0m[38;5;159m FPS per env, [38;5;121m1[0m[38;5;159m envs).[0m
[38;5;159m[Genesis] [06:51:46] [INFO] Running at [38;5;121m69.27[0m[38;5;159m FPS ([38;5;121m69.27[0m[38;5;159m FPS per env, [38;5;121m1[0m[38;5;159m envs).[0m
[38;5;159m[Genesis] [06:51:46] [INFO] Running at [38;5;121m68.99[0m[38;5;159m FPS ([38;5;121m68.99[0m[38;5;159m FPS per env, [38;5;121m1[0m[38;5;159m envs).[0m
[38;5;159m[Genesis] [06:51:46] [INFO] Running at [38;5;121m68.71[0m[38;5;159m FPS ([38;5;121m68.71[0m[38;5;159m FPS per env, [38;5;121m1[0m[38;5;159m envs).[0m
[38;5;159m[Genesis] [06:51:46] [INFO] Running at [38;5;121m68.33[0m[38;5;159m FPS ([38;5;121m68.33[0m[38;5;159m FPS per env, [38;5;121m1[0m[38;5;159m envs).[0m
[38;5;159m[Genesis] [06:51:46] [INFO] Running at [38;5;121m51.35[0m[38;5;159m FPS ([38;5;121m51.35[0m[38;5;159m FPS per env, [38;5;121m1[0m[38;5;159m envs).[0m
[38;5;159m[Genesis] [06:51:46] [INFO] Running at [38;5;121m51.69[0m[38;5;159m FPS ([38;5;121m51.69[0m[38;5;159m FPS per env, [38;5;121m1[0m[38;5;159m envs).[0m
[38;5;159m[Genesis] [06:51:46] [INFO] Running at [38;5;121m51.98[0m[38;5;159m FPS ([38;5;121m51.98[0m[38;5;159m FPS per env, [38;5;121m1[0m[38;5;159m envs).[0m
[38;5;159m[Genesis] [06:51:46] [INFO] Running at [38;5;121m52.10[0m[38;5;159m FPS ([38;5;121m52.10[0m[38;5;159m FPS per env, [38;5;121m1[0m[38;5;159m envs).[0m
[38;5;159m[Genesis] [06:51:46] [INFO] Running at [38;5;121m69.32[0m[38;5;159m FPS ([38;5;121m69.32[0m[38;5;159m FPS per env, [38;5;121m1[0m[38;5;159m envs).[0m
[38;5;159m[Genesis] [06:51:46] [INFO] Running at [38;5;121m69.05[0m[38;5;159m FPS ([38;5;121m69.05[0m[38;5;159m FPS per env, [38;5;121m1[0m[38;5;159m envs).[0m
[38;5;159m[Genesis] [06:51:46] [INFO] Running at [38;5;121m68.67[0m[38;5;159m FPS ([38;5;121m68.67[0m[38;5;159m FPS per env, [38;5;121m1[0m[38;5;159m envs).[0m
[38;5;159m[Genesis] [06:51:46] [INFO] Running at [38;5;121m51.71[0m[38;5;159m FPS ([38;5;121m51.71[0m[38;5;159m FPS per env, [38;5;121m1[0m[38;5;159m envs).[0m
[38;5;159m[Genesis] [06:51:46] [INFO] Running at [38;5;121m68.54[0m[38;5;159m FPS ([38;5;121m68.54[0m[38;5;159m FPS per env, [38;5;121m1[0m[38;5;159m envs).[0m
[38;5;159m[Genesis] [06:51:47] [INFO] Running at [38;5;121m68.11[0m[38;5;159m FPS ([38;5;121m68.11[0m[38;5;159m FPS per env, [38;5;121m1[0m[38;5;159m envs).[0m
[38;5;159m[Genesis] [06:51:47] [INFO] Running at [38;5;121m67.78[0m[38;5;159m FPS ([38;5;121m67.78[0m[38;5;159m FPS per env, [38;5;121m1[0m[38;5;159m envs).[0m
[38;5;159m[Genesis] [06:51:47] [INFO] Running at [38;5;121m51.07[0m[38;5;159m FPS ([38;5;121m51.07[0m[38;5;159m FPS per env, [38;5;121m1[0m[38;5;159m envs).[0m
[38;5;159m[Genesis] [06:51:47] [INFO] Running at [38;5;121m51.41[0m[38;5;159m FPS ([38;5;121m51.41[0m[38;5;159m FPS per env, [38;5;121m1[0m[38;5;159m envs).[0m
[38;5;159m[Genesis] [06:51:47] [INFO] Running at [38;5;121m68.09[0m[38;5;159m FPS ([38;5;121m68.09[0m[38;5;159m FPS per env, [38;5;121m1[0m[38;5;159m envs).[0m
[38;5;159m[Genesis] [06:51:47] [INFO] Running at [38;5;121m51.34[0m[38;5;159m FPS ([38;5;121m51.34[0m[38;5;159m FPS per env, [38;5;121m1[0m[38;5;159m envs).[0m
[38;5;159m[Genesis] [06:51:47] [INFO] Running at [38;5;121m51.57[0m[38;5;159m FPS ([38;5;121m51.57[0m[38;5;159m FPS per env, [38;5;121m1[0m[38;5;159m envs).[0m
[38;5;159m[Genesis] [06:51:47] [INFO] Running at [38;5;121m68.33[0m[38;5;159m FPS ([38;5;121m68.33[0m[38;5;159m FPS per env, [38;5;121m1[0m[38;5;159m envs).[0m
[38;5;159m[Genesis] [06:51:47] [INFO] Running at [38;5;121m67.90[0m[38;5;159m FPS ([38;5;121m67.90[0m[38;5;159m FPS per env, [38;5;121m1[0m[38;5;159m envs).[0m
[38;5;159m[Genesis] [06:51:47] [INFO] Running at [38;5;121m67.54[0m[38;5;159m FPS ([38;5;121m67.54[0m[38;5;159m FPS per env, [38;5;121m1[0m[38;5;159m envs).[0m
[38;5;159m[Genesis] [06:51:47] [INFO] Running at [38;5;121m50.86[0m[38;5;159m FPS ([38;5;121m50.86[0m[38;5;159m FPS per env, [38;5;121m1[0m[38;5;159m envs).[0m
[38;5;159m[Genesis] [06:51:47] [INFO] Running at [38;5;121m50.98[0m[38;5;159m FPS ([38;5;121m50.98[0m[38;5;159m FPS per env, [38;5;121m1[0m[38;5;159m envs).[0m
[38;5;159m[Genesis] [06:51:47] [INFO] Running at [38;5;121m51.30[0m[38;5;159m FPS ([38;5;121m51.30[0m[38;5;159m FPS per env, [38;5;121m1[0m[38;5;159m envs).[0m
[38;5;159m[Genesis] [06:51:47] [INFO] Running at [38;5;121m51.45[0m[38;5;159m FPS ([38;5;121m51.45[0m[38;5;159m FPS per env, [38;5;121m1[0m[38;5;159m envs).[0m
[38;5;159m[Genesis] [06:51:47] [INFO] Running at [38;5;121m51.80[0m[38;5;159m FPS ([38;5;121m51.80[0m[38;5;159m FPS per env, [38;5;121m1[0m[38;5;159m envs).[0m
[38;5;159m[Genesis] [06:51:47] [INFO] Running at [38;5;121m52.10[0m[38;5;159m FPS ([38;5;121m52.10[0m[38;5;159m FPS per env, [38;5;121m1[0m[38;5;159m envs).[0m
[38;5;159m[Genesis] [06:51:47] [INFO] Running at [38;5;121m52.42[0m[38;5;159m FPS ([38;5;121m52.42[0m[38;5;159m FPS per env, [38;5;121m1[0m[38;5;159m envs).[0m
[38;5;159m[Genesis] [06:51:48] [INFO] Running at [38;5;121m69.45[0m[38;5;159m FPS ([38;5;121m69.45[0m[38;5;159m FPS per env, [38;5;121m1[0m[38;5;159m envs).[0m
[38;5;159m[Genesis] [06:51:48] [INFO] Running at [38;5;121m68.88[0m[38;5;159m FPS ([38;5;121m68.88[0m[38;5;159m FPS per env, [38;5;121m1[0m[38;5;159m envs).[0m
[38;5;159m[Genesis] [06:51:48] [INFO] Running at [38;5;121m68.46[0m[38;5;159m FPS ([38;5;121m68.46[0m[38;5;159m FPS per env, [38;5;121m1[0m[38;5;159m envs).[0m
[38;5;159m[Genesis] [06:51:48] [INFO] Running at [38;5;121m51.68[0m[38;5;159m FPS ([38;5;121m51.68[0m[38;5;159m FPS per env, [38;5;121m1[0m[38;5;159m envs).[0m
[38;5;159m[Genesis] [06:51:48] [INFO] Running at [38;5;121m68.75[0m[38;5;159m FPS ([38;5;121m68.75[0m[38;5;159m FPS per env, [38;5;121m1[0m[38;5;159m envs).[0m
[38;5;159m[Genesis] [06:51:48] [INFO] Running at [38;5;121m68.42[0m[38;5;159m FPS ([38;5;121m68.42[0m[38;5;159m FPS per env, [38;5;121m1[0m[38;5;159m envs).[0m
[38;5;159m[Genesis] [06:51:48] [INFO] Running at [38;5;121m68.45[0m[38;5;159m FPS ([38;5;121m68.45[0m[38;5;159m FPS per env, [38;5;121m1[0m[38;5;159m envs).[0m
[38;5;159m[Genesis] [06:51:48] [INFO] Running at [38;5;121m68.39[0m[38;5;159m FPS ([38;5;121m68.39[0m[38;5;159m FPS per env, [38;5;121m1[0m[38;5;159m envs).[0m
[38;5;159m[Genesis] [06:51:48] [INFO] Running at [38;5;121m68.21[0m[38;5;159m FPS ([38;5;121m68.21[0m[38;5;159m FPS per env, [38;5;121m1[0m[38;5;159m envs).[0m
[38;5;159m[Genesis] [06:51:48] [INFO] Running at [38;5;121m67.86[0m[38;5;159m FPS ([38;5;121m67.86[0m[38;5;159m FPS per env, [38;5;121m1[0m[38;5;159m envs).[0m
[38;5;159m[Genesis] [06:51:48] [INFO] Running at [38;5;121m67.63[0m[38;5;159m FPS ([38;5;121m67.63[0m[38;5;159m FPS per env, [38;5;121m1[0m[38;5;159m envs).[0m
[38;5;159m[Genesis] [06:51:48] [INFO] Running at [38;5;121m67.31[0m[38;5;159m FPS ([38;5;121m67.31[0m[38;5;159m FPS per env, [38;5;121m1[0m[38;5;159m envs).[0m
[38;5;159m[Genesis] [06:51:48] [INFO] Running at [38;5;121m50.85[0m[38;5;159m FPS ([38;5;121m50.85[0m[38;5;159m FPS per env, [38;5;121m1[0m[38;5;159m envs).[0m
[38;5;159m[Genesis] [06:51:48] [INFO] Running at [38;5;121m67.44[0m[38;5;159m FPS ([38;5;121m67.44[0m[38;5;159m FPS per env, [38;5;121m1[0m[38;5;159m envs).[0m
[38;5;159m[Genesis] [06:51:48] [INFO] Running at [38;5;121m67.58[0m[38;5;159m FPS ([38;5;121m67.58[0m[38;5;159m FPS per env, [38;5;121m1[0m[38;5;159m envs).[0m
[38;5;159m[Genesis] [06:51:48] [INFO] Running at [38;5;121m67.58[0m[38;5;159m FPS ([38;5;121m67.58[0m[38;5;159m FPS per env, [38;5;121m1[0m[38;5;159m envs).[0m
[38;5;159m[Genesis] [06:51:48] [INFO] Running at [38;5;121m67.46[0m[38;5;159m FPS ([38;5;121m67.46[0m[38;5;159m FPS per env, [38;5;121m1[0m[38;5;159m envs).[0m
[38;5;159m[Genesis] [06:51:49] [INFO] Running at [38;5;121m67.22[0m[38;5;159m FPS ([38;5;121m67.22[0m[38;5;159m FPS per env, [38;5;121m1[0m[38;5;159m envs).[0m
[38;5;159m[Genesis] [06:51:49] [INFO] Running at [38;5;121m50.81[0m[38;5;159m FPS ([38;5;121m50.81[0m[38;5;159m FPS per env, [38;5;121m1[0m[38;5;159m envs).[0m
[38;5;159m[Genesis] [06:51:49] [INFO] Running at [38;5;121m51.13[0m[38;5;159m FPS ([38;5;121m51.13[0m[38;5;159m FPS per env, [38;5;121m1[0m[38;5;159m envs).[0m
[38;5;159m[Genesis] [06:51:49] [INFO] Running at [38;5;121m51.51[0m[38;5;159m FPS ([38;5;121m51.51[0m[38;5;159m FPS per env, [38;5;121m1[0m[38;5;159m envs).[0m
[38;5;159m[Genesis] [06:51:49] [INFO] Running at [38;5;121m51.75[0m[38;5;159m FPS ([38;5;121m51.75[0m[38;5;159m FPS per env, [38;5;121m1[0m[38;5;159m envs).[0m
[38;5;159m[Genesis] [06:51:49] [INFO] Running at [38;5;121m52.08[0m[38;5;159m FPS ([38;5;121m52.08[0m[38;5;159m FPS per env, [38;5;121m1[0m[38;5;159m envs).[0m
[38;5;159m[Genesis] [06:51:49] [INFO] Running at [38;5;121m52.38[0m[38;5;159m FPS ([38;5;121m52.38[0m[38;5;159m FPS per env, [38;5;121m1[0m[38;5;159m envs).[0m
[38;5;159m[Genesis] [06:51:49] [INFO] Running at [38;5;121m69.32[0m[38;5;159m FPS ([38;5;121m69.32[0m[38;5;159m FPS per env, [38;5;121m1[0m[38;5;159m envs).[0m
[38;5;159m[Genesis] [06:51:49] [INFO] Running at [38;5;121m68.81[0m[38;5;159m FPS ([38;5;121m68.81[0m[38;5;159m FPS per env, [38;5;121m1[0m[38;5;159m envs).[0m
[38;5;159m[Genesis] [06:51:49] [INFO] Running at [38;5;121m68.49[0m[38;5;159m FPS ([38;5;121m68.49[0m[38;5;159m FPS per env, [38;5;121m1[0m[38;5;159m envs).[0m
[38;5;159m[Genesis] [06:51:49] [INFO] Running at [38;5;121m51.64[0m[38;5;159m FPS ([38;5;121m51.64[0m[38;5;159m FPS per env, [38;5;121m1[0m[38;5;159m envs).[0m
[38;5;159m[Genesis] [06:51:49] [INFO] Running at [38;5;121m68.57[0m[38;5;159m FPS ([38;5;121m68.57[0m[38;5;159m FPS per env, [38;5;121m1[0m[38;5;159m envs).[0m
[38;5;159m[Genesis] [06:51:49] [INFO] Running at [38;5;121m68.48[0m[38;5;159m FPS ([38;5;121m68.48[0m[38;5;159m FPS per env, [38;5;121m1[0m[38;5;159m envs).[0m
[38;5;159m[Genesis] [06:51:49] [INFO] Running at [38;5;121m68.68[0m[38;5;159m FPS ([38;5;121m68.68[0m[38;5;159m FPS per env, [38;5;121m1[0m[38;5;159m envs).[0m
[38;5;159m[Genesis] [06:51:49] [INFO] Running at [38;5;121m68.63[0m[38;5;159m FPS ([38;5;121m68.63[0m[38;5;159m FPS per env, [38;5;121m1[0m[38;5;159m envs).[0m
[38;5;159m[Genesis] [06:51:49] [INFO] Running at [38;5;121m68.80[0m[38;5;159m FPS ([38;5;121m68.80[0m[38;5;159m FPS per env, [38;5;121m1[0m[38;5;159m envs).[0m
[38;5;159m[Genesis] [06:51:49] [INFO] Running at [38;5;121m68.71[0m[38;5;159m FPS ([38;5;121m68.71[0m[38;5;159m FPS per env, [38;5;121m1[0m[38;5;159m envs).[0m
[38;5;159m[Genesis] [06:51:50] [INFO] Running at [38;5;121m68.52[0m[38;5;159m FPS ([38;5;121m68.52[0m[38;5;159m FPS per env, [38;5;121m1[0m[38;5;159m envs).[0m
[38;5;159m[Genesis] [06:51:50] [INFO] Running at [38;5;121m68.26[0m[38;5;159m FPS ([38;5;121m68.26[0m[38;5;159m FPS per env, [38;5;121m1[0m[38;5;159m envs).[0m
[38;5;159m[Genesis] [06:51:50] [INFO] Running at [38;5;121m67.96[0m[38;5;159m FPS ([38;5;121m67.96[0m[38;5;159m FPS per env, [38;5;121m1[0m[38;5;159m envs).[0m
[38;5;159m[Genesis] [06:51:50] [INFO] Running at [38;5;121m67.72[0m[38;5;159m FPS ([38;5;121m67.72[0m[38;5;159m FPS per env, [38;5;121m1[0m[38;5;159m envs).[0m
[38;5;159m[Genesis] [06:51:50] [INFO] Running at [38;5;121m67.37[0m[38;5;159m FPS ([38;5;121m67.37[0m[38;5;159m FPS per env, [38;5;121m1[0m[38;5;159m envs).[0m
[38;5;159m[Genesis] [06:51:50] [INFO] Running at [38;5;121m67.23[0m[38;5;159m FPS ([38;5;121m67.23[0m[38;5;159m FPS per env, [38;5;121m1[0m[38;5;159m envs).[0m
[38;5;159m[Genesis] [06:51:50] [INFO] Running at [38;5;121m66.92[0m[38;5;159m FPS ([38;5;121m66.92[0m[38;5;159m FPS per env, [38;5;121m1[0m[38;5;159m envs).[0m
[38;5;159m[Genesis] [06:51:50] [INFO] Running at [38;5;121m66.70[0m[38;5;159m FPS ([38;5;121m66.70[0m[38;5;159m FPS per env, [38;5;121m1[0m[38;5;159m envs).[0m
[38;5;159m[Genesis] [06:51:50] [INFO] Running at [38;5;121m50.24[0m[38;5;159m FPS ([38;5;121m50.24[0m[38;5;159m FPS per env, [38;5;121m1[0m[38;5;159m envs).[0m
[38;5;159m[Genesis] [06:51:50] [INFO] Running at [38;5;121m66.87[0m[38;5;159m FPS ([38;5;121m66.87[0m[38;5;159m FPS per env, [38;5;121m1[0m[38;5;159m envs).[0m
[38;5;159m[Genesis] [06:51:50] [INFO] Running at [38;5;121m66.90[0m[38;5;159m FPS ([38;5;121m66.90[0m[38;5;159m FPS per env, [38;5;121m1[0m[38;5;159m envs).[0m
[38;5;159m[Genesis] [06:51:50] [INFO] Running at [38;5;121m66.84[0m[38;5;159m FPS ([38;5;121m66.84[0m[38;5;159m FPS per env, [38;5;121m1[0m[38;5;159m envs).[0m
[38;5;159m[Genesis] [06:51:50] [INFO] Running at [38;5;121m50.51[0m[38;5;159m FPS ([38;5;121m50.51[0m[38;5;159m FPS per env, [38;5;121m1[0m[38;5;159m envs).[0m
[38;5;159m[Genesis] [06:51:50] [INFO] Running at [38;5;121m67.00[0m[38;5;159m FPS ([38;5;121m67.00[0m[38;5;159m FPS per env, [38;5;121m1[0m[38;5;159m envs).[0m
[38;5;159m[Genesis] [06:51:50] [INFO] Running at [38;5;121m50.51[0m[38;5;159m FPS ([38;5;121m50.51[0m[38;5;159m FPS per env, [38;5;121m1[0m[38;5;159m envs).[0m
[38;5;159m[Genesis] [06:51:50] [INFO] Running at [38;5;121m50.72[0m[38;5;159m FPS ([38;5;121m50.72[0m[38;5;159m FPS per env, [38;5;121m1[0m[38;5;159m envs).[0m
[38;5;159m[Genesis] [06:51:50] [INFO] Running at [38;5;121m67.14[0m[38;5;159m FPS ([38;5;121m67.14[0m[38;5;159m FPS per env, [38;5;121m1[0m[38;5;159m envs).[0m
[38;5;159m[Genesis] [06:51:51] [INFO] Running at [38;5;121m50.61[0m[38;5;159m FPS ([38;5;121m50.61[0m[38;5;159m FPS per env, [38;5;121m1[0m[38;5;159m envs).[0m
[38;5;159m[Genesis] [06:51:51] [INFO] Running at [38;5;121m50.81[0m[38;5;159m FPS ([38;5;121m50.81[0m[38;5;159m FPS per env, [38;5;121m1[0m[38;5;159m envs).[0m
[38;5;159m[Genesis] [06:51:51] [INFO] Running at [38;5;121m51.08[0m[38;5;159m FPS ([38;5;121m51.08[0m[38;5;159m FPS per env, [38;5;121m1[0m[38;5;159m envs).[0m
[38;5;159m[Genesis] [06:51:51] [INFO] Running at [38;5;121m51.42[0m[38;5;159m FPS ([38;5;121m51.42[0m[38;5;159m FPS per env, [38;5;121m1[0m[38;5;159m envs).[0m
[38;5;159m[Genesis] [06:51:51] [INFO] Running at [38;5;121m68.18[0m[38;5;159m FPS ([38;5;121m68.18[0m[38;5;159m FPS per env, [38;5;121m1[0m[38;5;159m envs).[0m
[38;5;159m[Genesis] [06:51:51] [INFO] Running at [38;5;121m51.46[0m[38;5;159m FPS ([38;5;121m51.46[0m[38;5;159m FPS per env, [38;5;121m1[0m[38;5;159m envs).[0m
[38;5;159m[Genesis] [06:51:51] [INFO] Running at [38;5;121m51.77[0m[38;5;159m FPS ([38;5;121m51.77[0m[38;5;159m FPS per env, [38;5;121m1[0m[38;5;159m envs).[0m
[38;5;159m[Genesis] [06:51:51] [INFO] Running at [38;5;121m68.61[0m[38;5;159m FPS ([38;5;121m68.61[0m[38;5;159m FPS per env, [38;5;121m1[0m[38;5;159m envs).[0m
[38;5;159m[Genesis] [06:51:51] [INFO] Running at [38;5;121m51.63[0m[38;5;159m FPS ([38;5;121m51.63[0m[38;5;159m FPS per env, [38;5;121m1[0m[38;5;159m envs).[0m
[38;5;159m[Genesis] [06:51:51] [INFO] Running at [38;5;121m68.40[0m[38;5;159m FPS ([38;5;121m68.40[0m[38;5;159m FPS per env, [38;5;121m1[0m[38;5;159m envs).[0m
[38;5;159m[Genesis] [06:51:51] [INFO] Running at [38;5;121m51.49[0m[38;5;159m FPS ([38;5;121m51.49[0m[38;5;159m FPS per env, [38;5;121m1[0m[38;5;159m envs).[0m
[38;5;159m[Genesis] [06:51:51] [INFO] Running at [38;5;121m68.32[0m[38;5;159m FPS ([38;5;121m68.32[0m[38;5;159m FPS per env, [38;5;121m1[0m[38;5;159m envs).[0m
[38;5;159m[Genesis] [06:51:51] [INFO] Running at [38;5;121m68.27[0m[38;5;159m FPS ([38;5;121m68.27[0m[38;5;159m FPS per env, [38;5;121m1[0m[38;5;159m envs).[0m
[38;5;159m[Genesis] [06:51:51] [INFO] Running at [38;5;121m68.18[0m[38;5;159m FPS ([38;5;121m68.18[0m[38;5;159m FPS per env, [38;5;121m1[0m[38;5;159m envs).[0m
[38;5;159m[Genesis] [06:51:51] [INFO] Running at [38;5;121m68.10[0m[38;5;159m FPS ([38;5;121m68.10[0m[38;5;159m FPS per env, [38;5;121m1[0m[38;5;159m envs).[0m
[38;5;159m[Genesis] [06:51:51] [INFO] Running at [38;5;121m68.00[0m[38;5;159m FPS ([38;5;121m68.00[0m[38;5;159m FPS per env, [38;5;121m1[0m[38;5;159m envs).[0m
[38;5;159m[Genesis] [06:51:51] [INFO] Running at [38;5;121m67.91[0m[38;5;159m FPS ([38;5;121m67.91[0m[38;5;159m FPS per env, [38;5;121m1[0m[38;5;159m envs).[0m
[38;5;159m[Genesis] [06:51:52] [INFO] Running at [38;5;121m51.26[0m[38;5;159m FPS ([38;5;121m51.26[0m[38;5;159m FPS per env, [38;5;121m1[0m[38;5;159m envs).[0m
[38;5;159m[Genesis] [06:51:52] [INFO] Running at [38;5;121m68.03[0m[38;5;159m FPS ([38;5;121m68.03[0m[38;5;159m FPS per env, [38;5;121m1[0m[38;5;159m envs).[0m
[38;5;159m[Genesis] [06:51:52] [INFO] Running at [38;5;121m67.60[0m[38;5;159m FPS ([38;5;121m67.60[0m[38;5;159m FPS per env, [38;5;121m1[0m[38;5;159m envs).[0m
[38;5;159m[Genesis] [06:51:52] [INFO] Running at [38;5;121m50.94[0m[38;5;159m FPS ([38;5;121m50.94[0m[38;5;159m FPS per env, [38;5;121m1[0m[38;5;159m envs).[0m
[38;5;159m[Genesis] [06:51:52] [INFO] Running at [38;5;121m67.82[0m[38;5;159m FPS ([38;5;121m67.82[0m[38;5;159m FPS per env, [38;5;121m1[0m[38;5;159m envs).[0m
[38;5;159m[Genesis] [06:51:52] [INFO] Running at [38;5;121m67.76[0m[38;5;159m FPS ([38;5;121m67.76[0m[38;5;159m FPS per env, [38;5;121m1[0m[38;5;159m envs).[0m
[38;5;159m[Genesis] [06:51:52] [INFO] Running at [38;5;121m67.73[0m[38;5;159m FPS ([38;5;121m67.73[0m[38;5;159m FPS per env, [38;5;121m1[0m[38;5;159m envs).[0m
[38;5;159m[Genesis] [06:51:52] [INFO] Running at [38;5;121m51.19[0m[38;5;159m FPS ([38;5;121m51.19[0m[38;5;159m FPS per env, [38;5;121m1[0m[38;5;159m envs).[0m
[38;5;159m[Genesis] [06:51:52] [INFO] Running at [38;5;121m67.95[0m[38;5;159m FPS ([38;5;121m67.95[0m[38;5;159m FPS per env, [38;5;121m1[0m[38;5;159m envs).[0m
[38;5;159m[Genesis] [06:51:52] [INFO] Running at [38;5;121m51.27[0m[38;5;159m FPS ([38;5;121m51.27[0m[38;5;159m FPS per env, [38;5;121m1[0m[38;5;159m envs).[0m
[38;5;159m[Genesis] [06:51:52] [INFO] Running at [38;5;121m67.76[0m[38;5;159m FPS ([38;5;121m67.76[0m[38;5;159m FPS per env, [38;5;121m1[0m[38;5;159m envs).[0m
[38;5;159m[Genesis] [06:51:52] [INFO] Running at [38;5;121m51.21[0m[38;5;159m FPS ([38;5;121m51.21[0m[38;5;159m FPS per env, [38;5;121m1[0m[38;5;159m envs).[0m
[38;5;159m[Genesis] [06:51:52] [INFO] Running at [38;5;121m67.95[0m[38;5;159m FPS ([38;5;121m67.95[0m[38;5;159m FPS per env, [38;5;121m1[0m[38;5;159m envs).[0m
[38;5;159m[Genesis] [06:51:52] [INFO] Running at [38;5;121m51.14[0m[38;5;159m FPS ([38;5;121m51.14[0m[38;5;159m FPS per env, [38;5;121m1[0m[38;5;159m envs).[0m
[38;5;159m[Genesis] [06:51:52] [INFO] Running at [38;5;121m51.47[0m[38;5;159m FPS ([38;5;121m51.47[0m[38;5;159m FPS per env, [38;5;121m1[0m[38;5;159m envs).[0m
[38;5;159m[Genesis] [06:51:52] [INFO] Running at [38;5;121m68.29[0m[38;5;159m FPS ([38;5;121m68.29[0m[38;5;159m FPS per env, [38;5;121m1[0m[38;5;159m envs).[0m
[38;5;159m[Genesis] [06:51:52] [INFO] Running at [38;5;121m67.92[0m[38;5;159m FPS ([38;5;121m67.92[0m[38;5;159m FPS per env, [38;5;121m1[0m[38;5;159m envs).[0m
[38;5;159m[Genesis] [06:51:53] [INFO] Running at [38;5;121m67.51[0m[38;5;159m FPS ([38;5;121m67.51[0m[38;5;159m FPS per env, [38;5;121m1[0m[38;5;159m envs).[0m
[38;5;159m[Genesis] [06:51:53] [INFO] Running at [38;5;121m50.88[0m[38;5;159m FPS ([38;5;121m50.88[0m[38;5;159m FPS per env, [38;5;121m1[0m[38;5;159m envs).[0m
[38;5;159m[Genesis] [06:51:53] [INFO] Running at [38;5;121m51.13[0m[38;5;159m FPS ([38;5;121m51.13[0m[38;5;159m FPS per env, [38;5;121m1[0m[38;5;159m envs).[0m
[38;5;159m[Genesis] [06:51:53] [INFO] Running at [38;5;121m51.06[0m[38;5;159m FPS ([38;5;121m51.06[0m[38;5;159m FPS per env, [38;5;121m1[0m[38;5;159m envs).[0m
[38;5;159m[Genesis] [06:51:53] [INFO] Running at [38;5;121m67.79[0m[38;5;159m FPS ([38;5;121m67.79[0m[38;5;159m FPS per env, [38;5;121m1[0m[38;5;159m envs).[0m
[38;5;159m[Genesis] [06:51:53] [INFO] Running at [38;5;121m51.22[0m[38;5;159m FPS ([38;5;121m51.22[0m[38;5;159m FPS per env, [38;5;121m1[0m[38;5;159m envs).[0m
[38;5;159m[Genesis] [06:51:53] [INFO] Running at [38;5;121m67.88[0m[38;5;159m FPS ([38;5;121m67.88[0m[38;5;159m FPS per env, [38;5;121m1[0m[38;5;159m envs).[0m
[38;5;159m[Genesis] [06:51:53] [INFO] Running at [38;5;121m51.23[0m[38;5;159m FPS ([38;5;121m51.23[0m[38;5;159m FPS per env, [38;5;121m1[0m[38;5;159m envs).[0m
[38;5;159m[Genesis] [06:51:53] [INFO] Running at [38;5;121m51.56[0m[38;5;159m FPS ([38;5;121m51.56[0m[38;5;159m FPS per env, [38;5;121m1[0m[38;5;159m envs).[0m
[38;5;159m[Genesis] [06:51:53] [INFO] Running at [38;5;121m68.34[0m[38;5;159m FPS ([38;5;121m68.34[0m[38;5;159m FPS per env, [38;5;121m1[0m[38;5;159m envs).[0m
[38;5;159m[Genesis] [06:51:53] [INFO] Running at [38;5;121m51.62[0m[38;5;159m FPS ([38;5;121m51.62[0m[38;5;159m FPS per env, [38;5;121m1[0m[38;5;159m envs).[0m
[38;5;159m[Genesis] [06:51:53] [INFO] Running at [38;5;121m51.88[0m[38;5;159m FPS ([38;5;121m51.88[0m[38;5;159m FPS per env, [38;5;121m1[0m[38;5;159m envs).[0m
[38;5;159m[Genesis] [06:51:53] [INFO] Running at [38;5;121m52.17[0m[38;5;159m FPS ([38;5;121m52.17[0m[38;5;159m FPS per env, [38;5;121m1[0m[38;5;159m envs).[0m
[38;5;159m[Genesis] [06:51:53] [INFO] Running at [38;5;121m69.02[0m[38;5;159m FPS ([38;5;121m69.02[0m[38;5;159m FPS per env, [38;5;121m1[0m[38;5;159m envs).[0m
[38;5;159m[Genesis] [06:51:53] [INFO] Running at [38;5;121m51.80[0m[38;5;159m FPS ([38;5;121m51.80[0m[38;5;159m FPS per env, [38;5;121m1[0m[38;5;159m envs).[0m
[38;5;159m[Genesis] [06:51:53] [INFO] Running at [38;5;121m51.94[0m[38;5;159m FPS ([38;5;121m51.94[0m[38;5;159m FPS per env, [38;5;121m1[0m[38;5;159m envs).[0m
[38;5;159m[Genesis] [06:51:53] [INFO] Running at [38;5;121m68.88[0m[38;5;159m FPS ([38;5;121m68.88[0m[38;5;159m FPS per env, [38;5;121m1[0m[38;5;159m envs).[0m
[38;5;159m[Genesis] [06:51:54] [INFO] Running at [38;5;121m51.97[0m[38;5;159m FPS ([38;5;121m51.97[0m[38;5;159m FPS per env, [38;5;121m1[0m[38;5;159m envs).[0m
[38;5;159m[Genesis] [06:51:54] [INFO] Running at [38;5;121m68.92[0m[38;5;159m FPS ([38;5;121m68.92[0m[38;5;159m FPS per env, [38;5;121m1[0m[38;5;159m envs).[0m
[38;5;159m[Genesis] [06:51:54] [INFO] Running at [38;5;121m52.02[0m[38;5;159m FPS ([38;5;121m52.02[0m[38;5;159m FPS per env, [38;5;121m1[0m[38;5;159m envs).[0m
[38;5;159m[Genesis] [06:51:54] [INFO] Running at [38;5;121m69.05[0m[38;5;159m FPS ([38;5;121m69.05[0m[38;5;159m FPS per env, [38;5;121m1[0m[38;5;159m envs).[0m
[38;5;159m[Genesis] [06:51:54] [INFO] Running at [38;5;121m51.93[0m[38;5;159m FPS ([38;5;121m51.93[0m[38;5;159m FPS per env, [38;5;121m1[0m[38;5;159m envs).[0m
[38;5;159m[Genesis] [06:51:54] [INFO] Running at [38;5;121m68.77[0m[38;5;159m FPS ([38;5;121m68.77[0m[38;5;159m FPS per env, [38;5;121m1[0m[38;5;159m envs).[0m
[38;5;159m[Genesis] [06:51:54] [INFO] Running at [38;5;121m68.81[0m[38;5;159m FPS ([38;5;121m68.81[0m[38;5;159m FPS per env, [38;5;121m1[0m[38;5;159m envs).[0m
fps 50
[38;5;159m[Genesis] [06:51:54] [INFO] Saving video to [38;5;121m"test_2000_behind.mp4"[0m[38;5;159m...[0m
[38;5;159m[Genesis] [06:51:58] [INFO] Video saved.[0m
[38;5;159m[Genesis] [06:51:58] [INFO] Saving video to [38;5;121m"test_2000_side.mp4"[0m[38;5;159m...[0m
[38;5;159m[Genesis] [06:52:03] [INFO] Video saved.[0m
Saved recordings for checkpoint 2000.
[38;5;159m[Genesis] [06:52:03] [INFO] 💤 Exiting Genesis and caching compiled kernels...[0m
