[38;5;159m[Genesis] [06:55:04] [INFO] [38;5;121m╭───────────────────────────────────────────────╮[0m[38;5;159m[0m
[38;5;159m[Genesis] [06:55:04] [INFO] [38;5;121m│┈┉┈┉┈┉┈┉┈┉┈┉┈┉┈┉┈┉┈[0m[38;5;159m [38;5;121m[1m[3mGenesis[0m[38;5;159m [38;5;121m┈┉┈┉┈┉┈┉┈┉┈┉┈┉┈┉┈┉┈│[0m[38;5;159m[0m
[38;5;159m[Genesis] [06:55:04] [INFO] [38;5;121m╰───────────────────────────────────────────────╯[0m[38;5;159m[0m
[38;5;159m[Genesis] [06:55:04] [INFO] Running on [38;5;121m[4m[NVIDIA GeForce RTX 5090][0m[38;5;159m with backend [38;5;121m[4mgs.cuda[0m[38;5;159m. Device memory: [38;5;121m[4m31.36[0m[38;5;159m GB.[0m
[38;5;159m[Genesis] [06:55:04] [INFO] 🚀 Genesis initialized. 🔖 version: [38;5;121m[4m0.4.7[0m[38;5;159m, 🎨 theme: [38;5;121m[4mdark[0m[38;5;159m, 🌱 seed: [38;5;121m[4mNone[0m[38;5;159m, 🐛 debug: [38;5;121m[4mFalse[0m[38;5;159m, 📏 precision: [38;5;121m[4m64[0m[38;5;159m, 🔥 performance: [38;5;121m[4mFalse[0m[38;5;159m, 💬 verbose: [38;5;121m[4mINFO[0m[38;5;159m[0m
[38;5;226m[Genesis] [06:55:07] [WARNING] Viewer option 'n_rendered_envs' is deprecated and will be removed in a future release. Please use 'rendered_envs_idx' instead.[0m
[38;5;159m[Genesis] [06:55:08] [INFO] Scene [38;5;121m[3m<b04f836>[0m[38;5;159m created.[0m
[38;5;159m[Genesis] [06:55:08] [INFO] Adding [38;5;121m<gs.engine.entities.RigidEntity>[0m[38;5;159m. idx: [38;5;121m0[0m[38;5;159m, uid: [38;5;121m[3m<1f8904c>[0m[38;5;159m, morph: [38;5;121m<gs.morphs.Terrain>[0m[38;5;159m, material: [38;5;121m<gs.materials.Rigid>[0m[38;5;159m.[0m
[38;5;159m[Genesis] [06:55:08] [INFO] Adding [38;5;121m<gs.engine.entities.RigidEntity>[0m[38;5;159m. idx: [38;5;121m1[0m[38;5;159m, uid: [38;5;121m[3m<29f39ab>[0m[38;5;159m, morph: [38;5;121m<gs.morphs.URDF(file='/home/jfriesen/.local/lib/python3.12/site-packages/genesis/assets/urdf/go2/urdf/go2.urdf')>[0m[38;5;159m, material: [38;5;121m<gs.materials.Rigid>[0m[38;5;159m.[0m
[38;5;159m[Genesis] [06:55:11] [INFO] Building scene [38;5;121m[3m<b04f836>[0m[38;5;159m...[0m
[38;5;226m[Genesis] [06:55:12] [WARNING] Neutral robot position (qpos0) exceeds joint limits.[0m
[38;5;159m[Genesis] [06:55:22] [INFO] Compiling simulation kernels...[0m
[38;5;159m[Genesis] [06:55:24] [INFO] Building visualizer...[0m
[38;5;226m[Genesis] [06:55:24] [WARNING] This property is deprecated and will be removed in future release. Please use 'dofs_idx_local' instead.[0m
[38;5;226m[Genesis] [06:55:24] [WARNING] This property is deprecated and will be removed in future release. Please use 'dofs_idx_local' instead.[0m
[38;5;226m[Genesis] [06:55:24] [WARNING] This property is deprecated and will be removed in future release. Please use 'dofs_idx_local' instead.[0m
[38;5;226m[Genesis] [06:55:24] [WARNING] This property is deprecated and will be removed in future release. Please use 'dofs_idx_local' instead.[0m
[38;5;226m[Genesis] [06:55:24] [WARNING] This property is deprecated and will be removed in future release. Please use 'dofs_idx_local' instead.[0m
[38;5;226m[Genesis] [06:55:24] [WARNING] This property is deprecated and will be removed in future release. Please use 'dofs_idx_local' instead.[0m
[38;5;226m[Genesis] [06:55:24] [WARNING] This property is deprecated and will be removed in future release. Please use 'dofs_idx_local' instead.[0m
[38;5;226m[Genesis] [06:55:24] [WARNING] This property is deprecated and will be removed in future release. Please use 'dofs_idx_local' instead.[0m
[38;5;226m[Genesis] [06:55:24] [WARNING] This property is deprecated and will be removed in future release. Please use 'dofs_idx_local' instead.[0m
[38;5;226m[Genesis] [06:55:24] [WARNING] This property is deprecated and will be removed in future release. Please use 'dofs_idx_local' instead.[0m
[38;5;226m[Genesis] [06:55:24] [WARNING] This property is deprecated and will be removed in future release. Please use 'dofs_idx_local' instead.[0m
[38;5;226m[Genesis] [06:55:24] [WARNING] This property is deprecated and will be removed in future release. Please use 'dofs_idx_local' instead.[0m
/home/jfriesen/.local/lib/python3.12/site-packages/torch/utils/_device.py:122: UserWarning: To copy construct from a tensor, it is recommended to use sourceTensor.detach().clone() or sourceTensor.detach().clone().requires_grad_(True), rather than torch.tensor(sourceTensor).
  return func(*args, **kwargs)
Actor MLP: Sequential(
  (0): Linear(in_features=76, out_features=512, bias=True)
  (1): ELU(alpha=1.0)
  (2): Linear(in_features=512, out_features=256, bias=True)
  (3): ELU(alpha=1.0)
  (4): Linear(in_features=256, out_features=128, bias=True)
  (5): ELU(alpha=1.0)
  (6): Linear(in_features=128, out_features=12, bias=True)
)
Critic MLP: Sequential(
  (0): Linear(in_features=100, out_features=512, bias=True)
  (1): ELU(alpha=1.0)
  (2): Linear(in_features=512, out_features=256, bias=True)
  (3): ELU(alpha=1.0)
  (4): Linear(in_features=256, out_features=128, bias=True)
  (5): ELU(alpha=1.0)
  (6): Linear(in_features=128, out_features=1, bias=True)
)
[38;5;159m[Genesis] [06:55:27] [INFO] Running at [38;5;121m1.55[0m[38;5;159m FPS ([38;5;121m1.55[0m[38;5;159m FPS per env, [38;5;121m1[0m[38;5;159m envs).[0m
[38;5;159m[Genesis] [06:55:27] [INFO] Running at [38;5;121m5.88[0m[38;5;159m FPS ([38;5;121m5.88[0m[38;5;159m FPS per env, [38;5;121m1[0m[38;5;159m envs).[0m
[38;5;159m[Genesis] [06:55:27] [INFO] Running at [38;5;121m58.39[0m[38;5;159m FPS ([38;5;121m58.39[0m[38;5;159m FPS per env, [38;5;121m1[0m[38;5;159m envs).[0m
[38;5;159m[Genesis] [06:55:27] [INFO] Running at [38;5;121m44.21[0m[38;5;159m FPS ([38;5;121m44.21[0m[38;5;159m FPS per env, [38;5;121m1[0m[38;5;159m envs).[0m
[38;5;159m[Genesis] [06:55:27] [INFO] Running at [38;5;121m44.64[0m[38;5;159m FPS ([38;5;121m44.64[0m[38;5;159m FPS per env, [38;5;121m1[0m[38;5;159m envs).[0m
[38;5;159m[Genesis] [06:55:27] [INFO] Running at [38;5;121m45.14[0m[38;5;159m FPS ([38;5;121m45.14[0m[38;5;159m FPS per env, [38;5;121m1[0m[38;5;159m envs).[0m
[38;5;159m[Genesis] [06:55:27] [INFO] Running at [38;5;121m45.64[0m[38;5;159m FPS ([38;5;121m45.64[0m[38;5;159m FPS per env, [38;5;121m1[0m[38;5;159m envs).[0m
[38;5;159m[Genesis] [06:55:27] [INFO] Running at [38;5;121m60.91[0m[38;5;159m FPS ([38;5;121m60.91[0m[38;5;159m FPS per env, [38;5;121m1[0m[38;5;159m envs).[0m
[38;5;159m[Genesis] [06:55:27] [INFO] Running at [38;5;121m61.05[0m[38;5;159m FPS ([38;5;121m61.05[0m[38;5;159m FPS per env, [38;5;121m1[0m[38;5;159m envs).[0m
[38;5;159m[Genesis] [06:55:27] [INFO] Running at [38;5;121m61.13[0m[38;5;159m FPS ([38;5;121m61.13[0m[38;5;159m FPS per env, [38;5;121m1[0m[38;5;159m envs).[0m
[38;5;159m[Genesis] [06:55:27] [INFO] Running at [38;5;121m61.18[0m[38;5;159m FPS ([38;5;121m61.18[0m[38;5;159m FPS per env, [38;5;121m1[0m[38;5;159m envs).[0m
[38;5;159m[Genesis] [06:55:27] [INFO] Running at [38;5;121m61.36[0m[38;5;159m FPS ([38;5;121m61.36[0m[38;5;159m FPS per env, [38;5;121m1[0m[38;5;159m envs).[0m
[38;5;159m[Genesis] [06:55:27] [INFO] Running at [38;5;121m61.43[0m[38;5;159m FPS ([38;5;121m61.43[0m[38;5;159m FPS per env, [38;5;121m1[0m[38;5;159m envs).[0m
[38;5;159m[Genesis] [06:55:27] [INFO] Running at [38;5;121m61.64[0m[38;5;159m FPS ([38;5;121m61.64[0m[38;5;159m FPS per env, [38;5;121m1[0m[38;5;159m envs).[0m
[38;5;159m[Genesis] [06:55:28] [INFO] Running at [38;5;121m61.60[0m[38;5;159m FPS ([38;5;121m61.60[0m[38;5;159m FPS per env, [38;5;121m1[0m[38;5;159m envs).[0m
[38;5;159m[Genesis] [06:55:28] [INFO] Running at [38;5;121m61.83[0m[38;5;159m FPS ([38;5;121m61.83[0m[38;5;159m FPS per env, [38;5;121m1[0m[38;5;159m envs).[0m
[38;5;159m[Genesis] [06:55:28] [INFO] Running at [38;5;121m61.99[0m[38;5;159m FPS ([38;5;121m61.99[0m[38;5;159m FPS per env, [38;5;121m1[0m[38;5;159m envs).[0m
[38;5;159m[Genesis] [06:55:28] [INFO] Running at [38;5;121m62.05[0m[38;5;159m FPS ([38;5;121m62.05[0m[38;5;159m FPS per env, [38;5;121m1[0m[38;5;159m envs).[0m
[38;5;159m[Genesis] [06:55:28] [INFO] Running at [38;5;121m62.15[0m[38;5;159m FPS ([38;5;121m62.15[0m[38;5;159m FPS per env, [38;5;121m1[0m[38;5;159m envs).[0m
[38;5;159m[Genesis] [06:55:28] [INFO] Running at [38;5;121m62.14[0m[38;5;159m FPS ([38;5;121m62.14[0m[38;5;159m FPS per env, [38;5;121m1[0m[38;5;159m envs).[0m
[38;5;159m[Genesis] [06:55:28] [INFO] Running at [38;5;121m62.38[0m[38;5;159m FPS ([38;5;121m62.38[0m[38;5;159m FPS per env, [38;5;121m1[0m[38;5;159m envs).[0m
[38;5;159m[Genesis] [06:55:28] [INFO] Running at [38;5;121m62.52[0m[38;5;159m FPS ([38;5;121m62.52[0m[38;5;159m FPS per env, [38;5;121m1[0m[38;5;159m envs).[0m
[38;5;159m[Genesis] [06:55:28] [INFO] Running at [38;5;121m62.70[0m[38;5;159m FPS ([38;5;121m62.70[0m[38;5;159m FPS per env, [38;5;121m1[0m[38;5;159m envs).[0m
[38;5;159m[Genesis] [06:55:28] [INFO] Running at [38;5;121m47.45[0m[38;5;159m FPS ([38;5;121m47.45[0m[38;5;159m FPS per env, [38;5;121m1[0m[38;5;159m envs).[0m
[38;5;159m[Genesis] [06:55:28] [INFO] Running at [38;5;121m63.26[0m[38;5;159m FPS ([38;5;121m63.26[0m[38;5;159m FPS per env, [38;5;121m1[0m[38;5;159m envs).[0m
[38;5;159m[Genesis] [06:55:28] [INFO] Running at [38;5;121m63.35[0m[38;5;159m FPS ([38;5;121m63.35[0m[38;5;159m FPS per env, [38;5;121m1[0m[38;5;159m envs).[0m
[38;5;159m[Genesis] [06:55:28] [INFO] Running at [38;5;121m63.49[0m[38;5;159m FPS ([38;5;121m63.49[0m[38;5;159m FPS per env, [38;5;121m1[0m[38;5;159m envs).[0m
[38;5;159m[Genesis] [06:55:28] [INFO] Running at [38;5;121m63.60[0m[38;5;159m FPS ([38;5;121m63.60[0m[38;5;159m FPS per env, [38;5;121m1[0m[38;5;159m envs).[0m
[38;5;159m[Genesis] [06:55:28] [INFO] Running at [38;5;121m63.34[0m[38;5;159m FPS ([38;5;121m63.34[0m[38;5;159m FPS per env, [38;5;121m1[0m[38;5;159m envs).[0m
[38;5;159m[Genesis] [06:55:28] [INFO] Running at [38;5;121m47.90[0m[38;5;159m FPS ([38;5;121m47.90[0m[38;5;159m FPS per env, [38;5;121m1[0m[38;5;159m envs).[0m
[38;5;159m[Genesis] [06:55:28] [INFO] Running at [38;5;121m48.34[0m[38;5;159m FPS ([38;5;121m48.34[0m[38;5;159m FPS per env, [38;5;121m1[0m[38;5;159m envs).[0m
[38;5;159m[Genesis] [06:55:29] [INFO] Running at [38;5;121m48.66[0m[38;5;159m FPS ([38;5;121m48.66[0m[38;5;159m FPS per env, [38;5;121m1[0m[38;5;159m envs).[0m
[38;5;159m[Genesis] [06:55:29] [INFO] Running at [38;5;121m49.12[0m[38;5;159m FPS ([38;5;121m49.12[0m[38;5;159m FPS per env, [38;5;121m1[0m[38;5;159m envs).[0m
[38;5;159m[Genesis] [06:55:29] [INFO] Running at [38;5;121m49.54[0m[38;5;159m FPS ([38;5;121m49.54[0m[38;5;159m FPS per env, [38;5;121m1[0m[38;5;159m envs).[0m
[38;5;159m[Genesis] [06:55:29] [INFO] Running at [38;5;121m66.07[0m[38;5;159m FPS ([38;5;121m66.07[0m[38;5;159m FPS per env, [38;5;121m1[0m[38;5;159m envs).[0m
[38;5;159m[Genesis] [06:55:29] [INFO] Running at [38;5;121m65.98[0m[38;5;159m FPS ([38;5;121m65.98[0m[38;5;159m FPS per env, [38;5;121m1[0m[38;5;159m envs).[0m
[38;5;159m[Genesis] [06:55:29] [INFO] Running at [38;5;121m65.97[0m[38;5;159m FPS ([38;5;121m65.97[0m[38;5;159m FPS per env, [38;5;121m1[0m[38;5;159m envs).[0m
[38;5;159m[Genesis] [06:55:29] [INFO] Running at [38;5;121m65.99[0m[38;5;159m FPS ([38;5;121m65.99[0m[38;5;159m FPS per env, [38;5;121m1[0m[38;5;159m envs).[0m
[38;5;159m[Genesis] [06:55:29] [INFO] Running at [38;5;121m49.77[0m[38;5;159m FPS ([38;5;121m49.77[0m[38;5;159m FPS per env, [38;5;121m1[0m[38;5;159m envs).[0m
[38;5;159m[Genesis] [06:55:29] [INFO] Running at [38;5;121m65.99[0m[38;5;159m FPS ([38;5;121m65.99[0m[38;5;159m FPS per env, [38;5;121m1[0m[38;5;159m envs).[0m
[38;5;159m[Genesis] [06:55:29] [INFO] Running at [38;5;121m49.74[0m[38;5;159m FPS ([38;5;121m49.74[0m[38;5;159m FPS per env, [38;5;121m1[0m[38;5;159m envs).[0m
[38;5;159m[Genesis] [06:55:29] [INFO] Running at [38;5;121m50.11[0m[38;5;159m FPS ([38;5;121m50.11[0m[38;5;159m FPS per env, [38;5;121m1[0m[38;5;159m envs).[0m
[38;5;159m[Genesis] [06:55:29] [INFO] Running at [38;5;121m50.43[0m[38;5;159m FPS ([38;5;121m50.43[0m[38;5;159m FPS per env, [38;5;121m1[0m[38;5;159m envs).[0m
[38;5;159m[Genesis] [06:55:29] [INFO] Running at [38;5;121m50.82[0m[38;5;159m FPS ([38;5;121m50.82[0m[38;5;159m FPS per env, [38;5;121m1[0m[38;5;159m envs).[0m
[38;5;159m[Genesis] [06:55:29] [INFO] Running at [38;5;121m67.56[0m[38;5;159m FPS ([38;5;121m67.56[0m[38;5;159m FPS per env, [38;5;121m1[0m[38;5;159m envs).[0m
[38;5;159m[Genesis] [06:55:29] [INFO] Running at [38;5;121m67.44[0m[38;5;159m FPS ([38;5;121m67.44[0m[38;5;159m FPS per env, [38;5;121m1[0m[38;5;159m envs).[0m
[38;5;159m[Genesis] [06:55:29] [INFO] Running at [38;5;121m67.36[0m[38;5;159m FPS ([38;5;121m67.36[0m[38;5;159m FPS per env, [38;5;121m1[0m[38;5;159m envs).[0m
[38;5;159m[Genesis] [06:55:29] [INFO] Running at [38;5;121m67.07[0m[38;5;159m FPS ([38;5;121m67.07[0m[38;5;159m FPS per env, [38;5;121m1[0m[38;5;159m envs).[0m
[38;5;159m[Genesis] [06:55:30] [INFO] Running at [38;5;121m66.94[0m[38;5;159m FPS ([38;5;121m66.94[0m[38;5;159m FPS per env, [38;5;121m1[0m[38;5;159m envs).[0m
[38;5;159m[Genesis] [06:55:30] [INFO] Running at [38;5;121m67.02[0m[38;5;159m FPS ([38;5;121m67.02[0m[38;5;159m FPS per env, [38;5;121m1[0m[38;5;159m envs).[0m
[38;5;159m[Genesis] [06:55:30] [INFO] Running at [38;5;121m67.07[0m[38;5;159m FPS ([38;5;121m67.07[0m[38;5;159m FPS per env, [38;5;121m1[0m[38;5;159m envs).[0m
[38;5;159m[Genesis] [06:55:30] [INFO] Running at [38;5;121m67.03[0m[38;5;159m FPS ([38;5;121m67.03[0m[38;5;159m FPS per env, [38;5;121m1[0m[38;5;159m envs).[0m
[38;5;159m[Genesis] [06:55:30] [INFO] Running at [38;5;121m66.90[0m[38;5;159m FPS ([38;5;121m66.90[0m[38;5;159m FPS per env, [38;5;121m1[0m[38;5;159m envs).[0m
[38;5;159m[Genesis] [06:55:30] [INFO] Running at [38;5;121m66.86[0m[38;5;159m FPS ([38;5;121m66.86[0m[38;5;159m FPS per env, [38;5;121m1[0m[38;5;159m envs).[0m
[38;5;159m[Genesis] [06:55:30] [INFO] Running at [38;5;121m66.65[0m[38;5;159m FPS ([38;5;121m66.65[0m[38;5;159m FPS per env, [38;5;121m1[0m[38;5;159m envs).[0m
[38;5;159m[Genesis] [06:55:30] [INFO] Running at [38;5;121m66.62[0m[38;5;159m FPS ([38;5;121m66.62[0m[38;5;159m FPS per env, [38;5;121m1[0m[38;5;159m envs).[0m
[38;5;159m[Genesis] [06:55:30] [INFO] Running at [38;5;121m66.48[0m[38;5;159m FPS ([38;5;121m66.48[0m[38;5;159m FPS per env, [38;5;121m1[0m[38;5;159m envs).[0m
[38;5;159m[Genesis] [06:55:30] [INFO] Running at [38;5;121m66.29[0m[38;5;159m FPS ([38;5;121m66.29[0m[38;5;159m FPS per env, [38;5;121m1[0m[38;5;159m envs).[0m
[38;5;159m[Genesis] [06:55:30] [INFO] Running at [38;5;121m66.10[0m[38;5;159m FPS ([38;5;121m66.10[0m[38;5;159m FPS per env, [38;5;121m1[0m[38;5;159m envs).[0m
[38;5;159m[Genesis] [06:55:30] [INFO] Running at [38;5;121m66.16[0m[38;5;159m FPS ([38;5;121m66.16[0m[38;5;159m FPS per env, [38;5;121m1[0m[38;5;159m envs).[0m
[38;5;159m[Genesis] [06:55:30] [INFO] Running at [38;5;121m66.08[0m[38;5;159m FPS ([38;5;121m66.08[0m[38;5;159m FPS per env, [38;5;121m1[0m[38;5;159m envs).[0m
[38;5;159m[Genesis] [06:55:30] [INFO] Running at [38;5;121m66.25[0m[38;5;159m FPS ([38;5;121m66.25[0m[38;5;159m FPS per env, [38;5;121m1[0m[38;5;159m envs).[0m
[38;5;159m[Genesis] [06:55:30] [INFO] Running at [38;5;121m66.15[0m[38;5;159m FPS ([38;5;121m66.15[0m[38;5;159m FPS per env, [38;5;121m1[0m[38;5;159m envs).[0m
[38;5;159m[Genesis] [06:55:30] [INFO] Running at [38;5;121m66.24[0m[38;5;159m FPS ([38;5;121m66.24[0m[38;5;159m FPS per env, [38;5;121m1[0m[38;5;159m envs).[0m
[38;5;159m[Genesis] [06:55:30] [INFO] Running at [38;5;121m66.16[0m[38;5;159m FPS ([38;5;121m66.16[0m[38;5;159m FPS per env, [38;5;121m1[0m[38;5;159m envs).[0m
[38;5;159m[Genesis] [06:55:31] [INFO] Running at [38;5;121m66.31[0m[38;5;159m FPS ([38;5;121m66.31[0m[38;5;159m FPS per env, [38;5;121m1[0m[38;5;159m envs).[0m
[38;5;159m[Genesis] [06:55:31] [INFO] Running at [38;5;121m66.27[0m[38;5;159m FPS ([38;5;121m66.27[0m[38;5;159m FPS per env, [38;5;121m1[0m[38;5;159m envs).[0m
[38;5;159m[Genesis] [06:55:31] [INFO] Running at [38;5;121m66.29[0m[38;5;159m FPS ([38;5;121m66.29[0m[38;5;159m FPS per env, [38;5;121m1[0m[38;5;159m envs).[0m
[38;5;159m[Genesis] [06:55:31] [INFO] Running at [38;5;121m66.06[0m[38;5;159m FPS ([38;5;121m66.06[0m[38;5;159m FPS per env, [38;5;121m1[0m[38;5;159m envs).[0m
[38;5;159m[Genesis] [06:55:31] [INFO] Running at [38;5;121m66.21[0m[38;5;159m FPS ([38;5;121m66.21[0m[38;5;159m FPS per env, [38;5;121m1[0m[38;5;159m envs).[0m
[38;5;159m[Genesis] [06:55:31] [INFO] Running at [38;5;121m66.12[0m[38;5;159m FPS ([38;5;121m66.12[0m[38;5;159m FPS per env, [38;5;121m1[0m[38;5;159m envs).[0m
[38;5;159m[Genesis] [06:55:31] [INFO] Running at [38;5;121m66.13[0m[38;5;159m FPS ([38;5;121m66.13[0m[38;5;159m FPS per env, [38;5;121m1[0m[38;5;159m envs).[0m
[38;5;159m[Genesis] [06:55:31] [INFO] Running at [38;5;121m65.96[0m[38;5;159m FPS ([38;5;121m65.96[0m[38;5;159m FPS per env, [38;5;121m1[0m[38;5;159m envs).[0m
[38;5;159m[Genesis] [06:55:31] [INFO] Running at [38;5;121m66.20[0m[38;5;159m FPS ([38;5;121m66.20[0m[38;5;159m FPS per env, [38;5;121m1[0m[38;5;159m envs).[0m
[38;5;159m[Genesis] [06:55:31] [INFO] Running at [38;5;121m66.11[0m[38;5;159m FPS ([38;5;121m66.11[0m[38;5;159m FPS per env, [38;5;121m1[0m[38;5;159m envs).[0m
[38;5;159m[Genesis] [06:55:31] [INFO] Running at [38;5;121m66.28[0m[38;5;159m FPS ([38;5;121m66.28[0m[38;5;159m FPS per env, [38;5;121m1[0m[38;5;159m envs).[0m
[38;5;159m[Genesis] [06:55:31] [INFO] Running at [38;5;121m66.16[0m[38;5;159m FPS ([38;5;121m66.16[0m[38;5;159m FPS per env, [38;5;121m1[0m[38;5;159m envs).[0m
[38;5;159m[Genesis] [06:55:31] [INFO] Running at [38;5;121m66.26[0m[38;5;159m FPS ([38;5;121m66.26[0m[38;5;159m FPS per env, [38;5;121m1[0m[38;5;159m envs).[0m
[38;5;159m[Genesis] [06:55:31] [INFO] Running at [38;5;121m66.32[0m[38;5;159m FPS ([38;5;121m66.32[0m[38;5;159m FPS per env, [38;5;121m1[0m[38;5;159m envs).[0m
[38;5;159m[Genesis] [06:55:31] [INFO] Running at [38;5;121m66.38[0m[38;5;159m FPS ([38;5;121m66.38[0m[38;5;159m FPS per env, [38;5;121m1[0m[38;5;159m envs).[0m
[38;5;159m[Genesis] [06:55:31] [INFO] Running at [38;5;121m66.45[0m[38;5;159m FPS ([38;5;121m66.45[0m[38;5;159m FPS per env, [38;5;121m1[0m[38;5;159m envs).[0m
[38;5;159m[Genesis] [06:55:32] [INFO] Running at [38;5;121m66.53[0m[38;5;159m FPS ([38;5;121m66.53[0m[38;5;159m FPS per env, [38;5;121m1[0m[38;5;159m envs).[0m
[38;5;159m[Genesis] [06:55:32] [INFO] Running at [38;5;121m66.40[0m[38;5;159m FPS ([38;5;121m66.40[0m[38;5;159m FPS per env, [38;5;121m1[0m[38;5;159m envs).[0m
[38;5;159m[Genesis] [06:55:32] [INFO] Running at [38;5;121m66.59[0m[38;5;159m FPS ([38;5;121m66.59[0m[38;5;159m FPS per env, [38;5;121m1[0m[38;5;159m envs).[0m
[38;5;159m[Genesis] [06:55:32] [INFO] Running at [38;5;121m66.69[0m[38;5;159m FPS ([38;5;121m66.69[0m[38;5;159m FPS per env, [38;5;121m1[0m[38;5;159m envs).[0m
[38;5;159m[Genesis] [06:55:32] [INFO] Running at [38;5;121m66.80[0m[38;5;159m FPS ([38;5;121m66.80[0m[38;5;159m FPS per env, [38;5;121m1[0m[38;5;159m envs).[0m
[38;5;159m[Genesis] [06:55:32] [INFO] Running at [38;5;121m6.70[0m[38;5;159m FPS ([38;5;121m6.70[0m[38;5;159m FPS per env, [38;5;121m1[0m[38;5;159m envs).[0m
[38;5;159m[Genesis] [06:55:32] [INFO] Running at [38;5;121m52.27[0m[38;5;159m FPS ([38;5;121m52.27[0m[38;5;159m FPS per env, [38;5;121m1[0m[38;5;159m envs).[0m
[38;5;159m[Genesis] [06:55:32] [INFO] Running at [38;5;121m52.51[0m[38;5;159m FPS ([38;5;121m52.51[0m[38;5;159m FPS per env, [38;5;121m1[0m[38;5;159m envs).[0m
[38;5;159m[Genesis] [06:55:32] [INFO] Running at [38;5;121m52.81[0m[38;5;159m FPS ([38;5;121m52.81[0m[38;5;159m FPS per env, [38;5;121m1[0m[38;5;159m envs).[0m
[38;5;159m[Genesis] [06:55:32] [INFO] Running at [38;5;121m53.04[0m[38;5;159m FPS ([38;5;121m53.04[0m[38;5;159m FPS per env, [38;5;121m1[0m[38;5;159m envs).[0m
[38;5;159m[Genesis] [06:55:32] [INFO] Running at [38;5;121m53.31[0m[38;5;159m FPS ([38;5;121m53.31[0m[38;5;159m FPS per env, [38;5;121m1[0m[38;5;159m envs).[0m
[38;5;159m[Genesis] [06:55:33] [INFO] Running at [38;5;121m53.39[0m[38;5;159m FPS ([38;5;121m53.39[0m[38;5;159m FPS per env, [38;5;121m1[0m[38;5;159m envs).[0m
[38;5;159m[Genesis] [06:55:33] [INFO] Running at [38;5;121m70.76[0m[38;5;159m FPS ([38;5;121m70.76[0m[38;5;159m FPS per env, [38;5;121m1[0m[38;5;159m envs).[0m
[38;5;159m[Genesis] [06:55:33] [INFO] Running at [38;5;121m53.25[0m[38;5;159m FPS ([38;5;121m53.25[0m[38;5;159m FPS per env, [38;5;121m1[0m[38;5;159m envs).[0m
[38;5;159m[Genesis] [06:55:33] [INFO] Running at [38;5;121m53.55[0m[38;5;159m FPS ([38;5;121m53.55[0m[38;5;159m FPS per env, [38;5;121m1[0m[38;5;159m envs).[0m
[38;5;159m[Genesis] [06:55:33] [INFO] Running at [38;5;121m71.16[0m[38;5;159m FPS ([38;5;121m71.16[0m[38;5;159m FPS per env, [38;5;121m1[0m[38;5;159m envs).[0m
[38;5;159m[Genesis] [06:55:33] [INFO] Running at [38;5;121m70.84[0m[38;5;159m FPS ([38;5;121m70.84[0m[38;5;159m FPS per env, [38;5;121m1[0m[38;5;159m envs).[0m
[38;5;159m[Genesis] [06:55:33] [INFO] Running at [38;5;121m70.64[0m[38;5;159m FPS ([38;5;121m70.64[0m[38;5;159m FPS per env, [38;5;121m1[0m[38;5;159m envs).[0m
[38;5;159m[Genesis] [06:55:33] [INFO] Running at [38;5;121m70.37[0m[38;5;159m FPS ([38;5;121m70.37[0m[38;5;159m FPS per env, [38;5;121m1[0m[38;5;159m envs).[0m
[38;5;159m[Genesis] [06:55:33] [INFO] Running at [38;5;121m70.01[0m[38;5;159m FPS ([38;5;121m70.01[0m[38;5;159m FPS per env, [38;5;121m1[0m[38;5;159m envs).[0m
[38;5;159m[Genesis] [06:55:33] [INFO] Running at [38;5;121m69.77[0m[38;5;159m FPS ([38;5;121m69.77[0m[38;5;159m FPS per env, [38;5;121m1[0m[38;5;159m envs).[0m
[38;5;159m[Genesis] [06:55:33] [INFO] Running at [38;5;121m69.63[0m[38;5;159m FPS ([38;5;121m69.63[0m[38;5;159m FPS per env, [38;5;121m1[0m[38;5;159m envs).[0m
[38;5;159m[Genesis] [06:55:33] [INFO] Running at [38;5;121m69.49[0m[38;5;159m FPS ([38;5;121m69.49[0m[38;5;159m FPS per env, [38;5;121m1[0m[38;5;159m envs).[0m
[38;5;159m[Genesis] [06:55:33] [INFO] Running at [38;5;121m69.15[0m[38;5;159m FPS ([38;5;121m69.15[0m[38;5;159m FPS per env, [38;5;121m1[0m[38;5;159m envs).[0m
[38;5;159m[Genesis] [06:55:33] [INFO] Running at [38;5;121m69.15[0m[38;5;159m FPS ([38;5;121m69.15[0m[38;5;159m FPS per env, [38;5;121m1[0m[38;5;159m envs).[0m
[38;5;159m[Genesis] [06:55:33] [INFO] Running at [38;5;121m69.03[0m[38;5;159m FPS ([38;5;121m69.03[0m[38;5;159m FPS per env, [38;5;121m1[0m[38;5;159m envs).[0m
[38;5;159m[Genesis] [06:55:33] [INFO] Running at [38;5;121m68.92[0m[38;5;159m FPS ([38;5;121m68.92[0m[38;5;159m FPS per env, [38;5;121m1[0m[38;5;159m envs).[0m
[38;5;159m[Genesis] [06:55:33] [INFO] Running at [38;5;121m68.75[0m[38;5;159m FPS ([38;5;121m68.75[0m[38;5;159m FPS per env, [38;5;121m1[0m[38;5;159m envs).[0m
[38;5;159m[Genesis] [06:55:34] [INFO] Running at [38;5;121m68.53[0m[38;5;159m FPS ([38;5;121m68.53[0m[38;5;159m FPS per env, [38;5;121m1[0m[38;5;159m envs).[0m
[38;5;159m[Genesis] [06:55:34] [INFO] Running at [38;5;121m68.35[0m[38;5;159m FPS ([38;5;121m68.35[0m[38;5;159m FPS per env, [38;5;121m1[0m[38;5;159m envs).[0m
[38;5;159m[Genesis] [06:55:34] [INFO] Running at [38;5;121m68.39[0m[38;5;159m FPS ([38;5;121m68.39[0m[38;5;159m FPS per env, [38;5;121m1[0m[38;5;159m envs).[0m
[38;5;159m[Genesis] [06:55:34] [INFO] Running at [38;5;121m68.28[0m[38;5;159m FPS ([38;5;121m68.28[0m[38;5;159m FPS per env, [38;5;121m1[0m[38;5;159m envs).[0m
[38;5;159m[Genesis] [06:55:34] [INFO] Running at [38;5;121m67.98[0m[38;5;159m FPS ([38;5;121m67.98[0m[38;5;159m FPS per env, [38;5;121m1[0m[38;5;159m envs).[0m
[38;5;159m[Genesis] [06:55:34] [INFO] Running at [38;5;121m51.32[0m[38;5;159m FPS ([38;5;121m51.32[0m[38;5;159m FPS per env, [38;5;121m1[0m[38;5;159m envs).[0m
[38;5;159m[Genesis] [06:55:34] [INFO] Running at [38;5;121m51.69[0m[38;5;159m FPS ([38;5;121m51.69[0m[38;5;159m FPS per env, [38;5;121m1[0m[38;5;159m envs).[0m
[38;5;159m[Genesis] [06:55:34] [INFO] Running at [38;5;121m68.48[0m[38;5;159m FPS ([38;5;121m68.48[0m[38;5;159m FPS per env, [38;5;121m1[0m[38;5;159m envs).[0m
[38;5;159m[Genesis] [06:55:34] [INFO] Running at [38;5;121m51.69[0m[38;5;159m FPS ([38;5;121m51.69[0m[38;5;159m FPS per env, [38;5;121m1[0m[38;5;159m envs).[0m
[38;5;159m[Genesis] [06:55:34] [INFO] Running at [38;5;121m68.55[0m[38;5;159m FPS ([38;5;121m68.55[0m[38;5;159m FPS per env, [38;5;121m1[0m[38;5;159m envs).[0m
[38;5;159m[Genesis] [06:55:34] [INFO] Running at [38;5;121m68.41[0m[38;5;159m FPS ([38;5;121m68.41[0m[38;5;159m FPS per env, [38;5;121m1[0m[38;5;159m envs).[0m
[38;5;159m[Genesis] [06:55:34] [INFO] Running at [38;5;121m68.44[0m[38;5;159m FPS ([38;5;121m68.44[0m[38;5;159m FPS per env, [38;5;121m1[0m[38;5;159m envs).[0m
[38;5;159m[Genesis] [06:55:34] [INFO] Running at [38;5;121m68.24[0m[38;5;159m FPS ([38;5;121m68.24[0m[38;5;159m FPS per env, [38;5;121m1[0m[38;5;159m envs).[0m
[38;5;159m[Genesis] [06:55:34] [INFO] Running at [38;5;121m68.23[0m[38;5;159m FPS ([38;5;121m68.23[0m[38;5;159m FPS per env, [38;5;121m1[0m[38;5;159m envs).[0m
[38;5;159m[Genesis] [06:55:34] [INFO] Running at [38;5;121m51.43[0m[38;5;159m FPS ([38;5;121m51.43[0m[38;5;159m FPS per env, [38;5;121m1[0m[38;5;159m envs).[0m
[38;5;159m[Genesis] [06:55:34] [INFO] Running at [38;5;121m68.35[0m[38;5;159m FPS ([38;5;121m68.35[0m[38;5;159m FPS per env, [38;5;121m1[0m[38;5;159m envs).[0m
[38;5;159m[Genesis] [06:55:34] [INFO] Running at [38;5;121m68.20[0m[38;5;159m FPS ([38;5;121m68.20[0m[38;5;159m FPS per env, [38;5;121m1[0m[38;5;159m envs).[0m
[38;5;159m[Genesis] [06:55:35] [INFO] Running at [38;5;121m67.78[0m[38;5;159m FPS ([38;5;121m67.78[0m[38;5;159m FPS per env, [38;5;121m1[0m[38;5;159m envs).[0m
[38;5;159m[Genesis] [06:55:35] [INFO] Running at [38;5;121m67.67[0m[38;5;159m FPS ([38;5;121m67.67[0m[38;5;159m FPS per env, [38;5;121m1[0m[38;5;159m envs).[0m
[38;5;159m[Genesis] [06:55:35] [INFO] Running at [38;5;121m50.90[0m[38;5;159m FPS ([38;5;121m50.90[0m[38;5;159m FPS per env, [38;5;121m1[0m[38;5;159m envs).[0m
[38;5;159m[Genesis] [06:55:35] [INFO] Running at [38;5;121m67.81[0m[38;5;159m FPS ([38;5;121m67.81[0m[38;5;159m FPS per env, [38;5;121m1[0m[38;5;159m envs).[0m
[38;5;159m[Genesis] [06:55:35] [INFO] Running at [38;5;121m67.77[0m[38;5;159m FPS ([38;5;121m67.77[0m[38;5;159m FPS per env, [38;5;121m1[0m[38;5;159m envs).[0m
[38;5;159m[Genesis] [06:55:35] [INFO] Running at [38;5;121m67.55[0m[38;5;159m FPS ([38;5;121m67.55[0m[38;5;159m FPS per env, [38;5;121m1[0m[38;5;159m envs).[0m
[38;5;159m[Genesis] [06:55:35] [INFO] Running at [38;5;121m67.10[0m[38;5;159m FPS ([38;5;121m67.10[0m[38;5;159m FPS per env, [38;5;121m1[0m[38;5;159m envs).[0m
[38;5;159m[Genesis] [06:55:35] [INFO] Running at [38;5;121m67.10[0m[38;5;159m FPS ([38;5;121m67.10[0m[38;5;159m FPS per env, [38;5;121m1[0m[38;5;159m envs).[0m
[38;5;159m[Genesis] [06:55:35] [INFO] Running at [38;5;121m67.06[0m[38;5;159m FPS ([38;5;121m67.06[0m[38;5;159m FPS per env, [38;5;121m1[0m[38;5;159m envs).[0m
[38;5;159m[Genesis] [06:55:35] [INFO] Running at [38;5;121m67.06[0m[38;5;159m FPS ([38;5;121m67.06[0m[38;5;159m FPS per env, [38;5;121m1[0m[38;5;159m envs).[0m
[38;5;159m[Genesis] [06:55:35] [INFO] Running at [38;5;121m66.84[0m[38;5;159m FPS ([38;5;121m66.84[0m[38;5;159m FPS per env, [38;5;121m1[0m[38;5;159m envs).[0m
[38;5;159m[Genesis] [06:55:35] [INFO] Running at [38;5;121m66.90[0m[38;5;159m FPS ([38;5;121m66.90[0m[38;5;159m FPS per env, [38;5;121m1[0m[38;5;159m envs).[0m
[38;5;159m[Genesis] [06:55:35] [INFO] Running at [38;5;121m66.83[0m[38;5;159m FPS ([38;5;121m66.83[0m[38;5;159m FPS per env, [38;5;121m1[0m[38;5;159m envs).[0m
[38;5;159m[Genesis] [06:55:35] [INFO] Running at [38;5;121m66.50[0m[38;5;159m FPS ([38;5;121m66.50[0m[38;5;159m FPS per env, [38;5;121m1[0m[38;5;159m envs).[0m
[38;5;159m[Genesis] [06:55:35] [INFO] Running at [38;5;121m66.37[0m[38;5;159m FPS ([38;5;121m66.37[0m[38;5;159m FPS per env, [38;5;121m1[0m[38;5;159m envs).[0m
[38;5;159m[Genesis] [06:55:35] [INFO] Running at [38;5;121m66.04[0m[38;5;159m FPS ([38;5;121m66.04[0m[38;5;159m FPS per env, [38;5;121m1[0m[38;5;159m envs).[0m
[38;5;159m[Genesis] [06:55:36] [INFO] Running at [38;5;121m65.91[0m[38;5;159m FPS ([38;5;121m65.91[0m[38;5;159m FPS per env, [38;5;121m1[0m[38;5;159m envs).[0m
[38;5;159m[Genesis] [06:55:36] [INFO] Running at [38;5;121m66.01[0m[38;5;159m FPS ([38;5;121m66.01[0m[38;5;159m FPS per env, [38;5;121m1[0m[38;5;159m envs).[0m
[38;5;159m[Genesis] [06:55:36] [INFO] Running at [38;5;121m65.91[0m[38;5;159m FPS ([38;5;121m65.91[0m[38;5;159m FPS per env, [38;5;121m1[0m[38;5;159m envs).[0m
[38;5;159m[Genesis] [06:55:36] [INFO] Running at [38;5;121m65.94[0m[38;5;159m FPS ([38;5;121m65.94[0m[38;5;159m FPS per env, [38;5;121m1[0m[38;5;159m envs).[0m
[38;5;159m[Genesis] [06:55:36] [INFO] Running at [38;5;121m65.55[0m[38;5;159m FPS ([38;5;121m65.55[0m[38;5;159m FPS per env, [38;5;121m1[0m[38;5;159m envs).[0m
[38;5;159m[Genesis] [06:55:36] [INFO] Running at [38;5;121m65.60[0m[38;5;159m FPS ([38;5;121m65.60[0m[38;5;159m FPS per env, [38;5;121m1[0m[38;5;159m envs).[0m
[38;5;159m[Genesis] [06:55:36] [INFO] Running at [38;5;121m65.63[0m[38;5;159m FPS ([38;5;121m65.63[0m[38;5;159m FPS per env, [38;5;121m1[0m[38;5;159m envs).[0m
[38;5;159m[Genesis] [06:55:36] [INFO] Running at [38;5;121m65.63[0m[38;5;159m FPS ([38;5;121m65.63[0m[38;5;159m FPS per env, [38;5;121m1[0m[38;5;159m envs).[0m
[38;5;159m[Genesis] [06:55:36] [INFO] Running at [38;5;121m65.59[0m[38;5;159m FPS ([38;5;121m65.59[0m[38;5;159m FPS per env, [38;5;121m1[0m[38;5;159m envs).[0m
[38;5;159m[Genesis] [06:55:36] [INFO] Running at [38;5;121m65.38[0m[38;5;159m FPS ([38;5;121m65.38[0m[38;5;159m FPS per env, [38;5;121m1[0m[38;5;159m envs).[0m
[38;5;159m[Genesis] [06:55:36] [INFO] Running at [38;5;121m49.43[0m[38;5;159m FPS ([38;5;121m49.43[0m[38;5;159m FPS per env, [38;5;121m1[0m[38;5;159m envs).[0m
[38;5;159m[Genesis] [06:55:36] [INFO] Running at [38;5;121m49.85[0m[38;5;159m FPS ([38;5;121m49.85[0m[38;5;159m FPS per env, [38;5;121m1[0m[38;5;159m envs).[0m
[38;5;159m[Genesis] [06:55:36] [INFO] Running at [38;5;121m50.07[0m[38;5;159m FPS ([38;5;121m50.07[0m[38;5;159m FPS per env, [38;5;121m1[0m[38;5;159m envs).[0m
[38;5;159m[Genesis] [06:55:36] [INFO] Running at [38;5;121m50.41[0m[38;5;159m FPS ([38;5;121m50.41[0m[38;5;159m FPS per env, [38;5;121m1[0m[38;5;159m envs).[0m
[38;5;159m[Genesis] [06:55:36] [INFO] Running at [38;5;121m50.65[0m[38;5;159m FPS ([38;5;121m50.65[0m[38;5;159m FPS per env, [38;5;121m1[0m[38;5;159m envs).[0m
[38;5;159m[Genesis] [06:55:36] [INFO] Running at [38;5;121m50.64[0m[38;5;159m FPS ([38;5;121m50.64[0m[38;5;159m FPS per env, [38;5;121m1[0m[38;5;159m envs).[0m
[38;5;159m[Genesis] [06:55:36] [INFO] Running at [38;5;121m50.83[0m[38;5;159m FPS ([38;5;121m50.83[0m[38;5;159m FPS per env, [38;5;121m1[0m[38;5;159m envs).[0m
[38;5;159m[Genesis] [06:55:37] [INFO] Running at [38;5;121m50.97[0m[38;5;159m FPS ([38;5;121m50.97[0m[38;5;159m FPS per env, [38;5;121m1[0m[38;5;159m envs).[0m
[38;5;159m[Genesis] [06:55:37] [INFO] Running at [38;5;121m67.40[0m[38;5;159m FPS ([38;5;121m67.40[0m[38;5;159m FPS per env, [38;5;121m1[0m[38;5;159m envs).[0m
[38;5;159m[Genesis] [06:55:37] [INFO] Running at [38;5;121m67.03[0m[38;5;159m FPS ([38;5;121m67.03[0m[38;5;159m FPS per env, [38;5;121m1[0m[38;5;159m envs).[0m
[38;5;159m[Genesis] [06:55:37] [INFO] Running at [38;5;121m50.40[0m[38;5;159m FPS ([38;5;121m50.40[0m[38;5;159m FPS per env, [38;5;121m1[0m[38;5;159m envs).[0m
[38;5;159m[Genesis] [06:55:37] [INFO] Running at [38;5;121m50.72[0m[38;5;159m FPS ([38;5;121m50.72[0m[38;5;159m FPS per env, [38;5;121m1[0m[38;5;159m envs).[0m
[38;5;159m[Genesis] [06:55:37] [INFO] Running at [38;5;121m51.06[0m[38;5;159m FPS ([38;5;121m51.06[0m[38;5;159m FPS per env, [38;5;121m1[0m[38;5;159m envs).[0m
[38;5;159m[Genesis] [06:55:37] [INFO] Running at [38;5;121m51.24[0m[38;5;159m FPS ([38;5;121m51.24[0m[38;5;159m FPS per env, [38;5;121m1[0m[38;5;159m envs).[0m
[38;5;159m[Genesis] [06:55:37] [INFO] Running at [38;5;121m51.55[0m[38;5;159m FPS ([38;5;121m51.55[0m[38;5;159m FPS per env, [38;5;121m1[0m[38;5;159m envs).[0m
[38;5;159m[Genesis] [06:55:37] [INFO] Running at [38;5;121m51.56[0m[38;5;159m FPS ([38;5;121m51.56[0m[38;5;159m FPS per env, [38;5;121m1[0m[38;5;159m envs).[0m
[38;5;159m[Genesis] [06:55:37] [INFO] Running at [38;5;121m68.53[0m[38;5;159m FPS ([38;5;121m68.53[0m[38;5;159m FPS per env, [38;5;121m1[0m[38;5;159m envs).[0m
[38;5;159m[Genesis] [06:55:37] [INFO] Running at [38;5;121m68.20[0m[38;5;159m FPS ([38;5;121m68.20[0m[38;5;159m FPS per env, [38;5;121m1[0m[38;5;159m envs).[0m
[38;5;159m[Genesis] [06:55:37] [INFO] Running at [38;5;121m68.07[0m[38;5;159m FPS ([38;5;121m68.07[0m[38;5;159m FPS per env, [38;5;121m1[0m[38;5;159m envs).[0m
[38;5;159m[Genesis] [06:55:37] [INFO] Running at [38;5;121m68.02[0m[38;5;159m FPS ([38;5;121m68.02[0m[38;5;159m FPS per env, [38;5;121m1[0m[38;5;159m envs).[0m
[38;5;159m[Genesis] [06:55:37] [INFO] Running at [38;5;121m67.99[0m[38;5;159m FPS ([38;5;121m67.99[0m[38;5;159m FPS per env, [38;5;121m1[0m[38;5;159m envs).[0m
[38;5;159m[Genesis] [06:55:37] [INFO] Running at [38;5;121m67.50[0m[38;5;159m FPS ([38;5;121m67.50[0m[38;5;159m FPS per env, [38;5;121m1[0m[38;5;159m envs).[0m
[38;5;159m[Genesis] [06:55:37] [INFO] Running at [38;5;121m67.41[0m[38;5;159m FPS ([38;5;121m67.41[0m[38;5;159m FPS per env, [38;5;121m1[0m[38;5;159m envs).[0m
[38;5;159m[Genesis] [06:55:37] [INFO] Running at [38;5;121m67.38[0m[38;5;159m FPS ([38;5;121m67.38[0m[38;5;159m FPS per env, [38;5;121m1[0m[38;5;159m envs).[0m
[38;5;159m[Genesis] [06:55:38] [INFO] Running at [38;5;121m67.07[0m[38;5;159m FPS ([38;5;121m67.07[0m[38;5;159m FPS per env, [38;5;121m1[0m[38;5;159m envs).[0m
[38;5;159m[Genesis] [06:55:38] [INFO] Running at [38;5;121m67.04[0m[38;5;159m FPS ([38;5;121m67.04[0m[38;5;159m FPS per env, [38;5;121m1[0m[38;5;159m envs).[0m
[38;5;159m[Genesis] [06:55:38] [INFO] Running at [38;5;121m50.67[0m[38;5;159m FPS ([38;5;121m50.67[0m[38;5;159m FPS per env, [38;5;121m1[0m[38;5;159m envs).[0m
[38;5;159m[Genesis] [06:55:38] [INFO] Running at [38;5;121m67.57[0m[38;5;159m FPS ([38;5;121m67.57[0m[38;5;159m FPS per env, [38;5;121m1[0m[38;5;159m envs).[0m
[38;5;159m[Genesis] [06:55:38] [INFO] Running at [38;5;121m67.25[0m[38;5;159m FPS ([38;5;121m67.25[0m[38;5;159m FPS per env, [38;5;121m1[0m[38;5;159m envs).[0m
[38;5;159m[Genesis] [06:55:38] [INFO] Running at [38;5;121m67.17[0m[38;5;159m FPS ([38;5;121m67.17[0m[38;5;159m FPS per env, [38;5;121m1[0m[38;5;159m envs).[0m
[38;5;159m[Genesis] [06:55:38] [INFO] Running at [38;5;121m66.91[0m[38;5;159m FPS ([38;5;121m66.91[0m[38;5;159m FPS per env, [38;5;121m1[0m[38;5;159m envs).[0m
[38;5;159m[Genesis] [06:55:38] [INFO] Running at [38;5;121m66.74[0m[38;5;159m FPS ([38;5;121m66.74[0m[38;5;159m FPS per env, [38;5;121m1[0m[38;5;159m envs).[0m
[38;5;159m[Genesis] [06:55:38] [INFO] Running at [38;5;121m66.64[0m[38;5;159m FPS ([38;5;121m66.64[0m[38;5;159m FPS per env, [38;5;121m1[0m[38;5;159m envs).[0m
[38;5;159m[Genesis] [06:55:38] [INFO] Running at [38;5;121m66.72[0m[38;5;159m FPS ([38;5;121m66.72[0m[38;5;159m FPS per env, [38;5;121m1[0m[38;5;159m envs).[0m
[38;5;159m[Genesis] [06:55:38] [INFO] Running at [38;5;121m66.64[0m[38;5;159m FPS ([38;5;121m66.64[0m[38;5;159m FPS per env, [38;5;121m1[0m[38;5;159m envs).[0m
[38;5;159m[Genesis] [06:55:38] [INFO] Running at [38;5;121m66.34[0m[38;5;159m FPS ([38;5;121m66.34[0m[38;5;159m FPS per env, [38;5;121m1[0m[38;5;159m envs).[0m
[38;5;159m[Genesis] [06:55:38] [INFO] Running at [38;5;121m66.14[0m[38;5;159m FPS ([38;5;121m66.14[0m[38;5;159m FPS per env, [38;5;121m1[0m[38;5;159m envs).[0m
[38;5;159m[Genesis] [06:55:38] [INFO] Running at [38;5;121m65.91[0m[38;5;159m FPS ([38;5;121m65.91[0m[38;5;159m FPS per env, [38;5;121m1[0m[38;5;159m envs).[0m
[38;5;159m[Genesis] [06:55:38] [INFO] Running at [38;5;121m65.87[0m[38;5;159m FPS ([38;5;121m65.87[0m[38;5;159m FPS per env, [38;5;121m1[0m[38;5;159m envs).[0m
[38;5;159m[Genesis] [06:55:38] [INFO] Running at [38;5;121m66.00[0m[38;5;159m FPS ([38;5;121m66.00[0m[38;5;159m FPS per env, [38;5;121m1[0m[38;5;159m envs).[0m
[38;5;159m[Genesis] [06:55:38] [INFO] Running at [38;5;121m49.94[0m[38;5;159m FPS ([38;5;121m49.94[0m[38;5;159m FPS per env, [38;5;121m1[0m[38;5;159m envs).[0m
[38;5;159m[Genesis] [06:55:39] [INFO] Running at [38;5;121m66.57[0m[38;5;159m FPS ([38;5;121m66.57[0m[38;5;159m FPS per env, [38;5;121m1[0m[38;5;159m envs).[0m
[38;5;159m[Genesis] [06:55:39] [INFO] Running at [38;5;121m66.00[0m[38;5;159m FPS ([38;5;121m66.00[0m[38;5;159m FPS per env, [38;5;121m1[0m[38;5;159m envs).[0m
[38;5;159m[Genesis] [06:55:39] [INFO] Running at [38;5;121m49.86[0m[38;5;159m FPS ([38;5;121m49.86[0m[38;5;159m FPS per env, [38;5;121m1[0m[38;5;159m envs).[0m
[38;5;159m[Genesis] [06:55:39] [INFO] Running at [38;5;121m66.32[0m[38;5;159m FPS ([38;5;121m66.32[0m[38;5;159m FPS per env, [38;5;121m1[0m[38;5;159m envs).[0m
[38;5;159m[Genesis] [06:55:39] [INFO] Running at [38;5;121m50.02[0m[38;5;159m FPS ([38;5;121m50.02[0m[38;5;159m FPS per env, [38;5;121m1[0m[38;5;159m envs).[0m
[38;5;159m[Genesis] [06:55:39] [INFO] Running at [38;5;121m66.69[0m[38;5;159m FPS ([38;5;121m66.69[0m[38;5;159m FPS per env, [38;5;121m1[0m[38;5;159m envs).[0m
[38;5;159m[Genesis] [06:55:39] [INFO] Running at [38;5;121m66.22[0m[38;5;159m FPS ([38;5;121m66.22[0m[38;5;159m FPS per env, [38;5;121m1[0m[38;5;159m envs).[0m
[38;5;159m[Genesis] [06:55:39] [INFO] Running at [38;5;121m66.04[0m[38;5;159m FPS ([38;5;121m66.04[0m[38;5;159m FPS per env, [38;5;121m1[0m[38;5;159m envs).[0m
[38;5;159m[Genesis] [06:55:39] [INFO] Running at [38;5;121m49.78[0m[38;5;159m FPS ([38;5;121m49.78[0m[38;5;159m FPS per env, [38;5;121m1[0m[38;5;159m envs).[0m
[38;5;159m[Genesis] [06:55:39] [INFO] Running at [38;5;121m50.18[0m[38;5;159m FPS ([38;5;121m50.18[0m[38;5;159m FPS per env, [38;5;121m1[0m[38;5;159m envs).[0m
[38;5;159m[Genesis] [06:55:39] [INFO] Running at [38;5;121m50.59[0m[38;5;159m FPS ([38;5;121m50.59[0m[38;5;159m FPS per env, [38;5;121m1[0m[38;5;159m envs).[0m
[38;5;159m[Genesis] [06:55:39] [INFO] Running at [38;5;121m50.75[0m[38;5;159m FPS ([38;5;121m50.75[0m[38;5;159m FPS per env, [38;5;121m1[0m[38;5;159m envs).[0m
[38;5;159m[Genesis] [06:55:39] [INFO] Running at [38;5;121m51.09[0m[38;5;159m FPS ([38;5;121m51.09[0m[38;5;159m FPS per env, [38;5;121m1[0m[38;5;159m envs).[0m
[38;5;159m[Genesis] [06:55:39] [INFO] Running at [38;5;121m51.22[0m[38;5;159m FPS ([38;5;121m51.22[0m[38;5;159m FPS per env, [38;5;121m1[0m[38;5;159m envs).[0m
[38;5;159m[Genesis] [06:55:39] [INFO] Running at [38;5;121m51.56[0m[38;5;159m FPS ([38;5;121m51.56[0m[38;5;159m FPS per env, [38;5;121m1[0m[38;5;159m envs).[0m
[38;5;159m[Genesis] [06:55:39] [INFO] Running at [38;5;121m68.67[0m[38;5;159m FPS ([38;5;121m68.67[0m[38;5;159m FPS per env, [38;5;121m1[0m[38;5;159m envs).[0m
[38;5;159m[Genesis] [06:55:39] [INFO] Running at [38;5;121m68.21[0m[38;5;159m FPS ([38;5;121m68.21[0m[38;5;159m FPS per env, [38;5;121m1[0m[38;5;159m envs).[0m
[38;5;159m[Genesis] [06:55:40] [INFO] Running at [38;5;121m67.84[0m[38;5;159m FPS ([38;5;121m67.84[0m[38;5;159m FPS per env, [38;5;121m1[0m[38;5;159m envs).[0m
[38;5;159m[Genesis] [06:55:40] [INFO] Running at [38;5;121m51.17[0m[38;5;159m FPS ([38;5;121m51.17[0m[38;5;159m FPS per env, [38;5;121m1[0m[38;5;159m envs).[0m
[38;5;159m[Genesis] [06:55:40] [INFO] Running at [38;5;121m51.52[0m[38;5;159m FPS ([38;5;121m51.52[0m[38;5;159m FPS per env, [38;5;121m1[0m[38;5;159m envs).[0m
[38;5;159m[Genesis] [06:55:40] [INFO] Running at [38;5;121m51.82[0m[38;5;159m FPS ([38;5;121m51.82[0m[38;5;159m FPS per env, [38;5;121m1[0m[38;5;159m envs).[0m
[38;5;159m[Genesis] [06:55:40] [INFO] Running at [38;5;121m52.02[0m[38;5;159m FPS ([38;5;121m52.02[0m[38;5;159m FPS per env, [38;5;121m1[0m[38;5;159m envs).[0m
[38;5;159m[Genesis] [06:55:40] [INFO] Running at [38;5;121m52.09[0m[38;5;159m FPS ([38;5;121m52.09[0m[38;5;159m FPS per env, [38;5;121m1[0m[38;5;159m envs).[0m
[38;5;159m[Genesis] [06:55:40] [INFO] Running at [38;5;121m52.14[0m[38;5;159m FPS ([38;5;121m52.14[0m[38;5;159m FPS per env, [38;5;121m1[0m[38;5;159m envs).[0m
[38;5;159m[Genesis] [06:55:40] [INFO] Running at [38;5;121m52.34[0m[38;5;159m FPS ([38;5;121m52.34[0m[38;5;159m FPS per env, [38;5;121m1[0m[38;5;159m envs).[0m
[38;5;159m[Genesis] [06:55:40] [INFO] Running at [38;5;121m52.51[0m[38;5;159m FPS ([38;5;121m52.51[0m[38;5;159m FPS per env, [38;5;121m1[0m[38;5;159m envs).[0m
[38;5;159m[Genesis] [06:55:40] [INFO] Running at [38;5;121m52.77[0m[38;5;159m FPS ([38;5;121m52.77[0m[38;5;159m FPS per env, [38;5;121m1[0m[38;5;159m envs).[0m
[38;5;159m[Genesis] [06:55:40] [INFO] Running at [38;5;121m69.97[0m[38;5;159m FPS ([38;5;121m69.97[0m[38;5;159m FPS per env, [38;5;121m1[0m[38;5;159m envs).[0m
[38;5;159m[Genesis] [06:55:40] [INFO] Running at [38;5;121m69.67[0m[38;5;159m FPS ([38;5;121m69.67[0m[38;5;159m FPS per env, [38;5;121m1[0m[38;5;159m envs).[0m
[38;5;159m[Genesis] [06:55:40] [INFO] Running at [38;5;121m69.36[0m[38;5;159m FPS ([38;5;121m69.36[0m[38;5;159m FPS per env, [38;5;121m1[0m[38;5;159m envs).[0m
[38;5;159m[Genesis] [06:55:40] [INFO] Running at [38;5;121m69.15[0m[38;5;159m FPS ([38;5;121m69.15[0m[38;5;159m FPS per env, [38;5;121m1[0m[38;5;159m envs).[0m
[38;5;159m[Genesis] [06:55:40] [INFO] Running at [38;5;121m68.94[0m[38;5;159m FPS ([38;5;121m68.94[0m[38;5;159m FPS per env, [38;5;121m1[0m[38;5;159m envs).[0m
[38;5;159m[Genesis] [06:55:40] [INFO] Running at [38;5;121m68.67[0m[38;5;159m FPS ([38;5;121m68.67[0m[38;5;159m FPS per env, [38;5;121m1[0m[38;5;159m envs).[0m
[38;5;159m[Genesis] [06:55:40] [INFO] Running at [38;5;121m68.42[0m[38;5;159m FPS ([38;5;121m68.42[0m[38;5;159m FPS per env, [38;5;121m1[0m[38;5;159m envs).[0m
[38;5;159m[Genesis] [06:55:41] [INFO] Running at [38;5;121m68.14[0m[38;5;159m FPS ([38;5;121m68.14[0m[38;5;159m FPS per env, [38;5;121m1[0m[38;5;159m envs).[0m
[38;5;159m[Genesis] [06:55:41] [INFO] Running at [38;5;121m68.14[0m[38;5;159m FPS ([38;5;121m68.14[0m[38;5;159m FPS per env, [38;5;121m1[0m[38;5;159m envs).[0m
[38;5;159m[Genesis] [06:55:41] [INFO] Running at [38;5;121m51.37[0m[38;5;159m FPS ([38;5;121m51.37[0m[38;5;159m FPS per env, [38;5;121m1[0m[38;5;159m envs).[0m
[38;5;159m[Genesis] [06:55:41] [INFO] Running at [38;5;121m68.30[0m[38;5;159m FPS ([38;5;121m68.30[0m[38;5;159m FPS per env, [38;5;121m1[0m[38;5;159m envs).[0m
[38;5;159m[Genesis] [06:55:41] [INFO] Running at [38;5;121m67.92[0m[38;5;159m FPS ([38;5;121m67.92[0m[38;5;159m FPS per env, [38;5;121m1[0m[38;5;159m envs).[0m
[38;5;159m[Genesis] [06:55:41] [INFO] Running at [38;5;121m67.85[0m[38;5;159m FPS ([38;5;121m67.85[0m[38;5;159m FPS per env, [38;5;121m1[0m[38;5;159m envs).[0m
[38;5;159m[Genesis] [06:55:41] [INFO] Running at [38;5;121m67.72[0m[38;5;159m FPS ([38;5;121m67.72[0m[38;5;159m FPS per env, [38;5;121m1[0m[38;5;159m envs).[0m
[38;5;159m[Genesis] [06:55:41] [INFO] Running at [38;5;121m67.73[0m[38;5;159m FPS ([38;5;121m67.73[0m[38;5;159m FPS per env, [38;5;121m1[0m[38;5;159m envs).[0m
[38;5;159m[Genesis] [06:55:41] [INFO] Running at [38;5;121m67.56[0m[38;5;159m FPS ([38;5;121m67.56[0m[38;5;159m FPS per env, [38;5;121m1[0m[38;5;159m envs).[0m
[38;5;159m[Genesis] [06:55:41] [INFO] Running at [38;5;121m50.93[0m[38;5;159m FPS ([38;5;121m50.93[0m[38;5;159m FPS per env, [38;5;121m1[0m[38;5;159m envs).[0m
[38;5;159m[Genesis] [06:55:41] [INFO] Running at [38;5;121m67.67[0m[38;5;159m FPS ([38;5;121m67.67[0m[38;5;159m FPS per env, [38;5;121m1[0m[38;5;159m envs).[0m
[38;5;159m[Genesis] [06:55:41] [INFO] Running at [38;5;121m67.48[0m[38;5;159m FPS ([38;5;121m67.48[0m[38;5;159m FPS per env, [38;5;121m1[0m[38;5;159m envs).[0m
[38;5;159m[Genesis] [06:55:41] [INFO] Running at [38;5;121m67.45[0m[38;5;159m FPS ([38;5;121m67.45[0m[38;5;159m FPS per env, [38;5;121m1[0m[38;5;159m envs).[0m
[38;5;159m[Genesis] [06:55:41] [INFO] Running at [38;5;121m67.40[0m[38;5;159m FPS ([38;5;121m67.40[0m[38;5;159m FPS per env, [38;5;121m1[0m[38;5;159m envs).[0m
[38;5;159m[Genesis] [06:55:41] [INFO] Running at [38;5;121m67.05[0m[38;5;159m FPS ([38;5;121m67.05[0m[38;5;159m FPS per env, [38;5;121m1[0m[38;5;159m envs).[0m
[38;5;159m[Genesis] [06:55:41] [INFO] Running at [38;5;121m67.02[0m[38;5;159m FPS ([38;5;121m67.02[0m[38;5;159m FPS per env, [38;5;121m1[0m[38;5;159m envs).[0m
[38;5;159m[Genesis] [06:55:41] [INFO] Running at [38;5;121m66.65[0m[38;5;159m FPS ([38;5;121m66.65[0m[38;5;159m FPS per env, [38;5;121m1[0m[38;5;159m envs).[0m
[38;5;159m[Genesis] [06:55:42] [INFO] Running at [38;5;121m66.61[0m[38;5;159m FPS ([38;5;121m66.61[0m[38;5;159m FPS per env, [38;5;121m1[0m[38;5;159m envs).[0m
[38;5;159m[Genesis] [06:55:42] [INFO] Running at [38;5;121m66.24[0m[38;5;159m FPS ([38;5;121m66.24[0m[38;5;159m FPS per env, [38;5;121m1[0m[38;5;159m envs).[0m
[38;5;159m[Genesis] [06:55:42] [INFO] Running at [38;5;121m66.32[0m[38;5;159m FPS ([38;5;121m66.32[0m[38;5;159m FPS per env, [38;5;121m1[0m[38;5;159m envs).[0m
[38;5;159m[Genesis] [06:55:42] [INFO] Running at [38;5;121m66.24[0m[38;5;159m FPS ([38;5;121m66.24[0m[38;5;159m FPS per env, [38;5;121m1[0m[38;5;159m envs).[0m
[38;5;159m[Genesis] [06:55:42] [INFO] Running at [38;5;121m49.95[0m[38;5;159m FPS ([38;5;121m49.95[0m[38;5;159m FPS per env, [38;5;121m1[0m[38;5;159m envs).[0m
[38;5;159m[Genesis] [06:55:42] [INFO] Running at [38;5;121m50.34[0m[38;5;159m FPS ([38;5;121m50.34[0m[38;5;159m FPS per env, [38;5;121m1[0m[38;5;159m envs).[0m
[38;5;159m[Genesis] [06:55:42] [INFO] Running at [38;5;121m50.64[0m[38;5;159m FPS ([38;5;121m50.64[0m[38;5;159m FPS per env, [38;5;121m1[0m[38;5;159m envs).[0m
[38;5;159m[Genesis] [06:55:42] [INFO] Running at [38;5;121m50.90[0m[38;5;159m FPS ([38;5;121m50.90[0m[38;5;159m FPS per env, [38;5;121m1[0m[38;5;159m envs).[0m
[38;5;159m[Genesis] [06:55:42] [INFO] Running at [38;5;121m51.13[0m[38;5;159m FPS ([38;5;121m51.13[0m[38;5;159m FPS per env, [38;5;121m1[0m[38;5;159m envs).[0m
[38;5;159m[Genesis] [06:55:42] [INFO] Running at [38;5;121m51.22[0m[38;5;159m FPS ([38;5;121m51.22[0m[38;5;159m FPS per env, [38;5;121m1[0m[38;5;159m envs).[0m
[38;5;159m[Genesis] [06:55:42] [INFO] Running at [38;5;121m68.28[0m[38;5;159m FPS ([38;5;121m68.28[0m[38;5;159m FPS per env, [38;5;121m1[0m[38;5;159m envs).[0m
[38;5;159m[Genesis] [06:55:42] [INFO] Running at [38;5;121m68.19[0m[38;5;159m FPS ([38;5;121m68.19[0m[38;5;159m FPS per env, [38;5;121m1[0m[38;5;159m envs).[0m
[38;5;159m[Genesis] [06:55:42] [INFO] Running at [38;5;121m68.26[0m[38;5;159m FPS ([38;5;121m68.26[0m[38;5;159m FPS per env, [38;5;121m1[0m[38;5;159m envs).[0m
[38;5;159m[Genesis] [06:55:42] [INFO] Running at [38;5;121m68.23[0m[38;5;159m FPS ([38;5;121m68.23[0m[38;5;159m FPS per env, [38;5;121m1[0m[38;5;159m envs).[0m
[38;5;159m[Genesis] [06:55:42] [INFO] Running at [38;5;121m67.80[0m[38;5;159m FPS ([38;5;121m67.80[0m[38;5;159m FPS per env, [38;5;121m1[0m[38;5;159m envs).[0m
[38;5;159m[Genesis] [06:55:42] [INFO] Running at [38;5;121m51.15[0m[38;5;159m FPS ([38;5;121m51.15[0m[38;5;159m FPS per env, [38;5;121m1[0m[38;5;159m envs).[0m
[38;5;159m[Genesis] [06:55:42] [INFO] Running at [38;5;121m51.53[0m[38;5;159m FPS ([38;5;121m51.53[0m[38;5;159m FPS per env, [38;5;121m1[0m[38;5;159m envs).[0m
[38;5;159m[Genesis] [06:55:43] [INFO] Running at [38;5;121m51.77[0m[38;5;159m FPS ([38;5;121m51.77[0m[38;5;159m FPS per env, [38;5;121m1[0m[38;5;159m envs).[0m
[38;5;159m[Genesis] [06:55:43] [INFO] Running at [38;5;121m52.13[0m[38;5;159m FPS ([38;5;121m52.13[0m[38;5;159m FPS per env, [38;5;121m1[0m[38;5;159m envs).[0m
[38;5;159m[Genesis] [06:55:43] [INFO] Running at [38;5;121m52.38[0m[38;5;159m FPS ([38;5;121m52.38[0m[38;5;159m FPS per env, [38;5;121m1[0m[38;5;159m envs).[0m
[38;5;159m[Genesis] [06:55:43] [INFO] Running at [38;5;121m52.59[0m[38;5;159m FPS ([38;5;121m52.59[0m[38;5;159m FPS per env, [38;5;121m1[0m[38;5;159m envs).[0m
[38;5;159m[Genesis] [06:55:43] [INFO] Running at [38;5;121m52.84[0m[38;5;159m FPS ([38;5;121m52.84[0m[38;5;159m FPS per env, [38;5;121m1[0m[38;5;159m envs).[0m
[38;5;159m[Genesis] [06:55:43] [INFO] Running at [38;5;121m52.94[0m[38;5;159m FPS ([38;5;121m52.94[0m[38;5;159m FPS per env, [38;5;121m1[0m[38;5;159m envs).[0m
[38;5;159m[Genesis] [06:55:43] [INFO] Running at [38;5;121m53.21[0m[38;5;159m FPS ([38;5;121m53.21[0m[38;5;159m FPS per env, [38;5;121m1[0m[38;5;159m envs).[0m
[38;5;159m[Genesis] [06:55:43] [INFO] Running at [38;5;121m53.50[0m[38;5;159m FPS ([38;5;121m53.50[0m[38;5;159m FPS per env, [38;5;121m1[0m[38;5;159m envs).[0m
[38;5;159m[Genesis] [06:55:43] [INFO] Running at [38;5;121m53.73[0m[38;5;159m FPS ([38;5;121m53.73[0m[38;5;159m FPS per env, [38;5;121m1[0m[38;5;159m envs).[0m
[38;5;159m[Genesis] [06:55:43] [INFO] Running at [38;5;121m71.50[0m[38;5;159m FPS ([38;5;121m71.50[0m[38;5;159m FPS per env, [38;5;121m1[0m[38;5;159m envs).[0m
[38;5;159m[Genesis] [06:55:43] [INFO] Running at [38;5;121m71.21[0m[38;5;159m FPS ([38;5;121m71.21[0m[38;5;159m FPS per env, [38;5;121m1[0m[38;5;159m envs).[0m
[38;5;159m[Genesis] [06:55:43] [INFO] Running at [38;5;121m71.18[0m[38;5;159m FPS ([38;5;121m71.18[0m[38;5;159m FPS per env, [38;5;121m1[0m[38;5;159m envs).[0m
[38;5;159m[Genesis] [06:55:43] [INFO] Running at [38;5;121m70.95[0m[38;5;159m FPS ([38;5;121m70.95[0m[38;5;159m FPS per env, [38;5;121m1[0m[38;5;159m envs).[0m
[38;5;159m[Genesis] [06:55:43] [INFO] Running at [38;5;121m70.55[0m[38;5;159m FPS ([38;5;121m70.55[0m[38;5;159m FPS per env, [38;5;121m1[0m[38;5;159m envs).[0m
[38;5;159m[Genesis] [06:55:43] [INFO] Running at [38;5;121m70.26[0m[38;5;159m FPS ([38;5;121m70.26[0m[38;5;159m FPS per env, [38;5;121m1[0m[38;5;159m envs).[0m
[38;5;159m[Genesis] [06:55:43] [INFO] Running at [38;5;121m70.23[0m[38;5;159m FPS ([38;5;121m70.23[0m[38;5;159m FPS per env, [38;5;121m1[0m[38;5;159m envs).[0m
[38;5;159m[Genesis] [06:55:43] [INFO] Running at [38;5;121m69.80[0m[38;5;159m FPS ([38;5;121m69.80[0m[38;5;159m FPS per env, [38;5;121m1[0m[38;5;159m envs).[0m
[38;5;159m[Genesis] [06:55:43] [INFO] Running at [38;5;121m69.82[0m[38;5;159m FPS ([38;5;121m69.82[0m[38;5;159m FPS per env, [38;5;121m1[0m[38;5;159m envs).[0m
[38;5;159m[Genesis] [06:55:44] [INFO] Running at [38;5;121m52.63[0m[38;5;159m FPS ([38;5;121m52.63[0m[38;5;159m FPS per env, [38;5;121m1[0m[38;5;159m envs).[0m
[38;5;159m[Genesis] [06:55:44] [INFO] Running at [38;5;121m70.20[0m[38;5;159m FPS ([38;5;121m70.20[0m[38;5;159m FPS per env, [38;5;121m1[0m[38;5;159m envs).[0m
[38;5;159m[Genesis] [06:55:44] [INFO] Running at [38;5;121m70.07[0m[38;5;159m FPS ([38;5;121m70.07[0m[38;5;159m FPS per env, [38;5;121m1[0m[38;5;159m envs).[0m
[38;5;159m[Genesis] [06:55:44] [INFO] Running at [38;5;121m70.14[0m[38;5;159m FPS ([38;5;121m70.14[0m[38;5;159m FPS per env, [38;5;121m1[0m[38;5;159m envs).[0m
[38;5;159m[Genesis] [06:55:44] [INFO] Running at [38;5;121m70.02[0m[38;5;159m FPS ([38;5;121m70.02[0m[38;5;159m FPS per env, [38;5;121m1[0m[38;5;159m envs).[0m
[38;5;159m[Genesis] [06:55:44] [INFO] Running at [38;5;121m70.05[0m[38;5;159m FPS ([38;5;121m70.05[0m[38;5;159m FPS per env, [38;5;121m1[0m[38;5;159m envs).[0m
[38;5;159m[Genesis] [06:55:44] [INFO] Running at [38;5;121m69.92[0m[38;5;159m FPS ([38;5;121m69.92[0m[38;5;159m FPS per env, [38;5;121m1[0m[38;5;159m envs).[0m
[38;5;159m[Genesis] [06:55:44] [INFO] Running at [38;5;121m69.66[0m[38;5;159m FPS ([38;5;121m69.66[0m[38;5;159m FPS per env, [38;5;121m1[0m[38;5;159m envs).[0m
[38;5;159m[Genesis] [06:55:44] [INFO] Running at [38;5;121m69.61[0m[38;5;159m FPS ([38;5;121m69.61[0m[38;5;159m FPS per env, [38;5;121m1[0m[38;5;159m envs).[0m
[38;5;159m[Genesis] [06:55:44] [INFO] Running at [38;5;121m69.24[0m[38;5;159m FPS ([38;5;121m69.24[0m[38;5;159m FPS per env, [38;5;121m1[0m[38;5;159m envs).[0m
[38;5;159m[Genesis] [06:55:44] [INFO] Running at [38;5;121m68.73[0m[38;5;159m FPS ([38;5;121m68.73[0m[38;5;159m FPS per env, [38;5;121m1[0m[38;5;159m envs).[0m
[38;5;159m[Genesis] [06:55:44] [INFO] Running at [38;5;121m68.19[0m[38;5;159m FPS ([38;5;121m68.19[0m[38;5;159m FPS per env, [38;5;121m1[0m[38;5;159m envs).[0m
[38;5;159m[Genesis] [06:55:44] [INFO] Running at [38;5;121m51.41[0m[38;5;159m FPS ([38;5;121m51.41[0m[38;5;159m FPS per env, [38;5;121m1[0m[38;5;159m envs).[0m
[38;5;159m[Genesis] [06:55:44] [INFO] Running at [38;5;121m68.23[0m[38;5;159m FPS ([38;5;121m68.23[0m[38;5;159m FPS per env, [38;5;121m1[0m[38;5;159m envs).[0m
[38;5;159m[Genesis] [06:55:44] [INFO] Running at [38;5;121m51.34[0m[38;5;159m FPS ([38;5;121m51.34[0m[38;5;159m FPS per env, [38;5;121m1[0m[38;5;159m envs).[0m
[38;5;159m[Genesis] [06:55:44] [INFO] Running at [38;5;121m68.35[0m[38;5;159m FPS ([38;5;121m68.35[0m[38;5;159m FPS per env, [38;5;121m1[0m[38;5;159m envs).[0m
[38;5;159m[Genesis] [06:55:44] [INFO] Running at [38;5;121m51.62[0m[38;5;159m FPS ([38;5;121m51.62[0m[38;5;159m FPS per env, [38;5;121m1[0m[38;5;159m envs).[0m
[38;5;159m[Genesis] [06:55:45] [INFO] Running at [38;5;121m68.32[0m[38;5;159m FPS ([38;5;121m68.32[0m[38;5;159m FPS per env, [38;5;121m1[0m[38;5;159m envs).[0m
[38;5;159m[Genesis] [06:55:45] [INFO] Running at [38;5;121m51.47[0m[38;5;159m FPS ([38;5;121m51.47[0m[38;5;159m FPS per env, [38;5;121m1[0m[38;5;159m envs).[0m
[38;5;159m[Genesis] [06:55:45] [INFO] Running at [38;5;121m68.25[0m[38;5;159m FPS ([38;5;121m68.25[0m[38;5;159m FPS per env, [38;5;121m1[0m[38;5;159m envs).[0m
[38;5;159m[Genesis] [06:55:45] [INFO] Running at [38;5;121m68.24[0m[38;5;159m FPS ([38;5;121m68.24[0m[38;5;159m FPS per env, [38;5;121m1[0m[38;5;159m envs).[0m
[38;5;159m[Genesis] [06:55:45] [INFO] Running at [38;5;121m67.80[0m[38;5;159m FPS ([38;5;121m67.80[0m[38;5;159m FPS per env, [38;5;121m1[0m[38;5;159m envs).[0m
[38;5;159m[Genesis] [06:55:45] [INFO] Running at [38;5;121m67.59[0m[38;5;159m FPS ([38;5;121m67.59[0m[38;5;159m FPS per env, [38;5;121m1[0m[38;5;159m envs).[0m
[38;5;159m[Genesis] [06:55:45] [INFO] Running at [38;5;121m67.37[0m[38;5;159m FPS ([38;5;121m67.37[0m[38;5;159m FPS per env, [38;5;121m1[0m[38;5;159m envs).[0m
[38;5;159m[Genesis] [06:55:45] [INFO] Running at [38;5;121m50.89[0m[38;5;159m FPS ([38;5;121m50.89[0m[38;5;159m FPS per env, [38;5;121m1[0m[38;5;159m envs).[0m
[38;5;159m[Genesis] [06:55:45] [INFO] Running at [38;5;121m67.73[0m[38;5;159m FPS ([38;5;121m67.73[0m[38;5;159m FPS per env, [38;5;121m1[0m[38;5;159m envs).[0m
[38;5;159m[Genesis] [06:55:45] [INFO] Running at [38;5;121m67.57[0m[38;5;159m FPS ([38;5;121m67.57[0m[38;5;159m FPS per env, [38;5;121m1[0m[38;5;159m envs).[0m
[38;5;159m[Genesis] [06:55:45] [INFO] Running at [38;5;121m67.48[0m[38;5;159m FPS ([38;5;121m67.48[0m[38;5;159m FPS per env, [38;5;121m1[0m[38;5;159m envs).[0m
[38;5;159m[Genesis] [06:55:45] [INFO] Running at [38;5;121m67.13[0m[38;5;159m FPS ([38;5;121m67.13[0m[38;5;159m FPS per env, [38;5;121m1[0m[38;5;159m envs).[0m
[38;5;159m[Genesis] [06:55:45] [INFO] Running at [38;5;121m67.17[0m[38;5;159m FPS ([38;5;121m67.17[0m[38;5;159m FPS per env, [38;5;121m1[0m[38;5;159m envs).[0m
[38;5;159m[Genesis] [06:55:45] [INFO] Running at [38;5;121m67.01[0m[38;5;159m FPS ([38;5;121m67.01[0m[38;5;159m FPS per env, [38;5;121m1[0m[38;5;159m envs).[0m
[38;5;159m[Genesis] [06:55:45] [INFO] Running at [38;5;121m66.96[0m[38;5;159m FPS ([38;5;121m66.96[0m[38;5;159m FPS per env, [38;5;121m1[0m[38;5;159m envs).[0m
[38;5;159m[Genesis] [06:55:45] [INFO] Running at [38;5;121m66.92[0m[38;5;159m FPS ([38;5;121m66.92[0m[38;5;159m FPS per env, [38;5;121m1[0m[38;5;159m envs).[0m
[38;5;159m[Genesis] [06:55:46] [INFO] Running at [38;5;121m66.69[0m[38;5;159m FPS ([38;5;121m66.69[0m[38;5;159m FPS per env, [38;5;121m1[0m[38;5;159m envs).[0m
[38;5;159m[Genesis] [06:55:46] [INFO] Running at [38;5;121m66.64[0m[38;5;159m FPS ([38;5;121m66.64[0m[38;5;159m FPS per env, [38;5;121m1[0m[38;5;159m envs).[0m
[38;5;159m[Genesis] [06:55:46] [INFO] Running at [38;5;121m66.56[0m[38;5;159m FPS ([38;5;121m66.56[0m[38;5;159m FPS per env, [38;5;121m1[0m[38;5;159m envs).[0m
[38;5;159m[Genesis] [06:55:46] [INFO] Running at [38;5;121m66.45[0m[38;5;159m FPS ([38;5;121m66.45[0m[38;5;159m FPS per env, [38;5;121m1[0m[38;5;159m envs).[0m
[38;5;159m[Genesis] [06:55:46] [INFO] Running at [38;5;121m66.41[0m[38;5;159m FPS ([38;5;121m66.41[0m[38;5;159m FPS per env, [38;5;121m1[0m[38;5;159m envs).[0m
[38;5;159m[Genesis] [06:55:46] [INFO] Running at [38;5;121m49.99[0m[38;5;159m FPS ([38;5;121m49.99[0m[38;5;159m FPS per env, [38;5;121m1[0m[38;5;159m envs).[0m
[38;5;159m[Genesis] [06:55:46] [INFO] Running at [38;5;121m66.39[0m[38;5;159m FPS ([38;5;121m66.39[0m[38;5;159m FPS per env, [38;5;121m1[0m[38;5;159m envs).[0m
[38;5;159m[Genesis] [06:55:46] [INFO] Running at [38;5;121m50.11[0m[38;5;159m FPS ([38;5;121m50.11[0m[38;5;159m FPS per env, [38;5;121m1[0m[38;5;159m envs).[0m
[38;5;159m[Genesis] [06:55:46] [INFO] Running at [38;5;121m50.46[0m[38;5;159m FPS ([38;5;121m50.46[0m[38;5;159m FPS per env, [38;5;121m1[0m[38;5;159m envs).[0m
[38;5;159m[Genesis] [06:55:46] [INFO] Running at [38;5;121m50.78[0m[38;5;159m FPS ([38;5;121m50.78[0m[38;5;159m FPS per env, [38;5;121m1[0m[38;5;159m envs).[0m
[38;5;159m[Genesis] [06:55:46] [INFO] Running at [38;5;121m50.92[0m[38;5;159m FPS ([38;5;121m50.92[0m[38;5;159m FPS per env, [38;5;121m1[0m[38;5;159m envs).[0m
[38;5;159m[Genesis] [06:55:46] [INFO] Running at [38;5;121m67.75[0m[38;5;159m FPS ([38;5;121m67.75[0m[38;5;159m FPS per env, [38;5;121m1[0m[38;5;159m envs).[0m
[38;5;159m[Genesis] [06:55:46] [INFO] Running at [38;5;121m67.63[0m[38;5;159m FPS ([38;5;121m67.63[0m[38;5;159m FPS per env, [38;5;121m1[0m[38;5;159m envs).[0m
[38;5;159m[Genesis] [06:55:46] [INFO] Running at [38;5;121m67.67[0m[38;5;159m FPS ([38;5;121m67.67[0m[38;5;159m FPS per env, [38;5;121m1[0m[38;5;159m envs).[0m
[38;5;159m[Genesis] [06:55:46] [INFO] Running at [38;5;121m67.42[0m[38;5;159m FPS ([38;5;121m67.42[0m[38;5;159m FPS per env, [38;5;121m1[0m[38;5;159m envs).[0m
[38;5;159m[Genesis] [06:55:46] [INFO] Running at [38;5;121m67.04[0m[38;5;159m FPS ([38;5;121m67.04[0m[38;5;159m FPS per env, [38;5;121m1[0m[38;5;159m envs).[0m
[38;5;159m[Genesis] [06:55:46] [INFO] Running at [38;5;121m50.50[0m[38;5;159m FPS ([38;5;121m50.50[0m[38;5;159m FPS per env, [38;5;121m1[0m[38;5;159m envs).[0m
[38;5;159m[Genesis] [06:55:47] [INFO] Running at [38;5;121m50.83[0m[38;5;159m FPS ([38;5;121m50.83[0m[38;5;159m FPS per env, [38;5;121m1[0m[38;5;159m envs).[0m
[38;5;159m[Genesis] [06:55:47] [INFO] Running at [38;5;121m51.22[0m[38;5;159m FPS ([38;5;121m51.22[0m[38;5;159m FPS per env, [38;5;121m1[0m[38;5;159m envs).[0m
[38;5;159m[Genesis] [06:55:47] [INFO] Running at [38;5;121m68.25[0m[38;5;159m FPS ([38;5;121m68.25[0m[38;5;159m FPS per env, [38;5;121m1[0m[38;5;159m envs).[0m
[38;5;159m[Genesis] [06:55:47] [INFO] Running at [38;5;121m51.57[0m[38;5;159m FPS ([38;5;121m51.57[0m[38;5;159m FPS per env, [38;5;121m1[0m[38;5;159m envs).[0m
[38;5;159m[Genesis] [06:55:47] [INFO] Running at [38;5;121m68.54[0m[38;5;159m FPS ([38;5;121m68.54[0m[38;5;159m FPS per env, [38;5;121m1[0m[38;5;159m envs).[0m
[38;5;159m[Genesis] [06:55:47] [INFO] Running at [38;5;121m51.73[0m[38;5;159m FPS ([38;5;121m51.73[0m[38;5;159m FPS per env, [38;5;121m1[0m[38;5;159m envs).[0m
[38;5;159m[Genesis] [06:55:47] [INFO] Running at [38;5;121m68.93[0m[38;5;159m FPS ([38;5;121m68.93[0m[38;5;159m FPS per env, [38;5;121m1[0m[38;5;159m envs).[0m
[38;5;159m[Genesis] [06:55:47] [INFO] Running at [38;5;121m68.44[0m[38;5;159m FPS ([38;5;121m68.44[0m[38;5;159m FPS per env, [38;5;121m1[0m[38;5;159m envs).[0m
[38;5;159m[Genesis] [06:55:47] [INFO] Running at [38;5;121m68.36[0m[38;5;159m FPS ([38;5;121m68.36[0m[38;5;159m FPS per env, [38;5;121m1[0m[38;5;159m envs).[0m
[38;5;159m[Genesis] [06:55:47] [INFO] Running at [38;5;121m68.11[0m[38;5;159m FPS ([38;5;121m68.11[0m[38;5;159m FPS per env, [38;5;121m1[0m[38;5;159m envs).[0m
[38;5;159m[Genesis] [06:55:47] [INFO] Running at [38;5;121m68.08[0m[38;5;159m FPS ([38;5;121m68.08[0m[38;5;159m FPS per env, [38;5;121m1[0m[38;5;159m envs).[0m
[38;5;159m[Genesis] [06:55:47] [INFO] Running at [38;5;121m67.85[0m[38;5;159m FPS ([38;5;121m67.85[0m[38;5;159m FPS per env, [38;5;121m1[0m[38;5;159m envs).[0m
[38;5;159m[Genesis] [06:55:47] [INFO] Running at [38;5;121m67.60[0m[38;5;159m FPS ([38;5;121m67.60[0m[38;5;159m FPS per env, [38;5;121m1[0m[38;5;159m envs).[0m
[38;5;159m[Genesis] [06:55:47] [INFO] Running at [38;5;121m67.51[0m[38;5;159m FPS ([38;5;121m67.51[0m[38;5;159m FPS per env, [38;5;121m1[0m[38;5;159m envs).[0m
[38;5;159m[Genesis] [06:55:47] [INFO] Running at [38;5;121m67.44[0m[38;5;159m FPS ([38;5;121m67.44[0m[38;5;159m FPS per env, [38;5;121m1[0m[38;5;159m envs).[0m
[38;5;159m[Genesis] [06:55:47] [INFO] Running at [38;5;121m67.40[0m[38;5;159m FPS ([38;5;121m67.40[0m[38;5;159m FPS per env, [38;5;121m1[0m[38;5;159m envs).[0m
[38;5;159m[Genesis] [06:55:47] [INFO] Running at [38;5;121m67.29[0m[38;5;159m FPS ([38;5;121m67.29[0m[38;5;159m FPS per env, [38;5;121m1[0m[38;5;159m envs).[0m
[38;5;159m[Genesis] [06:55:48] [INFO] Running at [38;5;121m50.74[0m[38;5;159m FPS ([38;5;121m50.74[0m[38;5;159m FPS per env, [38;5;121m1[0m[38;5;159m envs).[0m
[38;5;159m[Genesis] [06:55:48] [INFO] Running at [38;5;121m67.20[0m[38;5;159m FPS ([38;5;121m67.20[0m[38;5;159m FPS per env, [38;5;121m1[0m[38;5;159m envs).[0m
[38;5;159m[Genesis] [06:55:48] [INFO] Running at [38;5;121m50.63[0m[38;5;159m FPS ([38;5;121m50.63[0m[38;5;159m FPS per env, [38;5;121m1[0m[38;5;159m envs).[0m
[38;5;159m[Genesis] [06:55:48] [INFO] Running at [38;5;121m50.99[0m[38;5;159m FPS ([38;5;121m50.99[0m[38;5;159m FPS per env, [38;5;121m1[0m[38;5;159m envs).[0m
[38;5;159m[Genesis] [06:55:48] [INFO] Running at [38;5;121m67.64[0m[38;5;159m FPS ([38;5;121m67.64[0m[38;5;159m FPS per env, [38;5;121m1[0m[38;5;159m envs).[0m
[38;5;159m[Genesis] [06:55:48] [INFO] Running at [38;5;121m67.32[0m[38;5;159m FPS ([38;5;121m67.32[0m[38;5;159m FPS per env, [38;5;121m1[0m[38;5;159m envs).[0m
[38;5;159m[Genesis] [06:55:48] [INFO] Running at [38;5;121m67.19[0m[38;5;159m FPS ([38;5;121m67.19[0m[38;5;159m FPS per env, [38;5;121m1[0m[38;5;159m envs).[0m
[38;5;159m[Genesis] [06:55:48] [INFO] Running at [38;5;121m67.24[0m[38;5;159m FPS ([38;5;121m67.24[0m[38;5;159m FPS per env, [38;5;121m1[0m[38;5;159m envs).[0m
[38;5;159m[Genesis] [06:55:48] [INFO] Running at [38;5;121m66.96[0m[38;5;159m FPS ([38;5;121m66.96[0m[38;5;159m FPS per env, [38;5;121m1[0m[38;5;159m envs).[0m
[38;5;159m[Genesis] [06:55:48] [INFO] Running at [38;5;121m66.77[0m[38;5;159m FPS ([38;5;121m66.77[0m[38;5;159m FPS per env, [38;5;121m1[0m[38;5;159m envs).[0m
[38;5;159m[Genesis] [06:55:48] [INFO] Running at [38;5;121m66.67[0m[38;5;159m FPS ([38;5;121m66.67[0m[38;5;159m FPS per env, [38;5;121m1[0m[38;5;159m envs).[0m
[38;5;159m[Genesis] [06:55:48] [INFO] Running at [38;5;121m66.70[0m[38;5;159m FPS ([38;5;121m66.70[0m[38;5;159m FPS per env, [38;5;121m1[0m[38;5;159m envs).[0m
[38;5;159m[Genesis] [06:55:48] [INFO] Running at [38;5;121m66.53[0m[38;5;159m FPS ([38;5;121m66.53[0m[38;5;159m FPS per env, [38;5;121m1[0m[38;5;159m envs).[0m
[38;5;159m[Genesis] [06:55:48] [INFO] Running at [38;5;121m66.56[0m[38;5;159m FPS ([38;5;121m66.56[0m[38;5;159m FPS per env, [38;5;121m1[0m[38;5;159m envs).[0m
[38;5;159m[Genesis] [06:55:48] [INFO] Running at [38;5;121m66.20[0m[38;5;159m FPS ([38;5;121m66.20[0m[38;5;159m FPS per env, [38;5;121m1[0m[38;5;159m envs).[0m
[38;5;159m[Genesis] [06:55:48] [INFO] Running at [38;5;121m66.26[0m[38;5;159m FPS ([38;5;121m66.26[0m[38;5;159m FPS per env, [38;5;121m1[0m[38;5;159m envs).[0m
[38;5;159m[Genesis] [06:55:48] [INFO] Running at [38;5;121m66.25[0m[38;5;159m FPS ([38;5;121m66.25[0m[38;5;159m FPS per env, [38;5;121m1[0m[38;5;159m envs).[0m
[38;5;159m[Genesis] [06:55:49] [INFO] Running at [38;5;121m66.18[0m[38;5;159m FPS ([38;5;121m66.18[0m[38;5;159m FPS per env, [38;5;121m1[0m[38;5;159m envs).[0m
[38;5;159m[Genesis] [06:55:49] [INFO] Running at [38;5;121m66.10[0m[38;5;159m FPS ([38;5;121m66.10[0m[38;5;159m FPS per env, [38;5;121m1[0m[38;5;159m envs).[0m
[38;5;159m[Genesis] [06:55:49] [INFO] Running at [38;5;121m66.04[0m[38;5;159m FPS ([38;5;121m66.04[0m[38;5;159m FPS per env, [38;5;121m1[0m[38;5;159m envs).[0m
[38;5;159m[Genesis] [06:55:49] [INFO] Running at [38;5;121m65.98[0m[38;5;159m FPS ([38;5;121m65.98[0m[38;5;159m FPS per env, [38;5;121m1[0m[38;5;159m envs).[0m
[38;5;159m[Genesis] [06:55:49] [INFO] Running at [38;5;121m65.91[0m[38;5;159m FPS ([38;5;121m65.91[0m[38;5;159m FPS per env, [38;5;121m1[0m[38;5;159m envs).[0m
[38;5;159m[Genesis] [06:55:49] [INFO] Running at [38;5;121m65.79[0m[38;5;159m FPS ([38;5;121m65.79[0m[38;5;159m FPS per env, [38;5;121m1[0m[38;5;159m envs).[0m
[38;5;159m[Genesis] [06:55:49] [INFO] Running at [38;5;121m65.74[0m[38;5;159m FPS ([38;5;121m65.74[0m[38;5;159m FPS per env, [38;5;121m1[0m[38;5;159m envs).[0m
[38;5;159m[Genesis] [06:55:49] [INFO] Running at [38;5;121m65.65[0m[38;5;159m FPS ([38;5;121m65.65[0m[38;5;159m FPS per env, [38;5;121m1[0m[38;5;159m envs).[0m
[38;5;159m[Genesis] [06:55:49] [INFO] Running at [38;5;121m65.80[0m[38;5;159m FPS ([38;5;121m65.80[0m[38;5;159m FPS per env, [38;5;121m1[0m[38;5;159m envs).[0m
[38;5;159m[Genesis] [06:55:49] [INFO] Running at [38;5;121m65.76[0m[38;5;159m FPS ([38;5;121m65.76[0m[38;5;159m FPS per env, [38;5;121m1[0m[38;5;159m envs).[0m
[38;5;159m[Genesis] [06:55:49] [INFO] Running at [38;5;121m65.89[0m[38;5;159m FPS ([38;5;121m65.89[0m[38;5;159m FPS per env, [38;5;121m1[0m[38;5;159m envs).[0m
[38;5;159m[Genesis] [06:55:49] [INFO] Running at [38;5;121m49.84[0m[38;5;159m FPS ([38;5;121m49.84[0m[38;5;159m FPS per env, [38;5;121m1[0m[38;5;159m envs).[0m
[38;5;159m[Genesis] [06:55:49] [INFO] Running at [38;5;121m66.12[0m[38;5;159m FPS ([38;5;121m66.12[0m[38;5;159m FPS per env, [38;5;121m1[0m[38;5;159m envs).[0m
[38;5;159m[Genesis] [06:55:49] [INFO] Running at [38;5;121m49.99[0m[38;5;159m FPS ([38;5;121m49.99[0m[38;5;159m FPS per env, [38;5;121m1[0m[38;5;159m envs).[0m
[38;5;159m[Genesis] [06:55:49] [INFO] Running at [38;5;121m50.25[0m[38;5;159m FPS ([38;5;121m50.25[0m[38;5;159m FPS per env, [38;5;121m1[0m[38;5;159m envs).[0m
[38;5;159m[Genesis] [06:55:49] [INFO] Running at [38;5;121m66.81[0m[38;5;159m FPS ([38;5;121m66.81[0m[38;5;159m FPS per env, [38;5;121m1[0m[38;5;159m envs).[0m
[38;5;159m[Genesis] [06:55:50] [INFO] Running at [38;5;121m66.74[0m[38;5;159m FPS ([38;5;121m66.74[0m[38;5;159m FPS per env, [38;5;121m1[0m[38;5;159m envs).[0m
[38;5;159m[Genesis] [06:55:50] [INFO] Running at [38;5;121m66.88[0m[38;5;159m FPS ([38;5;121m66.88[0m[38;5;159m FPS per env, [38;5;121m1[0m[38;5;159m envs).[0m
[38;5;159m[Genesis] [06:55:50] [INFO] Running at [38;5;121m66.62[0m[38;5;159m FPS ([38;5;121m66.62[0m[38;5;159m FPS per env, [38;5;121m1[0m[38;5;159m envs).[0m
[38;5;159m[Genesis] [06:55:50] [INFO] Running at [38;5;121m66.75[0m[38;5;159m FPS ([38;5;121m66.75[0m[38;5;159m FPS per env, [38;5;121m1[0m[38;5;159m envs).[0m
[38;5;159m[Genesis] [06:55:50] [INFO] Running at [38;5;121m66.54[0m[38;5;159m FPS ([38;5;121m66.54[0m[38;5;159m FPS per env, [38;5;121m1[0m[38;5;159m envs).[0m
[38;5;159m[Genesis] [06:55:50] [INFO] Running at [38;5;121m66.16[0m[38;5;159m FPS ([38;5;121m66.16[0m[38;5;159m FPS per env, [38;5;121m1[0m[38;5;159m envs).[0m
[38;5;159m[Genesis] [06:55:50] [INFO] Running at [38;5;121m49.86[0m[38;5;159m FPS ([38;5;121m49.86[0m[38;5;159m FPS per env, [38;5;121m1[0m[38;5;159m envs).[0m
[38;5;159m[Genesis] [06:55:50] [INFO] Running at [38;5;121m66.33[0m[38;5;159m FPS ([38;5;121m66.33[0m[38;5;159m FPS per env, [38;5;121m1[0m[38;5;159m envs).[0m
[38;5;159m[Genesis] [06:55:50] [INFO] Running at [38;5;121m66.29[0m[38;5;159m FPS ([38;5;121m66.29[0m[38;5;159m FPS per env, [38;5;121m1[0m[38;5;159m envs).[0m
[38;5;159m[Genesis] [06:55:50] [INFO] Running at [38;5;121m66.28[0m[38;5;159m FPS ([38;5;121m66.28[0m[38;5;159m FPS per env, [38;5;121m1[0m[38;5;159m envs).[0m
[38;5;159m[Genesis] [06:55:50] [INFO] Running at [38;5;121m66.16[0m[38;5;159m FPS ([38;5;121m66.16[0m[38;5;159m FPS per env, [38;5;121m1[0m[38;5;159m envs).[0m
[38;5;159m[Genesis] [06:55:50] [INFO] Running at [38;5;121m66.12[0m[38;5;159m FPS ([38;5;121m66.12[0m[38;5;159m FPS per env, [38;5;121m1[0m[38;5;159m envs).[0m
[38;5;159m[Genesis] [06:55:50] [INFO] Running at [38;5;121m65.85[0m[38;5;159m FPS ([38;5;121m65.85[0m[38;5;159m FPS per env, [38;5;121m1[0m[38;5;159m envs).[0m
[38;5;159m[Genesis] [06:55:50] [INFO] Running at [38;5;121m65.80[0m[38;5;159m FPS ([38;5;121m65.80[0m[38;5;159m FPS per env, [38;5;121m1[0m[38;5;159m envs).[0m
[38;5;159m[Genesis] [06:55:50] [INFO] Running at [38;5;121m49.78[0m[38;5;159m FPS ([38;5;121m49.78[0m[38;5;159m FPS per env, [38;5;121m1[0m[38;5;159m envs).[0m
[38;5;159m[Genesis] [06:55:50] [INFO] Running at [38;5;121m66.31[0m[38;5;159m FPS ([38;5;121m66.31[0m[38;5;159m FPS per env, [38;5;121m1[0m[38;5;159m envs).[0m
[38;5;159m[Genesis] [06:55:50] [INFO] Running at [38;5;121m66.42[0m[38;5;159m FPS ([38;5;121m66.42[0m[38;5;159m FPS per env, [38;5;121m1[0m[38;5;159m envs).[0m
[38;5;159m[Genesis] [06:55:51] [INFO] Running at [38;5;121m66.32[0m[38;5;159m FPS ([38;5;121m66.32[0m[38;5;159m FPS per env, [38;5;121m1[0m[38;5;159m envs).[0m
[38;5;159m[Genesis] [06:55:51] [INFO] Running at [38;5;121m50.13[0m[38;5;159m FPS ([38;5;121m50.13[0m[38;5;159m FPS per env, [38;5;121m1[0m[38;5;159m envs).[0m
[38;5;159m[Genesis] [06:55:51] [INFO] Running at [38;5;121m50.27[0m[38;5;159m FPS ([38;5;121m50.27[0m[38;5;159m FPS per env, [38;5;121m1[0m[38;5;159m envs).[0m
[38;5;159m[Genesis] [06:55:51] [INFO] Running at [38;5;121m50.56[0m[38;5;159m FPS ([38;5;121m50.56[0m[38;5;159m FPS per env, [38;5;121m1[0m[38;5;159m envs).[0m
[38;5;159m[Genesis] [06:55:51] [INFO] Running at [38;5;121m50.76[0m[38;5;159m FPS ([38;5;121m50.76[0m[38;5;159m FPS per env, [38;5;121m1[0m[38;5;159m envs).[0m
[38;5;159m[Genesis] [06:55:51] [INFO] Running at [38;5;121m51.02[0m[38;5;159m FPS ([38;5;121m51.02[0m[38;5;159m FPS per env, [38;5;121m1[0m[38;5;159m envs).[0m
[38;5;159m[Genesis] [06:55:51] [INFO] Running at [38;5;121m67.94[0m[38;5;159m FPS ([38;5;121m67.94[0m[38;5;159m FPS per env, [38;5;121m1[0m[38;5;159m envs).[0m
[38;5;159m[Genesis] [06:55:51] [INFO] Running at [38;5;121m67.61[0m[38;5;159m FPS ([38;5;121m67.61[0m[38;5;159m FPS per env, [38;5;121m1[0m[38;5;159m envs).[0m
[38;5;159m[Genesis] [06:55:51] [INFO] Running at [38;5;121m67.65[0m[38;5;159m FPS ([38;5;121m67.65[0m[38;5;159m FPS per env, [38;5;121m1[0m[38;5;159m envs).[0m
[38;5;159m[Genesis] [06:55:51] [INFO] Running at [38;5;121m67.57[0m[38;5;159m FPS ([38;5;121m67.57[0m[38;5;159m FPS per env, [38;5;121m1[0m[38;5;159m envs).[0m
[38;5;159m[Genesis] [06:55:51] [INFO] Running at [38;5;121m67.64[0m[38;5;159m FPS ([38;5;121m67.64[0m[38;5;159m FPS per env, [38;5;121m1[0m[38;5;159m envs).[0m
[38;5;159m[Genesis] [06:55:51] [INFO] Running at [38;5;121m67.54[0m[38;5;159m FPS ([38;5;121m67.54[0m[38;5;159m FPS per env, [38;5;121m1[0m[38;5;159m envs).[0m
[38;5;159m[Genesis] [06:55:51] [INFO] Running at [38;5;121m67.42[0m[38;5;159m FPS ([38;5;121m67.42[0m[38;5;159m FPS per env, [38;5;121m1[0m[38;5;159m envs).[0m
[38;5;159m[Genesis] [06:55:51] [INFO] Running at [38;5;121m67.27[0m[38;5;159m FPS ([38;5;121m67.27[0m[38;5;159m FPS per env, [38;5;121m1[0m[38;5;159m envs).[0m
[38;5;159m[Genesis] [06:55:51] [INFO] Running at [38;5;121m67.37[0m[38;5;159m FPS ([38;5;121m67.37[0m[38;5;159m FPS per env, [38;5;121m1[0m[38;5;159m envs).[0m
[38;5;159m[Genesis] [06:55:51] [INFO] Running at [38;5;121m67.27[0m[38;5;159m FPS ([38;5;121m67.27[0m[38;5;159m FPS per env, [38;5;121m1[0m[38;5;159m envs).[0m
[38;5;159m[Genesis] [06:55:51] [INFO] Running at [38;5;121m67.22[0m[38;5;159m FPS ([38;5;121m67.22[0m[38;5;159m FPS per env, [38;5;121m1[0m[38;5;159m envs).[0m
[38;5;159m[Genesis] [06:55:52] [INFO] Running at [38;5;121m67.02[0m[38;5;159m FPS ([38;5;121m67.02[0m[38;5;159m FPS per env, [38;5;121m1[0m[38;5;159m envs).[0m
[38;5;159m[Genesis] [06:55:52] [INFO] Running at [38;5;121m67.12[0m[38;5;159m FPS ([38;5;121m67.12[0m[38;5;159m FPS per env, [38;5;121m1[0m[38;5;159m envs).[0m
[38;5;159m[Genesis] [06:55:52] [INFO] Running at [38;5;121m66.87[0m[38;5;159m FPS ([38;5;121m66.87[0m[38;5;159m FPS per env, [38;5;121m1[0m[38;5;159m envs).[0m
[38;5;159m[Genesis] [06:55:52] [INFO] Running at [38;5;121m67.04[0m[38;5;159m FPS ([38;5;121m67.04[0m[38;5;159m FPS per env, [38;5;121m1[0m[38;5;159m envs).[0m
[38;5;159m[Genesis] [06:55:52] [INFO] Running at [38;5;121m66.84[0m[38;5;159m FPS ([38;5;121m66.84[0m[38;5;159m FPS per env, [38;5;121m1[0m[38;5;159m envs).[0m
[38;5;159m[Genesis] [06:55:52] [INFO] Running at [38;5;121m66.93[0m[38;5;159m FPS ([38;5;121m66.93[0m[38;5;159m FPS per env, [38;5;121m1[0m[38;5;159m envs).[0m
[38;5;159m[Genesis] [06:55:52] [INFO] Running at [38;5;121m66.92[0m[38;5;159m FPS ([38;5;121m66.92[0m[38;5;159m FPS per env, [38;5;121m1[0m[38;5;159m envs).[0m
[38;5;159m[Genesis] [06:55:52] [INFO] Running at [38;5;121m67.02[0m[38;5;159m FPS ([38;5;121m67.02[0m[38;5;159m FPS per env, [38;5;121m1[0m[38;5;159m envs).[0m
[38;5;159m[Genesis] [06:55:52] [INFO] Running at [38;5;121m66.92[0m[38;5;159m FPS ([38;5;121m66.92[0m[38;5;159m FPS per env, [38;5;121m1[0m[38;5;159m envs).[0m
[38;5;159m[Genesis] [06:55:52] [INFO] Running at [38;5;121m50.53[0m[38;5;159m FPS ([38;5;121m50.53[0m[38;5;159m FPS per env, [38;5;121m1[0m[38;5;159m envs).[0m
[38;5;159m[Genesis] [06:55:52] [INFO] Running at [38;5;121m67.26[0m[38;5;159m FPS ([38;5;121m67.26[0m[38;5;159m FPS per env, [38;5;121m1[0m[38;5;159m envs).[0m
[38;5;159m[Genesis] [06:55:52] [INFO] Running at [38;5;121m67.13[0m[38;5;159m FPS ([38;5;121m67.13[0m[38;5;159m FPS per env, [38;5;121m1[0m[38;5;159m envs).[0m
[38;5;159m[Genesis] [06:55:52] [INFO] Running at [38;5;121m67.19[0m[38;5;159m FPS ([38;5;121m67.19[0m[38;5;159m FPS per env, [38;5;121m1[0m[38;5;159m envs).[0m
[38;5;159m[Genesis] [06:55:52] [INFO] Running at [38;5;121m67.20[0m[38;5;159m FPS ([38;5;121m67.20[0m[38;5;159m FPS per env, [38;5;121m1[0m[38;5;159m envs).[0m
[38;5;159m[Genesis] [06:55:52] [INFO] Running at [38;5;121m67.30[0m[38;5;159m FPS ([38;5;121m67.30[0m[38;5;159m FPS per env, [38;5;121m1[0m[38;5;159m envs).[0m
[38;5;159m[Genesis] [06:55:52] [INFO] Running at [38;5;121m67.23[0m[38;5;159m FPS ([38;5;121m67.23[0m[38;5;159m FPS per env, [38;5;121m1[0m[38;5;159m envs).[0m
[38;5;159m[Genesis] [06:55:52] [INFO] Running at [38;5;121m67.05[0m[38;5;159m FPS ([38;5;121m67.05[0m[38;5;159m FPS per env, [38;5;121m1[0m[38;5;159m envs).[0m
[38;5;159m[Genesis] [06:55:53] [INFO] Running at [38;5;121m66.99[0m[38;5;159m FPS ([38;5;121m66.99[0m[38;5;159m FPS per env, [38;5;121m1[0m[38;5;159m envs).[0m
[38;5;159m[Genesis] [06:55:53] [INFO] Running at [38;5;121m66.80[0m[38;5;159m FPS ([38;5;121m66.80[0m[38;5;159m FPS per env, [38;5;121m1[0m[38;5;159m envs).[0m
[38;5;159m[Genesis] [06:55:53] [INFO] Running at [38;5;121m50.27[0m[38;5;159m FPS ([38;5;121m50.27[0m[38;5;159m FPS per env, [38;5;121m1[0m[38;5;159m envs).[0m
[38;5;159m[Genesis] [06:55:53] [INFO] Running at [38;5;121m66.61[0m[38;5;159m FPS ([38;5;121m66.61[0m[38;5;159m FPS per env, [38;5;121m1[0m[38;5;159m envs).[0m
[38;5;159m[Genesis] [06:55:53] [INFO] Running at [38;5;121m50.22[0m[38;5;159m FPS ([38;5;121m50.22[0m[38;5;159m FPS per env, [38;5;121m1[0m[38;5;159m envs).[0m
[38;5;159m[Genesis] [06:55:53] [INFO] Running at [38;5;121m50.53[0m[38;5;159m FPS ([38;5;121m50.53[0m[38;5;159m FPS per env, [38;5;121m1[0m[38;5;159m envs).[0m
[38;5;159m[Genesis] [06:55:53] [INFO] Running at [38;5;121m50.83[0m[38;5;159m FPS ([38;5;121m50.83[0m[38;5;159m FPS per env, [38;5;121m1[0m[38;5;159m envs).[0m
[38;5;159m[Genesis] [06:55:53] [INFO] Running at [38;5;121m51.12[0m[38;5;159m FPS ([38;5;121m51.12[0m[38;5;159m FPS per env, [38;5;121m1[0m[38;5;159m envs).[0m
[38;5;159m[Genesis] [06:55:53] [INFO] Running at [38;5;121m51.43[0m[38;5;159m FPS ([38;5;121m51.43[0m[38;5;159m FPS per env, [38;5;121m1[0m[38;5;159m envs).[0m
[38;5;159m[Genesis] [06:55:53] [INFO] Running at [38;5;121m51.70[0m[38;5;159m FPS ([38;5;121m51.70[0m[38;5;159m FPS per env, [38;5;121m1[0m[38;5;159m envs).[0m
[38;5;159m[Genesis] [06:55:53] [INFO] Running at [38;5;121m68.61[0m[38;5;159m FPS ([38;5;121m68.61[0m[38;5;159m FPS per env, [38;5;121m1[0m[38;5;159m envs).[0m
[38;5;159m[Genesis] [06:55:53] [INFO] Running at [38;5;121m51.73[0m[38;5;159m FPS ([38;5;121m51.73[0m[38;5;159m FPS per env, [38;5;121m1[0m[38;5;159m envs).[0m
[38;5;159m[Genesis] [06:55:53] [INFO] Running at [38;5;121m68.46[0m[38;5;159m FPS ([38;5;121m68.46[0m[38;5;159m FPS per env, [38;5;121m1[0m[38;5;159m envs).[0m
[38;5;159m[Genesis] [06:55:53] [INFO] Running at [38;5;121m51.34[0m[38;5;159m FPS ([38;5;121m51.34[0m[38;5;159m FPS per env, [38;5;121m1[0m[38;5;159m envs).[0m
[38;5;159m[Genesis] [06:55:53] [INFO] Running at [38;5;121m51.66[0m[38;5;159m FPS ([38;5;121m51.66[0m[38;5;159m FPS per env, [38;5;121m1[0m[38;5;159m envs).[0m
[38;5;159m[Genesis] [06:55:53] [INFO] Running at [38;5;121m51.76[0m[38;5;159m FPS ([38;5;121m51.76[0m[38;5;159m FPS per env, [38;5;121m1[0m[38;5;159m envs).[0m
[38;5;159m[Genesis] [06:55:53] [INFO] Running at [38;5;121m68.83[0m[38;5;159m FPS ([38;5;121m68.83[0m[38;5;159m FPS per env, [38;5;121m1[0m[38;5;159m envs).[0m
[38;5;159m[Genesis] [06:55:54] [INFO] Running at [38;5;121m51.89[0m[38;5;159m FPS ([38;5;121m51.89[0m[38;5;159m FPS per env, [38;5;121m1[0m[38;5;159m envs).[0m
[38;5;159m[Genesis] [06:55:54] [INFO] Running at [38;5;121m52.12[0m[38;5;159m FPS ([38;5;121m52.12[0m[38;5;159m FPS per env, [38;5;121m1[0m[38;5;159m envs).[0m
[38;5;159m[Genesis] [06:55:54] [INFO] Running at [38;5;121m69.07[0m[38;5;159m FPS ([38;5;121m69.07[0m[38;5;159m FPS per env, [38;5;121m1[0m[38;5;159m envs).[0m
[38;5;159m[Genesis] [06:55:54] [INFO] Running at [38;5;121m52.15[0m[38;5;159m FPS ([38;5;121m52.15[0m[38;5;159m FPS per env, [38;5;121m1[0m[38;5;159m envs).[0m
[38;5;159m[Genesis] [06:55:54] [INFO] Running at [38;5;121m69.06[0m[38;5;159m FPS ([38;5;121m69.06[0m[38;5;159m FPS per env, [38;5;121m1[0m[38;5;159m envs).[0m
[38;5;159m[Genesis] [06:55:54] [INFO] Running at [38;5;121m68.41[0m[38;5;159m FPS ([38;5;121m68.41[0m[38;5;159m FPS per env, [38;5;121m1[0m[38;5;159m envs).[0m
[38;5;159m[Genesis] [06:55:54] [INFO] Running at [38;5;121m68.09[0m[38;5;159m FPS ([38;5;121m68.09[0m[38;5;159m FPS per env, [38;5;121m1[0m[38;5;159m envs).[0m
[38;5;159m[Genesis] [06:55:54] [INFO] Running at [38;5;121m67.98[0m[38;5;159m FPS ([38;5;121m67.98[0m[38;5;159m FPS per env, [38;5;121m1[0m[38;5;159m envs).[0m
[38;5;159m[Genesis] [06:55:54] [INFO] Running at [38;5;121m67.99[0m[38;5;159m FPS ([38;5;121m67.99[0m[38;5;159m FPS per env, [38;5;121m1[0m[38;5;159m envs).[0m
[38;5;159m[Genesis] [06:55:54] [INFO] Running at [38;5;121m67.73[0m[38;5;159m FPS ([38;5;121m67.73[0m[38;5;159m FPS per env, [38;5;121m1[0m[38;5;159m envs).[0m
[38;5;159m[Genesis] [06:55:54] [INFO] Running at [38;5;121m67.73[0m[38;5;159m FPS ([38;5;121m67.73[0m[38;5;159m FPS per env, [38;5;121m1[0m[38;5;159m envs).[0m
[38;5;159m[Genesis] [06:55:54] [INFO] Running at [38;5;121m67.53[0m[38;5;159m FPS ([38;5;121m67.53[0m[38;5;159m FPS per env, [38;5;121m1[0m[38;5;159m envs).[0m
[38;5;159m[Genesis] [06:55:54] [INFO] Running at [38;5;121m67.45[0m[38;5;159m FPS ([38;5;121m67.45[0m[38;5;159m FPS per env, [38;5;121m1[0m[38;5;159m envs).[0m
[38;5;159m[Genesis] [06:55:54] [INFO] Running at [38;5;121m67.39[0m[38;5;159m FPS ([38;5;121m67.39[0m[38;5;159m FPS per env, [38;5;121m1[0m[38;5;159m envs).[0m
[38;5;159m[Genesis] [06:55:54] [INFO] Running at [38;5;121m67.28[0m[38;5;159m FPS ([38;5;121m67.28[0m[38;5;159m FPS per env, [38;5;121m1[0m[38;5;159m envs).[0m
[38;5;159m[Genesis] [06:55:54] [INFO] Running at [38;5;121m67.20[0m[38;5;159m FPS ([38;5;121m67.20[0m[38;5;159m FPS per env, [38;5;121m1[0m[38;5;159m envs).[0m
[38;5;159m[Genesis] [06:55:54] [INFO] Running at [38;5;121m67.24[0m[38;5;159m FPS ([38;5;121m67.24[0m[38;5;159m FPS per env, [38;5;121m1[0m[38;5;159m envs).[0m
[38;5;159m[Genesis] [06:55:55] [INFO] Running at [38;5;121m67.25[0m[38;5;159m FPS ([38;5;121m67.25[0m[38;5;159m FPS per env, [38;5;121m1[0m[38;5;159m envs).[0m
[38;5;159m[Genesis] [06:55:55] [INFO] Running at [38;5;121m67.25[0m[38;5;159m FPS ([38;5;121m67.25[0m[38;5;159m FPS per env, [38;5;121m1[0m[38;5;159m envs).[0m
[38;5;159m[Genesis] [06:55:55] [INFO] Running at [38;5;121m67.10[0m[38;5;159m FPS ([38;5;121m67.10[0m[38;5;159m FPS per env, [38;5;121m1[0m[38;5;159m envs).[0m
[38;5;159m[Genesis] [06:55:55] [INFO] Running at [38;5;121m67.15[0m[38;5;159m FPS ([38;5;121m67.15[0m[38;5;159m FPS per env, [38;5;121m1[0m[38;5;159m envs).[0m
[38;5;159m[Genesis] [06:55:55] [INFO] Running at [38;5;121m50.72[0m[38;5;159m FPS ([38;5;121m50.72[0m[38;5;159m FPS per env, [38;5;121m1[0m[38;5;159m envs).[0m
[38;5;159m[Genesis] [06:55:55] [INFO] Running at [38;5;121m67.65[0m[38;5;159m FPS ([38;5;121m67.65[0m[38;5;159m FPS per env, [38;5;121m1[0m[38;5;159m envs).[0m
[38;5;159m[Genesis] [06:55:55] [INFO] Running at [38;5;121m67.27[0m[38;5;159m FPS ([38;5;121m67.27[0m[38;5;159m FPS per env, [38;5;121m1[0m[38;5;159m envs).[0m
[38;5;159m[Genesis] [06:55:55] [INFO] Running at [38;5;121m67.32[0m[38;5;159m FPS ([38;5;121m67.32[0m[38;5;159m FPS per env, [38;5;121m1[0m[38;5;159m envs).[0m
[38;5;159m[Genesis] [06:55:55] [INFO] Running at [38;5;121m66.95[0m[38;5;159m FPS ([38;5;121m66.95[0m[38;5;159m FPS per env, [38;5;121m1[0m[38;5;159m envs).[0m
[38;5;159m[Genesis] [06:55:55] [INFO] Running at [38;5;121m66.94[0m[38;5;159m FPS ([38;5;121m66.94[0m[38;5;159m FPS per env, [38;5;121m1[0m[38;5;159m envs).[0m
[38;5;159m[Genesis] [06:55:55] [INFO] Running at [38;5;121m66.86[0m[38;5;159m FPS ([38;5;121m66.86[0m[38;5;159m FPS per env, [38;5;121m1[0m[38;5;159m envs).[0m
[38;5;159m[Genesis] [06:55:55] [INFO] Running at [38;5;121m66.99[0m[38;5;159m FPS ([38;5;121m66.99[0m[38;5;159m FPS per env, [38;5;121m1[0m[38;5;159m envs).[0m
[38;5;159m[Genesis] [06:55:55] [INFO] Running at [38;5;121m66.96[0m[38;5;159m FPS ([38;5;121m66.96[0m[38;5;159m FPS per env, [38;5;121m1[0m[38;5;159m envs).[0m
[38;5;159m[Genesis] [06:55:55] [INFO] Running at [38;5;121m66.83[0m[38;5;159m FPS ([38;5;121m66.83[0m[38;5;159m FPS per env, [38;5;121m1[0m[38;5;159m envs).[0m
[38;5;159m[Genesis] [06:55:55] [INFO] Running at [38;5;121m66.78[0m[38;5;159m FPS ([38;5;121m66.78[0m[38;5;159m FPS per env, [38;5;121m1[0m[38;5;159m envs).[0m
[38;5;159m[Genesis] [06:55:55] [INFO] Running at [38;5;121m66.75[0m[38;5;159m FPS ([38;5;121m66.75[0m[38;5;159m FPS per env, [38;5;121m1[0m[38;5;159m envs).[0m
[38;5;159m[Genesis] [06:55:56] [INFO] Running at [38;5;121m66.56[0m[38;5;159m FPS ([38;5;121m66.56[0m[38;5;159m FPS per env, [38;5;121m1[0m[38;5;159m envs).[0m
[38;5;159m[Genesis] [06:55:56] [INFO] Running at [38;5;121m66.71[0m[38;5;159m FPS ([38;5;121m66.71[0m[38;5;159m FPS per env, [38;5;121m1[0m[38;5;159m envs).[0m
[38;5;159m[Genesis] [06:55:56] [INFO] Running at [38;5;121m50.40[0m[38;5;159m FPS ([38;5;121m50.40[0m[38;5;159m FPS per env, [38;5;121m1[0m[38;5;159m envs).[0m
[38;5;159m[Genesis] [06:55:56] [INFO] Running at [38;5;121m67.29[0m[38;5;159m FPS ([38;5;121m67.29[0m[38;5;159m FPS per env, [38;5;121m1[0m[38;5;159m envs).[0m
[38;5;159m[Genesis] [06:55:56] [INFO] Running at [38;5;121m67.12[0m[38;5;159m FPS ([38;5;121m67.12[0m[38;5;159m FPS per env, [38;5;121m1[0m[38;5;159m envs).[0m
[38;5;159m[Genesis] [06:55:56] [INFO] Running at [38;5;121m67.25[0m[38;5;159m FPS ([38;5;121m67.25[0m[38;5;159m FPS per env, [38;5;121m1[0m[38;5;159m envs).[0m
[38;5;159m[Genesis] [06:55:56] [INFO] Running at [38;5;121m67.30[0m[38;5;159m FPS ([38;5;121m67.30[0m[38;5;159m FPS per env, [38;5;121m1[0m[38;5;159m envs).[0m
[38;5;159m[Genesis] [06:55:56] [INFO] Running at [38;5;121m67.17[0m[38;5;159m FPS ([38;5;121m67.17[0m[38;5;159m FPS per env, [38;5;121m1[0m[38;5;159m envs).[0m
[38;5;159m[Genesis] [06:55:56] [INFO] Running at [38;5;121m67.18[0m[38;5;159m FPS ([38;5;121m67.18[0m[38;5;159m FPS per env, [38;5;121m1[0m[38;5;159m envs).[0m
[38;5;159m[Genesis] [06:55:56] [INFO] Running at [38;5;121m67.15[0m[38;5;159m FPS ([38;5;121m67.15[0m[38;5;159m FPS per env, [38;5;121m1[0m[38;5;159m envs).[0m
[38;5;159m[Genesis] [06:55:56] [INFO] Running at [38;5;121m50.76[0m[38;5;159m FPS ([38;5;121m50.76[0m[38;5;159m FPS per env, [38;5;121m1[0m[38;5;159m envs).[0m
[38;5;159m[Genesis] [06:55:56] [INFO] Running at [38;5;121m67.36[0m[38;5;159m FPS ([38;5;121m67.36[0m[38;5;159m FPS per env, [38;5;121m1[0m[38;5;159m envs).[0m
[38;5;159m[Genesis] [06:55:56] [INFO] Running at [38;5;121m50.74[0m[38;5;159m FPS ([38;5;121m50.74[0m[38;5;159m FPS per env, [38;5;121m1[0m[38;5;159m envs).[0m
[38;5;159m[Genesis] [06:55:56] [INFO] Running at [38;5;121m67.31[0m[38;5;159m FPS ([38;5;121m67.31[0m[38;5;159m FPS per env, [38;5;121m1[0m[38;5;159m envs).[0m
[38;5;159m[Genesis] [06:55:56] [INFO] Running at [38;5;121m50.82[0m[38;5;159m FPS ([38;5;121m50.82[0m[38;5;159m FPS per env, [38;5;121m1[0m[38;5;159m envs).[0m
[38;5;159m[Genesis] [06:55:56] [INFO] Running at [38;5;121m67.43[0m[38;5;159m FPS ([38;5;121m67.43[0m[38;5;159m FPS per env, [38;5;121m1[0m[38;5;159m envs).[0m
[38;5;159m[Genesis] [06:55:56] [INFO] Running at [38;5;121m50.87[0m[38;5;159m FPS ([38;5;121m50.87[0m[38;5;159m FPS per env, [38;5;121m1[0m[38;5;159m envs).[0m
[38;5;159m[Genesis] [06:55:56] [INFO] Running at [38;5;121m67.44[0m[38;5;159m FPS ([38;5;121m67.44[0m[38;5;159m FPS per env, [38;5;121m1[0m[38;5;159m envs).[0m
[38;5;159m[Genesis] [06:55:57] [INFO] Running at [38;5;121m67.29[0m[38;5;159m FPS ([38;5;121m67.29[0m[38;5;159m FPS per env, [38;5;121m1[0m[38;5;159m envs).[0m
[38;5;159m[Genesis] [06:55:57] [INFO] Running at [38;5;121m67.08[0m[38;5;159m FPS ([38;5;121m67.08[0m[38;5;159m FPS per env, [38;5;121m1[0m[38;5;159m envs).[0m
[38;5;159m[Genesis] [06:55:57] [INFO] Running at [38;5;121m66.71[0m[38;5;159m FPS ([38;5;121m66.71[0m[38;5;159m FPS per env, [38;5;121m1[0m[38;5;159m envs).[0m
[38;5;159m[Genesis] [06:55:57] [INFO] Running at [38;5;121m66.55[0m[38;5;159m FPS ([38;5;121m66.55[0m[38;5;159m FPS per env, [38;5;121m1[0m[38;5;159m envs).[0m
[38;5;159m[Genesis] [06:55:57] [INFO] Running at [38;5;121m50.20[0m[38;5;159m FPS ([38;5;121m50.20[0m[38;5;159m FPS per env, [38;5;121m1[0m[38;5;159m envs).[0m
[38;5;159m[Genesis] [06:55:57] [INFO] Running at [38;5;121m66.34[0m[38;5;159m FPS ([38;5;121m66.34[0m[38;5;159m FPS per env, [38;5;121m1[0m[38;5;159m envs).[0m
[38;5;159m[Genesis] [06:55:57] [INFO] Running at [38;5;121m50.10[0m[38;5;159m FPS ([38;5;121m50.10[0m[38;5;159m FPS per env, [38;5;121m1[0m[38;5;159m envs).[0m
[38;5;159m[Genesis] [06:55:57] [INFO] Running at [38;5;121m50.43[0m[38;5;159m FPS ([38;5;121m50.43[0m[38;5;159m FPS per env, [38;5;121m1[0m[38;5;159m envs).[0m
[38;5;159m[Genesis] [06:55:57] [INFO] Running at [38;5;121m50.54[0m[38;5;159m FPS ([38;5;121m50.54[0m[38;5;159m FPS per env, [38;5;121m1[0m[38;5;159m envs).[0m
[38;5;159m[Genesis] [06:55:57] [INFO] Running at [38;5;121m50.80[0m[38;5;159m FPS ([38;5;121m50.80[0m[38;5;159m FPS per env, [38;5;121m1[0m[38;5;159m envs).[0m
[38;5;159m[Genesis] [06:55:57] [INFO] Running at [38;5;121m51.10[0m[38;5;159m FPS ([38;5;121m51.10[0m[38;5;159m FPS per env, [38;5;121m1[0m[38;5;159m envs).[0m
[38;5;159m[Genesis] [06:55:57] [INFO] Running at [38;5;121m51.47[0m[38;5;159m FPS ([38;5;121m51.47[0m[38;5;159m FPS per env, [38;5;121m1[0m[38;5;159m envs).[0m
[38;5;159m[Genesis] [06:55:57] [INFO] Running at [38;5;121m51.79[0m[38;5;159m FPS ([38;5;121m51.79[0m[38;5;159m FPS per env, [38;5;121m1[0m[38;5;159m envs).[0m
[38;5;159m[Genesis] [06:55:57] [INFO] Running at [38;5;121m68.68[0m[38;5;159m FPS ([38;5;121m68.68[0m[38;5;159m FPS per env, [38;5;121m1[0m[38;5;159m envs).[0m
[38;5;159m[Genesis] [06:55:57] [INFO] Running at [38;5;121m68.56[0m[38;5;159m FPS ([38;5;121m68.56[0m[38;5;159m FPS per env, [38;5;121m1[0m[38;5;159m envs).[0m
[38;5;159m[Genesis] [06:55:57] [INFO] Running at [38;5;121m68.13[0m[38;5;159m FPS ([38;5;121m68.13[0m[38;5;159m FPS per env, [38;5;121m1[0m[38;5;159m envs).[0m
[38;5;159m[Genesis] [06:55:57] [INFO] Running at [38;5;121m68.09[0m[38;5;159m FPS ([38;5;121m68.09[0m[38;5;159m FPS per env, [38;5;121m1[0m[38;5;159m envs).[0m
[38;5;159m[Genesis] [06:55:58] [INFO] Running at [38;5;121m68.06[0m[38;5;159m FPS ([38;5;121m68.06[0m[38;5;159m FPS per env, [38;5;121m1[0m[38;5;159m envs).[0m
[38;5;159m[Genesis] [06:55:58] [INFO] Running at [38;5;121m67.96[0m[38;5;159m FPS ([38;5;121m67.96[0m[38;5;159m FPS per env, [38;5;121m1[0m[38;5;159m envs).[0m
[38;5;159m[Genesis] [06:55:58] [INFO] Running at [38;5;121m67.79[0m[38;5;159m FPS ([38;5;121m67.79[0m[38;5;159m FPS per env, [38;5;121m1[0m[38;5;159m envs).[0m
[38;5;159m[Genesis] [06:55:58] [INFO] Running at [38;5;121m67.67[0m[38;5;159m FPS ([38;5;121m67.67[0m[38;5;159m FPS per env, [38;5;121m1[0m[38;5;159m envs).[0m
[38;5;159m[Genesis] [06:55:58] [INFO] Running at [38;5;121m67.64[0m[38;5;159m FPS ([38;5;121m67.64[0m[38;5;159m FPS per env, [38;5;121m1[0m[38;5;159m envs).[0m
[38;5;159m[Genesis] [06:55:58] [INFO] Running at [38;5;121m67.66[0m[38;5;159m FPS ([38;5;121m67.66[0m[38;5;159m FPS per env, [38;5;121m1[0m[38;5;159m envs).[0m
[38;5;159m[Genesis] [06:55:58] [INFO] Running at [38;5;121m67.54[0m[38;5;159m FPS ([38;5;121m67.54[0m[38;5;159m FPS per env, [38;5;121m1[0m[38;5;159m envs).[0m
[38;5;159m[Genesis] [06:55:58] [INFO] Running at [38;5;121m67.61[0m[38;5;159m FPS ([38;5;121m67.61[0m[38;5;159m FPS per env, [38;5;121m1[0m[38;5;159m envs).[0m
[38;5;159m[Genesis] [06:55:58] [INFO] Running at [38;5;121m67.39[0m[38;5;159m FPS ([38;5;121m67.39[0m[38;5;159m FPS per env, [38;5;121m1[0m[38;5;159m envs).[0m
[38;5;159m[Genesis] [06:55:58] [INFO] Running at [38;5;121m67.50[0m[38;5;159m FPS ([38;5;121m67.50[0m[38;5;159m FPS per env, [38;5;121m1[0m[38;5;159m envs).[0m
[38;5;159m[Genesis] [06:55:58] [INFO] Running at [38;5;121m67.20[0m[38;5;159m FPS ([38;5;121m67.20[0m[38;5;159m FPS per env, [38;5;121m1[0m[38;5;159m envs).[0m
[38;5;159m[Genesis] [06:55:58] [INFO] Running at [38;5;121m67.14[0m[38;5;159m FPS ([38;5;121m67.14[0m[38;5;159m FPS per env, [38;5;121m1[0m[38;5;159m envs).[0m
[38;5;159m[Genesis] [06:55:58] [INFO] Running at [38;5;121m66.88[0m[38;5;159m FPS ([38;5;121m66.88[0m[38;5;159m FPS per env, [38;5;121m1[0m[38;5;159m envs).[0m
[38;5;159m[Genesis] [06:55:58] [INFO] Running at [38;5;121m66.99[0m[38;5;159m FPS ([38;5;121m66.99[0m[38;5;159m FPS per env, [38;5;121m1[0m[38;5;159m envs).[0m
[38;5;159m[Genesis] [06:55:58] [INFO] Running at [38;5;121m66.85[0m[38;5;159m FPS ([38;5;121m66.85[0m[38;5;159m FPS per env, [38;5;121m1[0m[38;5;159m envs).[0m
[38;5;159m[Genesis] [06:55:58] [INFO] Running at [38;5;121m66.87[0m[38;5;159m FPS ([38;5;121m66.87[0m[38;5;159m FPS per env, [38;5;121m1[0m[38;5;159m envs).[0m
[38;5;159m[Genesis] [06:55:59] [INFO] Running at [38;5;121m66.84[0m[38;5;159m FPS ([38;5;121m66.84[0m[38;5;159m FPS per env, [38;5;121m1[0m[38;5;159m envs).[0m
[38;5;159m[Genesis] [06:55:59] [INFO] Running at [38;5;121m66.62[0m[38;5;159m FPS ([38;5;121m66.62[0m[38;5;159m FPS per env, [38;5;121m1[0m[38;5;159m envs).[0m
[38;5;159m[Genesis] [06:55:59] [INFO] Running at [38;5;121m66.54[0m[38;5;159m FPS ([38;5;121m66.54[0m[38;5;159m FPS per env, [38;5;121m1[0m[38;5;159m envs).[0m
[38;5;159m[Genesis] [06:55:59] [INFO] Running at [38;5;121m66.95[0m[38;5;159m FPS ([38;5;121m66.95[0m[38;5;159m FPS per env, [38;5;121m1[0m[38;5;159m envs).[0m
fps 50
[38;5;159m[Genesis] [06:55:59] [INFO] Saving video to [38;5;121m"test_3000_behind.mp4"[0m[38;5;159m...[0m
[38;5;159m[Genesis] [06:56:03] [INFO] Video saved.[0m
[38;5;159m[Genesis] [06:56:03] [INFO] Saving video to [38;5;121m"test_3000_side.mp4"[0m[38;5;159m...[0m
[38;5;159m[Genesis] [06:56:08] [INFO] Video saved.[0m
Saved recordings for checkpoint 3000.
[38;5;159m[Genesis] [06:56:08] [INFO] 💤 Exiting Genesis and caching compiled kernels...[0m
