[38;5;159m[Genesis] [06:36:50] [INFO] [38;5;121m╭───────────────────────────────────────────────╮[0m[38;5;159m[0m
[38;5;159m[Genesis] [06:36:50] [INFO] [38;5;121m│┈┉┈┉┈┉┈┉┈┉┈┉┈┉┈┉┈┉┈[0m[38;5;159m [38;5;121m[1m[3mGenesis[0m[38;5;159m [38;5;121m┈┉┈┉┈┉┈┉┈┉┈┉┈┉┈┉┈┉┈│[0m[38;5;159m[0m
[38;5;159m[Genesis] [06:36:50] [INFO] [38;5;121m╰───────────────────────────────────────────────╯[0m[38;5;159m[0m
[38;5;159m[Genesis] [06:36:50] [INFO] Running on [38;5;121m[4m[NVIDIA GeForce RTX 5090][0m[38;5;159m with backend [38;5;121m[4mgs.cuda[0m[38;5;159m. Device memory: [38;5;121m[4m31.36[0m[38;5;159m GB.[0m
[38;5;159m[Genesis] [06:36:50] [INFO] 🚀 Genesis initialized. 🔖 version: [38;5;121m[4m0.4.7[0m[38;5;159m, 🎨 theme: [38;5;121m[4mdark[0m[38;5;159m, 🌱 seed: [38;5;121m[4mNone[0m[38;5;159m, 🐛 debug: [38;5;121m[4mFalse[0m[38;5;159m, 📏 precision: [38;5;121m[4m32[0m[38;5;159m, 🔥 performance: [38;5;121m[4mFalse[0m[38;5;159m, 💬 verbose: [38;5;121m[4mINFO[0m[38;5;159m[0m
[38;5;226m[Genesis] [06:36:53] [WARNING] Viewer option 'n_rendered_envs' is deprecated and will be removed in a future release. Please use 'rendered_envs_idx' instead.[0m
[38;5;159m[Genesis] [06:36:53] [INFO] Scene [38;5;121m[3m<decb21a>[0m[38;5;159m created.[0m
[38;5;159m[Genesis] [06:36:53] [INFO] Adding [38;5;121m<gs.engine.entities.RigidEntity>[0m[38;5;159m. idx: [38;5;121m0[0m[38;5;159m, uid: [38;5;121m[3m<c7c5bf7>[0m[38;5;159m, morph: [38;5;121m<gs.morphs.Terrain>[0m[38;5;159m, material: [38;5;121m<gs.materials.Rigid>[0m[38;5;159m.[0m
[38;5;159m[Genesis] [06:36:54] [INFO] Adding [38;5;121m<gs.engine.entities.RigidEntity>[0m[38;5;159m. idx: [38;5;121m1[0m[38;5;159m, uid: [38;5;121m[3m<b6145d9>[0m[38;5;159m, morph: [38;5;121m<gs.morphs.URDF(file='/home/jfriesen/.local/lib/python3.12/site-packages/genesis/assets/urdf/go2/urdf/go2.urdf')>[0m[38;5;159m, material: [38;5;121m<gs.materials.Rigid>[0m[38;5;159m.[0m
[38;5;159m[Genesis] [06:36:56] [INFO] Building scene [38;5;121m[3m<decb21a>[0m[38;5;159m...[0m
[38;5;226m[Genesis] [06:36:57] [WARNING] Neutral robot position (qpos0) exceeds joint limits.[0m
[38;5;159m[Genesis] [06:36:58] [INFO] Compiling simulation kernels...[0m
[38;5;159m[Genesis] [06:37:00] [INFO] Building visualizer...[0m
[38;5;226m[Genesis] [06:37:00] [WARNING] This property is deprecated and will be removed in future release. Please use 'dofs_idx_local' instead.[0m
[38;5;226m[Genesis] [06:37:00] [WARNING] This property is deprecated and will be removed in future release. Please use 'dofs_idx_local' instead.[0m
[38;5;226m[Genesis] [06:37:00] [WARNING] This property is deprecated and will be removed in future release. Please use 'dofs_idx_local' instead.[0m
[38;5;226m[Genesis] [06:37:00] [WARNING] This property is deprecated and will be removed in future release. Please use 'dofs_idx_local' instead.[0m
[38;5;226m[Genesis] [06:37:00] [WARNING] This property is deprecated and will be removed in future release. Please use 'dofs_idx_local' instead.[0m
[38;5;226m[Genesis] [06:37:00] [WARNING] This property is deprecated and will be removed in future release. Please use 'dofs_idx_local' instead.[0m
[38;5;226m[Genesis] [06:37:00] [WARNING] This property is deprecated and will be removed in future release. Please use 'dofs_idx_local' instead.[0m
[38;5;226m[Genesis] [06:37:00] [WARNING] This property is deprecated and will be removed in future release. Please use 'dofs_idx_local' instead.[0m
[38;5;226m[Genesis] [06:37:00] [WARNING] This property is deprecated and will be removed in future release. Please use 'dofs_idx_local' instead.[0m
[38;5;226m[Genesis] [06:37:00] [WARNING] This property is deprecated and will be removed in future release. Please use 'dofs_idx_local' instead.[0m
[38;5;226m[Genesis] [06:37:00] [WARNING] This property is deprecated and will be removed in future release. Please use 'dofs_idx_local' instead.[0m
[38;5;226m[Genesis] [06:37:00] [WARNING] This property is deprecated and will be removed in future release. Please use 'dofs_idx_local' instead.[0m
/home/jfriesen/.local/lib/python3.12/site-packages/torch/utils/_device.py:122: UserWarning: To copy construct from a tensor, it is recommended to use sourceTensor.detach().clone() or sourceTensor.detach().clone().requires_grad_(True), rather than torch.tensor(sourceTensor).
  return func(*args, **kwargs)
Actor MLP: Sequential(
  (0): Linear(in_features=76, out_features=512, bias=True)
  (1): ELU(alpha=1.0)
  (2): Linear(in_features=512, out_features=256, bias=True)
  (3): ELU(alpha=1.0)
  (4): Linear(in_features=256, out_features=128, bias=True)
  (5): ELU(alpha=1.0)
  (6): Linear(in_features=128, out_features=12, bias=True)
)
Critic MLP: Sequential(
  (0): Linear(in_features=100, out_features=512, bias=True)
  (1): ELU(alpha=1.0)
  (2): Linear(in_features=512, out_features=256, bias=True)
  (3): ELU(alpha=1.0)
  (4): Linear(in_features=256, out_features=128, bias=True)
  (5): ELU(alpha=1.0)
  (6): Linear(in_features=128, out_features=1, bias=True)
)
[38;5;159m[Genesis] [06:37:03] [INFO] Running at [38;5;121m1.37[0m[38;5;159m FPS ([38;5;121m1.37[0m[38;5;159m FPS per env, [38;5;121m1[0m[38;5;159m envs).[0m
[38;5;159m[Genesis] [06:37:03] [INFO] Running at [38;5;121m3.52[0m[38;5;159m FPS ([38;5;121m3.52[0m[38;5;159m FPS per env, [38;5;121m1[0m[38;5;159m envs).[0m
[38;5;159m[Genesis] [06:37:03] [INFO] Running at [38;5;121m83.86[0m[38;5;159m FPS ([38;5;121m83.86[0m[38;5;159m FPS per env, [38;5;121m1[0m[38;5;159m envs).[0m
[38;5;159m[Genesis] [06:37:03] [INFO] Running at [38;5;121m83.76[0m[38;5;159m FPS ([38;5;121m83.76[0m[38;5;159m FPS per env, [38;5;121m1[0m[38;5;159m envs).[0m
[38;5;159m[Genesis] [06:37:03] [INFO] Running at [38;5;121m83.71[0m[38;5;159m FPS ([38;5;121m83.71[0m[38;5;159m FPS per env, [38;5;121m1[0m[38;5;159m envs).[0m
[38;5;159m[Genesis] [06:37:03] [INFO] Running at [38;5;121m83.55[0m[38;5;159m FPS ([38;5;121m83.55[0m[38;5;159m FPS per env, [38;5;121m1[0m[38;5;159m envs).[0m
[38;5;159m[Genesis] [06:37:03] [INFO] Running at [38;5;121m83.48[0m[38;5;159m FPS ([38;5;121m83.48[0m[38;5;159m FPS per env, [38;5;121m1[0m[38;5;159m envs).[0m
[38;5;159m[Genesis] [06:37:03] [INFO] Running at [38;5;121m83.43[0m[38;5;159m FPS ([38;5;121m83.43[0m[38;5;159m FPS per env, [38;5;121m1[0m[38;5;159m envs).[0m
[38;5;159m[Genesis] [06:37:03] [INFO] Running at [38;5;121m83.39[0m[38;5;159m FPS ([38;5;121m83.39[0m[38;5;159m FPS per env, [38;5;121m1[0m[38;5;159m envs).[0m
[38;5;159m[Genesis] [06:37:03] [INFO] Running at [38;5;121m83.37[0m[38;5;159m FPS ([38;5;121m83.37[0m[38;5;159m FPS per env, [38;5;121m1[0m[38;5;159m envs).[0m
[38;5;159m[Genesis] [06:37:03] [INFO] Running at [38;5;121m83.34[0m[38;5;159m FPS ([38;5;121m83.34[0m[38;5;159m FPS per env, [38;5;121m1[0m[38;5;159m envs).[0m
[38;5;159m[Genesis] [06:37:03] [INFO] Running at [38;5;121m83.33[0m[38;5;159m FPS ([38;5;121m83.33[0m[38;5;159m FPS per env, [38;5;121m1[0m[38;5;159m envs).[0m
[38;5;159m[Genesis] [06:37:03] [INFO] Running at [38;5;121m83.33[0m[38;5;159m FPS ([38;5;121m83.33[0m[38;5;159m FPS per env, [38;5;121m1[0m[38;5;159m envs).[0m
[38;5;159m[Genesis] [06:37:04] [INFO] Running at [38;5;121m83.27[0m[38;5;159m FPS ([38;5;121m83.27[0m[38;5;159m FPS per env, [38;5;121m1[0m[38;5;159m envs).[0m
[38;5;159m[Genesis] [06:37:04] [INFO] Running at [38;5;121m83.25[0m[38;5;159m FPS ([38;5;121m83.25[0m[38;5;159m FPS per env, [38;5;121m1[0m[38;5;159m envs).[0m
[38;5;159m[Genesis] [06:37:04] [INFO] Running at [38;5;121m83.25[0m[38;5;159m FPS ([38;5;121m83.25[0m[38;5;159m FPS per env, [38;5;121m1[0m[38;5;159m envs).[0m
[38;5;159m[Genesis] [06:37:04] [INFO] Running at [38;5;121m83.21[0m[38;5;159m FPS ([38;5;121m83.21[0m[38;5;159m FPS per env, [38;5;121m1[0m[38;5;159m envs).[0m
[38;5;159m[Genesis] [06:37:04] [INFO] Running at [38;5;121m83.23[0m[38;5;159m FPS ([38;5;121m83.23[0m[38;5;159m FPS per env, [38;5;121m1[0m[38;5;159m envs).[0m
[38;5;159m[Genesis] [06:37:04] [INFO] Running at [38;5;121m67.11[0m[38;5;159m FPS ([38;5;121m67.11[0m[38;5;159m FPS per env, [38;5;121m1[0m[38;5;159m envs).[0m
[38;5;159m[Genesis] [06:37:04] [INFO] Running at [38;5;121m67.64[0m[38;5;159m FPS ([38;5;121m67.64[0m[38;5;159m FPS per env, [38;5;121m1[0m[38;5;159m envs).[0m
[38;5;159m[Genesis] [06:37:04] [INFO] Running at [38;5;121m84.40[0m[38;5;159m FPS ([38;5;121m84.40[0m[38;5;159m FPS per env, [38;5;121m1[0m[38;5;159m envs).[0m
[38;5;159m[Genesis] [06:37:04] [INFO] Running at [38;5;121m84.33[0m[38;5;159m FPS ([38;5;121m84.33[0m[38;5;159m FPS per env, [38;5;121m1[0m[38;5;159m envs).[0m
[38;5;159m[Genesis] [06:37:04] [INFO] Running at [38;5;121m84.27[0m[38;5;159m FPS ([38;5;121m84.27[0m[38;5;159m FPS per env, [38;5;121m1[0m[38;5;159m envs).[0m
[38;5;159m[Genesis] [06:37:04] [INFO] Running at [38;5;121m84.20[0m[38;5;159m FPS ([38;5;121m84.20[0m[38;5;159m FPS per env, [38;5;121m1[0m[38;5;159m envs).[0m
[38;5;159m[Genesis] [06:37:04] [INFO] Running at [38;5;121m84.11[0m[38;5;159m FPS ([38;5;121m84.11[0m[38;5;159m FPS per env, [38;5;121m1[0m[38;5;159m envs).[0m
[38;5;159m[Genesis] [06:37:04] [INFO] Running at [38;5;121m84.06[0m[38;5;159m FPS ([38;5;121m84.06[0m[38;5;159m FPS per env, [38;5;121m1[0m[38;5;159m envs).[0m
[38;5;159m[Genesis] [06:37:04] [INFO] Running at [38;5;121m84.01[0m[38;5;159m FPS ([38;5;121m84.01[0m[38;5;159m FPS per env, [38;5;121m1[0m[38;5;159m envs).[0m
[38;5;159m[Genesis] [06:37:04] [INFO] Running at [38;5;121m83.94[0m[38;5;159m FPS ([38;5;121m83.94[0m[38;5;159m FPS per env, [38;5;121m1[0m[38;5;159m envs).[0m
[38;5;159m[Genesis] [06:37:04] [INFO] Running at [38;5;121m83.90[0m[38;5;159m FPS ([38;5;121m83.90[0m[38;5;159m FPS per env, [38;5;121m1[0m[38;5;159m envs).[0m
[38;5;159m[Genesis] [06:37:04] [INFO] Running at [38;5;121m83.86[0m[38;5;159m FPS ([38;5;121m83.86[0m[38;5;159m FPS per env, [38;5;121m1[0m[38;5;159m envs).[0m
[38;5;159m[Genesis] [06:37:05] [INFO] Running at [38;5;121m83.81[0m[38;5;159m FPS ([38;5;121m83.81[0m[38;5;159m FPS per env, [38;5;121m1[0m[38;5;159m envs).[0m
[38;5;159m[Genesis] [06:37:05] [INFO] Running at [38;5;121m83.75[0m[38;5;159m FPS ([38;5;121m83.75[0m[38;5;159m FPS per env, [38;5;121m1[0m[38;5;159m envs).[0m
[38;5;159m[Genesis] [06:37:05] [INFO] Running at [38;5;121m83.72[0m[38;5;159m FPS ([38;5;121m83.72[0m[38;5;159m FPS per env, [38;5;121m1[0m[38;5;159m envs).[0m
[38;5;159m[Genesis] [06:37:05] [INFO] Running at [38;5;121m83.67[0m[38;5;159m FPS ([38;5;121m83.67[0m[38;5;159m FPS per env, [38;5;121m1[0m[38;5;159m envs).[0m
[38;5;159m[Genesis] [06:37:05] [INFO] Running at [38;5;121m83.64[0m[38;5;159m FPS ([38;5;121m83.64[0m[38;5;159m FPS per env, [38;5;121m1[0m[38;5;159m envs).[0m
[38;5;159m[Genesis] [06:37:05] [INFO] Running at [38;5;121m83.46[0m[38;5;159m FPS ([38;5;121m83.46[0m[38;5;159m FPS per env, [38;5;121m1[0m[38;5;159m envs).[0m
[38;5;159m[Genesis] [06:37:05] [INFO] Running at [38;5;121m83.44[0m[38;5;159m FPS ([38;5;121m83.44[0m[38;5;159m FPS per env, [38;5;121m1[0m[38;5;159m envs).[0m
[38;5;159m[Genesis] [06:37:05] [INFO] Running at [38;5;121m83.43[0m[38;5;159m FPS ([38;5;121m83.43[0m[38;5;159m FPS per env, [38;5;121m1[0m[38;5;159m envs).[0m
[38;5;159m[Genesis] [06:37:05] [INFO] Running at [38;5;121m83.40[0m[38;5;159m FPS ([38;5;121m83.40[0m[38;5;159m FPS per env, [38;5;121m1[0m[38;5;159m envs).[0m
[38;5;159m[Genesis] [06:37:05] [INFO] Running at [38;5;121m83.39[0m[38;5;159m FPS ([38;5;121m83.39[0m[38;5;159m FPS per env, [38;5;121m1[0m[38;5;159m envs).[0m
[38;5;159m[Genesis] [06:37:05] [INFO] Running at [38;5;121m83.39[0m[38;5;159m FPS ([38;5;121m83.39[0m[38;5;159m FPS per env, [38;5;121m1[0m[38;5;159m envs).[0m
[38;5;159m[Genesis] [06:37:05] [INFO] Running at [38;5;121m83.33[0m[38;5;159m FPS ([38;5;121m83.33[0m[38;5;159m FPS per env, [38;5;121m1[0m[38;5;159m envs).[0m
[38;5;159m[Genesis] [06:37:05] [INFO] Running at [38;5;121m83.33[0m[38;5;159m FPS ([38;5;121m83.33[0m[38;5;159m FPS per env, [38;5;121m1[0m[38;5;159m envs).[0m
[38;5;159m[Genesis] [06:37:05] [INFO] Running at [38;5;121m83.29[0m[38;5;159m FPS ([38;5;121m83.29[0m[38;5;159m FPS per env, [38;5;121m1[0m[38;5;159m envs).[0m
[38;5;159m[Genesis] [06:37:05] [INFO] Running at [38;5;121m83.28[0m[38;5;159m FPS ([38;5;121m83.28[0m[38;5;159m FPS per env, [38;5;121m1[0m[38;5;159m envs).[0m
[38;5;159m[Genesis] [06:37:05] [INFO] Running at [38;5;121m83.25[0m[38;5;159m FPS ([38;5;121m83.25[0m[38;5;159m FPS per env, [38;5;121m1[0m[38;5;159m envs).[0m
[38;5;159m[Genesis] [06:37:06] [INFO] Running at [38;5;121m83.26[0m[38;5;159m FPS ([38;5;121m83.26[0m[38;5;159m FPS per env, [38;5;121m1[0m[38;5;159m envs).[0m
[38;5;159m[Genesis] [06:37:06] [INFO] Running at [38;5;121m83.27[0m[38;5;159m FPS ([38;5;121m83.27[0m[38;5;159m FPS per env, [38;5;121m1[0m[38;5;159m envs).[0m
[38;5;159m[Genesis] [06:37:06] [INFO] Running at [38;5;121m83.28[0m[38;5;159m FPS ([38;5;121m83.28[0m[38;5;159m FPS per env, [38;5;121m1[0m[38;5;159m envs).[0m
[38;5;159m[Genesis] [06:37:06] [INFO] Running at [38;5;121m83.26[0m[38;5;159m FPS ([38;5;121m83.26[0m[38;5;159m FPS per env, [38;5;121m1[0m[38;5;159m envs).[0m
[38;5;159m[Genesis] [06:37:06] [INFO] Running at [38;5;121m83.24[0m[38;5;159m FPS ([38;5;121m83.24[0m[38;5;159m FPS per env, [38;5;121m1[0m[38;5;159m envs).[0m
[38;5;159m[Genesis] [06:37:06] [INFO] Running at [38;5;121m83.22[0m[38;5;159m FPS ([38;5;121m83.22[0m[38;5;159m FPS per env, [38;5;121m1[0m[38;5;159m envs).[0m
[38;5;159m[Genesis] [06:37:06] [INFO] Running at [38;5;121m83.04[0m[38;5;159m FPS ([38;5;121m83.04[0m[38;5;159m FPS per env, [38;5;121m1[0m[38;5;159m envs).[0m
[38;5;159m[Genesis] [06:37:06] [INFO] Running at [38;5;121m83.00[0m[38;5;159m FPS ([38;5;121m83.00[0m[38;5;159m FPS per env, [38;5;121m1[0m[38;5;159m envs).[0m
[38;5;159m[Genesis] [06:37:06] [INFO] Running at [38;5;121m82.97[0m[38;5;159m FPS ([38;5;121m82.97[0m[38;5;159m FPS per env, [38;5;121m1[0m[38;5;159m envs).[0m
[38;5;159m[Genesis] [06:37:06] [INFO] Running at [38;5;121m82.96[0m[38;5;159m FPS ([38;5;121m82.96[0m[38;5;159m FPS per env, [38;5;121m1[0m[38;5;159m envs).[0m
[38;5;159m[Genesis] [06:37:06] [INFO] Running at [38;5;121m66.93[0m[38;5;159m FPS ([38;5;121m66.93[0m[38;5;159m FPS per env, [38;5;121m1[0m[38;5;159m envs).[0m
[38;5;159m[Genesis] [06:37:06] [INFO] Running at [38;5;121m83.63[0m[38;5;159m FPS ([38;5;121m83.63[0m[38;5;159m FPS per env, [38;5;121m1[0m[38;5;159m envs).[0m
[38;5;159m[Genesis] [06:37:06] [INFO] Running at [38;5;121m83.60[0m[38;5;159m FPS ([38;5;121m83.60[0m[38;5;159m FPS per env, [38;5;121m1[0m[38;5;159m envs).[0m
[38;5;159m[Genesis] [06:37:06] [INFO] Running at [38;5;121m67.30[0m[38;5;159m FPS ([38;5;121m67.30[0m[38;5;159m FPS per env, [38;5;121m1[0m[38;5;159m envs).[0m
[38;5;159m[Genesis] [06:37:06] [INFO] Running at [38;5;121m84.06[0m[38;5;159m FPS ([38;5;121m84.06[0m[38;5;159m FPS per env, [38;5;121m1[0m[38;5;159m envs).[0m
[38;5;159m[Genesis] [06:37:06] [INFO] Running at [38;5;121m84.00[0m[38;5;159m FPS ([38;5;121m84.00[0m[38;5;159m FPS per env, [38;5;121m1[0m[38;5;159m envs).[0m
[38;5;159m[Genesis] [06:37:06] [INFO] Running at [38;5;121m83.94[0m[38;5;159m FPS ([38;5;121m83.94[0m[38;5;159m FPS per env, [38;5;121m1[0m[38;5;159m envs).[0m
[38;5;159m[Genesis] [06:37:07] [INFO] Running at [38;5;121m83.89[0m[38;5;159m FPS ([38;5;121m83.89[0m[38;5;159m FPS per env, [38;5;121m1[0m[38;5;159m envs).[0m
[38;5;159m[Genesis] [06:37:07] [INFO] Running at [38;5;121m83.84[0m[38;5;159m FPS ([38;5;121m83.84[0m[38;5;159m FPS per env, [38;5;121m1[0m[38;5;159m envs).[0m
[38;5;159m[Genesis] [06:37:07] [INFO] Running at [38;5;121m83.77[0m[38;5;159m FPS ([38;5;121m83.77[0m[38;5;159m FPS per env, [38;5;121m1[0m[38;5;159m envs).[0m
[38;5;159m[Genesis] [06:37:07] [INFO] Running at [38;5;121m83.72[0m[38;5;159m FPS ([38;5;121m83.72[0m[38;5;159m FPS per env, [38;5;121m1[0m[38;5;159m envs).[0m
[38;5;159m[Genesis] [06:37:07] [INFO] Running at [38;5;121m83.68[0m[38;5;159m FPS ([38;5;121m83.68[0m[38;5;159m FPS per env, [38;5;121m1[0m[38;5;159m envs).[0m
[38;5;159m[Genesis] [06:37:07] [INFO] Running at [38;5;121m83.64[0m[38;5;159m FPS ([38;5;121m83.64[0m[38;5;159m FPS per env, [38;5;121m1[0m[38;5;159m envs).[0m
[38;5;159m[Genesis] [06:37:07] [INFO] Running at [38;5;121m83.60[0m[38;5;159m FPS ([38;5;121m83.60[0m[38;5;159m FPS per env, [38;5;121m1[0m[38;5;159m envs).[0m
[38;5;159m[Genesis] [06:37:07] [INFO] Running at [38;5;121m67.39[0m[38;5;159m FPS ([38;5;121m67.39[0m[38;5;159m FPS per env, [38;5;121m1[0m[38;5;159m envs).[0m
[38;5;159m[Genesis] [06:37:07] [INFO] Running at [38;5;121m84.16[0m[38;5;159m FPS ([38;5;121m84.16[0m[38;5;159m FPS per env, [38;5;121m1[0m[38;5;159m envs).[0m
[38;5;159m[Genesis] [06:37:07] [INFO] Running at [38;5;121m84.10[0m[38;5;159m FPS ([38;5;121m84.10[0m[38;5;159m FPS per env, [38;5;121m1[0m[38;5;159m envs).[0m
[38;5;159m[Genesis] [06:37:07] [INFO] Running at [38;5;121m84.04[0m[38;5;159m FPS ([38;5;121m84.04[0m[38;5;159m FPS per env, [38;5;121m1[0m[38;5;159m envs).[0m
[38;5;159m[Genesis] [06:37:07] [INFO] Running at [38;5;121m83.97[0m[38;5;159m FPS ([38;5;121m83.97[0m[38;5;159m FPS per env, [38;5;121m1[0m[38;5;159m envs).[0m
[38;5;159m[Genesis] [06:37:07] [INFO] Running at [38;5;121m83.92[0m[38;5;159m FPS ([38;5;121m83.92[0m[38;5;159m FPS per env, [38;5;121m1[0m[38;5;159m envs).[0m
[38;5;159m[Genesis] [06:37:07] [INFO] Running at [38;5;121m83.87[0m[38;5;159m FPS ([38;5;121m83.87[0m[38;5;159m FPS per env, [38;5;121m1[0m[38;5;159m envs).[0m
[38;5;159m[Genesis] [06:37:07] [INFO] Running at [38;5;121m83.82[0m[38;5;159m FPS ([38;5;121m83.82[0m[38;5;159m FPS per env, [38;5;121m1[0m[38;5;159m envs).[0m
[38;5;159m[Genesis] [06:37:07] [INFO] Running at [38;5;121m83.78[0m[38;5;159m FPS ([38;5;121m83.78[0m[38;5;159m FPS per env, [38;5;121m1[0m[38;5;159m envs).[0m
[38;5;159m[Genesis] [06:37:07] [INFO] Running at [38;5;121m83.75[0m[38;5;159m FPS ([38;5;121m83.75[0m[38;5;159m FPS per env, [38;5;121m1[0m[38;5;159m envs).[0m
[38;5;159m[Genesis] [06:37:08] [INFO] Running at [38;5;121m83.62[0m[38;5;159m FPS ([38;5;121m83.62[0m[38;5;159m FPS per env, [38;5;121m1[0m[38;5;159m envs).[0m
[38;5;159m[Genesis] [06:37:08] [INFO] Running at [38;5;121m83.49[0m[38;5;159m FPS ([38;5;121m83.49[0m[38;5;159m FPS per env, [38;5;121m1[0m[38;5;159m envs).[0m
[38;5;159m[Genesis] [06:37:08] [INFO] Running at [38;5;121m83.47[0m[38;5;159m FPS ([38;5;121m83.47[0m[38;5;159m FPS per env, [38;5;121m1[0m[38;5;159m envs).[0m
[38;5;159m[Genesis] [06:37:08] [INFO] Running at [38;5;121m83.42[0m[38;5;159m FPS ([38;5;121m83.42[0m[38;5;159m FPS per env, [38;5;121m1[0m[38;5;159m envs).[0m
[38;5;159m[Genesis] [06:37:08] [INFO] Running at [38;5;121m83.39[0m[38;5;159m FPS ([38;5;121m83.39[0m[38;5;159m FPS per env, [38;5;121m1[0m[38;5;159m envs).[0m
[38;5;159m[Genesis] [06:37:08] [INFO] Running at [38;5;121m83.38[0m[38;5;159m FPS ([38;5;121m83.38[0m[38;5;159m FPS per env, [38;5;121m1[0m[38;5;159m envs).[0m
[38;5;159m[Genesis] [06:37:08] [INFO] Running at [38;5;121m83.37[0m[38;5;159m FPS ([38;5;121m83.37[0m[38;5;159m FPS per env, [38;5;121m1[0m[38;5;159m envs).[0m
[38;5;159m[Genesis] [06:37:08] [INFO] Running at [38;5;121m67.23[0m[38;5;159m FPS ([38;5;121m67.23[0m[38;5;159m FPS per env, [38;5;121m1[0m[38;5;159m envs).[0m
[38;5;159m[Genesis] [06:37:08] [INFO] Running at [38;5;121m83.98[0m[38;5;159m FPS ([38;5;121m83.98[0m[38;5;159m FPS per env, [38;5;121m1[0m[38;5;159m envs).[0m
[38;5;159m[Genesis] [06:37:08] [INFO] Running at [38;5;121m83.85[0m[38;5;159m FPS ([38;5;121m83.85[0m[38;5;159m FPS per env, [38;5;121m1[0m[38;5;159m envs).[0m
[38;5;159m[Genesis] [06:37:08] [INFO] Running at [38;5;121m83.81[0m[38;5;159m FPS ([38;5;121m83.81[0m[38;5;159m FPS per env, [38;5;121m1[0m[38;5;159m envs).[0m
[38;5;159m[Genesis] [06:37:08] [INFO] Running at [38;5;121m83.77[0m[38;5;159m FPS ([38;5;121m83.77[0m[38;5;159m FPS per env, [38;5;121m1[0m[38;5;159m envs).[0m
[38;5;159m[Genesis] [06:37:08] [INFO] Running at [38;5;121m83.74[0m[38;5;159m FPS ([38;5;121m83.74[0m[38;5;159m FPS per env, [38;5;121m1[0m[38;5;159m envs).[0m
[38;5;159m[Genesis] [06:37:08] [INFO] Running at [38;5;121m83.70[0m[38;5;159m FPS ([38;5;121m83.70[0m[38;5;159m FPS per env, [38;5;121m1[0m[38;5;159m envs).[0m
[38;5;159m[Genesis] [06:37:08] [INFO] Running at [38;5;121m83.64[0m[38;5;159m FPS ([38;5;121m83.64[0m[38;5;159m FPS per env, [38;5;121m1[0m[38;5;159m envs).[0m
[38;5;159m[Genesis] [06:37:08] [INFO] Running at [38;5;121m83.53[0m[38;5;159m FPS ([38;5;121m83.53[0m[38;5;159m FPS per env, [38;5;121m1[0m[38;5;159m envs).[0m
[38;5;159m[Genesis] [06:37:08] [INFO] Running at [38;5;121m83.48[0m[38;5;159m FPS ([38;5;121m83.48[0m[38;5;159m FPS per env, [38;5;121m1[0m[38;5;159m envs).[0m
[38;5;159m[Genesis] [06:37:09] [INFO] Running at [38;5;121m83.44[0m[38;5;159m FPS ([38;5;121m83.44[0m[38;5;159m FPS per env, [38;5;121m1[0m[38;5;159m envs).[0m
[38;5;159m[Genesis] [06:37:09] [INFO] Running at [38;5;121m83.41[0m[38;5;159m FPS ([38;5;121m83.41[0m[38;5;159m FPS per env, [38;5;121m1[0m[38;5;159m envs).[0m
[38;5;159m[Genesis] [06:37:09] [INFO] Running at [38;5;121m83.36[0m[38;5;159m FPS ([38;5;121m83.36[0m[38;5;159m FPS per env, [38;5;121m1[0m[38;5;159m envs).[0m
[38;5;159m[Genesis] [06:37:09] [INFO] Running at [38;5;121m83.30[0m[38;5;159m FPS ([38;5;121m83.30[0m[38;5;159m FPS per env, [38;5;121m1[0m[38;5;159m envs).[0m
[38;5;159m[Genesis] [06:37:09] [INFO] Running at [38;5;121m83.29[0m[38;5;159m FPS ([38;5;121m83.29[0m[38;5;159m FPS per env, [38;5;121m1[0m[38;5;159m envs).[0m
[38;5;159m[Genesis] [06:37:09] [INFO] Running at [38;5;121m83.26[0m[38;5;159m FPS ([38;5;121m83.26[0m[38;5;159m FPS per env, [38;5;121m1[0m[38;5;159m envs).[0m
[38;5;159m[Genesis] [06:37:09] [INFO] Running at [38;5;121m83.22[0m[38;5;159m FPS ([38;5;121m83.22[0m[38;5;159m FPS per env, [38;5;121m1[0m[38;5;159m envs).[0m
[38;5;159m[Genesis] [06:37:09] [INFO] Running at [38;5;121m83.05[0m[38;5;159m FPS ([38;5;121m83.05[0m[38;5;159m FPS per env, [38;5;121m1[0m[38;5;159m envs).[0m
[38;5;159m[Genesis] [06:37:09] [INFO] Running at [38;5;121m83.02[0m[38;5;159m FPS ([38;5;121m83.02[0m[38;5;159m FPS per env, [38;5;121m1[0m[38;5;159m envs).[0m
[38;5;159m[Genesis] [06:37:09] [INFO] Running at [38;5;121m82.93[0m[38;5;159m FPS ([38;5;121m82.93[0m[38;5;159m FPS per env, [38;5;121m1[0m[38;5;159m envs).[0m
[38;5;159m[Genesis] [06:37:09] [INFO] Running at [38;5;121m82.91[0m[38;5;159m FPS ([38;5;121m82.91[0m[38;5;159m FPS per env, [38;5;121m1[0m[38;5;159m envs).[0m
[38;5;159m[Genesis] [06:37:09] [INFO] Running at [38;5;121m82.89[0m[38;5;159m FPS ([38;5;121m82.89[0m[38;5;159m FPS per env, [38;5;121m1[0m[38;5;159m envs).[0m
[38;5;159m[Genesis] [06:37:09] [INFO] Running at [38;5;121m82.87[0m[38;5;159m FPS ([38;5;121m82.87[0m[38;5;159m FPS per env, [38;5;121m1[0m[38;5;159m envs).[0m
[38;5;159m[Genesis] [06:37:09] [INFO] Running at [38;5;121m82.87[0m[38;5;159m FPS ([38;5;121m82.87[0m[38;5;159m FPS per env, [38;5;121m1[0m[38;5;159m envs).[0m
[38;5;159m[Genesis] [06:37:09] [INFO] Running at [38;5;121m82.87[0m[38;5;159m FPS ([38;5;121m82.87[0m[38;5;159m FPS per env, [38;5;121m1[0m[38;5;159m envs).[0m
[38;5;159m[Genesis] [06:37:09] [INFO] Running at [38;5;121m82.87[0m[38;5;159m FPS ([38;5;121m82.87[0m[38;5;159m FPS per env, [38;5;121m1[0m[38;5;159m envs).[0m
[38;5;159m[Genesis] [06:37:10] [INFO] Running at [38;5;121m82.86[0m[38;5;159m FPS ([38;5;121m82.86[0m[38;5;159m FPS per env, [38;5;121m1[0m[38;5;159m envs).[0m
[38;5;159m[Genesis] [06:37:10] [INFO] Running at [38;5;121m82.86[0m[38;5;159m FPS ([38;5;121m82.86[0m[38;5;159m FPS per env, [38;5;121m1[0m[38;5;159m envs).[0m
[38;5;159m[Genesis] [06:37:10] [INFO] Running at [38;5;121m82.87[0m[38;5;159m FPS ([38;5;121m82.87[0m[38;5;159m FPS per env, [38;5;121m1[0m[38;5;159m envs).[0m
[38;5;159m[Genesis] [06:37:10] [INFO] Running at [38;5;121m82.87[0m[38;5;159m FPS ([38;5;121m82.87[0m[38;5;159m FPS per env, [38;5;121m1[0m[38;5;159m envs).[0m
[38;5;159m[Genesis] [06:37:10] [INFO] Running at [38;5;121m82.88[0m[38;5;159m FPS ([38;5;121m82.88[0m[38;5;159m FPS per env, [38;5;121m1[0m[38;5;159m envs).[0m
[38;5;159m[Genesis] [06:37:10] [INFO] Running at [38;5;121m82.86[0m[38;5;159m FPS ([38;5;121m82.86[0m[38;5;159m FPS per env, [38;5;121m1[0m[38;5;159m envs).[0m
[38;5;159m[Genesis] [06:37:10] [INFO] Running at [38;5;121m82.87[0m[38;5;159m FPS ([38;5;121m82.87[0m[38;5;159m FPS per env, [38;5;121m1[0m[38;5;159m envs).[0m
[38;5;159m[Genesis] [06:37:10] [INFO] Running at [38;5;121m82.88[0m[38;5;159m FPS ([38;5;121m82.88[0m[38;5;159m FPS per env, [38;5;121m1[0m[38;5;159m envs).[0m
[38;5;159m[Genesis] [06:37:10] [INFO] Running at [38;5;121m82.85[0m[38;5;159m FPS ([38;5;121m82.85[0m[38;5;159m FPS per env, [38;5;121m1[0m[38;5;159m envs).[0m
[38;5;159m[Genesis] [06:37:10] [INFO] Running at [38;5;121m66.81[0m[38;5;159m FPS ([38;5;121m66.81[0m[38;5;159m FPS per env, [38;5;121m1[0m[38;5;159m envs).[0m
[38;5;159m[Genesis] [06:37:10] [INFO] Running at [38;5;121m83.48[0m[38;5;159m FPS ([38;5;121m83.48[0m[38;5;159m FPS per env, [38;5;121m1[0m[38;5;159m envs).[0m
[38;5;159m[Genesis] [06:37:10] [INFO] Running at [38;5;121m83.45[0m[38;5;159m FPS ([38;5;121m83.45[0m[38;5;159m FPS per env, [38;5;121m1[0m[38;5;159m envs).[0m
[38;5;159m[Genesis] [06:37:10] [INFO] Running at [38;5;121m83.42[0m[38;5;159m FPS ([38;5;121m83.42[0m[38;5;159m FPS per env, [38;5;121m1[0m[38;5;159m envs).[0m
[38;5;159m[Genesis] [06:37:10] [INFO] Running at [38;5;121m83.38[0m[38;5;159m FPS ([38;5;121m83.38[0m[38;5;159m FPS per env, [38;5;121m1[0m[38;5;159m envs).[0m
[38;5;159m[Genesis] [06:37:10] [INFO] Running at [38;5;121m83.34[0m[38;5;159m FPS ([38;5;121m83.34[0m[38;5;159m FPS per env, [38;5;121m1[0m[38;5;159m envs).[0m
[38;5;159m[Genesis] [06:37:10] [INFO] Running at [38;5;121m83.32[0m[38;5;159m FPS ([38;5;121m83.32[0m[38;5;159m FPS per env, [38;5;121m1[0m[38;5;159m envs).[0m
[38;5;159m[Genesis] [06:37:10] [INFO] Running at [38;5;121m83.31[0m[38;5;159m FPS ([38;5;121m83.31[0m[38;5;159m FPS per env, [38;5;121m1[0m[38;5;159m envs).[0m
[38;5;159m[Genesis] [06:37:11] [INFO] Running at [38;5;121m83.29[0m[38;5;159m FPS ([38;5;121m83.29[0m[38;5;159m FPS per env, [38;5;121m1[0m[38;5;159m envs).[0m
[38;5;159m[Genesis] [06:37:11] [INFO] Running at [38;5;121m83.28[0m[38;5;159m FPS ([38;5;121m83.28[0m[38;5;159m FPS per env, [38;5;121m1[0m[38;5;159m envs).[0m
[38;5;159m[Genesis] [06:37:11] [INFO] Running at [38;5;121m83.27[0m[38;5;159m FPS ([38;5;121m83.27[0m[38;5;159m FPS per env, [38;5;121m1[0m[38;5;159m envs).[0m
[38;5;159m[Genesis] [06:37:11] [INFO] Running at [38;5;121m83.25[0m[38;5;159m FPS ([38;5;121m83.25[0m[38;5;159m FPS per env, [38;5;121m1[0m[38;5;159m envs).[0m
[38;5;159m[Genesis] [06:37:11] [INFO] Running at [38;5;121m83.24[0m[38;5;159m FPS ([38;5;121m83.24[0m[38;5;159m FPS per env, [38;5;121m1[0m[38;5;159m envs).[0m
[38;5;159m[Genesis] [06:37:11] [INFO] Running at [38;5;121m83.22[0m[38;5;159m FPS ([38;5;121m83.22[0m[38;5;159m FPS per env, [38;5;121m1[0m[38;5;159m envs).[0m
[38;5;159m[Genesis] [06:37:11] [INFO] Running at [38;5;121m83.17[0m[38;5;159m FPS ([38;5;121m83.17[0m[38;5;159m FPS per env, [38;5;121m1[0m[38;5;159m envs).[0m
[38;5;159m[Genesis] [06:37:11] [INFO] Running at [38;5;121m83.15[0m[38;5;159m FPS ([38;5;121m83.15[0m[38;5;159m FPS per env, [38;5;121m1[0m[38;5;159m envs).[0m
[38;5;159m[Genesis] [06:37:11] [INFO] Running at [38;5;121m83.13[0m[38;5;159m FPS ([38;5;121m83.13[0m[38;5;159m FPS per env, [38;5;121m1[0m[38;5;159m envs).[0m
[38;5;159m[Genesis] [06:37:11] [INFO] Running at [38;5;121m67.04[0m[38;5;159m FPS ([38;5;121m67.04[0m[38;5;159m FPS per env, [38;5;121m1[0m[38;5;159m envs).[0m
[38;5;159m[Genesis] [06:37:11] [INFO] Running at [38;5;121m83.74[0m[38;5;159m FPS ([38;5;121m83.74[0m[38;5;159m FPS per env, [38;5;121m1[0m[38;5;159m envs).[0m
[38;5;159m[Genesis] [06:37:11] [INFO] Running at [38;5;121m83.70[0m[38;5;159m FPS ([38;5;121m83.70[0m[38;5;159m FPS per env, [38;5;121m1[0m[38;5;159m envs).[0m
[38;5;159m[Genesis] [06:37:11] [INFO] Running at [38;5;121m83.65[0m[38;5;159m FPS ([38;5;121m83.65[0m[38;5;159m FPS per env, [38;5;121m1[0m[38;5;159m envs).[0m
[38;5;159m[Genesis] [06:37:11] [INFO] Running at [38;5;121m83.52[0m[38;5;159m FPS ([38;5;121m83.52[0m[38;5;159m FPS per env, [38;5;121m1[0m[38;5;159m envs).[0m
[38;5;159m[Genesis] [06:37:11] [INFO] Running at [38;5;121m67.35[0m[38;5;159m FPS ([38;5;121m67.35[0m[38;5;159m FPS per env, [38;5;121m1[0m[38;5;159m envs).[0m
[38;5;159m[Genesis] [06:37:11] [INFO] Running at [38;5;121m67.75[0m[38;5;159m FPS ([38;5;121m67.75[0m[38;5;159m FPS per env, [38;5;121m1[0m[38;5;159m envs).[0m
[38;5;159m[Genesis] [06:37:11] [INFO] Running at [38;5;121m84.59[0m[38;5;159m FPS ([38;5;121m84.59[0m[38;5;159m FPS per env, [38;5;121m1[0m[38;5;159m envs).[0m
[38;5;159m[Genesis] [06:37:12] [INFO] Running at [38;5;121m84.50[0m[38;5;159m FPS ([38;5;121m84.50[0m[38;5;159m FPS per env, [38;5;121m1[0m[38;5;159m envs).[0m
[38;5;159m[Genesis] [06:37:12] [INFO] Running at [38;5;121m84.43[0m[38;5;159m FPS ([38;5;121m84.43[0m[38;5;159m FPS per env, [38;5;121m1[0m[38;5;159m envs).[0m
[38;5;159m[Genesis] [06:37:12] [INFO] Running at [38;5;121m84.34[0m[38;5;159m FPS ([38;5;121m84.34[0m[38;5;159m FPS per env, [38;5;121m1[0m[38;5;159m envs).[0m
[38;5;159m[Genesis] [06:37:12] [INFO] Running at [38;5;121m84.27[0m[38;5;159m FPS ([38;5;121m84.27[0m[38;5;159m FPS per env, [38;5;121m1[0m[38;5;159m envs).[0m
[38;5;159m[Genesis] [06:37:12] [INFO] Running at [38;5;121m84.20[0m[38;5;159m FPS ([38;5;121m84.20[0m[38;5;159m FPS per env, [38;5;121m1[0m[38;5;159m envs).[0m
[38;5;159m[Genesis] [06:37:12] [INFO] Running at [38;5;121m84.10[0m[38;5;159m FPS ([38;5;121m84.10[0m[38;5;159m FPS per env, [38;5;121m1[0m[38;5;159m envs).[0m
[38;5;159m[Genesis] [06:37:12] [INFO] Running at [38;5;121m84.05[0m[38;5;159m FPS ([38;5;121m84.05[0m[38;5;159m FPS per env, [38;5;121m1[0m[38;5;159m envs).[0m
[38;5;159m[Genesis] [06:37:12] [INFO] Running at [38;5;121m83.98[0m[38;5;159m FPS ([38;5;121m83.98[0m[38;5;159m FPS per env, [38;5;121m1[0m[38;5;159m envs).[0m
[38;5;159m[Genesis] [06:37:12] [INFO] Running at [38;5;121m83.92[0m[38;5;159m FPS ([38;5;121m83.92[0m[38;5;159m FPS per env, [38;5;121m1[0m[38;5;159m envs).[0m
[38;5;159m[Genesis] [06:37:12] [INFO] Running at [38;5;121m83.73[0m[38;5;159m FPS ([38;5;121m83.73[0m[38;5;159m FPS per env, [38;5;121m1[0m[38;5;159m envs).[0m
[38;5;159m[Genesis] [06:37:12] [INFO] Running at [38;5;121m83.68[0m[38;5;159m FPS ([38;5;121m83.68[0m[38;5;159m FPS per env, [38;5;121m1[0m[38;5;159m envs).[0m
[38;5;159m[Genesis] [06:37:12] [INFO] Running at [38;5;121m83.56[0m[38;5;159m FPS ([38;5;121m83.56[0m[38;5;159m FPS per env, [38;5;121m1[0m[38;5;159m envs).[0m
[38;5;159m[Genesis] [06:37:12] [INFO] Running at [38;5;121m83.53[0m[38;5;159m FPS ([38;5;121m83.53[0m[38;5;159m FPS per env, [38;5;121m1[0m[38;5;159m envs).[0m
[38;5;159m[Genesis] [06:37:12] [INFO] Running at [38;5;121m83.50[0m[38;5;159m FPS ([38;5;121m83.50[0m[38;5;159m FPS per env, [38;5;121m1[0m[38;5;159m envs).[0m
[38;5;159m[Genesis] [06:37:12] [INFO] Running at [38;5;121m83.47[0m[38;5;159m FPS ([38;5;121m83.47[0m[38;5;159m FPS per env, [38;5;121m1[0m[38;5;159m envs).[0m
[38;5;159m[Genesis] [06:37:12] [INFO] Running at [38;5;121m83.45[0m[38;5;159m FPS ([38;5;121m83.45[0m[38;5;159m FPS per env, [38;5;121m1[0m[38;5;159m envs).[0m
[38;5;159m[Genesis] [06:37:13] [INFO] Running at [38;5;121m83.43[0m[38;5;159m FPS ([38;5;121m83.43[0m[38;5;159m FPS per env, [38;5;121m1[0m[38;5;159m envs).[0m
[38;5;159m[Genesis] [06:37:13] [INFO] Running at [38;5;121m83.26[0m[38;5;159m FPS ([38;5;121m83.26[0m[38;5;159m FPS per env, [38;5;121m1[0m[38;5;159m envs).[0m
[38;5;159m[Genesis] [06:37:13] [INFO] Running at [38;5;121m83.27[0m[38;5;159m FPS ([38;5;121m83.27[0m[38;5;159m FPS per env, [38;5;121m1[0m[38;5;159m envs).[0m
[38;5;159m[Genesis] [06:37:13] [INFO] Running at [38;5;121m83.26[0m[38;5;159m FPS ([38;5;121m83.26[0m[38;5;159m FPS per env, [38;5;121m1[0m[38;5;159m envs).[0m
[38;5;159m[Genesis] [06:37:13] [INFO] Running at [38;5;121m83.24[0m[38;5;159m FPS ([38;5;121m83.24[0m[38;5;159m FPS per env, [38;5;121m1[0m[38;5;159m envs).[0m
[38;5;159m[Genesis] [06:37:13] [INFO] Running at [38;5;121m83.22[0m[38;5;159m FPS ([38;5;121m83.22[0m[38;5;159m FPS per env, [38;5;121m1[0m[38;5;159m envs).[0m
[38;5;159m[Genesis] [06:37:13] [INFO] Running at [38;5;121m83.21[0m[38;5;159m FPS ([38;5;121m83.21[0m[38;5;159m FPS per env, [38;5;121m1[0m[38;5;159m envs).[0m
[38;5;159m[Genesis] [06:37:13] [INFO] Running at [38;5;121m83.05[0m[38;5;159m FPS ([38;5;121m83.05[0m[38;5;159m FPS per env, [38;5;121m1[0m[38;5;159m envs).[0m
[38;5;159m[Genesis] [06:37:13] [INFO] Running at [38;5;121m83.00[0m[38;5;159m FPS ([38;5;121m83.00[0m[38;5;159m FPS per env, [38;5;121m1[0m[38;5;159m envs).[0m
[38;5;159m[Genesis] [06:37:13] [INFO] Running at [38;5;121m66.85[0m[38;5;159m FPS ([38;5;121m66.85[0m[38;5;159m FPS per env, [38;5;121m1[0m[38;5;159m envs).[0m
[38;5;159m[Genesis] [06:37:13] [INFO] Running at [38;5;121m83.53[0m[38;5;159m FPS ([38;5;121m83.53[0m[38;5;159m FPS per env, [38;5;121m1[0m[38;5;159m envs).[0m
[38;5;159m[Genesis] [06:37:13] [INFO] Running at [38;5;121m67.32[0m[38;5;159m FPS ([38;5;121m67.32[0m[38;5;159m FPS per env, [38;5;121m1[0m[38;5;159m envs).[0m
[38;5;159m[Genesis] [06:37:13] [INFO] Running at [38;5;121m84.07[0m[38;5;159m FPS ([38;5;121m84.07[0m[38;5;159m FPS per env, [38;5;121m1[0m[38;5;159m envs).[0m
[38;5;159m[Genesis] [06:37:13] [INFO] Running at [38;5;121m84.03[0m[38;5;159m FPS ([38;5;121m84.03[0m[38;5;159m FPS per env, [38;5;121m1[0m[38;5;159m envs).[0m
[38;5;159m[Genesis] [06:37:13] [INFO] Running at [38;5;121m83.95[0m[38;5;159m FPS ([38;5;121m83.95[0m[38;5;159m FPS per env, [38;5;121m1[0m[38;5;159m envs).[0m
[38;5;159m[Genesis] [06:37:13] [INFO] Running at [38;5;121m83.88[0m[38;5;159m FPS ([38;5;121m83.88[0m[38;5;159m FPS per env, [38;5;121m1[0m[38;5;159m envs).[0m
[38;5;159m[Genesis] [06:37:13] [INFO] Running at [38;5;121m83.83[0m[38;5;159m FPS ([38;5;121m83.83[0m[38;5;159m FPS per env, [38;5;121m1[0m[38;5;159m envs).[0m
[38;5;159m[Genesis] [06:37:14] [INFO] Running at [38;5;121m83.77[0m[38;5;159m FPS ([38;5;121m83.77[0m[38;5;159m FPS per env, [38;5;121m1[0m[38;5;159m envs).[0m
[38;5;159m[Genesis] [06:37:14] [INFO] Running at [38;5;121m83.72[0m[38;5;159m FPS ([38;5;121m83.72[0m[38;5;159m FPS per env, [38;5;121m1[0m[38;5;159m envs).[0m
[38;5;159m[Genesis] [06:37:14] [INFO] Running at [38;5;121m83.69[0m[38;5;159m FPS ([38;5;121m83.69[0m[38;5;159m FPS per env, [38;5;121m1[0m[38;5;159m envs).[0m
[38;5;159m[Genesis] [06:37:14] [INFO] Running at [38;5;121m83.66[0m[38;5;159m FPS ([38;5;121m83.66[0m[38;5;159m FPS per env, [38;5;121m1[0m[38;5;159m envs).[0m
[38;5;159m[Genesis] [06:37:14] [INFO] Running at [38;5;121m83.63[0m[38;5;159m FPS ([38;5;121m83.63[0m[38;5;159m FPS per env, [38;5;121m1[0m[38;5;159m envs).[0m
[38;5;159m[Genesis] [06:37:14] [INFO] Running at [38;5;121m83.60[0m[38;5;159m FPS ([38;5;121m83.60[0m[38;5;159m FPS per env, [38;5;121m1[0m[38;5;159m envs).[0m
[38;5;159m[Genesis] [06:37:14] [INFO] Running at [38;5;121m83.58[0m[38;5;159m FPS ([38;5;121m83.58[0m[38;5;159m FPS per env, [38;5;121m1[0m[38;5;159m envs).[0m
[38;5;159m[Genesis] [06:37:14] [INFO] Running at [38;5;121m83.56[0m[38;5;159m FPS ([38;5;121m83.56[0m[38;5;159m FPS per env, [38;5;121m1[0m[38;5;159m envs).[0m
[38;5;159m[Genesis] [06:37:14] [INFO] Running at [38;5;121m83.54[0m[38;5;159m FPS ([38;5;121m83.54[0m[38;5;159m FPS per env, [38;5;121m1[0m[38;5;159m envs).[0m
[38;5;159m[Genesis] [06:37:14] [INFO] Running at [38;5;121m83.52[0m[38;5;159m FPS ([38;5;121m83.52[0m[38;5;159m FPS per env, [38;5;121m1[0m[38;5;159m envs).[0m
[38;5;159m[Genesis] [06:37:14] [INFO] Running at [38;5;121m83.49[0m[38;5;159m FPS ([38;5;121m83.49[0m[38;5;159m FPS per env, [38;5;121m1[0m[38;5;159m envs).[0m
[38;5;159m[Genesis] [06:37:14] [INFO] Running at [38;5;121m67.34[0m[38;5;159m FPS ([38;5;121m67.34[0m[38;5;159m FPS per env, [38;5;121m1[0m[38;5;159m envs).[0m
[38;5;159m[Genesis] [06:37:14] [INFO] Running at [38;5;121m84.13[0m[38;5;159m FPS ([38;5;121m84.13[0m[38;5;159m FPS per env, [38;5;121m1[0m[38;5;159m envs).[0m
[38;5;159m[Genesis] [06:37:14] [INFO] Running at [38;5;121m84.06[0m[38;5;159m FPS ([38;5;121m84.06[0m[38;5;159m FPS per env, [38;5;121m1[0m[38;5;159m envs).[0m
[38;5;159m[Genesis] [06:37:14] [INFO] Running at [38;5;121m84.03[0m[38;5;159m FPS ([38;5;121m84.03[0m[38;5;159m FPS per env, [38;5;121m1[0m[38;5;159m envs).[0m
[38;5;159m[Genesis] [06:37:14] [INFO] Running at [38;5;121m84.02[0m[38;5;159m FPS ([38;5;121m84.02[0m[38;5;159m FPS per env, [38;5;121m1[0m[38;5;159m envs).[0m
[38;5;159m[Genesis] [06:37:14] [INFO] Running at [38;5;121m84.00[0m[38;5;159m FPS ([38;5;121m84.00[0m[38;5;159m FPS per env, [38;5;121m1[0m[38;5;159m envs).[0m
[38;5;159m[Genesis] [06:37:15] [INFO] Running at [38;5;121m84.01[0m[38;5;159m FPS ([38;5;121m84.01[0m[38;5;159m FPS per env, [38;5;121m1[0m[38;5;159m envs).[0m
[38;5;159m[Genesis] [06:37:15] [INFO] Running at [38;5;121m84.02[0m[38;5;159m FPS ([38;5;121m84.02[0m[38;5;159m FPS per env, [38;5;121m1[0m[38;5;159m envs).[0m
[38;5;159m[Genesis] [06:37:15] [INFO] Running at [38;5;121m83.99[0m[38;5;159m FPS ([38;5;121m83.99[0m[38;5;159m FPS per env, [38;5;121m1[0m[38;5;159m envs).[0m
[38;5;159m[Genesis] [06:37:15] [INFO] Running at [38;5;121m83.95[0m[38;5;159m FPS ([38;5;121m83.95[0m[38;5;159m FPS per env, [38;5;121m1[0m[38;5;159m envs).[0m
[38;5;159m[Genesis] [06:37:15] [INFO] Running at [38;5;121m83.90[0m[38;5;159m FPS ([38;5;121m83.90[0m[38;5;159m FPS per env, [38;5;121m1[0m[38;5;159m envs).[0m
[38;5;159m[Genesis] [06:37:15] [INFO] Running at [38;5;121m83.82[0m[38;5;159m FPS ([38;5;121m83.82[0m[38;5;159m FPS per env, [38;5;121m1[0m[38;5;159m envs).[0m
[38;5;159m[Genesis] [06:37:15] [INFO] Running at [38;5;121m83.78[0m[38;5;159m FPS ([38;5;121m83.78[0m[38;5;159m FPS per env, [38;5;121m1[0m[38;5;159m envs).[0m
fps 50
[38;5;159m[Genesis] [06:37:15] [INFO] Saving video to [38;5;121m"test_3000_behind.mp4"[0m[38;5;159m...[0m
[38;5;159m[Genesis] [06:37:18] [INFO] Video saved.[0m
[38;5;159m[Genesis] [06:37:18] [INFO] Saving video to [38;5;121m"test_3000_side.mp4"[0m[38;5;159m...[0m
[38;5;159m[Genesis] [06:37:20] [INFO] Video saved.[0m
Saved recordings for checkpoint 3000.
[38;5;159m[Genesis] [06:37:21] [INFO] 💤 Exiting Genesis and caching compiled kernels...[0m
