[38;5;159m[Genesis] [06:45:46] [INFO] [38;5;121m╭───────────────────────────────────────────────╮[0m[38;5;159m[0m
[38;5;159m[Genesis] [06:45:46] [INFO] [38;5;121m│┈┉┈┉┈┉┈┉┈┉┈┉┈┉┈┉┈┉┈[0m[38;5;159m [38;5;121m[1m[3mGenesis[0m[38;5;159m [38;5;121m┈┉┈┉┈┉┈┉┈┉┈┉┈┉┈┉┈┉┈│[0m[38;5;159m[0m
[38;5;159m[Genesis] [06:45:46] [INFO] [38;5;121m╰───────────────────────────────────────────────╯[0m[38;5;159m[0m
[38;5;159m[Genesis] [06:45:47] [INFO] Running on [38;5;121m[4m[NVIDIA GeForce RTX 5090][0m[38;5;159m with backend [38;5;121m[4mgs.cuda[0m[38;5;159m. Device memory: [38;5;121m[4m31.36[0m[38;5;159m GB.[0m
[38;5;159m[Genesis] [06:45:47] [INFO] 🚀 Genesis initialized. 🔖 version: [38;5;121m[4m0.4.7[0m[38;5;159m, 🎨 theme: [38;5;121m[4mdark[0m[38;5;159m, 🌱 seed: [38;5;121m[4mNone[0m[38;5;159m, 🐛 debug: [38;5;121m[4mFalse[0m[38;5;159m, 📏 precision: [38;5;121m[4m64[0m[38;5;159m, 🔥 performance: [38;5;121m[4mFalse[0m[38;5;159m, 💬 verbose: [38;5;121m[4mINFO[0m[38;5;159m[0m
[38;5;226m[Genesis] [06:45:50] [WARNING] Viewer option 'n_rendered_envs' is deprecated and will be removed in a future release. Please use 'rendered_envs_idx' instead.[0m
[38;5;159m[Genesis] [06:45:50] [INFO] Scene [38;5;121m[3m<97beb94>[0m[38;5;159m created.[0m
[38;5;159m[Genesis] [06:45:50] [INFO] Adding [38;5;121m<gs.engine.entities.RigidEntity>[0m[38;5;159m. idx: [38;5;121m0[0m[38;5;159m, uid: [38;5;121m[3m<5b2dd4f>[0m[38;5;159m, morph: [38;5;121m<gs.morphs.Terrain>[0m[38;5;159m, material: [38;5;121m<gs.materials.Rigid>[0m[38;5;159m.[0m
[38;5;159m[Genesis] [06:45:51] [INFO] Adding [38;5;121m<gs.engine.entities.RigidEntity>[0m[38;5;159m. idx: [38;5;121m1[0m[38;5;159m, uid: [38;5;121m[3m<3518a9a>[0m[38;5;159m, morph: [38;5;121m<gs.morphs.URDF(file='/home/jfriesen/.local/lib/python3.12/site-packages/genesis/assets/urdf/go2/urdf/go2.urdf')>[0m[38;5;159m, material: [38;5;121m<gs.materials.Rigid>[0m[38;5;159m.[0m
[38;5;159m[Genesis] [06:45:54] [INFO] Building scene [38;5;121m[3m<97beb94>[0m[38;5;159m...[0m
[38;5;226m[Genesis] [06:45:54] [WARNING] Neutral robot position (qpos0) exceeds joint limits.[0m
[38;5;159m[Genesis] [06:45:56] [INFO] Compiling simulation kernels...[0m
[38;5;159m[Genesis] [06:45:57] [INFO] Building visualizer...[0m
[38;5;226m[Genesis] [06:45:58] [WARNING] This property is deprecated and will be removed in future release. Please use 'dofs_idx_local' instead.[0m
[38;5;226m[Genesis] [06:45:58] [WARNING] This property is deprecated and will be removed in future release. Please use 'dofs_idx_local' instead.[0m
[38;5;226m[Genesis] [06:45:58] [WARNING] This property is deprecated and will be removed in future release. Please use 'dofs_idx_local' instead.[0m
[38;5;226m[Genesis] [06:45:58] [WARNING] This property is deprecated and will be removed in future release. Please use 'dofs_idx_local' instead.[0m
[38;5;226m[Genesis] [06:45:58] [WARNING] This property is deprecated and will be removed in future release. Please use 'dofs_idx_local' instead.[0m
[38;5;226m[Genesis] [06:45:58] [WARNING] This property is deprecated and will be removed in future release. Please use 'dofs_idx_local' instead.[0m
[38;5;226m[Genesis] [06:45:58] [WARNING] This property is deprecated and will be removed in future release. Please use 'dofs_idx_local' instead.[0m
[38;5;226m[Genesis] [06:45:58] [WARNING] This property is deprecated and will be removed in future release. Please use 'dofs_idx_local' instead.[0m
[38;5;226m[Genesis] [06:45:58] [WARNING] This property is deprecated and will be removed in future release. Please use 'dofs_idx_local' instead.[0m
[38;5;226m[Genesis] [06:45:58] [WARNING] This property is deprecated and will be removed in future release. Please use 'dofs_idx_local' instead.[0m
[38;5;226m[Genesis] [06:45:58] [WARNING] This property is deprecated and will be removed in future release. Please use 'dofs_idx_local' instead.[0m
[38;5;226m[Genesis] [06:45:58] [WARNING] This property is deprecated and will be removed in future release. Please use 'dofs_idx_local' instead.[0m
/home/jfriesen/.local/lib/python3.12/site-packages/torch/utils/_device.py:122: UserWarning: To copy construct from a tensor, it is recommended to use sourceTensor.detach().clone() or sourceTensor.detach().clone().requires_grad_(True), rather than torch.tensor(sourceTensor).
  return func(*args, **kwargs)
Actor MLP: Sequential(
  (0): Linear(in_features=76, out_features=512, bias=True)
  (1): ELU(alpha=1.0)
  (2): Linear(in_features=512, out_features=256, bias=True)
  (3): ELU(alpha=1.0)
  (4): Linear(in_features=256, out_features=128, bias=True)
  (5): ELU(alpha=1.0)
  (6): Linear(in_features=128, out_features=12, bias=True)
)
Critic MLP: Sequential(
  (0): Linear(in_features=100, out_features=512, bias=True)
  (1): ELU(alpha=1.0)
  (2): Linear(in_features=512, out_features=256, bias=True)
  (3): ELU(alpha=1.0)
  (4): Linear(in_features=256, out_features=128, bias=True)
  (5): ELU(alpha=1.0)
  (6): Linear(in_features=128, out_features=1, bias=True)
)
[38;5;159m[Genesis] [06:46:00] [INFO] Running at [38;5;121m1.53[0m[38;5;159m FPS ([38;5;121m1.53[0m[38;5;159m FPS per env, [38;5;121m1[0m[38;5;159m envs).[0m
[38;5;159m[Genesis] [06:46:01] [INFO] Running at [38;5;121m5.91[0m[38;5;159m FPS ([38;5;121m5.91[0m[38;5;159m FPS per env, [38;5;121m1[0m[38;5;159m envs).[0m
[38;5;159m[Genesis] [06:46:01] [INFO] Running at [38;5;121m62.13[0m[38;5;159m FPS ([38;5;121m62.13[0m[38;5;159m FPS per env, [38;5;121m1[0m[38;5;159m envs).[0m
[38;5;159m[Genesis] [06:46:01] [INFO] Running at [38;5;121m62.11[0m[38;5;159m FPS ([38;5;121m62.11[0m[38;5;159m FPS per env, [38;5;121m1[0m[38;5;159m envs).[0m
[38;5;159m[Genesis] [06:46:01] [INFO] Running at [38;5;121m62.18[0m[38;5;159m FPS ([38;5;121m62.18[0m[38;5;159m FPS per env, [38;5;121m1[0m[38;5;159m envs).[0m
[38;5;159m[Genesis] [06:46:01] [INFO] Running at [38;5;121m62.29[0m[38;5;159m FPS ([38;5;121m62.29[0m[38;5;159m FPS per env, [38;5;121m1[0m[38;5;159m envs).[0m
[38;5;159m[Genesis] [06:46:01] [INFO] Running at [38;5;121m47.10[0m[38;5;159m FPS ([38;5;121m47.10[0m[38;5;159m FPS per env, [38;5;121m1[0m[38;5;159m envs).[0m
[38;5;159m[Genesis] [06:46:01] [INFO] Running at [38;5;121m47.54[0m[38;5;159m FPS ([38;5;121m47.54[0m[38;5;159m FPS per env, [38;5;121m1[0m[38;5;159m envs).[0m
[38;5;159m[Genesis] [06:46:01] [INFO] Running at [38;5;121m47.99[0m[38;5;159m FPS ([38;5;121m47.99[0m[38;5;159m FPS per env, [38;5;121m1[0m[38;5;159m envs).[0m
[38;5;159m[Genesis] [06:46:01] [INFO] Running at [38;5;121m63.90[0m[38;5;159m FPS ([38;5;121m63.90[0m[38;5;159m FPS per env, [38;5;121m1[0m[38;5;159m envs).[0m
[38;5;159m[Genesis] [06:46:01] [INFO] Running at [38;5;121m48.17[0m[38;5;159m FPS ([38;5;121m48.17[0m[38;5;159m FPS per env, [38;5;121m1[0m[38;5;159m envs).[0m
[38;5;159m[Genesis] [06:46:01] [INFO] Running at [38;5;121m64.16[0m[38;5;159m FPS ([38;5;121m64.16[0m[38;5;159m FPS per env, [38;5;121m1[0m[38;5;159m envs).[0m
[38;5;159m[Genesis] [06:46:01] [INFO] Running at [38;5;121m48.43[0m[38;5;159m FPS ([38;5;121m48.43[0m[38;5;159m FPS per env, [38;5;121m1[0m[38;5;159m envs).[0m
[38;5;159m[Genesis] [06:46:01] [INFO] Running at [38;5;121m64.41[0m[38;5;159m FPS ([38;5;121m64.41[0m[38;5;159m FPS per env, [38;5;121m1[0m[38;5;159m envs).[0m
[38;5;159m[Genesis] [06:46:01] [INFO] Running at [38;5;121m48.78[0m[38;5;159m FPS ([38;5;121m48.78[0m[38;5;159m FPS per env, [38;5;121m1[0m[38;5;159m envs).[0m
[38;5;159m[Genesis] [06:46:01] [INFO] Running at [38;5;121m64.93[0m[38;5;159m FPS ([38;5;121m64.93[0m[38;5;159m FPS per env, [38;5;121m1[0m[38;5;159m envs).[0m
[38;5;159m[Genesis] [06:46:01] [INFO] Running at [38;5;121m49.10[0m[38;5;159m FPS ([38;5;121m49.10[0m[38;5;159m FPS per env, [38;5;121m1[0m[38;5;159m envs).[0m
[38;5;159m[Genesis] [06:46:02] [INFO] Running at [38;5;121m65.37[0m[38;5;159m FPS ([38;5;121m65.37[0m[38;5;159m FPS per env, [38;5;121m1[0m[38;5;159m envs).[0m
[38;5;159m[Genesis] [06:46:02] [INFO] Running at [38;5;121m65.23[0m[38;5;159m FPS ([38;5;121m65.23[0m[38;5;159m FPS per env, [38;5;121m1[0m[38;5;159m envs).[0m
[38;5;159m[Genesis] [06:46:02] [INFO] Running at [38;5;121m65.25[0m[38;5;159m FPS ([38;5;121m65.25[0m[38;5;159m FPS per env, [38;5;121m1[0m[38;5;159m envs).[0m
[38;5;159m[Genesis] [06:46:02] [INFO] Running at [38;5;121m65.20[0m[38;5;159m FPS ([38;5;121m65.20[0m[38;5;159m FPS per env, [38;5;121m1[0m[38;5;159m envs).[0m
[38;5;159m[Genesis] [06:46:02] [INFO] Running at [38;5;121m65.28[0m[38;5;159m FPS ([38;5;121m65.28[0m[38;5;159m FPS per env, [38;5;121m1[0m[38;5;159m envs).[0m
[38;5;159m[Genesis] [06:46:02] [INFO] Running at [38;5;121m65.17[0m[38;5;159m FPS ([38;5;121m65.17[0m[38;5;159m FPS per env, [38;5;121m1[0m[38;5;159m envs).[0m
[38;5;159m[Genesis] [06:46:02] [INFO] Running at [38;5;121m49.24[0m[38;5;159m FPS ([38;5;121m49.24[0m[38;5;159m FPS per env, [38;5;121m1[0m[38;5;159m envs).[0m
[38;5;159m[Genesis] [06:46:02] [INFO] Running at [38;5;121m49.37[0m[38;5;159m FPS ([38;5;121m49.37[0m[38;5;159m FPS per env, [38;5;121m1[0m[38;5;159m envs).[0m
[38;5;159m[Genesis] [06:46:02] [INFO] Running at [38;5;121m49.62[0m[38;5;159m FPS ([38;5;121m49.62[0m[38;5;159m FPS per env, [38;5;121m1[0m[38;5;159m envs).[0m
[38;5;159m[Genesis] [06:46:02] [INFO] Running at [38;5;121m49.89[0m[38;5;159m FPS ([38;5;121m49.89[0m[38;5;159m FPS per env, [38;5;121m1[0m[38;5;159m envs).[0m
[38;5;159m[Genesis] [06:46:02] [INFO] Running at [38;5;121m50.15[0m[38;5;159m FPS ([38;5;121m50.15[0m[38;5;159m FPS per env, [38;5;121m1[0m[38;5;159m envs).[0m
[38;5;159m[Genesis] [06:46:02] [INFO] Running at [38;5;121m50.47[0m[38;5;159m FPS ([38;5;121m50.47[0m[38;5;159m FPS per env, [38;5;121m1[0m[38;5;159m envs).[0m
[38;5;159m[Genesis] [06:46:02] [INFO] Running at [38;5;121m50.78[0m[38;5;159m FPS ([38;5;121m50.78[0m[38;5;159m FPS per env, [38;5;121m1[0m[38;5;159m envs).[0m
[38;5;159m[Genesis] [06:46:02] [INFO] Running at [38;5;121m67.35[0m[38;5;159m FPS ([38;5;121m67.35[0m[38;5;159m FPS per env, [38;5;121m1[0m[38;5;159m envs).[0m
[38;5;159m[Genesis] [06:46:02] [INFO] Running at [38;5;121m50.87[0m[38;5;159m FPS ([38;5;121m50.87[0m[38;5;159m FPS per env, [38;5;121m1[0m[38;5;159m envs).[0m
[38;5;159m[Genesis] [06:46:02] [INFO] Running at [38;5;121m67.71[0m[38;5;159m FPS ([38;5;121m67.71[0m[38;5;159m FPS per env, [38;5;121m1[0m[38;5;159m envs).[0m
[38;5;159m[Genesis] [06:46:02] [INFO] Running at [38;5;121m51.17[0m[38;5;159m FPS ([38;5;121m51.17[0m[38;5;159m FPS per env, [38;5;121m1[0m[38;5;159m envs).[0m
[38;5;159m[Genesis] [06:46:03] [INFO] Running at [38;5;121m51.54[0m[38;5;159m FPS ([38;5;121m51.54[0m[38;5;159m FPS per env, [38;5;121m1[0m[38;5;159m envs).[0m
[38;5;159m[Genesis] [06:46:03] [INFO] Running at [38;5;121m68.23[0m[38;5;159m FPS ([38;5;121m68.23[0m[38;5;159m FPS per env, [38;5;121m1[0m[38;5;159m envs).[0m
[38;5;159m[Genesis] [06:46:03] [INFO] Running at [38;5;121m67.88[0m[38;5;159m FPS ([38;5;121m67.88[0m[38;5;159m FPS per env, [38;5;121m1[0m[38;5;159m envs).[0m
[38;5;159m[Genesis] [06:46:03] [INFO] Running at [38;5;121m67.36[0m[38;5;159m FPS ([38;5;121m67.36[0m[38;5;159m FPS per env, [38;5;121m1[0m[38;5;159m envs).[0m
[38;5;159m[Genesis] [06:46:03] [INFO] Running at [38;5;121m67.30[0m[38;5;159m FPS ([38;5;121m67.30[0m[38;5;159m FPS per env, [38;5;121m1[0m[38;5;159m envs).[0m
[38;5;159m[Genesis] [06:46:03] [INFO] Running at [38;5;121m50.51[0m[38;5;159m FPS ([38;5;121m50.51[0m[38;5;159m FPS per env, [38;5;121m1[0m[38;5;159m envs).[0m
[38;5;159m[Genesis] [06:46:03] [INFO] Running at [38;5;121m67.10[0m[38;5;159m FPS ([38;5;121m67.10[0m[38;5;159m FPS per env, [38;5;121m1[0m[38;5;159m envs).[0m
[38;5;159m[Genesis] [06:46:03] [INFO] Running at [38;5;121m50.68[0m[38;5;159m FPS ([38;5;121m50.68[0m[38;5;159m FPS per env, [38;5;121m1[0m[38;5;159m envs).[0m
[38;5;159m[Genesis] [06:46:03] [INFO] Running at [38;5;121m51.02[0m[38;5;159m FPS ([38;5;121m51.02[0m[38;5;159m FPS per env, [38;5;121m1[0m[38;5;159m envs).[0m
[38;5;159m[Genesis] [06:46:03] [INFO] Running at [38;5;121m51.37[0m[38;5;159m FPS ([38;5;121m51.37[0m[38;5;159m FPS per env, [38;5;121m1[0m[38;5;159m envs).[0m
[38;5;159m[Genesis] [06:46:03] [INFO] Running at [38;5;121m51.69[0m[38;5;159m FPS ([38;5;121m51.69[0m[38;5;159m FPS per env, [38;5;121m1[0m[38;5;159m envs).[0m
[38;5;159m[Genesis] [06:46:03] [INFO] Running at [38;5;121m68.45[0m[38;5;159m FPS ([38;5;121m68.45[0m[38;5;159m FPS per env, [38;5;121m1[0m[38;5;159m envs).[0m
[38;5;159m[Genesis] [06:46:03] [INFO] Running at [38;5;121m51.70[0m[38;5;159m FPS ([38;5;121m51.70[0m[38;5;159m FPS per env, [38;5;121m1[0m[38;5;159m envs).[0m
[38;5;159m[Genesis] [06:46:03] [INFO] Running at [38;5;121m52.01[0m[38;5;159m FPS ([38;5;121m52.01[0m[38;5;159m FPS per env, [38;5;121m1[0m[38;5;159m envs).[0m
[38;5;159m[Genesis] [06:46:03] [INFO] Running at [38;5;121m52.35[0m[38;5;159m FPS ([38;5;121m52.35[0m[38;5;159m FPS per env, [38;5;121m1[0m[38;5;159m envs).[0m
[38;5;159m[Genesis] [06:46:03] [INFO] Running at [38;5;121m52.43[0m[38;5;159m FPS ([38;5;121m52.43[0m[38;5;159m FPS per env, [38;5;121m1[0m[38;5;159m envs).[0m
[38;5;159m[Genesis] [06:46:03] [INFO] Running at [38;5;121m52.62[0m[38;5;159m FPS ([38;5;121m52.62[0m[38;5;159m FPS per env, [38;5;121m1[0m[38;5;159m envs).[0m
[38;5;159m[Genesis] [06:46:03] [INFO] Running at [38;5;121m52.81[0m[38;5;159m FPS ([38;5;121m52.81[0m[38;5;159m FPS per env, [38;5;121m1[0m[38;5;159m envs).[0m
[38;5;159m[Genesis] [06:46:04] [INFO] Running at [38;5;121m69.73[0m[38;5;159m FPS ([38;5;121m69.73[0m[38;5;159m FPS per env, [38;5;121m1[0m[38;5;159m envs).[0m
[38;5;159m[Genesis] [06:46:04] [INFO] Running at [38;5;121m69.21[0m[38;5;159m FPS ([38;5;121m69.21[0m[38;5;159m FPS per env, [38;5;121m1[0m[38;5;159m envs).[0m
[38;5;159m[Genesis] [06:46:04] [INFO] Running at [38;5;121m52.14[0m[38;5;159m FPS ([38;5;121m52.14[0m[38;5;159m FPS per env, [38;5;121m1[0m[38;5;159m envs).[0m
[38;5;159m[Genesis] [06:46:04] [INFO] Running at [38;5;121m69.12[0m[38;5;159m FPS ([38;5;121m69.12[0m[38;5;159m FPS per env, [38;5;121m1[0m[38;5;159m envs).[0m
[38;5;159m[Genesis] [06:46:04] [INFO] Running at [38;5;121m52.17[0m[38;5;159m FPS ([38;5;121m52.17[0m[38;5;159m FPS per env, [38;5;121m1[0m[38;5;159m envs).[0m
[38;5;159m[Genesis] [06:46:04] [INFO] Running at [38;5;121m69.46[0m[38;5;159m FPS ([38;5;121m69.46[0m[38;5;159m FPS per env, [38;5;121m1[0m[38;5;159m envs).[0m
[38;5;159m[Genesis] [06:46:04] [INFO] Running at [38;5;121m69.22[0m[38;5;159m FPS ([38;5;121m69.22[0m[38;5;159m FPS per env, [38;5;121m1[0m[38;5;159m envs).[0m
[38;5;159m[Genesis] [06:46:04] [INFO] Running at [38;5;121m69.20[0m[38;5;159m FPS ([38;5;121m69.20[0m[38;5;159m FPS per env, [38;5;121m1[0m[38;5;159m envs).[0m
[38;5;159m[Genesis] [06:46:04] [INFO] Running at [38;5;121m68.98[0m[38;5;159m FPS ([38;5;121m68.98[0m[38;5;159m FPS per env, [38;5;121m1[0m[38;5;159m envs).[0m
[38;5;159m[Genesis] [06:46:04] [INFO] Running at [38;5;121m68.87[0m[38;5;159m FPS ([38;5;121m68.87[0m[38;5;159m FPS per env, [38;5;121m1[0m[38;5;159m envs).[0m
[38;5;159m[Genesis] [06:46:04] [INFO] Running at [38;5;121m68.83[0m[38;5;159m FPS ([38;5;121m68.83[0m[38;5;159m FPS per env, [38;5;121m1[0m[38;5;159m envs).[0m
[38;5;159m[Genesis] [06:46:04] [INFO] Running at [38;5;121m68.86[0m[38;5;159m FPS ([38;5;121m68.86[0m[38;5;159m FPS per env, [38;5;121m1[0m[38;5;159m envs).[0m
[38;5;159m[Genesis] [06:46:04] [INFO] Running at [38;5;121m69.01[0m[38;5;159m FPS ([38;5;121m69.01[0m[38;5;159m FPS per env, [38;5;121m1[0m[38;5;159m envs).[0m
[38;5;159m[Genesis] [06:46:04] [INFO] Running at [38;5;121m68.87[0m[38;5;159m FPS ([38;5;121m68.87[0m[38;5;159m FPS per env, [38;5;121m1[0m[38;5;159m envs).[0m
[38;5;159m[Genesis] [06:46:04] [INFO] Running at [38;5;121m68.72[0m[38;5;159m FPS ([38;5;121m68.72[0m[38;5;159m FPS per env, [38;5;121m1[0m[38;5;159m envs).[0m
[38;5;159m[Genesis] [06:46:04] [INFO] Running at [38;5;121m68.63[0m[38;5;159m FPS ([38;5;121m68.63[0m[38;5;159m FPS per env, [38;5;121m1[0m[38;5;159m envs).[0m
[38;5;159m[Genesis] [06:46:04] [INFO] Running at [38;5;121m68.65[0m[38;5;159m FPS ([38;5;121m68.65[0m[38;5;159m FPS per env, [38;5;121m1[0m[38;5;159m envs).[0m
[38;5;159m[Genesis] [06:46:05] [INFO] Running at [38;5;121m68.69[0m[38;5;159m FPS ([38;5;121m68.69[0m[38;5;159m FPS per env, [38;5;121m1[0m[38;5;159m envs).[0m
[38;5;159m[Genesis] [06:46:05] [INFO] Running at [38;5;121m68.69[0m[38;5;159m FPS ([38;5;121m68.69[0m[38;5;159m FPS per env, [38;5;121m1[0m[38;5;159m envs).[0m
[38;5;159m[Genesis] [06:46:05] [INFO] Running at [38;5;121m68.68[0m[38;5;159m FPS ([38;5;121m68.68[0m[38;5;159m FPS per env, [38;5;121m1[0m[38;5;159m envs).[0m
[38;5;159m[Genesis] [06:46:05] [INFO] Running at [38;5;121m51.55[0m[38;5;159m FPS ([38;5;121m51.55[0m[38;5;159m FPS per env, [38;5;121m1[0m[38;5;159m envs).[0m
[38;5;159m[Genesis] [06:46:05] [INFO] Running at [38;5;121m68.53[0m[38;5;159m FPS ([38;5;121m68.53[0m[38;5;159m FPS per env, [38;5;121m1[0m[38;5;159m envs).[0m
[38;5;159m[Genesis] [06:46:05] [INFO] Running at [38;5;121m68.46[0m[38;5;159m FPS ([38;5;121m68.46[0m[38;5;159m FPS per env, [38;5;121m1[0m[38;5;159m envs).[0m
[38;5;159m[Genesis] [06:46:05] [INFO] Running at [38;5;121m68.45[0m[38;5;159m FPS ([38;5;121m68.45[0m[38;5;159m FPS per env, [38;5;121m1[0m[38;5;159m envs).[0m
[38;5;159m[Genesis] [06:46:05] [INFO] Running at [38;5;121m68.16[0m[38;5;159m FPS ([38;5;121m68.16[0m[38;5;159m FPS per env, [38;5;121m1[0m[38;5;159m envs).[0m
[38;5;159m[Genesis] [06:46:05] [INFO] Running at [38;5;121m67.86[0m[38;5;159m FPS ([38;5;121m67.86[0m[38;5;159m FPS per env, [38;5;121m1[0m[38;5;159m envs).[0m
[38;5;159m[Genesis] [06:46:05] [INFO] Running at [38;5;121m67.72[0m[38;5;159m FPS ([38;5;121m67.72[0m[38;5;159m FPS per env, [38;5;121m1[0m[38;5;159m envs).[0m
[38;5;159m[Genesis] [06:46:05] [INFO] Running at [38;5;121m67.44[0m[38;5;159m FPS ([38;5;121m67.44[0m[38;5;159m FPS per env, [38;5;121m1[0m[38;5;159m envs).[0m
[38;5;159m[Genesis] [06:46:05] [INFO] Running at [38;5;121m67.44[0m[38;5;159m FPS ([38;5;121m67.44[0m[38;5;159m FPS per env, [38;5;121m1[0m[38;5;159m envs).[0m
[38;5;159m[Genesis] [06:46:05] [INFO] Running at [38;5;121m67.15[0m[38;5;159m FPS ([38;5;121m67.15[0m[38;5;159m FPS per env, [38;5;121m1[0m[38;5;159m envs).[0m
[38;5;159m[Genesis] [06:46:05] [INFO] Running at [38;5;121m67.10[0m[38;5;159m FPS ([38;5;121m67.10[0m[38;5;159m FPS per env, [38;5;121m1[0m[38;5;159m envs).[0m
[38;5;159m[Genesis] [06:46:05] [INFO] Running at [38;5;121m67.21[0m[38;5;159m FPS ([38;5;121m67.21[0m[38;5;159m FPS per env, [38;5;121m1[0m[38;5;159m envs).[0m
[38;5;159m[Genesis] [06:46:05] [INFO] Running at [38;5;121m50.69[0m[38;5;159m FPS ([38;5;121m50.69[0m[38;5;159m FPS per env, [38;5;121m1[0m[38;5;159m envs).[0m
[38;5;159m[Genesis] [06:46:06] [INFO] Running at [38;5;121m67.60[0m[38;5;159m FPS ([38;5;121m67.60[0m[38;5;159m FPS per env, [38;5;121m1[0m[38;5;159m envs).[0m
[38;5;159m[Genesis] [06:46:06] [INFO] Running at [38;5;121m67.58[0m[38;5;159m FPS ([38;5;121m67.58[0m[38;5;159m FPS per env, [38;5;121m1[0m[38;5;159m envs).[0m
[38;5;159m[Genesis] [06:46:06] [INFO] Running at [38;5;121m67.37[0m[38;5;159m FPS ([38;5;121m67.37[0m[38;5;159m FPS per env, [38;5;121m1[0m[38;5;159m envs).[0m
[38;5;159m[Genesis] [06:46:06] [INFO] Running at [38;5;121m50.92[0m[38;5;159m FPS ([38;5;121m50.92[0m[38;5;159m FPS per env, [38;5;121m1[0m[38;5;159m envs).[0m
[38;5;159m[Genesis] [06:46:06] [INFO] Running at [38;5;121m51.08[0m[38;5;159m FPS ([38;5;121m51.08[0m[38;5;159m FPS per env, [38;5;121m1[0m[38;5;159m envs).[0m
[38;5;159m[Genesis] [06:46:06] [INFO] Running at [38;5;121m51.34[0m[38;5;159m FPS ([38;5;121m51.34[0m[38;5;159m FPS per env, [38;5;121m1[0m[38;5;159m envs).[0m
[38;5;159m[Genesis] [06:46:06] [INFO] Running at [38;5;121m68.33[0m[38;5;159m FPS ([38;5;121m68.33[0m[38;5;159m FPS per env, [38;5;121m1[0m[38;5;159m envs).[0m
[38;5;159m[Genesis] [06:46:06] [INFO] Running at [38;5;121m68.29[0m[38;5;159m FPS ([38;5;121m68.29[0m[38;5;159m FPS per env, [38;5;121m1[0m[38;5;159m envs).[0m
[38;5;159m[Genesis] [06:46:06] [INFO] Running at [38;5;121m67.98[0m[38;5;159m FPS ([38;5;121m67.98[0m[38;5;159m FPS per env, [38;5;121m1[0m[38;5;159m envs).[0m
[38;5;159m[Genesis] [06:46:06] [INFO] Running at [38;5;121m67.63[0m[38;5;159m FPS ([38;5;121m67.63[0m[38;5;159m FPS per env, [38;5;121m1[0m[38;5;159m envs).[0m
[38;5;159m[Genesis] [06:46:06] [INFO] Running at [38;5;121m50.91[0m[38;5;159m FPS ([38;5;121m50.91[0m[38;5;159m FPS per env, [38;5;121m1[0m[38;5;159m envs).[0m
[38;5;159m[Genesis] [06:46:06] [INFO] Running at [38;5;121m51.27[0m[38;5;159m FPS ([38;5;121m51.27[0m[38;5;159m FPS per env, [38;5;121m1[0m[38;5;159m envs).[0m
[38;5;159m[Genesis] [06:46:06] [INFO] Running at [38;5;121m67.86[0m[38;5;159m FPS ([38;5;121m67.86[0m[38;5;159m FPS per env, [38;5;121m1[0m[38;5;159m envs).[0m
[38;5;159m[Genesis] [06:46:06] [INFO] Running at [38;5;121m51.06[0m[38;5;159m FPS ([38;5;121m51.06[0m[38;5;159m FPS per env, [38;5;121m1[0m[38;5;159m envs).[0m
[38;5;159m[Genesis] [06:46:06] [INFO] Running at [38;5;121m67.70[0m[38;5;159m FPS ([38;5;121m67.70[0m[38;5;159m FPS per env, [38;5;121m1[0m[38;5;159m envs).[0m
[38;5;159m[Genesis] [06:46:06] [INFO] Running at [38;5;121m67.37[0m[38;5;159m FPS ([38;5;121m67.37[0m[38;5;159m FPS per env, [38;5;121m1[0m[38;5;159m envs).[0m
[38;5;159m[Genesis] [06:46:06] [INFO] Running at [38;5;121m67.21[0m[38;5;159m FPS ([38;5;121m67.21[0m[38;5;159m FPS per env, [38;5;121m1[0m[38;5;159m envs).[0m
[38;5;159m[Genesis] [06:46:07] [INFO] Running at [38;5;121m66.90[0m[38;5;159m FPS ([38;5;121m66.90[0m[38;5;159m FPS per env, [38;5;121m1[0m[38;5;159m envs).[0m
[38;5;159m[Genesis] [06:46:07] [INFO] Running at [38;5;121m66.65[0m[38;5;159m FPS ([38;5;121m66.65[0m[38;5;159m FPS per env, [38;5;121m1[0m[38;5;159m envs).[0m
[38;5;159m[Genesis] [06:46:07] [INFO] Running at [38;5;121m50.38[0m[38;5;159m FPS ([38;5;121m50.38[0m[38;5;159m FPS per env, [38;5;121m1[0m[38;5;159m envs).[0m
[38;5;159m[Genesis] [06:46:07] [INFO] Running at [38;5;121m67.14[0m[38;5;159m FPS ([38;5;121m67.14[0m[38;5;159m FPS per env, [38;5;121m1[0m[38;5;159m envs).[0m
[38;5;159m[Genesis] [06:46:07] [INFO] Running at [38;5;121m50.74[0m[38;5;159m FPS ([38;5;121m50.74[0m[38;5;159m FPS per env, [38;5;121m1[0m[38;5;159m envs).[0m
[38;5;159m[Genesis] [06:46:07] [INFO] Running at [38;5;121m67.31[0m[38;5;159m FPS ([38;5;121m67.31[0m[38;5;159m FPS per env, [38;5;121m1[0m[38;5;159m envs).[0m
[38;5;159m[Genesis] [06:46:07] [INFO] Running at [38;5;121m50.81[0m[38;5;159m FPS ([38;5;121m50.81[0m[38;5;159m FPS per env, [38;5;121m1[0m[38;5;159m envs).[0m
[38;5;159m[Genesis] [06:46:07] [INFO] Running at [38;5;121m51.04[0m[38;5;159m FPS ([38;5;121m51.04[0m[38;5;159m FPS per env, [38;5;121m1[0m[38;5;159m envs).[0m
[38;5;159m[Genesis] [06:46:07] [INFO] Running at [38;5;121m51.29[0m[38;5;159m FPS ([38;5;121m51.29[0m[38;5;159m FPS per env, [38;5;121m1[0m[38;5;159m envs).[0m
[38;5;159m[Genesis] [06:46:07] [INFO] Running at [38;5;121m67.96[0m[38;5;159m FPS ([38;5;121m67.96[0m[38;5;159m FPS per env, [38;5;121m1[0m[38;5;159m envs).[0m
[38;5;159m[Genesis] [06:46:07] [INFO] Running at [38;5;121m67.49[0m[38;5;159m FPS ([38;5;121m67.49[0m[38;5;159m FPS per env, [38;5;121m1[0m[38;5;159m envs).[0m
[38;5;159m[Genesis] [06:46:07] [INFO] Running at [38;5;121m50.90[0m[38;5;159m FPS ([38;5;121m50.90[0m[38;5;159m FPS per env, [38;5;121m1[0m[38;5;159m envs).[0m
[38;5;159m[Genesis] [06:46:07] [INFO] Running at [38;5;121m50.85[0m[38;5;159m FPS ([38;5;121m50.85[0m[38;5;159m FPS per env, [38;5;121m1[0m[38;5;159m envs).[0m
[38;5;159m[Genesis] [06:46:07] [INFO] Running at [38;5;121m51.21[0m[38;5;159m FPS ([38;5;121m51.21[0m[38;5;159m FPS per env, [38;5;121m1[0m[38;5;159m envs).[0m
[38;5;159m[Genesis] [06:46:07] [INFO] Running at [38;5;121m68.19[0m[38;5;159m FPS ([38;5;121m68.19[0m[38;5;159m FPS per env, [38;5;121m1[0m[38;5;159m envs).[0m
[38;5;159m[Genesis] [06:46:07] [INFO] Running at [38;5;121m68.14[0m[38;5;159m FPS ([38;5;121m68.14[0m[38;5;159m FPS per env, [38;5;121m1[0m[38;5;159m envs).[0m
[38;5;159m[Genesis] [06:46:07] [INFO] Running at [38;5;121m67.95[0m[38;5;159m FPS ([38;5;121m67.95[0m[38;5;159m FPS per env, [38;5;121m1[0m[38;5;159m envs).[0m
[38;5;159m[Genesis] [06:46:08] [INFO] Running at [38;5;121m67.61[0m[38;5;159m FPS ([38;5;121m67.61[0m[38;5;159m FPS per env, [38;5;121m1[0m[38;5;159m envs).[0m
[38;5;159m[Genesis] [06:46:08] [INFO] Running at [38;5;121m50.79[0m[38;5;159m FPS ([38;5;121m50.79[0m[38;5;159m FPS per env, [38;5;121m1[0m[38;5;159m envs).[0m
[38;5;159m[Genesis] [06:46:08] [INFO] Running at [38;5;121m50.87[0m[38;5;159m FPS ([38;5;121m50.87[0m[38;5;159m FPS per env, [38;5;121m1[0m[38;5;159m envs).[0m
[38;5;159m[Genesis] [06:46:08] [INFO] Running at [38;5;121m51.14[0m[38;5;159m FPS ([38;5;121m51.14[0m[38;5;159m FPS per env, [38;5;121m1[0m[38;5;159m envs).[0m
[38;5;159m[Genesis] [06:46:08] [INFO] Running at [38;5;121m51.48[0m[38;5;159m FPS ([38;5;121m51.48[0m[38;5;159m FPS per env, [38;5;121m1[0m[38;5;159m envs).[0m
[38;5;159m[Genesis] [06:46:08] [INFO] Running at [38;5;121m51.66[0m[38;5;159m FPS ([38;5;121m51.66[0m[38;5;159m FPS per env, [38;5;121m1[0m[38;5;159m envs).[0m
[38;5;159m[Genesis] [06:46:08] [INFO] Running at [38;5;121m51.84[0m[38;5;159m FPS ([38;5;121m51.84[0m[38;5;159m FPS per env, [38;5;121m1[0m[38;5;159m envs).[0m
[38;5;159m[Genesis] [06:46:08] [INFO] Running at [38;5;121m51.99[0m[38;5;159m FPS ([38;5;121m51.99[0m[38;5;159m FPS per env, [38;5;121m1[0m[38;5;159m envs).[0m
[38;5;159m[Genesis] [06:46:08] [INFO] Running at [38;5;121m69.13[0m[38;5;159m FPS ([38;5;121m69.13[0m[38;5;159m FPS per env, [38;5;121m1[0m[38;5;159m envs).[0m
[38;5;159m[Genesis] [06:46:08] [INFO] Running at [38;5;121m68.88[0m[38;5;159m FPS ([38;5;121m68.88[0m[38;5;159m FPS per env, [38;5;121m1[0m[38;5;159m envs).[0m
[38;5;159m[Genesis] [06:46:08] [INFO] Running at [38;5;121m68.85[0m[38;5;159m FPS ([38;5;121m68.85[0m[38;5;159m FPS per env, [38;5;121m1[0m[38;5;159m envs).[0m
[38;5;159m[Genesis] [06:46:08] [INFO] Running at [38;5;121m68.75[0m[38;5;159m FPS ([38;5;121m68.75[0m[38;5;159m FPS per env, [38;5;121m1[0m[38;5;159m envs).[0m
[38;5;159m[Genesis] [06:46:08] [INFO] Running at [38;5;121m68.56[0m[38;5;159m FPS ([38;5;121m68.56[0m[38;5;159m FPS per env, [38;5;121m1[0m[38;5;159m envs).[0m
[38;5;159m[Genesis] [06:46:08] [INFO] Running at [38;5;121m68.46[0m[38;5;159m FPS ([38;5;121m68.46[0m[38;5;159m FPS per env, [38;5;121m1[0m[38;5;159m envs).[0m
[38;5;159m[Genesis] [06:46:08] [INFO] Running at [38;5;121m68.44[0m[38;5;159m FPS ([38;5;121m68.44[0m[38;5;159m FPS per env, [38;5;121m1[0m[38;5;159m envs).[0m
[38;5;159m[Genesis] [06:46:08] [INFO] Running at [38;5;121m68.32[0m[38;5;159m FPS ([38;5;121m68.32[0m[38;5;159m FPS per env, [38;5;121m1[0m[38;5;159m envs).[0m
[38;5;159m[Genesis] [06:46:08] [INFO] Running at [38;5;121m68.31[0m[38;5;159m FPS ([38;5;121m68.31[0m[38;5;159m FPS per env, [38;5;121m1[0m[38;5;159m envs).[0m
[38;5;159m[Genesis] [06:46:08] [INFO] Running at [38;5;121m67.99[0m[38;5;159m FPS ([38;5;121m67.99[0m[38;5;159m FPS per env, [38;5;121m1[0m[38;5;159m envs).[0m
[38;5;159m[Genesis] [06:46:09] [INFO] Running at [38;5;121m67.62[0m[38;5;159m FPS ([38;5;121m67.62[0m[38;5;159m FPS per env, [38;5;121m1[0m[38;5;159m envs).[0m
[38;5;159m[Genesis] [06:46:09] [INFO] Running at [38;5;121m67.34[0m[38;5;159m FPS ([38;5;121m67.34[0m[38;5;159m FPS per env, [38;5;121m1[0m[38;5;159m envs).[0m
[38;5;159m[Genesis] [06:46:09] [INFO] Running at [38;5;121m50.84[0m[38;5;159m FPS ([38;5;121m50.84[0m[38;5;159m FPS per env, [38;5;121m1[0m[38;5;159m envs).[0m
[38;5;159m[Genesis] [06:46:09] [INFO] Running at [38;5;121m67.62[0m[38;5;159m FPS ([38;5;121m67.62[0m[38;5;159m FPS per env, [38;5;121m1[0m[38;5;159m envs).[0m
[38;5;159m[Genesis] [06:46:09] [INFO] Running at [38;5;121m67.24[0m[38;5;159m FPS ([38;5;121m67.24[0m[38;5;159m FPS per env, [38;5;121m1[0m[38;5;159m envs).[0m
[38;5;159m[Genesis] [06:46:09] [INFO] Running at [38;5;121m50.81[0m[38;5;159m FPS ([38;5;121m50.81[0m[38;5;159m FPS per env, [38;5;121m1[0m[38;5;159m envs).[0m
[38;5;159m[Genesis] [06:46:09] [INFO] Running at [38;5;121m67.34[0m[38;5;159m FPS ([38;5;121m67.34[0m[38;5;159m FPS per env, [38;5;121m1[0m[38;5;159m envs).[0m
[38;5;159m[Genesis] [06:46:09] [INFO] Running at [38;5;121m67.11[0m[38;5;159m FPS ([38;5;121m67.11[0m[38;5;159m FPS per env, [38;5;121m1[0m[38;5;159m envs).[0m
[38;5;159m[Genesis] [06:46:09] [INFO] Running at [38;5;121m50.65[0m[38;5;159m FPS ([38;5;121m50.65[0m[38;5;159m FPS per env, [38;5;121m1[0m[38;5;159m envs).[0m
[38;5;159m[Genesis] [06:46:09] [INFO] Running at [38;5;121m67.47[0m[38;5;159m FPS ([38;5;121m67.47[0m[38;5;159m FPS per env, [38;5;121m1[0m[38;5;159m envs).[0m
[38;5;159m[Genesis] [06:46:09] [INFO] Running at [38;5;121m67.53[0m[38;5;159m FPS ([38;5;121m67.53[0m[38;5;159m FPS per env, [38;5;121m1[0m[38;5;159m envs).[0m
[38;5;159m[Genesis] [06:46:09] [INFO] Running at [38;5;121m67.59[0m[38;5;159m FPS ([38;5;121m67.59[0m[38;5;159m FPS per env, [38;5;121m1[0m[38;5;159m envs).[0m
[38;5;159m[Genesis] [06:46:09] [INFO] Running at [38;5;121m67.78[0m[38;5;159m FPS ([38;5;121m67.78[0m[38;5;159m FPS per env, [38;5;121m1[0m[38;5;159m envs).[0m
[38;5;159m[Genesis] [06:46:09] [INFO] Running at [38;5;121m67.78[0m[38;5;159m FPS ([38;5;121m67.78[0m[38;5;159m FPS per env, [38;5;121m1[0m[38;5;159m envs).[0m
[38;5;159m[Genesis] [06:46:09] [INFO] Running at [38;5;121m67.80[0m[38;5;159m FPS ([38;5;121m67.80[0m[38;5;159m FPS per env, [38;5;121m1[0m[38;5;159m envs).[0m
[38;5;159m[Genesis] [06:46:09] [INFO] Running at [38;5;121m50.82[0m[38;5;159m FPS ([38;5;121m50.82[0m[38;5;159m FPS per env, [38;5;121m1[0m[38;5;159m envs).[0m
[38;5;159m[Genesis] [06:46:10] [INFO] Running at [38;5;121m67.45[0m[38;5;159m FPS ([38;5;121m67.45[0m[38;5;159m FPS per env, [38;5;121m1[0m[38;5;159m envs).[0m
[38;5;159m[Genesis] [06:46:10] [INFO] Running at [38;5;121m50.90[0m[38;5;159m FPS ([38;5;121m50.90[0m[38;5;159m FPS per env, [38;5;121m1[0m[38;5;159m envs).[0m
[38;5;159m[Genesis] [06:46:10] [INFO] Running at [38;5;121m67.92[0m[38;5;159m FPS ([38;5;121m67.92[0m[38;5;159m FPS per env, [38;5;121m1[0m[38;5;159m envs).[0m
[38;5;159m[Genesis] [06:46:10] [INFO] Running at [38;5;121m67.85[0m[38;5;159m FPS ([38;5;121m67.85[0m[38;5;159m FPS per env, [38;5;121m1[0m[38;5;159m envs).[0m
[38;5;159m[Genesis] [06:46:10] [INFO] Running at [38;5;121m67.86[0m[38;5;159m FPS ([38;5;121m67.86[0m[38;5;159m FPS per env, [38;5;121m1[0m[38;5;159m envs).[0m
[38;5;159m[Genesis] [06:46:10] [INFO] Running at [38;5;121m67.92[0m[38;5;159m FPS ([38;5;121m67.92[0m[38;5;159m FPS per env, [38;5;121m1[0m[38;5;159m envs).[0m
[38;5;159m[Genesis] [06:46:10] [INFO] Running at [38;5;121m67.92[0m[38;5;159m FPS ([38;5;121m67.92[0m[38;5;159m FPS per env, [38;5;121m1[0m[38;5;159m envs).[0m
[38;5;159m[Genesis] [06:46:10] [INFO] Running at [38;5;121m68.07[0m[38;5;159m FPS ([38;5;121m68.07[0m[38;5;159m FPS per env, [38;5;121m1[0m[38;5;159m envs).[0m
[38;5;159m[Genesis] [06:46:10] [INFO] Running at [38;5;121m68.09[0m[38;5;159m FPS ([38;5;121m68.09[0m[38;5;159m FPS per env, [38;5;121m1[0m[38;5;159m envs).[0m
[38;5;159m[Genesis] [06:46:10] [INFO] Running at [38;5;121m68.07[0m[38;5;159m FPS ([38;5;121m68.07[0m[38;5;159m FPS per env, [38;5;121m1[0m[38;5;159m envs).[0m
[38;5;159m[Genesis] [06:46:10] [INFO] Running at [38;5;121m68.11[0m[38;5;159m FPS ([38;5;121m68.11[0m[38;5;159m FPS per env, [38;5;121m1[0m[38;5;159m envs).[0m
[38;5;159m[Genesis] [06:46:10] [INFO] Running at [38;5;121m68.17[0m[38;5;159m FPS ([38;5;121m68.17[0m[38;5;159m FPS per env, [38;5;121m1[0m[38;5;159m envs).[0m
[38;5;159m[Genesis] [06:46:10] [INFO] Running at [38;5;121m51.24[0m[38;5;159m FPS ([38;5;121m51.24[0m[38;5;159m FPS per env, [38;5;121m1[0m[38;5;159m envs).[0m
[38;5;159m[Genesis] [06:46:10] [INFO] Running at [38;5;121m68.14[0m[38;5;159m FPS ([38;5;121m68.14[0m[38;5;159m FPS per env, [38;5;121m1[0m[38;5;159m envs).[0m
[38;5;159m[Genesis] [06:46:10] [INFO] Running at [38;5;121m51.29[0m[38;5;159m FPS ([38;5;121m51.29[0m[38;5;159m FPS per env, [38;5;121m1[0m[38;5;159m envs).[0m
[38;5;159m[Genesis] [06:46:10] [INFO] Running at [38;5;121m51.64[0m[38;5;159m FPS ([38;5;121m51.64[0m[38;5;159m FPS per env, [38;5;121m1[0m[38;5;159m envs).[0m
[38;5;159m[Genesis] [06:46:10] [INFO] Running at [38;5;121m68.39[0m[38;5;159m FPS ([38;5;121m68.39[0m[38;5;159m FPS per env, [38;5;121m1[0m[38;5;159m envs).[0m
[38;5;159m[Genesis] [06:46:10] [INFO] Running at [38;5;121m51.49[0m[38;5;159m FPS ([38;5;121m51.49[0m[38;5;159m FPS per env, [38;5;121m1[0m[38;5;159m envs).[0m
[38;5;159m[Genesis] [06:46:11] [INFO] Running at [38;5;121m68.22[0m[38;5;159m FPS ([38;5;121m68.22[0m[38;5;159m FPS per env, [38;5;121m1[0m[38;5;159m envs).[0m
[38;5;159m[Genesis] [06:46:11] [INFO] Running at [38;5;121m68.21[0m[38;5;159m FPS ([38;5;121m68.21[0m[38;5;159m FPS per env, [38;5;121m1[0m[38;5;159m envs).[0m
[38;5;159m[Genesis] [06:46:11] [INFO] Running at [38;5;121m68.35[0m[38;5;159m FPS ([38;5;121m68.35[0m[38;5;159m FPS per env, [38;5;121m1[0m[38;5;159m envs).[0m
[38;5;159m[Genesis] [06:46:11] [INFO] Running at [38;5;121m68.41[0m[38;5;159m FPS ([38;5;121m68.41[0m[38;5;159m FPS per env, [38;5;121m1[0m[38;5;159m envs).[0m
[38;5;159m[Genesis] [06:46:11] [INFO] Running at [38;5;121m68.37[0m[38;5;159m FPS ([38;5;121m68.37[0m[38;5;159m FPS per env, [38;5;121m1[0m[38;5;159m envs).[0m
[38;5;159m[Genesis] [06:46:11] [INFO] Running at [38;5;121m68.20[0m[38;5;159m FPS ([38;5;121m68.20[0m[38;5;159m FPS per env, [38;5;121m1[0m[38;5;159m envs).[0m
[38;5;159m[Genesis] [06:46:11] [INFO] Running at [38;5;121m67.98[0m[38;5;159m FPS ([38;5;121m67.98[0m[38;5;159m FPS per env, [38;5;121m1[0m[38;5;159m envs).[0m
[38;5;159m[Genesis] [06:46:11] [INFO] Running at [38;5;121m67.74[0m[38;5;159m FPS ([38;5;121m67.74[0m[38;5;159m FPS per env, [38;5;121m1[0m[38;5;159m envs).[0m
[38;5;159m[Genesis] [06:46:11] [INFO] Running at [38;5;121m51.03[0m[38;5;159m FPS ([38;5;121m51.03[0m[38;5;159m FPS per env, [38;5;121m1[0m[38;5;159m envs).[0m
[38;5;159m[Genesis] [06:46:11] [INFO] Running at [38;5;121m67.58[0m[38;5;159m FPS ([38;5;121m67.58[0m[38;5;159m FPS per env, [38;5;121m1[0m[38;5;159m envs).[0m
[38;5;159m[Genesis] [06:46:11] [INFO] Running at [38;5;121m50.97[0m[38;5;159m FPS ([38;5;121m50.97[0m[38;5;159m FPS per env, [38;5;121m1[0m[38;5;159m envs).[0m
[38;5;159m[Genesis] [06:46:11] [INFO] Running at [38;5;121m51.32[0m[38;5;159m FPS ([38;5;121m51.32[0m[38;5;159m FPS per env, [38;5;121m1[0m[38;5;159m envs).[0m
[38;5;159m[Genesis] [06:46:11] [INFO] Running at [38;5;121m51.66[0m[38;5;159m FPS ([38;5;121m51.66[0m[38;5;159m FPS per env, [38;5;121m1[0m[38;5;159m envs).[0m
[38;5;159m[Genesis] [06:46:11] [INFO] Running at [38;5;121m52.00[0m[38;5;159m FPS ([38;5;121m52.00[0m[38;5;159m FPS per env, [38;5;121m1[0m[38;5;159m envs).[0m
[38;5;159m[Genesis] [06:46:11] [INFO] Running at [38;5;121m52.15[0m[38;5;159m FPS ([38;5;121m52.15[0m[38;5;159m FPS per env, [38;5;121m1[0m[38;5;159m envs).[0m
[38;5;159m[Genesis] [06:46:11] [INFO] Running at [38;5;121m69.04[0m[38;5;159m FPS ([38;5;121m69.04[0m[38;5;159m FPS per env, [38;5;121m1[0m[38;5;159m envs).[0m
[38;5;159m[Genesis] [06:46:11] [INFO] Running at [38;5;121m52.00[0m[38;5;159m FPS ([38;5;121m52.00[0m[38;5;159m FPS per env, [38;5;121m1[0m[38;5;159m envs).[0m
[38;5;159m[Genesis] [06:46:12] [INFO] Running at [38;5;121m68.74[0m[38;5;159m FPS ([38;5;121m68.74[0m[38;5;159m FPS per env, [38;5;121m1[0m[38;5;159m envs).[0m
[38;5;159m[Genesis] [06:46:12] [INFO] Running at [38;5;121m51.70[0m[38;5;159m FPS ([38;5;121m51.70[0m[38;5;159m FPS per env, [38;5;121m1[0m[38;5;159m envs).[0m
[38;5;159m[Genesis] [06:46:12] [INFO] Running at [38;5;121m51.38[0m[38;5;159m FPS ([38;5;121m51.38[0m[38;5;159m FPS per env, [38;5;121m1[0m[38;5;159m envs).[0m
[38;5;159m[Genesis] [06:46:12] [INFO] Running at [38;5;121m68.01[0m[38;5;159m FPS ([38;5;121m68.01[0m[38;5;159m FPS per env, [38;5;121m1[0m[38;5;159m envs).[0m
[38;5;159m[Genesis] [06:46:12] [INFO] Running at [38;5;121m51.23[0m[38;5;159m FPS ([38;5;121m51.23[0m[38;5;159m FPS per env, [38;5;121m1[0m[38;5;159m envs).[0m
[38;5;159m[Genesis] [06:46:12] [INFO] Running at [38;5;121m51.55[0m[38;5;159m FPS ([38;5;121m51.55[0m[38;5;159m FPS per env, [38;5;121m1[0m[38;5;159m envs).[0m
[38;5;159m[Genesis] [06:46:12] [INFO] Running at [38;5;121m68.55[0m[38;5;159m FPS ([38;5;121m68.55[0m[38;5;159m FPS per env, [38;5;121m1[0m[38;5;159m envs).[0m
[38;5;159m[Genesis] [06:46:12] [INFO] Running at [38;5;121m68.43[0m[38;5;159m FPS ([38;5;121m68.43[0m[38;5;159m FPS per env, [38;5;121m1[0m[38;5;159m envs).[0m
[38;5;159m[Genesis] [06:46:12] [INFO] Running at [38;5;121m68.29[0m[38;5;159m FPS ([38;5;121m68.29[0m[38;5;159m FPS per env, [38;5;121m1[0m[38;5;159m envs).[0m
[38;5;159m[Genesis] [06:46:12] [INFO] Running at [38;5;121m68.33[0m[38;5;159m FPS ([38;5;121m68.33[0m[38;5;159m FPS per env, [38;5;121m1[0m[38;5;159m envs).[0m
[38;5;159m[Genesis] [06:46:12] [INFO] Running at [38;5;121m68.22[0m[38;5;159m FPS ([38;5;121m68.22[0m[38;5;159m FPS per env, [38;5;121m1[0m[38;5;159m envs).[0m
[38;5;159m[Genesis] [06:46:12] [INFO] Running at [38;5;121m68.31[0m[38;5;159m FPS ([38;5;121m68.31[0m[38;5;159m FPS per env, [38;5;121m1[0m[38;5;159m envs).[0m
[38;5;159m[Genesis] [06:46:12] [INFO] Running at [38;5;121m67.92[0m[38;5;159m FPS ([38;5;121m67.92[0m[38;5;159m FPS per env, [38;5;121m1[0m[38;5;159m envs).[0m
[38;5;159m[Genesis] [06:46:12] [INFO] Running at [38;5;121m67.67[0m[38;5;159m FPS ([38;5;121m67.67[0m[38;5;159m FPS per env, [38;5;121m1[0m[38;5;159m envs).[0m
[38;5;159m[Genesis] [06:46:12] [INFO] Running at [38;5;121m51.05[0m[38;5;159m FPS ([38;5;121m51.05[0m[38;5;159m FPS per env, [38;5;121m1[0m[38;5;159m envs).[0m
[38;5;159m[Genesis] [06:46:12] [INFO] Running at [38;5;121m51.33[0m[38;5;159m FPS ([38;5;121m51.33[0m[38;5;159m FPS per env, [38;5;121m1[0m[38;5;159m envs).[0m
[38;5;159m[Genesis] [06:46:12] [INFO] Running at [38;5;121m68.03[0m[38;5;159m FPS ([38;5;121m68.03[0m[38;5;159m FPS per env, [38;5;121m1[0m[38;5;159m envs).[0m
[38;5;159m[Genesis] [06:46:13] [INFO] Running at [38;5;121m51.38[0m[38;5;159m FPS ([38;5;121m51.38[0m[38;5;159m FPS per env, [38;5;121m1[0m[38;5;159m envs).[0m
[38;5;159m[Genesis] [06:46:13] [INFO] Running at [38;5;121m51.62[0m[38;5;159m FPS ([38;5;121m51.62[0m[38;5;159m FPS per env, [38;5;121m1[0m[38;5;159m envs).[0m
[38;5;159m[Genesis] [06:46:13] [INFO] Running at [38;5;121m51.98[0m[38;5;159m FPS ([38;5;121m51.98[0m[38;5;159m FPS per env, [38;5;121m1[0m[38;5;159m envs).[0m
[38;5;159m[Genesis] [06:46:13] [INFO] Running at [38;5;121m52.31[0m[38;5;159m FPS ([38;5;121m52.31[0m[38;5;159m FPS per env, [38;5;121m1[0m[38;5;159m envs).[0m
[38;5;159m[Genesis] [06:46:13] [INFO] Running at [38;5;121m69.35[0m[38;5;159m FPS ([38;5;121m69.35[0m[38;5;159m FPS per env, [38;5;121m1[0m[38;5;159m envs).[0m
[38;5;159m[Genesis] [06:46:13] [INFO] Running at [38;5;121m69.16[0m[38;5;159m FPS ([38;5;121m69.16[0m[38;5;159m FPS per env, [38;5;121m1[0m[38;5;159m envs).[0m
[38;5;159m[Genesis] [06:46:13] [INFO] Running at [38;5;121m68.72[0m[38;5;159m FPS ([38;5;121m68.72[0m[38;5;159m FPS per env, [38;5;121m1[0m[38;5;159m envs).[0m
[38;5;159m[Genesis] [06:46:13] [INFO] Running at [38;5;121m68.09[0m[38;5;159m FPS ([38;5;121m68.09[0m[38;5;159m FPS per env, [38;5;121m1[0m[38;5;159m envs).[0m
[38;5;159m[Genesis] [06:46:13] [INFO] Running at [38;5;121m51.32[0m[38;5;159m FPS ([38;5;121m51.32[0m[38;5;159m FPS per env, [38;5;121m1[0m[38;5;159m envs).[0m
[38;5;159m[Genesis] [06:46:13] [INFO] Running at [38;5;121m68.09[0m[38;5;159m FPS ([38;5;121m68.09[0m[38;5;159m FPS per env, [38;5;121m1[0m[38;5;159m envs).[0m
[38;5;159m[Genesis] [06:46:13] [INFO] Running at [38;5;121m51.11[0m[38;5;159m FPS ([38;5;121m51.11[0m[38;5;159m FPS per env, [38;5;121m1[0m[38;5;159m envs).[0m
[38;5;159m[Genesis] [06:46:13] [INFO] Running at [38;5;121m67.93[0m[38;5;159m FPS ([38;5;121m67.93[0m[38;5;159m FPS per env, [38;5;121m1[0m[38;5;159m envs).[0m
[38;5;159m[Genesis] [06:46:13] [INFO] Running at [38;5;121m67.88[0m[38;5;159m FPS ([38;5;121m67.88[0m[38;5;159m FPS per env, [38;5;121m1[0m[38;5;159m envs).[0m
[38;5;159m[Genesis] [06:46:13] [INFO] Running at [38;5;121m67.92[0m[38;5;159m FPS ([38;5;121m67.92[0m[38;5;159m FPS per env, [38;5;121m1[0m[38;5;159m envs).[0m
[38;5;159m[Genesis] [06:46:13] [INFO] Running at [38;5;121m67.80[0m[38;5;159m FPS ([38;5;121m67.80[0m[38;5;159m FPS per env, [38;5;121m1[0m[38;5;159m envs).[0m
[38;5;159m[Genesis] [06:46:13] [INFO] Running at [38;5;121m67.78[0m[38;5;159m FPS ([38;5;121m67.78[0m[38;5;159m FPS per env, [38;5;121m1[0m[38;5;159m envs).[0m
[38;5;159m[Genesis] [06:46:13] [INFO] Running at [38;5;121m67.76[0m[38;5;159m FPS ([38;5;121m67.76[0m[38;5;159m FPS per env, [38;5;121m1[0m[38;5;159m envs).[0m
[38;5;159m[Genesis] [06:46:14] [INFO] Running at [38;5;121m67.85[0m[38;5;159m FPS ([38;5;121m67.85[0m[38;5;159m FPS per env, [38;5;121m1[0m[38;5;159m envs).[0m
[38;5;159m[Genesis] [06:46:14] [INFO] Running at [38;5;121m67.80[0m[38;5;159m FPS ([38;5;121m67.80[0m[38;5;159m FPS per env, [38;5;121m1[0m[38;5;159m envs).[0m
[38;5;159m[Genesis] [06:46:14] [INFO] Running at [38;5;121m51.18[0m[38;5;159m FPS ([38;5;121m51.18[0m[38;5;159m FPS per env, [38;5;121m1[0m[38;5;159m envs).[0m
[38;5;159m[Genesis] [06:46:14] [INFO] Running at [38;5;121m51.55[0m[38;5;159m FPS ([38;5;121m51.55[0m[38;5;159m FPS per env, [38;5;121m1[0m[38;5;159m envs).[0m
[38;5;159m[Genesis] [06:46:14] [INFO] Running at [38;5;121m68.15[0m[38;5;159m FPS ([38;5;121m68.15[0m[38;5;159m FPS per env, [38;5;121m1[0m[38;5;159m envs).[0m
[38;5;159m[Genesis] [06:46:14] [INFO] Running at [38;5;121m51.40[0m[38;5;159m FPS ([38;5;121m51.40[0m[38;5;159m FPS per env, [38;5;121m1[0m[38;5;159m envs).[0m
[38;5;159m[Genesis] [06:46:14] [INFO] Running at [38;5;121m51.77[0m[38;5;159m FPS ([38;5;121m51.77[0m[38;5;159m FPS per env, [38;5;121m1[0m[38;5;159m envs).[0m
[38;5;159m[Genesis] [06:46:14] [INFO] Running at [38;5;121m68.44[0m[38;5;159m FPS ([38;5;121m68.44[0m[38;5;159m FPS per env, [38;5;121m1[0m[38;5;159m envs).[0m
[38;5;159m[Genesis] [06:46:14] [INFO] Running at [38;5;121m51.56[0m[38;5;159m FPS ([38;5;121m51.56[0m[38;5;159m FPS per env, [38;5;121m1[0m[38;5;159m envs).[0m
[38;5;159m[Genesis] [06:46:14] [INFO] Running at [38;5;121m68.37[0m[38;5;159m FPS ([38;5;121m68.37[0m[38;5;159m FPS per env, [38;5;121m1[0m[38;5;159m envs).[0m
[38;5;159m[Genesis] [06:46:14] [INFO] Running at [38;5;121m68.04[0m[38;5;159m FPS ([38;5;121m68.04[0m[38;5;159m FPS per env, [38;5;121m1[0m[38;5;159m envs).[0m
[38;5;159m[Genesis] [06:46:14] [INFO] Running at [38;5;121m67.87[0m[38;5;159m FPS ([38;5;121m67.87[0m[38;5;159m FPS per env, [38;5;121m1[0m[38;5;159m envs).[0m
[38;5;159m[Genesis] [06:46:14] [INFO] Running at [38;5;121m67.59[0m[38;5;159m FPS ([38;5;121m67.59[0m[38;5;159m FPS per env, [38;5;121m1[0m[38;5;159m envs).[0m
[38;5;159m[Genesis] [06:46:14] [INFO] Running at [38;5;121m67.25[0m[38;5;159m FPS ([38;5;121m67.25[0m[38;5;159m FPS per env, [38;5;121m1[0m[38;5;159m envs).[0m
[38;5;159m[Genesis] [06:46:14] [INFO] Running at [38;5;121m50.57[0m[38;5;159m FPS ([38;5;121m50.57[0m[38;5;159m FPS per env, [38;5;121m1[0m[38;5;159m envs).[0m
[38;5;159m[Genesis] [06:46:14] [INFO] Running at [38;5;121m50.93[0m[38;5;159m FPS ([38;5;121m50.93[0m[38;5;159m FPS per env, [38;5;121m1[0m[38;5;159m envs).[0m
[38;5;159m[Genesis] [06:46:14] [INFO] Running at [38;5;121m51.14[0m[38;5;159m FPS ([38;5;121m51.14[0m[38;5;159m FPS per env, [38;5;121m1[0m[38;5;159m envs).[0m
[38;5;159m[Genesis] [06:46:15] [INFO] Running at [38;5;121m51.43[0m[38;5;159m FPS ([38;5;121m51.43[0m[38;5;159m FPS per env, [38;5;121m1[0m[38;5;159m envs).[0m
[38;5;159m[Genesis] [06:46:15] [INFO] Running at [38;5;121m51.75[0m[38;5;159m FPS ([38;5;121m51.75[0m[38;5;159m FPS per env, [38;5;121m1[0m[38;5;159m envs).[0m
[38;5;159m[Genesis] [06:46:15] [INFO] Running at [38;5;121m68.71[0m[38;5;159m FPS ([38;5;121m68.71[0m[38;5;159m FPS per env, [38;5;121m1[0m[38;5;159m envs).[0m
[38;5;159m[Genesis] [06:46:15] [INFO] Running at [38;5;121m68.56[0m[38;5;159m FPS ([38;5;121m68.56[0m[38;5;159m FPS per env, [38;5;121m1[0m[38;5;159m envs).[0m
[38;5;159m[Genesis] [06:46:15] [INFO] Running at [38;5;121m68.40[0m[38;5;159m FPS ([38;5;121m68.40[0m[38;5;159m FPS per env, [38;5;121m1[0m[38;5;159m envs).[0m
[38;5;159m[Genesis] [06:46:15] [INFO] Running at [38;5;121m67.85[0m[38;5;159m FPS ([38;5;121m67.85[0m[38;5;159m FPS per env, [38;5;121m1[0m[38;5;159m envs).[0m
[38;5;159m[Genesis] [06:46:15] [INFO] Running at [38;5;121m67.36[0m[38;5;159m FPS ([38;5;121m67.36[0m[38;5;159m FPS per env, [38;5;121m1[0m[38;5;159m envs).[0m
[38;5;159m[Genesis] [06:46:15] [INFO] Running at [38;5;121m50.88[0m[38;5;159m FPS ([38;5;121m50.88[0m[38;5;159m FPS per env, [38;5;121m1[0m[38;5;159m envs).[0m
[38;5;159m[Genesis] [06:46:15] [INFO] Running at [38;5;121m67.45[0m[38;5;159m FPS ([38;5;121m67.45[0m[38;5;159m FPS per env, [38;5;121m1[0m[38;5;159m envs).[0m
[38;5;159m[Genesis] [06:46:15] [INFO] Running at [38;5;121m50.98[0m[38;5;159m FPS ([38;5;121m50.98[0m[38;5;159m FPS per env, [38;5;121m1[0m[38;5;159m envs).[0m
[38;5;159m[Genesis] [06:46:15] [INFO] Running at [38;5;121m51.33[0m[38;5;159m FPS ([38;5;121m51.33[0m[38;5;159m FPS per env, [38;5;121m1[0m[38;5;159m envs).[0m
[38;5;159m[Genesis] [06:46:15] [INFO] Running at [38;5;121m67.96[0m[38;5;159m FPS ([38;5;121m67.96[0m[38;5;159m FPS per env, [38;5;121m1[0m[38;5;159m envs).[0m
[38;5;159m[Genesis] [06:46:15] [INFO] Running at [38;5;121m67.83[0m[38;5;159m FPS ([38;5;121m67.83[0m[38;5;159m FPS per env, [38;5;121m1[0m[38;5;159m envs).[0m
[38;5;159m[Genesis] [06:46:15] [INFO] Running at [38;5;121m67.66[0m[38;5;159m FPS ([38;5;121m67.66[0m[38;5;159m FPS per env, [38;5;121m1[0m[38;5;159m envs).[0m
[38;5;159m[Genesis] [06:46:15] [INFO] Running at [38;5;121m67.58[0m[38;5;159m FPS ([38;5;121m67.58[0m[38;5;159m FPS per env, [38;5;121m1[0m[38;5;159m envs).[0m
[38;5;159m[Genesis] [06:46:15] [INFO] Running at [38;5;121m67.14[0m[38;5;159m FPS ([38;5;121m67.14[0m[38;5;159m FPS per env, [38;5;121m1[0m[38;5;159m envs).[0m
[38;5;159m[Genesis] [06:46:16] [INFO] Running at [38;5;121m66.65[0m[38;5;159m FPS ([38;5;121m66.65[0m[38;5;159m FPS per env, [38;5;121m1[0m[38;5;159m envs).[0m
[38;5;159m[Genesis] [06:46:16] [INFO] Running at [38;5;121m66.47[0m[38;5;159m FPS ([38;5;121m66.47[0m[38;5;159m FPS per env, [38;5;121m1[0m[38;5;159m envs).[0m
[38;5;159m[Genesis] [06:46:16] [INFO] Running at [38;5;121m50.16[0m[38;5;159m FPS ([38;5;121m50.16[0m[38;5;159m FPS per env, [38;5;121m1[0m[38;5;159m envs).[0m
[38;5;159m[Genesis] [06:46:16] [INFO] Running at [38;5;121m66.83[0m[38;5;159m FPS ([38;5;121m66.83[0m[38;5;159m FPS per env, [38;5;121m1[0m[38;5;159m envs).[0m
[38;5;159m[Genesis] [06:46:16] [INFO] Running at [38;5;121m50.45[0m[38;5;159m FPS ([38;5;121m50.45[0m[38;5;159m FPS per env, [38;5;121m1[0m[38;5;159m envs).[0m
[38;5;159m[Genesis] [06:46:16] [INFO] Running at [38;5;121m67.34[0m[38;5;159m FPS ([38;5;121m67.34[0m[38;5;159m FPS per env, [38;5;121m1[0m[38;5;159m envs).[0m
[38;5;159m[Genesis] [06:46:16] [INFO] Running at [38;5;121m67.23[0m[38;5;159m FPS ([38;5;121m67.23[0m[38;5;159m FPS per env, [38;5;121m1[0m[38;5;159m envs).[0m
[38;5;159m[Genesis] [06:46:16] [INFO] Running at [38;5;121m67.30[0m[38;5;159m FPS ([38;5;121m67.30[0m[38;5;159m FPS per env, [38;5;121m1[0m[38;5;159m envs).[0m
[38;5;159m[Genesis] [06:46:16] [INFO] Running at [38;5;121m67.24[0m[38;5;159m FPS ([38;5;121m67.24[0m[38;5;159m FPS per env, [38;5;121m1[0m[38;5;159m envs).[0m
[38;5;159m[Genesis] [06:46:16] [INFO] Running at [38;5;121m67.07[0m[38;5;159m FPS ([38;5;121m67.07[0m[38;5;159m FPS per env, [38;5;121m1[0m[38;5;159m envs).[0m
[38;5;159m[Genesis] [06:46:16] [INFO] Running at [38;5;121m50.70[0m[38;5;159m FPS ([38;5;121m50.70[0m[38;5;159m FPS per env, [38;5;121m1[0m[38;5;159m envs).[0m
[38;5;159m[Genesis] [06:46:16] [INFO] Running at [38;5;121m51.07[0m[38;5;159m FPS ([38;5;121m51.07[0m[38;5;159m FPS per env, [38;5;121m1[0m[38;5;159m envs).[0m
[38;5;159m[Genesis] [06:46:16] [INFO] Running at [38;5;121m67.81[0m[38;5;159m FPS ([38;5;121m67.81[0m[38;5;159m FPS per env, [38;5;121m1[0m[38;5;159m envs).[0m
[38;5;159m[Genesis] [06:46:16] [INFO] Running at [38;5;121m51.18[0m[38;5;159m FPS ([38;5;121m51.18[0m[38;5;159m FPS per env, [38;5;121m1[0m[38;5;159m envs).[0m
[38;5;159m[Genesis] [06:46:16] [INFO] Running at [38;5;121m67.76[0m[38;5;159m FPS ([38;5;121m67.76[0m[38;5;159m FPS per env, [38;5;121m1[0m[38;5;159m envs).[0m
[38;5;159m[Genesis] [06:46:16] [INFO] Running at [38;5;121m51.20[0m[38;5;159m FPS ([38;5;121m51.20[0m[38;5;159m FPS per env, [38;5;121m1[0m[38;5;159m envs).[0m
[38;5;159m[Genesis] [06:46:16] [INFO] Running at [38;5;121m51.53[0m[38;5;159m FPS ([38;5;121m51.53[0m[38;5;159m FPS per env, [38;5;121m1[0m[38;5;159m envs).[0m
[38;5;159m[Genesis] [06:46:16] [INFO] Running at [38;5;121m68.49[0m[38;5;159m FPS ([38;5;121m68.49[0m[38;5;159m FPS per env, [38;5;121m1[0m[38;5;159m envs).[0m
[38;5;159m[Genesis] [06:46:17] [INFO] Running at [38;5;121m68.16[0m[38;5;159m FPS ([38;5;121m68.16[0m[38;5;159m FPS per env, [38;5;121m1[0m[38;5;159m envs).[0m
[38;5;159m[Genesis] [06:46:17] [INFO] Running at [38;5;121m68.07[0m[38;5;159m FPS ([38;5;121m68.07[0m[38;5;159m FPS per env, [38;5;121m1[0m[38;5;159m envs).[0m
[38;5;159m[Genesis] [06:46:17] [INFO] Running at [38;5;121m67.67[0m[38;5;159m FPS ([38;5;121m67.67[0m[38;5;159m FPS per env, [38;5;121m1[0m[38;5;159m envs).[0m
[38;5;159m[Genesis] [06:46:17] [INFO] Running at [38;5;121m67.39[0m[38;5;159m FPS ([38;5;121m67.39[0m[38;5;159m FPS per env, [38;5;121m1[0m[38;5;159m envs).[0m
[38;5;159m[Genesis] [06:46:17] [INFO] Running at [38;5;121m50.91[0m[38;5;159m FPS ([38;5;121m50.91[0m[38;5;159m FPS per env, [38;5;121m1[0m[38;5;159m envs).[0m
[38;5;159m[Genesis] [06:46:17] [INFO] Running at [38;5;121m67.70[0m[38;5;159m FPS ([38;5;121m67.70[0m[38;5;159m FPS per env, [38;5;121m1[0m[38;5;159m envs).[0m
[38;5;159m[Genesis] [06:46:17] [INFO] Running at [38;5;121m51.12[0m[38;5;159m FPS ([38;5;121m51.12[0m[38;5;159m FPS per env, [38;5;121m1[0m[38;5;159m envs).[0m
[38;5;159m[Genesis] [06:46:17] [INFO] Running at [38;5;121m67.99[0m[38;5;159m FPS ([38;5;121m67.99[0m[38;5;159m FPS per env, [38;5;121m1[0m[38;5;159m envs).[0m
[38;5;159m[Genesis] [06:46:17] [INFO] Running at [38;5;121m68.04[0m[38;5;159m FPS ([38;5;121m68.04[0m[38;5;159m FPS per env, [38;5;121m1[0m[38;5;159m envs).[0m
[38;5;159m[Genesis] [06:46:17] [INFO] Running at [38;5;121m67.64[0m[38;5;159m FPS ([38;5;121m67.64[0m[38;5;159m FPS per env, [38;5;121m1[0m[38;5;159m envs).[0m
[38;5;159m[Genesis] [06:46:17] [INFO] Running at [38;5;121m67.74[0m[38;5;159m FPS ([38;5;121m67.74[0m[38;5;159m FPS per env, [38;5;121m1[0m[38;5;159m envs).[0m
[38;5;159m[Genesis] [06:46:17] [INFO] Running at [38;5;121m67.74[0m[38;5;159m FPS ([38;5;121m67.74[0m[38;5;159m FPS per env, [38;5;121m1[0m[38;5;159m envs).[0m
[38;5;159m[Genesis] [06:46:17] [INFO] Running at [38;5;121m67.43[0m[38;5;159m FPS ([38;5;121m67.43[0m[38;5;159m FPS per env, [38;5;121m1[0m[38;5;159m envs).[0m
[38;5;159m[Genesis] [06:46:17] [INFO] Running at [38;5;121m50.97[0m[38;5;159m FPS ([38;5;121m50.97[0m[38;5;159m FPS per env, [38;5;121m1[0m[38;5;159m envs).[0m
[38;5;159m[Genesis] [06:46:17] [INFO] Running at [38;5;121m51.30[0m[38;5;159m FPS ([38;5;121m51.30[0m[38;5;159m FPS per env, [38;5;121m1[0m[38;5;159m envs).[0m
[38;5;159m[Genesis] [06:46:17] [INFO] Running at [38;5;121m51.57[0m[38;5;159m FPS ([38;5;121m51.57[0m[38;5;159m FPS per env, [38;5;121m1[0m[38;5;159m envs).[0m
[38;5;159m[Genesis] [06:46:17] [INFO] Running at [38;5;121m51.82[0m[38;5;159m FPS ([38;5;121m51.82[0m[38;5;159m FPS per env, [38;5;121m1[0m[38;5;159m envs).[0m
[38;5;159m[Genesis] [06:46:18] [INFO] Running at [38;5;121m68.61[0m[38;5;159m FPS ([38;5;121m68.61[0m[38;5;159m FPS per env, [38;5;121m1[0m[38;5;159m envs).[0m
[38;5;159m[Genesis] [06:46:18] [INFO] Running at [38;5;121m51.65[0m[38;5;159m FPS ([38;5;121m51.65[0m[38;5;159m FPS per env, [38;5;121m1[0m[38;5;159m envs).[0m
[38;5;159m[Genesis] [06:46:18] [INFO] Running at [38;5;121m68.63[0m[38;5;159m FPS ([38;5;121m68.63[0m[38;5;159m FPS per env, [38;5;121m1[0m[38;5;159m envs).[0m
[38;5;159m[Genesis] [06:46:18] [INFO] Running at [38;5;121m68.45[0m[38;5;159m FPS ([38;5;121m68.45[0m[38;5;159m FPS per env, [38;5;121m1[0m[38;5;159m envs).[0m
[38;5;159m[Genesis] [06:46:18] [INFO] Running at [38;5;121m51.66[0m[38;5;159m FPS ([38;5;121m51.66[0m[38;5;159m FPS per env, [38;5;121m1[0m[38;5;159m envs).[0m
[38;5;159m[Genesis] [06:46:18] [INFO] Running at [38;5;121m68.80[0m[38;5;159m FPS ([38;5;121m68.80[0m[38;5;159m FPS per env, [38;5;121m1[0m[38;5;159m envs).[0m
[38;5;159m[Genesis] [06:46:18] [INFO] Running at [38;5;121m51.89[0m[38;5;159m FPS ([38;5;121m51.89[0m[38;5;159m FPS per env, [38;5;121m1[0m[38;5;159m envs).[0m
[38;5;159m[Genesis] [06:46:18] [INFO] Running at [38;5;121m68.77[0m[38;5;159m FPS ([38;5;121m68.77[0m[38;5;159m FPS per env, [38;5;121m1[0m[38;5;159m envs).[0m
[38;5;159m[Genesis] [06:46:18] [INFO] Running at [38;5;121m51.94[0m[38;5;159m FPS ([38;5;121m51.94[0m[38;5;159m FPS per env, [38;5;121m1[0m[38;5;159m envs).[0m
[38;5;159m[Genesis] [06:46:18] [INFO] Running at [38;5;121m68.85[0m[38;5;159m FPS ([38;5;121m68.85[0m[38;5;159m FPS per env, [38;5;121m1[0m[38;5;159m envs).[0m
[38;5;159m[Genesis] [06:46:18] [INFO] Running at [38;5;121m51.97[0m[38;5;159m FPS ([38;5;121m51.97[0m[38;5;159m FPS per env, [38;5;121m1[0m[38;5;159m envs).[0m
[38;5;159m[Genesis] [06:46:18] [INFO] Running at [38;5;121m69.15[0m[38;5;159m FPS ([38;5;121m69.15[0m[38;5;159m FPS per env, [38;5;121m1[0m[38;5;159m envs).[0m
[38;5;159m[Genesis] [06:46:18] [INFO] Running at [38;5;121m52.21[0m[38;5;159m FPS ([38;5;121m52.21[0m[38;5;159m FPS per env, [38;5;121m1[0m[38;5;159m envs).[0m
[38;5;159m[Genesis] [06:46:18] [INFO] Running at [38;5;121m69.10[0m[38;5;159m FPS ([38;5;121m69.10[0m[38;5;159m FPS per env, [38;5;121m1[0m[38;5;159m envs).[0m
[38;5;159m[Genesis] [06:46:18] [INFO] Running at [38;5;121m68.79[0m[38;5;159m FPS ([38;5;121m68.79[0m[38;5;159m FPS per env, [38;5;121m1[0m[38;5;159m envs).[0m
[38;5;159m[Genesis] [06:46:18] [INFO] Running at [38;5;121m51.94[0m[38;5;159m FPS ([38;5;121m51.94[0m[38;5;159m FPS per env, [38;5;121m1[0m[38;5;159m envs).[0m
[38;5;159m[Genesis] [06:46:18] [INFO] Running at [38;5;121m68.86[0m[38;5;159m FPS ([38;5;121m68.86[0m[38;5;159m FPS per env, [38;5;121m1[0m[38;5;159m envs).[0m
[38;5;159m[Genesis] [06:46:19] [INFO] Running at [38;5;121m68.47[0m[38;5;159m FPS ([38;5;121m68.47[0m[38;5;159m FPS per env, [38;5;121m1[0m[38;5;159m envs).[0m
[38;5;159m[Genesis] [06:46:19] [INFO] Running at [38;5;121m68.23[0m[38;5;159m FPS ([38;5;121m68.23[0m[38;5;159m FPS per env, [38;5;121m1[0m[38;5;159m envs).[0m
[38;5;159m[Genesis] [06:46:19] [INFO] Running at [38;5;121m51.44[0m[38;5;159m FPS ([38;5;121m51.44[0m[38;5;159m FPS per env, [38;5;121m1[0m[38;5;159m envs).[0m
[38;5;159m[Genesis] [06:46:19] [INFO] Running at [38;5;121m68.13[0m[38;5;159m FPS ([38;5;121m68.13[0m[38;5;159m FPS per env, [38;5;121m1[0m[38;5;159m envs).[0m
[38;5;159m[Genesis] [06:46:19] [INFO] Running at [38;5;121m51.47[0m[38;5;159m FPS ([38;5;121m51.47[0m[38;5;159m FPS per env, [38;5;121m1[0m[38;5;159m envs).[0m
[38;5;159m[Genesis] [06:46:19] [INFO] Running at [38;5;121m51.75[0m[38;5;159m FPS ([38;5;121m51.75[0m[38;5;159m FPS per env, [38;5;121m1[0m[38;5;159m envs).[0m
[38;5;159m[Genesis] [06:46:19] [INFO] Running at [38;5;121m52.07[0m[38;5;159m FPS ([38;5;121m52.07[0m[38;5;159m FPS per env, [38;5;121m1[0m[38;5;159m envs).[0m
[38;5;159m[Genesis] [06:46:19] [INFO] Running at [38;5;121m52.33[0m[38;5;159m FPS ([38;5;121m52.33[0m[38;5;159m FPS per env, [38;5;121m1[0m[38;5;159m envs).[0m
[38;5;159m[Genesis] [06:46:19] [INFO] Running at [38;5;121m69.43[0m[38;5;159m FPS ([38;5;121m69.43[0m[38;5;159m FPS per env, [38;5;121m1[0m[38;5;159m envs).[0m
[38;5;159m[Genesis] [06:46:19] [INFO] Running at [38;5;121m69.11[0m[38;5;159m FPS ([38;5;121m69.11[0m[38;5;159m FPS per env, [38;5;121m1[0m[38;5;159m envs).[0m
[38;5;159m[Genesis] [06:46:19] [INFO] Running at [38;5;121m68.88[0m[38;5;159m FPS ([38;5;121m68.88[0m[38;5;159m FPS per env, [38;5;121m1[0m[38;5;159m envs).[0m
[38;5;159m[Genesis] [06:46:19] [INFO] Running at [38;5;121m68.46[0m[38;5;159m FPS ([38;5;121m68.46[0m[38;5;159m FPS per env, [38;5;121m1[0m[38;5;159m envs).[0m
[38;5;159m[Genesis] [06:46:19] [INFO] Running at [38;5;121m68.07[0m[38;5;159m FPS ([38;5;121m68.07[0m[38;5;159m FPS per env, [38;5;121m1[0m[38;5;159m envs).[0m
[38;5;159m[Genesis] [06:46:19] [INFO] Running at [38;5;121m67.72[0m[38;5;159m FPS ([38;5;121m67.72[0m[38;5;159m FPS per env, [38;5;121m1[0m[38;5;159m envs).[0m
[38;5;159m[Genesis] [06:46:19] [INFO] Running at [38;5;121m67.52[0m[38;5;159m FPS ([38;5;121m67.52[0m[38;5;159m FPS per env, [38;5;121m1[0m[38;5;159m envs).[0m
[38;5;159m[Genesis] [06:46:19] [INFO] Running at [38;5;121m67.35[0m[38;5;159m FPS ([38;5;121m67.35[0m[38;5;159m FPS per env, [38;5;121m1[0m[38;5;159m envs).[0m
[38;5;159m[Genesis] [06:46:19] [INFO] Running at [38;5;121m67.27[0m[38;5;159m FPS ([38;5;121m67.27[0m[38;5;159m FPS per env, [38;5;121m1[0m[38;5;159m envs).[0m
[38;5;159m[Genesis] [06:46:20] [INFO] Running at [38;5;121m67.38[0m[38;5;159m FPS ([38;5;121m67.38[0m[38;5;159m FPS per env, [38;5;121m1[0m[38;5;159m envs).[0m
[38;5;159m[Genesis] [06:46:20] [INFO] Running at [38;5;121m67.34[0m[38;5;159m FPS ([38;5;121m67.34[0m[38;5;159m FPS per env, [38;5;121m1[0m[38;5;159m envs).[0m
[38;5;159m[Genesis] [06:46:20] [INFO] Running at [38;5;121m67.45[0m[38;5;159m FPS ([38;5;121m67.45[0m[38;5;159m FPS per env, [38;5;121m1[0m[38;5;159m envs).[0m
[38;5;159m[Genesis] [06:46:20] [INFO] Running at [38;5;121m67.41[0m[38;5;159m FPS ([38;5;121m67.41[0m[38;5;159m FPS per env, [38;5;121m1[0m[38;5;159m envs).[0m
[38;5;159m[Genesis] [06:46:20] [INFO] Running at [38;5;121m67.43[0m[38;5;159m FPS ([38;5;121m67.43[0m[38;5;159m FPS per env, [38;5;121m1[0m[38;5;159m envs).[0m
[38;5;159m[Genesis] [06:46:20] [INFO] Running at [38;5;121m50.85[0m[38;5;159m FPS ([38;5;121m50.85[0m[38;5;159m FPS per env, [38;5;121m1[0m[38;5;159m envs).[0m
[38;5;159m[Genesis] [06:46:20] [INFO] Running at [38;5;121m67.53[0m[38;5;159m FPS ([38;5;121m67.53[0m[38;5;159m FPS per env, [38;5;121m1[0m[38;5;159m envs).[0m
[38;5;159m[Genesis] [06:46:20] [INFO] Running at [38;5;121m67.13[0m[38;5;159m FPS ([38;5;121m67.13[0m[38;5;159m FPS per env, [38;5;121m1[0m[38;5;159m envs).[0m
[38;5;159m[Genesis] [06:46:20] [INFO] Running at [38;5;121m66.81[0m[38;5;159m FPS ([38;5;121m66.81[0m[38;5;159m FPS per env, [38;5;121m1[0m[38;5;159m envs).[0m
[38;5;159m[Genesis] [06:46:20] [INFO] Running at [38;5;121m50.47[0m[38;5;159m FPS ([38;5;121m50.47[0m[38;5;159m FPS per env, [38;5;121m1[0m[38;5;159m envs).[0m
[38;5;159m[Genesis] [06:46:20] [INFO] Running at [38;5;121m50.84[0m[38;5;159m FPS ([38;5;121m50.84[0m[38;5;159m FPS per env, [38;5;121m1[0m[38;5;159m envs).[0m
[38;5;159m[Genesis] [06:46:20] [INFO] Running at [38;5;121m67.49[0m[38;5;159m FPS ([38;5;121m67.49[0m[38;5;159m FPS per env, [38;5;121m1[0m[38;5;159m envs).[0m
[38;5;159m[Genesis] [06:46:20] [INFO] Running at [38;5;121m67.29[0m[38;5;159m FPS ([38;5;121m67.29[0m[38;5;159m FPS per env, [38;5;121m1[0m[38;5;159m envs).[0m
[38;5;159m[Genesis] [06:46:20] [INFO] Running at [38;5;121m67.20[0m[38;5;159m FPS ([38;5;121m67.20[0m[38;5;159m FPS per env, [38;5;121m1[0m[38;5;159m envs).[0m
[38;5;159m[Genesis] [06:46:20] [INFO] Running at [38;5;121m67.19[0m[38;5;159m FPS ([38;5;121m67.19[0m[38;5;159m FPS per env, [38;5;121m1[0m[38;5;159m envs).[0m
[38;5;159m[Genesis] [06:46:20] [INFO] Running at [38;5;121m67.10[0m[38;5;159m FPS ([38;5;121m67.10[0m[38;5;159m FPS per env, [38;5;121m1[0m[38;5;159m envs).[0m
[38;5;159m[Genesis] [06:46:21] [INFO] Running at [38;5;121m66.83[0m[38;5;159m FPS ([38;5;121m66.83[0m[38;5;159m FPS per env, [38;5;121m1[0m[38;5;159m envs).[0m
[38;5;159m[Genesis] [06:46:21] [INFO] Running at [38;5;121m50.45[0m[38;5;159m FPS ([38;5;121m50.45[0m[38;5;159m FPS per env, [38;5;121m1[0m[38;5;159m envs).[0m
[38;5;159m[Genesis] [06:46:21] [INFO] Running at [38;5;121m67.16[0m[38;5;159m FPS ([38;5;121m67.16[0m[38;5;159m FPS per env, [38;5;121m1[0m[38;5;159m envs).[0m
[38;5;159m[Genesis] [06:46:21] [INFO] Running at [38;5;121m66.96[0m[38;5;159m FPS ([38;5;121m66.96[0m[38;5;159m FPS per env, [38;5;121m1[0m[38;5;159m envs).[0m
[38;5;159m[Genesis] [06:46:21] [INFO] Running at [38;5;121m66.98[0m[38;5;159m FPS ([38;5;121m66.98[0m[38;5;159m FPS per env, [38;5;121m1[0m[38;5;159m envs).[0m
[38;5;159m[Genesis] [06:46:21] [INFO] Running at [38;5;121m67.23[0m[38;5;159m FPS ([38;5;121m67.23[0m[38;5;159m FPS per env, [38;5;121m1[0m[38;5;159m envs).[0m
[38;5;159m[Genesis] [06:46:21] [INFO] Running at [38;5;121m67.34[0m[38;5;159m FPS ([38;5;121m67.34[0m[38;5;159m FPS per env, [38;5;121m1[0m[38;5;159m envs).[0m
[38;5;159m[Genesis] [06:46:21] [INFO] Running at [38;5;121m67.53[0m[38;5;159m FPS ([38;5;121m67.53[0m[38;5;159m FPS per env, [38;5;121m1[0m[38;5;159m envs).[0m
[38;5;159m[Genesis] [06:46:21] [INFO] Running at [38;5;121m67.61[0m[38;5;159m FPS ([38;5;121m67.61[0m[38;5;159m FPS per env, [38;5;121m1[0m[38;5;159m envs).[0m
[38;5;159m[Genesis] [06:46:21] [INFO] Running at [38;5;121m67.76[0m[38;5;159m FPS ([38;5;121m67.76[0m[38;5;159m FPS per env, [38;5;121m1[0m[38;5;159m envs).[0m
[38;5;159m[Genesis] [06:46:21] [INFO] Running at [38;5;121m67.39[0m[38;5;159m FPS ([38;5;121m67.39[0m[38;5;159m FPS per env, [38;5;121m1[0m[38;5;159m envs).[0m
[38;5;159m[Genesis] [06:46:21] [INFO] Running at [38;5;121m66.93[0m[38;5;159m FPS ([38;5;121m66.93[0m[38;5;159m FPS per env, [38;5;121m1[0m[38;5;159m envs).[0m
[38;5;159m[Genesis] [06:46:21] [INFO] Running at [38;5;121m66.52[0m[38;5;159m FPS ([38;5;121m66.52[0m[38;5;159m FPS per env, [38;5;121m1[0m[38;5;159m envs).[0m
[38;5;159m[Genesis] [06:46:21] [INFO] Running at [38;5;121m50.21[0m[38;5;159m FPS ([38;5;121m50.21[0m[38;5;159m FPS per env, [38;5;121m1[0m[38;5;159m envs).[0m
[38;5;159m[Genesis] [06:46:21] [INFO] Running at [38;5;121m50.55[0m[38;5;159m FPS ([38;5;121m50.55[0m[38;5;159m FPS per env, [38;5;121m1[0m[38;5;159m envs).[0m
[38;5;159m[Genesis] [06:46:21] [INFO] Running at [38;5;121m50.78[0m[38;5;159m FPS ([38;5;121m50.78[0m[38;5;159m FPS per env, [38;5;121m1[0m[38;5;159m envs).[0m
[38;5;159m[Genesis] [06:46:21] [INFO] Running at [38;5;121m51.09[0m[38;5;159m FPS ([38;5;121m51.09[0m[38;5;159m FPS per env, [38;5;121m1[0m[38;5;159m envs).[0m
[38;5;159m[Genesis] [06:46:21] [INFO] Running at [38;5;121m67.93[0m[38;5;159m FPS ([38;5;121m67.93[0m[38;5;159m FPS per env, [38;5;121m1[0m[38;5;159m envs).[0m
[38;5;159m[Genesis] [06:46:22] [INFO] Running at [38;5;121m67.65[0m[38;5;159m FPS ([38;5;121m67.65[0m[38;5;159m FPS per env, [38;5;121m1[0m[38;5;159m envs).[0m
[38;5;159m[Genesis] [06:46:22] [INFO] Running at [38;5;121m67.58[0m[38;5;159m FPS ([38;5;121m67.58[0m[38;5;159m FPS per env, [38;5;121m1[0m[38;5;159m envs).[0m
[38;5;159m[Genesis] [06:46:22] [INFO] Running at [38;5;121m67.21[0m[38;5;159m FPS ([38;5;121m67.21[0m[38;5;159m FPS per env, [38;5;121m1[0m[38;5;159m envs).[0m
[38;5;159m[Genesis] [06:46:22] [INFO] Running at [38;5;121m67.01[0m[38;5;159m FPS ([38;5;121m67.01[0m[38;5;159m FPS per env, [38;5;121m1[0m[38;5;159m envs).[0m
[38;5;159m[Genesis] [06:46:22] [INFO] Running at [38;5;121m50.64[0m[38;5;159m FPS ([38;5;121m50.64[0m[38;5;159m FPS per env, [38;5;121m1[0m[38;5;159m envs).[0m
[38;5;159m[Genesis] [06:46:22] [INFO] Running at [38;5;121m67.36[0m[38;5;159m FPS ([38;5;121m67.36[0m[38;5;159m FPS per env, [38;5;121m1[0m[38;5;159m envs).[0m
[38;5;159m[Genesis] [06:46:22] [INFO] Running at [38;5;121m50.72[0m[38;5;159m FPS ([38;5;121m50.72[0m[38;5;159m FPS per env, [38;5;121m1[0m[38;5;159m envs).[0m
[38;5;159m[Genesis] [06:46:22] [INFO] Running at [38;5;121m67.47[0m[38;5;159m FPS ([38;5;121m67.47[0m[38;5;159m FPS per env, [38;5;121m1[0m[38;5;159m envs).[0m
[38;5;159m[Genesis] [06:46:22] [INFO] Running at [38;5;121m67.17[0m[38;5;159m FPS ([38;5;121m67.17[0m[38;5;159m FPS per env, [38;5;121m1[0m[38;5;159m envs).[0m
[38;5;159m[Genesis] [06:46:22] [INFO] Running at [38;5;121m66.79[0m[38;5;159m FPS ([38;5;121m66.79[0m[38;5;159m FPS per env, [38;5;121m1[0m[38;5;159m envs).[0m
[38;5;159m[Genesis] [06:46:22] [INFO] Running at [38;5;121m66.65[0m[38;5;159m FPS ([38;5;121m66.65[0m[38;5;159m FPS per env, [38;5;121m1[0m[38;5;159m envs).[0m
[38;5;159m[Genesis] [06:46:22] [INFO] Running at [38;5;121m66.51[0m[38;5;159m FPS ([38;5;121m66.51[0m[38;5;159m FPS per env, [38;5;121m1[0m[38;5;159m envs).[0m
[38;5;159m[Genesis] [06:46:22] [INFO] Running at [38;5;121m66.63[0m[38;5;159m FPS ([38;5;121m66.63[0m[38;5;159m FPS per env, [38;5;121m1[0m[38;5;159m envs).[0m
[38;5;159m[Genesis] [06:46:22] [INFO] Running at [38;5;121m66.48[0m[38;5;159m FPS ([38;5;121m66.48[0m[38;5;159m FPS per env, [38;5;121m1[0m[38;5;159m envs).[0m
[38;5;159m[Genesis] [06:46:22] [INFO] Running at [38;5;121m66.65[0m[38;5;159m FPS ([38;5;121m66.65[0m[38;5;159m FPS per env, [38;5;121m1[0m[38;5;159m envs).[0m
[38;5;159m[Genesis] [06:46:22] [INFO] Running at [38;5;121m66.65[0m[38;5;159m FPS ([38;5;121m66.65[0m[38;5;159m FPS per env, [38;5;121m1[0m[38;5;159m envs).[0m
[38;5;159m[Genesis] [06:46:23] [INFO] Running at [38;5;121m66.60[0m[38;5;159m FPS ([38;5;121m66.60[0m[38;5;159m FPS per env, [38;5;121m1[0m[38;5;159m envs).[0m
[38;5;159m[Genesis] [06:46:23] [INFO] Running at [38;5;121m66.42[0m[38;5;159m FPS ([38;5;121m66.42[0m[38;5;159m FPS per env, [38;5;121m1[0m[38;5;159m envs).[0m
[38;5;159m[Genesis] [06:46:23] [INFO] Running at [38;5;121m50.23[0m[38;5;159m FPS ([38;5;121m50.23[0m[38;5;159m FPS per env, [38;5;121m1[0m[38;5;159m envs).[0m
[38;5;159m[Genesis] [06:46:23] [INFO] Running at [38;5;121m50.42[0m[38;5;159m FPS ([38;5;121m50.42[0m[38;5;159m FPS per env, [38;5;121m1[0m[38;5;159m envs).[0m
[38;5;159m[Genesis] [06:46:23] [INFO] Running at [38;5;121m50.71[0m[38;5;159m FPS ([38;5;121m50.71[0m[38;5;159m FPS per env, [38;5;121m1[0m[38;5;159m envs).[0m
[38;5;159m[Genesis] [06:46:23] [INFO] Running at [38;5;121m67.45[0m[38;5;159m FPS ([38;5;121m67.45[0m[38;5;159m FPS per env, [38;5;121m1[0m[38;5;159m envs).[0m
[38;5;159m[Genesis] [06:46:23] [INFO] Running at [38;5;121m67.35[0m[38;5;159m FPS ([38;5;121m67.35[0m[38;5;159m FPS per env, [38;5;121m1[0m[38;5;159m envs).[0m
[38;5;159m[Genesis] [06:46:23] [INFO] Running at [38;5;121m67.30[0m[38;5;159m FPS ([38;5;121m67.30[0m[38;5;159m FPS per env, [38;5;121m1[0m[38;5;159m envs).[0m
[38;5;159m[Genesis] [06:46:23] [INFO] Running at [38;5;121m67.26[0m[38;5;159m FPS ([38;5;121m67.26[0m[38;5;159m FPS per env, [38;5;121m1[0m[38;5;159m envs).[0m
[38;5;159m[Genesis] [06:46:23] [INFO] Running at [38;5;121m50.60[0m[38;5;159m FPS ([38;5;121m50.60[0m[38;5;159m FPS per env, [38;5;121m1[0m[38;5;159m envs).[0m
[38;5;159m[Genesis] [06:46:23] [INFO] Running at [38;5;121m50.94[0m[38;5;159m FPS ([38;5;121m50.94[0m[38;5;159m FPS per env, [38;5;121m1[0m[38;5;159m envs).[0m
[38;5;159m[Genesis] [06:46:23] [INFO] Running at [38;5;121m67.83[0m[38;5;159m FPS ([38;5;121m67.83[0m[38;5;159m FPS per env, [38;5;121m1[0m[38;5;159m envs).[0m
[38;5;159m[Genesis] [06:46:23] [INFO] Running at [38;5;121m67.61[0m[38;5;159m FPS ([38;5;121m67.61[0m[38;5;159m FPS per env, [38;5;121m1[0m[38;5;159m envs).[0m
[38;5;159m[Genesis] [06:46:23] [INFO] Running at [38;5;121m51.05[0m[38;5;159m FPS ([38;5;121m51.05[0m[38;5;159m FPS per env, [38;5;121m1[0m[38;5;159m envs).[0m
[38;5;159m[Genesis] [06:46:23] [INFO] Running at [38;5;121m51.23[0m[38;5;159m FPS ([38;5;121m51.23[0m[38;5;159m FPS per env, [38;5;121m1[0m[38;5;159m envs).[0m
[38;5;159m[Genesis] [06:46:23] [INFO] Running at [38;5;121m68.27[0m[38;5;159m FPS ([38;5;121m68.27[0m[38;5;159m FPS per env, [38;5;121m1[0m[38;5;159m envs).[0m
[38;5;159m[Genesis] [06:46:23] [INFO] Running at [38;5;121m68.20[0m[38;5;159m FPS ([38;5;121m68.20[0m[38;5;159m FPS per env, [38;5;121m1[0m[38;5;159m envs).[0m
[38;5;159m[Genesis] [06:46:24] [INFO] Running at [38;5;121m68.21[0m[38;5;159m FPS ([38;5;121m68.21[0m[38;5;159m FPS per env, [38;5;121m1[0m[38;5;159m envs).[0m
[38;5;159m[Genesis] [06:46:24] [INFO] Running at [38;5;121m67.75[0m[38;5;159m FPS ([38;5;121m67.75[0m[38;5;159m FPS per env, [38;5;121m1[0m[38;5;159m envs).[0m
[38;5;159m[Genesis] [06:46:24] [INFO] Running at [38;5;121m67.44[0m[38;5;159m FPS ([38;5;121m67.44[0m[38;5;159m FPS per env, [38;5;121m1[0m[38;5;159m envs).[0m
[38;5;159m[Genesis] [06:46:24] [INFO] Running at [38;5;121m50.81[0m[38;5;159m FPS ([38;5;121m50.81[0m[38;5;159m FPS per env, [38;5;121m1[0m[38;5;159m envs).[0m
[38;5;159m[Genesis] [06:46:24] [INFO] Running at [38;5;121m67.44[0m[38;5;159m FPS ([38;5;121m67.44[0m[38;5;159m FPS per env, [38;5;121m1[0m[38;5;159m envs).[0m
[38;5;159m[Genesis] [06:46:24] [INFO] Running at [38;5;121m50.84[0m[38;5;159m FPS ([38;5;121m50.84[0m[38;5;159m FPS per env, [38;5;121m1[0m[38;5;159m envs).[0m
[38;5;159m[Genesis] [06:46:24] [INFO] Running at [38;5;121m67.33[0m[38;5;159m FPS ([38;5;121m67.33[0m[38;5;159m FPS per env, [38;5;121m1[0m[38;5;159m envs).[0m
[38;5;159m[Genesis] [06:46:24] [INFO] Running at [38;5;121m50.57[0m[38;5;159m FPS ([38;5;121m50.57[0m[38;5;159m FPS per env, [38;5;121m1[0m[38;5;159m envs).[0m
[38;5;159m[Genesis] [06:46:24] [INFO] Running at [38;5;121m50.72[0m[38;5;159m FPS ([38;5;121m50.72[0m[38;5;159m FPS per env, [38;5;121m1[0m[38;5;159m envs).[0m
[38;5;159m[Genesis] [06:46:24] [INFO] Running at [38;5;121m67.45[0m[38;5;159m FPS ([38;5;121m67.45[0m[38;5;159m FPS per env, [38;5;121m1[0m[38;5;159m envs).[0m
[38;5;159m[Genesis] [06:46:24] [INFO] Running at [38;5;121m67.18[0m[38;5;159m FPS ([38;5;121m67.18[0m[38;5;159m FPS per env, [38;5;121m1[0m[38;5;159m envs).[0m
[38;5;159m[Genesis] [06:46:24] [INFO] Running at [38;5;121m50.60[0m[38;5;159m FPS ([38;5;121m50.60[0m[38;5;159m FPS per env, [38;5;121m1[0m[38;5;159m envs).[0m
[38;5;159m[Genesis] [06:46:24] [INFO] Running at [38;5;121m67.31[0m[38;5;159m FPS ([38;5;121m67.31[0m[38;5;159m FPS per env, [38;5;121m1[0m[38;5;159m envs).[0m
[38;5;159m[Genesis] [06:46:24] [INFO] Running at [38;5;121m50.86[0m[38;5;159m FPS ([38;5;121m50.86[0m[38;5;159m FPS per env, [38;5;121m1[0m[38;5;159m envs).[0m
[38;5;159m[Genesis] [06:46:24] [INFO] Running at [38;5;121m67.49[0m[38;5;159m FPS ([38;5;121m67.49[0m[38;5;159m FPS per env, [38;5;121m1[0m[38;5;159m envs).[0m
[38;5;159m[Genesis] [06:46:24] [INFO] Running at [38;5;121m66.96[0m[38;5;159m FPS ([38;5;121m66.96[0m[38;5;159m FPS per env, [38;5;121m1[0m[38;5;159m envs).[0m
[38;5;159m[Genesis] [06:46:24] [INFO] Running at [38;5;121m66.87[0m[38;5;159m FPS ([38;5;121m66.87[0m[38;5;159m FPS per env, [38;5;121m1[0m[38;5;159m envs).[0m
[38;5;159m[Genesis] [06:46:25] [INFO] Running at [38;5;121m66.84[0m[38;5;159m FPS ([38;5;121m66.84[0m[38;5;159m FPS per env, [38;5;121m1[0m[38;5;159m envs).[0m
[38;5;159m[Genesis] [06:46:25] [INFO] Running at [38;5;121m66.88[0m[38;5;159m FPS ([38;5;121m66.88[0m[38;5;159m FPS per env, [38;5;121m1[0m[38;5;159m envs).[0m
[38;5;159m[Genesis] [06:46:25] [INFO] Running at [38;5;121m66.91[0m[38;5;159m FPS ([38;5;121m66.91[0m[38;5;159m FPS per env, [38;5;121m1[0m[38;5;159m envs).[0m
[38;5;159m[Genesis] [06:46:25] [INFO] Running at [38;5;121m66.98[0m[38;5;159m FPS ([38;5;121m66.98[0m[38;5;159m FPS per env, [38;5;121m1[0m[38;5;159m envs).[0m
[38;5;159m[Genesis] [06:46:25] [INFO] Running at [38;5;121m67.04[0m[38;5;159m FPS ([38;5;121m67.04[0m[38;5;159m FPS per env, [38;5;121m1[0m[38;5;159m envs).[0m
[38;5;159m[Genesis] [06:46:25] [INFO] Running at [38;5;121m66.81[0m[38;5;159m FPS ([38;5;121m66.81[0m[38;5;159m FPS per env, [38;5;121m1[0m[38;5;159m envs).[0m
[38;5;159m[Genesis] [06:46:25] [INFO] Running at [38;5;121m50.52[0m[38;5;159m FPS ([38;5;121m50.52[0m[38;5;159m FPS per env, [38;5;121m1[0m[38;5;159m envs).[0m
[38;5;159m[Genesis] [06:46:25] [INFO] Running at [38;5;121m50.88[0m[38;5;159m FPS ([38;5;121m50.88[0m[38;5;159m FPS per env, [38;5;121m1[0m[38;5;159m envs).[0m
[38;5;159m[Genesis] [06:46:25] [INFO] Running at [38;5;121m51.21[0m[38;5;159m FPS ([38;5;121m51.21[0m[38;5;159m FPS per env, [38;5;121m1[0m[38;5;159m envs).[0m
[38;5;159m[Genesis] [06:46:25] [INFO] Running at [38;5;121m67.90[0m[38;5;159m FPS ([38;5;121m67.90[0m[38;5;159m FPS per env, [38;5;121m1[0m[38;5;159m envs).[0m
[38;5;159m[Genesis] [06:46:25] [INFO] Running at [38;5;121m51.27[0m[38;5;159m FPS ([38;5;121m51.27[0m[38;5;159m FPS per env, [38;5;121m1[0m[38;5;159m envs).[0m
[38;5;159m[Genesis] [06:46:25] [INFO] Running at [38;5;121m51.57[0m[38;5;159m FPS ([38;5;121m51.57[0m[38;5;159m FPS per env, [38;5;121m1[0m[38;5;159m envs).[0m
[38;5;159m[Genesis] [06:46:25] [INFO] Running at [38;5;121m68.34[0m[38;5;159m FPS ([38;5;121m68.34[0m[38;5;159m FPS per env, [38;5;121m1[0m[38;5;159m envs).[0m
[38;5;159m[Genesis] [06:46:25] [INFO] Running at [38;5;121m68.05[0m[38;5;159m FPS ([38;5;121m68.05[0m[38;5;159m FPS per env, [38;5;121m1[0m[38;5;159m envs).[0m
[38;5;159m[Genesis] [06:46:25] [INFO] Running at [38;5;121m67.79[0m[38;5;159m FPS ([38;5;121m67.79[0m[38;5;159m FPS per env, [38;5;121m1[0m[38;5;159m envs).[0m
[38;5;159m[Genesis] [06:46:25] [INFO] Running at [38;5;121m67.64[0m[38;5;159m FPS ([38;5;121m67.64[0m[38;5;159m FPS per env, [38;5;121m1[0m[38;5;159m envs).[0m
[38;5;159m[Genesis] [06:46:25] [INFO] Running at [38;5;121m51.06[0m[38;5;159m FPS ([38;5;121m51.06[0m[38;5;159m FPS per env, [38;5;121m1[0m[38;5;159m envs).[0m
[38;5;159m[Genesis] [06:46:26] [INFO] Running at [38;5;121m67.79[0m[38;5;159m FPS ([38;5;121m67.79[0m[38;5;159m FPS per env, [38;5;121m1[0m[38;5;159m envs).[0m
[38;5;159m[Genesis] [06:46:26] [INFO] Running at [38;5;121m51.09[0m[38;5;159m FPS ([38;5;121m51.09[0m[38;5;159m FPS per env, [38;5;121m1[0m[38;5;159m envs).[0m
[38;5;159m[Genesis] [06:46:26] [INFO] Running at [38;5;121m67.74[0m[38;5;159m FPS ([38;5;121m67.74[0m[38;5;159m FPS per env, [38;5;121m1[0m[38;5;159m envs).[0m
[38;5;159m[Genesis] [06:46:26] [INFO] Running at [38;5;121m67.64[0m[38;5;159m FPS ([38;5;121m67.64[0m[38;5;159m FPS per env, [38;5;121m1[0m[38;5;159m envs).[0m
[38;5;159m[Genesis] [06:46:26] [INFO] Running at [38;5;121m67.30[0m[38;5;159m FPS ([38;5;121m67.30[0m[38;5;159m FPS per env, [38;5;121m1[0m[38;5;159m envs).[0m
[38;5;159m[Genesis] [06:46:26] [INFO] Running at [38;5;121m67.22[0m[38;5;159m FPS ([38;5;121m67.22[0m[38;5;159m FPS per env, [38;5;121m1[0m[38;5;159m envs).[0m
[38;5;159m[Genesis] [06:46:26] [INFO] Running at [38;5;121m66.93[0m[38;5;159m FPS ([38;5;121m66.93[0m[38;5;159m FPS per env, [38;5;121m1[0m[38;5;159m envs).[0m
[38;5;159m[Genesis] [06:46:26] [INFO] Running at [38;5;121m50.57[0m[38;5;159m FPS ([38;5;121m50.57[0m[38;5;159m FPS per env, [38;5;121m1[0m[38;5;159m envs).[0m
[38;5;159m[Genesis] [06:46:26] [INFO] Running at [38;5;121m67.26[0m[38;5;159m FPS ([38;5;121m67.26[0m[38;5;159m FPS per env, [38;5;121m1[0m[38;5;159m envs).[0m
[38;5;159m[Genesis] [06:46:26] [INFO] Running at [38;5;121m67.15[0m[38;5;159m FPS ([38;5;121m67.15[0m[38;5;159m FPS per env, [38;5;121m1[0m[38;5;159m envs).[0m
[38;5;159m[Genesis] [06:46:26] [INFO] Running at [38;5;121m66.71[0m[38;5;159m FPS ([38;5;121m66.71[0m[38;5;159m FPS per env, [38;5;121m1[0m[38;5;159m envs).[0m
[38;5;159m[Genesis] [06:46:26] [INFO] Running at [38;5;121m66.44[0m[38;5;159m FPS ([38;5;121m66.44[0m[38;5;159m FPS per env, [38;5;121m1[0m[38;5;159m envs).[0m
[38;5;159m[Genesis] [06:46:26] [INFO] Running at [38;5;121m50.13[0m[38;5;159m FPS ([38;5;121m50.13[0m[38;5;159m FPS per env, [38;5;121m1[0m[38;5;159m envs).[0m
[38;5;159m[Genesis] [06:46:26] [INFO] Running at [38;5;121m66.47[0m[38;5;159m FPS ([38;5;121m66.47[0m[38;5;159m FPS per env, [38;5;121m1[0m[38;5;159m envs).[0m
[38;5;159m[Genesis] [06:46:26] [INFO] Running at [38;5;121m66.20[0m[38;5;159m FPS ([38;5;121m66.20[0m[38;5;159m FPS per env, [38;5;121m1[0m[38;5;159m envs).[0m
[38;5;159m[Genesis] [06:46:26] [INFO] Running at [38;5;121m65.92[0m[38;5;159m FPS ([38;5;121m65.92[0m[38;5;159m FPS per env, [38;5;121m1[0m[38;5;159m envs).[0m
[38;5;159m[Genesis] [06:46:27] [INFO] Running at [38;5;121m65.92[0m[38;5;159m FPS ([38;5;121m65.92[0m[38;5;159m FPS per env, [38;5;121m1[0m[38;5;159m envs).[0m
[38;5;159m[Genesis] [06:46:27] [INFO] Running at [38;5;121m65.79[0m[38;5;159m FPS ([38;5;121m65.79[0m[38;5;159m FPS per env, [38;5;121m1[0m[38;5;159m envs).[0m
[38;5;159m[Genesis] [06:46:27] [INFO] Running at [38;5;121m65.85[0m[38;5;159m FPS ([38;5;121m65.85[0m[38;5;159m FPS per env, [38;5;121m1[0m[38;5;159m envs).[0m
[38;5;159m[Genesis] [06:46:27] [INFO] Running at [38;5;121m49.83[0m[38;5;159m FPS ([38;5;121m49.83[0m[38;5;159m FPS per env, [38;5;121m1[0m[38;5;159m envs).[0m
[38;5;159m[Genesis] [06:46:27] [INFO] Running at [38;5;121m66.36[0m[38;5;159m FPS ([38;5;121m66.36[0m[38;5;159m FPS per env, [38;5;121m1[0m[38;5;159m envs).[0m
[38;5;159m[Genesis] [06:46:27] [INFO] Running at [38;5;121m66.16[0m[38;5;159m FPS ([38;5;121m66.16[0m[38;5;159m FPS per env, [38;5;121m1[0m[38;5;159m envs).[0m
[38;5;159m[Genesis] [06:46:27] [INFO] Running at [38;5;121m66.18[0m[38;5;159m FPS ([38;5;121m66.18[0m[38;5;159m FPS per env, [38;5;121m1[0m[38;5;159m envs).[0m
[38;5;159m[Genesis] [06:46:27] [INFO] Running at [38;5;121m49.97[0m[38;5;159m FPS ([38;5;121m49.97[0m[38;5;159m FPS per env, [38;5;121m1[0m[38;5;159m envs).[0m
[38;5;159m[Genesis] [06:46:27] [INFO] Running at [38;5;121m66.77[0m[38;5;159m FPS ([38;5;121m66.77[0m[38;5;159m FPS per env, [38;5;121m1[0m[38;5;159m envs).[0m
[38;5;159m[Genesis] [06:46:27] [INFO] Running at [38;5;121m66.76[0m[38;5;159m FPS ([38;5;121m66.76[0m[38;5;159m FPS per env, [38;5;121m1[0m[38;5;159m envs).[0m
[38;5;159m[Genesis] [06:46:27] [INFO] Running at [38;5;121m67.03[0m[38;5;159m FPS ([38;5;121m67.03[0m[38;5;159m FPS per env, [38;5;121m1[0m[38;5;159m envs).[0m
[38;5;159m[Genesis] [06:46:27] [INFO] Running at [38;5;121m67.20[0m[38;5;159m FPS ([38;5;121m67.20[0m[38;5;159m FPS per env, [38;5;121m1[0m[38;5;159m envs).[0m
[38;5;159m[Genesis] [06:46:27] [INFO] Running at [38;5;121m67.48[0m[38;5;159m FPS ([38;5;121m67.48[0m[38;5;159m FPS per env, [38;5;121m1[0m[38;5;159m envs).[0m
[38;5;159m[Genesis] [06:46:27] [INFO] Running at [38;5;121m67.58[0m[38;5;159m FPS ([38;5;121m67.58[0m[38;5;159m FPS per env, [38;5;121m1[0m[38;5;159m envs).[0m
[38;5;159m[Genesis] [06:46:27] [INFO] Running at [38;5;121m67.75[0m[38;5;159m FPS ([38;5;121m67.75[0m[38;5;159m FPS per env, [38;5;121m1[0m[38;5;159m envs).[0m
[38;5;159m[Genesis] [06:46:27] [INFO] Running at [38;5;121m67.96[0m[38;5;159m FPS ([38;5;121m67.96[0m[38;5;159m FPS per env, [38;5;121m1[0m[38;5;159m envs).[0m
[38;5;159m[Genesis] [06:46:27] [INFO] Running at [38;5;121m68.03[0m[38;5;159m FPS ([38;5;121m68.03[0m[38;5;159m FPS per env, [38;5;121m1[0m[38;5;159m envs).[0m
[38;5;159m[Genesis] [06:46:27] [INFO] Running at [38;5;121m51.33[0m[38;5;159m FPS ([38;5;121m51.33[0m[38;5;159m FPS per env, [38;5;121m1[0m[38;5;159m envs).[0m
[38;5;159m[Genesis] [06:46:28] [INFO] Running at [38;5;121m68.01[0m[38;5;159m FPS ([38;5;121m68.01[0m[38;5;159m FPS per env, [38;5;121m1[0m[38;5;159m envs).[0m
[38;5;159m[Genesis] [06:46:28] [INFO] Running at [38;5;121m67.55[0m[38;5;159m FPS ([38;5;121m67.55[0m[38;5;159m FPS per env, [38;5;121m1[0m[38;5;159m envs).[0m
[38;5;159m[Genesis] [06:46:28] [INFO] Running at [38;5;121m50.88[0m[38;5;159m FPS ([38;5;121m50.88[0m[38;5;159m FPS per env, [38;5;121m1[0m[38;5;159m envs).[0m
[38;5;159m[Genesis] [06:46:28] [INFO] Running at [38;5;121m51.10[0m[38;5;159m FPS ([38;5;121m51.10[0m[38;5;159m FPS per env, [38;5;121m1[0m[38;5;159m envs).[0m
[38;5;159m[Genesis] [06:46:28] [INFO] Running at [38;5;121m51.32[0m[38;5;159m FPS ([38;5;121m51.32[0m[38;5;159m FPS per env, [38;5;121m1[0m[38;5;159m envs).[0m
[38;5;159m[Genesis] [06:46:28] [INFO] Running at [38;5;121m51.62[0m[38;5;159m FPS ([38;5;121m51.62[0m[38;5;159m FPS per env, [38;5;121m1[0m[38;5;159m envs).[0m
[38;5;159m[Genesis] [06:46:28] [INFO] Running at [38;5;121m68.53[0m[38;5;159m FPS ([38;5;121m68.53[0m[38;5;159m FPS per env, [38;5;121m1[0m[38;5;159m envs).[0m
[38;5;159m[Genesis] [06:46:28] [INFO] Running at [38;5;121m68.02[0m[38;5;159m FPS ([38;5;121m68.02[0m[38;5;159m FPS per env, [38;5;121m1[0m[38;5;159m envs).[0m
[38;5;159m[Genesis] [06:46:28] [INFO] Running at [38;5;121m67.73[0m[38;5;159m FPS ([38;5;121m67.73[0m[38;5;159m FPS per env, [38;5;121m1[0m[38;5;159m envs).[0m
[38;5;159m[Genesis] [06:46:28] [INFO] Running at [38;5;121m67.55[0m[38;5;159m FPS ([38;5;121m67.55[0m[38;5;159m FPS per env, [38;5;121m1[0m[38;5;159m envs).[0m
[38;5;159m[Genesis] [06:46:28] [INFO] Running at [38;5;121m67.23[0m[38;5;159m FPS ([38;5;121m67.23[0m[38;5;159m FPS per env, [38;5;121m1[0m[38;5;159m envs).[0m
[38;5;159m[Genesis] [06:46:28] [INFO] Running at [38;5;121m50.76[0m[38;5;159m FPS ([38;5;121m50.76[0m[38;5;159m FPS per env, [38;5;121m1[0m[38;5;159m envs).[0m
[38;5;159m[Genesis] [06:46:28] [INFO] Running at [38;5;121m67.35[0m[38;5;159m FPS ([38;5;121m67.35[0m[38;5;159m FPS per env, [38;5;121m1[0m[38;5;159m envs).[0m
[38;5;159m[Genesis] [06:46:28] [INFO] Running at [38;5;121m50.60[0m[38;5;159m FPS ([38;5;121m50.60[0m[38;5;159m FPS per env, [38;5;121m1[0m[38;5;159m envs).[0m
[38;5;159m[Genesis] [06:46:28] [INFO] Running at [38;5;121m50.93[0m[38;5;159m FPS ([38;5;121m50.93[0m[38;5;159m FPS per env, [38;5;121m1[0m[38;5;159m envs).[0m
[38;5;159m[Genesis] [06:46:28] [INFO] Running at [38;5;121m51.30[0m[38;5;159m FPS ([38;5;121m51.30[0m[38;5;159m FPS per env, [38;5;121m1[0m[38;5;159m envs).[0m
[38;5;159m[Genesis] [06:46:28] [INFO] Running at [38;5;121m51.65[0m[38;5;159m FPS ([38;5;121m51.65[0m[38;5;159m FPS per env, [38;5;121m1[0m[38;5;159m envs).[0m
[38;5;159m[Genesis] [06:46:29] [INFO] Running at [38;5;121m51.99[0m[38;5;159m FPS ([38;5;121m51.99[0m[38;5;159m FPS per env, [38;5;121m1[0m[38;5;159m envs).[0m
[38;5;159m[Genesis] [06:46:29] [INFO] Running at [38;5;121m52.12[0m[38;5;159m FPS ([38;5;121m52.12[0m[38;5;159m FPS per env, [38;5;121m1[0m[38;5;159m envs).[0m
[38;5;159m[Genesis] [06:46:29] [INFO] Running at [38;5;121m52.31[0m[38;5;159m FPS ([38;5;121m52.31[0m[38;5;159m FPS per env, [38;5;121m1[0m[38;5;159m envs).[0m
[38;5;159m[Genesis] [06:46:29] [INFO] Running at [38;5;121m52.34[0m[38;5;159m FPS ([38;5;121m52.34[0m[38;5;159m FPS per env, [38;5;121m1[0m[38;5;159m envs).[0m
[38;5;159m[Genesis] [06:46:29] [INFO] Running at [38;5;121m52.60[0m[38;5;159m FPS ([38;5;121m52.60[0m[38;5;159m FPS per env, [38;5;121m1[0m[38;5;159m envs).[0m
[38;5;159m[Genesis] [06:46:29] [INFO] Running at [38;5;121m52.79[0m[38;5;159m FPS ([38;5;121m52.79[0m[38;5;159m FPS per env, [38;5;121m1[0m[38;5;159m envs).[0m
[38;5;159m[Genesis] [06:46:29] [INFO] Running at [38;5;121m53.02[0m[38;5;159m FPS ([38;5;121m53.02[0m[38;5;159m FPS per env, [38;5;121m1[0m[38;5;159m envs).[0m
[38;5;159m[Genesis] [06:46:29] [INFO] Running at [38;5;121m53.14[0m[38;5;159m FPS ([38;5;121m53.14[0m[38;5;159m FPS per env, [38;5;121m1[0m[38;5;159m envs).[0m
[38;5;159m[Genesis] [06:46:29] [INFO] Running at [38;5;121m53.40[0m[38;5;159m FPS ([38;5;121m53.40[0m[38;5;159m FPS per env, [38;5;121m1[0m[38;5;159m envs).[0m
[38;5;159m[Genesis] [06:46:29] [INFO] Running at [38;5;121m53.68[0m[38;5;159m FPS ([38;5;121m53.68[0m[38;5;159m FPS per env, [38;5;121m1[0m[38;5;159m envs).[0m
[38;5;159m[Genesis] [06:46:29] [INFO] Running at [38;5;121m71.15[0m[38;5;159m FPS ([38;5;121m71.15[0m[38;5;159m FPS per env, [38;5;121m1[0m[38;5;159m envs).[0m
[38;5;159m[Genesis] [06:46:29] [INFO] Running at [38;5;121m70.56[0m[38;5;159m FPS ([38;5;121m70.56[0m[38;5;159m FPS per env, [38;5;121m1[0m[38;5;159m envs).[0m
[38;5;159m[Genesis] [06:46:29] [INFO] Running at [38;5;121m70.04[0m[38;5;159m FPS ([38;5;121m70.04[0m[38;5;159m FPS per env, [38;5;121m1[0m[38;5;159m envs).[0m
[38;5;159m[Genesis] [06:46:29] [INFO] Running at [38;5;121m52.68[0m[38;5;159m FPS ([38;5;121m52.68[0m[38;5;159m FPS per env, [38;5;121m1[0m[38;5;159m envs).[0m
[38;5;159m[Genesis] [06:46:29] [INFO] Running at [38;5;121m69.91[0m[38;5;159m FPS ([38;5;121m69.91[0m[38;5;159m FPS per env, [38;5;121m1[0m[38;5;159m envs).[0m
[38;5;159m[Genesis] [06:46:29] [INFO] Running at [38;5;121m69.20[0m[38;5;159m FPS ([38;5;121m69.20[0m[38;5;159m FPS per env, [38;5;121m1[0m[38;5;159m envs).[0m
[38;5;159m[Genesis] [06:46:29] [INFO] Running at [38;5;121m68.83[0m[38;5;159m FPS ([38;5;121m68.83[0m[38;5;159m FPS per env, [38;5;121m1[0m[38;5;159m envs).[0m
[38;5;159m[Genesis] [06:46:30] [INFO] Running at [38;5;121m51.95[0m[38;5;159m FPS ([38;5;121m51.95[0m[38;5;159m FPS per env, [38;5;121m1[0m[38;5;159m envs).[0m
[38;5;159m[Genesis] [06:46:30] [INFO] Running at [38;5;121m68.88[0m[38;5;159m FPS ([38;5;121m68.88[0m[38;5;159m FPS per env, [38;5;121m1[0m[38;5;159m envs).[0m
[38;5;159m[Genesis] [06:46:30] [INFO] Running at [38;5;121m52.00[0m[38;5;159m FPS ([38;5;121m52.00[0m[38;5;159m FPS per env, [38;5;121m1[0m[38;5;159m envs).[0m
[38;5;159m[Genesis] [06:46:30] [INFO] Running at [38;5;121m69.05[0m[38;5;159m FPS ([38;5;121m69.05[0m[38;5;159m FPS per env, [38;5;121m1[0m[38;5;159m envs).[0m
[38;5;159m[Genesis] [06:46:30] [INFO] Running at [38;5;121m52.00[0m[38;5;159m FPS ([38;5;121m52.00[0m[38;5;159m FPS per env, [38;5;121m1[0m[38;5;159m envs).[0m
[38;5;159m[Genesis] [06:46:30] [INFO] Running at [38;5;121m69.21[0m[38;5;159m FPS ([38;5;121m69.21[0m[38;5;159m FPS per env, [38;5;121m1[0m[38;5;159m envs).[0m
[38;5;159m[Genesis] [06:46:30] [INFO] Running at [38;5;121m68.86[0m[38;5;159m FPS ([38;5;121m68.86[0m[38;5;159m FPS per env, [38;5;121m1[0m[38;5;159m envs).[0m
[38;5;159m[Genesis] [06:46:30] [INFO] Running at [38;5;121m68.39[0m[38;5;159m FPS ([38;5;121m68.39[0m[38;5;159m FPS per env, [38;5;121m1[0m[38;5;159m envs).[0m
[38;5;159m[Genesis] [06:46:30] [INFO] Running at [38;5;121m67.88[0m[38;5;159m FPS ([38;5;121m67.88[0m[38;5;159m FPS per env, [38;5;121m1[0m[38;5;159m envs).[0m
[38;5;159m[Genesis] [06:46:30] [INFO] Running at [38;5;121m51.30[0m[38;5;159m FPS ([38;5;121m51.30[0m[38;5;159m FPS per env, [38;5;121m1[0m[38;5;159m envs).[0m
[38;5;159m[Genesis] [06:46:30] [INFO] Running at [38;5;121m67.99[0m[38;5;159m FPS ([38;5;121m67.99[0m[38;5;159m FPS per env, [38;5;121m1[0m[38;5;159m envs).[0m
[38;5;159m[Genesis] [06:46:30] [INFO] Running at [38;5;121m51.15[0m[38;5;159m FPS ([38;5;121m51.15[0m[38;5;159m FPS per env, [38;5;121m1[0m[38;5;159m envs).[0m
[38;5;159m[Genesis] [06:46:30] [INFO] Running at [38;5;121m67.84[0m[38;5;159m FPS ([38;5;121m67.84[0m[38;5;159m FPS per env, [38;5;121m1[0m[38;5;159m envs).[0m
[38;5;159m[Genesis] [06:46:30] [INFO] Running at [38;5;121m67.63[0m[38;5;159m FPS ([38;5;121m67.63[0m[38;5;159m FPS per env, [38;5;121m1[0m[38;5;159m envs).[0m
[38;5;159m[Genesis] [06:46:30] [INFO] Running at [38;5;121m67.49[0m[38;5;159m FPS ([38;5;121m67.49[0m[38;5;159m FPS per env, [38;5;121m1[0m[38;5;159m envs).[0m
[38;5;159m[Genesis] [06:46:30] [INFO] Running at [38;5;121m67.18[0m[38;5;159m FPS ([38;5;121m67.18[0m[38;5;159m FPS per env, [38;5;121m1[0m[38;5;159m envs).[0m
[38;5;159m[Genesis] [06:46:30] [INFO] Running at [38;5;121m66.87[0m[38;5;159m FPS ([38;5;121m66.87[0m[38;5;159m FPS per env, [38;5;121m1[0m[38;5;159m envs).[0m
[38;5;159m[Genesis] [06:46:31] [INFO] Running at [38;5;121m50.52[0m[38;5;159m FPS ([38;5;121m50.52[0m[38;5;159m FPS per env, [38;5;121m1[0m[38;5;159m envs).[0m
[38;5;159m[Genesis] [06:46:31] [INFO] Running at [38;5;121m66.95[0m[38;5;159m FPS ([38;5;121m66.95[0m[38;5;159m FPS per env, [38;5;121m1[0m[38;5;159m envs).[0m
[38;5;159m[Genesis] [06:46:31] [INFO] Running at [38;5;121m66.69[0m[38;5;159m FPS ([38;5;121m66.69[0m[38;5;159m FPS per env, [38;5;121m1[0m[38;5;159m envs).[0m
[38;5;159m[Genesis] [06:46:31] [INFO] Running at [38;5;121m50.42[0m[38;5;159m FPS ([38;5;121m50.42[0m[38;5;159m FPS per env, [38;5;121m1[0m[38;5;159m envs).[0m
[38;5;159m[Genesis] [06:46:31] [INFO] Running at [38;5;121m67.27[0m[38;5;159m FPS ([38;5;121m67.27[0m[38;5;159m FPS per env, [38;5;121m1[0m[38;5;159m envs).[0m
[38;5;159m[Genesis] [06:46:31] [INFO] Running at [38;5;121m67.21[0m[38;5;159m FPS ([38;5;121m67.21[0m[38;5;159m FPS per env, [38;5;121m1[0m[38;5;159m envs).[0m
[38;5;159m[Genesis] [06:46:31] [INFO] Running at [38;5;121m67.43[0m[38;5;159m FPS ([38;5;121m67.43[0m[38;5;159m FPS per env, [38;5;121m1[0m[38;5;159m envs).[0m
[38;5;159m[Genesis] [06:46:31] [INFO] Running at [38;5;121m67.31[0m[38;5;159m FPS ([38;5;121m67.31[0m[38;5;159m FPS per env, [38;5;121m1[0m[38;5;159m envs).[0m
[38;5;159m[Genesis] [06:46:31] [INFO] Running at [38;5;121m67.38[0m[38;5;159m FPS ([38;5;121m67.38[0m[38;5;159m FPS per env, [38;5;121m1[0m[38;5;159m envs).[0m
[38;5;159m[Genesis] [06:46:31] [INFO] Running at [38;5;121m50.93[0m[38;5;159m FPS ([38;5;121m50.93[0m[38;5;159m FPS per env, [38;5;121m1[0m[38;5;159m envs).[0m
[38;5;159m[Genesis] [06:46:31] [INFO] Running at [38;5;121m67.52[0m[38;5;159m FPS ([38;5;121m67.52[0m[38;5;159m FPS per env, [38;5;121m1[0m[38;5;159m envs).[0m
[38;5;159m[Genesis] [06:46:31] [INFO] Running at [38;5;121m50.96[0m[38;5;159m FPS ([38;5;121m50.96[0m[38;5;159m FPS per env, [38;5;121m1[0m[38;5;159m envs).[0m
[38;5;159m[Genesis] [06:46:31] [INFO] Running at [38;5;121m67.48[0m[38;5;159m FPS ([38;5;121m67.48[0m[38;5;159m FPS per env, [38;5;121m1[0m[38;5;159m envs).[0m
[38;5;159m[Genesis] [06:46:31] [INFO] Running at [38;5;121m51.00[0m[38;5;159m FPS ([38;5;121m51.00[0m[38;5;159m FPS per env, [38;5;121m1[0m[38;5;159m envs).[0m
[38;5;159m[Genesis] [06:46:31] [INFO] Running at [38;5;121m67.62[0m[38;5;159m FPS ([38;5;121m67.62[0m[38;5;159m FPS per env, [38;5;121m1[0m[38;5;159m envs).[0m
[38;5;159m[Genesis] [06:46:31] [INFO] Running at [38;5;121m51.06[0m[38;5;159m FPS ([38;5;121m51.06[0m[38;5;159m FPS per env, [38;5;121m1[0m[38;5;159m envs).[0m
[38;5;159m[Genesis] [06:46:31] [INFO] Running at [38;5;121m67.68[0m[38;5;159m FPS ([38;5;121m67.68[0m[38;5;159m FPS per env, [38;5;121m1[0m[38;5;159m envs).[0m
[38;5;159m[Genesis] [06:46:32] [INFO] Running at [38;5;121m67.65[0m[38;5;159m FPS ([38;5;121m67.65[0m[38;5;159m FPS per env, [38;5;121m1[0m[38;5;159m envs).[0m
[38;5;159m[Genesis] [06:46:32] [INFO] Running at [38;5;121m67.41[0m[38;5;159m FPS ([38;5;121m67.41[0m[38;5;159m FPS per env, [38;5;121m1[0m[38;5;159m envs).[0m
[38;5;159m[Genesis] [06:46:32] [INFO] Running at [38;5;121m67.37[0m[38;5;159m FPS ([38;5;121m67.37[0m[38;5;159m FPS per env, [38;5;121m1[0m[38;5;159m envs).[0m
[38;5;159m[Genesis] [06:46:32] [INFO] Running at [38;5;121m66.90[0m[38;5;159m FPS ([38;5;121m66.90[0m[38;5;159m FPS per env, [38;5;121m1[0m[38;5;159m envs).[0m
[38;5;159m[Genesis] [06:46:32] [INFO] Running at [38;5;121m66.57[0m[38;5;159m FPS ([38;5;121m66.57[0m[38;5;159m FPS per env, [38;5;121m1[0m[38;5;159m envs).[0m
[38;5;159m[Genesis] [06:46:32] [INFO] Running at [38;5;121m66.39[0m[38;5;159m FPS ([38;5;121m66.39[0m[38;5;159m FPS per env, [38;5;121m1[0m[38;5;159m envs).[0m
[38;5;159m[Genesis] [06:46:32] [INFO] Running at [38;5;121m50.15[0m[38;5;159m FPS ([38;5;121m50.15[0m[38;5;159m FPS per env, [38;5;121m1[0m[38;5;159m envs).[0m
[38;5;159m[Genesis] [06:46:32] [INFO] Running at [38;5;121m66.87[0m[38;5;159m FPS ([38;5;121m66.87[0m[38;5;159m FPS per env, [38;5;121m1[0m[38;5;159m envs).[0m
[38;5;159m[Genesis] [06:46:32] [INFO] Running at [38;5;121m67.13[0m[38;5;159m FPS ([38;5;121m67.13[0m[38;5;159m FPS per env, [38;5;121m1[0m[38;5;159m envs).[0m
[38;5;159m[Genesis] [06:46:32] [INFO] Running at [38;5;121m67.02[0m[38;5;159m FPS ([38;5;121m67.02[0m[38;5;159m FPS per env, [38;5;121m1[0m[38;5;159m envs).[0m
[38;5;159m[Genesis] [06:46:32] [INFO] Running at [38;5;121m67.10[0m[38;5;159m FPS ([38;5;121m67.10[0m[38;5;159m FPS per env, [38;5;121m1[0m[38;5;159m envs).[0m
[38;5;159m[Genesis] [06:46:32] [INFO] Running at [38;5;121m67.03[0m[38;5;159m FPS ([38;5;121m67.03[0m[38;5;159m FPS per env, [38;5;121m1[0m[38;5;159m envs).[0m
[38;5;159m[Genesis] [06:46:32] [INFO] Running at [38;5;121m67.28[0m[38;5;159m FPS ([38;5;121m67.28[0m[38;5;159m FPS per env, [38;5;121m1[0m[38;5;159m envs).[0m
[38;5;159m[Genesis] [06:46:32] [INFO] Running at [38;5;121m67.39[0m[38;5;159m FPS ([38;5;121m67.39[0m[38;5;159m FPS per env, [38;5;121m1[0m[38;5;159m envs).[0m
[38;5;159m[Genesis] [06:46:32] [INFO] Running at [38;5;121m67.18[0m[38;5;159m FPS ([38;5;121m67.18[0m[38;5;159m FPS per env, [38;5;121m1[0m[38;5;159m envs).[0m
[38;5;159m[Genesis] [06:46:32] [INFO] Running at [38;5;121m66.96[0m[38;5;159m FPS ([38;5;121m66.96[0m[38;5;159m FPS per env, [38;5;121m1[0m[38;5;159m envs).[0m
[38;5;159m[Genesis] [06:46:33] [INFO] Running at [38;5;121m66.79[0m[38;5;159m FPS ([38;5;121m66.79[0m[38;5;159m FPS per env, [38;5;121m1[0m[38;5;159m envs).[0m
[38;5;159m[Genesis] [06:46:33] [INFO] Running at [38;5;121m50.43[0m[38;5;159m FPS ([38;5;121m50.43[0m[38;5;159m FPS per env, [38;5;121m1[0m[38;5;159m envs).[0m
[38;5;159m[Genesis] [06:46:33] [INFO] Running at [38;5;121m66.92[0m[38;5;159m FPS ([38;5;121m66.92[0m[38;5;159m FPS per env, [38;5;121m1[0m[38;5;159m envs).[0m
[38;5;159m[Genesis] [06:46:33] [INFO] Running at [38;5;121m67.37[0m[38;5;159m FPS ([38;5;121m67.37[0m[38;5;159m FPS per env, [38;5;121m1[0m[38;5;159m envs).[0m
fps 50
[38;5;159m[Genesis] [06:46:33] [INFO] Saving video to [38;5;121m"test_3000_behind.mp4"[0m[38;5;159m...[0m
[38;5;159m[Genesis] [06:46:37] [INFO] Video saved.[0m
[38;5;159m[Genesis] [06:46:37] [INFO] Saving video to [38;5;121m"test_3000_side.mp4"[0m[38;5;159m...[0m
[38;5;159m[Genesis] [06:46:42] [INFO] Video saved.[0m
Saved recordings for checkpoint 3000.
[38;5;159m[Genesis] [06:46:42] [INFO] 💤 Exiting Genesis and caching compiled kernels...[0m
