[38;5;159m[Genesis] [18:46:56] [INFO] [38;5;121m╭───────────────────────────────────────────────╮[0m[38;5;159m[0m
[38;5;159m[Genesis] [18:46:56] [INFO] [38;5;121m│┈┉┈┉┈┉┈┉┈┉┈┉┈┉┈┉┈┉┈[0m[38;5;159m [38;5;121m[1m[3mGenesis[0m[38;5;159m [38;5;121m┈┉┈┉┈┉┈┉┈┉┈┉┈┉┈┉┈┉┈│[0m[38;5;159m[0m
[38;5;159m[Genesis] [18:46:56] [INFO] [38;5;121m╰───────────────────────────────────────────────╯[0m[38;5;159m[0m
[38;5;159m[Genesis] [18:46:56] [INFO] Running on [38;5;121m[4m[NVIDIA GeForce RTX 4090][0m[38;5;159m with backend [38;5;121m[4mgs.cuda[0m[38;5;159m. Device memory: [38;5;121m[4m23.52[0m[38;5;159m GB.[0m
[38;5;159m[Genesis] [18:46:56] [INFO] 🚀 Genesis initialized. 🔖 version: [38;5;121m[4m0.4.7[0m[38;5;159m, 🎨 theme: [38;5;121m[4mdark[0m[38;5;159m, 🌱 seed: [38;5;121m[4mNone[0m[38;5;159m, 🐛 debug: [38;5;121m[4mFalse[0m[38;5;159m, 📏 precision: [38;5;121m[4m64[0m[38;5;159m, 🔥 performance: [38;5;121m[4mFalse[0m[38;5;159m, 💬 verbose: [38;5;121m[4mINFO[0m[38;5;159m[0m
[38;5;226m[Genesis] [18:46:58] [WARNING] Viewer option 'n_rendered_envs' is deprecated and will be removed in a future release. Please use 'rendered_envs_idx' instead.[0m
[38;5;159m[Genesis] [18:46:58] [INFO] Scene [38;5;121m[3m<5d97c99>[0m[38;5;159m created.[0m
[38;5;159m[Genesis] [18:46:58] [INFO] Adding [38;5;121m<gs.engine.entities.RigidEntity>[0m[38;5;159m. idx: [38;5;121m0[0m[38;5;159m, uid: [38;5;121m[3m<f847d3e>[0m[38;5;159m, morph: [38;5;121m<gs.morphs.Terrain>[0m[38;5;159m, material: [38;5;121m<gs.materials.Rigid>[0m[38;5;159m.[0m
[38;5;159m[Genesis] [18:46:58] [INFO] Adding [38;5;121m<gs.engine.entities.RigidEntity>[0m[38;5;159m. idx: [38;5;121m1[0m[38;5;159m, uid: [38;5;121m[3m<4bf4c3d>[0m[38;5;159m, morph: [38;5;121m<gs.morphs.URDF(file='/home/jfriesen/.local/lib/python3.12/site-packages/genesis/assets/urdf/go2/urdf/go2.urdf')>[0m[38;5;159m, material: [38;5;121m<gs.materials.Rigid>[0m[38;5;159m.[0m
[38;5;159m[Genesis] [18:47:00] [INFO] Building scene [38;5;121m[3m<5d97c99>[0m[38;5;159m...[0m
[38;5;226m[Genesis] [18:47:00] [WARNING] Neutral robot position (qpos0) exceeds joint limits.[0m
[38;5;159m[Genesis] [18:47:01] [INFO] Compiling simulation kernels...[0m
[38;5;159m[Genesis] [18:47:02] [INFO] Building visualizer...[0m
[38;5;226m[Genesis] [18:47:02] [WARNING] This property is deprecated and will be removed in future release. Please use 'dofs_idx_local' instead.[0m
[38;5;226m[Genesis] [18:47:02] [WARNING] This property is deprecated and will be removed in future release. Please use 'dofs_idx_local' instead.[0m
[38;5;226m[Genesis] [18:47:02] [WARNING] This property is deprecated and will be removed in future release. Please use 'dofs_idx_local' instead.[0m
[38;5;226m[Genesis] [18:47:02] [WARNING] This property is deprecated and will be removed in future release. Please use 'dofs_idx_local' instead.[0m
[38;5;226m[Genesis] [18:47:02] [WARNING] This property is deprecated and will be removed in future release. Please use 'dofs_idx_local' instead.[0m
[38;5;226m[Genesis] [18:47:02] [WARNING] This property is deprecated and will be removed in future release. Please use 'dofs_idx_local' instead.[0m
[38;5;226m[Genesis] [18:47:02] [WARNING] This property is deprecated and will be removed in future release. Please use 'dofs_idx_local' instead.[0m
[38;5;226m[Genesis] [18:47:02] [WARNING] This property is deprecated and will be removed in future release. Please use 'dofs_idx_local' instead.[0m
[38;5;226m[Genesis] [18:47:02] [WARNING] This property is deprecated and will be removed in future release. Please use 'dofs_idx_local' instead.[0m
[38;5;226m[Genesis] [18:47:02] [WARNING] This property is deprecated and will be removed in future release. Please use 'dofs_idx_local' instead.[0m
[38;5;226m[Genesis] [18:47:02] [WARNING] This property is deprecated and will be removed in future release. Please use 'dofs_idx_local' instead.[0m
[38;5;226m[Genesis] [18:47:02] [WARNING] This property is deprecated and will be removed in future release. Please use 'dofs_idx_local' instead.[0m
/home/jfriesen/.local/lib/python3.12/site-packages/torch/utils/_device.py:122: UserWarning: To copy construct from a tensor, it is recommended to use sourceTensor.detach().clone() or sourceTensor.detach().clone().requires_grad_(True), rather than torch.tensor(sourceTensor).
  return func(*args, **kwargs)
Actor MLP: Sequential(
  (0): Linear(in_features=76, out_features=512, bias=True)
  (1): ELU(alpha=1.0)
  (2): Linear(in_features=512, out_features=256, bias=True)
  (3): ELU(alpha=1.0)
  (4): Linear(in_features=256, out_features=128, bias=True)
  (5): ELU(alpha=1.0)
  (6): Linear(in_features=128, out_features=12, bias=True)
)
Critic MLP: Sequential(
  (0): Linear(in_features=100, out_features=512, bias=True)
  (1): ELU(alpha=1.0)
  (2): Linear(in_features=512, out_features=256, bias=True)
  (3): ELU(alpha=1.0)
  (4): Linear(in_features=256, out_features=128, bias=True)
  (5): ELU(alpha=1.0)
  (6): Linear(in_features=128, out_features=1, bias=True)
)
[38;5;159m[Genesis] [18:47:03] [INFO] Running at [38;5;121m3.69[0m[38;5;159m FPS ([38;5;121m3.69[0m[38;5;159m FPS per env, [38;5;121m1[0m[38;5;159m envs).[0m
[38;5;159m[Genesis] [18:47:03] [INFO] Running at [38;5;121m11.79[0m[38;5;159m FPS ([38;5;121m11.79[0m[38;5;159m FPS per env, [38;5;121m1[0m[38;5;159m envs).[0m
[38;5;159m[Genesis] [18:47:03] [INFO] Running at [38;5;121m71.80[0m[38;5;159m FPS ([38;5;121m71.80[0m[38;5;159m FPS per env, [38;5;121m1[0m[38;5;159m envs).[0m
[38;5;159m[Genesis] [18:47:03] [INFO] Running at [38;5;121m72.83[0m[38;5;159m FPS ([38;5;121m72.83[0m[38;5;159m FPS per env, [38;5;121m1[0m[38;5;159m envs).[0m
[38;5;159m[Genesis] [18:47:03] [INFO] Running at [38;5;121m73.94[0m[38;5;159m FPS ([38;5;121m73.94[0m[38;5;159m FPS per env, [38;5;121m1[0m[38;5;159m envs).[0m
[38;5;159m[Genesis] [18:47:04] [INFO] Running at [38;5;121m99.96[0m[38;5;159m FPS ([38;5;121m99.96[0m[38;5;159m FPS per env, [38;5;121m1[0m[38;5;159m envs).[0m
[38;5;159m[Genesis] [18:47:04] [INFO] Running at [38;5;121m118.98[0m[38;5;159m FPS ([38;5;121m118.98[0m[38;5;159m FPS per env, [38;5;121m1[0m[38;5;159m envs).[0m
[38;5;159m[Genesis] [18:47:04] [INFO] Running at [38;5;121m118.18[0m[38;5;159m FPS ([38;5;121m118.18[0m[38;5;159m FPS per env, [38;5;121m1[0m[38;5;159m envs).[0m
[38;5;159m[Genesis] [18:47:04] [INFO] Running at [38;5;121m117.68[0m[38;5;159m FPS ([38;5;121m117.68[0m[38;5;159m FPS per env, [38;5;121m1[0m[38;5;159m envs).[0m
[38;5;159m[Genesis] [18:47:04] [INFO] Running at [38;5;121m117.00[0m[38;5;159m FPS ([38;5;121m117.00[0m[38;5;159m FPS per env, [38;5;121m1[0m[38;5;159m envs).[0m
[38;5;159m[Genesis] [18:47:04] [INFO] Running at [38;5;121m116.35[0m[38;5;159m FPS ([38;5;121m116.35[0m[38;5;159m FPS per env, [38;5;121m1[0m[38;5;159m envs).[0m
[38;5;159m[Genesis] [18:47:04] [INFO] Running at [38;5;121m115.83[0m[38;5;159m FPS ([38;5;121m115.83[0m[38;5;159m FPS per env, [38;5;121m1[0m[38;5;159m envs).[0m
[38;5;159m[Genesis] [18:47:04] [INFO] Running at [38;5;121m115.28[0m[38;5;159m FPS ([38;5;121m115.28[0m[38;5;159m FPS per env, [38;5;121m1[0m[38;5;159m envs).[0m
[38;5;159m[Genesis] [18:47:04] [INFO] Running at [38;5;121m114.97[0m[38;5;159m FPS ([38;5;121m114.97[0m[38;5;159m FPS per env, [38;5;121m1[0m[38;5;159m envs).[0m
[38;5;159m[Genesis] [18:47:04] [INFO] Running at [38;5;121m114.70[0m[38;5;159m FPS ([38;5;121m114.70[0m[38;5;159m FPS per env, [38;5;121m1[0m[38;5;159m envs).[0m
[38;5;159m[Genesis] [18:47:04] [INFO] Running at [38;5;121m113.99[0m[38;5;159m FPS ([38;5;121m113.99[0m[38;5;159m FPS per env, [38;5;121m1[0m[38;5;159m envs).[0m
[38;5;159m[Genesis] [18:47:04] [INFO] Running at [38;5;121m113.64[0m[38;5;159m FPS ([38;5;121m113.64[0m[38;5;159m FPS per env, [38;5;121m1[0m[38;5;159m envs).[0m
[38;5;159m[Genesis] [18:47:04] [INFO] Running at [38;5;121m113.43[0m[38;5;159m FPS ([38;5;121m113.43[0m[38;5;159m FPS per env, [38;5;121m1[0m[38;5;159m envs).[0m
[38;5;159m[Genesis] [18:47:04] [INFO] Running at [38;5;121m113.37[0m[38;5;159m FPS ([38;5;121m113.37[0m[38;5;159m FPS per env, [38;5;121m1[0m[38;5;159m envs).[0m
[38;5;159m[Genesis] [18:47:04] [INFO] Running at [38;5;121m113.17[0m[38;5;159m FPS ([38;5;121m113.17[0m[38;5;159m FPS per env, [38;5;121m1[0m[38;5;159m envs).[0m
[38;5;159m[Genesis] [18:47:04] [INFO] Running at [38;5;121m112.89[0m[38;5;159m FPS ([38;5;121m112.89[0m[38;5;159m FPS per env, [38;5;121m1[0m[38;5;159m envs).[0m
[38;5;159m[Genesis] [18:47:04] [INFO] Running at [38;5;121m112.64[0m[38;5;159m FPS ([38;5;121m112.64[0m[38;5;159m FPS per env, [38;5;121m1[0m[38;5;159m envs).[0m
[38;5;159m[Genesis] [18:47:04] [INFO] Running at [38;5;121m112.38[0m[38;5;159m FPS ([38;5;121m112.38[0m[38;5;159m FPS per env, [38;5;121m1[0m[38;5;159m envs).[0m
[38;5;159m[Genesis] [18:47:05] [INFO] Running at [38;5;121m112.27[0m[38;5;159m FPS ([38;5;121m112.27[0m[38;5;159m FPS per env, [38;5;121m1[0m[38;5;159m envs).[0m
[38;5;159m[Genesis] [18:47:05] [INFO] Running at [38;5;121m112.10[0m[38;5;159m FPS ([38;5;121m112.10[0m[38;5;159m FPS per env, [38;5;121m1[0m[38;5;159m envs).[0m
[38;5;159m[Genesis] [18:47:05] [INFO] Running at [38;5;121m112.06[0m[38;5;159m FPS ([38;5;121m112.06[0m[38;5;159m FPS per env, [38;5;121m1[0m[38;5;159m envs).[0m
[38;5;159m[Genesis] [18:47:05] [INFO] Running at [38;5;121m111.83[0m[38;5;159m FPS ([38;5;121m111.83[0m[38;5;159m FPS per env, [38;5;121m1[0m[38;5;159m envs).[0m
[38;5;159m[Genesis] [18:47:05] [INFO] Running at [38;5;121m111.76[0m[38;5;159m FPS ([38;5;121m111.76[0m[38;5;159m FPS per env, [38;5;121m1[0m[38;5;159m envs).[0m
[38;5;159m[Genesis] [18:47:05] [INFO] Running at [38;5;121m111.90[0m[38;5;159m FPS ([38;5;121m111.90[0m[38;5;159m FPS per env, [38;5;121m1[0m[38;5;159m envs).[0m
[38;5;159m[Genesis] [18:47:05] [INFO] Running at [38;5;121m112.14[0m[38;5;159m FPS ([38;5;121m112.14[0m[38;5;159m FPS per env, [38;5;121m1[0m[38;5;159m envs).[0m
[38;5;159m[Genesis] [18:47:05] [INFO] Running at [38;5;121m112.08[0m[38;5;159m FPS ([38;5;121m112.08[0m[38;5;159m FPS per env, [38;5;121m1[0m[38;5;159m envs).[0m
[38;5;159m[Genesis] [18:47:05] [INFO] Running at [38;5;121m112.11[0m[38;5;159m FPS ([38;5;121m112.11[0m[38;5;159m FPS per env, [38;5;121m1[0m[38;5;159m envs).[0m
[38;5;159m[Genesis] [18:47:05] [INFO] Running at [38;5;121m112.13[0m[38;5;159m FPS ([38;5;121m112.13[0m[38;5;159m FPS per env, [38;5;121m1[0m[38;5;159m envs).[0m
[38;5;159m[Genesis] [18:47:05] [INFO] Running at [38;5;121m112.39[0m[38;5;159m FPS ([38;5;121m112.39[0m[38;5;159m FPS per env, [38;5;121m1[0m[38;5;159m envs).[0m
[38;5;159m[Genesis] [18:47:05] [INFO] Running at [38;5;121m112.28[0m[38;5;159m FPS ([38;5;121m112.28[0m[38;5;159m FPS per env, [38;5;121m1[0m[38;5;159m envs).[0m
[38;5;159m[Genesis] [18:47:05] [INFO] Running at [38;5;121m112.17[0m[38;5;159m FPS ([38;5;121m112.17[0m[38;5;159m FPS per env, [38;5;121m1[0m[38;5;159m envs).[0m
[38;5;159m[Genesis] [18:47:05] [INFO] Running at [38;5;121m112.03[0m[38;5;159m FPS ([38;5;121m112.03[0m[38;5;159m FPS per env, [38;5;121m1[0m[38;5;159m envs).[0m
[38;5;159m[Genesis] [18:47:05] [INFO] Running at [38;5;121m111.99[0m[38;5;159m FPS ([38;5;121m111.99[0m[38;5;159m FPS per env, [38;5;121m1[0m[38;5;159m envs).[0m
[38;5;159m[Genesis] [18:47:05] [INFO] Running at [38;5;121m112.09[0m[38;5;159m FPS ([38;5;121m112.09[0m[38;5;159m FPS per env, [38;5;121m1[0m[38;5;159m envs).[0m
[38;5;159m[Genesis] [18:47:05] [INFO] Running at [38;5;121m111.89[0m[38;5;159m FPS ([38;5;121m111.89[0m[38;5;159m FPS per env, [38;5;121m1[0m[38;5;159m envs).[0m
[38;5;159m[Genesis] [18:47:05] [INFO] Running at [38;5;121m112.06[0m[38;5;159m FPS ([38;5;121m112.06[0m[38;5;159m FPS per env, [38;5;121m1[0m[38;5;159m envs).[0m
[38;5;159m[Genesis] [18:47:05] [INFO] Running at [38;5;121m130.06[0m[38;5;159m FPS ([38;5;121m130.06[0m[38;5;159m FPS per env, [38;5;121m1[0m[38;5;159m envs).[0m
[38;5;159m[Genesis] [18:47:06] [INFO] Running at [38;5;121m129.43[0m[38;5;159m FPS ([38;5;121m129.43[0m[38;5;159m FPS per env, [38;5;121m1[0m[38;5;159m envs).[0m
[38;5;159m[Genesis] [18:47:06] [INFO] Running at [38;5;121m110.80[0m[38;5;159m FPS ([38;5;121m110.80[0m[38;5;159m FPS per env, [38;5;121m1[0m[38;5;159m envs).[0m
[38;5;159m[Genesis] [18:47:06] [INFO] Running at [38;5;121m110.96[0m[38;5;159m FPS ([38;5;121m110.96[0m[38;5;159m FPS per env, [38;5;121m1[0m[38;5;159m envs).[0m
[38;5;159m[Genesis] [18:47:06] [INFO] Running at [38;5;121m110.65[0m[38;5;159m FPS ([38;5;121m110.65[0m[38;5;159m FPS per env, [38;5;121m1[0m[38;5;159m envs).[0m
[38;5;159m[Genesis] [18:47:06] [INFO] Running at [38;5;121m110.55[0m[38;5;159m FPS ([38;5;121m110.55[0m[38;5;159m FPS per env, [38;5;121m1[0m[38;5;159m envs).[0m
[38;5;159m[Genesis] [18:47:06] [INFO] Running at [38;5;121m110.55[0m[38;5;159m FPS ([38;5;121m110.55[0m[38;5;159m FPS per env, [38;5;121m1[0m[38;5;159m envs).[0m
[38;5;159m[Genesis] [18:47:06] [INFO] Running at [38;5;121m110.59[0m[38;5;159m FPS ([38;5;121m110.59[0m[38;5;159m FPS per env, [38;5;121m1[0m[38;5;159m envs).[0m
[38;5;159m[Genesis] [18:47:06] [INFO] Running at [38;5;121m110.57[0m[38;5;159m FPS ([38;5;121m110.57[0m[38;5;159m FPS per env, [38;5;121m1[0m[38;5;159m envs).[0m
[38;5;159m[Genesis] [18:47:06] [INFO] Running at [38;5;121m110.42[0m[38;5;159m FPS ([38;5;121m110.42[0m[38;5;159m FPS per env, [38;5;121m1[0m[38;5;159m envs).[0m
[38;5;159m[Genesis] [18:47:06] [INFO] Running at [38;5;121m110.32[0m[38;5;159m FPS ([38;5;121m110.32[0m[38;5;159m FPS per env, [38;5;121m1[0m[38;5;159m envs).[0m
[38;5;159m[Genesis] [18:47:06] [INFO] Running at [38;5;121m110.40[0m[38;5;159m FPS ([38;5;121m110.40[0m[38;5;159m FPS per env, [38;5;121m1[0m[38;5;159m envs).[0m
[38;5;159m[Genesis] [18:47:06] [INFO] Running at [38;5;121m110.33[0m[38;5;159m FPS ([38;5;121m110.33[0m[38;5;159m FPS per env, [38;5;121m1[0m[38;5;159m envs).[0m
[38;5;159m[Genesis] [18:47:06] [INFO] Running at [38;5;121m110.20[0m[38;5;159m FPS ([38;5;121m110.20[0m[38;5;159m FPS per env, [38;5;121m1[0m[38;5;159m envs).[0m
[38;5;159m[Genesis] [18:47:06] [INFO] Running at [38;5;121m110.24[0m[38;5;159m FPS ([38;5;121m110.24[0m[38;5;159m FPS per env, [38;5;121m1[0m[38;5;159m envs).[0m
[38;5;159m[Genesis] [18:47:06] [INFO] Running at [38;5;121m110.13[0m[38;5;159m FPS ([38;5;121m110.13[0m[38;5;159m FPS per env, [38;5;121m1[0m[38;5;159m envs).[0m
[38;5;159m[Genesis] [18:47:06] [INFO] Running at [38;5;121m110.01[0m[38;5;159m FPS ([38;5;121m110.01[0m[38;5;159m FPS per env, [38;5;121m1[0m[38;5;159m envs).[0m
[38;5;159m[Genesis] [18:47:06] [INFO] Running at [38;5;121m109.86[0m[38;5;159m FPS ([38;5;121m109.86[0m[38;5;159m FPS per env, [38;5;121m1[0m[38;5;159m envs).[0m
[38;5;159m[Genesis] [18:47:06] [INFO] Running at [38;5;121m109.94[0m[38;5;159m FPS ([38;5;121m109.94[0m[38;5;159m FPS per env, [38;5;121m1[0m[38;5;159m envs).[0m
[38;5;159m[Genesis] [18:47:07] [INFO] Running at [38;5;121m110.00[0m[38;5;159m FPS ([38;5;121m110.00[0m[38;5;159m FPS per env, [38;5;121m1[0m[38;5;159m envs).[0m
[38;5;159m[Genesis] [18:47:07] [INFO] Running at [38;5;121m109.89[0m[38;5;159m FPS ([38;5;121m109.89[0m[38;5;159m FPS per env, [38;5;121m1[0m[38;5;159m envs).[0m
[38;5;159m[Genesis] [18:47:07] [INFO] Running at [38;5;121m109.87[0m[38;5;159m FPS ([38;5;121m109.87[0m[38;5;159m FPS per env, [38;5;121m1[0m[38;5;159m envs).[0m
[38;5;159m[Genesis] [18:47:07] [INFO] Running at [38;5;121m109.89[0m[38;5;159m FPS ([38;5;121m109.89[0m[38;5;159m FPS per env, [38;5;121m1[0m[38;5;159m envs).[0m
[38;5;159m[Genesis] [18:47:07] [INFO] Running at [38;5;121m109.97[0m[38;5;159m FPS ([38;5;121m109.97[0m[38;5;159m FPS per env, [38;5;121m1[0m[38;5;159m envs).[0m
[38;5;159m[Genesis] [18:47:07] [INFO] Running at [38;5;121m109.82[0m[38;5;159m FPS ([38;5;121m109.82[0m[38;5;159m FPS per env, [38;5;121m1[0m[38;5;159m envs).[0m
[38;5;159m[Genesis] [18:47:07] [INFO] Running at [38;5;121m109.92[0m[38;5;159m FPS ([38;5;121m109.92[0m[38;5;159m FPS per env, [38;5;121m1[0m[38;5;159m envs).[0m
[38;5;159m[Genesis] [18:47:07] [INFO] Running at [38;5;121m109.92[0m[38;5;159m FPS ([38;5;121m109.92[0m[38;5;159m FPS per env, [38;5;121m1[0m[38;5;159m envs).[0m
[38;5;159m[Genesis] [18:47:07] [INFO] Running at [38;5;121m109.99[0m[38;5;159m FPS ([38;5;121m109.99[0m[38;5;159m FPS per env, [38;5;121m1[0m[38;5;159m envs).[0m
[38;5;159m[Genesis] [18:47:07] [INFO] Running at [38;5;121m110.04[0m[38;5;159m FPS ([38;5;121m110.04[0m[38;5;159m FPS per env, [38;5;121m1[0m[38;5;159m envs).[0m
[38;5;159m[Genesis] [18:47:07] [INFO] Running at [38;5;121m110.12[0m[38;5;159m FPS ([38;5;121m110.12[0m[38;5;159m FPS per env, [38;5;121m1[0m[38;5;159m envs).[0m
[38;5;159m[Genesis] [18:47:07] [INFO] Running at [38;5;121m110.13[0m[38;5;159m FPS ([38;5;121m110.13[0m[38;5;159m FPS per env, [38;5;121m1[0m[38;5;159m envs).[0m
[38;5;159m[Genesis] [18:47:07] [INFO] Running at [38;5;121m109.99[0m[38;5;159m FPS ([38;5;121m109.99[0m[38;5;159m FPS per env, [38;5;121m1[0m[38;5;159m envs).[0m
[38;5;159m[Genesis] [18:47:07] [INFO] Running at [38;5;121m110.02[0m[38;5;159m FPS ([38;5;121m110.02[0m[38;5;159m FPS per env, [38;5;121m1[0m[38;5;159m envs).[0m
[38;5;159m[Genesis] [18:47:07] [INFO] Running at [38;5;121m110.12[0m[38;5;159m FPS ([38;5;121m110.12[0m[38;5;159m FPS per env, [38;5;121m1[0m[38;5;159m envs).[0m
[38;5;159m[Genesis] [18:47:07] [INFO] Running at [38;5;121m110.07[0m[38;5;159m FPS ([38;5;121m110.07[0m[38;5;159m FPS per env, [38;5;121m1[0m[38;5;159m envs).[0m
[38;5;159m[Genesis] [18:47:07] [INFO] Running at [38;5;121m110.03[0m[38;5;159m FPS ([38;5;121m110.03[0m[38;5;159m FPS per env, [38;5;121m1[0m[38;5;159m envs).[0m
[38;5;159m[Genesis] [18:47:07] [INFO] Running at [38;5;121m110.16[0m[38;5;159m FPS ([38;5;121m110.16[0m[38;5;159m FPS per env, [38;5;121m1[0m[38;5;159m envs).[0m
[38;5;159m[Genesis] [18:47:08] [INFO] Running at [38;5;121m110.07[0m[38;5;159m FPS ([38;5;121m110.07[0m[38;5;159m FPS per env, [38;5;121m1[0m[38;5;159m envs).[0m
[38;5;159m[Genesis] [18:47:08] [INFO] Running at [38;5;121m110.03[0m[38;5;159m FPS ([38;5;121m110.03[0m[38;5;159m FPS per env, [38;5;121m1[0m[38;5;159m envs).[0m
[38;5;159m[Genesis] [18:47:08] [INFO] Running at [38;5;121m110.09[0m[38;5;159m FPS ([38;5;121m110.09[0m[38;5;159m FPS per env, [38;5;121m1[0m[38;5;159m envs).[0m
[38;5;159m[Genesis] [18:47:08] [INFO] Running at [38;5;121m110.12[0m[38;5;159m FPS ([38;5;121m110.12[0m[38;5;159m FPS per env, [38;5;121m1[0m[38;5;159m envs).[0m
[38;5;159m[Genesis] [18:47:08] [INFO] Running at [38;5;121m110.07[0m[38;5;159m FPS ([38;5;121m110.07[0m[38;5;159m FPS per env, [38;5;121m1[0m[38;5;159m envs).[0m
[38;5;159m[Genesis] [18:47:08] [INFO] Running at [38;5;121m110.15[0m[38;5;159m FPS ([38;5;121m110.15[0m[38;5;159m FPS per env, [38;5;121m1[0m[38;5;159m envs).[0m
[38;5;159m[Genesis] [18:47:08] [INFO] Running at [38;5;121m110.17[0m[38;5;159m FPS ([38;5;121m110.17[0m[38;5;159m FPS per env, [38;5;121m1[0m[38;5;159m envs).[0m
[38;5;159m[Genesis] [18:47:08] [INFO] Running at [38;5;121m110.17[0m[38;5;159m FPS ([38;5;121m110.17[0m[38;5;159m FPS per env, [38;5;121m1[0m[38;5;159m envs).[0m
[38;5;159m[Genesis] [18:47:08] [INFO] Running at [38;5;121m110.05[0m[38;5;159m FPS ([38;5;121m110.05[0m[38;5;159m FPS per env, [38;5;121m1[0m[38;5;159m envs).[0m
[38;5;159m[Genesis] [18:47:08] [INFO] Running at [38;5;121m110.20[0m[38;5;159m FPS ([38;5;121m110.20[0m[38;5;159m FPS per env, [38;5;121m1[0m[38;5;159m envs).[0m
[38;5;159m[Genesis] [18:47:08] [INFO] Running at [38;5;121m109.91[0m[38;5;159m FPS ([38;5;121m109.91[0m[38;5;159m FPS per env, [38;5;121m1[0m[38;5;159m envs).[0m
[38;5;159m[Genesis] [18:47:08] [INFO] Running at [38;5;121m110.06[0m[38;5;159m FPS ([38;5;121m110.06[0m[38;5;159m FPS per env, [38;5;121m1[0m[38;5;159m envs).[0m
[38;5;159m[Genesis] [18:47:08] [INFO] Running at [38;5;121m109.64[0m[38;5;159m FPS ([38;5;121m109.64[0m[38;5;159m FPS per env, [38;5;121m1[0m[38;5;159m envs).[0m
[38;5;159m[Genesis] [18:47:08] [INFO] Running at [38;5;121m109.38[0m[38;5;159m FPS ([38;5;121m109.38[0m[38;5;159m FPS per env, [38;5;121m1[0m[38;5;159m envs).[0m
[38;5;159m[Genesis] [18:47:08] [INFO] Running at [38;5;121m109.17[0m[38;5;159m FPS ([38;5;121m109.17[0m[38;5;159m FPS per env, [38;5;121m1[0m[38;5;159m envs).[0m
[38;5;159m[Genesis] [18:47:08] [INFO] Running at [38;5;121m108.98[0m[38;5;159m FPS ([38;5;121m108.98[0m[38;5;159m FPS per env, [38;5;121m1[0m[38;5;159m envs).[0m
[38;5;159m[Genesis] [18:47:08] [INFO] Running at [38;5;121m109.08[0m[38;5;159m FPS ([38;5;121m109.08[0m[38;5;159m FPS per env, [38;5;121m1[0m[38;5;159m envs).[0m
[38;5;159m[Genesis] [18:47:08] [INFO] Running at [38;5;121m109.11[0m[38;5;159m FPS ([38;5;121m109.11[0m[38;5;159m FPS per env, [38;5;121m1[0m[38;5;159m envs).[0m
[38;5;159m[Genesis] [18:47:09] [INFO] Running at [38;5;121m109.18[0m[38;5;159m FPS ([38;5;121m109.18[0m[38;5;159m FPS per env, [38;5;121m1[0m[38;5;159m envs).[0m
[38;5;159m[Genesis] [18:47:09] [INFO] Running at [38;5;121m109.28[0m[38;5;159m FPS ([38;5;121m109.28[0m[38;5;159m FPS per env, [38;5;121m1[0m[38;5;159m envs).[0m
[38;5;159m[Genesis] [18:47:09] [INFO] Running at [38;5;121m109.49[0m[38;5;159m FPS ([38;5;121m109.49[0m[38;5;159m FPS per env, [38;5;121m1[0m[38;5;159m envs).[0m
[38;5;159m[Genesis] [18:47:09] [INFO] Running at [38;5;121m109.51[0m[38;5;159m FPS ([38;5;121m109.51[0m[38;5;159m FPS per env, [38;5;121m1[0m[38;5;159m envs).[0m
[38;5;159m[Genesis] [18:47:09] [INFO] Running at [38;5;121m109.35[0m[38;5;159m FPS ([38;5;121m109.35[0m[38;5;159m FPS per env, [38;5;121m1[0m[38;5;159m envs).[0m
[38;5;159m[Genesis] [18:47:09] [INFO] Running at [38;5;121m109.37[0m[38;5;159m FPS ([38;5;121m109.37[0m[38;5;159m FPS per env, [38;5;121m1[0m[38;5;159m envs).[0m
[38;5;159m[Genesis] [18:47:09] [INFO] Running at [38;5;121m109.16[0m[38;5;159m FPS ([38;5;121m109.16[0m[38;5;159m FPS per env, [38;5;121m1[0m[38;5;159m envs).[0m
[38;5;159m[Genesis] [18:47:09] [INFO] Running at [38;5;121m109.46[0m[38;5;159m FPS ([38;5;121m109.46[0m[38;5;159m FPS per env, [38;5;121m1[0m[38;5;159m envs).[0m
[38;5;159m[Genesis] [18:47:09] [INFO] Running at [38;5;121m109.72[0m[38;5;159m FPS ([38;5;121m109.72[0m[38;5;159m FPS per env, [38;5;121m1[0m[38;5;159m envs).[0m
[38;5;159m[Genesis] [18:47:09] [INFO] Running at [38;5;121m127.61[0m[38;5;159m FPS ([38;5;121m127.61[0m[38;5;159m FPS per env, [38;5;121m1[0m[38;5;159m envs).[0m
[38;5;159m[Genesis] [18:47:09] [INFO] Running at [38;5;121m109.62[0m[38;5;159m FPS ([38;5;121m109.62[0m[38;5;159m FPS per env, [38;5;121m1[0m[38;5;159m envs).[0m
[38;5;159m[Genesis] [18:47:09] [INFO] Running at [38;5;121m109.78[0m[38;5;159m FPS ([38;5;121m109.78[0m[38;5;159m FPS per env, [38;5;121m1[0m[38;5;159m envs).[0m
[38;5;159m[Genesis] [18:47:09] [INFO] Running at [38;5;121m110.03[0m[38;5;159m FPS ([38;5;121m110.03[0m[38;5;159m FPS per env, [38;5;121m1[0m[38;5;159m envs).[0m
[38;5;159m[Genesis] [18:47:09] [INFO] Running at [38;5;121m110.15[0m[38;5;159m FPS ([38;5;121m110.15[0m[38;5;159m FPS per env, [38;5;121m1[0m[38;5;159m envs).[0m
[38;5;159m[Genesis] [18:47:09] [INFO] Running at [38;5;121m110.28[0m[38;5;159m FPS ([38;5;121m110.28[0m[38;5;159m FPS per env, [38;5;121m1[0m[38;5;159m envs).[0m
[38;5;159m[Genesis] [18:47:09] [INFO] Running at [38;5;121m110.68[0m[38;5;159m FPS ([38;5;121m110.68[0m[38;5;159m FPS per env, [38;5;121m1[0m[38;5;159m envs).[0m
[38;5;159m[Genesis] [18:47:09] [INFO] Running at [38;5;121m110.82[0m[38;5;159m FPS ([38;5;121m110.82[0m[38;5;159m FPS per env, [38;5;121m1[0m[38;5;159m envs).[0m
[38;5;159m[Genesis] [18:47:09] [INFO] Running at [38;5;121m110.96[0m[38;5;159m FPS ([38;5;121m110.96[0m[38;5;159m FPS per env, [38;5;121m1[0m[38;5;159m envs).[0m
[38;5;159m[Genesis] [18:47:09] [INFO] Running at [38;5;121m111.24[0m[38;5;159m FPS ([38;5;121m111.24[0m[38;5;159m FPS per env, [38;5;121m1[0m[38;5;159m envs).[0m
[38;5;159m[Genesis] [18:47:10] [INFO] Running at [38;5;121m111.42[0m[38;5;159m FPS ([38;5;121m111.42[0m[38;5;159m FPS per env, [38;5;121m1[0m[38;5;159m envs).[0m
[38;5;159m[Genesis] [18:47:10] [INFO] Running at [38;5;121m111.43[0m[38;5;159m FPS ([38;5;121m111.43[0m[38;5;159m FPS per env, [38;5;121m1[0m[38;5;159m envs).[0m
[38;5;159m[Genesis] [18:47:10] [INFO] Running at [38;5;121m111.60[0m[38;5;159m FPS ([38;5;121m111.60[0m[38;5;159m FPS per env, [38;5;121m1[0m[38;5;159m envs).[0m
[38;5;159m[Genesis] [18:47:10] [INFO] Running at [38;5;121m111.42[0m[38;5;159m FPS ([38;5;121m111.42[0m[38;5;159m FPS per env, [38;5;121m1[0m[38;5;159m envs).[0m
[38;5;159m[Genesis] [18:47:10] [INFO] Running at [38;5;121m111.40[0m[38;5;159m FPS ([38;5;121m111.40[0m[38;5;159m FPS per env, [38;5;121m1[0m[38;5;159m envs).[0m
[38;5;159m[Genesis] [18:47:10] [INFO] Running at [38;5;121m111.44[0m[38;5;159m FPS ([38;5;121m111.44[0m[38;5;159m FPS per env, [38;5;121m1[0m[38;5;159m envs).[0m
[38;5;159m[Genesis] [18:47:10] [INFO] Running at [38;5;121m111.29[0m[38;5;159m FPS ([38;5;121m111.29[0m[38;5;159m FPS per env, [38;5;121m1[0m[38;5;159m envs).[0m
[38;5;159m[Genesis] [18:47:10] [INFO] Running at [38;5;121m111.12[0m[38;5;159m FPS ([38;5;121m111.12[0m[38;5;159m FPS per env, [38;5;121m1[0m[38;5;159m envs).[0m
[38;5;159m[Genesis] [18:47:10] [INFO] Running at [38;5;121m111.22[0m[38;5;159m FPS ([38;5;121m111.22[0m[38;5;159m FPS per env, [38;5;121m1[0m[38;5;159m envs).[0m
[38;5;159m[Genesis] [18:47:10] [INFO] Running at [38;5;121m111.15[0m[38;5;159m FPS ([38;5;121m111.15[0m[38;5;159m FPS per env, [38;5;121m1[0m[38;5;159m envs).[0m
[38;5;159m[Genesis] [18:47:10] [INFO] Running at [38;5;121m111.15[0m[38;5;159m FPS ([38;5;121m111.15[0m[38;5;159m FPS per env, [38;5;121m1[0m[38;5;159m envs).[0m
[38;5;159m[Genesis] [18:47:10] [INFO] Running at [38;5;121m111.27[0m[38;5;159m FPS ([38;5;121m111.27[0m[38;5;159m FPS per env, [38;5;121m1[0m[38;5;159m envs).[0m
[38;5;159m[Genesis] [18:47:10] [INFO] Running at [38;5;121m111.23[0m[38;5;159m FPS ([38;5;121m111.23[0m[38;5;159m FPS per env, [38;5;121m1[0m[38;5;159m envs).[0m
[38;5;159m[Genesis] [18:47:10] [INFO] Running at [38;5;121m111.11[0m[38;5;159m FPS ([38;5;121m111.11[0m[38;5;159m FPS per env, [38;5;121m1[0m[38;5;159m envs).[0m
[38;5;159m[Genesis] [18:47:10] [INFO] Running at [38;5;121m110.91[0m[38;5;159m FPS ([38;5;121m110.91[0m[38;5;159m FPS per env, [38;5;121m1[0m[38;5;159m envs).[0m
[38;5;159m[Genesis] [18:47:10] [INFO] Running at [38;5;121m110.78[0m[38;5;159m FPS ([38;5;121m110.78[0m[38;5;159m FPS per env, [38;5;121m1[0m[38;5;159m envs).[0m
[38;5;159m[Genesis] [18:47:10] [INFO] Running at [38;5;121m110.85[0m[38;5;159m FPS ([38;5;121m110.85[0m[38;5;159m FPS per env, [38;5;121m1[0m[38;5;159m envs).[0m
[38;5;159m[Genesis] [18:47:10] [INFO] Running at [38;5;121m110.79[0m[38;5;159m FPS ([38;5;121m110.79[0m[38;5;159m FPS per env, [38;5;121m1[0m[38;5;159m envs).[0m
[38;5;159m[Genesis] [18:47:11] [INFO] Running at [38;5;121m110.78[0m[38;5;159m FPS ([38;5;121m110.78[0m[38;5;159m FPS per env, [38;5;121m1[0m[38;5;159m envs).[0m
[38;5;159m[Genesis] [18:47:11] [INFO] Running at [38;5;121m110.79[0m[38;5;159m FPS ([38;5;121m110.79[0m[38;5;159m FPS per env, [38;5;121m1[0m[38;5;159m envs).[0m
[38;5;159m[Genesis] [18:47:11] [INFO] Running at [38;5;121m110.75[0m[38;5;159m FPS ([38;5;121m110.75[0m[38;5;159m FPS per env, [38;5;121m1[0m[38;5;159m envs).[0m
[38;5;159m[Genesis] [18:47:11] [INFO] Running at [38;5;121m110.71[0m[38;5;159m FPS ([38;5;121m110.71[0m[38;5;159m FPS per env, [38;5;121m1[0m[38;5;159m envs).[0m
[38;5;159m[Genesis] [18:47:11] [INFO] Running at [38;5;121m110.76[0m[38;5;159m FPS ([38;5;121m110.76[0m[38;5;159m FPS per env, [38;5;121m1[0m[38;5;159m envs).[0m
[38;5;159m[Genesis] [18:47:11] [INFO] Running at [38;5;121m110.58[0m[38;5;159m FPS ([38;5;121m110.58[0m[38;5;159m FPS per env, [38;5;121m1[0m[38;5;159m envs).[0m
[38;5;159m[Genesis] [18:47:11] [INFO] Running at [38;5;121m110.59[0m[38;5;159m FPS ([38;5;121m110.59[0m[38;5;159m FPS per env, [38;5;121m1[0m[38;5;159m envs).[0m
[38;5;159m[Genesis] [18:47:11] [INFO] Running at [38;5;121m110.56[0m[38;5;159m FPS ([38;5;121m110.56[0m[38;5;159m FPS per env, [38;5;121m1[0m[38;5;159m envs).[0m
[38;5;159m[Genesis] [18:47:11] [INFO] Running at [38;5;121m110.65[0m[38;5;159m FPS ([38;5;121m110.65[0m[38;5;159m FPS per env, [38;5;121m1[0m[38;5;159m envs).[0m
[38;5;159m[Genesis] [18:47:11] [INFO] Running at [38;5;121m110.67[0m[38;5;159m FPS ([38;5;121m110.67[0m[38;5;159m FPS per env, [38;5;121m1[0m[38;5;159m envs).[0m
[38;5;159m[Genesis] [18:47:11] [INFO] Running at [38;5;121m110.43[0m[38;5;159m FPS ([38;5;121m110.43[0m[38;5;159m FPS per env, [38;5;121m1[0m[38;5;159m envs).[0m
[38;5;159m[Genesis] [18:47:11] [INFO] Running at [38;5;121m110.43[0m[38;5;159m FPS ([38;5;121m110.43[0m[38;5;159m FPS per env, [38;5;121m1[0m[38;5;159m envs).[0m
[38;5;159m[Genesis] [18:47:11] [INFO] Running at [38;5;121m110.54[0m[38;5;159m FPS ([38;5;121m110.54[0m[38;5;159m FPS per env, [38;5;121m1[0m[38;5;159m envs).[0m
[38;5;159m[Genesis] [18:47:11] [INFO] Running at [38;5;121m110.48[0m[38;5;159m FPS ([38;5;121m110.48[0m[38;5;159m FPS per env, [38;5;121m1[0m[38;5;159m envs).[0m
[38;5;159m[Genesis] [18:47:11] [INFO] Running at [38;5;121m110.47[0m[38;5;159m FPS ([38;5;121m110.47[0m[38;5;159m FPS per env, [38;5;121m1[0m[38;5;159m envs).[0m
[38;5;159m[Genesis] [18:47:11] [INFO] Running at [38;5;121m110.55[0m[38;5;159m FPS ([38;5;121m110.55[0m[38;5;159m FPS per env, [38;5;121m1[0m[38;5;159m envs).[0m
[38;5;159m[Genesis] [18:47:11] [INFO] Running at [38;5;121m110.61[0m[38;5;159m FPS ([38;5;121m110.61[0m[38;5;159m FPS per env, [38;5;121m1[0m[38;5;159m envs).[0m
[38;5;159m[Genesis] [18:47:11] [INFO] Running at [38;5;121m110.56[0m[38;5;159m FPS ([38;5;121m110.56[0m[38;5;159m FPS per env, [38;5;121m1[0m[38;5;159m envs).[0m
[38;5;159m[Genesis] [18:47:11] [INFO] Running at [38;5;121m110.54[0m[38;5;159m FPS ([38;5;121m110.54[0m[38;5;159m FPS per env, [38;5;121m1[0m[38;5;159m envs).[0m
[38;5;159m[Genesis] [18:47:12] [INFO] Running at [38;5;121m110.58[0m[38;5;159m FPS ([38;5;121m110.58[0m[38;5;159m FPS per env, [38;5;121m1[0m[38;5;159m envs).[0m
[38;5;159m[Genesis] [18:47:12] [INFO] Running at [38;5;121m110.58[0m[38;5;159m FPS ([38;5;121m110.58[0m[38;5;159m FPS per env, [38;5;121m1[0m[38;5;159m envs).[0m
[38;5;159m[Genesis] [18:47:12] [INFO] Running at [38;5;121m110.58[0m[38;5;159m FPS ([38;5;121m110.58[0m[38;5;159m FPS per env, [38;5;121m1[0m[38;5;159m envs).[0m
[38;5;159m[Genesis] [18:47:12] [INFO] Running at [38;5;121m110.56[0m[38;5;159m FPS ([38;5;121m110.56[0m[38;5;159m FPS per env, [38;5;121m1[0m[38;5;159m envs).[0m
[38;5;159m[Genesis] [18:47:12] [INFO] Running at [38;5;121m110.56[0m[38;5;159m FPS ([38;5;121m110.56[0m[38;5;159m FPS per env, [38;5;121m1[0m[38;5;159m envs).[0m
[38;5;159m[Genesis] [18:47:12] [INFO] Running at [38;5;121m110.36[0m[38;5;159m FPS ([38;5;121m110.36[0m[38;5;159m FPS per env, [38;5;121m1[0m[38;5;159m envs).[0m
[38;5;159m[Genesis] [18:47:12] [INFO] Running at [38;5;121m110.40[0m[38;5;159m FPS ([38;5;121m110.40[0m[38;5;159m FPS per env, [38;5;121m1[0m[38;5;159m envs).[0m
[38;5;159m[Genesis] [18:47:12] [INFO] Running at [38;5;121m110.42[0m[38;5;159m FPS ([38;5;121m110.42[0m[38;5;159m FPS per env, [38;5;121m1[0m[38;5;159m envs).[0m
[38;5;159m[Genesis] [18:47:12] [INFO] Running at [38;5;121m110.44[0m[38;5;159m FPS ([38;5;121m110.44[0m[38;5;159m FPS per env, [38;5;121m1[0m[38;5;159m envs).[0m
[38;5;159m[Genesis] [18:47:12] [INFO] Running at [38;5;121m110.52[0m[38;5;159m FPS ([38;5;121m110.52[0m[38;5;159m FPS per env, [38;5;121m1[0m[38;5;159m envs).[0m
[38;5;159m[Genesis] [18:47:12] [INFO] Running at [38;5;121m110.55[0m[38;5;159m FPS ([38;5;121m110.55[0m[38;5;159m FPS per env, [38;5;121m1[0m[38;5;159m envs).[0m
[38;5;159m[Genesis] [18:47:12] [INFO] Running at [38;5;121m110.37[0m[38;5;159m FPS ([38;5;121m110.37[0m[38;5;159m FPS per env, [38;5;121m1[0m[38;5;159m envs).[0m
[38;5;159m[Genesis] [18:47:12] [INFO] Running at [38;5;121m110.29[0m[38;5;159m FPS ([38;5;121m110.29[0m[38;5;159m FPS per env, [38;5;121m1[0m[38;5;159m envs).[0m
[38;5;159m[Genesis] [18:47:12] [INFO] Running at [38;5;121m110.31[0m[38;5;159m FPS ([38;5;121m110.31[0m[38;5;159m FPS per env, [38;5;121m1[0m[38;5;159m envs).[0m
[38;5;159m[Genesis] [18:47:12] [INFO] Running at [38;5;121m110.00[0m[38;5;159m FPS ([38;5;121m110.00[0m[38;5;159m FPS per env, [38;5;121m1[0m[38;5;159m envs).[0m
[38;5;159m[Genesis] [18:47:12] [INFO] Running at [38;5;121m109.94[0m[38;5;159m FPS ([38;5;121m109.94[0m[38;5;159m FPS per env, [38;5;121m1[0m[38;5;159m envs).[0m
[38;5;159m[Genesis] [18:47:12] [INFO] Running at [38;5;121m109.61[0m[38;5;159m FPS ([38;5;121m109.61[0m[38;5;159m FPS per env, [38;5;121m1[0m[38;5;159m envs).[0m
[38;5;159m[Genesis] [18:47:12] [INFO] Running at [38;5;121m109.60[0m[38;5;159m FPS ([38;5;121m109.60[0m[38;5;159m FPS per env, [38;5;121m1[0m[38;5;159m envs).[0m
[38;5;159m[Genesis] [18:47:13] [INFO] Running at [38;5;121m109.75[0m[38;5;159m FPS ([38;5;121m109.75[0m[38;5;159m FPS per env, [38;5;121m1[0m[38;5;159m envs).[0m
[38;5;159m[Genesis] [18:47:13] [INFO] Running at [38;5;121m109.56[0m[38;5;159m FPS ([38;5;121m109.56[0m[38;5;159m FPS per env, [38;5;121m1[0m[38;5;159m envs).[0m
[38;5;159m[Genesis] [18:47:13] [INFO] Running at [38;5;121m109.69[0m[38;5;159m FPS ([38;5;121m109.69[0m[38;5;159m FPS per env, [38;5;121m1[0m[38;5;159m envs).[0m
[38;5;159m[Genesis] [18:47:13] [INFO] Running at [38;5;121m109.78[0m[38;5;159m FPS ([38;5;121m109.78[0m[38;5;159m FPS per env, [38;5;121m1[0m[38;5;159m envs).[0m
[38;5;159m[Genesis] [18:47:13] [INFO] Running at [38;5;121m109.71[0m[38;5;159m FPS ([38;5;121m109.71[0m[38;5;159m FPS per env, [38;5;121m1[0m[38;5;159m envs).[0m
[38;5;159m[Genesis] [18:47:13] [INFO] Running at [38;5;121m109.70[0m[38;5;159m FPS ([38;5;121m109.70[0m[38;5;159m FPS per env, [38;5;121m1[0m[38;5;159m envs).[0m
[38;5;159m[Genesis] [18:47:13] [INFO] Running at [38;5;121m109.68[0m[38;5;159m FPS ([38;5;121m109.68[0m[38;5;159m FPS per env, [38;5;121m1[0m[38;5;159m envs).[0m
[38;5;159m[Genesis] [18:47:13] [INFO] Running at [38;5;121m109.82[0m[38;5;159m FPS ([38;5;121m109.82[0m[38;5;159m FPS per env, [38;5;121m1[0m[38;5;159m envs).[0m
[38;5;159m[Genesis] [18:47:13] [INFO] Running at [38;5;121m109.74[0m[38;5;159m FPS ([38;5;121m109.74[0m[38;5;159m FPS per env, [38;5;121m1[0m[38;5;159m envs).[0m
[38;5;159m[Genesis] [18:47:13] [INFO] Running at [38;5;121m109.92[0m[38;5;159m FPS ([38;5;121m109.92[0m[38;5;159m FPS per env, [38;5;121m1[0m[38;5;159m envs).[0m
[38;5;159m[Genesis] [18:47:13] [INFO] Running at [38;5;121m110.37[0m[38;5;159m FPS ([38;5;121m110.37[0m[38;5;159m FPS per env, [38;5;121m1[0m[38;5;159m envs).[0m
[38;5;159m[Genesis] [18:47:13] [INFO] Running at [38;5;121m110.50[0m[38;5;159m FPS ([38;5;121m110.50[0m[38;5;159m FPS per env, [38;5;121m1[0m[38;5;159m envs).[0m
[38;5;159m[Genesis] [18:47:13] [INFO] Running at [38;5;121m110.55[0m[38;5;159m FPS ([38;5;121m110.55[0m[38;5;159m FPS per env, [38;5;121m1[0m[38;5;159m envs).[0m
[38;5;159m[Genesis] [18:47:13] [INFO] Running at [38;5;121m110.36[0m[38;5;159m FPS ([38;5;121m110.36[0m[38;5;159m FPS per env, [38;5;121m1[0m[38;5;159m envs).[0m
[38;5;159m[Genesis] [18:47:13] [INFO] Running at [38;5;121m110.64[0m[38;5;159m FPS ([38;5;121m110.64[0m[38;5;159m FPS per env, [38;5;121m1[0m[38;5;159m envs).[0m
[38;5;159m[Genesis] [18:47:13] [INFO] Running at [38;5;121m110.70[0m[38;5;159m FPS ([38;5;121m110.70[0m[38;5;159m FPS per env, [38;5;121m1[0m[38;5;159m envs).[0m
[38;5;159m[Genesis] [18:47:13] [INFO] Running at [38;5;121m110.96[0m[38;5;159m FPS ([38;5;121m110.96[0m[38;5;159m FPS per env, [38;5;121m1[0m[38;5;159m envs).[0m
[38;5;159m[Genesis] [18:47:13] [INFO] Running at [38;5;121m110.89[0m[38;5;159m FPS ([38;5;121m110.89[0m[38;5;159m FPS per env, [38;5;121m1[0m[38;5;159m envs).[0m
[38;5;159m[Genesis] [18:47:13] [INFO] Running at [38;5;121m110.79[0m[38;5;159m FPS ([38;5;121m110.79[0m[38;5;159m FPS per env, [38;5;121m1[0m[38;5;159m envs).[0m
[38;5;159m[Genesis] [18:47:14] [INFO] Running at [38;5;121m111.11[0m[38;5;159m FPS ([38;5;121m111.11[0m[38;5;159m FPS per env, [38;5;121m1[0m[38;5;159m envs).[0m
[38;5;159m[Genesis] [18:47:14] [INFO] Running at [38;5;121m111.35[0m[38;5;159m FPS ([38;5;121m111.35[0m[38;5;159m FPS per env, [38;5;121m1[0m[38;5;159m envs).[0m
[38;5;159m[Genesis] [18:47:14] [INFO] Running at [38;5;121m111.29[0m[38;5;159m FPS ([38;5;121m111.29[0m[38;5;159m FPS per env, [38;5;121m1[0m[38;5;159m envs).[0m
[38;5;159m[Genesis] [18:47:14] [INFO] Running at [38;5;121m111.47[0m[38;5;159m FPS ([38;5;121m111.47[0m[38;5;159m FPS per env, [38;5;121m1[0m[38;5;159m envs).[0m
[38;5;159m[Genesis] [18:47:14] [INFO] Running at [38;5;121m111.49[0m[38;5;159m FPS ([38;5;121m111.49[0m[38;5;159m FPS per env, [38;5;121m1[0m[38;5;159m envs).[0m
[38;5;159m[Genesis] [18:47:14] [INFO] Running at [38;5;121m111.42[0m[38;5;159m FPS ([38;5;121m111.42[0m[38;5;159m FPS per env, [38;5;121m1[0m[38;5;159m envs).[0m
[38;5;159m[Genesis] [18:47:14] [INFO] Running at [38;5;121m111.51[0m[38;5;159m FPS ([38;5;121m111.51[0m[38;5;159m FPS per env, [38;5;121m1[0m[38;5;159m envs).[0m
[38;5;159m[Genesis] [18:47:14] [INFO] Running at [38;5;121m111.41[0m[38;5;159m FPS ([38;5;121m111.41[0m[38;5;159m FPS per env, [38;5;121m1[0m[38;5;159m envs).[0m
[38;5;159m[Genesis] [18:47:14] [INFO] Running at [38;5;121m111.29[0m[38;5;159m FPS ([38;5;121m111.29[0m[38;5;159m FPS per env, [38;5;121m1[0m[38;5;159m envs).[0m
[38;5;159m[Genesis] [18:47:14] [INFO] Running at [38;5;121m111.26[0m[38;5;159m FPS ([38;5;121m111.26[0m[38;5;159m FPS per env, [38;5;121m1[0m[38;5;159m envs).[0m
[38;5;159m[Genesis] [18:47:14] [INFO] Running at [38;5;121m111.35[0m[38;5;159m FPS ([38;5;121m111.35[0m[38;5;159m FPS per env, [38;5;121m1[0m[38;5;159m envs).[0m
[38;5;159m[Genesis] [18:47:14] [INFO] Running at [38;5;121m111.12[0m[38;5;159m FPS ([38;5;121m111.12[0m[38;5;159m FPS per env, [38;5;121m1[0m[38;5;159m envs).[0m
[38;5;159m[Genesis] [18:47:14] [INFO] Running at [38;5;121m111.22[0m[38;5;159m FPS ([38;5;121m111.22[0m[38;5;159m FPS per env, [38;5;121m1[0m[38;5;159m envs).[0m
[38;5;159m[Genesis] [18:47:14] [INFO] Running at [38;5;121m111.12[0m[38;5;159m FPS ([38;5;121m111.12[0m[38;5;159m FPS per env, [38;5;121m1[0m[38;5;159m envs).[0m
[38;5;159m[Genesis] [18:47:14] [INFO] Running at [38;5;121m111.18[0m[38;5;159m FPS ([38;5;121m111.18[0m[38;5;159m FPS per env, [38;5;121m1[0m[38;5;159m envs).[0m
[38;5;159m[Genesis] [18:47:14] [INFO] Running at [38;5;121m111.12[0m[38;5;159m FPS ([38;5;121m111.12[0m[38;5;159m FPS per env, [38;5;121m1[0m[38;5;159m envs).[0m
[38;5;159m[Genesis] [18:47:14] [INFO] Running at [38;5;121m111.09[0m[38;5;159m FPS ([38;5;121m111.09[0m[38;5;159m FPS per env, [38;5;121m1[0m[38;5;159m envs).[0m
[38;5;159m[Genesis] [18:47:14] [INFO] Running at [38;5;121m111.16[0m[38;5;159m FPS ([38;5;121m111.16[0m[38;5;159m FPS per env, [38;5;121m1[0m[38;5;159m envs).[0m
[38;5;159m[Genesis] [18:47:15] [INFO] Running at [38;5;121m111.08[0m[38;5;159m FPS ([38;5;121m111.08[0m[38;5;159m FPS per env, [38;5;121m1[0m[38;5;159m envs).[0m
[38;5;159m[Genesis] [18:47:15] [INFO] Running at [38;5;121m111.04[0m[38;5;159m FPS ([38;5;121m111.04[0m[38;5;159m FPS per env, [38;5;121m1[0m[38;5;159m envs).[0m
[38;5;159m[Genesis] [18:47:15] [INFO] Running at [38;5;121m111.00[0m[38;5;159m FPS ([38;5;121m111.00[0m[38;5;159m FPS per env, [38;5;121m1[0m[38;5;159m envs).[0m
[38;5;159m[Genesis] [18:47:15] [INFO] Running at [38;5;121m111.03[0m[38;5;159m FPS ([38;5;121m111.03[0m[38;5;159m FPS per env, [38;5;121m1[0m[38;5;159m envs).[0m
[38;5;159m[Genesis] [18:47:15] [INFO] Running at [38;5;121m110.94[0m[38;5;159m FPS ([38;5;121m110.94[0m[38;5;159m FPS per env, [38;5;121m1[0m[38;5;159m envs).[0m
[38;5;159m[Genesis] [18:47:15] [INFO] Running at [38;5;121m110.89[0m[38;5;159m FPS ([38;5;121m110.89[0m[38;5;159m FPS per env, [38;5;121m1[0m[38;5;159m envs).[0m
[38;5;159m[Genesis] [18:47:15] [INFO] Running at [38;5;121m110.96[0m[38;5;159m FPS ([38;5;121m110.96[0m[38;5;159m FPS per env, [38;5;121m1[0m[38;5;159m envs).[0m
[38;5;159m[Genesis] [18:47:15] [INFO] Running at [38;5;121m110.79[0m[38;5;159m FPS ([38;5;121m110.79[0m[38;5;159m FPS per env, [38;5;121m1[0m[38;5;159m envs).[0m
[38;5;159m[Genesis] [18:47:15] [INFO] Running at [38;5;121m110.71[0m[38;5;159m FPS ([38;5;121m110.71[0m[38;5;159m FPS per env, [38;5;121m1[0m[38;5;159m envs).[0m
[38;5;159m[Genesis] [18:47:15] [INFO] Running at [38;5;121m110.69[0m[38;5;159m FPS ([38;5;121m110.69[0m[38;5;159m FPS per env, [38;5;121m1[0m[38;5;159m envs).[0m
[38;5;159m[Genesis] [18:47:15] [INFO] Running at [38;5;121m110.77[0m[38;5;159m FPS ([38;5;121m110.77[0m[38;5;159m FPS per env, [38;5;121m1[0m[38;5;159m envs).[0m
[38;5;159m[Genesis] [18:47:15] [INFO] Running at [38;5;121m110.67[0m[38;5;159m FPS ([38;5;121m110.67[0m[38;5;159m FPS per env, [38;5;121m1[0m[38;5;159m envs).[0m
[38;5;159m[Genesis] [18:47:15] [INFO] Running at [38;5;121m110.57[0m[38;5;159m FPS ([38;5;121m110.57[0m[38;5;159m FPS per env, [38;5;121m1[0m[38;5;159m envs).[0m
[38;5;159m[Genesis] [18:47:15] [INFO] Running at [38;5;121m110.60[0m[38;5;159m FPS ([38;5;121m110.60[0m[38;5;159m FPS per env, [38;5;121m1[0m[38;5;159m envs).[0m
[38;5;159m[Genesis] [18:47:15] [INFO] Running at [38;5;121m110.66[0m[38;5;159m FPS ([38;5;121m110.66[0m[38;5;159m FPS per env, [38;5;121m1[0m[38;5;159m envs).[0m
[38;5;159m[Genesis] [18:47:15] [INFO] Running at [38;5;121m110.62[0m[38;5;159m FPS ([38;5;121m110.62[0m[38;5;159m FPS per env, [38;5;121m1[0m[38;5;159m envs).[0m
[38;5;159m[Genesis] [18:47:15] [INFO] Running at [38;5;121m110.67[0m[38;5;159m FPS ([38;5;121m110.67[0m[38;5;159m FPS per env, [38;5;121m1[0m[38;5;159m envs).[0m
[38;5;159m[Genesis] [18:47:15] [INFO] Running at [38;5;121m110.64[0m[38;5;159m FPS ([38;5;121m110.64[0m[38;5;159m FPS per env, [38;5;121m1[0m[38;5;159m envs).[0m
[38;5;159m[Genesis] [18:47:15] [INFO] Running at [38;5;121m110.72[0m[38;5;159m FPS ([38;5;121m110.72[0m[38;5;159m FPS per env, [38;5;121m1[0m[38;5;159m envs).[0m
[38;5;159m[Genesis] [18:47:16] [INFO] Running at [38;5;121m110.64[0m[38;5;159m FPS ([38;5;121m110.64[0m[38;5;159m FPS per env, [38;5;121m1[0m[38;5;159m envs).[0m
[38;5;159m[Genesis] [18:47:16] [INFO] Running at [38;5;121m110.68[0m[38;5;159m FPS ([38;5;121m110.68[0m[38;5;159m FPS per env, [38;5;121m1[0m[38;5;159m envs).[0m
[38;5;159m[Genesis] [18:47:16] [INFO] Running at [38;5;121m110.64[0m[38;5;159m FPS ([38;5;121m110.64[0m[38;5;159m FPS per env, [38;5;121m1[0m[38;5;159m envs).[0m
[38;5;159m[Genesis] [18:47:16] [INFO] Running at [38;5;121m110.62[0m[38;5;159m FPS ([38;5;121m110.62[0m[38;5;159m FPS per env, [38;5;121m1[0m[38;5;159m envs).[0m
[38;5;159m[Genesis] [18:47:16] [INFO] Running at [38;5;121m110.68[0m[38;5;159m FPS ([38;5;121m110.68[0m[38;5;159m FPS per env, [38;5;121m1[0m[38;5;159m envs).[0m
[38;5;159m[Genesis] [18:47:16] [INFO] Running at [38;5;121m110.62[0m[38;5;159m FPS ([38;5;121m110.62[0m[38;5;159m FPS per env, [38;5;121m1[0m[38;5;159m envs).[0m
[38;5;159m[Genesis] [18:47:16] [INFO] Running at [38;5;121m110.76[0m[38;5;159m FPS ([38;5;121m110.76[0m[38;5;159m FPS per env, [38;5;121m1[0m[38;5;159m envs).[0m
[38;5;159m[Genesis] [18:47:16] [INFO] Running at [38;5;121m110.62[0m[38;5;159m FPS ([38;5;121m110.62[0m[38;5;159m FPS per env, [38;5;121m1[0m[38;5;159m envs).[0m
[38;5;159m[Genesis] [18:47:16] [INFO] Running at [38;5;121m110.68[0m[38;5;159m FPS ([38;5;121m110.68[0m[38;5;159m FPS per env, [38;5;121m1[0m[38;5;159m envs).[0m
[38;5;159m[Genesis] [18:47:16] [INFO] Running at [38;5;121m110.80[0m[38;5;159m FPS ([38;5;121m110.80[0m[38;5;159m FPS per env, [38;5;121m1[0m[38;5;159m envs).[0m
[38;5;159m[Genesis] [18:47:16] [INFO] Running at [38;5;121m110.78[0m[38;5;159m FPS ([38;5;121m110.78[0m[38;5;159m FPS per env, [38;5;121m1[0m[38;5;159m envs).[0m
[38;5;159m[Genesis] [18:47:16] [INFO] Running at [38;5;121m110.62[0m[38;5;159m FPS ([38;5;121m110.62[0m[38;5;159m FPS per env, [38;5;121m1[0m[38;5;159m envs).[0m
[38;5;159m[Genesis] [18:47:16] [INFO] Running at [38;5;121m110.50[0m[38;5;159m FPS ([38;5;121m110.50[0m[38;5;159m FPS per env, [38;5;121m1[0m[38;5;159m envs).[0m
[38;5;159m[Genesis] [18:47:16] [INFO] Running at [38;5;121m110.50[0m[38;5;159m FPS ([38;5;121m110.50[0m[38;5;159m FPS per env, [38;5;121m1[0m[38;5;159m envs).[0m
[38;5;159m[Genesis] [18:47:16] [INFO] Running at [38;5;121m110.53[0m[38;5;159m FPS ([38;5;121m110.53[0m[38;5;159m FPS per env, [38;5;121m1[0m[38;5;159m envs).[0m
[38;5;159m[Genesis] [18:47:16] [INFO] Running at [38;5;121m110.50[0m[38;5;159m FPS ([38;5;121m110.50[0m[38;5;159m FPS per env, [38;5;121m1[0m[38;5;159m envs).[0m
[38;5;159m[Genesis] [18:47:16] [INFO] Running at [38;5;121m110.48[0m[38;5;159m FPS ([38;5;121m110.48[0m[38;5;159m FPS per env, [38;5;121m1[0m[38;5;159m envs).[0m
[38;5;159m[Genesis] [18:47:16] [INFO] Running at [38;5;121m110.27[0m[38;5;159m FPS ([38;5;121m110.27[0m[38;5;159m FPS per env, [38;5;121m1[0m[38;5;159m envs).[0m
[38;5;159m[Genesis] [18:47:17] [INFO] Running at [38;5;121m110.26[0m[38;5;159m FPS ([38;5;121m110.26[0m[38;5;159m FPS per env, [38;5;121m1[0m[38;5;159m envs).[0m
[38;5;159m[Genesis] [18:47:17] [INFO] Running at [38;5;121m110.62[0m[38;5;159m FPS ([38;5;121m110.62[0m[38;5;159m FPS per env, [38;5;121m1[0m[38;5;159m envs).[0m
[38;5;159m[Genesis] [18:47:17] [INFO] Running at [38;5;121m110.64[0m[38;5;159m FPS ([38;5;121m110.64[0m[38;5;159m FPS per env, [38;5;121m1[0m[38;5;159m envs).[0m
[38;5;159m[Genesis] [18:47:17] [INFO] Running at [38;5;121m110.65[0m[38;5;159m FPS ([38;5;121m110.65[0m[38;5;159m FPS per env, [38;5;121m1[0m[38;5;159m envs).[0m
[38;5;159m[Genesis] [18:47:17] [INFO] Running at [38;5;121m110.57[0m[38;5;159m FPS ([38;5;121m110.57[0m[38;5;159m FPS per env, [38;5;121m1[0m[38;5;159m envs).[0m
[38;5;159m[Genesis] [18:47:17] [INFO] Running at [38;5;121m110.60[0m[38;5;159m FPS ([38;5;121m110.60[0m[38;5;159m FPS per env, [38;5;121m1[0m[38;5;159m envs).[0m
[38;5;159m[Genesis] [18:47:17] [INFO] Running at [38;5;121m110.62[0m[38;5;159m FPS ([38;5;121m110.62[0m[38;5;159m FPS per env, [38;5;121m1[0m[38;5;159m envs).[0m
[38;5;159m[Genesis] [18:47:17] [INFO] Running at [38;5;121m110.74[0m[38;5;159m FPS ([38;5;121m110.74[0m[38;5;159m FPS per env, [38;5;121m1[0m[38;5;159m envs).[0m
[38;5;159m[Genesis] [18:47:17] [INFO] Running at [38;5;121m111.10[0m[38;5;159m FPS ([38;5;121m111.10[0m[38;5;159m FPS per env, [38;5;121m1[0m[38;5;159m envs).[0m
[38;5;159m[Genesis] [18:47:17] [INFO] Running at [38;5;121m111.22[0m[38;5;159m FPS ([38;5;121m111.22[0m[38;5;159m FPS per env, [38;5;121m1[0m[38;5;159m envs).[0m
[38;5;159m[Genesis] [18:47:17] [INFO] Running at [38;5;121m111.56[0m[38;5;159m FPS ([38;5;121m111.56[0m[38;5;159m FPS per env, [38;5;121m1[0m[38;5;159m envs).[0m
[38;5;159m[Genesis] [18:47:17] [INFO] Running at [38;5;121m111.71[0m[38;5;159m FPS ([38;5;121m111.71[0m[38;5;159m FPS per env, [38;5;121m1[0m[38;5;159m envs).[0m
[38;5;159m[Genesis] [18:47:17] [INFO] Running at [38;5;121m111.71[0m[38;5;159m FPS ([38;5;121m111.71[0m[38;5;159m FPS per env, [38;5;121m1[0m[38;5;159m envs).[0m
[38;5;159m[Genesis] [18:47:17] [INFO] Running at [38;5;121m111.67[0m[38;5;159m FPS ([38;5;121m111.67[0m[38;5;159m FPS per env, [38;5;121m1[0m[38;5;159m envs).[0m
[38;5;159m[Genesis] [18:47:17] [INFO] Running at [38;5;121m111.83[0m[38;5;159m FPS ([38;5;121m111.83[0m[38;5;159m FPS per env, [38;5;121m1[0m[38;5;159m envs).[0m
[38;5;159m[Genesis] [18:47:17] [INFO] Running at [38;5;121m111.76[0m[38;5;159m FPS ([38;5;121m111.76[0m[38;5;159m FPS per env, [38;5;121m1[0m[38;5;159m envs).[0m
[38;5;159m[Genesis] [18:47:17] [INFO] Running at [38;5;121m111.90[0m[38;5;159m FPS ([38;5;121m111.90[0m[38;5;159m FPS per env, [38;5;121m1[0m[38;5;159m envs).[0m
[38;5;159m[Genesis] [18:47:17] [INFO] Running at [38;5;121m112.10[0m[38;5;159m FPS ([38;5;121m112.10[0m[38;5;159m FPS per env, [38;5;121m1[0m[38;5;159m envs).[0m
[38;5;159m[Genesis] [18:47:17] [INFO] Running at [38;5;121m112.28[0m[38;5;159m FPS ([38;5;121m112.28[0m[38;5;159m FPS per env, [38;5;121m1[0m[38;5;159m envs).[0m
[38;5;159m[Genesis] [18:47:18] [INFO] Running at [38;5;121m112.46[0m[38;5;159m FPS ([38;5;121m112.46[0m[38;5;159m FPS per env, [38;5;121m1[0m[38;5;159m envs).[0m
[38;5;159m[Genesis] [18:47:18] [INFO] Running at [38;5;121m112.58[0m[38;5;159m FPS ([38;5;121m112.58[0m[38;5;159m FPS per env, [38;5;121m1[0m[38;5;159m envs).[0m
[38;5;159m[Genesis] [18:47:18] [INFO] Running at [38;5;121m112.77[0m[38;5;159m FPS ([38;5;121m112.77[0m[38;5;159m FPS per env, [38;5;121m1[0m[38;5;159m envs).[0m
[38;5;159m[Genesis] [18:47:18] [INFO] Running at [38;5;121m112.71[0m[38;5;159m FPS ([38;5;121m112.71[0m[38;5;159m FPS per env, [38;5;121m1[0m[38;5;159m envs).[0m
[38;5;159m[Genesis] [18:47:18] [INFO] Running at [38;5;121m112.56[0m[38;5;159m FPS ([38;5;121m112.56[0m[38;5;159m FPS per env, [38;5;121m1[0m[38;5;159m envs).[0m
[38;5;159m[Genesis] [18:47:18] [INFO] Running at [38;5;121m112.35[0m[38;5;159m FPS ([38;5;121m112.35[0m[38;5;159m FPS per env, [38;5;121m1[0m[38;5;159m envs).[0m
[38;5;159m[Genesis] [18:47:18] [INFO] Running at [38;5;121m112.37[0m[38;5;159m FPS ([38;5;121m112.37[0m[38;5;159m FPS per env, [38;5;121m1[0m[38;5;159m envs).[0m
[38;5;159m[Genesis] [18:47:18] [INFO] Running at [38;5;121m112.20[0m[38;5;159m FPS ([38;5;121m112.20[0m[38;5;159m FPS per env, [38;5;121m1[0m[38;5;159m envs).[0m
[38;5;159m[Genesis] [18:47:18] [INFO] Running at [38;5;121m111.96[0m[38;5;159m FPS ([38;5;121m111.96[0m[38;5;159m FPS per env, [38;5;121m1[0m[38;5;159m envs).[0m
[38;5;159m[Genesis] [18:47:18] [INFO] Running at [38;5;121m112.03[0m[38;5;159m FPS ([38;5;121m112.03[0m[38;5;159m FPS per env, [38;5;121m1[0m[38;5;159m envs).[0m
[38;5;159m[Genesis] [18:47:18] [INFO] Running at [38;5;121m111.84[0m[38;5;159m FPS ([38;5;121m111.84[0m[38;5;159m FPS per env, [38;5;121m1[0m[38;5;159m envs).[0m
[38;5;159m[Genesis] [18:47:18] [INFO] Running at [38;5;121m111.71[0m[38;5;159m FPS ([38;5;121m111.71[0m[38;5;159m FPS per env, [38;5;121m1[0m[38;5;159m envs).[0m
[38;5;159m[Genesis] [18:47:18] [INFO] Running at [38;5;121m111.80[0m[38;5;159m FPS ([38;5;121m111.80[0m[38;5;159m FPS per env, [38;5;121m1[0m[38;5;159m envs).[0m
[38;5;159m[Genesis] [18:47:18] [INFO] Running at [38;5;121m111.66[0m[38;5;159m FPS ([38;5;121m111.66[0m[38;5;159m FPS per env, [38;5;121m1[0m[38;5;159m envs).[0m
[38;5;159m[Genesis] [18:47:18] [INFO] Running at [38;5;121m111.42[0m[38;5;159m FPS ([38;5;121m111.42[0m[38;5;159m FPS per env, [38;5;121m1[0m[38;5;159m envs).[0m
[38;5;159m[Genesis] [18:47:18] [INFO] Running at [38;5;121m111.51[0m[38;5;159m FPS ([38;5;121m111.51[0m[38;5;159m FPS per env, [38;5;121m1[0m[38;5;159m envs).[0m
[38;5;159m[Genesis] [18:47:18] [INFO] Running at [38;5;121m111.32[0m[38;5;159m FPS ([38;5;121m111.32[0m[38;5;159m FPS per env, [38;5;121m1[0m[38;5;159m envs).[0m
[38;5;159m[Genesis] [18:47:18] [INFO] Running at [38;5;121m111.34[0m[38;5;159m FPS ([38;5;121m111.34[0m[38;5;159m FPS per env, [38;5;121m1[0m[38;5;159m envs).[0m
[38;5;159m[Genesis] [18:47:19] [INFO] Running at [38;5;121m111.40[0m[38;5;159m FPS ([38;5;121m111.40[0m[38;5;159m FPS per env, [38;5;121m1[0m[38;5;159m envs).[0m
[38;5;159m[Genesis] [18:47:19] [INFO] Running at [38;5;121m111.35[0m[38;5;159m FPS ([38;5;121m111.35[0m[38;5;159m FPS per env, [38;5;121m1[0m[38;5;159m envs).[0m
[38;5;159m[Genesis] [18:47:19] [INFO] Running at [38;5;121m111.29[0m[38;5;159m FPS ([38;5;121m111.29[0m[38;5;159m FPS per env, [38;5;121m1[0m[38;5;159m envs).[0m
[38;5;159m[Genesis] [18:47:19] [INFO] Running at [38;5;121m111.21[0m[38;5;159m FPS ([38;5;121m111.21[0m[38;5;159m FPS per env, [38;5;121m1[0m[38;5;159m envs).[0m
[38;5;159m[Genesis] [18:47:19] [INFO] Running at [38;5;121m110.91[0m[38;5;159m FPS ([38;5;121m110.91[0m[38;5;159m FPS per env, [38;5;121m1[0m[38;5;159m envs).[0m
[38;5;159m[Genesis] [18:47:19] [INFO] Running at [38;5;121m111.01[0m[38;5;159m FPS ([38;5;121m111.01[0m[38;5;159m FPS per env, [38;5;121m1[0m[38;5;159m envs).[0m
[38;5;159m[Genesis] [18:47:19] [INFO] Running at [38;5;121m110.77[0m[38;5;159m FPS ([38;5;121m110.77[0m[38;5;159m FPS per env, [38;5;121m1[0m[38;5;159m envs).[0m
[38;5;159m[Genesis] [18:47:19] [INFO] Running at [38;5;121m110.71[0m[38;5;159m FPS ([38;5;121m110.71[0m[38;5;159m FPS per env, [38;5;121m1[0m[38;5;159m envs).[0m
[38;5;159m[Genesis] [18:47:19] [INFO] Running at [38;5;121m110.79[0m[38;5;159m FPS ([38;5;121m110.79[0m[38;5;159m FPS per env, [38;5;121m1[0m[38;5;159m envs).[0m
[38;5;159m[Genesis] [18:47:19] [INFO] Running at [38;5;121m110.77[0m[38;5;159m FPS ([38;5;121m110.77[0m[38;5;159m FPS per env, [38;5;121m1[0m[38;5;159m envs).[0m
[38;5;159m[Genesis] [18:47:19] [INFO] Running at [38;5;121m110.63[0m[38;5;159m FPS ([38;5;121m110.63[0m[38;5;159m FPS per env, [38;5;121m1[0m[38;5;159m envs).[0m
[38;5;159m[Genesis] [18:47:19] [INFO] Running at [38;5;121m110.48[0m[38;5;159m FPS ([38;5;121m110.48[0m[38;5;159m FPS per env, [38;5;121m1[0m[38;5;159m envs).[0m
[38;5;159m[Genesis] [18:47:19] [INFO] Running at [38;5;121m110.58[0m[38;5;159m FPS ([38;5;121m110.58[0m[38;5;159m FPS per env, [38;5;121m1[0m[38;5;159m envs).[0m
[38;5;159m[Genesis] [18:47:19] [INFO] Running at [38;5;121m110.56[0m[38;5;159m FPS ([38;5;121m110.56[0m[38;5;159m FPS per env, [38;5;121m1[0m[38;5;159m envs).[0m
[38;5;159m[Genesis] [18:47:19] [INFO] Running at [38;5;121m110.51[0m[38;5;159m FPS ([38;5;121m110.51[0m[38;5;159m FPS per env, [38;5;121m1[0m[38;5;159m envs).[0m
[38;5;159m[Genesis] [18:47:19] [INFO] Running at [38;5;121m110.71[0m[38;5;159m FPS ([38;5;121m110.71[0m[38;5;159m FPS per env, [38;5;121m1[0m[38;5;159m envs).[0m
[38;5;159m[Genesis] [18:47:19] [INFO] Running at [38;5;121m110.57[0m[38;5;159m FPS ([38;5;121m110.57[0m[38;5;159m FPS per env, [38;5;121m1[0m[38;5;159m envs).[0m
[38;5;159m[Genesis] [18:47:19] [INFO] Running at [38;5;121m110.53[0m[38;5;159m FPS ([38;5;121m110.53[0m[38;5;159m FPS per env, [38;5;121m1[0m[38;5;159m envs).[0m
[38;5;159m[Genesis] [18:47:19] [INFO] Running at [38;5;121m110.42[0m[38;5;159m FPS ([38;5;121m110.42[0m[38;5;159m FPS per env, [38;5;121m1[0m[38;5;159m envs).[0m
[38;5;159m[Genesis] [18:47:20] [INFO] Running at [38;5;121m110.51[0m[38;5;159m FPS ([38;5;121m110.51[0m[38;5;159m FPS per env, [38;5;121m1[0m[38;5;159m envs).[0m
[38;5;159m[Genesis] [18:47:20] [INFO] Running at [38;5;121m110.46[0m[38;5;159m FPS ([38;5;121m110.46[0m[38;5;159m FPS per env, [38;5;121m1[0m[38;5;159m envs).[0m
[38;5;159m[Genesis] [18:47:20] [INFO] Running at [38;5;121m110.51[0m[38;5;159m FPS ([38;5;121m110.51[0m[38;5;159m FPS per env, [38;5;121m1[0m[38;5;159m envs).[0m
[38;5;159m[Genesis] [18:47:20] [INFO] Running at [38;5;121m110.61[0m[38;5;159m FPS ([38;5;121m110.61[0m[38;5;159m FPS per env, [38;5;121m1[0m[38;5;159m envs).[0m
[38;5;159m[Genesis] [18:47:20] [INFO] Running at [38;5;121m110.59[0m[38;5;159m FPS ([38;5;121m110.59[0m[38;5;159m FPS per env, [38;5;121m1[0m[38;5;159m envs).[0m
[38;5;159m[Genesis] [18:47:20] [INFO] Running at [38;5;121m110.62[0m[38;5;159m FPS ([38;5;121m110.62[0m[38;5;159m FPS per env, [38;5;121m1[0m[38;5;159m envs).[0m
[38;5;159m[Genesis] [18:47:20] [INFO] Running at [38;5;121m110.73[0m[38;5;159m FPS ([38;5;121m110.73[0m[38;5;159m FPS per env, [38;5;121m1[0m[38;5;159m envs).[0m
[38;5;159m[Genesis] [18:47:20] [INFO] Running at [38;5;121m110.71[0m[38;5;159m FPS ([38;5;121m110.71[0m[38;5;159m FPS per env, [38;5;121m1[0m[38;5;159m envs).[0m
[38;5;159m[Genesis] [18:47:20] [INFO] Running at [38;5;121m110.57[0m[38;5;159m FPS ([38;5;121m110.57[0m[38;5;159m FPS per env, [38;5;121m1[0m[38;5;159m envs).[0m
[38;5;159m[Genesis] [18:47:20] [INFO] Running at [38;5;121m110.62[0m[38;5;159m FPS ([38;5;121m110.62[0m[38;5;159m FPS per env, [38;5;121m1[0m[38;5;159m envs).[0m
[38;5;159m[Genesis] [18:47:20] [INFO] Running at [38;5;121m110.73[0m[38;5;159m FPS ([38;5;121m110.73[0m[38;5;159m FPS per env, [38;5;121m1[0m[38;5;159m envs).[0m
[38;5;159m[Genesis] [18:47:20] [INFO] Running at [38;5;121m110.69[0m[38;5;159m FPS ([38;5;121m110.69[0m[38;5;159m FPS per env, [38;5;121m1[0m[38;5;159m envs).[0m
[38;5;159m[Genesis] [18:47:20] [INFO] Running at [38;5;121m110.66[0m[38;5;159m FPS ([38;5;121m110.66[0m[38;5;159m FPS per env, [38;5;121m1[0m[38;5;159m envs).[0m
[38;5;159m[Genesis] [18:47:20] [INFO] Running at [38;5;121m110.59[0m[38;5;159m FPS ([38;5;121m110.59[0m[38;5;159m FPS per env, [38;5;121m1[0m[38;5;159m envs).[0m
[38;5;159m[Genesis] [18:47:20] [INFO] Running at [38;5;121m110.20[0m[38;5;159m FPS ([38;5;121m110.20[0m[38;5;159m FPS per env, [38;5;121m1[0m[38;5;159m envs).[0m
[38;5;159m[Genesis] [18:47:20] [INFO] Running at [38;5;121m110.04[0m[38;5;159m FPS ([38;5;121m110.04[0m[38;5;159m FPS per env, [38;5;121m1[0m[38;5;159m envs).[0m
[38;5;159m[Genesis] [18:47:20] [INFO] Running at [38;5;121m109.83[0m[38;5;159m FPS ([38;5;121m109.83[0m[38;5;159m FPS per env, [38;5;121m1[0m[38;5;159m envs).[0m
[38;5;159m[Genesis] [18:47:20] [INFO] Running at [38;5;121m109.78[0m[38;5;159m FPS ([38;5;121m109.78[0m[38;5;159m FPS per env, [38;5;121m1[0m[38;5;159m envs).[0m
[38;5;159m[Genesis] [18:47:21] [INFO] Running at [38;5;121m109.87[0m[38;5;159m FPS ([38;5;121m109.87[0m[38;5;159m FPS per env, [38;5;121m1[0m[38;5;159m envs).[0m
[38;5;159m[Genesis] [18:47:21] [INFO] Running at [38;5;121m109.73[0m[38;5;159m FPS ([38;5;121m109.73[0m[38;5;159m FPS per env, [38;5;121m1[0m[38;5;159m envs).[0m
[38;5;159m[Genesis] [18:47:21] [INFO] Running at [38;5;121m109.81[0m[38;5;159m FPS ([38;5;121m109.81[0m[38;5;159m FPS per env, [38;5;121m1[0m[38;5;159m envs).[0m
[38;5;159m[Genesis] [18:47:21] [INFO] Running at [38;5;121m110.07[0m[38;5;159m FPS ([38;5;121m110.07[0m[38;5;159m FPS per env, [38;5;121m1[0m[38;5;159m envs).[0m
[38;5;159m[Genesis] [18:47:21] [INFO] Running at [38;5;121m110.07[0m[38;5;159m FPS ([38;5;121m110.07[0m[38;5;159m FPS per env, [38;5;121m1[0m[38;5;159m envs).[0m
[38;5;159m[Genesis] [18:47:21] [INFO] Running at [38;5;121m110.03[0m[38;5;159m FPS ([38;5;121m110.03[0m[38;5;159m FPS per env, [38;5;121m1[0m[38;5;159m envs).[0m
[38;5;159m[Genesis] [18:47:21] [INFO] Running at [38;5;121m110.19[0m[38;5;159m FPS ([38;5;121m110.19[0m[38;5;159m FPS per env, [38;5;121m1[0m[38;5;159m envs).[0m
[38;5;159m[Genesis] [18:47:21] [INFO] Running at [38;5;121m110.14[0m[38;5;159m FPS ([38;5;121m110.14[0m[38;5;159m FPS per env, [38;5;121m1[0m[38;5;159m envs).[0m
[38;5;159m[Genesis] [18:47:21] [INFO] Running at [38;5;121m110.13[0m[38;5;159m FPS ([38;5;121m110.13[0m[38;5;159m FPS per env, [38;5;121m1[0m[38;5;159m envs).[0m
[38;5;159m[Genesis] [18:47:21] [INFO] Running at [38;5;121m110.16[0m[38;5;159m FPS ([38;5;121m110.16[0m[38;5;159m FPS per env, [38;5;121m1[0m[38;5;159m envs).[0m
[38;5;159m[Genesis] [18:47:21] [INFO] Running at [38;5;121m110.30[0m[38;5;159m FPS ([38;5;121m110.30[0m[38;5;159m FPS per env, [38;5;121m1[0m[38;5;159m envs).[0m
[38;5;159m[Genesis] [18:47:21] [INFO] Running at [38;5;121m110.44[0m[38;5;159m FPS ([38;5;121m110.44[0m[38;5;159m FPS per env, [38;5;121m1[0m[38;5;159m envs).[0m
[38;5;159m[Genesis] [18:47:21] [INFO] Running at [38;5;121m110.29[0m[38;5;159m FPS ([38;5;121m110.29[0m[38;5;159m FPS per env, [38;5;121m1[0m[38;5;159m envs).[0m
[38;5;159m[Genesis] [18:47:21] [INFO] Running at [38;5;121m110.65[0m[38;5;159m FPS ([38;5;121m110.65[0m[38;5;159m FPS per env, [38;5;121m1[0m[38;5;159m envs).[0m
[38;5;159m[Genesis] [18:47:21] [INFO] Running at [38;5;121m110.79[0m[38;5;159m FPS ([38;5;121m110.79[0m[38;5;159m FPS per env, [38;5;121m1[0m[38;5;159m envs).[0m
[38;5;159m[Genesis] [18:47:21] [INFO] Running at [38;5;121m147.60[0m[38;5;159m FPS ([38;5;121m147.60[0m[38;5;159m FPS per env, [38;5;121m1[0m[38;5;159m envs).[0m
fps 50
[38;5;159m[Genesis] [18:47:21] [INFO] Saving video to [38;5;121m"test_5000_behind.mp4"[0m[38;5;159m...[0m
[38;5;159m[Genesis] [18:47:23] [INFO] Video saved.[0m
[38;5;159m[Genesis] [18:47:23] [INFO] Saving video to [38;5;121m"test_5000_side.mp4"[0m[38;5;159m...[0m
[38;5;159m[Genesis] [18:47:25] [INFO] Video saved.[0m
Saved recordings for checkpoint 5000.
[38;5;159m[Genesis] [18:47:25] [INFO] 💤 Exiting Genesis and caching compiled kernels...[0m
