[38;5;159m[Genesis] [18:19:47] [INFO] [38;5;121m╭───────────────────────────────────────────────╮[0m[38;5;159m[0m
[38;5;159m[Genesis] [18:19:47] [INFO] [38;5;121m│┈┉┈┉┈┉┈┉┈┉┈┉┈┉┈┉┈┉┈[0m[38;5;159m [38;5;121m[1m[3mGenesis[0m[38;5;159m [38;5;121m┈┉┈┉┈┉┈┉┈┉┈┉┈┉┈┉┈┉┈│[0m[38;5;159m[0m
[38;5;159m[Genesis] [18:19:47] [INFO] [38;5;121m╰───────────────────────────────────────────────╯[0m[38;5;159m[0m
[38;5;159m[Genesis] [18:19:48] [INFO] Running on [38;5;121m[4m[NVIDIA GeForce RTX 4090][0m[38;5;159m with backend [38;5;121m[4mgs.cuda[0m[38;5;159m. Device memory: [38;5;121m[4m23.52[0m[38;5;159m GB.[0m
[38;5;159m[Genesis] [18:19:48] [INFO] 🚀 Genesis initialized. 🔖 version: [38;5;121m[4m0.4.7[0m[38;5;159m, 🎨 theme: [38;5;121m[4mdark[0m[38;5;159m, 🌱 seed: [38;5;121m[4mNone[0m[38;5;159m, 🐛 debug: [38;5;121m[4mFalse[0m[38;5;159m, 📏 precision: [38;5;121m[4m32[0m[38;5;159m, 🔥 performance: [38;5;121m[4mFalse[0m[38;5;159m, 💬 verbose: [38;5;121m[4mINFO[0m[38;5;159m[0m
[38;5;226m[Genesis] [18:19:49] [WARNING] Viewer option 'n_rendered_envs' is deprecated and will be removed in a future release. Please use 'rendered_envs_idx' instead.[0m
[38;5;159m[Genesis] [18:19:49] [INFO] Scene [38;5;121m[3m<25b5653>[0m[38;5;159m created.[0m
[38;5;159m[Genesis] [18:19:49] [INFO] Adding [38;5;121m<gs.engine.entities.RigidEntity>[0m[38;5;159m. idx: [38;5;121m0[0m[38;5;159m, uid: [38;5;121m[3m<0949772>[0m[38;5;159m, morph: [38;5;121m<gs.morphs.Plane>[0m[38;5;159m, material: [38;5;121m<gs.materials.Rigid>[0m[38;5;159m.[0m
[38;5;159m[Genesis] [18:19:49] [INFO] Adding [38;5;121m<gs.engine.entities.RigidEntity>[0m[38;5;159m. idx: [38;5;121m1[0m[38;5;159m, uid: [38;5;121m[3m<6c6ff20>[0m[38;5;159m, morph: [38;5;121m<gs.morphs.URDF(file='/home/jfriesen/.local/lib/python3.12/site-packages/genesis/assets/urdf/go2/urdf/go2.urdf')>[0m[38;5;159m, material: [38;5;121m<gs.materials.Rigid>[0m[38;5;159m.[0m
[38;5;159m[Genesis] [18:19:51] [INFO] Building scene [38;5;121m[3m<25b5653>[0m[38;5;159m...[0m
[38;5;226m[Genesis] [18:19:51] [WARNING] Neutral robot position (qpos0) exceeds joint limits.[0m
[38;5;159m[Genesis] [18:19:52] [INFO] Compiling simulation kernels...[0m
[38;5;159m[Genesis] [18:19:52] [INFO] Building visualizer...[0m
[38;5;226m[Genesis] [18:19:53] [WARNING] This property is deprecated and will be removed in future release. Please use 'dofs_idx_local' instead.[0m
[38;5;226m[Genesis] [18:19:53] [WARNING] This property is deprecated and will be removed in future release. Please use 'dofs_idx_local' instead.[0m
[38;5;226m[Genesis] [18:19:53] [WARNING] This property is deprecated and will be removed in future release. Please use 'dofs_idx_local' instead.[0m
[38;5;226m[Genesis] [18:19:53] [WARNING] This property is deprecated and will be removed in future release. Please use 'dofs_idx_local' instead.[0m
[38;5;226m[Genesis] [18:19:53] [WARNING] This property is deprecated and will be removed in future release. Please use 'dofs_idx_local' instead.[0m
[38;5;226m[Genesis] [18:19:53] [WARNING] This property is deprecated and will be removed in future release. Please use 'dofs_idx_local' instead.[0m
[38;5;226m[Genesis] [18:19:53] [WARNING] This property is deprecated and will be removed in future release. Please use 'dofs_idx_local' instead.[0m
[38;5;226m[Genesis] [18:19:53] [WARNING] This property is deprecated and will be removed in future release. Please use 'dofs_idx_local' instead.[0m
[38;5;226m[Genesis] [18:19:53] [WARNING] This property is deprecated and will be removed in future release. Please use 'dofs_idx_local' instead.[0m
[38;5;226m[Genesis] [18:19:53] [WARNING] This property is deprecated and will be removed in future release. Please use 'dofs_idx_local' instead.[0m
[38;5;226m[Genesis] [18:19:53] [WARNING] This property is deprecated and will be removed in future release. Please use 'dofs_idx_local' instead.[0m
[38;5;226m[Genesis] [18:19:53] [WARNING] This property is deprecated and will be removed in future release. Please use 'dofs_idx_local' instead.[0m
/home/jfriesen/.local/lib/python3.12/site-packages/torch/utils/_device.py:122: UserWarning: To copy construct from a tensor, it is recommended to use sourceTensor.detach().clone() or sourceTensor.detach().clone().requires_grad_(True), rather than torch.tensor(sourceTensor).
  return func(*args, **kwargs)
Actor MLP: Sequential(
  (0): Linear(in_features=51, out_features=512, bias=True)
  (1): ELU(alpha=1.0)
  (2): Linear(in_features=512, out_features=256, bias=True)
  (3): ELU(alpha=1.0)
  (4): Linear(in_features=256, out_features=128, bias=True)
  (5): ELU(alpha=1.0)
  (6): Linear(in_features=128, out_features=12, bias=True)
)
Critic MLP: Sequential(
  (0): Linear(in_features=75, out_features=512, bias=True)
  (1): ELU(alpha=1.0)
  (2): Linear(in_features=512, out_features=256, bias=True)
  (3): ELU(alpha=1.0)
  (4): Linear(in_features=256, out_features=128, bias=True)
  (5): ELU(alpha=1.0)
  (6): Linear(in_features=128, out_features=1, bias=True)
)
[38;5;159m[Genesis] [18:19:54] [INFO] Running at [38;5;121m3.69[0m[38;5;159m FPS ([38;5;121m3.69[0m[38;5;159m FPS per env, [38;5;121m1[0m[38;5;159m envs).[0m
[38;5;159m[Genesis] [18:19:54] [INFO] Running at [38;5;121m37.25[0m[38;5;159m FPS ([38;5;121m37.25[0m[38;5;159m FPS per env, [38;5;121m1[0m[38;5;159m envs).[0m
[38;5;159m[Genesis] [18:19:54] [INFO] Running at [38;5;121m111.87[0m[38;5;159m FPS ([38;5;121m111.87[0m[38;5;159m FPS per env, [38;5;121m1[0m[38;5;159m envs).[0m
[38;5;159m[Genesis] [18:19:54] [INFO] Running at [38;5;121m111.97[0m[38;5;159m FPS ([38;5;121m111.97[0m[38;5;159m FPS per env, [38;5;121m1[0m[38;5;159m envs).[0m
[38;5;159m[Genesis] [18:19:54] [INFO] Running at [38;5;121m112.32[0m[38;5;159m FPS ([38;5;121m112.32[0m[38;5;159m FPS per env, [38;5;121m1[0m[38;5;159m envs).[0m
[38;5;159m[Genesis] [18:19:54] [INFO] Running at [38;5;121m112.63[0m[38;5;159m FPS ([38;5;121m112.63[0m[38;5;159m FPS per env, [38;5;121m1[0m[38;5;159m envs).[0m
[38;5;159m[Genesis] [18:19:54] [INFO] Running at [38;5;121m112.85[0m[38;5;159m FPS ([38;5;121m112.85[0m[38;5;159m FPS per env, [38;5;121m1[0m[38;5;159m envs).[0m
[38;5;159m[Genesis] [18:19:54] [INFO] Running at [38;5;121m131.10[0m[38;5;159m FPS ([38;5;121m131.10[0m[38;5;159m FPS per env, [38;5;121m1[0m[38;5;159m envs).[0m
[38;5;159m[Genesis] [18:19:54] [INFO] Running at [38;5;121m130.63[0m[38;5;159m FPS ([38;5;121m130.63[0m[38;5;159m FPS per env, [38;5;121m1[0m[38;5;159m envs).[0m
[38;5;159m[Genesis] [18:19:54] [INFO] Running at [38;5;121m130.21[0m[38;5;159m FPS ([38;5;121m130.21[0m[38;5;159m FPS per env, [38;5;121m1[0m[38;5;159m envs).[0m
[38;5;159m[Genesis] [18:19:54] [INFO] Running at [38;5;121m129.81[0m[38;5;159m FPS ([38;5;121m129.81[0m[38;5;159m FPS per env, [38;5;121m1[0m[38;5;159m envs).[0m
[38;5;159m[Genesis] [18:19:55] [INFO] Running at [38;5;121m129.47[0m[38;5;159m FPS ([38;5;121m129.47[0m[38;5;159m FPS per env, [38;5;121m1[0m[38;5;159m envs).[0m
[38;5;159m[Genesis] [18:19:55] [INFO] Running at [38;5;121m129.12[0m[38;5;159m FPS ([38;5;121m129.12[0m[38;5;159m FPS per env, [38;5;121m1[0m[38;5;159m envs).[0m
[38;5;159m[Genesis] [18:19:55] [INFO] Running at [38;5;121m128.76[0m[38;5;159m FPS ([38;5;121m128.76[0m[38;5;159m FPS per env, [38;5;121m1[0m[38;5;159m envs).[0m
[38;5;159m[Genesis] [18:19:55] [INFO] Running at [38;5;121m128.25[0m[38;5;159m FPS ([38;5;121m128.25[0m[38;5;159m FPS per env, [38;5;121m1[0m[38;5;159m envs).[0m
[38;5;159m[Genesis] [18:19:55] [INFO] Running at [38;5;121m127.99[0m[38;5;159m FPS ([38;5;121m127.99[0m[38;5;159m FPS per env, [38;5;121m1[0m[38;5;159m envs).[0m
[38;5;159m[Genesis] [18:19:55] [INFO] Running at [38;5;121m127.76[0m[38;5;159m FPS ([38;5;121m127.76[0m[38;5;159m FPS per env, [38;5;121m1[0m[38;5;159m envs).[0m
[38;5;159m[Genesis] [18:19:55] [INFO] Running at [38;5;121m127.62[0m[38;5;159m FPS ([38;5;121m127.62[0m[38;5;159m FPS per env, [38;5;121m1[0m[38;5;159m envs).[0m
[38;5;159m[Genesis] [18:19:55] [INFO] Running at [38;5;121m127.50[0m[38;5;159m FPS ([38;5;121m127.50[0m[38;5;159m FPS per env, [38;5;121m1[0m[38;5;159m envs).[0m
[38;5;159m[Genesis] [18:19:55] [INFO] Running at [38;5;121m127.36[0m[38;5;159m FPS ([38;5;121m127.36[0m[38;5;159m FPS per env, [38;5;121m1[0m[38;5;159m envs).[0m
[38;5;159m[Genesis] [18:19:55] [INFO] Running at [38;5;121m127.28[0m[38;5;159m FPS ([38;5;121m127.28[0m[38;5;159m FPS per env, [38;5;121m1[0m[38;5;159m envs).[0m
[38;5;159m[Genesis] [18:19:55] [INFO] Running at [38;5;121m127.20[0m[38;5;159m FPS ([38;5;121m127.20[0m[38;5;159m FPS per env, [38;5;121m1[0m[38;5;159m envs).[0m
[38;5;159m[Genesis] [18:19:55] [INFO] Running at [38;5;121m127.10[0m[38;5;159m FPS ([38;5;121m127.10[0m[38;5;159m FPS per env, [38;5;121m1[0m[38;5;159m envs).[0m
[38;5;159m[Genesis] [18:19:55] [INFO] Running at [38;5;121m127.01[0m[38;5;159m FPS ([38;5;121m127.01[0m[38;5;159m FPS per env, [38;5;121m1[0m[38;5;159m envs).[0m
[38;5;159m[Genesis] [18:19:55] [INFO] Running at [38;5;121m126.88[0m[38;5;159m FPS ([38;5;121m126.88[0m[38;5;159m FPS per env, [38;5;121m1[0m[38;5;159m envs).[0m
[38;5;159m[Genesis] [18:19:55] [INFO] Running at [38;5;121m126.78[0m[38;5;159m FPS ([38;5;121m126.78[0m[38;5;159m FPS per env, [38;5;121m1[0m[38;5;159m envs).[0m
[38;5;159m[Genesis] [18:19:55] [INFO] Running at [38;5;121m126.52[0m[38;5;159m FPS ([38;5;121m126.52[0m[38;5;159m FPS per env, [38;5;121m1[0m[38;5;159m envs).[0m
[38;5;159m[Genesis] [18:19:55] [INFO] Running at [38;5;121m126.50[0m[38;5;159m FPS ([38;5;121m126.50[0m[38;5;159m FPS per env, [38;5;121m1[0m[38;5;159m envs).[0m
[38;5;159m[Genesis] [18:19:55] [INFO] Running at [38;5;121m126.43[0m[38;5;159m FPS ([38;5;121m126.43[0m[38;5;159m FPS per env, [38;5;121m1[0m[38;5;159m envs).[0m
[38;5;159m[Genesis] [18:19:56] [INFO] Running at [38;5;121m126.39[0m[38;5;159m FPS ([38;5;121m126.39[0m[38;5;159m FPS per env, [38;5;121m1[0m[38;5;159m envs).[0m
[38;5;159m[Genesis] [18:19:56] [INFO] Running at [38;5;121m126.37[0m[38;5;159m FPS ([38;5;121m126.37[0m[38;5;159m FPS per env, [38;5;121m1[0m[38;5;159m envs).[0m
[38;5;159m[Genesis] [18:19:56] [INFO] Running at [38;5;121m126.36[0m[38;5;159m FPS ([38;5;121m126.36[0m[38;5;159m FPS per env, [38;5;121m1[0m[38;5;159m envs).[0m
[38;5;159m[Genesis] [18:19:56] [INFO] Running at [38;5;121m126.35[0m[38;5;159m FPS ([38;5;121m126.35[0m[38;5;159m FPS per env, [38;5;121m1[0m[38;5;159m envs).[0m
[38;5;159m[Genesis] [18:19:56] [INFO] Running at [38;5;121m126.35[0m[38;5;159m FPS ([38;5;121m126.35[0m[38;5;159m FPS per env, [38;5;121m1[0m[38;5;159m envs).[0m
[38;5;159m[Genesis] [18:19:56] [INFO] Running at [38;5;121m126.37[0m[38;5;159m FPS ([38;5;121m126.37[0m[38;5;159m FPS per env, [38;5;121m1[0m[38;5;159m envs).[0m
[38;5;159m[Genesis] [18:19:56] [INFO] Running at [38;5;121m126.39[0m[38;5;159m FPS ([38;5;121m126.39[0m[38;5;159m FPS per env, [38;5;121m1[0m[38;5;159m envs).[0m
[38;5;159m[Genesis] [18:19:56] [INFO] Running at [38;5;121m126.37[0m[38;5;159m FPS ([38;5;121m126.37[0m[38;5;159m FPS per env, [38;5;121m1[0m[38;5;159m envs).[0m
[38;5;159m[Genesis] [18:19:56] [INFO] Running at [38;5;121m126.32[0m[38;5;159m FPS ([38;5;121m126.32[0m[38;5;159m FPS per env, [38;5;121m1[0m[38;5;159m envs).[0m
[38;5;159m[Genesis] [18:19:56] [INFO] Running at [38;5;121m126.13[0m[38;5;159m FPS ([38;5;121m126.13[0m[38;5;159m FPS per env, [38;5;121m1[0m[38;5;159m envs).[0m
[38;5;159m[Genesis] [18:19:56] [INFO] Running at [38;5;121m126.12[0m[38;5;159m FPS ([38;5;121m126.12[0m[38;5;159m FPS per env, [38;5;121m1[0m[38;5;159m envs).[0m
[38;5;159m[Genesis] [18:19:56] [INFO] Running at [38;5;121m126.11[0m[38;5;159m FPS ([38;5;121m126.11[0m[38;5;159m FPS per env, [38;5;121m1[0m[38;5;159m envs).[0m
[38;5;159m[Genesis] [18:19:56] [INFO] Running at [38;5;121m126.10[0m[38;5;159m FPS ([38;5;121m126.10[0m[38;5;159m FPS per env, [38;5;121m1[0m[38;5;159m envs).[0m
[38;5;159m[Genesis] [18:19:56] [INFO] Running at [38;5;121m126.09[0m[38;5;159m FPS ([38;5;121m126.09[0m[38;5;159m FPS per env, [38;5;121m1[0m[38;5;159m envs).[0m
[38;5;159m[Genesis] [18:19:56] [INFO] Running at [38;5;121m126.11[0m[38;5;159m FPS ([38;5;121m126.11[0m[38;5;159m FPS per env, [38;5;121m1[0m[38;5;159m envs).[0m
[38;5;159m[Genesis] [18:19:56] [INFO] Running at [38;5;121m126.11[0m[38;5;159m FPS ([38;5;121m126.11[0m[38;5;159m FPS per env, [38;5;121m1[0m[38;5;159m envs).[0m
[38;5;159m[Genesis] [18:19:56] [INFO] Running at [38;5;121m126.09[0m[38;5;159m FPS ([38;5;121m126.09[0m[38;5;159m FPS per env, [38;5;121m1[0m[38;5;159m envs).[0m
[38;5;159m[Genesis] [18:19:56] [INFO] Running at [38;5;121m126.08[0m[38;5;159m FPS ([38;5;121m126.08[0m[38;5;159m FPS per env, [38;5;121m1[0m[38;5;159m envs).[0m
[38;5;159m[Genesis] [18:19:57] [INFO] Running at [38;5;121m126.05[0m[38;5;159m FPS ([38;5;121m126.05[0m[38;5;159m FPS per env, [38;5;121m1[0m[38;5;159m envs).[0m
[38;5;159m[Genesis] [18:19:57] [INFO] Running at [38;5;121m126.03[0m[38;5;159m FPS ([38;5;121m126.03[0m[38;5;159m FPS per env, [38;5;121m1[0m[38;5;159m envs).[0m
[38;5;159m[Genesis] [18:19:57] [INFO] Running at [38;5;121m125.99[0m[38;5;159m FPS ([38;5;121m125.99[0m[38;5;159m FPS per env, [38;5;121m1[0m[38;5;159m envs).[0m
[38;5;159m[Genesis] [18:19:57] [INFO] Running at [38;5;121m125.81[0m[38;5;159m FPS ([38;5;121m125.81[0m[38;5;159m FPS per env, [38;5;121m1[0m[38;5;159m envs).[0m
[38;5;159m[Genesis] [18:19:57] [INFO] Running at [38;5;121m125.78[0m[38;5;159m FPS ([38;5;121m125.78[0m[38;5;159m FPS per env, [38;5;121m1[0m[38;5;159m envs).[0m
[38;5;159m[Genesis] [18:19:57] [INFO] Running at [38;5;121m125.81[0m[38;5;159m FPS ([38;5;121m125.81[0m[38;5;159m FPS per env, [38;5;121m1[0m[38;5;159m envs).[0m
[38;5;159m[Genesis] [18:19:57] [INFO] Running at [38;5;121m125.81[0m[38;5;159m FPS ([38;5;121m125.81[0m[38;5;159m FPS per env, [38;5;121m1[0m[38;5;159m envs).[0m
[38;5;159m[Genesis] [18:19:57] [INFO] Running at [38;5;121m125.81[0m[38;5;159m FPS ([38;5;121m125.81[0m[38;5;159m FPS per env, [38;5;121m1[0m[38;5;159m envs).[0m
[38;5;159m[Genesis] [18:19:57] [INFO] Running at [38;5;121m125.81[0m[38;5;159m FPS ([38;5;121m125.81[0m[38;5;159m FPS per env, [38;5;121m1[0m[38;5;159m envs).[0m
[38;5;159m[Genesis] [18:19:57] [INFO] Running at [38;5;121m125.80[0m[38;5;159m FPS ([38;5;121m125.80[0m[38;5;159m FPS per env, [38;5;121m1[0m[38;5;159m envs).[0m
[38;5;159m[Genesis] [18:19:57] [INFO] Running at [38;5;121m125.80[0m[38;5;159m FPS ([38;5;121m125.80[0m[38;5;159m FPS per env, [38;5;121m1[0m[38;5;159m envs).[0m
[38;5;159m[Genesis] [18:19:57] [INFO] Running at [38;5;121m125.82[0m[38;5;159m FPS ([38;5;121m125.82[0m[38;5;159m FPS per env, [38;5;121m1[0m[38;5;159m envs).[0m
[38;5;159m[Genesis] [18:19:57] [INFO] Running at [38;5;121m125.79[0m[38;5;159m FPS ([38;5;121m125.79[0m[38;5;159m FPS per env, [38;5;121m1[0m[38;5;159m envs).[0m
[38;5;159m[Genesis] [18:19:57] [INFO] Running at [38;5;121m125.78[0m[38;5;159m FPS ([38;5;121m125.78[0m[38;5;159m FPS per env, [38;5;121m1[0m[38;5;159m envs).[0m
[38;5;159m[Genesis] [18:19:57] [INFO] Running at [38;5;121m125.81[0m[38;5;159m FPS ([38;5;121m125.81[0m[38;5;159m FPS per env, [38;5;121m1[0m[38;5;159m envs).[0m
[38;5;159m[Genesis] [18:19:57] [INFO] Running at [38;5;121m125.76[0m[38;5;159m FPS ([38;5;121m125.76[0m[38;5;159m FPS per env, [38;5;121m1[0m[38;5;159m envs).[0m
[38;5;159m[Genesis] [18:19:57] [INFO] Running at [38;5;121m125.64[0m[38;5;159m FPS ([38;5;121m125.64[0m[38;5;159m FPS per env, [38;5;121m1[0m[38;5;159m envs).[0m
[38;5;159m[Genesis] [18:19:57] [INFO] Running at [38;5;121m125.72[0m[38;5;159m FPS ([38;5;121m125.72[0m[38;5;159m FPS per env, [38;5;121m1[0m[38;5;159m envs).[0m
[38;5;159m[Genesis] [18:19:58] [INFO] Running at [38;5;121m125.81[0m[38;5;159m FPS ([38;5;121m125.81[0m[38;5;159m FPS per env, [38;5;121m1[0m[38;5;159m envs).[0m
[38;5;159m[Genesis] [18:19:58] [INFO] Running at [38;5;121m125.81[0m[38;5;159m FPS ([38;5;121m125.81[0m[38;5;159m FPS per env, [38;5;121m1[0m[38;5;159m envs).[0m
[38;5;159m[Genesis] [18:19:58] [INFO] Running at [38;5;121m125.84[0m[38;5;159m FPS ([38;5;121m125.84[0m[38;5;159m FPS per env, [38;5;121m1[0m[38;5;159m envs).[0m
[38;5;159m[Genesis] [18:19:58] [INFO] Running at [38;5;121m125.83[0m[38;5;159m FPS ([38;5;121m125.83[0m[38;5;159m FPS per env, [38;5;121m1[0m[38;5;159m envs).[0m
[38;5;159m[Genesis] [18:19:58] [INFO] Running at [38;5;121m125.79[0m[38;5;159m FPS ([38;5;121m125.79[0m[38;5;159m FPS per env, [38;5;121m1[0m[38;5;159m envs).[0m
[38;5;159m[Genesis] [18:19:58] [INFO] Running at [38;5;121m125.77[0m[38;5;159m FPS ([38;5;121m125.77[0m[38;5;159m FPS per env, [38;5;121m1[0m[38;5;159m envs).[0m
[38;5;159m[Genesis] [18:19:58] [INFO] Running at [38;5;121m125.77[0m[38;5;159m FPS ([38;5;121m125.77[0m[38;5;159m FPS per env, [38;5;121m1[0m[38;5;159m envs).[0m
[38;5;159m[Genesis] [18:19:58] [INFO] Running at [38;5;121m125.77[0m[38;5;159m FPS ([38;5;121m125.77[0m[38;5;159m FPS per env, [38;5;121m1[0m[38;5;159m envs).[0m
[38;5;159m[Genesis] [18:19:58] [INFO] Running at [38;5;121m125.79[0m[38;5;159m FPS ([38;5;121m125.79[0m[38;5;159m FPS per env, [38;5;121m1[0m[38;5;159m envs).[0m
[38;5;159m[Genesis] [18:19:58] [INFO] Running at [38;5;121m125.85[0m[38;5;159m FPS ([38;5;121m125.85[0m[38;5;159m FPS per env, [38;5;121m1[0m[38;5;159m envs).[0m
[38;5;159m[Genesis] [18:19:58] [INFO] Running at [38;5;121m125.65[0m[38;5;159m FPS ([38;5;121m125.65[0m[38;5;159m FPS per env, [38;5;121m1[0m[38;5;159m envs).[0m
[38;5;159m[Genesis] [18:19:58] [INFO] Running at [38;5;121m125.75[0m[38;5;159m FPS ([38;5;121m125.75[0m[38;5;159m FPS per env, [38;5;121m1[0m[38;5;159m envs).[0m
[38;5;159m[Genesis] [18:19:58] [INFO] Running at [38;5;121m125.79[0m[38;5;159m FPS ([38;5;121m125.79[0m[38;5;159m FPS per env, [38;5;121m1[0m[38;5;159m envs).[0m
[38;5;159m[Genesis] [18:19:58] [INFO] Running at [38;5;121m125.81[0m[38;5;159m FPS ([38;5;121m125.81[0m[38;5;159m FPS per env, [38;5;121m1[0m[38;5;159m envs).[0m
[38;5;159m[Genesis] [18:19:58] [INFO] Running at [38;5;121m125.83[0m[38;5;159m FPS ([38;5;121m125.83[0m[38;5;159m FPS per env, [38;5;121m1[0m[38;5;159m envs).[0m
[38;5;159m[Genesis] [18:19:58] [INFO] Running at [38;5;121m125.86[0m[38;5;159m FPS ([38;5;121m125.86[0m[38;5;159m FPS per env, [38;5;121m1[0m[38;5;159m envs).[0m
[38;5;159m[Genesis] [18:19:58] [INFO] Running at [38;5;121m125.91[0m[38;5;159m FPS ([38;5;121m125.91[0m[38;5;159m FPS per env, [38;5;121m1[0m[38;5;159m envs).[0m
[38;5;159m[Genesis] [18:19:58] [INFO] Running at [38;5;121m125.93[0m[38;5;159m FPS ([38;5;121m125.93[0m[38;5;159m FPS per env, [38;5;121m1[0m[38;5;159m envs).[0m
[38;5;159m[Genesis] [18:19:59] [INFO] Running at [38;5;121m125.97[0m[38;5;159m FPS ([38;5;121m125.97[0m[38;5;159m FPS per env, [38;5;121m1[0m[38;5;159m envs).[0m
[38;5;159m[Genesis] [18:19:59] [INFO] Running at [38;5;121m126.01[0m[38;5;159m FPS ([38;5;121m126.01[0m[38;5;159m FPS per env, [38;5;121m1[0m[38;5;159m envs).[0m
[38;5;159m[Genesis] [18:19:59] [INFO] Running at [38;5;121m126.02[0m[38;5;159m FPS ([38;5;121m126.02[0m[38;5;159m FPS per env, [38;5;121m1[0m[38;5;159m envs).[0m
[38;5;159m[Genesis] [18:19:59] [INFO] Running at [38;5;121m125.94[0m[38;5;159m FPS ([38;5;121m125.94[0m[38;5;159m FPS per env, [38;5;121m1[0m[38;5;159m envs).[0m
[38;5;159m[Genesis] [18:19:59] [INFO] Running at [38;5;121m125.80[0m[38;5;159m FPS ([38;5;121m125.80[0m[38;5;159m FPS per env, [38;5;121m1[0m[38;5;159m envs).[0m
[38;5;159m[Genesis] [18:19:59] [INFO] Running at [38;5;121m125.82[0m[38;5;159m FPS ([38;5;121m125.82[0m[38;5;159m FPS per env, [38;5;121m1[0m[38;5;159m envs).[0m
[38;5;159m[Genesis] [18:19:59] [INFO] Running at [38;5;121m125.94[0m[38;5;159m FPS ([38;5;121m125.94[0m[38;5;159m FPS per env, [38;5;121m1[0m[38;5;159m envs).[0m
[38;5;159m[Genesis] [18:19:59] [INFO] Running at [38;5;121m125.94[0m[38;5;159m FPS ([38;5;121m125.94[0m[38;5;159m FPS per env, [38;5;121m1[0m[38;5;159m envs).[0m
[38;5;159m[Genesis] [18:19:59] [INFO] Running at [38;5;121m125.96[0m[38;5;159m FPS ([38;5;121m125.96[0m[38;5;159m FPS per env, [38;5;121m1[0m[38;5;159m envs).[0m
[38;5;159m[Genesis] [18:19:59] [INFO] Running at [38;5;121m126.11[0m[38;5;159m FPS ([38;5;121m126.11[0m[38;5;159m FPS per env, [38;5;121m1[0m[38;5;159m envs).[0m
[38;5;159m[Genesis] [18:19:59] [INFO] Running at [38;5;121m126.23[0m[38;5;159m FPS ([38;5;121m126.23[0m[38;5;159m FPS per env, [38;5;121m1[0m[38;5;159m envs).[0m
[38;5;159m[Genesis] [18:19:59] [INFO] Running at [38;5;121m126.32[0m[38;5;159m FPS ([38;5;121m126.32[0m[38;5;159m FPS per env, [38;5;121m1[0m[38;5;159m envs).[0m
[38;5;159m[Genesis] [18:19:59] [INFO] Running at [38;5;121m126.26[0m[38;5;159m FPS ([38;5;121m126.26[0m[38;5;159m FPS per env, [38;5;121m1[0m[38;5;159m envs).[0m
[38;5;159m[Genesis] [18:19:59] [INFO] Running at [38;5;121m126.05[0m[38;5;159m FPS ([38;5;121m126.05[0m[38;5;159m FPS per env, [38;5;121m1[0m[38;5;159m envs).[0m
[38;5;159m[Genesis] [18:19:59] [INFO] Running at [38;5;121m125.84[0m[38;5;159m FPS ([38;5;121m125.84[0m[38;5;159m FPS per env, [38;5;121m1[0m[38;5;159m envs).[0m
[38;5;159m[Genesis] [18:19:59] [INFO] Running at [38;5;121m125.73[0m[38;5;159m FPS ([38;5;121m125.73[0m[38;5;159m FPS per env, [38;5;121m1[0m[38;5;159m envs).[0m
[38;5;159m[Genesis] [18:19:59] [INFO] Running at [38;5;121m108.18[0m[38;5;159m FPS ([38;5;121m108.18[0m[38;5;159m FPS per env, [38;5;121m1[0m[38;5;159m envs).[0m
[38;5;159m[Genesis] [18:19:59] [INFO] Running at [38;5;121m126.15[0m[38;5;159m FPS ([38;5;121m126.15[0m[38;5;159m FPS per env, [38;5;121m1[0m[38;5;159m envs).[0m
[38;5;159m[Genesis] [18:20:00] [INFO] Running at [38;5;121m125.91[0m[38;5;159m FPS ([38;5;121m125.91[0m[38;5;159m FPS per env, [38;5;121m1[0m[38;5;159m envs).[0m
[38;5;159m[Genesis] [18:20:00] [INFO] Running at [38;5;121m125.90[0m[38;5;159m FPS ([38;5;121m125.90[0m[38;5;159m FPS per env, [38;5;121m1[0m[38;5;159m envs).[0m
[38;5;159m[Genesis] [18:20:00] [INFO] Running at [38;5;121m125.87[0m[38;5;159m FPS ([38;5;121m125.87[0m[38;5;159m FPS per env, [38;5;121m1[0m[38;5;159m envs).[0m
[38;5;159m[Genesis] [18:20:00] [INFO] Running at [38;5;121m125.90[0m[38;5;159m FPS ([38;5;121m125.90[0m[38;5;159m FPS per env, [38;5;121m1[0m[38;5;159m envs).[0m
[38;5;159m[Genesis] [18:20:00] [INFO] Running at [38;5;121m125.92[0m[38;5;159m FPS ([38;5;121m125.92[0m[38;5;159m FPS per env, [38;5;121m1[0m[38;5;159m envs).[0m
[38;5;159m[Genesis] [18:20:00] [INFO] Running at [38;5;121m125.93[0m[38;5;159m FPS ([38;5;121m125.93[0m[38;5;159m FPS per env, [38;5;121m1[0m[38;5;159m envs).[0m
[38;5;159m[Genesis] [18:20:00] [INFO] Running at [38;5;121m125.96[0m[38;5;159m FPS ([38;5;121m125.96[0m[38;5;159m FPS per env, [38;5;121m1[0m[38;5;159m envs).[0m
[38;5;159m[Genesis] [18:20:00] [INFO] Running at [38;5;121m125.85[0m[38;5;159m FPS ([38;5;121m125.85[0m[38;5;159m FPS per env, [38;5;121m1[0m[38;5;159m envs).[0m
[38;5;159m[Genesis] [18:20:00] [INFO] Running at [38;5;121m125.87[0m[38;5;159m FPS ([38;5;121m125.87[0m[38;5;159m FPS per env, [38;5;121m1[0m[38;5;159m envs).[0m
[38;5;159m[Genesis] [18:20:00] [INFO] Running at [38;5;121m125.87[0m[38;5;159m FPS ([38;5;121m125.87[0m[38;5;159m FPS per env, [38;5;121m1[0m[38;5;159m envs).[0m
[38;5;159m[Genesis] [18:20:00] [INFO] Running at [38;5;121m125.71[0m[38;5;159m FPS ([38;5;121m125.71[0m[38;5;159m FPS per env, [38;5;121m1[0m[38;5;159m envs).[0m
[38;5;159m[Genesis] [18:20:00] [INFO] Running at [38;5;121m125.73[0m[38;5;159m FPS ([38;5;121m125.73[0m[38;5;159m FPS per env, [38;5;121m1[0m[38;5;159m envs).[0m
[38;5;159m[Genesis] [18:20:00] [INFO] Running at [38;5;121m125.82[0m[38;5;159m FPS ([38;5;121m125.82[0m[38;5;159m FPS per env, [38;5;121m1[0m[38;5;159m envs).[0m
[38;5;159m[Genesis] [18:20:00] [INFO] Running at [38;5;121m125.86[0m[38;5;159m FPS ([38;5;121m125.86[0m[38;5;159m FPS per env, [38;5;121m1[0m[38;5;159m envs).[0m
[38;5;159m[Genesis] [18:20:00] [INFO] Running at [38;5;121m125.93[0m[38;5;159m FPS ([38;5;121m125.93[0m[38;5;159m FPS per env, [38;5;121m1[0m[38;5;159m envs).[0m
[38;5;159m[Genesis] [18:20:00] [INFO] Running at [38;5;121m126.01[0m[38;5;159m FPS ([38;5;121m126.01[0m[38;5;159m FPS per env, [38;5;121m1[0m[38;5;159m envs).[0m
[38;5;159m[Genesis] [18:20:00] [INFO] Running at [38;5;121m126.02[0m[38;5;159m FPS ([38;5;121m126.02[0m[38;5;159m FPS per env, [38;5;121m1[0m[38;5;159m envs).[0m
[38;5;159m[Genesis] [18:20:00] [INFO] Running at [38;5;121m126.06[0m[38;5;159m FPS ([38;5;121m126.06[0m[38;5;159m FPS per env, [38;5;121m1[0m[38;5;159m envs).[0m
[38;5;159m[Genesis] [18:20:01] [INFO] Running at [38;5;121m126.11[0m[38;5;159m FPS ([38;5;121m126.11[0m[38;5;159m FPS per env, [38;5;121m1[0m[38;5;159m envs).[0m
[38;5;159m[Genesis] [18:20:01] [INFO] Running at [38;5;121m126.14[0m[38;5;159m FPS ([38;5;121m126.14[0m[38;5;159m FPS per env, [38;5;121m1[0m[38;5;159m envs).[0m
[38;5;159m[Genesis] [18:20:01] [INFO] Running at [38;5;121m126.19[0m[38;5;159m FPS ([38;5;121m126.19[0m[38;5;159m FPS per env, [38;5;121m1[0m[38;5;159m envs).[0m
[38;5;159m[Genesis] [18:20:01] [INFO] Running at [38;5;121m126.28[0m[38;5;159m FPS ([38;5;121m126.28[0m[38;5;159m FPS per env, [38;5;121m1[0m[38;5;159m envs).[0m
[38;5;159m[Genesis] [18:20:01] [INFO] Running at [38;5;121m126.35[0m[38;5;159m FPS ([38;5;121m126.35[0m[38;5;159m FPS per env, [38;5;121m1[0m[38;5;159m envs).[0m
[38;5;159m[Genesis] [18:20:01] [INFO] Running at [38;5;121m126.22[0m[38;5;159m FPS ([38;5;121m126.22[0m[38;5;159m FPS per env, [38;5;121m1[0m[38;5;159m envs).[0m
[38;5;159m[Genesis] [18:20:01] [INFO] Running at [38;5;121m126.26[0m[38;5;159m FPS ([38;5;121m126.26[0m[38;5;159m FPS per env, [38;5;121m1[0m[38;5;159m envs).[0m
[38;5;159m[Genesis] [18:20:01] [INFO] Running at [38;5;121m126.32[0m[38;5;159m FPS ([38;5;121m126.32[0m[38;5;159m FPS per env, [38;5;121m1[0m[38;5;159m envs).[0m
[38;5;159m[Genesis] [18:20:01] [INFO] Running at [38;5;121m126.36[0m[38;5;159m FPS ([38;5;121m126.36[0m[38;5;159m FPS per env, [38;5;121m1[0m[38;5;159m envs).[0m
[38;5;159m[Genesis] [18:20:01] [INFO] Running at [38;5;121m126.39[0m[38;5;159m FPS ([38;5;121m126.39[0m[38;5;159m FPS per env, [38;5;121m1[0m[38;5;159m envs).[0m
[38;5;159m[Genesis] [18:20:01] [INFO] Running at [38;5;121m126.46[0m[38;5;159m FPS ([38;5;121m126.46[0m[38;5;159m FPS per env, [38;5;121m1[0m[38;5;159m envs).[0m
[38;5;159m[Genesis] [18:20:01] [INFO] Running at [38;5;121m126.47[0m[38;5;159m FPS ([38;5;121m126.47[0m[38;5;159m FPS per env, [38;5;121m1[0m[38;5;159m envs).[0m
[38;5;159m[Genesis] [18:20:01] [INFO] Running at [38;5;121m126.47[0m[38;5;159m FPS ([38;5;121m126.47[0m[38;5;159m FPS per env, [38;5;121m1[0m[38;5;159m envs).[0m
[38;5;159m[Genesis] [18:20:01] [INFO] Running at [38;5;121m126.50[0m[38;5;159m FPS ([38;5;121m126.50[0m[38;5;159m FPS per env, [38;5;121m1[0m[38;5;159m envs).[0m
[38;5;159m[Genesis] [18:20:01] [INFO] Running at [38;5;121m126.48[0m[38;5;159m FPS ([38;5;121m126.48[0m[38;5;159m FPS per env, [38;5;121m1[0m[38;5;159m envs).[0m
[38;5;159m[Genesis] [18:20:01] [INFO] Running at [38;5;121m126.50[0m[38;5;159m FPS ([38;5;121m126.50[0m[38;5;159m FPS per env, [38;5;121m1[0m[38;5;159m envs).[0m
[38;5;159m[Genesis] [18:20:01] [INFO] Running at [38;5;121m126.51[0m[38;5;159m FPS ([38;5;121m126.51[0m[38;5;159m FPS per env, [38;5;121m1[0m[38;5;159m envs).[0m
[38;5;159m[Genesis] [18:20:01] [INFO] Running at [38;5;121m126.37[0m[38;5;159m FPS ([38;5;121m126.37[0m[38;5;159m FPS per env, [38;5;121m1[0m[38;5;159m envs).[0m
[38;5;159m[Genesis] [18:20:02] [INFO] Running at [38;5;121m126.40[0m[38;5;159m FPS ([38;5;121m126.40[0m[38;5;159m FPS per env, [38;5;121m1[0m[38;5;159m envs).[0m
[38;5;159m[Genesis] [18:20:02] [INFO] Running at [38;5;121m126.39[0m[38;5;159m FPS ([38;5;121m126.39[0m[38;5;159m FPS per env, [38;5;121m1[0m[38;5;159m envs).[0m
[38;5;159m[Genesis] [18:20:02] [INFO] Running at [38;5;121m126.42[0m[38;5;159m FPS ([38;5;121m126.42[0m[38;5;159m FPS per env, [38;5;121m1[0m[38;5;159m envs).[0m
[38;5;159m[Genesis] [18:20:02] [INFO] Running at [38;5;121m126.43[0m[38;5;159m FPS ([38;5;121m126.43[0m[38;5;159m FPS per env, [38;5;121m1[0m[38;5;159m envs).[0m
[38;5;159m[Genesis] [18:20:02] [INFO] Running at [38;5;121m126.47[0m[38;5;159m FPS ([38;5;121m126.47[0m[38;5;159m FPS per env, [38;5;121m1[0m[38;5;159m envs).[0m
[38;5;159m[Genesis] [18:20:02] [INFO] Running at [38;5;121m126.48[0m[38;5;159m FPS ([38;5;121m126.48[0m[38;5;159m FPS per env, [38;5;121m1[0m[38;5;159m envs).[0m
[38;5;159m[Genesis] [18:20:02] [INFO] Running at [38;5;121m126.52[0m[38;5;159m FPS ([38;5;121m126.52[0m[38;5;159m FPS per env, [38;5;121m1[0m[38;5;159m envs).[0m
[38;5;159m[Genesis] [18:20:02] [INFO] Running at [38;5;121m126.57[0m[38;5;159m FPS ([38;5;121m126.57[0m[38;5;159m FPS per env, [38;5;121m1[0m[38;5;159m envs).[0m
fps 50
[38;5;159m[Genesis] [18:20:02] [INFO] Saving video to [38;5;121m"test_3000_behind.mp4"[0m[38;5;159m...[0m
[38;5;159m[Genesis] [18:20:03] [INFO] Video saved.[0m
[38;5;159m[Genesis] [18:20:03] [INFO] Saving video to [38;5;121m"test_3000_side.mp4"[0m[38;5;159m...[0m
[38;5;159m[Genesis] [18:20:04] [INFO] Video saved.[0m
Saved recordings for checkpoint 3000.
Finaler Gierraten-Fehler: 11.14 deg/s
[38;5;159m[Genesis] [18:20:04] [INFO] 💤 Exiting Genesis and caching compiled kernels...[0m
