[38;5;159m[Genesis] [18:39:51] [INFO] [38;5;121m╭───────────────────────────────────────────────╮[0m[38;5;159m[0m
[38;5;159m[Genesis] [18:39:51] [INFO] [38;5;121m│┈┉┈┉┈┉┈┉┈┉┈┉┈┉┈┉┈┉┈[0m[38;5;159m [38;5;121m[1m[3mGenesis[0m[38;5;159m [38;5;121m┈┉┈┉┈┉┈┉┈┉┈┉┈┉┈┉┈┉┈│[0m[38;5;159m[0m
[38;5;159m[Genesis] [18:39:51] [INFO] [38;5;121m╰───────────────────────────────────────────────╯[0m[38;5;159m[0m
[38;5;159m[Genesis] [18:39:51] [INFO] Running on [38;5;121m[4m[NVIDIA GeForce RTX 4090][0m[38;5;159m with backend [38;5;121m[4mgs.cuda[0m[38;5;159m. Device memory: [38;5;121m[4m23.52[0m[38;5;159m GB.[0m
[38;5;159m[Genesis] [18:39:51] [INFO] 🚀 Genesis initialized. 🔖 version: [38;5;121m[4m0.4.7[0m[38;5;159m, 🎨 theme: [38;5;121m[4mdark[0m[38;5;159m, 🌱 seed: [38;5;121m[4mNone[0m[38;5;159m, 🐛 debug: [38;5;121m[4mFalse[0m[38;5;159m, 📏 precision: [38;5;121m[4m32[0m[38;5;159m, 🔥 performance: [38;5;121m[4mFalse[0m[38;5;159m, 💬 verbose: [38;5;121m[4mINFO[0m[38;5;159m[0m
[38;5;226m[Genesis] [18:39:52] [WARNING] Viewer option 'n_rendered_envs' is deprecated and will be removed in a future release. Please use 'rendered_envs_idx' instead.[0m
[38;5;159m[Genesis] [18:39:53] [INFO] Scene [38;5;121m[3m<fb45487>[0m[38;5;159m created.[0m
[38;5;159m[Genesis] [18:39:53] [INFO] Adding [38;5;121m<gs.engine.entities.RigidEntity>[0m[38;5;159m. idx: [38;5;121m0[0m[38;5;159m, uid: [38;5;121m[3m<e3a47c8>[0m[38;5;159m, morph: [38;5;121m<gs.morphs.Plane>[0m[38;5;159m, material: [38;5;121m<gs.materials.Rigid>[0m[38;5;159m.[0m
[38;5;159m[Genesis] [18:39:53] [INFO] Adding [38;5;121m<gs.engine.entities.RigidEntity>[0m[38;5;159m. idx: [38;5;121m1[0m[38;5;159m, uid: [38;5;121m[3m<2d1932c>[0m[38;5;159m, morph: [38;5;121m<gs.morphs.URDF(file='/home/jfriesen/.local/lib/python3.12/site-packages/genesis/assets/urdf/go2/urdf/go2.urdf')>[0m[38;5;159m, material: [38;5;121m<gs.materials.Rigid>[0m[38;5;159m.[0m
[38;5;159m[Genesis] [18:39:54] [INFO] Building scene [38;5;121m[3m<fb45487>[0m[38;5;159m...[0m
[38;5;226m[Genesis] [18:39:55] [WARNING] Neutral robot position (qpos0) exceeds joint limits.[0m
[38;5;159m[Genesis] [18:39:55] [INFO] Compiling simulation kernels...[0m
[38;5;159m[Genesis] [18:39:56] [INFO] Building visualizer...[0m
[38;5;226m[Genesis] [18:39:56] [WARNING] This property is deprecated and will be removed in future release. Please use 'dofs_idx_local' instead.[0m
[38;5;226m[Genesis] [18:39:56] [WARNING] This property is deprecated and will be removed in future release. Please use 'dofs_idx_local' instead.[0m
[38;5;226m[Genesis] [18:39:56] [WARNING] This property is deprecated and will be removed in future release. Please use 'dofs_idx_local' instead.[0m
[38;5;226m[Genesis] [18:39:56] [WARNING] This property is deprecated and will be removed in future release. Please use 'dofs_idx_local' instead.[0m
[38;5;226m[Genesis] [18:39:56] [WARNING] This property is deprecated and will be removed in future release. Please use 'dofs_idx_local' instead.[0m
[38;5;226m[Genesis] [18:39:56] [WARNING] This property is deprecated and will be removed in future release. Please use 'dofs_idx_local' instead.[0m
[38;5;226m[Genesis] [18:39:56] [WARNING] This property is deprecated and will be removed in future release. Please use 'dofs_idx_local' instead.[0m
[38;5;226m[Genesis] [18:39:56] [WARNING] This property is deprecated and will be removed in future release. Please use 'dofs_idx_local' instead.[0m
[38;5;226m[Genesis] [18:39:56] [WARNING] This property is deprecated and will be removed in future release. Please use 'dofs_idx_local' instead.[0m
[38;5;226m[Genesis] [18:39:56] [WARNING] This property is deprecated and will be removed in future release. Please use 'dofs_idx_local' instead.[0m
[38;5;226m[Genesis] [18:39:56] [WARNING] This property is deprecated and will be removed in future release. Please use 'dofs_idx_local' instead.[0m
[38;5;226m[Genesis] [18:39:56] [WARNING] This property is deprecated and will be removed in future release. Please use 'dofs_idx_local' instead.[0m
/home/jfriesen/.local/lib/python3.12/site-packages/torch/utils/_device.py:122: UserWarning: To copy construct from a tensor, it is recommended to use sourceTensor.detach().clone() or sourceTensor.detach().clone().requires_grad_(True), rather than torch.tensor(sourceTensor).
  return func(*args, **kwargs)
Actor MLP: Sequential(
  (0): Linear(in_features=51, out_features=512, bias=True)
  (1): ELU(alpha=1.0)
  (2): Linear(in_features=512, out_features=256, bias=True)
  (3): ELU(alpha=1.0)
  (4): Linear(in_features=256, out_features=128, bias=True)
  (5): ELU(alpha=1.0)
  (6): Linear(in_features=128, out_features=12, bias=True)
)
Critic MLP: Sequential(
  (0): Linear(in_features=75, out_features=512, bias=True)
  (1): ELU(alpha=1.0)
  (2): Linear(in_features=512, out_features=256, bias=True)
  (3): ELU(alpha=1.0)
  (4): Linear(in_features=256, out_features=128, bias=True)
  (5): ELU(alpha=1.0)
  (6): Linear(in_features=128, out_features=1, bias=True)
)
[38;5;159m[Genesis] [18:39:57] [INFO] Running at [38;5;121m3.77[0m[38;5;159m FPS ([38;5;121m3.77[0m[38;5;159m FPS per env, [38;5;121m1[0m[38;5;159m envs).[0m
[38;5;159m[Genesis] [18:39:57] [INFO] Running at [38;5;121m39.34[0m[38;5;159m FPS ([38;5;121m39.34[0m[38;5;159m FPS per env, [38;5;121m1[0m[38;5;159m envs).[0m
[38;5;159m[Genesis] [18:39:57] [INFO] Running at [38;5;121m117.85[0m[38;5;159m FPS ([38;5;121m117.85[0m[38;5;159m FPS per env, [38;5;121m1[0m[38;5;159m envs).[0m
[38;5;159m[Genesis] [18:39:57] [INFO] Running at [38;5;121m117.68[0m[38;5;159m FPS ([38;5;121m117.68[0m[38;5;159m FPS per env, [38;5;121m1[0m[38;5;159m envs).[0m
[38;5;159m[Genesis] [18:39:57] [INFO] Running at [38;5;121m117.79[0m[38;5;159m FPS ([38;5;121m117.79[0m[38;5;159m FPS per env, [38;5;121m1[0m[38;5;159m envs).[0m
[38;5;159m[Genesis] [18:39:57] [INFO] Running at [38;5;121m117.86[0m[38;5;159m FPS ([38;5;121m117.86[0m[38;5;159m FPS per env, [38;5;121m1[0m[38;5;159m envs).[0m
[38;5;159m[Genesis] [18:39:57] [INFO] Running at [38;5;121m117.95[0m[38;5;159m FPS ([38;5;121m117.95[0m[38;5;159m FPS per env, [38;5;121m1[0m[38;5;159m envs).[0m
[38;5;159m[Genesis] [18:39:57] [INFO] Running at [38;5;121m136.77[0m[38;5;159m FPS ([38;5;121m136.77[0m[38;5;159m FPS per env, [38;5;121m1[0m[38;5;159m envs).[0m
[38;5;159m[Genesis] [18:39:57] [INFO] Running at [38;5;121m135.97[0m[38;5;159m FPS ([38;5;121m135.97[0m[38;5;159m FPS per env, [38;5;121m1[0m[38;5;159m envs).[0m
[38;5;159m[Genesis] [18:39:57] [INFO] Running at [38;5;121m135.25[0m[38;5;159m FPS ([38;5;121m135.25[0m[38;5;159m FPS per env, [38;5;121m1[0m[38;5;159m envs).[0m
[38;5;159m[Genesis] [18:39:58] [INFO] Running at [38;5;121m134.58[0m[38;5;159m FPS ([38;5;121m134.58[0m[38;5;159m FPS per env, [38;5;121m1[0m[38;5;159m envs).[0m
[38;5;159m[Genesis] [18:39:58] [INFO] Running at [38;5;121m133.97[0m[38;5;159m FPS ([38;5;121m133.97[0m[38;5;159m FPS per env, [38;5;121m1[0m[38;5;159m envs).[0m
[38;5;159m[Genesis] [18:39:58] [INFO] Running at [38;5;121m133.39[0m[38;5;159m FPS ([38;5;121m133.39[0m[38;5;159m FPS per env, [38;5;121m1[0m[38;5;159m envs).[0m
[38;5;159m[Genesis] [18:39:58] [INFO] Running at [38;5;121m132.80[0m[38;5;159m FPS ([38;5;121m132.80[0m[38;5;159m FPS per env, [38;5;121m1[0m[38;5;159m envs).[0m
[38;5;159m[Genesis] [18:39:58] [INFO] Running at [38;5;121m132.08[0m[38;5;159m FPS ([38;5;121m132.08[0m[38;5;159m FPS per env, [38;5;121m1[0m[38;5;159m envs).[0m
[38;5;159m[Genesis] [18:39:58] [INFO] Running at [38;5;121m131.63[0m[38;5;159m FPS ([38;5;121m131.63[0m[38;5;159m FPS per env, [38;5;121m1[0m[38;5;159m envs).[0m
[38;5;159m[Genesis] [18:39:58] [INFO] Running at [38;5;121m131.23[0m[38;5;159m FPS ([38;5;121m131.23[0m[38;5;159m FPS per env, [38;5;121m1[0m[38;5;159m envs).[0m
[38;5;159m[Genesis] [18:39:58] [INFO] Running at [38;5;121m130.92[0m[38;5;159m FPS ([38;5;121m130.92[0m[38;5;159m FPS per env, [38;5;121m1[0m[38;5;159m envs).[0m
[38;5;159m[Genesis] [18:39:58] [INFO] Running at [38;5;121m130.52[0m[38;5;159m FPS ([38;5;121m130.52[0m[38;5;159m FPS per env, [38;5;121m1[0m[38;5;159m envs).[0m
[38;5;159m[Genesis] [18:39:58] [INFO] Running at [38;5;121m130.23[0m[38;5;159m FPS ([38;5;121m130.23[0m[38;5;159m FPS per env, [38;5;121m1[0m[38;5;159m envs).[0m
[38;5;159m[Genesis] [18:39:58] [INFO] Running at [38;5;121m129.99[0m[38;5;159m FPS ([38;5;121m129.99[0m[38;5;159m FPS per env, [38;5;121m1[0m[38;5;159m envs).[0m
[38;5;159m[Genesis] [18:39:58] [INFO] Running at [38;5;121m129.80[0m[38;5;159m FPS ([38;5;121m129.80[0m[38;5;159m FPS per env, [38;5;121m1[0m[38;5;159m envs).[0m
[38;5;159m[Genesis] [18:39:58] [INFO] Running at [38;5;121m129.60[0m[38;5;159m FPS ([38;5;121m129.60[0m[38;5;159m FPS per env, [38;5;121m1[0m[38;5;159m envs).[0m
[38;5;159m[Genesis] [18:39:58] [INFO] Running at [38;5;121m129.41[0m[38;5;159m FPS ([38;5;121m129.41[0m[38;5;159m FPS per env, [38;5;121m1[0m[38;5;159m envs).[0m
[38;5;159m[Genesis] [18:39:58] [INFO] Running at [38;5;121m129.21[0m[38;5;159m FPS ([38;5;121m129.21[0m[38;5;159m FPS per env, [38;5;121m1[0m[38;5;159m envs).[0m
[38;5;159m[Genesis] [18:39:58] [INFO] Running at [38;5;121m129.04[0m[38;5;159m FPS ([38;5;121m129.04[0m[38;5;159m FPS per env, [38;5;121m1[0m[38;5;159m envs).[0m
[38;5;159m[Genesis] [18:39:58] [INFO] Running at [38;5;121m128.69[0m[38;5;159m FPS ([38;5;121m128.69[0m[38;5;159m FPS per env, [38;5;121m1[0m[38;5;159m envs).[0m
[38;5;159m[Genesis] [18:39:59] [INFO] Running at [38;5;121m128.60[0m[38;5;159m FPS ([38;5;121m128.60[0m[38;5;159m FPS per env, [38;5;121m1[0m[38;5;159m envs).[0m
[38;5;159m[Genesis] [18:39:59] [INFO] Running at [38;5;121m128.47[0m[38;5;159m FPS ([38;5;121m128.47[0m[38;5;159m FPS per env, [38;5;121m1[0m[38;5;159m envs).[0m
[38;5;159m[Genesis] [18:39:59] [INFO] Running at [38;5;121m128.36[0m[38;5;159m FPS ([38;5;121m128.36[0m[38;5;159m FPS per env, [38;5;121m1[0m[38;5;159m envs).[0m
[38;5;159m[Genesis] [18:39:59] [INFO] Running at [38;5;121m128.28[0m[38;5;159m FPS ([38;5;121m128.28[0m[38;5;159m FPS per env, [38;5;121m1[0m[38;5;159m envs).[0m
[38;5;159m[Genesis] [18:39:59] [INFO] Running at [38;5;121m128.22[0m[38;5;159m FPS ([38;5;121m128.22[0m[38;5;159m FPS per env, [38;5;121m1[0m[38;5;159m envs).[0m
[38;5;159m[Genesis] [18:39:59] [INFO] Running at [38;5;121m128.14[0m[38;5;159m FPS ([38;5;121m128.14[0m[38;5;159m FPS per env, [38;5;121m1[0m[38;5;159m envs).[0m
[38;5;159m[Genesis] [18:39:59] [INFO] Running at [38;5;121m128.07[0m[38;5;159m FPS ([38;5;121m128.07[0m[38;5;159m FPS per env, [38;5;121m1[0m[38;5;159m envs).[0m
[38;5;159m[Genesis] [18:39:59] [INFO] Running at [38;5;121m128.02[0m[38;5;159m FPS ([38;5;121m128.02[0m[38;5;159m FPS per env, [38;5;121m1[0m[38;5;159m envs).[0m
[38;5;159m[Genesis] [18:39:59] [INFO] Running at [38;5;121m127.96[0m[38;5;159m FPS ([38;5;121m127.96[0m[38;5;159m FPS per env, [38;5;121m1[0m[38;5;159m envs).[0m
[38;5;159m[Genesis] [18:39:59] [INFO] Running at [38;5;121m127.89[0m[38;5;159m FPS ([38;5;121m127.89[0m[38;5;159m FPS per env, [38;5;121m1[0m[38;5;159m envs).[0m
[38;5;159m[Genesis] [18:39:59] [INFO] Running at [38;5;121m127.79[0m[38;5;159m FPS ([38;5;121m127.79[0m[38;5;159m FPS per env, [38;5;121m1[0m[38;5;159m envs).[0m
[38;5;159m[Genesis] [18:39:59] [INFO] Running at [38;5;121m127.51[0m[38;5;159m FPS ([38;5;121m127.51[0m[38;5;159m FPS per env, [38;5;121m1[0m[38;5;159m envs).[0m
[38;5;159m[Genesis] [18:39:59] [INFO] Running at [38;5;121m127.43[0m[38;5;159m FPS ([38;5;121m127.43[0m[38;5;159m FPS per env, [38;5;121m1[0m[38;5;159m envs).[0m
[38;5;159m[Genesis] [18:39:59] [INFO] Running at [38;5;121m127.33[0m[38;5;159m FPS ([38;5;121m127.33[0m[38;5;159m FPS per env, [38;5;121m1[0m[38;5;159m envs).[0m
[38;5;159m[Genesis] [18:39:59] [INFO] Running at [38;5;121m127.25[0m[38;5;159m FPS ([38;5;121m127.25[0m[38;5;159m FPS per env, [38;5;121m1[0m[38;5;159m envs).[0m
[38;5;159m[Genesis] [18:39:59] [INFO] Running at [38;5;121m127.21[0m[38;5;159m FPS ([38;5;121m127.21[0m[38;5;159m FPS per env, [38;5;121m1[0m[38;5;159m envs).[0m
[38;5;159m[Genesis] [18:39:59] [INFO] Running at [38;5;121m127.13[0m[38;5;159m FPS ([38;5;121m127.13[0m[38;5;159m FPS per env, [38;5;121m1[0m[38;5;159m envs).[0m
[38;5;159m[Genesis] [18:39:59] [INFO] Running at [38;5;121m127.10[0m[38;5;159m FPS ([38;5;121m127.10[0m[38;5;159m FPS per env, [38;5;121m1[0m[38;5;159m envs).[0m
[38;5;159m[Genesis] [18:40:00] [INFO] Running at [38;5;121m127.06[0m[38;5;159m FPS ([38;5;121m127.06[0m[38;5;159m FPS per env, [38;5;121m1[0m[38;5;159m envs).[0m
[38;5;159m[Genesis] [18:40:00] [INFO] Running at [38;5;121m127.02[0m[38;5;159m FPS ([38;5;121m127.02[0m[38;5;159m FPS per env, [38;5;121m1[0m[38;5;159m envs).[0m
[38;5;159m[Genesis] [18:40:00] [INFO] Running at [38;5;121m127.01[0m[38;5;159m FPS ([38;5;121m127.01[0m[38;5;159m FPS per env, [38;5;121m1[0m[38;5;159m envs).[0m
[38;5;159m[Genesis] [18:40:00] [INFO] Running at [38;5;121m126.98[0m[38;5;159m FPS ([38;5;121m126.98[0m[38;5;159m FPS per env, [38;5;121m1[0m[38;5;159m envs).[0m
[38;5;159m[Genesis] [18:40:00] [INFO] Running at [38;5;121m126.94[0m[38;5;159m FPS ([38;5;121m126.94[0m[38;5;159m FPS per env, [38;5;121m1[0m[38;5;159m envs).[0m
[38;5;159m[Genesis] [18:40:00] [INFO] Running at [38;5;121m126.74[0m[38;5;159m FPS ([38;5;121m126.74[0m[38;5;159m FPS per env, [38;5;121m1[0m[38;5;159m envs).[0m
[38;5;159m[Genesis] [18:40:00] [INFO] Running at [38;5;121m126.77[0m[38;5;159m FPS ([38;5;121m126.77[0m[38;5;159m FPS per env, [38;5;121m1[0m[38;5;159m envs).[0m
[38;5;159m[Genesis] [18:40:00] [INFO] Running at [38;5;121m126.72[0m[38;5;159m FPS ([38;5;121m126.72[0m[38;5;159m FPS per env, [38;5;121m1[0m[38;5;159m envs).[0m
[38;5;159m[Genesis] [18:40:00] [INFO] Running at [38;5;121m126.71[0m[38;5;159m FPS ([38;5;121m126.71[0m[38;5;159m FPS per env, [38;5;121m1[0m[38;5;159m envs).[0m
[38;5;159m[Genesis] [18:40:00] [INFO] Running at [38;5;121m126.67[0m[38;5;159m FPS ([38;5;121m126.67[0m[38;5;159m FPS per env, [38;5;121m1[0m[38;5;159m envs).[0m
[38;5;159m[Genesis] [18:40:00] [INFO] Running at [38;5;121m126.65[0m[38;5;159m FPS ([38;5;121m126.65[0m[38;5;159m FPS per env, [38;5;121m1[0m[38;5;159m envs).[0m
[38;5;159m[Genesis] [18:40:00] [INFO] Running at [38;5;121m126.58[0m[38;5;159m FPS ([38;5;121m126.58[0m[38;5;159m FPS per env, [38;5;121m1[0m[38;5;159m envs).[0m
[38;5;159m[Genesis] [18:40:00] [INFO] Running at [38;5;121m126.52[0m[38;5;159m FPS ([38;5;121m126.52[0m[38;5;159m FPS per env, [38;5;121m1[0m[38;5;159m envs).[0m
[38;5;159m[Genesis] [18:40:00] [INFO] Running at [38;5;121m126.46[0m[38;5;159m FPS ([38;5;121m126.46[0m[38;5;159m FPS per env, [38;5;121m1[0m[38;5;159m envs).[0m
[38;5;159m[Genesis] [18:40:00] [INFO] Running at [38;5;121m126.47[0m[38;5;159m FPS ([38;5;121m126.47[0m[38;5;159m FPS per env, [38;5;121m1[0m[38;5;159m envs).[0m
[38;5;159m[Genesis] [18:40:00] [INFO] Running at [38;5;121m126.41[0m[38;5;159m FPS ([38;5;121m126.41[0m[38;5;159m FPS per env, [38;5;121m1[0m[38;5;159m envs).[0m
[38;5;159m[Genesis] [18:40:00] [INFO] Running at [38;5;121m126.42[0m[38;5;159m FPS ([38;5;121m126.42[0m[38;5;159m FPS per env, [38;5;121m1[0m[38;5;159m envs).[0m
[38;5;159m[Genesis] [18:40:00] [INFO] Running at [38;5;121m126.48[0m[38;5;159m FPS ([38;5;121m126.48[0m[38;5;159m FPS per env, [38;5;121m1[0m[38;5;159m envs).[0m
[38;5;159m[Genesis] [18:40:01] [INFO] Running at [38;5;121m126.32[0m[38;5;159m FPS ([38;5;121m126.32[0m[38;5;159m FPS per env, [38;5;121m1[0m[38;5;159m envs).[0m
[38;5;159m[Genesis] [18:40:01] [INFO] Running at [38;5;121m126.35[0m[38;5;159m FPS ([38;5;121m126.35[0m[38;5;159m FPS per env, [38;5;121m1[0m[38;5;159m envs).[0m
[38;5;159m[Genesis] [18:40:01] [INFO] Running at [38;5;121m126.38[0m[38;5;159m FPS ([38;5;121m126.38[0m[38;5;159m FPS per env, [38;5;121m1[0m[38;5;159m envs).[0m
[38;5;159m[Genesis] [18:40:01] [INFO] Running at [38;5;121m126.47[0m[38;5;159m FPS ([38;5;121m126.47[0m[38;5;159m FPS per env, [38;5;121m1[0m[38;5;159m envs).[0m
[38;5;159m[Genesis] [18:40:01] [INFO] Running at [38;5;121m126.53[0m[38;5;159m FPS ([38;5;121m126.53[0m[38;5;159m FPS per env, [38;5;121m1[0m[38;5;159m envs).[0m
[38;5;159m[Genesis] [18:40:01] [INFO] Running at [38;5;121m126.58[0m[38;5;159m FPS ([38;5;121m126.58[0m[38;5;159m FPS per env, [38;5;121m1[0m[38;5;159m envs).[0m
[38;5;159m[Genesis] [18:40:01] [INFO] Running at [38;5;121m126.62[0m[38;5;159m FPS ([38;5;121m126.62[0m[38;5;159m FPS per env, [38;5;121m1[0m[38;5;159m envs).[0m
[38;5;159m[Genesis] [18:40:01] [INFO] Running at [38;5;121m126.60[0m[38;5;159m FPS ([38;5;121m126.60[0m[38;5;159m FPS per env, [38;5;121m1[0m[38;5;159m envs).[0m
[38;5;159m[Genesis] [18:40:01] [INFO] Running at [38;5;121m126.64[0m[38;5;159m FPS ([38;5;121m126.64[0m[38;5;159m FPS per env, [38;5;121m1[0m[38;5;159m envs).[0m
[38;5;159m[Genesis] [18:40:01] [INFO] Running at [38;5;121m126.68[0m[38;5;159m FPS ([38;5;121m126.68[0m[38;5;159m FPS per env, [38;5;121m1[0m[38;5;159m envs).[0m
[38;5;159m[Genesis] [18:40:01] [INFO] Running at [38;5;121m126.70[0m[38;5;159m FPS ([38;5;121m126.70[0m[38;5;159m FPS per env, [38;5;121m1[0m[38;5;159m envs).[0m
[38;5;159m[Genesis] [18:40:01] [INFO] Running at [38;5;121m126.71[0m[38;5;159m FPS ([38;5;121m126.71[0m[38;5;159m FPS per env, [38;5;121m1[0m[38;5;159m envs).[0m
[38;5;159m[Genesis] [18:40:01] [INFO] Running at [38;5;121m126.55[0m[38;5;159m FPS ([38;5;121m126.55[0m[38;5;159m FPS per env, [38;5;121m1[0m[38;5;159m envs).[0m
[38;5;159m[Genesis] [18:40:01] [INFO] Running at [38;5;121m126.58[0m[38;5;159m FPS ([38;5;121m126.58[0m[38;5;159m FPS per env, [38;5;121m1[0m[38;5;159m envs).[0m
[38;5;159m[Genesis] [18:40:01] [INFO] Running at [38;5;121m126.62[0m[38;5;159m FPS ([38;5;121m126.62[0m[38;5;159m FPS per env, [38;5;121m1[0m[38;5;159m envs).[0m
[38;5;159m[Genesis] [18:40:01] [INFO] Running at [38;5;121m126.65[0m[38;5;159m FPS ([38;5;121m126.65[0m[38;5;159m FPS per env, [38;5;121m1[0m[38;5;159m envs).[0m
[38;5;159m[Genesis] [18:40:01] [INFO] Running at [38;5;121m126.68[0m[38;5;159m FPS ([38;5;121m126.68[0m[38;5;159m FPS per env, [38;5;121m1[0m[38;5;159m envs).[0m
[38;5;159m[Genesis] [18:40:01] [INFO] Running at [38;5;121m126.74[0m[38;5;159m FPS ([38;5;121m126.74[0m[38;5;159m FPS per env, [38;5;121m1[0m[38;5;159m envs).[0m
[38;5;159m[Genesis] [18:40:01] [INFO] Running at [38;5;121m126.76[0m[38;5;159m FPS ([38;5;121m126.76[0m[38;5;159m FPS per env, [38;5;121m1[0m[38;5;159m envs).[0m
[38;5;159m[Genesis] [18:40:02] [INFO] Running at [38;5;121m126.78[0m[38;5;159m FPS ([38;5;121m126.78[0m[38;5;159m FPS per env, [38;5;121m1[0m[38;5;159m envs).[0m
[38;5;159m[Genesis] [18:40:02] [INFO] Running at [38;5;121m126.77[0m[38;5;159m FPS ([38;5;121m126.77[0m[38;5;159m FPS per env, [38;5;121m1[0m[38;5;159m envs).[0m
[38;5;159m[Genesis] [18:40:02] [INFO] Running at [38;5;121m126.78[0m[38;5;159m FPS ([38;5;121m126.78[0m[38;5;159m FPS per env, [38;5;121m1[0m[38;5;159m envs).[0m
[38;5;159m[Genesis] [18:40:02] [INFO] Running at [38;5;121m126.78[0m[38;5;159m FPS ([38;5;121m126.78[0m[38;5;159m FPS per env, [38;5;121m1[0m[38;5;159m envs).[0m
[38;5;159m[Genesis] [18:40:02] [INFO] Running at [38;5;121m126.67[0m[38;5;159m FPS ([38;5;121m126.67[0m[38;5;159m FPS per env, [38;5;121m1[0m[38;5;159m envs).[0m
[38;5;159m[Genesis] [18:40:02] [INFO] Running at [38;5;121m126.49[0m[38;5;159m FPS ([38;5;121m126.49[0m[38;5;159m FPS per env, [38;5;121m1[0m[38;5;159m envs).[0m
[38;5;159m[Genesis] [18:40:02] [INFO] Running at [38;5;121m126.53[0m[38;5;159m FPS ([38;5;121m126.53[0m[38;5;159m FPS per env, [38;5;121m1[0m[38;5;159m envs).[0m
[38;5;159m[Genesis] [18:40:02] [INFO] Running at [38;5;121m126.57[0m[38;5;159m FPS ([38;5;121m126.57[0m[38;5;159m FPS per env, [38;5;121m1[0m[38;5;159m envs).[0m
[38;5;159m[Genesis] [18:40:02] [INFO] Running at [38;5;121m126.62[0m[38;5;159m FPS ([38;5;121m126.62[0m[38;5;159m FPS per env, [38;5;121m1[0m[38;5;159m envs).[0m
[38;5;159m[Genesis] [18:40:02] [INFO] Running at [38;5;121m126.64[0m[38;5;159m FPS ([38;5;121m126.64[0m[38;5;159m FPS per env, [38;5;121m1[0m[38;5;159m envs).[0m
[38;5;159m[Genesis] [18:40:02] [INFO] Running at [38;5;121m126.66[0m[38;5;159m FPS ([38;5;121m126.66[0m[38;5;159m FPS per env, [38;5;121m1[0m[38;5;159m envs).[0m
[38;5;159m[Genesis] [18:40:02] [INFO] Running at [38;5;121m126.70[0m[38;5;159m FPS ([38;5;121m126.70[0m[38;5;159m FPS per env, [38;5;121m1[0m[38;5;159m envs).[0m
[38;5;159m[Genesis] [18:40:02] [INFO] Running at [38;5;121m126.78[0m[38;5;159m FPS ([38;5;121m126.78[0m[38;5;159m FPS per env, [38;5;121m1[0m[38;5;159m envs).[0m
[38;5;159m[Genesis] [18:40:02] [INFO] Running at [38;5;121m126.76[0m[38;5;159m FPS ([38;5;121m126.76[0m[38;5;159m FPS per env, [38;5;121m1[0m[38;5;159m envs).[0m
[38;5;159m[Genesis] [18:40:02] [INFO] Running at [38;5;121m126.80[0m[38;5;159m FPS ([38;5;121m126.80[0m[38;5;159m FPS per env, [38;5;121m1[0m[38;5;159m envs).[0m
[38;5;159m[Genesis] [18:40:02] [INFO] Running at [38;5;121m126.81[0m[38;5;159m FPS ([38;5;121m126.81[0m[38;5;159m FPS per env, [38;5;121m1[0m[38;5;159m envs).[0m
[38;5;159m[Genesis] [18:40:02] [INFO] Running at [38;5;121m126.86[0m[38;5;159m FPS ([38;5;121m126.86[0m[38;5;159m FPS per env, [38;5;121m1[0m[38;5;159m envs).[0m
[38;5;159m[Genesis] [18:40:02] [INFO] Running at [38;5;121m126.67[0m[38;5;159m FPS ([38;5;121m126.67[0m[38;5;159m FPS per env, [38;5;121m1[0m[38;5;159m envs).[0m
[38;5;159m[Genesis] [18:40:03] [INFO] Running at [38;5;121m126.64[0m[38;5;159m FPS ([38;5;121m126.64[0m[38;5;159m FPS per env, [38;5;121m1[0m[38;5;159m envs).[0m
[38;5;159m[Genesis] [18:40:03] [INFO] Running at [38;5;121m126.65[0m[38;5;159m FPS ([38;5;121m126.65[0m[38;5;159m FPS per env, [38;5;121m1[0m[38;5;159m envs).[0m
[38;5;159m[Genesis] [18:40:03] [INFO] Running at [38;5;121m126.66[0m[38;5;159m FPS ([38;5;121m126.66[0m[38;5;159m FPS per env, [38;5;121m1[0m[38;5;159m envs).[0m
[38;5;159m[Genesis] [18:40:03] [INFO] Running at [38;5;121m126.69[0m[38;5;159m FPS ([38;5;121m126.69[0m[38;5;159m FPS per env, [38;5;121m1[0m[38;5;159m envs).[0m
[38;5;159m[Genesis] [18:40:03] [INFO] Running at [38;5;121m126.69[0m[38;5;159m FPS ([38;5;121m126.69[0m[38;5;159m FPS per env, [38;5;121m1[0m[38;5;159m envs).[0m
[38;5;159m[Genesis] [18:40:03] [INFO] Running at [38;5;121m126.74[0m[38;5;159m FPS ([38;5;121m126.74[0m[38;5;159m FPS per env, [38;5;121m1[0m[38;5;159m envs).[0m
[38;5;159m[Genesis] [18:40:03] [INFO] Running at [38;5;121m126.74[0m[38;5;159m FPS ([38;5;121m126.74[0m[38;5;159m FPS per env, [38;5;121m1[0m[38;5;159m envs).[0m
[38;5;159m[Genesis] [18:40:03] [INFO] Running at [38;5;121m126.78[0m[38;5;159m FPS ([38;5;121m126.78[0m[38;5;159m FPS per env, [38;5;121m1[0m[38;5;159m envs).[0m
[38;5;159m[Genesis] [18:40:03] [INFO] Running at [38;5;121m126.85[0m[38;5;159m FPS ([38;5;121m126.85[0m[38;5;159m FPS per env, [38;5;121m1[0m[38;5;159m envs).[0m
[38;5;159m[Genesis] [18:40:03] [INFO] Running at [38;5;121m126.90[0m[38;5;159m FPS ([38;5;121m126.90[0m[38;5;159m FPS per env, [38;5;121m1[0m[38;5;159m envs).[0m
[38;5;159m[Genesis] [18:40:03] [INFO] Running at [38;5;121m126.86[0m[38;5;159m FPS ([38;5;121m126.86[0m[38;5;159m FPS per env, [38;5;121m1[0m[38;5;159m envs).[0m
[38;5;159m[Genesis] [18:40:03] [INFO] Running at [38;5;121m126.67[0m[38;5;159m FPS ([38;5;121m126.67[0m[38;5;159m FPS per env, [38;5;121m1[0m[38;5;159m envs).[0m
[38;5;159m[Genesis] [18:40:03] [INFO] Running at [38;5;121m126.67[0m[38;5;159m FPS ([38;5;121m126.67[0m[38;5;159m FPS per env, [38;5;121m1[0m[38;5;159m envs).[0m
[38;5;159m[Genesis] [18:40:03] [INFO] Running at [38;5;121m126.72[0m[38;5;159m FPS ([38;5;121m126.72[0m[38;5;159m FPS per env, [38;5;121m1[0m[38;5;159m envs).[0m
[38;5;159m[Genesis] [18:40:03] [INFO] Running at [38;5;121m126.75[0m[38;5;159m FPS ([38;5;121m126.75[0m[38;5;159m FPS per env, [38;5;121m1[0m[38;5;159m envs).[0m
[38;5;159m[Genesis] [18:40:03] [INFO] Running at [38;5;121m126.80[0m[38;5;159m FPS ([38;5;121m126.80[0m[38;5;159m FPS per env, [38;5;121m1[0m[38;5;159m envs).[0m
[38;5;159m[Genesis] [18:40:03] [INFO] Running at [38;5;121m126.80[0m[38;5;159m FPS ([38;5;121m126.80[0m[38;5;159m FPS per env, [38;5;121m1[0m[38;5;159m envs).[0m
[38;5;159m[Genesis] [18:40:03] [INFO] Running at [38;5;121m126.81[0m[38;5;159m FPS ([38;5;121m126.81[0m[38;5;159m FPS per env, [38;5;121m1[0m[38;5;159m envs).[0m
[38;5;159m[Genesis] [18:40:04] [INFO] Running at [38;5;121m126.87[0m[38;5;159m FPS ([38;5;121m126.87[0m[38;5;159m FPS per env, [38;5;121m1[0m[38;5;159m envs).[0m
[38;5;159m[Genesis] [18:40:04] [INFO] Running at [38;5;121m126.88[0m[38;5;159m FPS ([38;5;121m126.88[0m[38;5;159m FPS per env, [38;5;121m1[0m[38;5;159m envs).[0m
[38;5;159m[Genesis] [18:40:04] [INFO] Running at [38;5;121m126.92[0m[38;5;159m FPS ([38;5;121m126.92[0m[38;5;159m FPS per env, [38;5;121m1[0m[38;5;159m envs).[0m
[38;5;159m[Genesis] [18:40:04] [INFO] Running at [38;5;121m126.95[0m[38;5;159m FPS ([38;5;121m126.95[0m[38;5;159m FPS per env, [38;5;121m1[0m[38;5;159m envs).[0m
[38;5;159m[Genesis] [18:40:04] [INFO] Running at [38;5;121m126.97[0m[38;5;159m FPS ([38;5;121m126.97[0m[38;5;159m FPS per env, [38;5;121m1[0m[38;5;159m envs).[0m
[38;5;159m[Genesis] [18:40:04] [INFO] Running at [38;5;121m126.85[0m[38;5;159m FPS ([38;5;121m126.85[0m[38;5;159m FPS per env, [38;5;121m1[0m[38;5;159m envs).[0m
[38;5;159m[Genesis] [18:40:04] [INFO] Running at [38;5;121m126.88[0m[38;5;159m FPS ([38;5;121m126.88[0m[38;5;159m FPS per env, [38;5;121m1[0m[38;5;159m envs).[0m
[38;5;159m[Genesis] [18:40:04] [INFO] Running at [38;5;121m126.90[0m[38;5;159m FPS ([38;5;121m126.90[0m[38;5;159m FPS per env, [38;5;121m1[0m[38;5;159m envs).[0m
[38;5;159m[Genesis] [18:40:04] [INFO] Running at [38;5;121m126.95[0m[38;5;159m FPS ([38;5;121m126.95[0m[38;5;159m FPS per env, [38;5;121m1[0m[38;5;159m envs).[0m
[38;5;159m[Genesis] [18:40:04] [INFO] Running at [38;5;121m126.95[0m[38;5;159m FPS ([38;5;121m126.95[0m[38;5;159m FPS per env, [38;5;121m1[0m[38;5;159m envs).[0m
[38;5;159m[Genesis] [18:40:04] [INFO] Running at [38;5;121m126.97[0m[38;5;159m FPS ([38;5;121m126.97[0m[38;5;159m FPS per env, [38;5;121m1[0m[38;5;159m envs).[0m
[38;5;159m[Genesis] [18:40:04] [INFO] Running at [38;5;121m126.96[0m[38;5;159m FPS ([38;5;121m126.96[0m[38;5;159m FPS per env, [38;5;121m1[0m[38;5;159m envs).[0m
[38;5;159m[Genesis] [18:40:04] [INFO] Running at [38;5;121m126.98[0m[38;5;159m FPS ([38;5;121m126.98[0m[38;5;159m FPS per env, [38;5;121m1[0m[38;5;159m envs).[0m
[38;5;159m[Genesis] [18:40:04] [INFO] Running at [38;5;121m127.00[0m[38;5;159m FPS ([38;5;121m127.00[0m[38;5;159m FPS per env, [38;5;121m1[0m[38;5;159m envs).[0m
[38;5;159m[Genesis] [18:40:04] [INFO] Running at [38;5;121m127.04[0m[38;5;159m FPS ([38;5;121m127.04[0m[38;5;159m FPS per env, [38;5;121m1[0m[38;5;159m envs).[0m
[38;5;159m[Genesis] [18:40:04] [INFO] Running at [38;5;121m127.04[0m[38;5;159m FPS ([38;5;121m127.04[0m[38;5;159m FPS per env, [38;5;121m1[0m[38;5;159m envs).[0m
[38;5;159m[Genesis] [18:40:04] [INFO] Running at [38;5;121m127.08[0m[38;5;159m FPS ([38;5;121m127.08[0m[38;5;159m FPS per env, [38;5;121m1[0m[38;5;159m envs).[0m
[38;5;159m[Genesis] [18:40:04] [INFO] Running at [38;5;121m127.10[0m[38;5;159m FPS ([38;5;121m127.10[0m[38;5;159m FPS per env, [38;5;121m1[0m[38;5;159m envs).[0m
[38;5;159m[Genesis] [18:40:05] [INFO] Running at [38;5;121m126.93[0m[38;5;159m FPS ([38;5;121m126.93[0m[38;5;159m FPS per env, [38;5;121m1[0m[38;5;159m envs).[0m
[38;5;159m[Genesis] [18:40:05] [INFO] Running at [38;5;121m126.96[0m[38;5;159m FPS ([38;5;121m126.96[0m[38;5;159m FPS per env, [38;5;121m1[0m[38;5;159m envs).[0m
[38;5;159m[Genesis] [18:40:05] [INFO] Running at [38;5;121m127.01[0m[38;5;159m FPS ([38;5;121m127.01[0m[38;5;159m FPS per env, [38;5;121m1[0m[38;5;159m envs).[0m
[38;5;159m[Genesis] [18:40:05] [INFO] Running at [38;5;121m127.06[0m[38;5;159m FPS ([38;5;121m127.06[0m[38;5;159m FPS per env, [38;5;121m1[0m[38;5;159m envs).[0m
[38;5;159m[Genesis] [18:40:05] [INFO] Running at [38;5;121m127.07[0m[38;5;159m FPS ([38;5;121m127.07[0m[38;5;159m FPS per env, [38;5;121m1[0m[38;5;159m envs).[0m
[38;5;159m[Genesis] [18:40:05] [INFO] Running at [38;5;121m127.09[0m[38;5;159m FPS ([38;5;121m127.09[0m[38;5;159m FPS per env, [38;5;121m1[0m[38;5;159m envs).[0m
[38;5;159m[Genesis] [18:40:05] [INFO] Running at [38;5;121m127.08[0m[38;5;159m FPS ([38;5;121m127.08[0m[38;5;159m FPS per env, [38;5;121m1[0m[38;5;159m envs).[0m
[38;5;159m[Genesis] [18:40:05] [INFO] Running at [38;5;121m127.10[0m[38;5;159m FPS ([38;5;121m127.10[0m[38;5;159m FPS per env, [38;5;121m1[0m[38;5;159m envs).[0m
[38;5;159m[Genesis] [18:40:05] [INFO] Running at [38;5;121m127.10[0m[38;5;159m FPS ([38;5;121m127.10[0m[38;5;159m FPS per env, [38;5;121m1[0m[38;5;159m envs).[0m
fps 50
[38;5;159m[Genesis] [18:40:05] [INFO] Saving video to [38;5;121m"test_3000_behind.mp4"[0m[38;5;159m...[0m
[38;5;159m[Genesis] [18:40:06] [INFO] Video saved.[0m
[38;5;159m[Genesis] [18:40:06] [INFO] Saving video to [38;5;121m"test_3000_side.mp4"[0m[38;5;159m...[0m
[38;5;159m[Genesis] [18:40:07] [INFO] Video saved.[0m
Saved recordings for checkpoint 3000.
Finaler Gierraten-Fehler: 0.40 deg/s
[38;5;159m[Genesis] [18:40:07] [INFO] 💤 Exiting Genesis and caching compiled kernels...[0m
