[38;5;159m[Genesis] [18:35:41] [INFO] [38;5;121m╭───────────────────────────────────────────────╮[0m[38;5;159m[0m
[38;5;159m[Genesis] [18:35:41] [INFO] [38;5;121m│┈┉┈┉┈┉┈┉┈┉┈┉┈┉┈┉┈┉┈[0m[38;5;159m [38;5;121m[1m[3mGenesis[0m[38;5;159m [38;5;121m┈┉┈┉┈┉┈┉┈┉┈┉┈┉┈┉┈┉┈│[0m[38;5;159m[0m
[38;5;159m[Genesis] [18:35:41] [INFO] [38;5;121m╰───────────────────────────────────────────────╯[0m[38;5;159m[0m
[38;5;159m[Genesis] [18:35:42] [INFO] Running on [38;5;121m[4m[NVIDIA GeForce RTX 4090][0m[38;5;159m with backend [38;5;121m[4mgs.cuda[0m[38;5;159m. Device memory: [38;5;121m[4m23.52[0m[38;5;159m GB.[0m
[38;5;159m[Genesis] [18:35:42] [INFO] 🚀 Genesis initialized. 🔖 version: [38;5;121m[4m0.4.7[0m[38;5;159m, 🎨 theme: [38;5;121m[4mdark[0m[38;5;159m, 🌱 seed: [38;5;121m[4mNone[0m[38;5;159m, 🐛 debug: [38;5;121m[4mFalse[0m[38;5;159m, 📏 precision: [38;5;121m[4m32[0m[38;5;159m, 🔥 performance: [38;5;121m[4mFalse[0m[38;5;159m, 💬 verbose: [38;5;121m[4mINFO[0m[38;5;159m[0m
[38;5;226m[Genesis] [18:35:43] [WARNING] Viewer option 'n_rendered_envs' is deprecated and will be removed in a future release. Please use 'rendered_envs_idx' instead.[0m
[38;5;159m[Genesis] [18:35:43] [INFO] Scene [38;5;121m[3m<ce8aa86>[0m[38;5;159m created.[0m
[38;5;159m[Genesis] [18:35:43] [INFO] Adding [38;5;121m<gs.engine.entities.RigidEntity>[0m[38;5;159m. idx: [38;5;121m0[0m[38;5;159m, uid: [38;5;121m[3m<1cfc2f8>[0m[38;5;159m, morph: [38;5;121m<gs.morphs.Plane>[0m[38;5;159m, material: [38;5;121m<gs.materials.Rigid>[0m[38;5;159m.[0m
[38;5;159m[Genesis] [18:35:43] [INFO] Adding [38;5;121m<gs.engine.entities.RigidEntity>[0m[38;5;159m. idx: [38;5;121m1[0m[38;5;159m, uid: [38;5;121m[3m<3fab3a1>[0m[38;5;159m, morph: [38;5;121m<gs.morphs.URDF(file='/home/jfriesen/.local/lib/python3.12/site-packages/genesis/assets/urdf/go2/urdf/go2.urdf')>[0m[38;5;159m, material: [38;5;121m<gs.materials.Rigid>[0m[38;5;159m.[0m
[38;5;159m[Genesis] [18:35:45] [INFO] Building scene [38;5;121m[3m<ce8aa86>[0m[38;5;159m...[0m
[38;5;226m[Genesis] [18:35:45] [WARNING] Neutral robot position (qpos0) exceeds joint limits.[0m
[38;5;159m[Genesis] [18:35:46] [INFO] Compiling simulation kernels...[0m
[38;5;159m[Genesis] [18:35:46] [INFO] Building visualizer...[0m
[38;5;226m[Genesis] [18:35:47] [WARNING] This property is deprecated and will be removed in future release. Please use 'dofs_idx_local' instead.[0m
[38;5;226m[Genesis] [18:35:47] [WARNING] This property is deprecated and will be removed in future release. Please use 'dofs_idx_local' instead.[0m
[38;5;226m[Genesis] [18:35:47] [WARNING] This property is deprecated and will be removed in future release. Please use 'dofs_idx_local' instead.[0m
[38;5;226m[Genesis] [18:35:47] [WARNING] This property is deprecated and will be removed in future release. Please use 'dofs_idx_local' instead.[0m
[38;5;226m[Genesis] [18:35:47] [WARNING] This property is deprecated and will be removed in future release. Please use 'dofs_idx_local' instead.[0m
[38;5;226m[Genesis] [18:35:47] [WARNING] This property is deprecated and will be removed in future release. Please use 'dofs_idx_local' instead.[0m
[38;5;226m[Genesis] [18:35:47] [WARNING] This property is deprecated and will be removed in future release. Please use 'dofs_idx_local' instead.[0m
[38;5;226m[Genesis] [18:35:47] [WARNING] This property is deprecated and will be removed in future release. Please use 'dofs_idx_local' instead.[0m
[38;5;226m[Genesis] [18:35:47] [WARNING] This property is deprecated and will be removed in future release. Please use 'dofs_idx_local' instead.[0m
[38;5;226m[Genesis] [18:35:47] [WARNING] This property is deprecated and will be removed in future release. Please use 'dofs_idx_local' instead.[0m
[38;5;226m[Genesis] [18:35:47] [WARNING] This property is deprecated and will be removed in future release. Please use 'dofs_idx_local' instead.[0m
[38;5;226m[Genesis] [18:35:47] [WARNING] This property is deprecated and will be removed in future release. Please use 'dofs_idx_local' instead.[0m
/home/jfriesen/.local/lib/python3.12/site-packages/torch/utils/_device.py:122: UserWarning: To copy construct from a tensor, it is recommended to use sourceTensor.detach().clone() or sourceTensor.detach().clone().requires_grad_(True), rather than torch.tensor(sourceTensor).
  return func(*args, **kwargs)
Actor MLP: Sequential(
  (0): Linear(in_features=51, out_features=512, bias=True)
  (1): ELU(alpha=1.0)
  (2): Linear(in_features=512, out_features=256, bias=True)
  (3): ELU(alpha=1.0)
  (4): Linear(in_features=256, out_features=128, bias=True)
  (5): ELU(alpha=1.0)
  (6): Linear(in_features=128, out_features=12, bias=True)
)
Critic MLP: Sequential(
  (0): Linear(in_features=75, out_features=512, bias=True)
  (1): ELU(alpha=1.0)
  (2): Linear(in_features=512, out_features=256, bias=True)
  (3): ELU(alpha=1.0)
  (4): Linear(in_features=256, out_features=128, bias=True)
  (5): ELU(alpha=1.0)
  (6): Linear(in_features=128, out_features=1, bias=True)
)
[38;5;159m[Genesis] [18:35:48] [INFO] Running at [38;5;121m3.74[0m[38;5;159m FPS ([38;5;121m3.74[0m[38;5;159m FPS per env, [38;5;121m1[0m[38;5;159m envs).[0m
[38;5;159m[Genesis] [18:35:48] [INFO] Running at [38;5;121m39.45[0m[38;5;159m FPS ([38;5;121m39.45[0m[38;5;159m FPS per env, [38;5;121m1[0m[38;5;159m envs).[0m
[38;5;159m[Genesis] [18:35:48] [INFO] Running at [38;5;121m118.16[0m[38;5;159m FPS ([38;5;121m118.16[0m[38;5;159m FPS per env, [38;5;121m1[0m[38;5;159m envs).[0m
[38;5;159m[Genesis] [18:35:48] [INFO] Running at [38;5;121m117.99[0m[38;5;159m FPS ([38;5;121m117.99[0m[38;5;159m FPS per env, [38;5;121m1[0m[38;5;159m envs).[0m
[38;5;159m[Genesis] [18:35:48] [INFO] Running at [38;5;121m136.72[0m[38;5;159m FPS ([38;5;121m136.72[0m[38;5;159m FPS per env, [38;5;121m1[0m[38;5;159m envs).[0m
[38;5;159m[Genesis] [18:35:48] [INFO] Running at [38;5;121m117.23[0m[38;5;159m FPS ([38;5;121m117.23[0m[38;5;159m FPS per env, [38;5;121m1[0m[38;5;159m envs).[0m
[38;5;159m[Genesis] [18:35:48] [INFO] Running at [38;5;121m135.99[0m[38;5;159m FPS ([38;5;121m135.99[0m[38;5;159m FPS per env, [38;5;121m1[0m[38;5;159m envs).[0m
[38;5;159m[Genesis] [18:35:48] [INFO] Running at [38;5;121m135.23[0m[38;5;159m FPS ([38;5;121m135.23[0m[38;5;159m FPS per env, [38;5;121m1[0m[38;5;159m envs).[0m
[38;5;159m[Genesis] [18:35:48] [INFO] Running at [38;5;121m134.54[0m[38;5;159m FPS ([38;5;121m134.54[0m[38;5;159m FPS per env, [38;5;121m1[0m[38;5;159m envs).[0m
[38;5;159m[Genesis] [18:35:48] [INFO] Running at [38;5;121m133.87[0m[38;5;159m FPS ([38;5;121m133.87[0m[38;5;159m FPS per env, [38;5;121m1[0m[38;5;159m envs).[0m
[38;5;159m[Genesis] [18:35:48] [INFO] Running at [38;5;121m133.29[0m[38;5;159m FPS ([38;5;121m133.29[0m[38;5;159m FPS per env, [38;5;121m1[0m[38;5;159m envs).[0m
[38;5;159m[Genesis] [18:35:49] [INFO] Running at [38;5;121m132.74[0m[38;5;159m FPS ([38;5;121m132.74[0m[38;5;159m FPS per env, [38;5;121m1[0m[38;5;159m envs).[0m
[38;5;159m[Genesis] [18:35:49] [INFO] Running at [38;5;121m132.25[0m[38;5;159m FPS ([38;5;121m132.25[0m[38;5;159m FPS per env, [38;5;121m1[0m[38;5;159m envs).[0m
[38;5;159m[Genesis] [18:35:49] [INFO] Running at [38;5;121m131.59[0m[38;5;159m FPS ([38;5;121m131.59[0m[38;5;159m FPS per env, [38;5;121m1[0m[38;5;159m envs).[0m
[38;5;159m[Genesis] [18:35:49] [INFO] Running at [38;5;121m131.09[0m[38;5;159m FPS ([38;5;121m131.09[0m[38;5;159m FPS per env, [38;5;121m1[0m[38;5;159m envs).[0m
[38;5;159m[Genesis] [18:35:49] [INFO] Running at [38;5;121m130.71[0m[38;5;159m FPS ([38;5;121m130.71[0m[38;5;159m FPS per env, [38;5;121m1[0m[38;5;159m envs).[0m
[38;5;159m[Genesis] [18:35:49] [INFO] Running at [38;5;121m130.37[0m[38;5;159m FPS ([38;5;121m130.37[0m[38;5;159m FPS per env, [38;5;121m1[0m[38;5;159m envs).[0m
[38;5;159m[Genesis] [18:35:49] [INFO] Running at [38;5;121m130.07[0m[38;5;159m FPS ([38;5;121m130.07[0m[38;5;159m FPS per env, [38;5;121m1[0m[38;5;159m envs).[0m
[38;5;159m[Genesis] [18:35:49] [INFO] Running at [38;5;121m129.82[0m[38;5;159m FPS ([38;5;121m129.82[0m[38;5;159m FPS per env, [38;5;121m1[0m[38;5;159m envs).[0m
[38;5;159m[Genesis] [18:35:49] [INFO] Running at [38;5;121m129.57[0m[38;5;159m FPS ([38;5;121m129.57[0m[38;5;159m FPS per env, [38;5;121m1[0m[38;5;159m envs).[0m
[38;5;159m[Genesis] [18:35:49] [INFO] Running at [38;5;121m129.33[0m[38;5;159m FPS ([38;5;121m129.33[0m[38;5;159m FPS per env, [38;5;121m1[0m[38;5;159m envs).[0m
[38;5;159m[Genesis] [18:35:49] [INFO] Running at [38;5;121m129.13[0m[38;5;159m FPS ([38;5;121m129.13[0m[38;5;159m FPS per env, [38;5;121m1[0m[38;5;159m envs).[0m
[38;5;159m[Genesis] [18:35:49] [INFO] Running at [38;5;121m128.87[0m[38;5;159m FPS ([38;5;121m128.87[0m[38;5;159m FPS per env, [38;5;121m1[0m[38;5;159m envs).[0m
[38;5;159m[Genesis] [18:35:49] [INFO] Running at [38;5;121m128.71[0m[38;5;159m FPS ([38;5;121m128.71[0m[38;5;159m FPS per env, [38;5;121m1[0m[38;5;159m envs).[0m
[38;5;159m[Genesis] [18:35:49] [INFO] Running at [38;5;121m128.54[0m[38;5;159m FPS ([38;5;121m128.54[0m[38;5;159m FPS per env, [38;5;121m1[0m[38;5;159m envs).[0m
[38;5;159m[Genesis] [18:35:49] [INFO] Running at [38;5;121m128.42[0m[38;5;159m FPS ([38;5;121m128.42[0m[38;5;159m FPS per env, [38;5;121m1[0m[38;5;159m envs).[0m
[38;5;159m[Genesis] [18:35:49] [INFO] Running at [38;5;121m128.07[0m[38;5;159m FPS ([38;5;121m128.07[0m[38;5;159m FPS per env, [38;5;121m1[0m[38;5;159m envs).[0m
[38;5;159m[Genesis] [18:35:49] [INFO] Running at [38;5;121m127.95[0m[38;5;159m FPS ([38;5;121m127.95[0m[38;5;159m FPS per env, [38;5;121m1[0m[38;5;159m envs).[0m
[38;5;159m[Genesis] [18:35:49] [INFO] Running at [38;5;121m127.83[0m[38;5;159m FPS ([38;5;121m127.83[0m[38;5;159m FPS per env, [38;5;121m1[0m[38;5;159m envs).[0m
[38;5;159m[Genesis] [18:35:50] [INFO] Running at [38;5;121m127.71[0m[38;5;159m FPS ([38;5;121m127.71[0m[38;5;159m FPS per env, [38;5;121m1[0m[38;5;159m envs).[0m
[38;5;159m[Genesis] [18:35:50] [INFO] Running at [38;5;121m127.61[0m[38;5;159m FPS ([38;5;121m127.61[0m[38;5;159m FPS per env, [38;5;121m1[0m[38;5;159m envs).[0m
[38;5;159m[Genesis] [18:35:50] [INFO] Running at [38;5;121m127.56[0m[38;5;159m FPS ([38;5;121m127.56[0m[38;5;159m FPS per env, [38;5;121m1[0m[38;5;159m envs).[0m
[38;5;159m[Genesis] [18:35:50] [INFO] Running at [38;5;121m127.49[0m[38;5;159m FPS ([38;5;121m127.49[0m[38;5;159m FPS per env, [38;5;121m1[0m[38;5;159m envs).[0m
[38;5;159m[Genesis] [18:35:50] [INFO] Running at [38;5;121m127.43[0m[38;5;159m FPS ([38;5;121m127.43[0m[38;5;159m FPS per env, [38;5;121m1[0m[38;5;159m envs).[0m
[38;5;159m[Genesis] [18:35:50] [INFO] Running at [38;5;121m127.41[0m[38;5;159m FPS ([38;5;121m127.41[0m[38;5;159m FPS per env, [38;5;121m1[0m[38;5;159m envs).[0m
[38;5;159m[Genesis] [18:35:50] [INFO] Running at [38;5;121m127.36[0m[38;5;159m FPS ([38;5;121m127.36[0m[38;5;159m FPS per env, [38;5;121m1[0m[38;5;159m envs).[0m
[38;5;159m[Genesis] [18:35:50] [INFO] Running at [38;5;121m127.27[0m[38;5;159m FPS ([38;5;121m127.27[0m[38;5;159m FPS per env, [38;5;121m1[0m[38;5;159m envs).[0m
[38;5;159m[Genesis] [18:35:50] [INFO] Running at [38;5;121m127.19[0m[38;5;159m FPS ([38;5;121m127.19[0m[38;5;159m FPS per env, [38;5;121m1[0m[38;5;159m envs).[0m
[38;5;159m[Genesis] [18:35:50] [INFO] Running at [38;5;121m126.96[0m[38;5;159m FPS ([38;5;121m126.96[0m[38;5;159m FPS per env, [38;5;121m1[0m[38;5;159m envs).[0m
[38;5;159m[Genesis] [18:35:50] [INFO] Running at [38;5;121m126.89[0m[38;5;159m FPS ([38;5;121m126.89[0m[38;5;159m FPS per env, [38;5;121m1[0m[38;5;159m envs).[0m
[38;5;159m[Genesis] [18:35:50] [INFO] Running at [38;5;121m126.88[0m[38;5;159m FPS ([38;5;121m126.88[0m[38;5;159m FPS per env, [38;5;121m1[0m[38;5;159m envs).[0m
[38;5;159m[Genesis] [18:35:50] [INFO] Running at [38;5;121m126.85[0m[38;5;159m FPS ([38;5;121m126.85[0m[38;5;159m FPS per env, [38;5;121m1[0m[38;5;159m envs).[0m
[38;5;159m[Genesis] [18:35:50] [INFO] Running at [38;5;121m126.80[0m[38;5;159m FPS ([38;5;121m126.80[0m[38;5;159m FPS per env, [38;5;121m1[0m[38;5;159m envs).[0m
[38;5;159m[Genesis] [18:35:50] [INFO] Running at [38;5;121m126.76[0m[38;5;159m FPS ([38;5;121m126.76[0m[38;5;159m FPS per env, [38;5;121m1[0m[38;5;159m envs).[0m
[38;5;159m[Genesis] [18:35:50] [INFO] Running at [38;5;121m126.71[0m[38;5;159m FPS ([38;5;121m126.71[0m[38;5;159m FPS per env, [38;5;121m1[0m[38;5;159m envs).[0m
[38;5;159m[Genesis] [18:35:50] [INFO] Running at [38;5;121m126.62[0m[38;5;159m FPS ([38;5;121m126.62[0m[38;5;159m FPS per env, [38;5;121m1[0m[38;5;159m envs).[0m
[38;5;159m[Genesis] [18:35:50] [INFO] Running at [38;5;121m126.55[0m[38;5;159m FPS ([38;5;121m126.55[0m[38;5;159m FPS per env, [38;5;121m1[0m[38;5;159m envs).[0m
[38;5;159m[Genesis] [18:35:51] [INFO] Running at [38;5;121m126.49[0m[38;5;159m FPS ([38;5;121m126.49[0m[38;5;159m FPS per env, [38;5;121m1[0m[38;5;159m envs).[0m
[38;5;159m[Genesis] [18:35:51] [INFO] Running at [38;5;121m126.46[0m[38;5;159m FPS ([38;5;121m126.46[0m[38;5;159m FPS per env, [38;5;121m1[0m[38;5;159m envs).[0m
[38;5;159m[Genesis] [18:35:51] [INFO] Running at [38;5;121m126.41[0m[38;5;159m FPS ([38;5;121m126.41[0m[38;5;159m FPS per env, [38;5;121m1[0m[38;5;159m envs).[0m
[38;5;159m[Genesis] [18:35:51] [INFO] Running at [38;5;121m126.17[0m[38;5;159m FPS ([38;5;121m126.17[0m[38;5;159m FPS per env, [38;5;121m1[0m[38;5;159m envs).[0m
[38;5;159m[Genesis] [18:35:51] [INFO] Running at [38;5;121m126.14[0m[38;5;159m FPS ([38;5;121m126.14[0m[38;5;159m FPS per env, [38;5;121m1[0m[38;5;159m envs).[0m
[38;5;159m[Genesis] [18:35:51] [INFO] Running at [38;5;121m126.15[0m[38;5;159m FPS ([38;5;121m126.15[0m[38;5;159m FPS per env, [38;5;121m1[0m[38;5;159m envs).[0m
[38;5;159m[Genesis] [18:35:51] [INFO] Running at [38;5;121m126.11[0m[38;5;159m FPS ([38;5;121m126.11[0m[38;5;159m FPS per env, [38;5;121m1[0m[38;5;159m envs).[0m
[38;5;159m[Genesis] [18:35:51] [INFO] Running at [38;5;121m126.12[0m[38;5;159m FPS ([38;5;121m126.12[0m[38;5;159m FPS per env, [38;5;121m1[0m[38;5;159m envs).[0m
[38;5;159m[Genesis] [18:35:51] [INFO] Running at [38;5;121m126.11[0m[38;5;159m FPS ([38;5;121m126.11[0m[38;5;159m FPS per env, [38;5;121m1[0m[38;5;159m envs).[0m
[38;5;159m[Genesis] [18:35:51] [INFO] Running at [38;5;121m126.10[0m[38;5;159m FPS ([38;5;121m126.10[0m[38;5;159m FPS per env, [38;5;121m1[0m[38;5;159m envs).[0m
[38;5;159m[Genesis] [18:35:51] [INFO] Running at [38;5;121m126.10[0m[38;5;159m FPS ([38;5;121m126.10[0m[38;5;159m FPS per env, [38;5;121m1[0m[38;5;159m envs).[0m
[38;5;159m[Genesis] [18:35:51] [INFO] Running at [38;5;121m126.16[0m[38;5;159m FPS ([38;5;121m126.16[0m[38;5;159m FPS per env, [38;5;121m1[0m[38;5;159m envs).[0m
[38;5;159m[Genesis] [18:35:51] [INFO] Running at [38;5;121m126.13[0m[38;5;159m FPS ([38;5;121m126.13[0m[38;5;159m FPS per env, [38;5;121m1[0m[38;5;159m envs).[0m
[38;5;159m[Genesis] [18:35:51] [INFO] Running at [38;5;121m126.09[0m[38;5;159m FPS ([38;5;121m126.09[0m[38;5;159m FPS per env, [38;5;121m1[0m[38;5;159m envs).[0m
[38;5;159m[Genesis] [18:35:51] [INFO] Running at [38;5;121m126.11[0m[38;5;159m FPS ([38;5;121m126.11[0m[38;5;159m FPS per env, [38;5;121m1[0m[38;5;159m envs).[0m
[38;5;159m[Genesis] [18:35:51] [INFO] Running at [38;5;121m125.90[0m[38;5;159m FPS ([38;5;121m125.90[0m[38;5;159m FPS per env, [38;5;121m1[0m[38;5;159m envs).[0m
[38;5;159m[Genesis] [18:35:51] [INFO] Running at [38;5;121m125.94[0m[38;5;159m FPS ([38;5;121m125.94[0m[38;5;159m FPS per env, [38;5;121m1[0m[38;5;159m envs).[0m
[38;5;159m[Genesis] [18:35:51] [INFO] Running at [38;5;121m125.98[0m[38;5;159m FPS ([38;5;121m125.98[0m[38;5;159m FPS per env, [38;5;121m1[0m[38;5;159m envs).[0m
[38;5;159m[Genesis] [18:35:52] [INFO] Running at [38;5;121m126.02[0m[38;5;159m FPS ([38;5;121m126.02[0m[38;5;159m FPS per env, [38;5;121m1[0m[38;5;159m envs).[0m
[38;5;159m[Genesis] [18:35:52] [INFO] Running at [38;5;121m126.05[0m[38;5;159m FPS ([38;5;121m126.05[0m[38;5;159m FPS per env, [38;5;121m1[0m[38;5;159m envs).[0m
[38;5;159m[Genesis] [18:35:52] [INFO] Running at [38;5;121m126.08[0m[38;5;159m FPS ([38;5;121m126.08[0m[38;5;159m FPS per env, [38;5;121m1[0m[38;5;159m envs).[0m
[38;5;159m[Genesis] [18:35:52] [INFO] Running at [38;5;121m126.10[0m[38;5;159m FPS ([38;5;121m126.10[0m[38;5;159m FPS per env, [38;5;121m1[0m[38;5;159m envs).[0m
[38;5;159m[Genesis] [18:35:52] [INFO] Running at [38;5;121m126.11[0m[38;5;159m FPS ([38;5;121m126.11[0m[38;5;159m FPS per env, [38;5;121m1[0m[38;5;159m envs).[0m
[38;5;159m[Genesis] [18:35:52] [INFO] Running at [38;5;121m126.15[0m[38;5;159m FPS ([38;5;121m126.15[0m[38;5;159m FPS per env, [38;5;121m1[0m[38;5;159m envs).[0m
[38;5;159m[Genesis] [18:35:52] [INFO] Running at [38;5;121m126.19[0m[38;5;159m FPS ([38;5;121m126.19[0m[38;5;159m FPS per env, [38;5;121m1[0m[38;5;159m envs).[0m
[38;5;159m[Genesis] [18:35:52] [INFO] Running at [38;5;121m126.21[0m[38;5;159m FPS ([38;5;121m126.21[0m[38;5;159m FPS per env, [38;5;121m1[0m[38;5;159m envs).[0m
[38;5;159m[Genesis] [18:35:52] [INFO] Running at [38;5;121m126.22[0m[38;5;159m FPS ([38;5;121m126.22[0m[38;5;159m FPS per env, [38;5;121m1[0m[38;5;159m envs).[0m
[38;5;159m[Genesis] [18:35:52] [INFO] Running at [38;5;121m126.03[0m[38;5;159m FPS ([38;5;121m126.03[0m[38;5;159m FPS per env, [38;5;121m1[0m[38;5;159m envs).[0m
[38;5;159m[Genesis] [18:35:52] [INFO] Running at [38;5;121m126.08[0m[38;5;159m FPS ([38;5;121m126.08[0m[38;5;159m FPS per env, [38;5;121m1[0m[38;5;159m envs).[0m
[38;5;159m[Genesis] [18:35:52] [INFO] Running at [38;5;121m126.13[0m[38;5;159m FPS ([38;5;121m126.13[0m[38;5;159m FPS per env, [38;5;121m1[0m[38;5;159m envs).[0m
[38;5;159m[Genesis] [18:35:52] [INFO] Running at [38;5;121m126.15[0m[38;5;159m FPS ([38;5;121m126.15[0m[38;5;159m FPS per env, [38;5;121m1[0m[38;5;159m envs).[0m
[38;5;159m[Genesis] [18:35:52] [INFO] Running at [38;5;121m126.19[0m[38;5;159m FPS ([38;5;121m126.19[0m[38;5;159m FPS per env, [38;5;121m1[0m[38;5;159m envs).[0m
[38;5;159m[Genesis] [18:35:52] [INFO] Running at [38;5;121m126.27[0m[38;5;159m FPS ([38;5;121m126.27[0m[38;5;159m FPS per env, [38;5;121m1[0m[38;5;159m envs).[0m
[38;5;159m[Genesis] [18:35:52] [INFO] Running at [38;5;121m126.28[0m[38;5;159m FPS ([38;5;121m126.28[0m[38;5;159m FPS per env, [38;5;121m1[0m[38;5;159m envs).[0m
[38;5;159m[Genesis] [18:35:52] [INFO] Running at [38;5;121m126.36[0m[38;5;159m FPS ([38;5;121m126.36[0m[38;5;159m FPS per env, [38;5;121m1[0m[38;5;159m envs).[0m
[38;5;159m[Genesis] [18:35:52] [INFO] Running at [38;5;121m126.38[0m[38;5;159m FPS ([38;5;121m126.38[0m[38;5;159m FPS per env, [38;5;121m1[0m[38;5;159m envs).[0m
[38;5;159m[Genesis] [18:35:53] [INFO] Running at [38;5;121m126.41[0m[38;5;159m FPS ([38;5;121m126.41[0m[38;5;159m FPS per env, [38;5;121m1[0m[38;5;159m envs).[0m
[38;5;159m[Genesis] [18:35:53] [INFO] Running at [38;5;121m126.44[0m[38;5;159m FPS ([38;5;121m126.44[0m[38;5;159m FPS per env, [38;5;121m1[0m[38;5;159m envs).[0m
[38;5;159m[Genesis] [18:35:53] [INFO] Running at [38;5;121m126.44[0m[38;5;159m FPS ([38;5;121m126.44[0m[38;5;159m FPS per env, [38;5;121m1[0m[38;5;159m envs).[0m
[38;5;159m[Genesis] [18:35:53] [INFO] Running at [38;5;121m126.29[0m[38;5;159m FPS ([38;5;121m126.29[0m[38;5;159m FPS per env, [38;5;121m1[0m[38;5;159m envs).[0m
[38;5;159m[Genesis] [18:35:53] [INFO] Running at [38;5;121m126.12[0m[38;5;159m FPS ([38;5;121m126.12[0m[38;5;159m FPS per env, [38;5;121m1[0m[38;5;159m envs).[0m
[38;5;159m[Genesis] [18:35:53] [INFO] Running at [38;5;121m126.17[0m[38;5;159m FPS ([38;5;121m126.17[0m[38;5;159m FPS per env, [38;5;121m1[0m[38;5;159m envs).[0m
[38;5;159m[Genesis] [18:35:53] [INFO] Running at [38;5;121m126.18[0m[38;5;159m FPS ([38;5;121m126.18[0m[38;5;159m FPS per env, [38;5;121m1[0m[38;5;159m envs).[0m
[38;5;159m[Genesis] [18:35:53] [INFO] Running at [38;5;121m126.23[0m[38;5;159m FPS ([38;5;121m126.23[0m[38;5;159m FPS per env, [38;5;121m1[0m[38;5;159m envs).[0m
[38;5;159m[Genesis] [18:35:53] [INFO] Running at [38;5;121m126.26[0m[38;5;159m FPS ([38;5;121m126.26[0m[38;5;159m FPS per env, [38;5;121m1[0m[38;5;159m envs).[0m
[38;5;159m[Genesis] [18:35:53] [INFO] Running at [38;5;121m126.32[0m[38;5;159m FPS ([38;5;121m126.32[0m[38;5;159m FPS per env, [38;5;121m1[0m[38;5;159m envs).[0m
[38;5;159m[Genesis] [18:35:53] [INFO] Running at [38;5;121m126.36[0m[38;5;159m FPS ([38;5;121m126.36[0m[38;5;159m FPS per env, [38;5;121m1[0m[38;5;159m envs).[0m
[38;5;159m[Genesis] [18:35:53] [INFO] Running at [38;5;121m126.36[0m[38;5;159m FPS ([38;5;121m126.36[0m[38;5;159m FPS per env, [38;5;121m1[0m[38;5;159m envs).[0m
[38;5;159m[Genesis] [18:35:53] [INFO] Running at [38;5;121m126.38[0m[38;5;159m FPS ([38;5;121m126.38[0m[38;5;159m FPS per env, [38;5;121m1[0m[38;5;159m envs).[0m
[38;5;159m[Genesis] [18:35:53] [INFO] Running at [38;5;121m126.42[0m[38;5;159m FPS ([38;5;121m126.42[0m[38;5;159m FPS per env, [38;5;121m1[0m[38;5;159m envs).[0m
[38;5;159m[Genesis] [18:35:53] [INFO] Running at [38;5;121m126.43[0m[38;5;159m FPS ([38;5;121m126.43[0m[38;5;159m FPS per env, [38;5;121m1[0m[38;5;159m envs).[0m
[38;5;159m[Genesis] [18:35:53] [INFO] Running at [38;5;121m126.46[0m[38;5;159m FPS ([38;5;121m126.46[0m[38;5;159m FPS per env, [38;5;121m1[0m[38;5;159m envs).[0m
[38;5;159m[Genesis] [18:35:53] [INFO] Running at [38;5;121m126.27[0m[38;5;159m FPS ([38;5;121m126.27[0m[38;5;159m FPS per env, [38;5;121m1[0m[38;5;159m envs).[0m
[38;5;159m[Genesis] [18:35:53] [INFO] Running at [38;5;121m126.30[0m[38;5;159m FPS ([38;5;121m126.30[0m[38;5;159m FPS per env, [38;5;121m1[0m[38;5;159m envs).[0m
[38;5;159m[Genesis] [18:35:54] [INFO] Running at [38;5;121m126.31[0m[38;5;159m FPS ([38;5;121m126.31[0m[38;5;159m FPS per env, [38;5;121m1[0m[38;5;159m envs).[0m
[38;5;159m[Genesis] [18:35:54] [INFO] Running at [38;5;121m126.34[0m[38;5;159m FPS ([38;5;121m126.34[0m[38;5;159m FPS per env, [38;5;121m1[0m[38;5;159m envs).[0m
[38;5;159m[Genesis] [18:35:54] [INFO] Running at [38;5;121m126.35[0m[38;5;159m FPS ([38;5;121m126.35[0m[38;5;159m FPS per env, [38;5;121m1[0m[38;5;159m envs).[0m
[38;5;159m[Genesis] [18:35:54] [INFO] Running at [38;5;121m126.40[0m[38;5;159m FPS ([38;5;121m126.40[0m[38;5;159m FPS per env, [38;5;121m1[0m[38;5;159m envs).[0m
[38;5;159m[Genesis] [18:35:54] [INFO] Running at [38;5;121m126.39[0m[38;5;159m FPS ([38;5;121m126.39[0m[38;5;159m FPS per env, [38;5;121m1[0m[38;5;159m envs).[0m
[38;5;159m[Genesis] [18:35:54] [INFO] Running at [38;5;121m126.41[0m[38;5;159m FPS ([38;5;121m126.41[0m[38;5;159m FPS per env, [38;5;121m1[0m[38;5;159m envs).[0m
[38;5;159m[Genesis] [18:35:54] [INFO] Running at [38;5;121m126.41[0m[38;5;159m FPS ([38;5;121m126.41[0m[38;5;159m FPS per env, [38;5;121m1[0m[38;5;159m envs).[0m
[38;5;159m[Genesis] [18:35:54] [INFO] Running at [38;5;121m126.48[0m[38;5;159m FPS ([38;5;121m126.48[0m[38;5;159m FPS per env, [38;5;121m1[0m[38;5;159m envs).[0m
[38;5;159m[Genesis] [18:35:54] [INFO] Running at [38;5;121m126.52[0m[38;5;159m FPS ([38;5;121m126.52[0m[38;5;159m FPS per env, [38;5;121m1[0m[38;5;159m envs).[0m
[38;5;159m[Genesis] [18:35:54] [INFO] Running at [38;5;121m126.58[0m[38;5;159m FPS ([38;5;121m126.58[0m[38;5;159m FPS per env, [38;5;121m1[0m[38;5;159m envs).[0m
[38;5;159m[Genesis] [18:35:54] [INFO] Running at [38;5;121m126.43[0m[38;5;159m FPS ([38;5;121m126.43[0m[38;5;159m FPS per env, [38;5;121m1[0m[38;5;159m envs).[0m
[38;5;159m[Genesis] [18:35:54] [INFO] Running at [38;5;121m126.48[0m[38;5;159m FPS ([38;5;121m126.48[0m[38;5;159m FPS per env, [38;5;121m1[0m[38;5;159m envs).[0m
[38;5;159m[Genesis] [18:35:54] [INFO] Running at [38;5;121m126.53[0m[38;5;159m FPS ([38;5;121m126.53[0m[38;5;159m FPS per env, [38;5;121m1[0m[38;5;159m envs).[0m
[38;5;159m[Genesis] [18:35:54] [INFO] Running at [38;5;121m126.56[0m[38;5;159m FPS ([38;5;121m126.56[0m[38;5;159m FPS per env, [38;5;121m1[0m[38;5;159m envs).[0m
[38;5;159m[Genesis] [18:35:54] [INFO] Running at [38;5;121m126.60[0m[38;5;159m FPS ([38;5;121m126.60[0m[38;5;159m FPS per env, [38;5;121m1[0m[38;5;159m envs).[0m
[38;5;159m[Genesis] [18:35:54] [INFO] Running at [38;5;121m126.64[0m[38;5;159m FPS ([38;5;121m126.64[0m[38;5;159m FPS per env, [38;5;121m1[0m[38;5;159m envs).[0m
[38;5;159m[Genesis] [18:35:54] [INFO] Running at [38;5;121m126.63[0m[38;5;159m FPS ([38;5;121m126.63[0m[38;5;159m FPS per env, [38;5;121m1[0m[38;5;159m envs).[0m
[38;5;159m[Genesis] [18:35:54] [INFO] Running at [38;5;121m126.66[0m[38;5;159m FPS ([38;5;121m126.66[0m[38;5;159m FPS per env, [38;5;121m1[0m[38;5;159m envs).[0m
[38;5;159m[Genesis] [18:35:55] [INFO] Running at [38;5;121m126.65[0m[38;5;159m FPS ([38;5;121m126.65[0m[38;5;159m FPS per env, [38;5;121m1[0m[38;5;159m envs).[0m
[38;5;159m[Genesis] [18:35:55] [INFO] Running at [38;5;121m126.68[0m[38;5;159m FPS ([38;5;121m126.68[0m[38;5;159m FPS per env, [38;5;121m1[0m[38;5;159m envs).[0m
[38;5;159m[Genesis] [18:35:55] [INFO] Running at [38;5;121m126.70[0m[38;5;159m FPS ([38;5;121m126.70[0m[38;5;159m FPS per env, [38;5;121m1[0m[38;5;159m envs).[0m
[38;5;159m[Genesis] [18:35:55] [INFO] Running at [38;5;121m126.70[0m[38;5;159m FPS ([38;5;121m126.70[0m[38;5;159m FPS per env, [38;5;121m1[0m[38;5;159m envs).[0m
[38;5;159m[Genesis] [18:35:55] [INFO] Running at [38;5;121m126.55[0m[38;5;159m FPS ([38;5;121m126.55[0m[38;5;159m FPS per env, [38;5;121m1[0m[38;5;159m envs).[0m
[38;5;159m[Genesis] [18:35:55] [INFO] Running at [38;5;121m126.59[0m[38;5;159m FPS ([38;5;121m126.59[0m[38;5;159m FPS per env, [38;5;121m1[0m[38;5;159m envs).[0m
[38;5;159m[Genesis] [18:35:55] [INFO] Running at [38;5;121m126.65[0m[38;5;159m FPS ([38;5;121m126.65[0m[38;5;159m FPS per env, [38;5;121m1[0m[38;5;159m envs).[0m
[38;5;159m[Genesis] [18:35:55] [INFO] Running at [38;5;121m126.65[0m[38;5;159m FPS ([38;5;121m126.65[0m[38;5;159m FPS per env, [38;5;121m1[0m[38;5;159m envs).[0m
[38;5;159m[Genesis] [18:35:55] [INFO] Running at [38;5;121m126.73[0m[38;5;159m FPS ([38;5;121m126.73[0m[38;5;159m FPS per env, [38;5;121m1[0m[38;5;159m envs).[0m
[38;5;159m[Genesis] [18:35:55] [INFO] Running at [38;5;121m126.75[0m[38;5;159m FPS ([38;5;121m126.75[0m[38;5;159m FPS per env, [38;5;121m1[0m[38;5;159m envs).[0m
[38;5;159m[Genesis] [18:35:55] [INFO] Running at [38;5;121m126.82[0m[38;5;159m FPS ([38;5;121m126.82[0m[38;5;159m FPS per env, [38;5;121m1[0m[38;5;159m envs).[0m
[38;5;159m[Genesis] [18:35:55] [INFO] Running at [38;5;121m126.79[0m[38;5;159m FPS ([38;5;121m126.79[0m[38;5;159m FPS per env, [38;5;121m1[0m[38;5;159m envs).[0m
[38;5;159m[Genesis] [18:35:55] [INFO] Running at [38;5;121m126.86[0m[38;5;159m FPS ([38;5;121m126.86[0m[38;5;159m FPS per env, [38;5;121m1[0m[38;5;159m envs).[0m
[38;5;159m[Genesis] [18:35:55] [INFO] Running at [38;5;121m126.88[0m[38;5;159m FPS ([38;5;121m126.88[0m[38;5;159m FPS per env, [38;5;121m1[0m[38;5;159m envs).[0m
[38;5;159m[Genesis] [18:35:55] [INFO] Running at [38;5;121m126.89[0m[38;5;159m FPS ([38;5;121m126.89[0m[38;5;159m FPS per env, [38;5;121m1[0m[38;5;159m envs).[0m
[38;5;159m[Genesis] [18:35:55] [INFO] Running at [38;5;121m126.90[0m[38;5;159m FPS ([38;5;121m126.90[0m[38;5;159m FPS per env, [38;5;121m1[0m[38;5;159m envs).[0m
[38;5;159m[Genesis] [18:35:55] [INFO] Running at [38;5;121m126.70[0m[38;5;159m FPS ([38;5;121m126.70[0m[38;5;159m FPS per env, [38;5;121m1[0m[38;5;159m envs).[0m
[38;5;159m[Genesis] [18:35:55] [INFO] Running at [38;5;121m126.71[0m[38;5;159m FPS ([38;5;121m126.71[0m[38;5;159m FPS per env, [38;5;121m1[0m[38;5;159m envs).[0m
[38;5;159m[Genesis] [18:35:56] [INFO] Running at [38;5;121m126.70[0m[38;5;159m FPS ([38;5;121m126.70[0m[38;5;159m FPS per env, [38;5;121m1[0m[38;5;159m envs).[0m
[38;5;159m[Genesis] [18:35:56] [INFO] Running at [38;5;121m126.73[0m[38;5;159m FPS ([38;5;121m126.73[0m[38;5;159m FPS per env, [38;5;121m1[0m[38;5;159m envs).[0m
[38;5;159m[Genesis] [18:35:56] [INFO] Running at [38;5;121m126.77[0m[38;5;159m FPS ([38;5;121m126.77[0m[38;5;159m FPS per env, [38;5;121m1[0m[38;5;159m envs).[0m
[38;5;159m[Genesis] [18:35:56] [INFO] Running at [38;5;121m126.78[0m[38;5;159m FPS ([38;5;121m126.78[0m[38;5;159m FPS per env, [38;5;121m1[0m[38;5;159m envs).[0m
[38;5;159m[Genesis] [18:35:56] [INFO] Running at [38;5;121m126.81[0m[38;5;159m FPS ([38;5;121m126.81[0m[38;5;159m FPS per env, [38;5;121m1[0m[38;5;159m envs).[0m
[38;5;159m[Genesis] [18:35:56] [INFO] Running at [38;5;121m126.86[0m[38;5;159m FPS ([38;5;121m126.86[0m[38;5;159m FPS per env, [38;5;121m1[0m[38;5;159m envs).[0m
[38;5;159m[Genesis] [18:35:56] [INFO] Running at [38;5;121m126.85[0m[38;5;159m FPS ([38;5;121m126.85[0m[38;5;159m FPS per env, [38;5;121m1[0m[38;5;159m envs).[0m
fps 50
[38;5;159m[Genesis] [18:35:56] [INFO] Saving video to [38;5;121m"test_3000_behind.mp4"[0m[38;5;159m...[0m
[38;5;159m[Genesis] [18:35:57] [INFO] Video saved.[0m
[38;5;159m[Genesis] [18:35:57] [INFO] Saving video to [38;5;121m"test_3000_side.mp4"[0m[38;5;159m...[0m
[38;5;159m[Genesis] [18:35:58] [INFO] Video saved.[0m
Saved recordings for checkpoint 3000.
Finaler Gierraten-Fehler: 11.25 deg/s
[38;5;159m[Genesis] [18:35:58] [INFO] 💤 Exiting Genesis and caching compiled kernels...[0m
