[38;5;159m[Genesis] [08:55:59] [INFO] [38;5;121m╭───────────────────────────────────────────────╮[0m[38;5;159m[0m
[38;5;159m[Genesis] [08:55:59] [INFO] [38;5;121m│┈┉┈┉┈┉┈┉┈┉┈┉┈┉┈┉┈┉┈[0m[38;5;159m [38;5;121m[1m[3mGenesis[0m[38;5;159m [38;5;121m┈┉┈┉┈┉┈┉┈┉┈┉┈┉┈┉┈┉┈│[0m[38;5;159m[0m
[38;5;159m[Genesis] [08:55:59] [INFO] [38;5;121m╰───────────────────────────────────────────────╯[0m[38;5;159m[0m
[38;5;159m[Genesis] [08:55:59] [INFO] Running on [38;5;121m[4m[NVIDIA GeForce RTX 5090][0m[38;5;159m with backend [38;5;121m[4mgs.cuda[0m[38;5;159m. Device memory: [38;5;121m[4m31.36[0m[38;5;159m GB.[0m
[38;5;159m[Genesis] [08:55:59] [INFO] 🚀 Genesis initialized. 🔖 version: [38;5;121m[4m0.4.7[0m[38;5;159m, 🎨 theme: [38;5;121m[4mdark[0m[38;5;159m, 🌱 seed: [38;5;121m[4mNone[0m[38;5;159m, 🐛 debug: [38;5;121m[4mFalse[0m[38;5;159m, 📏 precision: [38;5;121m[4m32[0m[38;5;159m, 🔥 performance: [38;5;121m[4mFalse[0m[38;5;159m, 💬 verbose: [38;5;121m[4mINFO[0m[38;5;159m[0m
[38;5;226m[Genesis] [08:56:01] [WARNING] Viewer option 'n_rendered_envs' is deprecated and will be removed in a future release. Please use 'rendered_envs_idx' instead.[0m
[38;5;159m[Genesis] [08:56:02] [INFO] Scene [38;5;121m[3m<ff53046>[0m[38;5;159m created.[0m
[38;5;159m[Genesis] [08:56:02] [INFO] Adding [38;5;121m<gs.engine.entities.RigidEntity>[0m[38;5;159m. idx: [38;5;121m0[0m[38;5;159m, uid: [38;5;121m[3m<5a3e97f>[0m[38;5;159m, morph: [38;5;121m<gs.morphs.Plane>[0m[38;5;159m, material: [38;5;121m<gs.materials.Rigid>[0m[38;5;159m.[0m
[38;5;159m[Genesis] [08:56:02] [INFO] Adding [38;5;121m<gs.engine.entities.RigidEntity>[0m[38;5;159m. idx: [38;5;121m1[0m[38;5;159m, uid: [38;5;121m[3m<eda6f64>[0m[38;5;159m, morph: [38;5;121m<gs.morphs.URDF(file='/home/jfriesen/.local/lib/python3.12/site-packages/genesis/assets/urdf/go2/urdf/go2.urdf')>[0m[38;5;159m, material: [38;5;121m<gs.materials.Rigid>[0m[38;5;159m.[0m
[38;5;159m[Genesis] [08:56:05] [INFO] Building scene [38;5;121m[3m<ff53046>[0m[38;5;159m...[0m
[38;5;226m[Genesis] [08:56:05] [WARNING] Neutral robot position (qpos0) exceeds joint limits.[0m
[38;5;159m[Genesis] [08:56:06] [INFO] Compiling simulation kernels...[0m
[38;5;159m[Genesis] [08:56:07] [INFO] Building visualizer...[0m
[38;5;226m[Genesis] [08:56:08] [WARNING] This property is deprecated and will be removed in future release. Please use 'dofs_idx_local' instead.[0m
[38;5;226m[Genesis] [08:56:08] [WARNING] This property is deprecated and will be removed in future release. Please use 'dofs_idx_local' instead.[0m
[38;5;226m[Genesis] [08:56:08] [WARNING] This property is deprecated and will be removed in future release. Please use 'dofs_idx_local' instead.[0m
[38;5;226m[Genesis] [08:56:08] [WARNING] This property is deprecated and will be removed in future release. Please use 'dofs_idx_local' instead.[0m
[38;5;226m[Genesis] [08:56:08] [WARNING] This property is deprecated and will be removed in future release. Please use 'dofs_idx_local' instead.[0m
[38;5;226m[Genesis] [08:56:08] [WARNING] This property is deprecated and will be removed in future release. Please use 'dofs_idx_local' instead.[0m
[38;5;226m[Genesis] [08:56:08] [WARNING] This property is deprecated and will be removed in future release. Please use 'dofs_idx_local' instead.[0m
[38;5;226m[Genesis] [08:56:08] [WARNING] This property is deprecated and will be removed in future release. Please use 'dofs_idx_local' instead.[0m
[38;5;226m[Genesis] [08:56:08] [WARNING] This property is deprecated and will be removed in future release. Please use 'dofs_idx_local' instead.[0m
[38;5;226m[Genesis] [08:56:08] [WARNING] This property is deprecated and will be removed in future release. Please use 'dofs_idx_local' instead.[0m
[38;5;226m[Genesis] [08:56:08] [WARNING] This property is deprecated and will be removed in future release. Please use 'dofs_idx_local' instead.[0m
[38;5;226m[Genesis] [08:56:08] [WARNING] This property is deprecated and will be removed in future release. Please use 'dofs_idx_local' instead.[0m
/home/jfriesen/.local/lib/python3.12/site-packages/torch/utils/_device.py:122: UserWarning: To copy construct from a tensor, it is recommended to use sourceTensor.detach().clone() or sourceTensor.detach().clone().requires_grad_(True), rather than torch.tensor(sourceTensor).
  return func(*args, **kwargs)
Actor MLP: Sequential(
  (0): Linear(in_features=51, out_features=512, bias=True)
  (1): ELU(alpha=1.0)
  (2): Linear(in_features=512, out_features=256, bias=True)
  (3): ELU(alpha=1.0)
  (4): Linear(in_features=256, out_features=128, bias=True)
  (5): ELU(alpha=1.0)
  (6): Linear(in_features=128, out_features=12, bias=True)
)
Critic MLP: Sequential(
  (0): Linear(in_features=75, out_features=512, bias=True)
  (1): ELU(alpha=1.0)
  (2): Linear(in_features=512, out_features=256, bias=True)
  (3): ELU(alpha=1.0)
  (4): Linear(in_features=256, out_features=128, bias=True)
  (5): ELU(alpha=1.0)
  (6): Linear(in_features=128, out_features=1, bias=True)
)
[38;5;159m[Genesis] [08:56:10] [INFO] Running at [38;5;121m1.64[0m[38;5;159m FPS ([38;5;121m1.64[0m[38;5;159m FPS per env, [38;5;121m1[0m[38;5;159m envs).[0m
[38;5;159m[Genesis] [08:56:10] [INFO] Running at [38;5;121m12.35[0m[38;5;159m FPS ([38;5;121m12.35[0m[38;5;159m FPS per env, [38;5;121m1[0m[38;5;159m envs).[0m
[38;5;159m[Genesis] [08:56:10] [INFO] Running at [38;5;121m78.66[0m[38;5;159m FPS ([38;5;121m78.66[0m[38;5;159m FPS per env, [38;5;121m1[0m[38;5;159m envs).[0m
[38;5;159m[Genesis] [08:56:10] [INFO] Running at [38;5;121m78.41[0m[38;5;159m FPS ([38;5;121m78.41[0m[38;5;159m FPS per env, [38;5;121m1[0m[38;5;159m envs).[0m
[38;5;159m[Genesis] [08:56:10] [INFO] Running at [38;5;121m78.43[0m[38;5;159m FPS ([38;5;121m78.43[0m[38;5;159m FPS per env, [38;5;121m1[0m[38;5;159m envs).[0m
[38;5;159m[Genesis] [08:56:10] [INFO] Running at [38;5;121m78.46[0m[38;5;159m FPS ([38;5;121m78.46[0m[38;5;159m FPS per env, [38;5;121m1[0m[38;5;159m envs).[0m
[38;5;159m[Genesis] [08:56:10] [INFO] Running at [38;5;121m78.48[0m[38;5;159m FPS ([38;5;121m78.48[0m[38;5;159m FPS per env, [38;5;121m1[0m[38;5;159m envs).[0m
[38;5;159m[Genesis] [08:56:10] [INFO] Running at [38;5;121m78.49[0m[38;5;159m FPS ([38;5;121m78.49[0m[38;5;159m FPS per env, [38;5;121m1[0m[38;5;159m envs).[0m
[38;5;159m[Genesis] [08:56:10] [INFO] Running at [38;5;121m78.51[0m[38;5;159m FPS ([38;5;121m78.51[0m[38;5;159m FPS per env, [38;5;121m1[0m[38;5;159m envs).[0m
[38;5;159m[Genesis] [08:56:11] [INFO] Running at [38;5;121m78.51[0m[38;5;159m FPS ([38;5;121m78.51[0m[38;5;159m FPS per env, [38;5;121m1[0m[38;5;159m envs).[0m
[38;5;159m[Genesis] [08:56:11] [INFO] Running at [38;5;121m78.52[0m[38;5;159m FPS ([38;5;121m78.52[0m[38;5;159m FPS per env, [38;5;121m1[0m[38;5;159m envs).[0m
[38;5;159m[Genesis] [08:56:11] [INFO] Running at [38;5;121m78.55[0m[38;5;159m FPS ([38;5;121m78.55[0m[38;5;159m FPS per env, [38;5;121m1[0m[38;5;159m envs).[0m
[38;5;159m[Genesis] [08:56:11] [INFO] Running at [38;5;121m78.59[0m[38;5;159m FPS ([38;5;121m78.59[0m[38;5;159m FPS per env, [38;5;121m1[0m[38;5;159m envs).[0m
[38;5;159m[Genesis] [08:56:11] [INFO] Running at [38;5;121m78.58[0m[38;5;159m FPS ([38;5;121m78.58[0m[38;5;159m FPS per env, [38;5;121m1[0m[38;5;159m envs).[0m
[38;5;159m[Genesis] [08:56:11] [INFO] Running at [38;5;121m78.63[0m[38;5;159m FPS ([38;5;121m78.63[0m[38;5;159m FPS per env, [38;5;121m1[0m[38;5;159m envs).[0m
[38;5;159m[Genesis] [08:56:11] [INFO] Running at [38;5;121m78.66[0m[38;5;159m FPS ([38;5;121m78.66[0m[38;5;159m FPS per env, [38;5;121m1[0m[38;5;159m envs).[0m
[38;5;159m[Genesis] [08:56:11] [INFO] Running at [38;5;121m78.66[0m[38;5;159m FPS ([38;5;121m78.66[0m[38;5;159m FPS per env, [38;5;121m1[0m[38;5;159m envs).[0m
[38;5;159m[Genesis] [08:56:11] [INFO] Running at [38;5;121m78.69[0m[38;5;159m FPS ([38;5;121m78.69[0m[38;5;159m FPS per env, [38;5;121m1[0m[38;5;159m envs).[0m
[38;5;159m[Genesis] [08:56:11] [INFO] Running at [38;5;121m78.70[0m[38;5;159m FPS ([38;5;121m78.70[0m[38;5;159m FPS per env, [38;5;121m1[0m[38;5;159m envs).[0m
[38;5;159m[Genesis] [08:56:11] [INFO] Running at [38;5;121m78.70[0m[38;5;159m FPS ([38;5;121m78.70[0m[38;5;159m FPS per env, [38;5;121m1[0m[38;5;159m envs).[0m
[38;5;159m[Genesis] [08:56:11] [INFO] Running at [38;5;121m78.72[0m[38;5;159m FPS ([38;5;121m78.72[0m[38;5;159m FPS per env, [38;5;121m1[0m[38;5;159m envs).[0m
[38;5;159m[Genesis] [08:56:11] [INFO] Running at [38;5;121m78.74[0m[38;5;159m FPS ([38;5;121m78.74[0m[38;5;159m FPS per env, [38;5;121m1[0m[38;5;159m envs).[0m
[38;5;159m[Genesis] [08:56:11] [INFO] Running at [38;5;121m78.55[0m[38;5;159m FPS ([38;5;121m78.55[0m[38;5;159m FPS per env, [38;5;121m1[0m[38;5;159m envs).[0m
[38;5;159m[Genesis] [08:56:11] [INFO] Running at [38;5;121m78.57[0m[38;5;159m FPS ([38;5;121m78.57[0m[38;5;159m FPS per env, [38;5;121m1[0m[38;5;159m envs).[0m
[38;5;159m[Genesis] [08:56:11] [INFO] Running at [38;5;121m78.60[0m[38;5;159m FPS ([38;5;121m78.60[0m[38;5;159m FPS per env, [38;5;121m1[0m[38;5;159m envs).[0m
[38;5;159m[Genesis] [08:56:11] [INFO] Running at [38;5;121m78.59[0m[38;5;159m FPS ([38;5;121m78.59[0m[38;5;159m FPS per env, [38;5;121m1[0m[38;5;159m envs).[0m
[38;5;159m[Genesis] [08:56:11] [INFO] Running at [38;5;121m78.60[0m[38;5;159m FPS ([38;5;121m78.60[0m[38;5;159m FPS per env, [38;5;121m1[0m[38;5;159m envs).[0m
[38;5;159m[Genesis] [08:56:11] [INFO] Running at [38;5;121m78.62[0m[38;5;159m FPS ([38;5;121m78.62[0m[38;5;159m FPS per env, [38;5;121m1[0m[38;5;159m envs).[0m
[38;5;159m[Genesis] [08:56:11] [INFO] Running at [38;5;121m78.61[0m[38;5;159m FPS ([38;5;121m78.61[0m[38;5;159m FPS per env, [38;5;121m1[0m[38;5;159m envs).[0m
[38;5;159m[Genesis] [08:56:12] [INFO] Running at [38;5;121m78.63[0m[38;5;159m FPS ([38;5;121m78.63[0m[38;5;159m FPS per env, [38;5;121m1[0m[38;5;159m envs).[0m
[38;5;159m[Genesis] [08:56:12] [INFO] Running at [38;5;121m78.65[0m[38;5;159m FPS ([38;5;121m78.65[0m[38;5;159m FPS per env, [38;5;121m1[0m[38;5;159m envs).[0m
[38;5;159m[Genesis] [08:56:12] [INFO] Running at [38;5;121m78.66[0m[38;5;159m FPS ([38;5;121m78.66[0m[38;5;159m FPS per env, [38;5;121m1[0m[38;5;159m envs).[0m
[38;5;159m[Genesis] [08:56:12] [INFO] Running at [38;5;121m78.69[0m[38;5;159m FPS ([38;5;121m78.69[0m[38;5;159m FPS per env, [38;5;121m1[0m[38;5;159m envs).[0m
[38;5;159m[Genesis] [08:56:12] [INFO] Running at [38;5;121m78.71[0m[38;5;159m FPS ([38;5;121m78.71[0m[38;5;159m FPS per env, [38;5;121m1[0m[38;5;159m envs).[0m
[38;5;159m[Genesis] [08:56:12] [INFO] Running at [38;5;121m78.71[0m[38;5;159m FPS ([38;5;121m78.71[0m[38;5;159m FPS per env, [38;5;121m1[0m[38;5;159m envs).[0m
[38;5;159m[Genesis] [08:56:12] [INFO] Running at [38;5;121m78.74[0m[38;5;159m FPS ([38;5;121m78.74[0m[38;5;159m FPS per env, [38;5;121m1[0m[38;5;159m envs).[0m
[38;5;159m[Genesis] [08:56:12] [INFO] Running at [38;5;121m78.73[0m[38;5;159m FPS ([38;5;121m78.73[0m[38;5;159m FPS per env, [38;5;121m1[0m[38;5;159m envs).[0m
[38;5;159m[Genesis] [08:56:12] [INFO] Running at [38;5;121m78.74[0m[38;5;159m FPS ([38;5;121m78.74[0m[38;5;159m FPS per env, [38;5;121m1[0m[38;5;159m envs).[0m
[38;5;159m[Genesis] [08:56:12] [INFO] Running at [38;5;121m78.76[0m[38;5;159m FPS ([38;5;121m78.76[0m[38;5;159m FPS per env, [38;5;121m1[0m[38;5;159m envs).[0m
[38;5;159m[Genesis] [08:56:12] [INFO] Running at [38;5;121m78.78[0m[38;5;159m FPS ([38;5;121m78.78[0m[38;5;159m FPS per env, [38;5;121m1[0m[38;5;159m envs).[0m
[38;5;159m[Genesis] [08:56:12] [INFO] Running at [38;5;121m78.79[0m[38;5;159m FPS ([38;5;121m78.79[0m[38;5;159m FPS per env, [38;5;121m1[0m[38;5;159m envs).[0m
[38;5;159m[Genesis] [08:56:12] [INFO] Running at [38;5;121m78.77[0m[38;5;159m FPS ([38;5;121m78.77[0m[38;5;159m FPS per env, [38;5;121m1[0m[38;5;159m envs).[0m
[38;5;159m[Genesis] [08:56:12] [INFO] Running at [38;5;121m78.74[0m[38;5;159m FPS ([38;5;121m78.74[0m[38;5;159m FPS per env, [38;5;121m1[0m[38;5;159m envs).[0m
[38;5;159m[Genesis] [08:56:12] [INFO] Running at [38;5;121m78.59[0m[38;5;159m FPS ([38;5;121m78.59[0m[38;5;159m FPS per env, [38;5;121m1[0m[38;5;159m envs).[0m
[38;5;159m[Genesis] [08:56:12] [INFO] Running at [38;5;121m78.61[0m[38;5;159m FPS ([38;5;121m78.61[0m[38;5;159m FPS per env, [38;5;121m1[0m[38;5;159m envs).[0m
[38;5;159m[Genesis] [08:56:12] [INFO] Running at [38;5;121m78.65[0m[38;5;159m FPS ([38;5;121m78.65[0m[38;5;159m FPS per env, [38;5;121m1[0m[38;5;159m envs).[0m
[38;5;159m[Genesis] [08:56:12] [INFO] Running at [38;5;121m78.66[0m[38;5;159m FPS ([38;5;121m78.66[0m[38;5;159m FPS per env, [38;5;121m1[0m[38;5;159m envs).[0m
[38;5;159m[Genesis] [08:56:12] [INFO] Running at [38;5;121m78.69[0m[38;5;159m FPS ([38;5;121m78.69[0m[38;5;159m FPS per env, [38;5;121m1[0m[38;5;159m envs).[0m
[38;5;159m[Genesis] [08:56:13] [INFO] Running at [38;5;121m78.70[0m[38;5;159m FPS ([38;5;121m78.70[0m[38;5;159m FPS per env, [38;5;121m1[0m[38;5;159m envs).[0m
[38;5;159m[Genesis] [08:56:13] [INFO] Running at [38;5;121m78.73[0m[38;5;159m FPS ([38;5;121m78.73[0m[38;5;159m FPS per env, [38;5;121m1[0m[38;5;159m envs).[0m
[38;5;159m[Genesis] [08:56:13] [INFO] Running at [38;5;121m78.74[0m[38;5;159m FPS ([38;5;121m78.74[0m[38;5;159m FPS per env, [38;5;121m1[0m[38;5;159m envs).[0m
[38;5;159m[Genesis] [08:56:13] [INFO] Running at [38;5;121m78.74[0m[38;5;159m FPS ([38;5;121m78.74[0m[38;5;159m FPS per env, [38;5;121m1[0m[38;5;159m envs).[0m
[38;5;159m[Genesis] [08:56:13] [INFO] Running at [38;5;121m78.72[0m[38;5;159m FPS ([38;5;121m78.72[0m[38;5;159m FPS per env, [38;5;121m1[0m[38;5;159m envs).[0m
[38;5;159m[Genesis] [08:56:13] [INFO] Running at [38;5;121m78.71[0m[38;5;159m FPS ([38;5;121m78.71[0m[38;5;159m FPS per env, [38;5;121m1[0m[38;5;159m envs).[0m
[38;5;159m[Genesis] [08:56:13] [INFO] Running at [38;5;121m78.69[0m[38;5;159m FPS ([38;5;121m78.69[0m[38;5;159m FPS per env, [38;5;121m1[0m[38;5;159m envs).[0m
[38;5;159m[Genesis] [08:56:13] [INFO] Running at [38;5;121m78.68[0m[38;5;159m FPS ([38;5;121m78.68[0m[38;5;159m FPS per env, [38;5;121m1[0m[38;5;159m envs).[0m
[38;5;159m[Genesis] [08:56:13] [INFO] Running at [38;5;121m78.67[0m[38;5;159m FPS ([38;5;121m78.67[0m[38;5;159m FPS per env, [38;5;121m1[0m[38;5;159m envs).[0m
[38;5;159m[Genesis] [08:56:13] [INFO] Running at [38;5;121m78.43[0m[38;5;159m FPS ([38;5;121m78.43[0m[38;5;159m FPS per env, [38;5;121m1[0m[38;5;159m envs).[0m
[38;5;159m[Genesis] [08:56:13] [INFO] Running at [38;5;121m77.92[0m[38;5;159m FPS ([38;5;121m77.92[0m[38;5;159m FPS per env, [38;5;121m1[0m[38;5;159m envs).[0m
[38;5;159m[Genesis] [08:56:13] [INFO] Running at [38;5;121m77.46[0m[38;5;159m FPS ([38;5;121m77.46[0m[38;5;159m FPS per env, [38;5;121m1[0m[38;5;159m envs).[0m
[38;5;159m[Genesis] [08:56:13] [INFO] Running at [38;5;121m77.02[0m[38;5;159m FPS ([38;5;121m77.02[0m[38;5;159m FPS per env, [38;5;121m1[0m[38;5;159m envs).[0m
[38;5;159m[Genesis] [08:56:13] [INFO] Running at [38;5;121m76.63[0m[38;5;159m FPS ([38;5;121m76.63[0m[38;5;159m FPS per env, [38;5;121m1[0m[38;5;159m envs).[0m
[38;5;159m[Genesis] [08:56:13] [INFO] Running at [38;5;121m76.26[0m[38;5;159m FPS ([38;5;121m76.26[0m[38;5;159m FPS per env, [38;5;121m1[0m[38;5;159m envs).[0m
[38;5;159m[Genesis] [08:56:13] [INFO] Running at [38;5;121m75.92[0m[38;5;159m FPS ([38;5;121m75.92[0m[38;5;159m FPS per env, [38;5;121m1[0m[38;5;159m envs).[0m
[38;5;159m[Genesis] [08:56:13] [INFO] Running at [38;5;121m75.70[0m[38;5;159m FPS ([38;5;121m75.70[0m[38;5;159m FPS per env, [38;5;121m1[0m[38;5;159m envs).[0m
[38;5;159m[Genesis] [08:56:13] [INFO] Running at [38;5;121m75.68[0m[38;5;159m FPS ([38;5;121m75.68[0m[38;5;159m FPS per env, [38;5;121m1[0m[38;5;159m envs).[0m
[38;5;159m[Genesis] [08:56:13] [INFO] Running at [38;5;121m75.84[0m[38;5;159m FPS ([38;5;121m75.84[0m[38;5;159m FPS per env, [38;5;121m1[0m[38;5;159m envs).[0m
[38;5;159m[Genesis] [08:56:14] [INFO] Running at [38;5;121m75.99[0m[38;5;159m FPS ([38;5;121m75.99[0m[38;5;159m FPS per env, [38;5;121m1[0m[38;5;159m envs).[0m
[38;5;159m[Genesis] [08:56:14] [INFO] Running at [38;5;121m76.10[0m[38;5;159m FPS ([38;5;121m76.10[0m[38;5;159m FPS per env, [38;5;121m1[0m[38;5;159m envs).[0m
[38;5;159m[Genesis] [08:56:14] [INFO] Running at [38;5;121m76.19[0m[38;5;159m FPS ([38;5;121m76.19[0m[38;5;159m FPS per env, [38;5;121m1[0m[38;5;159m envs).[0m
[38;5;159m[Genesis] [08:56:14] [INFO] Running at [38;5;121m76.26[0m[38;5;159m FPS ([38;5;121m76.26[0m[38;5;159m FPS per env, [38;5;121m1[0m[38;5;159m envs).[0m
[38;5;159m[Genesis] [08:56:14] [INFO] Running at [38;5;121m76.35[0m[38;5;159m FPS ([38;5;121m76.35[0m[38;5;159m FPS per env, [38;5;121m1[0m[38;5;159m envs).[0m
[38;5;159m[Genesis] [08:56:14] [INFO] Running at [38;5;121m76.12[0m[38;5;159m FPS ([38;5;121m76.12[0m[38;5;159m FPS per env, [38;5;121m1[0m[38;5;159m envs).[0m
[38;5;159m[Genesis] [08:56:14] [INFO] Running at [38;5;121m75.73[0m[38;5;159m FPS ([38;5;121m75.73[0m[38;5;159m FPS per env, [38;5;121m1[0m[38;5;159m envs).[0m
[38;5;159m[Genesis] [08:56:14] [INFO] Running at [38;5;121m75.37[0m[38;5;159m FPS ([38;5;121m75.37[0m[38;5;159m FPS per env, [38;5;121m1[0m[38;5;159m envs).[0m
[38;5;159m[Genesis] [08:56:14] [INFO] Running at [38;5;121m75.08[0m[38;5;159m FPS ([38;5;121m75.08[0m[38;5;159m FPS per env, [38;5;121m1[0m[38;5;159m envs).[0m
[38;5;159m[Genesis] [08:56:14] [INFO] Running at [38;5;121m75.22[0m[38;5;159m FPS ([38;5;121m75.22[0m[38;5;159m FPS per env, [38;5;121m1[0m[38;5;159m envs).[0m
[38;5;159m[Genesis] [08:56:14] [INFO] Running at [38;5;121m75.34[0m[38;5;159m FPS ([38;5;121m75.34[0m[38;5;159m FPS per env, [38;5;121m1[0m[38;5;159m envs).[0m
[38;5;159m[Genesis] [08:56:14] [INFO] Running at [38;5;121m75.47[0m[38;5;159m FPS ([38;5;121m75.47[0m[38;5;159m FPS per env, [38;5;121m1[0m[38;5;159m envs).[0m
[38;5;159m[Genesis] [08:56:14] [INFO] Running at [38;5;121m75.59[0m[38;5;159m FPS ([38;5;121m75.59[0m[38;5;159m FPS per env, [38;5;121m1[0m[38;5;159m envs).[0m
[38;5;159m[Genesis] [08:56:14] [INFO] Running at [38;5;121m75.69[0m[38;5;159m FPS ([38;5;121m75.69[0m[38;5;159m FPS per env, [38;5;121m1[0m[38;5;159m envs).[0m
[38;5;159m[Genesis] [08:56:14] [INFO] Running at [38;5;121m75.85[0m[38;5;159m FPS ([38;5;121m75.85[0m[38;5;159m FPS per env, [38;5;121m1[0m[38;5;159m envs).[0m
[38;5;159m[Genesis] [08:56:14] [INFO] Running at [38;5;121m75.99[0m[38;5;159m FPS ([38;5;121m75.99[0m[38;5;159m FPS per env, [38;5;121m1[0m[38;5;159m envs).[0m
[38;5;159m[Genesis] [08:56:14] [INFO] Running at [38;5;121m75.90[0m[38;5;159m FPS ([38;5;121m75.90[0m[38;5;159m FPS per env, [38;5;121m1[0m[38;5;159m envs).[0m
[38;5;159m[Genesis] [08:56:14] [INFO] Running at [38;5;121m75.60[0m[38;5;159m FPS ([38;5;121m75.60[0m[38;5;159m FPS per env, [38;5;121m1[0m[38;5;159m envs).[0m
[38;5;159m[Genesis] [08:56:14] [INFO] Running at [38;5;121m75.15[0m[38;5;159m FPS ([38;5;121m75.15[0m[38;5;159m FPS per env, [38;5;121m1[0m[38;5;159m envs).[0m
[38;5;159m[Genesis] [08:56:15] [INFO] Running at [38;5;121m74.70[0m[38;5;159m FPS ([38;5;121m74.70[0m[38;5;159m FPS per env, [38;5;121m1[0m[38;5;159m envs).[0m
[38;5;159m[Genesis] [08:56:15] [INFO] Running at [38;5;121m74.80[0m[38;5;159m FPS ([38;5;121m74.80[0m[38;5;159m FPS per env, [38;5;121m1[0m[38;5;159m envs).[0m
[38;5;159m[Genesis] [08:56:15] [INFO] Running at [38;5;121m75.01[0m[38;5;159m FPS ([38;5;121m75.01[0m[38;5;159m FPS per env, [38;5;121m1[0m[38;5;159m envs).[0m
[38;5;159m[Genesis] [08:56:15] [INFO] Running at [38;5;121m75.17[0m[38;5;159m FPS ([38;5;121m75.17[0m[38;5;159m FPS per env, [38;5;121m1[0m[38;5;159m envs).[0m
[38;5;159m[Genesis] [08:56:15] [INFO] Running at [38;5;121m75.31[0m[38;5;159m FPS ([38;5;121m75.31[0m[38;5;159m FPS per env, [38;5;121m1[0m[38;5;159m envs).[0m
[38;5;159m[Genesis] [08:56:15] [INFO] Running at [38;5;121m75.00[0m[38;5;159m FPS ([38;5;121m75.00[0m[38;5;159m FPS per env, [38;5;121m1[0m[38;5;159m envs).[0m
[38;5;159m[Genesis] [08:56:15] [INFO] Running at [38;5;121m74.71[0m[38;5;159m FPS ([38;5;121m74.71[0m[38;5;159m FPS per env, [38;5;121m1[0m[38;5;159m envs).[0m
[38;5;159m[Genesis] [08:56:15] [INFO] Running at [38;5;121m74.44[0m[38;5;159m FPS ([38;5;121m74.44[0m[38;5;159m FPS per env, [38;5;121m1[0m[38;5;159m envs).[0m
[38;5;159m[Genesis] [08:56:15] [INFO] Running at [38;5;121m74.43[0m[38;5;159m FPS ([38;5;121m74.43[0m[38;5;159m FPS per env, [38;5;121m1[0m[38;5;159m envs).[0m
[38;5;159m[Genesis] [08:56:15] [INFO] Running at [38;5;121m74.64[0m[38;5;159m FPS ([38;5;121m74.64[0m[38;5;159m FPS per env, [38;5;121m1[0m[38;5;159m envs).[0m
[38;5;159m[Genesis] [08:56:15] [INFO] Running at [38;5;121m74.79[0m[38;5;159m FPS ([38;5;121m74.79[0m[38;5;159m FPS per env, [38;5;121m1[0m[38;5;159m envs).[0m
[38;5;159m[Genesis] [08:56:15] [INFO] Running at [38;5;121m74.86[0m[38;5;159m FPS ([38;5;121m74.86[0m[38;5;159m FPS per env, [38;5;121m1[0m[38;5;159m envs).[0m
[38;5;159m[Genesis] [08:56:15] [INFO] Running at [38;5;121m75.00[0m[38;5;159m FPS ([38;5;121m75.00[0m[38;5;159m FPS per env, [38;5;121m1[0m[38;5;159m envs).[0m
[38;5;159m[Genesis] [08:56:15] [INFO] Running at [38;5;121m74.34[0m[38;5;159m FPS ([38;5;121m74.34[0m[38;5;159m FPS per env, [38;5;121m1[0m[38;5;159m envs).[0m
[38;5;159m[Genesis] [08:56:15] [INFO] Running at [38;5;121m73.24[0m[38;5;159m FPS ([38;5;121m73.24[0m[38;5;159m FPS per env, [38;5;121m1[0m[38;5;159m envs).[0m
[38;5;159m[Genesis] [08:56:15] [INFO] Running at [38;5;121m54.74[0m[38;5;159m FPS ([38;5;121m54.74[0m[38;5;159m FPS per env, [38;5;121m1[0m[38;5;159m envs).[0m
[38;5;159m[Genesis] [08:56:15] [INFO] Running at [38;5;121m54.96[0m[38;5;159m FPS ([38;5;121m54.96[0m[38;5;159m FPS per env, [38;5;121m1[0m[38;5;159m envs).[0m
[38;5;159m[Genesis] [08:56:15] [INFO] Running at [38;5;121m72.95[0m[38;5;159m FPS ([38;5;121m72.95[0m[38;5;159m FPS per env, [38;5;121m1[0m[38;5;159m envs).[0m
[38;5;159m[Genesis] [08:56:16] [INFO] Running at [38;5;121m72.80[0m[38;5;159m FPS ([38;5;121m72.80[0m[38;5;159m FPS per env, [38;5;121m1[0m[38;5;159m envs).[0m
[38;5;159m[Genesis] [08:56:16] [INFO] Running at [38;5;121m72.66[0m[38;5;159m FPS ([38;5;121m72.66[0m[38;5;159m FPS per env, [38;5;121m1[0m[38;5;159m envs).[0m
[38;5;159m[Genesis] [08:56:16] [INFO] Running at [38;5;121m72.53[0m[38;5;159m FPS ([38;5;121m72.53[0m[38;5;159m FPS per env, [38;5;121m1[0m[38;5;159m envs).[0m
[38;5;159m[Genesis] [08:56:16] [INFO] Running at [38;5;121m72.41[0m[38;5;159m FPS ([38;5;121m72.41[0m[38;5;159m FPS per env, [38;5;121m1[0m[38;5;159m envs).[0m
[38;5;159m[Genesis] [08:56:16] [INFO] Running at [38;5;121m72.28[0m[38;5;159m FPS ([38;5;121m72.28[0m[38;5;159m FPS per env, [38;5;121m1[0m[38;5;159m envs).[0m
[38;5;159m[Genesis] [08:56:16] [INFO] Running at [38;5;121m72.57[0m[38;5;159m FPS ([38;5;121m72.57[0m[38;5;159m FPS per env, [38;5;121m1[0m[38;5;159m envs).[0m
[38;5;159m[Genesis] [08:56:16] [INFO] Running at [38;5;121m72.81[0m[38;5;159m FPS ([38;5;121m72.81[0m[38;5;159m FPS per env, [38;5;121m1[0m[38;5;159m envs).[0m
[38;5;159m[Genesis] [08:56:16] [INFO] Running at [38;5;121m73.12[0m[38;5;159m FPS ([38;5;121m73.12[0m[38;5;159m FPS per env, [38;5;121m1[0m[38;5;159m envs).[0m
[38;5;159m[Genesis] [08:56:16] [INFO] Running at [38;5;121m73.19[0m[38;5;159m FPS ([38;5;121m73.19[0m[38;5;159m FPS per env, [38;5;121m1[0m[38;5;159m envs).[0m
[38;5;159m[Genesis] [08:56:16] [INFO] Running at [38;5;121m73.03[0m[38;5;159m FPS ([38;5;121m73.03[0m[38;5;159m FPS per env, [38;5;121m1[0m[38;5;159m envs).[0m
[38;5;159m[Genesis] [08:56:16] [INFO] Running at [38;5;121m72.87[0m[38;5;159m FPS ([38;5;121m72.87[0m[38;5;159m FPS per env, [38;5;121m1[0m[38;5;159m envs).[0m
[38;5;159m[Genesis] [08:56:16] [INFO] Running at [38;5;121m72.72[0m[38;5;159m FPS ([38;5;121m72.72[0m[38;5;159m FPS per env, [38;5;121m1[0m[38;5;159m envs).[0m
[38;5;159m[Genesis] [08:56:16] [INFO] Running at [38;5;121m72.96[0m[38;5;159m FPS ([38;5;121m72.96[0m[38;5;159m FPS per env, [38;5;121m1[0m[38;5;159m envs).[0m
[38;5;159m[Genesis] [08:56:16] [INFO] Running at [38;5;121m73.22[0m[38;5;159m FPS ([38;5;121m73.22[0m[38;5;159m FPS per env, [38;5;121m1[0m[38;5;159m envs).[0m
[38;5;159m[Genesis] [08:56:16] [INFO] Running at [38;5;121m73.49[0m[38;5;159m FPS ([38;5;121m73.49[0m[38;5;159m FPS per env, [38;5;121m1[0m[38;5;159m envs).[0m
[38;5;159m[Genesis] [08:56:16] [INFO] Running at [38;5;121m73.76[0m[38;5;159m FPS ([38;5;121m73.76[0m[38;5;159m FPS per env, [38;5;121m1[0m[38;5;159m envs).[0m
[38;5;159m[Genesis] [08:56:16] [INFO] Running at [38;5;121m74.01[0m[38;5;159m FPS ([38;5;121m74.01[0m[38;5;159m FPS per env, [38;5;121m1[0m[38;5;159m envs).[0m
[38;5;159m[Genesis] [08:56:16] [INFO] Running at [38;5;121m74.25[0m[38;5;159m FPS ([38;5;121m74.25[0m[38;5;159m FPS per env, [38;5;121m1[0m[38;5;159m envs).[0m
[38;5;159m[Genesis] [08:56:17] [INFO] Running at [38;5;121m74.49[0m[38;5;159m FPS ([38;5;121m74.49[0m[38;5;159m FPS per env, [38;5;121m1[0m[38;5;159m envs).[0m
[38;5;159m[Genesis] [08:56:17] [INFO] Running at [38;5;121m74.70[0m[38;5;159m FPS ([38;5;121m74.70[0m[38;5;159m FPS per env, [38;5;121m1[0m[38;5;159m envs).[0m
[38;5;159m[Genesis] [08:56:17] [INFO] Running at [38;5;121m74.46[0m[38;5;159m FPS ([38;5;121m74.46[0m[38;5;159m FPS per env, [38;5;121m1[0m[38;5;159m envs).[0m
[38;5;159m[Genesis] [08:56:17] [INFO] Running at [38;5;121m74.24[0m[38;5;159m FPS ([38;5;121m74.24[0m[38;5;159m FPS per env, [38;5;121m1[0m[38;5;159m envs).[0m
[38;5;159m[Genesis] [08:56:17] [INFO] Running at [38;5;121m74.03[0m[38;5;159m FPS ([38;5;121m74.03[0m[38;5;159m FPS per env, [38;5;121m1[0m[38;5;159m envs).[0m
[38;5;159m[Genesis] [08:56:17] [INFO] Running at [38;5;121m74.04[0m[38;5;159m FPS ([38;5;121m74.04[0m[38;5;159m FPS per env, [38;5;121m1[0m[38;5;159m envs).[0m
[38;5;159m[Genesis] [08:56:17] [INFO] Running at [38;5;121m74.28[0m[38;5;159m FPS ([38;5;121m74.28[0m[38;5;159m FPS per env, [38;5;121m1[0m[38;5;159m envs).[0m
[38;5;159m[Genesis] [08:56:17] [INFO] Running at [38;5;121m74.34[0m[38;5;159m FPS ([38;5;121m74.34[0m[38;5;159m FPS per env, [38;5;121m1[0m[38;5;159m envs).[0m
[38;5;159m[Genesis] [08:56:17] [INFO] Running at [38;5;121m74.57[0m[38;5;159m FPS ([38;5;121m74.57[0m[38;5;159m FPS per env, [38;5;121m1[0m[38;5;159m envs).[0m
[38;5;159m[Genesis] [08:56:17] [INFO] Running at [38;5;121m74.39[0m[38;5;159m FPS ([38;5;121m74.39[0m[38;5;159m FPS per env, [38;5;121m1[0m[38;5;159m envs).[0m
[38;5;159m[Genesis] [08:56:17] [INFO] Running at [38;5;121m74.15[0m[38;5;159m FPS ([38;5;121m74.15[0m[38;5;159m FPS per env, [38;5;121m1[0m[38;5;159m envs).[0m
[38;5;159m[Genesis] [08:56:17] [INFO] Running at [38;5;121m73.92[0m[38;5;159m FPS ([38;5;121m73.92[0m[38;5;159m FPS per env, [38;5;121m1[0m[38;5;159m envs).[0m
[38;5;159m[Genesis] [08:56:17] [INFO] Running at [38;5;121m73.76[0m[38;5;159m FPS ([38;5;121m73.76[0m[38;5;159m FPS per env, [38;5;121m1[0m[38;5;159m envs).[0m
[38;5;159m[Genesis] [08:56:17] [INFO] Running at [38;5;121m74.00[0m[38;5;159m FPS ([38;5;121m74.00[0m[38;5;159m FPS per env, [38;5;121m1[0m[38;5;159m envs).[0m
[38;5;159m[Genesis] [08:56:17] [INFO] Running at [38;5;121m74.23[0m[38;5;159m FPS ([38;5;121m74.23[0m[38;5;159m FPS per env, [38;5;121m1[0m[38;5;159m envs).[0m
[38;5;159m[Genesis] [08:56:17] [INFO] Running at [38;5;121m74.46[0m[38;5;159m FPS ([38;5;121m74.46[0m[38;5;159m FPS per env, [38;5;121m1[0m[38;5;159m envs).[0m
[38;5;159m[Genesis] [08:56:17] [INFO] Running at [38;5;121m74.68[0m[38;5;159m FPS ([38;5;121m74.68[0m[38;5;159m FPS per env, [38;5;121m1[0m[38;5;159m envs).[0m
[38;5;159m[Genesis] [08:56:17] [INFO] Running at [38;5;121m74.88[0m[38;5;159m FPS ([38;5;121m74.88[0m[38;5;159m FPS per env, [38;5;121m1[0m[38;5;159m envs).[0m
[38;5;159m[Genesis] [08:56:17] [INFO] Running at [38;5;121m75.07[0m[38;5;159m FPS ([38;5;121m75.07[0m[38;5;159m FPS per env, [38;5;121m1[0m[38;5;159m envs).[0m
[38;5;159m[Genesis] [08:56:18] [INFO] Running at [38;5;121m75.26[0m[38;5;159m FPS ([38;5;121m75.26[0m[38;5;159m FPS per env, [38;5;121m1[0m[38;5;159m envs).[0m
[38;5;159m[Genesis] [08:56:18] [INFO] Running at [38;5;121m75.34[0m[38;5;159m FPS ([38;5;121m75.34[0m[38;5;159m FPS per env, [38;5;121m1[0m[38;5;159m envs).[0m
[38;5;159m[Genesis] [08:56:18] [INFO] Running at [38;5;121m75.05[0m[38;5;159m FPS ([38;5;121m75.05[0m[38;5;159m FPS per env, [38;5;121m1[0m[38;5;159m envs).[0m
[38;5;159m[Genesis] [08:56:18] [INFO] Running at [38;5;121m74.78[0m[38;5;159m FPS ([38;5;121m74.78[0m[38;5;159m FPS per env, [38;5;121m1[0m[38;5;159m envs).[0m
[38;5;159m[Genesis] [08:56:18] [INFO] Running at [38;5;121m74.54[0m[38;5;159m FPS ([38;5;121m74.54[0m[38;5;159m FPS per env, [38;5;121m1[0m[38;5;159m envs).[0m
[38;5;159m[Genesis] [08:56:18] [INFO] Running at [38;5;121m74.65[0m[38;5;159m FPS ([38;5;121m74.65[0m[38;5;159m FPS per env, [38;5;121m1[0m[38;5;159m envs).[0m
[38;5;159m[Genesis] [08:56:18] [INFO] Running at [38;5;121m74.87[0m[38;5;159m FPS ([38;5;121m74.87[0m[38;5;159m FPS per env, [38;5;121m1[0m[38;5;159m envs).[0m
[38;5;159m[Genesis] [08:56:18] [INFO] Running at [38;5;121m75.06[0m[38;5;159m FPS ([38;5;121m75.06[0m[38;5;159m FPS per env, [38;5;121m1[0m[38;5;159m envs).[0m
[38;5;159m[Genesis] [08:56:18] [INFO] Running at [38;5;121m75.26[0m[38;5;159m FPS ([38;5;121m75.26[0m[38;5;159m FPS per env, [38;5;121m1[0m[38;5;159m envs).[0m
[38;5;159m[Genesis] [08:56:18] [INFO] Running at [38;5;121m75.28[0m[38;5;159m FPS ([38;5;121m75.28[0m[38;5;159m FPS per env, [38;5;121m1[0m[38;5;159m envs).[0m
[38;5;159m[Genesis] [08:56:18] [INFO] Running at [38;5;121m75.45[0m[38;5;159m FPS ([38;5;121m75.45[0m[38;5;159m FPS per env, [38;5;121m1[0m[38;5;159m envs).[0m
[38;5;159m[Genesis] [08:56:18] [INFO] Running at [38;5;121m75.64[0m[38;5;159m FPS ([38;5;121m75.64[0m[38;5;159m FPS per env, [38;5;121m1[0m[38;5;159m envs).[0m
[38;5;159m[Genesis] [08:56:18] [INFO] Running at [38;5;121m75.80[0m[38;5;159m FPS ([38;5;121m75.80[0m[38;5;159m FPS per env, [38;5;121m1[0m[38;5;159m envs).[0m
[38;5;159m[Genesis] [08:56:18] [INFO] Running at [38;5;121m75.47[0m[38;5;159m FPS ([38;5;121m75.47[0m[38;5;159m FPS per env, [38;5;121m1[0m[38;5;159m envs).[0m
[38;5;159m[Genesis] [08:56:18] [INFO] Running at [38;5;121m75.20[0m[38;5;159m FPS ([38;5;121m75.20[0m[38;5;159m FPS per env, [38;5;121m1[0m[38;5;159m envs).[0m
[38;5;159m[Genesis] [08:56:18] [INFO] Running at [38;5;121m74.94[0m[38;5;159m FPS ([38;5;121m74.94[0m[38;5;159m FPS per env, [38;5;121m1[0m[38;5;159m envs).[0m
[38;5;159m[Genesis] [08:56:18] [INFO] Running at [38;5;121m74.85[0m[38;5;159m FPS ([38;5;121m74.85[0m[38;5;159m FPS per env, [38;5;121m1[0m[38;5;159m envs).[0m
[38;5;159m[Genesis] [08:56:18] [INFO] Running at [38;5;121m75.06[0m[38;5;159m FPS ([38;5;121m75.06[0m[38;5;159m FPS per env, [38;5;121m1[0m[38;5;159m envs).[0m
[38;5;159m[Genesis] [08:56:18] [INFO] Running at [38;5;121m75.27[0m[38;5;159m FPS ([38;5;121m75.27[0m[38;5;159m FPS per env, [38;5;121m1[0m[38;5;159m envs).[0m
[38;5;159m[Genesis] [08:56:19] [INFO] Running at [38;5;121m75.46[0m[38;5;159m FPS ([38;5;121m75.46[0m[38;5;159m FPS per env, [38;5;121m1[0m[38;5;159m envs).[0m
[38;5;159m[Genesis] [08:56:19] [INFO] Running at [38;5;121m75.39[0m[38;5;159m FPS ([38;5;121m75.39[0m[38;5;159m FPS per env, [38;5;121m1[0m[38;5;159m envs).[0m
[38;5;159m[Genesis] [08:56:19] [INFO] Running at [38;5;121m75.12[0m[38;5;159m FPS ([38;5;121m75.12[0m[38;5;159m FPS per env, [38;5;121m1[0m[38;5;159m envs).[0m
[38;5;159m[Genesis] [08:56:19] [INFO] Running at [38;5;121m74.85[0m[38;5;159m FPS ([38;5;121m74.85[0m[38;5;159m FPS per env, [38;5;121m1[0m[38;5;159m envs).[0m
[38;5;159m[Genesis] [08:56:19] [INFO] Running at [38;5;121m74.60[0m[38;5;159m FPS ([38;5;121m74.60[0m[38;5;159m FPS per env, [38;5;121m1[0m[38;5;159m envs).[0m
[38;5;159m[Genesis] [08:56:19] [INFO] Running at [38;5;121m74.81[0m[38;5;159m FPS ([38;5;121m74.81[0m[38;5;159m FPS per env, [38;5;121m1[0m[38;5;159m envs).[0m
[38;5;159m[Genesis] [08:56:19] [INFO] Running at [38;5;121m75.02[0m[38;5;159m FPS ([38;5;121m75.02[0m[38;5;159m FPS per env, [38;5;121m1[0m[38;5;159m envs).[0m
[38;5;159m[Genesis] [08:56:19] [INFO] Running at [38;5;121m75.23[0m[38;5;159m FPS ([38;5;121m75.23[0m[38;5;159m FPS per env, [38;5;121m1[0m[38;5;159m envs).[0m
[38;5;159m[Genesis] [08:56:19] [INFO] Running at [38;5;121m75.42[0m[38;5;159m FPS ([38;5;121m75.42[0m[38;5;159m FPS per env, [38;5;121m1[0m[38;5;159m envs).[0m
[38;5;159m[Genesis] [08:56:19] [INFO] Running at [38;5;121m75.61[0m[38;5;159m FPS ([38;5;121m75.61[0m[38;5;159m FPS per env, [38;5;121m1[0m[38;5;159m envs).[0m
[38;5;159m[Genesis] [08:56:19] [INFO] Running at [38;5;121m75.77[0m[38;5;159m FPS ([38;5;121m75.77[0m[38;5;159m FPS per env, [38;5;121m1[0m[38;5;159m envs).[0m
[38;5;159m[Genesis] [08:56:19] [INFO] Running at [38;5;121m75.94[0m[38;5;159m FPS ([38;5;121m75.94[0m[38;5;159m FPS per env, [38;5;121m1[0m[38;5;159m envs).[0m
[38;5;159m[Genesis] [08:56:19] [INFO] Running at [38;5;121m75.93[0m[38;5;159m FPS ([38;5;121m75.93[0m[38;5;159m FPS per env, [38;5;121m1[0m[38;5;159m envs).[0m
[38;5;159m[Genesis] [08:56:19] [INFO] Running at [38;5;121m75.62[0m[38;5;159m FPS ([38;5;121m75.62[0m[38;5;159m FPS per env, [38;5;121m1[0m[38;5;159m envs).[0m
[38;5;159m[Genesis] [08:56:19] [INFO] Running at [38;5;121m75.32[0m[38;5;159m FPS ([38;5;121m75.32[0m[38;5;159m FPS per env, [38;5;121m1[0m[38;5;159m envs).[0m
[38;5;159m[Genesis] [08:56:19] [INFO] Running at [38;5;121m75.03[0m[38;5;159m FPS ([38;5;121m75.03[0m[38;5;159m FPS per env, [38;5;121m1[0m[38;5;159m envs).[0m
[38;5;159m[Genesis] [08:56:19] [INFO] Running at [38;5;121m74.99[0m[38;5;159m FPS ([38;5;121m74.99[0m[38;5;159m FPS per env, [38;5;121m1[0m[38;5;159m envs).[0m
[38;5;159m[Genesis] [08:56:19] [INFO] Running at [38;5;121m75.19[0m[38;5;159m FPS ([38;5;121m75.19[0m[38;5;159m FPS per env, [38;5;121m1[0m[38;5;159m envs).[0m
[38;5;159m[Genesis] [08:56:19] [INFO] Running at [38;5;121m75.22[0m[38;5;159m FPS ([38;5;121m75.22[0m[38;5;159m FPS per env, [38;5;121m1[0m[38;5;159m envs).[0m
[38;5;159m[Genesis] [08:56:20] [INFO] Running at [38;5;121m75.43[0m[38;5;159m FPS ([38;5;121m75.43[0m[38;5;159m FPS per env, [38;5;121m1[0m[38;5;159m envs).[0m
[38;5;159m[Genesis] [08:56:20] [INFO] Running at [38;5;121m75.58[0m[38;5;159m FPS ([38;5;121m75.58[0m[38;5;159m FPS per env, [38;5;121m1[0m[38;5;159m envs).[0m
[38;5;159m[Genesis] [08:56:20] [INFO] Running at [38;5;121m75.76[0m[38;5;159m FPS ([38;5;121m75.76[0m[38;5;159m FPS per env, [38;5;121m1[0m[38;5;159m envs).[0m
[38;5;159m[Genesis] [08:56:20] [INFO] Running at [38;5;121m75.94[0m[38;5;159m FPS ([38;5;121m75.94[0m[38;5;159m FPS per env, [38;5;121m1[0m[38;5;159m envs).[0m
[38;5;159m[Genesis] [08:56:20] [INFO] Running at [38;5;121m76.10[0m[38;5;159m FPS ([38;5;121m76.10[0m[38;5;159m FPS per env, [38;5;121m1[0m[38;5;159m envs).[0m
[38;5;159m[Genesis] [08:56:20] [INFO] Running at [38;5;121m75.88[0m[38;5;159m FPS ([38;5;121m75.88[0m[38;5;159m FPS per env, [38;5;121m1[0m[38;5;159m envs).[0m
[38;5;159m[Genesis] [08:56:20] [INFO] Running at [38;5;121m75.58[0m[38;5;159m FPS ([38;5;121m75.58[0m[38;5;159m FPS per env, [38;5;121m1[0m[38;5;159m envs).[0m
[38;5;159m[Genesis] [08:56:20] [INFO] Running at [38;5;121m75.29[0m[38;5;159m FPS ([38;5;121m75.29[0m[38;5;159m FPS per env, [38;5;121m1[0m[38;5;159m envs).[0m
[38;5;159m[Genesis] [08:56:20] [INFO] Running at [38;5;121m75.03[0m[38;5;159m FPS ([38;5;121m75.03[0m[38;5;159m FPS per env, [38;5;121m1[0m[38;5;159m envs).[0m
[38;5;159m[Genesis] [08:56:20] [INFO] Running at [38;5;121m75.22[0m[38;5;159m FPS ([38;5;121m75.22[0m[38;5;159m FPS per env, [38;5;121m1[0m[38;5;159m envs).[0m
[38;5;159m[Genesis] [08:56:20] [INFO] Running at [38;5;121m75.41[0m[38;5;159m FPS ([38;5;121m75.41[0m[38;5;159m FPS per env, [38;5;121m1[0m[38;5;159m envs).[0m
[38;5;159m[Genesis] [08:56:20] [INFO] Running at [38;5;121m75.60[0m[38;5;159m FPS ([38;5;121m75.60[0m[38;5;159m FPS per env, [38;5;121m1[0m[38;5;159m envs).[0m
[38;5;159m[Genesis] [08:56:20] [INFO] Running at [38;5;121m75.79[0m[38;5;159m FPS ([38;5;121m75.79[0m[38;5;159m FPS per env, [38;5;121m1[0m[38;5;159m envs).[0m
[38;5;159m[Genesis] [08:56:20] [INFO] Running at [38;5;121m75.95[0m[38;5;159m FPS ([38;5;121m75.95[0m[38;5;159m FPS per env, [38;5;121m1[0m[38;5;159m envs).[0m
[38;5;159m[Genesis] [08:56:20] [INFO] Running at [38;5;121m75.95[0m[38;5;159m FPS ([38;5;121m75.95[0m[38;5;159m FPS per env, [38;5;121m1[0m[38;5;159m envs).[0m
[38;5;159m[Genesis] [08:56:20] [INFO] Running at [38;5;121m76.11[0m[38;5;159m FPS ([38;5;121m76.11[0m[38;5;159m FPS per env, [38;5;121m1[0m[38;5;159m envs).[0m
[38;5;159m[Genesis] [08:56:20] [INFO] Running at [38;5;121m76.15[0m[38;5;159m FPS ([38;5;121m76.15[0m[38;5;159m FPS per env, [38;5;121m1[0m[38;5;159m envs).[0m
[38;5;159m[Genesis] [08:56:20] [INFO] Running at [38;5;121m75.82[0m[38;5;159m FPS ([38;5;121m75.82[0m[38;5;159m FPS per env, [38;5;121m1[0m[38;5;159m envs).[0m
[38;5;159m[Genesis] [08:56:20] [INFO] Running at [38;5;121m75.52[0m[38;5;159m FPS ([38;5;121m75.52[0m[38;5;159m FPS per env, [38;5;121m1[0m[38;5;159m envs).[0m
[38;5;159m[Genesis] [08:56:21] [INFO] Running at [38;5;121m75.23[0m[38;5;159m FPS ([38;5;121m75.23[0m[38;5;159m FPS per env, [38;5;121m1[0m[38;5;159m envs).[0m
[38;5;159m[Genesis] [08:56:21] [INFO] Running at [38;5;121m75.29[0m[38;5;159m FPS ([38;5;121m75.29[0m[38;5;159m FPS per env, [38;5;121m1[0m[38;5;159m envs).[0m
[38;5;159m[Genesis] [08:56:21] [INFO] Running at [38;5;121m75.48[0m[38;5;159m FPS ([38;5;121m75.48[0m[38;5;159m FPS per env, [38;5;121m1[0m[38;5;159m envs).[0m
[38;5;159m[Genesis] [08:56:21] [INFO] Running at [38;5;121m75.66[0m[38;5;159m FPS ([38;5;121m75.66[0m[38;5;159m FPS per env, [38;5;121m1[0m[38;5;159m envs).[0m
[38;5;159m[Genesis] [08:56:21] [INFO] Running at [38;5;121m75.84[0m[38;5;159m FPS ([38;5;121m75.84[0m[38;5;159m FPS per env, [38;5;121m1[0m[38;5;159m envs).[0m
[38;5;159m[Genesis] [08:56:21] [INFO] Running at [38;5;121m76.01[0m[38;5;159m FPS ([38;5;121m76.01[0m[38;5;159m FPS per env, [38;5;121m1[0m[38;5;159m envs).[0m
[38;5;159m[Genesis] [08:56:21] [INFO] Running at [38;5;121m76.16[0m[38;5;159m FPS ([38;5;121m76.16[0m[38;5;159m FPS per env, [38;5;121m1[0m[38;5;159m envs).[0m
[38;5;159m[Genesis] [08:56:21] [INFO] Running at [38;5;121m76.32[0m[38;5;159m FPS ([38;5;121m76.32[0m[38;5;159m FPS per env, [38;5;121m1[0m[38;5;159m envs).[0m
[38;5;159m[Genesis] [08:56:21] [INFO] Running at [38;5;121m76.49[0m[38;5;159m FPS ([38;5;121m76.49[0m[38;5;159m FPS per env, [38;5;121m1[0m[38;5;159m envs).[0m
[38;5;159m[Genesis] [08:56:21] [INFO] Running at [38;5;121m76.22[0m[38;5;159m FPS ([38;5;121m76.22[0m[38;5;159m FPS per env, [38;5;121m1[0m[38;5;159m envs).[0m
[38;5;159m[Genesis] [08:56:21] [INFO] Running at [38;5;121m75.90[0m[38;5;159m FPS ([38;5;121m75.90[0m[38;5;159m FPS per env, [38;5;121m1[0m[38;5;159m envs).[0m
[38;5;159m[Genesis] [08:56:21] [INFO] Running at [38;5;121m75.58[0m[38;5;159m FPS ([38;5;121m75.58[0m[38;5;159m FPS per env, [38;5;121m1[0m[38;5;159m envs).[0m
[38;5;159m[Genesis] [08:56:21] [INFO] Running at [38;5;121m75.38[0m[38;5;159m FPS ([38;5;121m75.38[0m[38;5;159m FPS per env, [38;5;121m1[0m[38;5;159m envs).[0m
[38;5;159m[Genesis] [08:56:21] [INFO] Running at [38;5;121m75.58[0m[38;5;159m FPS ([38;5;121m75.58[0m[38;5;159m FPS per env, [38;5;121m1[0m[38;5;159m envs).[0m
[38;5;159m[Genesis] [08:56:21] [INFO] Running at [38;5;121m75.76[0m[38;5;159m FPS ([38;5;121m75.76[0m[38;5;159m FPS per env, [38;5;121m1[0m[38;5;159m envs).[0m
[38;5;159m[Genesis] [08:56:21] [INFO] Running at [38;5;121m75.93[0m[38;5;159m FPS ([38;5;121m75.93[0m[38;5;159m FPS per env, [38;5;121m1[0m[38;5;159m envs).[0m
[38;5;159m[Genesis] [08:56:21] [INFO] Running at [38;5;121m75.93[0m[38;5;159m FPS ([38;5;121m75.93[0m[38;5;159m FPS per env, [38;5;121m1[0m[38;5;159m envs).[0m
[38;5;159m[Genesis] [08:56:21] [INFO] Running at [38;5;121m76.10[0m[38;5;159m FPS ([38;5;121m76.10[0m[38;5;159m FPS per env, [38;5;121m1[0m[38;5;159m envs).[0m
[38;5;159m[Genesis] [08:56:21] [INFO] Running at [38;5;121m76.26[0m[38;5;159m FPS ([38;5;121m76.26[0m[38;5;159m FPS per env, [38;5;121m1[0m[38;5;159m envs).[0m
[38;5;159m[Genesis] [08:56:22] [INFO] Running at [38;5;121m76.41[0m[38;5;159m FPS ([38;5;121m76.41[0m[38;5;159m FPS per env, [38;5;121m1[0m[38;5;159m envs).[0m
[38;5;159m[Genesis] [08:56:22] [INFO] Running at [38;5;121m76.30[0m[38;5;159m FPS ([38;5;121m76.30[0m[38;5;159m FPS per env, [38;5;121m1[0m[38;5;159m envs).[0m
[38;5;159m[Genesis] [08:56:22] [INFO] Running at [38;5;121m75.98[0m[38;5;159m FPS ([38;5;121m75.98[0m[38;5;159m FPS per env, [38;5;121m1[0m[38;5;159m envs).[0m
[38;5;159m[Genesis] [08:56:22] [INFO] Running at [38;5;121m75.67[0m[38;5;159m FPS ([38;5;121m75.67[0m[38;5;159m FPS per env, [38;5;121m1[0m[38;5;159m envs).[0m
[38;5;159m[Genesis] [08:56:22] [INFO] Running at [38;5;121m75.35[0m[38;5;159m FPS ([38;5;121m75.35[0m[38;5;159m FPS per env, [38;5;121m1[0m[38;5;159m envs).[0m
[38;5;159m[Genesis] [08:56:22] [INFO] Running at [38;5;121m75.51[0m[38;5;159m FPS ([38;5;121m75.51[0m[38;5;159m FPS per env, [38;5;121m1[0m[38;5;159m envs).[0m
[38;5;159m[Genesis] [08:56:22] [INFO] Running at [38;5;121m75.64[0m[38;5;159m FPS ([38;5;121m75.64[0m[38;5;159m FPS per env, [38;5;121m1[0m[38;5;159m envs).[0m
[38;5;159m[Genesis] [08:56:22] [INFO] Running at [38;5;121m75.77[0m[38;5;159m FPS ([38;5;121m75.77[0m[38;5;159m FPS per env, [38;5;121m1[0m[38;5;159m envs).[0m
[38;5;159m[Genesis] [08:56:22] [INFO] Running at [38;5;121m75.89[0m[38;5;159m FPS ([38;5;121m75.89[0m[38;5;159m FPS per env, [38;5;121m1[0m[38;5;159m envs).[0m
[38;5;159m[Genesis] [08:56:22] [INFO] Running at [38;5;121m76.01[0m[38;5;159m FPS ([38;5;121m76.01[0m[38;5;159m FPS per env, [38;5;121m1[0m[38;5;159m envs).[0m
[38;5;159m[Genesis] [08:56:22] [INFO] Running at [38;5;121m76.14[0m[38;5;159m FPS ([38;5;121m76.14[0m[38;5;159m FPS per env, [38;5;121m1[0m[38;5;159m envs).[0m
[38;5;159m[Genesis] [08:56:22] [INFO] Running at [38;5;121m76.25[0m[38;5;159m FPS ([38;5;121m76.25[0m[38;5;159m FPS per env, [38;5;121m1[0m[38;5;159m envs).[0m
[38;5;159m[Genesis] [08:56:22] [INFO] Running at [38;5;121m76.20[0m[38;5;159m FPS ([38;5;121m76.20[0m[38;5;159m FPS per env, [38;5;121m1[0m[38;5;159m envs).[0m
[38;5;159m[Genesis] [08:56:22] [INFO] Running at [38;5;121m75.83[0m[38;5;159m FPS ([38;5;121m75.83[0m[38;5;159m FPS per env, [38;5;121m1[0m[38;5;159m envs).[0m
[38;5;159m[Genesis] [08:56:22] [INFO] Running at [38;5;121m75.49[0m[38;5;159m FPS ([38;5;121m75.49[0m[38;5;159m FPS per env, [38;5;121m1[0m[38;5;159m envs).[0m
[38;5;159m[Genesis] [08:56:22] [INFO] Running at [38;5;121m75.17[0m[38;5;159m FPS ([38;5;121m75.17[0m[38;5;159m FPS per env, [38;5;121m1[0m[38;5;159m envs).[0m
[38;5;159m[Genesis] [08:56:22] [INFO] Running at [38;5;121m75.19[0m[38;5;159m FPS ([38;5;121m75.19[0m[38;5;159m FPS per env, [38;5;121m1[0m[38;5;159m envs).[0m
[38;5;159m[Genesis] [08:56:22] [INFO] Running at [38;5;121m75.34[0m[38;5;159m FPS ([38;5;121m75.34[0m[38;5;159m FPS per env, [38;5;121m1[0m[38;5;159m envs).[0m
[38;5;159m[Genesis] [08:56:22] [INFO] Running at [38;5;121m75.50[0m[38;5;159m FPS ([38;5;121m75.50[0m[38;5;159m FPS per env, [38;5;121m1[0m[38;5;159m envs).[0m
[38;5;159m[Genesis] [08:56:23] [INFO] Running at [38;5;121m75.46[0m[38;5;159m FPS ([38;5;121m75.46[0m[38;5;159m FPS per env, [38;5;121m1[0m[38;5;159m envs).[0m
[38;5;159m[Genesis] [08:56:23] [INFO] Running at [38;5;121m75.61[0m[38;5;159m FPS ([38;5;121m75.61[0m[38;5;159m FPS per env, [38;5;121m1[0m[38;5;159m envs).[0m
[38;5;159m[Genesis] [08:56:23] [INFO] Running at [38;5;121m75.74[0m[38;5;159m FPS ([38;5;121m75.74[0m[38;5;159m FPS per env, [38;5;121m1[0m[38;5;159m envs).[0m
[38;5;159m[Genesis] [08:56:23] [INFO] Running at [38;5;121m75.87[0m[38;5;159m FPS ([38;5;121m75.87[0m[38;5;159m FPS per env, [38;5;121m1[0m[38;5;159m envs).[0m
[38;5;159m[Genesis] [08:56:23] [INFO] Running at [38;5;121m76.00[0m[38;5;159m FPS ([38;5;121m76.00[0m[38;5;159m FPS per env, [38;5;121m1[0m[38;5;159m envs).[0m
[38;5;159m[Genesis] [08:56:23] [INFO] Running at [38;5;121m75.62[0m[38;5;159m FPS ([38;5;121m75.62[0m[38;5;159m FPS per env, [38;5;121m1[0m[38;5;159m envs).[0m
[38;5;159m[Genesis] [08:56:23] [INFO] Running at [38;5;121m75.29[0m[38;5;159m FPS ([38;5;121m75.29[0m[38;5;159m FPS per env, [38;5;121m1[0m[38;5;159m envs).[0m
[38;5;159m[Genesis] [08:56:23] [INFO] Running at [38;5;121m75.01[0m[38;5;159m FPS ([38;5;121m75.01[0m[38;5;159m FPS per env, [38;5;121m1[0m[38;5;159m envs).[0m
[38;5;159m[Genesis] [08:56:23] [INFO] Running at [38;5;121m74.83[0m[38;5;159m FPS ([38;5;121m74.83[0m[38;5;159m FPS per env, [38;5;121m1[0m[38;5;159m envs).[0m
[38;5;159m[Genesis] [08:56:23] [INFO] Running at [38;5;121m75.01[0m[38;5;159m FPS ([38;5;121m75.01[0m[38;5;159m FPS per env, [38;5;121m1[0m[38;5;159m envs).[0m
[38;5;159m[Genesis] [08:56:23] [INFO] Running at [38;5;121m75.16[0m[38;5;159m FPS ([38;5;121m75.16[0m[38;5;159m FPS per env, [38;5;121m1[0m[38;5;159m envs).[0m
[38;5;159m[Genesis] [08:56:23] [INFO] Running at [38;5;121m75.32[0m[38;5;159m FPS ([38;5;121m75.32[0m[38;5;159m FPS per env, [38;5;121m1[0m[38;5;159m envs).[0m
[38;5;159m[Genesis] [08:56:23] [INFO] Running at [38;5;121m75.21[0m[38;5;159m FPS ([38;5;121m75.21[0m[38;5;159m FPS per env, [38;5;121m1[0m[38;5;159m envs).[0m
[38;5;159m[Genesis] [08:56:23] [INFO] Running at [38;5;121m74.89[0m[38;5;159m FPS ([38;5;121m74.89[0m[38;5;159m FPS per env, [38;5;121m1[0m[38;5;159m envs).[0m
[38;5;159m[Genesis] [08:56:23] [INFO] Running at [38;5;121m74.60[0m[38;5;159m FPS ([38;5;121m74.60[0m[38;5;159m FPS per env, [38;5;121m1[0m[38;5;159m envs).[0m
fps 50
[38;5;159m[Genesis] [08:56:23] [INFO] Saving video to [38;5;121m"test_5000_7.0_-0.8_behind.mp4"[0m[38;5;159m...[0m
[38;5;159m[Genesis] [08:56:26] [INFO] Video saved.[0m
[38;5;159m[Genesis] [08:56:26] [INFO] Saving video to [38;5;121m"test_5000_7.0_-0.8_side.mp4"[0m[38;5;159m...[0m
[38;5;159m[Genesis] [08:56:28] [INFO] Video saved.[0m
Saved recordings for checkpoint 5000.
Final yaw-rate error: 19.10 deg/s
[38;5;159m[Genesis] [08:56:29] [INFO] 💤 Exiting Genesis and caching compiled kernels...[0m
