[38;5;159m[Genesis] [09:01:51] [INFO] [38;5;121m╭───────────────────────────────────────────────╮[0m[38;5;159m[0m
[38;5;159m[Genesis] [09:01:51] [INFO] [38;5;121m│┈┉┈┉┈┉┈┉┈┉┈┉┈┉┈┉┈┉┈[0m[38;5;159m [38;5;121m[1m[3mGenesis[0m[38;5;159m [38;5;121m┈┉┈┉┈┉┈┉┈┉┈┉┈┉┈┉┈┉┈│[0m[38;5;159m[0m
[38;5;159m[Genesis] [09:01:51] [INFO] [38;5;121m╰───────────────────────────────────────────────╯[0m[38;5;159m[0m
[38;5;159m[Genesis] [09:01:51] [INFO] Running on [38;5;121m[4m[NVIDIA GeForce RTX 5090][0m[38;5;159m with backend [38;5;121m[4mgs.cuda[0m[38;5;159m. Device memory: [38;5;121m[4m31.36[0m[38;5;159m GB.[0m
[38;5;159m[Genesis] [09:01:51] [INFO] 🚀 Genesis initialized. 🔖 version: [38;5;121m[4m0.4.7[0m[38;5;159m, 🎨 theme: [38;5;121m[4mdark[0m[38;5;159m, 🌱 seed: [38;5;121m[4mNone[0m[38;5;159m, 🐛 debug: [38;5;121m[4mFalse[0m[38;5;159m, 📏 precision: [38;5;121m[4m32[0m[38;5;159m, 🔥 performance: [38;5;121m[4mFalse[0m[38;5;159m, 💬 verbose: [38;5;121m[4mINFO[0m[38;5;159m[0m
[38;5;226m[Genesis] [09:01:54] [WARNING] Viewer option 'n_rendered_envs' is deprecated and will be removed in a future release. Please use 'rendered_envs_idx' instead.[0m
[38;5;159m[Genesis] [09:01:54] [INFO] Scene [38;5;121m[3m<a8fcefd>[0m[38;5;159m created.[0m
[38;5;159m[Genesis] [09:01:54] [INFO] Adding [38;5;121m<gs.engine.entities.RigidEntity>[0m[38;5;159m. idx: [38;5;121m0[0m[38;5;159m, uid: [38;5;121m[3m<b40a3f6>[0m[38;5;159m, morph: [38;5;121m<gs.morphs.Plane>[0m[38;5;159m, material: [38;5;121m<gs.materials.Rigid>[0m[38;5;159m.[0m
[38;5;159m[Genesis] [09:01:54] [INFO] Adding [38;5;121m<gs.engine.entities.RigidEntity>[0m[38;5;159m. idx: [38;5;121m1[0m[38;5;159m, uid: [38;5;121m[3m<f0045d4>[0m[38;5;159m, morph: [38;5;121m<gs.morphs.URDF(file='/home/jfriesen/.local/lib/python3.12/site-packages/genesis/assets/urdf/go2/urdf/go2.urdf')>[0m[38;5;159m, material: [38;5;121m<gs.materials.Rigid>[0m[38;5;159m.[0m
[38;5;159m[Genesis] [09:01:57] [INFO] Building scene [38;5;121m[3m<a8fcefd>[0m[38;5;159m...[0m
[38;5;226m[Genesis] [09:01:57] [WARNING] Neutral robot position (qpos0) exceeds joint limits.[0m
[38;5;159m[Genesis] [09:01:58] [INFO] Compiling simulation kernels...[0m
[38;5;159m[Genesis] [09:01:59] [INFO] Building visualizer...[0m
[38;5;226m[Genesis] [09:02:00] [WARNING] This property is deprecated and will be removed in future release. Please use 'dofs_idx_local' instead.[0m
[38;5;226m[Genesis] [09:02:00] [WARNING] This property is deprecated and will be removed in future release. Please use 'dofs_idx_local' instead.[0m
[38;5;226m[Genesis] [09:02:00] [WARNING] This property is deprecated and will be removed in future release. Please use 'dofs_idx_local' instead.[0m
[38;5;226m[Genesis] [09:02:00] [WARNING] This property is deprecated and will be removed in future release. Please use 'dofs_idx_local' instead.[0m
[38;5;226m[Genesis] [09:02:00] [WARNING] This property is deprecated and will be removed in future release. Please use 'dofs_idx_local' instead.[0m
[38;5;226m[Genesis] [09:02:00] [WARNING] This property is deprecated and will be removed in future release. Please use 'dofs_idx_local' instead.[0m
[38;5;226m[Genesis] [09:02:00] [WARNING] This property is deprecated and will be removed in future release. Please use 'dofs_idx_local' instead.[0m
[38;5;226m[Genesis] [09:02:00] [WARNING] This property is deprecated and will be removed in future release. Please use 'dofs_idx_local' instead.[0m
[38;5;226m[Genesis] [09:02:00] [WARNING] This property is deprecated and will be removed in future release. Please use 'dofs_idx_local' instead.[0m
[38;5;226m[Genesis] [09:02:00] [WARNING] This property is deprecated and will be removed in future release. Please use 'dofs_idx_local' instead.[0m
[38;5;226m[Genesis] [09:02:00] [WARNING] This property is deprecated and will be removed in future release. Please use 'dofs_idx_local' instead.[0m
[38;5;226m[Genesis] [09:02:00] [WARNING] This property is deprecated and will be removed in future release. Please use 'dofs_idx_local' instead.[0m
/home/jfriesen/.local/lib/python3.12/site-packages/torch/utils/_device.py:122: UserWarning: To copy construct from a tensor, it is recommended to use sourceTensor.detach().clone() or sourceTensor.detach().clone().requires_grad_(True), rather than torch.tensor(sourceTensor).
  return func(*args, **kwargs)
Actor MLP: Sequential(
  (0): Linear(in_features=51, out_features=512, bias=True)
  (1): ELU(alpha=1.0)
  (2): Linear(in_features=512, out_features=256, bias=True)
  (3): ELU(alpha=1.0)
  (4): Linear(in_features=256, out_features=128, bias=True)
  (5): ELU(alpha=1.0)
  (6): Linear(in_features=128, out_features=12, bias=True)
)
Critic MLP: Sequential(
  (0): Linear(in_features=75, out_features=512, bias=True)
  (1): ELU(alpha=1.0)
  (2): Linear(in_features=512, out_features=256, bias=True)
  (3): ELU(alpha=1.0)
  (4): Linear(in_features=256, out_features=128, bias=True)
  (5): ELU(alpha=1.0)
  (6): Linear(in_features=128, out_features=1, bias=True)
)
[38;5;159m[Genesis] [09:02:02] [INFO] Running at [38;5;121m1.56[0m[38;5;159m FPS ([38;5;121m1.56[0m[38;5;159m FPS per env, [38;5;121m1[0m[38;5;159m envs).[0m
[38;5;159m[Genesis] [09:02:02] [INFO] Running at [38;5;121m12.78[0m[38;5;159m FPS ([38;5;121m12.78[0m[38;5;159m FPS per env, [38;5;121m1[0m[38;5;159m envs).[0m
[38;5;159m[Genesis] [09:02:02] [INFO] Running at [38;5;121m77.78[0m[38;5;159m FPS ([38;5;121m77.78[0m[38;5;159m FPS per env, [38;5;121m1[0m[38;5;159m envs).[0m
[38;5;159m[Genesis] [09:02:02] [INFO] Running at [38;5;121m77.59[0m[38;5;159m FPS ([38;5;121m77.59[0m[38;5;159m FPS per env, [38;5;121m1[0m[38;5;159m envs).[0m
[38;5;159m[Genesis] [09:02:02] [INFO] Running at [38;5;121m77.64[0m[38;5;159m FPS ([38;5;121m77.64[0m[38;5;159m FPS per env, [38;5;121m1[0m[38;5;159m envs).[0m
[38;5;159m[Genesis] [09:02:02] [INFO] Running at [38;5;121m77.71[0m[38;5;159m FPS ([38;5;121m77.71[0m[38;5;159m FPS per env, [38;5;121m1[0m[38;5;159m envs).[0m
[38;5;159m[Genesis] [09:02:02] [INFO] Running at [38;5;121m77.76[0m[38;5;159m FPS ([38;5;121m77.76[0m[38;5;159m FPS per env, [38;5;121m1[0m[38;5;159m envs).[0m
[38;5;159m[Genesis] [09:02:02] [INFO] Running at [38;5;121m77.79[0m[38;5;159m FPS ([38;5;121m77.79[0m[38;5;159m FPS per env, [38;5;121m1[0m[38;5;159m envs).[0m
[38;5;159m[Genesis] [09:02:02] [INFO] Running at [38;5;121m77.85[0m[38;5;159m FPS ([38;5;121m77.85[0m[38;5;159m FPS per env, [38;5;121m1[0m[38;5;159m envs).[0m
[38;5;159m[Genesis] [09:02:02] [INFO] Running at [38;5;121m77.88[0m[38;5;159m FPS ([38;5;121m77.88[0m[38;5;159m FPS per env, [38;5;121m1[0m[38;5;159m envs).[0m
[38;5;159m[Genesis] [09:02:02] [INFO] Running at [38;5;121m77.92[0m[38;5;159m FPS ([38;5;121m77.92[0m[38;5;159m FPS per env, [38;5;121m1[0m[38;5;159m envs).[0m
[38;5;159m[Genesis] [09:02:02] [INFO] Running at [38;5;121m77.96[0m[38;5;159m FPS ([38;5;121m77.96[0m[38;5;159m FPS per env, [38;5;121m1[0m[38;5;159m envs).[0m
[38;5;159m[Genesis] [09:02:02] [INFO] Running at [38;5;121m78.02[0m[38;5;159m FPS ([38;5;121m78.02[0m[38;5;159m FPS per env, [38;5;121m1[0m[38;5;159m envs).[0m
[38;5;159m[Genesis] [09:02:02] [INFO] Running at [38;5;121m78.04[0m[38;5;159m FPS ([38;5;121m78.04[0m[38;5;159m FPS per env, [38;5;121m1[0m[38;5;159m envs).[0m
[38;5;159m[Genesis] [09:02:03] [INFO] Running at [38;5;121m78.10[0m[38;5;159m FPS ([38;5;121m78.10[0m[38;5;159m FPS per env, [38;5;121m1[0m[38;5;159m envs).[0m
[38;5;159m[Genesis] [09:02:03] [INFO] Running at [38;5;121m78.14[0m[38;5;159m FPS ([38;5;121m78.14[0m[38;5;159m FPS per env, [38;5;121m1[0m[38;5;159m envs).[0m
[38;5;159m[Genesis] [09:02:03] [INFO] Running at [38;5;121m78.16[0m[38;5;159m FPS ([38;5;121m78.16[0m[38;5;159m FPS per env, [38;5;121m1[0m[38;5;159m envs).[0m
[38;5;159m[Genesis] [09:02:03] [INFO] Running at [38;5;121m78.20[0m[38;5;159m FPS ([38;5;121m78.20[0m[38;5;159m FPS per env, [38;5;121m1[0m[38;5;159m envs).[0m
[38;5;159m[Genesis] [09:02:03] [INFO] Running at [38;5;121m78.20[0m[38;5;159m FPS ([38;5;121m78.20[0m[38;5;159m FPS per env, [38;5;121m1[0m[38;5;159m envs).[0m
[38;5;159m[Genesis] [09:02:03] [INFO] Running at [38;5;121m78.21[0m[38;5;159m FPS ([38;5;121m78.21[0m[38;5;159m FPS per env, [38;5;121m1[0m[38;5;159m envs).[0m
[38;5;159m[Genesis] [09:02:03] [INFO] Running at [38;5;121m78.25[0m[38;5;159m FPS ([38;5;121m78.25[0m[38;5;159m FPS per env, [38;5;121m1[0m[38;5;159m envs).[0m
[38;5;159m[Genesis] [09:02:03] [INFO] Running at [38;5;121m78.27[0m[38;5;159m FPS ([38;5;121m78.27[0m[38;5;159m FPS per env, [38;5;121m1[0m[38;5;159m envs).[0m
[38;5;159m[Genesis] [09:02:03] [INFO] Running at [38;5;121m78.09[0m[38;5;159m FPS ([38;5;121m78.09[0m[38;5;159m FPS per env, [38;5;121m1[0m[38;5;159m envs).[0m
[38;5;159m[Genesis] [09:02:03] [INFO] Running at [38;5;121m78.13[0m[38;5;159m FPS ([38;5;121m78.13[0m[38;5;159m FPS per env, [38;5;121m1[0m[38;5;159m envs).[0m
[38;5;159m[Genesis] [09:02:03] [INFO] Running at [38;5;121m78.17[0m[38;5;159m FPS ([38;5;121m78.17[0m[38;5;159m FPS per env, [38;5;121m1[0m[38;5;159m envs).[0m
[38;5;159m[Genesis] [09:02:03] [INFO] Running at [38;5;121m78.19[0m[38;5;159m FPS ([38;5;121m78.19[0m[38;5;159m FPS per env, [38;5;121m1[0m[38;5;159m envs).[0m
[38;5;159m[Genesis] [09:02:03] [INFO] Running at [38;5;121m78.22[0m[38;5;159m FPS ([38;5;121m78.22[0m[38;5;159m FPS per env, [38;5;121m1[0m[38;5;159m envs).[0m
[38;5;159m[Genesis] [09:02:03] [INFO] Running at [38;5;121m78.27[0m[38;5;159m FPS ([38;5;121m78.27[0m[38;5;159m FPS per env, [38;5;121m1[0m[38;5;159m envs).[0m
[38;5;159m[Genesis] [09:02:03] [INFO] Running at [38;5;121m78.27[0m[38;5;159m FPS ([38;5;121m78.27[0m[38;5;159m FPS per env, [38;5;121m1[0m[38;5;159m envs).[0m
[38;5;159m[Genesis] [09:02:03] [INFO] Running at [38;5;121m78.30[0m[38;5;159m FPS ([38;5;121m78.30[0m[38;5;159m FPS per env, [38;5;121m1[0m[38;5;159m envs).[0m
[38;5;159m[Genesis] [09:02:03] [INFO] Running at [38;5;121m78.33[0m[38;5;159m FPS ([38;5;121m78.33[0m[38;5;159m FPS per env, [38;5;121m1[0m[38;5;159m envs).[0m
[38;5;159m[Genesis] [09:02:03] [INFO] Running at [38;5;121m78.34[0m[38;5;159m FPS ([38;5;121m78.34[0m[38;5;159m FPS per env, [38;5;121m1[0m[38;5;159m envs).[0m
[38;5;159m[Genesis] [09:02:03] [INFO] Running at [38;5;121m78.37[0m[38;5;159m FPS ([38;5;121m78.37[0m[38;5;159m FPS per env, [38;5;121m1[0m[38;5;159m envs).[0m
[38;5;159m[Genesis] [09:02:03] [INFO] Running at [38;5;121m78.41[0m[38;5;159m FPS ([38;5;121m78.41[0m[38;5;159m FPS per env, [38;5;121m1[0m[38;5;159m envs).[0m
[38;5;159m[Genesis] [09:02:04] [INFO] Running at [38;5;121m78.43[0m[38;5;159m FPS ([38;5;121m78.43[0m[38;5;159m FPS per env, [38;5;121m1[0m[38;5;159m envs).[0m
[38;5;159m[Genesis] [09:02:04] [INFO] Running at [38;5;121m78.46[0m[38;5;159m FPS ([38;5;121m78.46[0m[38;5;159m FPS per env, [38;5;121m1[0m[38;5;159m envs).[0m
[38;5;159m[Genesis] [09:02:04] [INFO] Running at [38;5;121m78.47[0m[38;5;159m FPS ([38;5;121m78.47[0m[38;5;159m FPS per env, [38;5;121m1[0m[38;5;159m envs).[0m
[38;5;159m[Genesis] [09:02:04] [INFO] Running at [38;5;121m78.48[0m[38;5;159m FPS ([38;5;121m78.48[0m[38;5;159m FPS per env, [38;5;121m1[0m[38;5;159m envs).[0m
[38;5;159m[Genesis] [09:02:04] [INFO] Running at [38;5;121m78.51[0m[38;5;159m FPS ([38;5;121m78.51[0m[38;5;159m FPS per env, [38;5;121m1[0m[38;5;159m envs).[0m
[38;5;159m[Genesis] [09:02:04] [INFO] Running at [38;5;121m78.53[0m[38;5;159m FPS ([38;5;121m78.53[0m[38;5;159m FPS per env, [38;5;121m1[0m[38;5;159m envs).[0m
[38;5;159m[Genesis] [09:02:04] [INFO] Running at [38;5;121m78.58[0m[38;5;159m FPS ([38;5;121m78.58[0m[38;5;159m FPS per env, [38;5;121m1[0m[38;5;159m envs).[0m
[38;5;159m[Genesis] [09:02:04] [INFO] Running at [38;5;121m78.59[0m[38;5;159m FPS ([38;5;121m78.59[0m[38;5;159m FPS per env, [38;5;121m1[0m[38;5;159m envs).[0m
[38;5;159m[Genesis] [09:02:04] [INFO] Running at [38;5;121m78.61[0m[38;5;159m FPS ([38;5;121m78.61[0m[38;5;159m FPS per env, [38;5;121m1[0m[38;5;159m envs).[0m
[38;5;159m[Genesis] [09:02:04] [INFO] Running at [38;5;121m78.48[0m[38;5;159m FPS ([38;5;121m78.48[0m[38;5;159m FPS per env, [38;5;121m1[0m[38;5;159m envs).[0m
[38;5;159m[Genesis] [09:02:04] [INFO] Running at [38;5;121m78.50[0m[38;5;159m FPS ([38;5;121m78.50[0m[38;5;159m FPS per env, [38;5;121m1[0m[38;5;159m envs).[0m
[38;5;159m[Genesis] [09:02:04] [INFO] Running at [38;5;121m78.54[0m[38;5;159m FPS ([38;5;121m78.54[0m[38;5;159m FPS per env, [38;5;121m1[0m[38;5;159m envs).[0m
[38;5;159m[Genesis] [09:02:04] [INFO] Running at [38;5;121m78.55[0m[38;5;159m FPS ([38;5;121m78.55[0m[38;5;159m FPS per env, [38;5;121m1[0m[38;5;159m envs).[0m
[38;5;159m[Genesis] [09:02:04] [INFO] Running at [38;5;121m78.58[0m[38;5;159m FPS ([38;5;121m78.58[0m[38;5;159m FPS per env, [38;5;121m1[0m[38;5;159m envs).[0m
[38;5;159m[Genesis] [09:02:04] [INFO] Running at [38;5;121m78.61[0m[38;5;159m FPS ([38;5;121m78.61[0m[38;5;159m FPS per env, [38;5;121m1[0m[38;5;159m envs).[0m
[38;5;159m[Genesis] [09:02:04] [INFO] Running at [38;5;121m78.64[0m[38;5;159m FPS ([38;5;121m78.64[0m[38;5;159m FPS per env, [38;5;121m1[0m[38;5;159m envs).[0m
[38;5;159m[Genesis] [09:02:04] [INFO] Running at [38;5;121m78.66[0m[38;5;159m FPS ([38;5;121m78.66[0m[38;5;159m FPS per env, [38;5;121m1[0m[38;5;159m envs).[0m
[38;5;159m[Genesis] [09:02:04] [INFO] Running at [38;5;121m78.66[0m[38;5;159m FPS ([38;5;121m78.66[0m[38;5;159m FPS per env, [38;5;121m1[0m[38;5;159m envs).[0m
[38;5;159m[Genesis] [09:02:04] [INFO] Running at [38;5;121m78.68[0m[38;5;159m FPS ([38;5;121m78.68[0m[38;5;159m FPS per env, [38;5;121m1[0m[38;5;159m envs).[0m
[38;5;159m[Genesis] [09:02:05] [INFO] Running at [38;5;121m78.71[0m[38;5;159m FPS ([38;5;121m78.71[0m[38;5;159m FPS per env, [38;5;121m1[0m[38;5;159m envs).[0m
[38;5;159m[Genesis] [09:02:05] [INFO] Running at [38;5;121m78.74[0m[38;5;159m FPS ([38;5;121m78.74[0m[38;5;159m FPS per env, [38;5;121m1[0m[38;5;159m envs).[0m
[38;5;159m[Genesis] [09:02:05] [INFO] Running at [38;5;121m78.76[0m[38;5;159m FPS ([38;5;121m78.76[0m[38;5;159m FPS per env, [38;5;121m1[0m[38;5;159m envs).[0m
[38;5;159m[Genesis] [09:02:05] [INFO] Running at [38;5;121m78.78[0m[38;5;159m FPS ([38;5;121m78.78[0m[38;5;159m FPS per env, [38;5;121m1[0m[38;5;159m envs).[0m
[38;5;159m[Genesis] [09:02:05] [INFO] Running at [38;5;121m78.80[0m[38;5;159m FPS ([38;5;121m78.80[0m[38;5;159m FPS per env, [38;5;121m1[0m[38;5;159m envs).[0m
[38;5;159m[Genesis] [09:02:05] [INFO] Running at [38;5;121m78.79[0m[38;5;159m FPS ([38;5;121m78.79[0m[38;5;159m FPS per env, [38;5;121m1[0m[38;5;159m envs).[0m
[38;5;159m[Genesis] [09:02:05] [INFO] Running at [38;5;121m78.80[0m[38;5;159m FPS ([38;5;121m78.80[0m[38;5;159m FPS per env, [38;5;121m1[0m[38;5;159m envs).[0m
[38;5;159m[Genesis] [09:02:05] [INFO] Running at [38;5;121m78.79[0m[38;5;159m FPS ([38;5;121m78.79[0m[38;5;159m FPS per env, [38;5;121m1[0m[38;5;159m envs).[0m
[38;5;159m[Genesis] [09:02:05] [INFO] Running at [38;5;121m78.80[0m[38;5;159m FPS ([38;5;121m78.80[0m[38;5;159m FPS per env, [38;5;121m1[0m[38;5;159m envs).[0m
[38;5;159m[Genesis] [09:02:05] [INFO] Running at [38;5;121m78.80[0m[38;5;159m FPS ([38;5;121m78.80[0m[38;5;159m FPS per env, [38;5;121m1[0m[38;5;159m envs).[0m
[38;5;159m[Genesis] [09:02:05] [INFO] Running at [38;5;121m78.81[0m[38;5;159m FPS ([38;5;121m78.81[0m[38;5;159m FPS per env, [38;5;121m1[0m[38;5;159m envs).[0m
[38;5;159m[Genesis] [09:02:05] [INFO] Running at [38;5;121m78.82[0m[38;5;159m FPS ([38;5;121m78.82[0m[38;5;159m FPS per env, [38;5;121m1[0m[38;5;159m envs).[0m
[38;5;159m[Genesis] [09:02:05] [INFO] Running at [38;5;121m78.65[0m[38;5;159m FPS ([38;5;121m78.65[0m[38;5;159m FPS per env, [38;5;121m1[0m[38;5;159m envs).[0m
[38;5;159m[Genesis] [09:02:05] [INFO] Running at [38;5;121m78.55[0m[38;5;159m FPS ([38;5;121m78.55[0m[38;5;159m FPS per env, [38;5;121m1[0m[38;5;159m envs).[0m
[38;5;159m[Genesis] [09:02:05] [INFO] Running at [38;5;121m78.06[0m[38;5;159m FPS ([38;5;121m78.06[0m[38;5;159m FPS per env, [38;5;121m1[0m[38;5;159m envs).[0m
[38;5;159m[Genesis] [09:02:05] [INFO] Running at [38;5;121m77.60[0m[38;5;159m FPS ([38;5;121m77.60[0m[38;5;159m FPS per env, [38;5;121m1[0m[38;5;159m envs).[0m
[38;5;159m[Genesis] [09:02:05] [INFO] Running at [38;5;121m77.17[0m[38;5;159m FPS ([38;5;121m77.17[0m[38;5;159m FPS per env, [38;5;121m1[0m[38;5;159m envs).[0m
[38;5;159m[Genesis] [09:02:05] [INFO] Running at [38;5;121m76.73[0m[38;5;159m FPS ([38;5;121m76.73[0m[38;5;159m FPS per env, [38;5;121m1[0m[38;5;159m envs).[0m
[38;5;159m[Genesis] [09:02:05] [INFO] Running at [38;5;121m76.34[0m[38;5;159m FPS ([38;5;121m76.34[0m[38;5;159m FPS per env, [38;5;121m1[0m[38;5;159m envs).[0m
[38;5;159m[Genesis] [09:02:06] [INFO] Running at [38;5;121m75.99[0m[38;5;159m FPS ([38;5;121m75.99[0m[38;5;159m FPS per env, [38;5;121m1[0m[38;5;159m envs).[0m
[38;5;159m[Genesis] [09:02:06] [INFO] Running at [38;5;121m75.74[0m[38;5;159m FPS ([38;5;121m75.74[0m[38;5;159m FPS per env, [38;5;121m1[0m[38;5;159m envs).[0m
[38;5;159m[Genesis] [09:02:06] [INFO] Running at [38;5;121m75.90[0m[38;5;159m FPS ([38;5;121m75.90[0m[38;5;159m FPS per env, [38;5;121m1[0m[38;5;159m envs).[0m
[38;5;159m[Genesis] [09:02:06] [INFO] Running at [38;5;121m76.07[0m[38;5;159m FPS ([38;5;121m76.07[0m[38;5;159m FPS per env, [38;5;121m1[0m[38;5;159m envs).[0m
[38;5;159m[Genesis] [09:02:06] [INFO] Running at [38;5;121m76.22[0m[38;5;159m FPS ([38;5;121m76.22[0m[38;5;159m FPS per env, [38;5;121m1[0m[38;5;159m envs).[0m
[38;5;159m[Genesis] [09:02:06] [INFO] Running at [38;5;121m76.28[0m[38;5;159m FPS ([38;5;121m76.28[0m[38;5;159m FPS per env, [38;5;121m1[0m[38;5;159m envs).[0m
[38;5;159m[Genesis] [09:02:06] [INFO] Running at [38;5;121m76.37[0m[38;5;159m FPS ([38;5;121m76.37[0m[38;5;159m FPS per env, [38;5;121m1[0m[38;5;159m envs).[0m
[38;5;159m[Genesis] [09:02:06] [INFO] Running at [38;5;121m76.51[0m[38;5;159m FPS ([38;5;121m76.51[0m[38;5;159m FPS per env, [38;5;121m1[0m[38;5;159m envs).[0m
[38;5;159m[Genesis] [09:02:06] [INFO] Running at [38;5;121m76.66[0m[38;5;159m FPS ([38;5;121m76.66[0m[38;5;159m FPS per env, [38;5;121m1[0m[38;5;159m envs).[0m
[38;5;159m[Genesis] [09:02:06] [INFO] Running at [38;5;121m76.51[0m[38;5;159m FPS ([38;5;121m76.51[0m[38;5;159m FPS per env, [38;5;121m1[0m[38;5;159m envs).[0m
[38;5;159m[Genesis] [09:02:06] [INFO] Running at [38;5;121m76.14[0m[38;5;159m FPS ([38;5;121m76.14[0m[38;5;159m FPS per env, [38;5;121m1[0m[38;5;159m envs).[0m
[38;5;159m[Genesis] [09:02:06] [INFO] Running at [38;5;121m75.82[0m[38;5;159m FPS ([38;5;121m75.82[0m[38;5;159m FPS per env, [38;5;121m1[0m[38;5;159m envs).[0m
[38;5;159m[Genesis] [09:02:06] [INFO] Running at [38;5;121m75.32[0m[38;5;159m FPS ([38;5;121m75.32[0m[38;5;159m FPS per env, [38;5;121m1[0m[38;5;159m envs).[0m
[38;5;159m[Genesis] [09:02:06] [INFO] Running at [38;5;121m75.51[0m[38;5;159m FPS ([38;5;121m75.51[0m[38;5;159m FPS per env, [38;5;121m1[0m[38;5;159m envs).[0m
[38;5;159m[Genesis] [09:02:06] [INFO] Running at [38;5;121m75.50[0m[38;5;159m FPS ([38;5;121m75.50[0m[38;5;159m FPS per env, [38;5;121m1[0m[38;5;159m envs).[0m
[38;5;159m[Genesis] [09:02:06] [INFO] Running at [38;5;121m75.67[0m[38;5;159m FPS ([38;5;121m75.67[0m[38;5;159m FPS per env, [38;5;121m1[0m[38;5;159m envs).[0m
[38;5;159m[Genesis] [09:02:06] [INFO] Running at [38;5;121m75.84[0m[38;5;159m FPS ([38;5;121m75.84[0m[38;5;159m FPS per env, [38;5;121m1[0m[38;5;159m envs).[0m
[38;5;159m[Genesis] [09:02:06] [INFO] Running at [38;5;121m75.96[0m[38;5;159m FPS ([38;5;121m75.96[0m[38;5;159m FPS per env, [38;5;121m1[0m[38;5;159m envs).[0m
[38;5;159m[Genesis] [09:02:06] [INFO] Running at [38;5;121m76.13[0m[38;5;159m FPS ([38;5;121m76.13[0m[38;5;159m FPS per env, [38;5;121m1[0m[38;5;159m envs).[0m
[38;5;159m[Genesis] [09:02:07] [INFO] Running at [38;5;121m76.24[0m[38;5;159m FPS ([38;5;121m76.24[0m[38;5;159m FPS per env, [38;5;121m1[0m[38;5;159m envs).[0m
[38;5;159m[Genesis] [09:02:07] [INFO] Running at [38;5;121m76.22[0m[38;5;159m FPS ([38;5;121m76.22[0m[38;5;159m FPS per env, [38;5;121m1[0m[38;5;159m envs).[0m
[38;5;159m[Genesis] [09:02:07] [INFO] Running at [38;5;121m75.90[0m[38;5;159m FPS ([38;5;121m75.90[0m[38;5;159m FPS per env, [38;5;121m1[0m[38;5;159m envs).[0m
[38;5;159m[Genesis] [09:02:07] [INFO] Running at [38;5;121m75.60[0m[38;5;159m FPS ([38;5;121m75.60[0m[38;5;159m FPS per env, [38;5;121m1[0m[38;5;159m envs).[0m
[38;5;159m[Genesis] [09:02:07] [INFO] Running at [38;5;121m75.25[0m[38;5;159m FPS ([38;5;121m75.25[0m[38;5;159m FPS per env, [38;5;121m1[0m[38;5;159m envs).[0m
[38;5;159m[Genesis] [09:02:07] [INFO] Running at [38;5;121m75.17[0m[38;5;159m FPS ([38;5;121m75.17[0m[38;5;159m FPS per env, [38;5;121m1[0m[38;5;159m envs).[0m
[38;5;159m[Genesis] [09:02:07] [INFO] Running at [38;5;121m75.34[0m[38;5;159m FPS ([38;5;121m75.34[0m[38;5;159m FPS per env, [38;5;121m1[0m[38;5;159m envs).[0m
[38;5;159m[Genesis] [09:02:07] [INFO] Running at [38;5;121m75.53[0m[38;5;159m FPS ([38;5;121m75.53[0m[38;5;159m FPS per env, [38;5;121m1[0m[38;5;159m envs).[0m
[38;5;159m[Genesis] [09:02:07] [INFO] Running at [38;5;121m75.73[0m[38;5;159m FPS ([38;5;121m75.73[0m[38;5;159m FPS per env, [38;5;121m1[0m[38;5;159m envs).[0m
[38;5;159m[Genesis] [09:02:07] [INFO] Running at [38;5;121m75.51[0m[38;5;159m FPS ([38;5;121m75.51[0m[38;5;159m FPS per env, [38;5;121m1[0m[38;5;159m envs).[0m
[38;5;159m[Genesis] [09:02:07] [INFO] Running at [38;5;121m75.21[0m[38;5;159m FPS ([38;5;121m75.21[0m[38;5;159m FPS per env, [38;5;121m1[0m[38;5;159m envs).[0m
[38;5;159m[Genesis] [09:02:07] [INFO] Running at [38;5;121m74.93[0m[38;5;159m FPS ([38;5;121m74.93[0m[38;5;159m FPS per env, [38;5;121m1[0m[38;5;159m envs).[0m
[38;5;159m[Genesis] [09:02:07] [INFO] Running at [38;5;121m74.79[0m[38;5;159m FPS ([38;5;121m74.79[0m[38;5;159m FPS per env, [38;5;121m1[0m[38;5;159m envs).[0m
[38;5;159m[Genesis] [09:02:07] [INFO] Running at [38;5;121m74.98[0m[38;5;159m FPS ([38;5;121m74.98[0m[38;5;159m FPS per env, [38;5;121m1[0m[38;5;159m envs).[0m
[38;5;159m[Genesis] [09:02:07] [INFO] Running at [38;5;121m75.17[0m[38;5;159m FPS ([38;5;121m75.17[0m[38;5;159m FPS per env, [38;5;121m1[0m[38;5;159m envs).[0m
[38;5;159m[Genesis] [09:02:07] [INFO] Running at [38;5;121m75.36[0m[38;5;159m FPS ([38;5;121m75.36[0m[38;5;159m FPS per env, [38;5;121m1[0m[38;5;159m envs).[0m
[38;5;159m[Genesis] [09:02:07] [INFO] Running at [38;5;121m75.36[0m[38;5;159m FPS ([38;5;121m75.36[0m[38;5;159m FPS per env, [38;5;121m1[0m[38;5;159m envs).[0m
[38;5;159m[Genesis] [09:02:07] [INFO] Running at [38;5;121m75.52[0m[38;5;159m FPS ([38;5;121m75.52[0m[38;5;159m FPS per env, [38;5;121m1[0m[38;5;159m envs).[0m
[38;5;159m[Genesis] [09:02:07] [INFO] Running at [38;5;121m75.68[0m[38;5;159m FPS ([38;5;121m75.68[0m[38;5;159m FPS per env, [38;5;121m1[0m[38;5;159m envs).[0m
[38;5;159m[Genesis] [09:02:08] [INFO] Running at [38;5;121m75.84[0m[38;5;159m FPS ([38;5;121m75.84[0m[38;5;159m FPS per env, [38;5;121m1[0m[38;5;159m envs).[0m
[38;5;159m[Genesis] [09:02:08] [INFO] Running at [38;5;121m75.74[0m[38;5;159m FPS ([38;5;121m75.74[0m[38;5;159m FPS per env, [38;5;121m1[0m[38;5;159m envs).[0m
[38;5;159m[Genesis] [09:02:08] [INFO] Running at [38;5;121m75.45[0m[38;5;159m FPS ([38;5;121m75.45[0m[38;5;159m FPS per env, [38;5;121m1[0m[38;5;159m envs).[0m
[38;5;159m[Genesis] [09:02:08] [INFO] Running at [38;5;121m75.15[0m[38;5;159m FPS ([38;5;121m75.15[0m[38;5;159m FPS per env, [38;5;121m1[0m[38;5;159m envs).[0m
[38;5;159m[Genesis] [09:02:08] [INFO] Running at [38;5;121m74.84[0m[38;5;159m FPS ([38;5;121m74.84[0m[38;5;159m FPS per env, [38;5;121m1[0m[38;5;159m envs).[0m
[38;5;159m[Genesis] [09:02:08] [INFO] Running at [38;5;121m74.91[0m[38;5;159m FPS ([38;5;121m74.91[0m[38;5;159m FPS per env, [38;5;121m1[0m[38;5;159m envs).[0m
[38;5;159m[Genesis] [09:02:08] [INFO] Running at [38;5;121m75.12[0m[38;5;159m FPS ([38;5;121m75.12[0m[38;5;159m FPS per env, [38;5;121m1[0m[38;5;159m envs).[0m
[38;5;159m[Genesis] [09:02:08] [INFO] Running at [38;5;121m75.32[0m[38;5;159m FPS ([38;5;121m75.32[0m[38;5;159m FPS per env, [38;5;121m1[0m[38;5;159m envs).[0m
[38;5;159m[Genesis] [09:02:08] [INFO] Running at [38;5;121m75.48[0m[38;5;159m FPS ([38;5;121m75.48[0m[38;5;159m FPS per env, [38;5;121m1[0m[38;5;159m envs).[0m
[38;5;159m[Genesis] [09:02:08] [INFO] Running at [38;5;121m75.66[0m[38;5;159m FPS ([38;5;121m75.66[0m[38;5;159m FPS per env, [38;5;121m1[0m[38;5;159m envs).[0m
[38;5;159m[Genesis] [09:02:08] [INFO] Running at [38;5;121m75.84[0m[38;5;159m FPS ([38;5;121m75.84[0m[38;5;159m FPS per env, [38;5;121m1[0m[38;5;159m envs).[0m
[38;5;159m[Genesis] [09:02:08] [INFO] Running at [38;5;121m76.01[0m[38;5;159m FPS ([38;5;121m76.01[0m[38;5;159m FPS per env, [38;5;121m1[0m[38;5;159m envs).[0m
[38;5;159m[Genesis] [09:02:08] [INFO] Running at [38;5;121m76.15[0m[38;5;159m FPS ([38;5;121m76.15[0m[38;5;159m FPS per env, [38;5;121m1[0m[38;5;159m envs).[0m
[38;5;159m[Genesis] [09:02:08] [INFO] Running at [38;5;121m75.82[0m[38;5;159m FPS ([38;5;121m75.82[0m[38;5;159m FPS per env, [38;5;121m1[0m[38;5;159m envs).[0m
[38;5;159m[Genesis] [09:02:08] [INFO] Running at [38;5;121m75.49[0m[38;5;159m FPS ([38;5;121m75.49[0m[38;5;159m FPS per env, [38;5;121m1[0m[38;5;159m envs).[0m
[38;5;159m[Genesis] [09:02:08] [INFO] Running at [38;5;121m75.21[0m[38;5;159m FPS ([38;5;121m75.21[0m[38;5;159m FPS per env, [38;5;121m1[0m[38;5;159m envs).[0m
[38;5;159m[Genesis] [09:02:08] [INFO] Running at [38;5;121m75.17[0m[38;5;159m FPS ([38;5;121m75.17[0m[38;5;159m FPS per env, [38;5;121m1[0m[38;5;159m envs).[0m
[38;5;159m[Genesis] [09:02:08] [INFO] Running at [38;5;121m75.37[0m[38;5;159m FPS ([38;5;121m75.37[0m[38;5;159m FPS per env, [38;5;121m1[0m[38;5;159m envs).[0m
[38;5;159m[Genesis] [09:02:08] [INFO] Running at [38;5;121m75.54[0m[38;5;159m FPS ([38;5;121m75.54[0m[38;5;159m FPS per env, [38;5;121m1[0m[38;5;159m envs).[0m
[38;5;159m[Genesis] [09:02:09] [INFO] Running at [38;5;121m75.53[0m[38;5;159m FPS ([38;5;121m75.53[0m[38;5;159m FPS per env, [38;5;121m1[0m[38;5;159m envs).[0m
[38;5;159m[Genesis] [09:02:09] [INFO] Running at [38;5;121m75.24[0m[38;5;159m FPS ([38;5;121m75.24[0m[38;5;159m FPS per env, [38;5;121m1[0m[38;5;159m envs).[0m
[38;5;159m[Genesis] [09:02:09] [INFO] Running at [38;5;121m74.93[0m[38;5;159m FPS ([38;5;121m74.93[0m[38;5;159m FPS per env, [38;5;121m1[0m[38;5;159m envs).[0m
[38;5;159m[Genesis] [09:02:09] [INFO] Running at [38;5;121m74.68[0m[38;5;159m FPS ([38;5;121m74.68[0m[38;5;159m FPS per env, [38;5;121m1[0m[38;5;159m envs).[0m
[38;5;159m[Genesis] [09:02:09] [INFO] Running at [38;5;121m74.46[0m[38;5;159m FPS ([38;5;121m74.46[0m[38;5;159m FPS per env, [38;5;121m1[0m[38;5;159m envs).[0m
[38;5;159m[Genesis] [09:02:09] [INFO] Running at [38;5;121m74.68[0m[38;5;159m FPS ([38;5;121m74.68[0m[38;5;159m FPS per env, [38;5;121m1[0m[38;5;159m envs).[0m
[38;5;159m[Genesis] [09:02:09] [INFO] Running at [38;5;121m74.90[0m[38;5;159m FPS ([38;5;121m74.90[0m[38;5;159m FPS per env, [38;5;121m1[0m[38;5;159m envs).[0m
[38;5;159m[Genesis] [09:02:09] [INFO] Running at [38;5;121m75.09[0m[38;5;159m FPS ([38;5;121m75.09[0m[38;5;159m FPS per env, [38;5;121m1[0m[38;5;159m envs).[0m
[38;5;159m[Genesis] [09:02:09] [INFO] Running at [38;5;121m75.29[0m[38;5;159m FPS ([38;5;121m75.29[0m[38;5;159m FPS per env, [38;5;121m1[0m[38;5;159m envs).[0m
[38;5;159m[Genesis] [09:02:09] [INFO] Running at [38;5;121m75.48[0m[38;5;159m FPS ([38;5;121m75.48[0m[38;5;159m FPS per env, [38;5;121m1[0m[38;5;159m envs).[0m
[38;5;159m[Genesis] [09:02:09] [INFO] Running at [38;5;121m75.67[0m[38;5;159m FPS ([38;5;121m75.67[0m[38;5;159m FPS per env, [38;5;121m1[0m[38;5;159m envs).[0m
[38;5;159m[Genesis] [09:02:09] [INFO] Running at [38;5;121m75.86[0m[38;5;159m FPS ([38;5;121m75.86[0m[38;5;159m FPS per env, [38;5;121m1[0m[38;5;159m envs).[0m
[38;5;159m[Genesis] [09:02:09] [INFO] Running at [38;5;121m75.91[0m[38;5;159m FPS ([38;5;121m75.91[0m[38;5;159m FPS per env, [38;5;121m1[0m[38;5;159m envs).[0m
[38;5;159m[Genesis] [09:02:09] [INFO] Running at [38;5;121m75.61[0m[38;5;159m FPS ([38;5;121m75.61[0m[38;5;159m FPS per env, [38;5;121m1[0m[38;5;159m envs).[0m
[38;5;159m[Genesis] [09:02:09] [INFO] Running at [38;5;121m75.29[0m[38;5;159m FPS ([38;5;121m75.29[0m[38;5;159m FPS per env, [38;5;121m1[0m[38;5;159m envs).[0m
[38;5;159m[Genesis] [09:02:09] [INFO] Running at [38;5;121m75.00[0m[38;5;159m FPS ([38;5;121m75.00[0m[38;5;159m FPS per env, [38;5;121m1[0m[38;5;159m envs).[0m
[38;5;159m[Genesis] [09:02:09] [INFO] Running at [38;5;121m75.08[0m[38;5;159m FPS ([38;5;121m75.08[0m[38;5;159m FPS per env, [38;5;121m1[0m[38;5;159m envs).[0m
[38;5;159m[Genesis] [09:02:09] [INFO] Running at [38;5;121m75.27[0m[38;5;159m FPS ([38;5;121m75.27[0m[38;5;159m FPS per env, [38;5;121m1[0m[38;5;159m envs).[0m
[38;5;159m[Genesis] [09:02:09] [INFO] Running at [38;5;121m75.47[0m[38;5;159m FPS ([38;5;121m75.47[0m[38;5;159m FPS per env, [38;5;121m1[0m[38;5;159m envs).[0m
[38;5;159m[Genesis] [09:02:10] [INFO] Running at [38;5;121m75.66[0m[38;5;159m FPS ([38;5;121m75.66[0m[38;5;159m FPS per env, [38;5;121m1[0m[38;5;159m envs).[0m
[38;5;159m[Genesis] [09:02:10] [INFO] Running at [38;5;121m75.85[0m[38;5;159m FPS ([38;5;121m75.85[0m[38;5;159m FPS per env, [38;5;121m1[0m[38;5;159m envs).[0m
[38;5;159m[Genesis] [09:02:10] [INFO] Running at [38;5;121m75.86[0m[38;5;159m FPS ([38;5;121m75.86[0m[38;5;159m FPS per env, [38;5;121m1[0m[38;5;159m envs).[0m
[38;5;159m[Genesis] [09:02:10] [INFO] Running at [38;5;121m76.00[0m[38;5;159m FPS ([38;5;121m76.00[0m[38;5;159m FPS per env, [38;5;121m1[0m[38;5;159m envs).[0m
[38;5;159m[Genesis] [09:02:10] [INFO] Running at [38;5;121m76.14[0m[38;5;159m FPS ([38;5;121m76.14[0m[38;5;159m FPS per env, [38;5;121m1[0m[38;5;159m envs).[0m
[38;5;159m[Genesis] [09:02:10] [INFO] Running at [38;5;121m75.87[0m[38;5;159m FPS ([38;5;121m75.87[0m[38;5;159m FPS per env, [38;5;121m1[0m[38;5;159m envs).[0m
[38;5;159m[Genesis] [09:02:10] [INFO] Running at [38;5;121m75.54[0m[38;5;159m FPS ([38;5;121m75.54[0m[38;5;159m FPS per env, [38;5;121m1[0m[38;5;159m envs).[0m
[38;5;159m[Genesis] [09:02:10] [INFO] Running at [38;5;121m75.26[0m[38;5;159m FPS ([38;5;121m75.26[0m[38;5;159m FPS per env, [38;5;121m1[0m[38;5;159m envs).[0m
[38;5;159m[Genesis] [09:02:10] [INFO] Running at [38;5;121m75.10[0m[38;5;159m FPS ([38;5;121m75.10[0m[38;5;159m FPS per env, [38;5;121m1[0m[38;5;159m envs).[0m
[38;5;159m[Genesis] [09:02:10] [INFO] Running at [38;5;121m75.29[0m[38;5;159m FPS ([38;5;121m75.29[0m[38;5;159m FPS per env, [38;5;121m1[0m[38;5;159m envs).[0m
[38;5;159m[Genesis] [09:02:10] [INFO] Running at [38;5;121m75.48[0m[38;5;159m FPS ([38;5;121m75.48[0m[38;5;159m FPS per env, [38;5;121m1[0m[38;5;159m envs).[0m
[38;5;159m[Genesis] [09:02:10] [INFO] Running at [38;5;121m75.63[0m[38;5;159m FPS ([38;5;121m75.63[0m[38;5;159m FPS per env, [38;5;121m1[0m[38;5;159m envs).[0m
[38;5;159m[Genesis] [09:02:10] [INFO] Running at [38;5;121m75.55[0m[38;5;159m FPS ([38;5;121m75.55[0m[38;5;159m FPS per env, [38;5;121m1[0m[38;5;159m envs).[0m
[38;5;159m[Genesis] [09:02:10] [INFO] Running at [38;5;121m75.26[0m[38;5;159m FPS ([38;5;121m75.26[0m[38;5;159m FPS per env, [38;5;121m1[0m[38;5;159m envs).[0m
[38;5;159m[Genesis] [09:02:10] [INFO] Running at [38;5;121m74.89[0m[38;5;159m FPS ([38;5;121m74.89[0m[38;5;159m FPS per env, [38;5;121m1[0m[38;5;159m envs).[0m
[38;5;159m[Genesis] [09:02:10] [INFO] Running at [38;5;121m74.62[0m[38;5;159m FPS ([38;5;121m74.62[0m[38;5;159m FPS per env, [38;5;121m1[0m[38;5;159m envs).[0m
[38;5;159m[Genesis] [09:02:10] [INFO] Running at [38;5;121m74.84[0m[38;5;159m FPS ([38;5;121m74.84[0m[38;5;159m FPS per env, [38;5;121m1[0m[38;5;159m envs).[0m
[38;5;159m[Genesis] [09:02:10] [INFO] Running at [38;5;121m75.04[0m[38;5;159m FPS ([38;5;121m75.04[0m[38;5;159m FPS per env, [38;5;121m1[0m[38;5;159m envs).[0m
[38;5;159m[Genesis] [09:02:11] [INFO] Running at [38;5;121m75.25[0m[38;5;159m FPS ([38;5;121m75.25[0m[38;5;159m FPS per env, [38;5;121m1[0m[38;5;159m envs).[0m
[38;5;159m[Genesis] [09:02:11] [INFO] Running at [38;5;121m75.43[0m[38;5;159m FPS ([38;5;121m75.43[0m[38;5;159m FPS per env, [38;5;121m1[0m[38;5;159m envs).[0m
[38;5;159m[Genesis] [09:02:11] [INFO] Running at [38;5;121m75.60[0m[38;5;159m FPS ([38;5;121m75.60[0m[38;5;159m FPS per env, [38;5;121m1[0m[38;5;159m envs).[0m
[38;5;159m[Genesis] [09:02:11] [INFO] Running at [38;5;121m75.78[0m[38;5;159m FPS ([38;5;121m75.78[0m[38;5;159m FPS per env, [38;5;121m1[0m[38;5;159m envs).[0m
[38;5;159m[Genesis] [09:02:11] [INFO] Running at [38;5;121m75.95[0m[38;5;159m FPS ([38;5;121m75.95[0m[38;5;159m FPS per env, [38;5;121m1[0m[38;5;159m envs).[0m
[38;5;159m[Genesis] [09:02:11] [INFO] Running at [38;5;121m75.85[0m[38;5;159m FPS ([38;5;121m75.85[0m[38;5;159m FPS per env, [38;5;121m1[0m[38;5;159m envs).[0m
[38;5;159m[Genesis] [09:02:11] [INFO] Running at [38;5;121m75.50[0m[38;5;159m FPS ([38;5;121m75.50[0m[38;5;159m FPS per env, [38;5;121m1[0m[38;5;159m envs).[0m
[38;5;159m[Genesis] [09:02:11] [INFO] Running at [38;5;121m75.17[0m[38;5;159m FPS ([38;5;121m75.17[0m[38;5;159m FPS per env, [38;5;121m1[0m[38;5;159m envs).[0m
[38;5;159m[Genesis] [09:02:11] [INFO] Running at [38;5;121m74.90[0m[38;5;159m FPS ([38;5;121m74.90[0m[38;5;159m FPS per env, [38;5;121m1[0m[38;5;159m envs).[0m
[38;5;159m[Genesis] [09:02:11] [INFO] Running at [38;5;121m74.86[0m[38;5;159m FPS ([38;5;121m74.86[0m[38;5;159m FPS per env, [38;5;121m1[0m[38;5;159m envs).[0m
[38;5;159m[Genesis] [09:02:11] [INFO] Running at [38;5;121m75.07[0m[38;5;159m FPS ([38;5;121m75.07[0m[38;5;159m FPS per env, [38;5;121m1[0m[38;5;159m envs).[0m
[38;5;159m[Genesis] [09:02:11] [INFO] Running at [38;5;121m75.28[0m[38;5;159m FPS ([38;5;121m75.28[0m[38;5;159m FPS per env, [38;5;121m1[0m[38;5;159m envs).[0m
[38;5;159m[Genesis] [09:02:11] [INFO] Running at [38;5;121m75.48[0m[38;5;159m FPS ([38;5;121m75.48[0m[38;5;159m FPS per env, [38;5;121m1[0m[38;5;159m envs).[0m
[38;5;159m[Genesis] [09:02:11] [INFO] Running at [38;5;121m75.17[0m[38;5;159m FPS ([38;5;121m75.17[0m[38;5;159m FPS per env, [38;5;121m1[0m[38;5;159m envs).[0m
[38;5;159m[Genesis] [09:02:11] [INFO] Running at [38;5;121m74.92[0m[38;5;159m FPS ([38;5;121m74.92[0m[38;5;159m FPS per env, [38;5;121m1[0m[38;5;159m envs).[0m
[38;5;159m[Genesis] [09:02:11] [INFO] Running at [38;5;121m74.65[0m[38;5;159m FPS ([38;5;121m74.65[0m[38;5;159m FPS per env, [38;5;121m1[0m[38;5;159m envs).[0m
[38;5;159m[Genesis] [09:02:11] [INFO] Running at [38;5;121m74.48[0m[38;5;159m FPS ([38;5;121m74.48[0m[38;5;159m FPS per env, [38;5;121m1[0m[38;5;159m envs).[0m
[38;5;159m[Genesis] [09:02:11] [INFO] Running at [38;5;121m74.72[0m[38;5;159m FPS ([38;5;121m74.72[0m[38;5;159m FPS per env, [38;5;121m1[0m[38;5;159m envs).[0m
[38;5;159m[Genesis] [09:02:11] [INFO] Running at [38;5;121m74.92[0m[38;5;159m FPS ([38;5;121m74.92[0m[38;5;159m FPS per env, [38;5;121m1[0m[38;5;159m envs).[0m
[38;5;159m[Genesis] [09:02:12] [INFO] Running at [38;5;121m75.13[0m[38;5;159m FPS ([38;5;121m75.13[0m[38;5;159m FPS per env, [38;5;121m1[0m[38;5;159m envs).[0m
[38;5;159m[Genesis] [09:02:12] [INFO] Running at [38;5;121m75.35[0m[38;5;159m FPS ([38;5;121m75.35[0m[38;5;159m FPS per env, [38;5;121m1[0m[38;5;159m envs).[0m
[38;5;159m[Genesis] [09:02:12] [INFO] Running at [38;5;121m75.55[0m[38;5;159m FPS ([38;5;121m75.55[0m[38;5;159m FPS per env, [38;5;121m1[0m[38;5;159m envs).[0m
[38;5;159m[Genesis] [09:02:12] [INFO] Running at [38;5;121m75.70[0m[38;5;159m FPS ([38;5;121m75.70[0m[38;5;159m FPS per env, [38;5;121m1[0m[38;5;159m envs).[0m
[38;5;159m[Genesis] [09:02:12] [INFO] Running at [38;5;121m75.85[0m[38;5;159m FPS ([38;5;121m75.85[0m[38;5;159m FPS per env, [38;5;121m1[0m[38;5;159m envs).[0m
[38;5;159m[Genesis] [09:02:12] [INFO] Running at [38;5;121m75.89[0m[38;5;159m FPS ([38;5;121m75.89[0m[38;5;159m FPS per env, [38;5;121m1[0m[38;5;159m envs).[0m
[38;5;159m[Genesis] [09:02:12] [INFO] Running at [38;5;121m75.56[0m[38;5;159m FPS ([38;5;121m75.56[0m[38;5;159m FPS per env, [38;5;121m1[0m[38;5;159m envs).[0m
[38;5;159m[Genesis] [09:02:12] [INFO] Running at [38;5;121m75.28[0m[38;5;159m FPS ([38;5;121m75.28[0m[38;5;159m FPS per env, [38;5;121m1[0m[38;5;159m envs).[0m
[38;5;159m[Genesis] [09:02:12] [INFO] Running at [38;5;121m74.84[0m[38;5;159m FPS ([38;5;121m74.84[0m[38;5;159m FPS per env, [38;5;121m1[0m[38;5;159m envs).[0m
[38;5;159m[Genesis] [09:02:12] [INFO] Running at [38;5;121m74.96[0m[38;5;159m FPS ([38;5;121m74.96[0m[38;5;159m FPS per env, [38;5;121m1[0m[38;5;159m envs).[0m
[38;5;159m[Genesis] [09:02:12] [INFO] Running at [38;5;121m75.18[0m[38;5;159m FPS ([38;5;121m75.18[0m[38;5;159m FPS per env, [38;5;121m1[0m[38;5;159m envs).[0m
[38;5;159m[Genesis] [09:02:12] [INFO] Running at [38;5;121m75.34[0m[38;5;159m FPS ([38;5;121m75.34[0m[38;5;159m FPS per env, [38;5;121m1[0m[38;5;159m envs).[0m
[38;5;159m[Genesis] [09:02:12] [INFO] Running at [38;5;121m75.53[0m[38;5;159m FPS ([38;5;121m75.53[0m[38;5;159m FPS per env, [38;5;121m1[0m[38;5;159m envs).[0m
[38;5;159m[Genesis] [09:02:12] [INFO] Running at [38;5;121m75.72[0m[38;5;159m FPS ([38;5;121m75.72[0m[38;5;159m FPS per env, [38;5;121m1[0m[38;5;159m envs).[0m
[38;5;159m[Genesis] [09:02:12] [INFO] Running at [38;5;121m93.78[0m[38;5;159m FPS ([38;5;121m93.78[0m[38;5;159m FPS per env, [38;5;121m1[0m[38;5;159m envs).[0m
[38;5;159m[Genesis] [09:02:12] [INFO] Running at [38;5;121m75.24[0m[38;5;159m FPS ([38;5;121m75.24[0m[38;5;159m FPS per env, [38;5;121m1[0m[38;5;159m envs).[0m
[38;5;159m[Genesis] [09:02:12] [INFO] Running at [38;5;121m75.21[0m[38;5;159m FPS ([38;5;121m75.21[0m[38;5;159m FPS per env, [38;5;121m1[0m[38;5;159m envs).[0m
[38;5;159m[Genesis] [09:02:12] [INFO] Running at [38;5;121m74.95[0m[38;5;159m FPS ([38;5;121m74.95[0m[38;5;159m FPS per env, [38;5;121m1[0m[38;5;159m envs).[0m
[38;5;159m[Genesis] [09:02:12] [INFO] Running at [38;5;121m74.72[0m[38;5;159m FPS ([38;5;121m74.72[0m[38;5;159m FPS per env, [38;5;121m1[0m[38;5;159m envs).[0m
[38;5;159m[Genesis] [09:02:13] [INFO] Running at [38;5;121m74.49[0m[38;5;159m FPS ([38;5;121m74.49[0m[38;5;159m FPS per env, [38;5;121m1[0m[38;5;159m envs).[0m
[38;5;159m[Genesis] [09:02:13] [INFO] Running at [38;5;121m74.56[0m[38;5;159m FPS ([38;5;121m74.56[0m[38;5;159m FPS per env, [38;5;121m1[0m[38;5;159m envs).[0m
[38;5;159m[Genesis] [09:02:13] [INFO] Running at [38;5;121m74.77[0m[38;5;159m FPS ([38;5;121m74.77[0m[38;5;159m FPS per env, [38;5;121m1[0m[38;5;159m envs).[0m
[38;5;159m[Genesis] [09:02:13] [INFO] Running at [38;5;121m74.99[0m[38;5;159m FPS ([38;5;121m74.99[0m[38;5;159m FPS per env, [38;5;121m1[0m[38;5;159m envs).[0m
[38;5;159m[Genesis] [09:02:13] [INFO] Running at [38;5;121m75.19[0m[38;5;159m FPS ([38;5;121m75.19[0m[38;5;159m FPS per env, [38;5;121m1[0m[38;5;159m envs).[0m
[38;5;159m[Genesis] [09:02:13] [INFO] Running at [38;5;121m75.38[0m[38;5;159m FPS ([38;5;121m75.38[0m[38;5;159m FPS per env, [38;5;121m1[0m[38;5;159m envs).[0m
[38;5;159m[Genesis] [09:02:13] [INFO] Running at [38;5;121m75.57[0m[38;5;159m FPS ([38;5;121m75.57[0m[38;5;159m FPS per env, [38;5;121m1[0m[38;5;159m envs).[0m
[38;5;159m[Genesis] [09:02:13] [INFO] Running at [38;5;121m75.75[0m[38;5;159m FPS ([38;5;121m75.75[0m[38;5;159m FPS per env, [38;5;121m1[0m[38;5;159m envs).[0m
[38;5;159m[Genesis] [09:02:13] [INFO] Running at [38;5;121m75.93[0m[38;5;159m FPS ([38;5;121m75.93[0m[38;5;159m FPS per env, [38;5;121m1[0m[38;5;159m envs).[0m
[38;5;159m[Genesis] [09:02:13] [INFO] Running at [38;5;121m75.76[0m[38;5;159m FPS ([38;5;121m75.76[0m[38;5;159m FPS per env, [38;5;121m1[0m[38;5;159m envs).[0m
[38;5;159m[Genesis] [09:02:13] [INFO] Running at [38;5;121m75.30[0m[38;5;159m FPS ([38;5;121m75.30[0m[38;5;159m FPS per env, [38;5;121m1[0m[38;5;159m envs).[0m
[38;5;159m[Genesis] [09:02:13] [INFO] Running at [38;5;121m75.05[0m[38;5;159m FPS ([38;5;121m75.05[0m[38;5;159m FPS per env, [38;5;121m1[0m[38;5;159m envs).[0m
[38;5;159m[Genesis] [09:02:13] [INFO] Running at [38;5;121m74.92[0m[38;5;159m FPS ([38;5;121m74.92[0m[38;5;159m FPS per env, [38;5;121m1[0m[38;5;159m envs).[0m
[38;5;159m[Genesis] [09:02:13] [INFO] Running at [38;5;121m75.15[0m[38;5;159m FPS ([38;5;121m75.15[0m[38;5;159m FPS per env, [38;5;121m1[0m[38;5;159m envs).[0m
[38;5;159m[Genesis] [09:02:13] [INFO] Running at [38;5;121m75.36[0m[38;5;159m FPS ([38;5;121m75.36[0m[38;5;159m FPS per env, [38;5;121m1[0m[38;5;159m envs).[0m
[38;5;159m[Genesis] [09:02:13] [INFO] Running at [38;5;121m75.56[0m[38;5;159m FPS ([38;5;121m75.56[0m[38;5;159m FPS per env, [38;5;121m1[0m[38;5;159m envs).[0m
[38;5;159m[Genesis] [09:02:13] [INFO] Running at [38;5;121m75.70[0m[38;5;159m FPS ([38;5;121m75.70[0m[38;5;159m FPS per env, [38;5;121m1[0m[38;5;159m envs).[0m
[38;5;159m[Genesis] [09:02:13] [INFO] Running at [38;5;121m75.88[0m[38;5;159m FPS ([38;5;121m75.88[0m[38;5;159m FPS per env, [38;5;121m1[0m[38;5;159m envs).[0m
[38;5;159m[Genesis] [09:02:13] [INFO] Running at [38;5;121m76.05[0m[38;5;159m FPS ([38;5;121m76.05[0m[38;5;159m FPS per env, [38;5;121m1[0m[38;5;159m envs).[0m
[38;5;159m[Genesis] [09:02:14] [INFO] Running at [38;5;121m76.21[0m[38;5;159m FPS ([38;5;121m76.21[0m[38;5;159m FPS per env, [38;5;121m1[0m[38;5;159m envs).[0m
[38;5;159m[Genesis] [09:02:14] [INFO] Running at [38;5;121m76.25[0m[38;5;159m FPS ([38;5;121m76.25[0m[38;5;159m FPS per env, [38;5;121m1[0m[38;5;159m envs).[0m
[38;5;159m[Genesis] [09:02:14] [INFO] Running at [38;5;121m75.87[0m[38;5;159m FPS ([38;5;121m75.87[0m[38;5;159m FPS per env, [38;5;121m1[0m[38;5;159m envs).[0m
[38;5;159m[Genesis] [09:02:14] [INFO] Running at [38;5;121m75.55[0m[38;5;159m FPS ([38;5;121m75.55[0m[38;5;159m FPS per env, [38;5;121m1[0m[38;5;159m envs).[0m
[38;5;159m[Genesis] [09:02:14] [INFO] Running at [38;5;121m75.16[0m[38;5;159m FPS ([38;5;121m75.16[0m[38;5;159m FPS per env, [38;5;121m1[0m[38;5;159m envs).[0m
[38;5;159m[Genesis] [09:02:14] [INFO] Running at [38;5;121m75.20[0m[38;5;159m FPS ([38;5;121m75.20[0m[38;5;159m FPS per env, [38;5;121m1[0m[38;5;159m envs).[0m
[38;5;159m[Genesis] [09:02:14] [INFO] Running at [38;5;121m75.29[0m[38;5;159m FPS ([38;5;121m75.29[0m[38;5;159m FPS per env, [38;5;121m1[0m[38;5;159m envs).[0m
[38;5;159m[Genesis] [09:02:14] [INFO] Running at [38;5;121m75.38[0m[38;5;159m FPS ([38;5;121m75.38[0m[38;5;159m FPS per env, [38;5;121m1[0m[38;5;159m envs).[0m
[38;5;159m[Genesis] [09:02:14] [INFO] Running at [38;5;121m75.48[0m[38;5;159m FPS ([38;5;121m75.48[0m[38;5;159m FPS per env, [38;5;121m1[0m[38;5;159m envs).[0m
[38;5;159m[Genesis] [09:02:14] [INFO] Running at [38;5;121m75.10[0m[38;5;159m FPS ([38;5;121m75.10[0m[38;5;159m FPS per env, [38;5;121m1[0m[38;5;159m envs).[0m
[38;5;159m[Genesis] [09:02:14] [INFO] Running at [38;5;121m74.77[0m[38;5;159m FPS ([38;5;121m74.77[0m[38;5;159m FPS per env, [38;5;121m1[0m[38;5;159m envs).[0m
[38;5;159m[Genesis] [09:02:14] [INFO] Running at [38;5;121m74.48[0m[38;5;159m FPS ([38;5;121m74.48[0m[38;5;159m FPS per env, [38;5;121m1[0m[38;5;159m envs).[0m
[38;5;159m[Genesis] [09:02:14] [INFO] Running at [38;5;121m74.22[0m[38;5;159m FPS ([38;5;121m74.22[0m[38;5;159m FPS per env, [38;5;121m1[0m[38;5;159m envs).[0m
[38;5;159m[Genesis] [09:02:14] [INFO] Running at [38;5;121m74.39[0m[38;5;159m FPS ([38;5;121m74.39[0m[38;5;159m FPS per env, [38;5;121m1[0m[38;5;159m envs).[0m
[38;5;159m[Genesis] [09:02:14] [INFO] Running at [38;5;121m74.56[0m[38;5;159m FPS ([38;5;121m74.56[0m[38;5;159m FPS per env, [38;5;121m1[0m[38;5;159m envs).[0m
[38;5;159m[Genesis] [09:02:14] [INFO] Running at [38;5;121m74.66[0m[38;5;159m FPS ([38;5;121m74.66[0m[38;5;159m FPS per env, [38;5;121m1[0m[38;5;159m envs).[0m
[38;5;159m[Genesis] [09:02:14] [INFO] Running at [38;5;121m74.76[0m[38;5;159m FPS ([38;5;121m74.76[0m[38;5;159m FPS per env, [38;5;121m1[0m[38;5;159m envs).[0m
[38;5;159m[Genesis] [09:02:14] [INFO] Running at [38;5;121m74.92[0m[38;5;159m FPS ([38;5;121m74.92[0m[38;5;159m FPS per env, [38;5;121m1[0m[38;5;159m envs).[0m
[38;5;159m[Genesis] [09:02:14] [INFO] Running at [38;5;121m75.03[0m[38;5;159m FPS ([38;5;121m75.03[0m[38;5;159m FPS per env, [38;5;121m1[0m[38;5;159m envs).[0m
[38;5;159m[Genesis] [09:02:15] [INFO] Running at [38;5;121m75.11[0m[38;5;159m FPS ([38;5;121m75.11[0m[38;5;159m FPS per env, [38;5;121m1[0m[38;5;159m envs).[0m
[38;5;159m[Genesis] [09:02:15] [INFO] Running at [38;5;121m74.83[0m[38;5;159m FPS ([38;5;121m74.83[0m[38;5;159m FPS per env, [38;5;121m1[0m[38;5;159m envs).[0m
[38;5;159m[Genesis] [09:02:15] [INFO] Running at [38;5;121m74.49[0m[38;5;159m FPS ([38;5;121m74.49[0m[38;5;159m FPS per env, [38;5;121m1[0m[38;5;159m envs).[0m
[38;5;159m[Genesis] [09:02:15] [INFO] Running at [38;5;121m74.18[0m[38;5;159m FPS ([38;5;121m74.18[0m[38;5;159m FPS per env, [38;5;121m1[0m[38;5;159m envs).[0m
[38;5;159m[Genesis] [09:02:15] [INFO] Running at [38;5;121m73.93[0m[38;5;159m FPS ([38;5;121m73.93[0m[38;5;159m FPS per env, [38;5;121m1[0m[38;5;159m envs).[0m
[38;5;159m[Genesis] [09:02:15] [INFO] Running at [38;5;121m74.10[0m[38;5;159m FPS ([38;5;121m74.10[0m[38;5;159m FPS per env, [38;5;121m1[0m[38;5;159m envs).[0m
[38;5;159m[Genesis] [09:02:15] [INFO] Running at [38;5;121m74.25[0m[38;5;159m FPS ([38;5;121m74.25[0m[38;5;159m FPS per env, [38;5;121m1[0m[38;5;159m envs).[0m
[38;5;159m[Genesis] [09:02:15] [INFO] Running at [38;5;121m74.44[0m[38;5;159m FPS ([38;5;121m74.44[0m[38;5;159m FPS per env, [38;5;121m1[0m[38;5;159m envs).[0m
[38;5;159m[Genesis] [09:02:15] [INFO] Running at [38;5;121m74.41[0m[38;5;159m FPS ([38;5;121m74.41[0m[38;5;159m FPS per env, [38;5;121m1[0m[38;5;159m envs).[0m
fps 50
[38;5;159m[Genesis] [09:02:15] [INFO] Saving video to [38;5;121m"test_5000_7.0_-0.8_behind.mp4"[0m[38;5;159m...[0m
[38;5;159m[Genesis] [09:02:17] [INFO] Video saved.[0m
[38;5;159m[Genesis] [09:02:17] [INFO] Saving video to [38;5;121m"test_5000_7.0_-0.8_side.mp4"[0m[38;5;159m...[0m
[38;5;159m[Genesis] [09:02:19] [INFO] Video saved.[0m
Saved recordings for checkpoint 5000.
Final yaw-rate error: 7.39 deg/s
[38;5;159m[Genesis] [09:02:19] [INFO] 💤 Exiting Genesis and caching compiled kernels...[0m
