[38;5;159m[Genesis] [18:28:02] [INFO] [38;5;121m╭───────────────────────────────────────────────╮[0m[38;5;159m[0m
[38;5;159m[Genesis] [18:28:02] [INFO] [38;5;121m│┈┉┈┉┈┉┈┉┈┉┈┉┈┉┈┉┈┉┈[0m[38;5;159m [38;5;121m[1m[3mGenesis[0m[38;5;159m [38;5;121m┈┉┈┉┈┉┈┉┈┉┈┉┈┉┈┉┈┉┈│[0m[38;5;159m[0m
[38;5;159m[Genesis] [18:28:02] [INFO] [38;5;121m╰───────────────────────────────────────────────╯[0m[38;5;159m[0m
[38;5;159m[Genesis] [18:28:03] [INFO] Running on [38;5;121m[4m[NVIDIA GeForce RTX 4090][0m[38;5;159m with backend [38;5;121m[4mgs.cuda[0m[38;5;159m. Device memory: [38;5;121m[4m23.52[0m[38;5;159m GB.[0m
[38;5;159m[Genesis] [18:28:03] [INFO] 🚀 Genesis initialized. 🔖 version: [38;5;121m[4m0.4.7[0m[38;5;159m, 🎨 theme: [38;5;121m[4mdark[0m[38;5;159m, 🌱 seed: [38;5;121m[4mNone[0m[38;5;159m, 🐛 debug: [38;5;121m[4mFalse[0m[38;5;159m, 📏 precision: [38;5;121m[4m32[0m[38;5;159m, 🔥 performance: [38;5;121m[4mFalse[0m[38;5;159m, 💬 verbose: [38;5;121m[4mINFO[0m[38;5;159m[0m
[38;5;226m[Genesis] [18:28:04] [WARNING] Viewer option 'n_rendered_envs' is deprecated and will be removed in a future release. Please use 'rendered_envs_idx' instead.[0m
[38;5;159m[Genesis] [18:28:04] [INFO] Scene [38;5;121m[3m<b867a74>[0m[38;5;159m created.[0m
[38;5;159m[Genesis] [18:28:04] [INFO] Adding [38;5;121m<gs.engine.entities.RigidEntity>[0m[38;5;159m. idx: [38;5;121m0[0m[38;5;159m, uid: [38;5;121m[3m<aeb81f1>[0m[38;5;159m, morph: [38;5;121m<gs.morphs.Plane>[0m[38;5;159m, material: [38;5;121m<gs.materials.Rigid>[0m[38;5;159m.[0m
[38;5;159m[Genesis] [18:28:04] [INFO] Adding [38;5;121m<gs.engine.entities.RigidEntity>[0m[38;5;159m. idx: [38;5;121m1[0m[38;5;159m, uid: [38;5;121m[3m<0bb2210>[0m[38;5;159m, morph: [38;5;121m<gs.morphs.URDF(file='/home/jfriesen/.local/lib/python3.12/site-packages/genesis/assets/urdf/go2/urdf/go2.urdf')>[0m[38;5;159m, material: [38;5;121m<gs.materials.Rigid>[0m[38;5;159m.[0m
[38;5;159m[Genesis] [18:28:06] [INFO] Building scene [38;5;121m[3m<b867a74>[0m[38;5;159m...[0m
[38;5;226m[Genesis] [18:28:06] [WARNING] Neutral robot position (qpos0) exceeds joint limits.[0m
[38;5;159m[Genesis] [18:28:07] [INFO] Compiling simulation kernels...[0m
[38;5;159m[Genesis] [18:28:07] [INFO] Building visualizer...[0m
[38;5;226m[Genesis] [18:28:08] [WARNING] This property is deprecated and will be removed in future release. Please use 'dofs_idx_local' instead.[0m
[38;5;226m[Genesis] [18:28:08] [WARNING] This property is deprecated and will be removed in future release. Please use 'dofs_idx_local' instead.[0m
[38;5;226m[Genesis] [18:28:08] [WARNING] This property is deprecated and will be removed in future release. Please use 'dofs_idx_local' instead.[0m
[38;5;226m[Genesis] [18:28:08] [WARNING] This property is deprecated and will be removed in future release. Please use 'dofs_idx_local' instead.[0m
[38;5;226m[Genesis] [18:28:08] [WARNING] This property is deprecated and will be removed in future release. Please use 'dofs_idx_local' instead.[0m
[38;5;226m[Genesis] [18:28:08] [WARNING] This property is deprecated and will be removed in future release. Please use 'dofs_idx_local' instead.[0m
[38;5;226m[Genesis] [18:28:08] [WARNING] This property is deprecated and will be removed in future release. Please use 'dofs_idx_local' instead.[0m
[38;5;226m[Genesis] [18:28:08] [WARNING] This property is deprecated and will be removed in future release. Please use 'dofs_idx_local' instead.[0m
[38;5;226m[Genesis] [18:28:08] [WARNING] This property is deprecated and will be removed in future release. Please use 'dofs_idx_local' instead.[0m
[38;5;226m[Genesis] [18:28:08] [WARNING] This property is deprecated and will be removed in future release. Please use 'dofs_idx_local' instead.[0m
[38;5;226m[Genesis] [18:28:08] [WARNING] This property is deprecated and will be removed in future release. Please use 'dofs_idx_local' instead.[0m
[38;5;226m[Genesis] [18:28:08] [WARNING] This property is deprecated and will be removed in future release. Please use 'dofs_idx_local' instead.[0m
/home/jfriesen/.local/lib/python3.12/site-packages/torch/utils/_device.py:122: UserWarning: To copy construct from a tensor, it is recommended to use sourceTensor.detach().clone() or sourceTensor.detach().clone().requires_grad_(True), rather than torch.tensor(sourceTensor).
  return func(*args, **kwargs)
Actor MLP: Sequential(
  (0): Linear(in_features=51, out_features=512, bias=True)
  (1): ELU(alpha=1.0)
  (2): Linear(in_features=512, out_features=256, bias=True)
  (3): ELU(alpha=1.0)
  (4): Linear(in_features=256, out_features=128, bias=True)
  (5): ELU(alpha=1.0)
  (6): Linear(in_features=128, out_features=12, bias=True)
)
Critic MLP: Sequential(
  (0): Linear(in_features=75, out_features=512, bias=True)
  (1): ELU(alpha=1.0)
  (2): Linear(in_features=512, out_features=256, bias=True)
  (3): ELU(alpha=1.0)
  (4): Linear(in_features=256, out_features=128, bias=True)
  (5): ELU(alpha=1.0)
  (6): Linear(in_features=128, out_features=1, bias=True)
)
[38;5;159m[Genesis] [18:28:09] [INFO] Running at [38;5;121m3.74[0m[38;5;159m FPS ([38;5;121m3.74[0m[38;5;159m FPS per env, [38;5;121m1[0m[38;5;159m envs).[0m
[38;5;159m[Genesis] [18:28:09] [INFO] Running at [38;5;121m39.58[0m[38;5;159m FPS ([38;5;121m39.58[0m[38;5;159m FPS per env, [38;5;121m1[0m[38;5;159m envs).[0m
[38;5;159m[Genesis] [18:28:09] [INFO] Running at [38;5;121m118.55[0m[38;5;159m FPS ([38;5;121m118.55[0m[38;5;159m FPS per env, [38;5;121m1[0m[38;5;159m envs).[0m
[38;5;159m[Genesis] [18:28:09] [INFO] Running at [38;5;121m118.36[0m[38;5;159m FPS ([38;5;121m118.36[0m[38;5;159m FPS per env, [38;5;121m1[0m[38;5;159m envs).[0m
[38;5;159m[Genesis] [18:28:09] [INFO] Running at [38;5;121m137.19[0m[38;5;159m FPS ([38;5;121m137.19[0m[38;5;159m FPS per env, [38;5;121m1[0m[38;5;159m envs).[0m
[38;5;159m[Genesis] [18:28:09] [INFO] Running at [38;5;121m136.25[0m[38;5;159m FPS ([38;5;121m136.25[0m[38;5;159m FPS per env, [38;5;121m1[0m[38;5;159m envs).[0m
[38;5;159m[Genesis] [18:28:09] [INFO] Running at [38;5;121m135.51[0m[38;5;159m FPS ([38;5;121m135.51[0m[38;5;159m FPS per env, [38;5;121m1[0m[38;5;159m envs).[0m
[38;5;159m[Genesis] [18:28:09] [INFO] Running at [38;5;121m134.76[0m[38;5;159m FPS ([38;5;121m134.76[0m[38;5;159m FPS per env, [38;5;121m1[0m[38;5;159m envs).[0m
[38;5;159m[Genesis] [18:28:09] [INFO] Running at [38;5;121m134.10[0m[38;5;159m FPS ([38;5;121m134.10[0m[38;5;159m FPS per env, [38;5;121m1[0m[38;5;159m envs).[0m
[38;5;159m[Genesis] [18:28:09] [INFO] Running at [38;5;121m133.50[0m[38;5;159m FPS ([38;5;121m133.50[0m[38;5;159m FPS per env, [38;5;121m1[0m[38;5;159m envs).[0m
[38;5;159m[Genesis] [18:28:09] [INFO] Running at [38;5;121m132.93[0m[38;5;159m FPS ([38;5;121m132.93[0m[38;5;159m FPS per env, [38;5;121m1[0m[38;5;159m envs).[0m
[38;5;159m[Genesis] [18:28:10] [INFO] Running at [38;5;121m132.44[0m[38;5;159m FPS ([38;5;121m132.44[0m[38;5;159m FPS per env, [38;5;121m1[0m[38;5;159m envs).[0m
[38;5;159m[Genesis] [18:28:10] [INFO] Running at [38;5;121m131.93[0m[38;5;159m FPS ([38;5;121m131.93[0m[38;5;159m FPS per env, [38;5;121m1[0m[38;5;159m envs).[0m
[38;5;159m[Genesis] [18:28:10] [INFO] Running at [38;5;121m131.34[0m[38;5;159m FPS ([38;5;121m131.34[0m[38;5;159m FPS per env, [38;5;121m1[0m[38;5;159m envs).[0m
[38;5;159m[Genesis] [18:28:10] [INFO] Running at [38;5;121m131.01[0m[38;5;159m FPS ([38;5;121m131.01[0m[38;5;159m FPS per env, [38;5;121m1[0m[38;5;159m envs).[0m
[38;5;159m[Genesis] [18:28:10] [INFO] Running at [38;5;121m130.69[0m[38;5;159m FPS ([38;5;121m130.69[0m[38;5;159m FPS per env, [38;5;121m1[0m[38;5;159m envs).[0m
[38;5;159m[Genesis] [18:28:10] [INFO] Running at [38;5;121m130.39[0m[38;5;159m FPS ([38;5;121m130.39[0m[38;5;159m FPS per env, [38;5;121m1[0m[38;5;159m envs).[0m
[38;5;159m[Genesis] [18:28:10] [INFO] Running at [38;5;121m130.16[0m[38;5;159m FPS ([38;5;121m130.16[0m[38;5;159m FPS per env, [38;5;121m1[0m[38;5;159m envs).[0m
[38;5;159m[Genesis] [18:28:10] [INFO] Running at [38;5;121m129.85[0m[38;5;159m FPS ([38;5;121m129.85[0m[38;5;159m FPS per env, [38;5;121m1[0m[38;5;159m envs).[0m
[38;5;159m[Genesis] [18:28:10] [INFO] Running at [38;5;121m129.65[0m[38;5;159m FPS ([38;5;121m129.65[0m[38;5;159m FPS per env, [38;5;121m1[0m[38;5;159m envs).[0m
[38;5;159m[Genesis] [18:28:10] [INFO] Running at [38;5;121m129.42[0m[38;5;159m FPS ([38;5;121m129.42[0m[38;5;159m FPS per env, [38;5;121m1[0m[38;5;159m envs).[0m
[38;5;159m[Genesis] [18:28:10] [INFO] Running at [38;5;121m129.25[0m[38;5;159m FPS ([38;5;121m129.25[0m[38;5;159m FPS per env, [38;5;121m1[0m[38;5;159m envs).[0m
[38;5;159m[Genesis] [18:28:10] [INFO] Running at [38;5;121m129.10[0m[38;5;159m FPS ([38;5;121m129.10[0m[38;5;159m FPS per env, [38;5;121m1[0m[38;5;159m envs).[0m
[38;5;159m[Genesis] [18:28:10] [INFO] Running at [38;5;121m128.92[0m[38;5;159m FPS ([38;5;121m128.92[0m[38;5;159m FPS per env, [38;5;121m1[0m[38;5;159m envs).[0m
[38;5;159m[Genesis] [18:28:10] [INFO] Running at [38;5;121m128.78[0m[38;5;159m FPS ([38;5;121m128.78[0m[38;5;159m FPS per env, [38;5;121m1[0m[38;5;159m envs).[0m
[38;5;159m[Genesis] [18:28:10] [INFO] Running at [38;5;121m128.64[0m[38;5;159m FPS ([38;5;121m128.64[0m[38;5;159m FPS per env, [38;5;121m1[0m[38;5;159m envs).[0m
[38;5;159m[Genesis] [18:28:10] [INFO] Running at [38;5;121m128.27[0m[38;5;159m FPS ([38;5;121m128.27[0m[38;5;159m FPS per env, [38;5;121m1[0m[38;5;159m envs).[0m
[38;5;159m[Genesis] [18:28:10] [INFO] Running at [38;5;121m128.14[0m[38;5;159m FPS ([38;5;121m128.14[0m[38;5;159m FPS per env, [38;5;121m1[0m[38;5;159m envs).[0m
[38;5;159m[Genesis] [18:28:10] [INFO] Running at [38;5;121m127.99[0m[38;5;159m FPS ([38;5;121m127.99[0m[38;5;159m FPS per env, [38;5;121m1[0m[38;5;159m envs).[0m
[38;5;159m[Genesis] [18:28:11] [INFO] Running at [38;5;121m127.87[0m[38;5;159m FPS ([38;5;121m127.87[0m[38;5;159m FPS per env, [38;5;121m1[0m[38;5;159m envs).[0m
[38;5;159m[Genesis] [18:28:11] [INFO] Running at [38;5;121m127.78[0m[38;5;159m FPS ([38;5;121m127.78[0m[38;5;159m FPS per env, [38;5;121m1[0m[38;5;159m envs).[0m
[38;5;159m[Genesis] [18:28:11] [INFO] Running at [38;5;121m127.74[0m[38;5;159m FPS ([38;5;121m127.74[0m[38;5;159m FPS per env, [38;5;121m1[0m[38;5;159m envs).[0m
[38;5;159m[Genesis] [18:28:11] [INFO] Running at [38;5;121m127.66[0m[38;5;159m FPS ([38;5;121m127.66[0m[38;5;159m FPS per env, [38;5;121m1[0m[38;5;159m envs).[0m
[38;5;159m[Genesis] [18:28:11] [INFO] Running at [38;5;121m127.63[0m[38;5;159m FPS ([38;5;121m127.63[0m[38;5;159m FPS per env, [38;5;121m1[0m[38;5;159m envs).[0m
[38;5;159m[Genesis] [18:28:11] [INFO] Running at [38;5;121m127.60[0m[38;5;159m FPS ([38;5;121m127.60[0m[38;5;159m FPS per env, [38;5;121m1[0m[38;5;159m envs).[0m
[38;5;159m[Genesis] [18:28:11] [INFO] Running at [38;5;121m127.57[0m[38;5;159m FPS ([38;5;121m127.57[0m[38;5;159m FPS per env, [38;5;121m1[0m[38;5;159m envs).[0m
[38;5;159m[Genesis] [18:28:11] [INFO] Running at [38;5;121m127.51[0m[38;5;159m FPS ([38;5;121m127.51[0m[38;5;159m FPS per env, [38;5;121m1[0m[38;5;159m envs).[0m
[38;5;159m[Genesis] [18:28:11] [INFO] Running at [38;5;121m127.43[0m[38;5;159m FPS ([38;5;121m127.43[0m[38;5;159m FPS per env, [38;5;121m1[0m[38;5;159m envs).[0m
[38;5;159m[Genesis] [18:28:11] [INFO] Running at [38;5;121m127.18[0m[38;5;159m FPS ([38;5;121m127.18[0m[38;5;159m FPS per env, [38;5;121m1[0m[38;5;159m envs).[0m
[38;5;159m[Genesis] [18:28:11] [INFO] Running at [38;5;121m127.17[0m[38;5;159m FPS ([38;5;121m127.17[0m[38;5;159m FPS per env, [38;5;121m1[0m[38;5;159m envs).[0m
[38;5;159m[Genesis] [18:28:11] [INFO] Running at [38;5;121m127.15[0m[38;5;159m FPS ([38;5;121m127.15[0m[38;5;159m FPS per env, [38;5;121m1[0m[38;5;159m envs).[0m
[38;5;159m[Genesis] [18:28:11] [INFO] Running at [38;5;121m127.08[0m[38;5;159m FPS ([38;5;121m127.08[0m[38;5;159m FPS per env, [38;5;121m1[0m[38;5;159m envs).[0m
[38;5;159m[Genesis] [18:28:11] [INFO] Running at [38;5;121m127.06[0m[38;5;159m FPS ([38;5;121m127.06[0m[38;5;159m FPS per env, [38;5;121m1[0m[38;5;159m envs).[0m
[38;5;159m[Genesis] [18:28:11] [INFO] Running at [38;5;121m127.05[0m[38;5;159m FPS ([38;5;121m127.05[0m[38;5;159m FPS per env, [38;5;121m1[0m[38;5;159m envs).[0m
[38;5;159m[Genesis] [18:28:11] [INFO] Running at [38;5;121m127.09[0m[38;5;159m FPS ([38;5;121m127.09[0m[38;5;159m FPS per env, [38;5;121m1[0m[38;5;159m envs).[0m
[38;5;159m[Genesis] [18:28:11] [INFO] Running at [38;5;121m127.07[0m[38;5;159m FPS ([38;5;121m127.07[0m[38;5;159m FPS per env, [38;5;121m1[0m[38;5;159m envs).[0m
[38;5;159m[Genesis] [18:28:11] [INFO] Running at [38;5;121m127.05[0m[38;5;159m FPS ([38;5;121m127.05[0m[38;5;159m FPS per env, [38;5;121m1[0m[38;5;159m envs).[0m
[38;5;159m[Genesis] [18:28:12] [INFO] Running at [38;5;121m127.01[0m[38;5;159m FPS ([38;5;121m127.01[0m[38;5;159m FPS per env, [38;5;121m1[0m[38;5;159m envs).[0m
[38;5;159m[Genesis] [18:28:12] [INFO] Running at [38;5;121m126.92[0m[38;5;159m FPS ([38;5;121m126.92[0m[38;5;159m FPS per env, [38;5;121m1[0m[38;5;159m envs).[0m
[38;5;159m[Genesis] [18:28:12] [INFO] Running at [38;5;121m126.84[0m[38;5;159m FPS ([38;5;121m126.84[0m[38;5;159m FPS per env, [38;5;121m1[0m[38;5;159m envs).[0m
[38;5;159m[Genesis] [18:28:12] [INFO] Running at [38;5;121m126.64[0m[38;5;159m FPS ([38;5;121m126.64[0m[38;5;159m FPS per env, [38;5;121m1[0m[38;5;159m envs).[0m
[38;5;159m[Genesis] [18:28:12] [INFO] Running at [38;5;121m126.58[0m[38;5;159m FPS ([38;5;121m126.58[0m[38;5;159m FPS per env, [38;5;121m1[0m[38;5;159m envs).[0m
[38;5;159m[Genesis] [18:28:12] [INFO] Running at [38;5;121m126.55[0m[38;5;159m FPS ([38;5;121m126.55[0m[38;5;159m FPS per env, [38;5;121m1[0m[38;5;159m envs).[0m
[38;5;159m[Genesis] [18:28:12] [INFO] Running at [38;5;121m126.52[0m[38;5;159m FPS ([38;5;121m126.52[0m[38;5;159m FPS per env, [38;5;121m1[0m[38;5;159m envs).[0m
[38;5;159m[Genesis] [18:28:12] [INFO] Running at [38;5;121m126.48[0m[38;5;159m FPS ([38;5;121m126.48[0m[38;5;159m FPS per env, [38;5;121m1[0m[38;5;159m envs).[0m
[38;5;159m[Genesis] [18:28:12] [INFO] Running at [38;5;121m126.47[0m[38;5;159m FPS ([38;5;121m126.47[0m[38;5;159m FPS per env, [38;5;121m1[0m[38;5;159m envs).[0m
[38;5;159m[Genesis] [18:28:12] [INFO] Running at [38;5;121m126.43[0m[38;5;159m FPS ([38;5;121m126.43[0m[38;5;159m FPS per env, [38;5;121m1[0m[38;5;159m envs).[0m
[38;5;159m[Genesis] [18:28:12] [INFO] Running at [38;5;121m126.42[0m[38;5;159m FPS ([38;5;121m126.42[0m[38;5;159m FPS per env, [38;5;121m1[0m[38;5;159m envs).[0m
[38;5;159m[Genesis] [18:28:12] [INFO] Running at [38;5;121m126.39[0m[38;5;159m FPS ([38;5;121m126.39[0m[38;5;159m FPS per env, [38;5;121m1[0m[38;5;159m envs).[0m
[38;5;159m[Genesis] [18:28:12] [INFO] Running at [38;5;121m126.38[0m[38;5;159m FPS ([38;5;121m126.38[0m[38;5;159m FPS per env, [38;5;121m1[0m[38;5;159m envs).[0m
[38;5;159m[Genesis] [18:28:12] [INFO] Running at [38;5;121m126.33[0m[38;5;159m FPS ([38;5;121m126.33[0m[38;5;159m FPS per env, [38;5;121m1[0m[38;5;159m envs).[0m
[38;5;159m[Genesis] [18:28:12] [INFO] Running at [38;5;121m126.26[0m[38;5;159m FPS ([38;5;121m126.26[0m[38;5;159m FPS per env, [38;5;121m1[0m[38;5;159m envs).[0m
[38;5;159m[Genesis] [18:28:12] [INFO] Running at [38;5;121m126.04[0m[38;5;159m FPS ([38;5;121m126.04[0m[38;5;159m FPS per env, [38;5;121m1[0m[38;5;159m envs).[0m
[38;5;159m[Genesis] [18:28:12] [INFO] Running at [38;5;121m126.07[0m[38;5;159m FPS ([38;5;121m126.07[0m[38;5;159m FPS per env, [38;5;121m1[0m[38;5;159m envs).[0m
[38;5;159m[Genesis] [18:28:12] [INFO] Running at [38;5;121m126.13[0m[38;5;159m FPS ([38;5;121m126.13[0m[38;5;159m FPS per env, [38;5;121m1[0m[38;5;159m envs).[0m
[38;5;159m[Genesis] [18:28:13] [INFO] Running at [38;5;121m126.18[0m[38;5;159m FPS ([38;5;121m126.18[0m[38;5;159m FPS per env, [38;5;121m1[0m[38;5;159m envs).[0m
[38;5;159m[Genesis] [18:28:13] [INFO] Running at [38;5;121m126.23[0m[38;5;159m FPS ([38;5;121m126.23[0m[38;5;159m FPS per env, [38;5;121m1[0m[38;5;159m envs).[0m
[38;5;159m[Genesis] [18:28:13] [INFO] Running at [38;5;121m126.28[0m[38;5;159m FPS ([38;5;121m126.28[0m[38;5;159m FPS per env, [38;5;121m1[0m[38;5;159m envs).[0m
[38;5;159m[Genesis] [18:28:13] [INFO] Running at [38;5;121m126.34[0m[38;5;159m FPS ([38;5;121m126.34[0m[38;5;159m FPS per env, [38;5;121m1[0m[38;5;159m envs).[0m
[38;5;159m[Genesis] [18:28:13] [INFO] Running at [38;5;121m126.34[0m[38;5;159m FPS ([38;5;121m126.34[0m[38;5;159m FPS per env, [38;5;121m1[0m[38;5;159m envs).[0m
[38;5;159m[Genesis] [18:28:13] [INFO] Running at [38;5;121m126.38[0m[38;5;159m FPS ([38;5;121m126.38[0m[38;5;159m FPS per env, [38;5;121m1[0m[38;5;159m envs).[0m
[38;5;159m[Genesis] [18:28:13] [INFO] Running at [38;5;121m126.41[0m[38;5;159m FPS ([38;5;121m126.41[0m[38;5;159m FPS per env, [38;5;121m1[0m[38;5;159m envs).[0m
[38;5;159m[Genesis] [18:28:13] [INFO] Running at [38;5;121m126.45[0m[38;5;159m FPS ([38;5;121m126.45[0m[38;5;159m FPS per env, [38;5;121m1[0m[38;5;159m envs).[0m
[38;5;159m[Genesis] [18:28:13] [INFO] Running at [38;5;121m126.39[0m[38;5;159m FPS ([38;5;121m126.39[0m[38;5;159m FPS per env, [38;5;121m1[0m[38;5;159m envs).[0m
[38;5;159m[Genesis] [18:28:13] [INFO] Running at [38;5;121m126.19[0m[38;5;159m FPS ([38;5;121m126.19[0m[38;5;159m FPS per env, [38;5;121m1[0m[38;5;159m envs).[0m
[38;5;159m[Genesis] [18:28:13] [INFO] Running at [38;5;121m126.21[0m[38;5;159m FPS ([38;5;121m126.21[0m[38;5;159m FPS per env, [38;5;121m1[0m[38;5;159m envs).[0m
[38;5;159m[Genesis] [18:28:13] [INFO] Running at [38;5;121m126.26[0m[38;5;159m FPS ([38;5;121m126.26[0m[38;5;159m FPS per env, [38;5;121m1[0m[38;5;159m envs).[0m
[38;5;159m[Genesis] [18:28:13] [INFO] Running at [38;5;121m126.28[0m[38;5;159m FPS ([38;5;121m126.28[0m[38;5;159m FPS per env, [38;5;121m1[0m[38;5;159m envs).[0m
[38;5;159m[Genesis] [18:28:13] [INFO] Running at [38;5;121m126.29[0m[38;5;159m FPS ([38;5;121m126.29[0m[38;5;159m FPS per env, [38;5;121m1[0m[38;5;159m envs).[0m
[38;5;159m[Genesis] [18:28:13] [INFO] Running at [38;5;121m126.33[0m[38;5;159m FPS ([38;5;121m126.33[0m[38;5;159m FPS per env, [38;5;121m1[0m[38;5;159m envs).[0m
[38;5;159m[Genesis] [18:28:13] [INFO] Running at [38;5;121m126.39[0m[38;5;159m FPS ([38;5;121m126.39[0m[38;5;159m FPS per env, [38;5;121m1[0m[38;5;159m envs).[0m
[38;5;159m[Genesis] [18:28:13] [INFO] Running at [38;5;121m126.40[0m[38;5;159m FPS ([38;5;121m126.40[0m[38;5;159m FPS per env, [38;5;121m1[0m[38;5;159m envs).[0m
[38;5;159m[Genesis] [18:28:13] [INFO] Running at [38;5;121m126.45[0m[38;5;159m FPS ([38;5;121m126.45[0m[38;5;159m FPS per env, [38;5;121m1[0m[38;5;159m envs).[0m
[38;5;159m[Genesis] [18:28:14] [INFO] Running at [38;5;121m126.46[0m[38;5;159m FPS ([38;5;121m126.46[0m[38;5;159m FPS per env, [38;5;121m1[0m[38;5;159m envs).[0m
[38;5;159m[Genesis] [18:28:14] [INFO] Running at [38;5;121m126.51[0m[38;5;159m FPS ([38;5;121m126.51[0m[38;5;159m FPS per env, [38;5;121m1[0m[38;5;159m envs).[0m
[38;5;159m[Genesis] [18:28:14] [INFO] Running at [38;5;121m126.52[0m[38;5;159m FPS ([38;5;121m126.52[0m[38;5;159m FPS per env, [38;5;121m1[0m[38;5;159m envs).[0m
[38;5;159m[Genesis] [18:28:14] [INFO] Running at [38;5;121m126.25[0m[38;5;159m FPS ([38;5;121m126.25[0m[38;5;159m FPS per env, [38;5;121m1[0m[38;5;159m envs).[0m
[38;5;159m[Genesis] [18:28:14] [INFO] Running at [38;5;121m126.29[0m[38;5;159m FPS ([38;5;121m126.29[0m[38;5;159m FPS per env, [38;5;121m1[0m[38;5;159m envs).[0m
[38;5;159m[Genesis] [18:28:14] [INFO] Running at [38;5;121m126.35[0m[38;5;159m FPS ([38;5;121m126.35[0m[38;5;159m FPS per env, [38;5;121m1[0m[38;5;159m envs).[0m
[38;5;159m[Genesis] [18:28:14] [INFO] Running at [38;5;121m126.39[0m[38;5;159m FPS ([38;5;121m126.39[0m[38;5;159m FPS per env, [38;5;121m1[0m[38;5;159m envs).[0m
[38;5;159m[Genesis] [18:28:14] [INFO] Running at [38;5;121m126.44[0m[38;5;159m FPS ([38;5;121m126.44[0m[38;5;159m FPS per env, [38;5;121m1[0m[38;5;159m envs).[0m
[38;5;159m[Genesis] [18:28:14] [INFO] Running at [38;5;121m126.46[0m[38;5;159m FPS ([38;5;121m126.46[0m[38;5;159m FPS per env, [38;5;121m1[0m[38;5;159m envs).[0m
[38;5;159m[Genesis] [18:28:14] [INFO] Running at [38;5;121m126.52[0m[38;5;159m FPS ([38;5;121m126.52[0m[38;5;159m FPS per env, [38;5;121m1[0m[38;5;159m envs).[0m
[38;5;159m[Genesis] [18:28:14] [INFO] Running at [38;5;121m126.50[0m[38;5;159m FPS ([38;5;121m126.50[0m[38;5;159m FPS per env, [38;5;121m1[0m[38;5;159m envs).[0m
[38;5;159m[Genesis] [18:28:14] [INFO] Running at [38;5;121m126.56[0m[38;5;159m FPS ([38;5;121m126.56[0m[38;5;159m FPS per env, [38;5;121m1[0m[38;5;159m envs).[0m
[38;5;159m[Genesis] [18:28:14] [INFO] Running at [38;5;121m126.55[0m[38;5;159m FPS ([38;5;121m126.55[0m[38;5;159m FPS per env, [38;5;121m1[0m[38;5;159m envs).[0m
[38;5;159m[Genesis] [18:28:14] [INFO] Running at [38;5;121m126.61[0m[38;5;159m FPS ([38;5;121m126.61[0m[38;5;159m FPS per env, [38;5;121m1[0m[38;5;159m envs).[0m
[38;5;159m[Genesis] [18:28:14] [INFO] Running at [38;5;121m126.63[0m[38;5;159m FPS ([38;5;121m126.63[0m[38;5;159m FPS per env, [38;5;121m1[0m[38;5;159m envs).[0m
[38;5;159m[Genesis] [18:28:14] [INFO] Running at [38;5;121m126.68[0m[38;5;159m FPS ([38;5;121m126.68[0m[38;5;159m FPS per env, [38;5;121m1[0m[38;5;159m envs).[0m
[38;5;159m[Genesis] [18:28:14] [INFO] Running at [38;5;121m126.48[0m[38;5;159m FPS ([38;5;121m126.48[0m[38;5;159m FPS per env, [38;5;121m1[0m[38;5;159m envs).[0m
[38;5;159m[Genesis] [18:28:14] [INFO] Running at [38;5;121m126.51[0m[38;5;159m FPS ([38;5;121m126.51[0m[38;5;159m FPS per env, [38;5;121m1[0m[38;5;159m envs).[0m
[38;5;159m[Genesis] [18:28:15] [INFO] Running at [38;5;121m126.52[0m[38;5;159m FPS ([38;5;121m126.52[0m[38;5;159m FPS per env, [38;5;121m1[0m[38;5;159m envs).[0m
[38;5;159m[Genesis] [18:28:15] [INFO] Running at [38;5;121m126.54[0m[38;5;159m FPS ([38;5;121m126.54[0m[38;5;159m FPS per env, [38;5;121m1[0m[38;5;159m envs).[0m
[38;5;159m[Genesis] [18:28:15] [INFO] Running at [38;5;121m126.54[0m[38;5;159m FPS ([38;5;121m126.54[0m[38;5;159m FPS per env, [38;5;121m1[0m[38;5;159m envs).[0m
[38;5;159m[Genesis] [18:28:15] [INFO] Running at [38;5;121m126.61[0m[38;5;159m FPS ([38;5;121m126.61[0m[38;5;159m FPS per env, [38;5;121m1[0m[38;5;159m envs).[0m
[38;5;159m[Genesis] [18:28:15] [INFO] Running at [38;5;121m126.64[0m[38;5;159m FPS ([38;5;121m126.64[0m[38;5;159m FPS per env, [38;5;121m1[0m[38;5;159m envs).[0m
[38;5;159m[Genesis] [18:28:15] [INFO] Running at [38;5;121m126.74[0m[38;5;159m FPS ([38;5;121m126.74[0m[38;5;159m FPS per env, [38;5;121m1[0m[38;5;159m envs).[0m
[38;5;159m[Genesis] [18:28:15] [INFO] Running at [38;5;121m126.70[0m[38;5;159m FPS ([38;5;121m126.70[0m[38;5;159m FPS per env, [38;5;121m1[0m[38;5;159m envs).[0m
[38;5;159m[Genesis] [18:28:15] [INFO] Running at [38;5;121m126.78[0m[38;5;159m FPS ([38;5;121m126.78[0m[38;5;159m FPS per env, [38;5;121m1[0m[38;5;159m envs).[0m
[38;5;159m[Genesis] [18:28:15] [INFO] Running at [38;5;121m126.75[0m[38;5;159m FPS ([38;5;121m126.75[0m[38;5;159m FPS per env, [38;5;121m1[0m[38;5;159m envs).[0m
[38;5;159m[Genesis] [18:28:15] [INFO] Running at [38;5;121m126.72[0m[38;5;159m FPS ([38;5;121m126.72[0m[38;5;159m FPS per env, [38;5;121m1[0m[38;5;159m envs).[0m
[38;5;159m[Genesis] [18:28:15] [INFO] Running at [38;5;121m126.48[0m[38;5;159m FPS ([38;5;121m126.48[0m[38;5;159m FPS per env, [38;5;121m1[0m[38;5;159m envs).[0m
[38;5;159m[Genesis] [18:28:15] [INFO] Running at [38;5;121m126.58[0m[38;5;159m FPS ([38;5;121m126.58[0m[38;5;159m FPS per env, [38;5;121m1[0m[38;5;159m envs).[0m
[38;5;159m[Genesis] [18:28:15] [INFO] Running at [38;5;121m126.60[0m[38;5;159m FPS ([38;5;121m126.60[0m[38;5;159m FPS per env, [38;5;121m1[0m[38;5;159m envs).[0m
[38;5;159m[Genesis] [18:28:15] [INFO] Running at [38;5;121m126.64[0m[38;5;159m FPS ([38;5;121m126.64[0m[38;5;159m FPS per env, [38;5;121m1[0m[38;5;159m envs).[0m
[38;5;159m[Genesis] [18:28:15] [INFO] Running at [38;5;121m126.64[0m[38;5;159m FPS ([38;5;121m126.64[0m[38;5;159m FPS per env, [38;5;121m1[0m[38;5;159m envs).[0m
[38;5;159m[Genesis] [18:28:15] [INFO] Running at [38;5;121m126.70[0m[38;5;159m FPS ([38;5;121m126.70[0m[38;5;159m FPS per env, [38;5;121m1[0m[38;5;159m envs).[0m
[38;5;159m[Genesis] [18:28:15] [INFO] Running at [38;5;121m126.72[0m[38;5;159m FPS ([38;5;121m126.72[0m[38;5;159m FPS per env, [38;5;121m1[0m[38;5;159m envs).[0m
[38;5;159m[Genesis] [18:28:15] [INFO] Running at [38;5;121m126.80[0m[38;5;159m FPS ([38;5;121m126.80[0m[38;5;159m FPS per env, [38;5;121m1[0m[38;5;159m envs).[0m
[38;5;159m[Genesis] [18:28:16] [INFO] Running at [38;5;121m126.81[0m[38;5;159m FPS ([38;5;121m126.81[0m[38;5;159m FPS per env, [38;5;121m1[0m[38;5;159m envs).[0m
[38;5;159m[Genesis] [18:28:16] [INFO] Running at [38;5;121m126.86[0m[38;5;159m FPS ([38;5;121m126.86[0m[38;5;159m FPS per env, [38;5;121m1[0m[38;5;159m envs).[0m
[38;5;159m[Genesis] [18:28:16] [INFO] Running at [38;5;121m126.84[0m[38;5;159m FPS ([38;5;121m126.84[0m[38;5;159m FPS per env, [38;5;121m1[0m[38;5;159m envs).[0m
[38;5;159m[Genesis] [18:28:16] [INFO] Running at [38;5;121m126.89[0m[38;5;159m FPS ([38;5;121m126.89[0m[38;5;159m FPS per env, [38;5;121m1[0m[38;5;159m envs).[0m
[38;5;159m[Genesis] [18:28:16] [INFO] Running at [38;5;121m126.72[0m[38;5;159m FPS ([38;5;121m126.72[0m[38;5;159m FPS per env, [38;5;121m1[0m[38;5;159m envs).[0m
[38;5;159m[Genesis] [18:28:16] [INFO] Running at [38;5;121m126.80[0m[38;5;159m FPS ([38;5;121m126.80[0m[38;5;159m FPS per env, [38;5;121m1[0m[38;5;159m envs).[0m
[38;5;159m[Genesis] [18:28:16] [INFO] Running at [38;5;121m126.80[0m[38;5;159m FPS ([38;5;121m126.80[0m[38;5;159m FPS per env, [38;5;121m1[0m[38;5;159m envs).[0m
[38;5;159m[Genesis] [18:28:16] [INFO] Running at [38;5;121m126.82[0m[38;5;159m FPS ([38;5;121m126.82[0m[38;5;159m FPS per env, [38;5;121m1[0m[38;5;159m envs).[0m
[38;5;159m[Genesis] [18:28:16] [INFO] Running at [38;5;121m126.84[0m[38;5;159m FPS ([38;5;121m126.84[0m[38;5;159m FPS per env, [38;5;121m1[0m[38;5;159m envs).[0m
[38;5;159m[Genesis] [18:28:16] [INFO] Running at [38;5;121m126.85[0m[38;5;159m FPS ([38;5;121m126.85[0m[38;5;159m FPS per env, [38;5;121m1[0m[38;5;159m envs).[0m
[38;5;159m[Genesis] [18:28:16] [INFO] Running at [38;5;121m126.87[0m[38;5;159m FPS ([38;5;121m126.87[0m[38;5;159m FPS per env, [38;5;121m1[0m[38;5;159m envs).[0m
[38;5;159m[Genesis] [18:28:16] [INFO] Running at [38;5;121m126.89[0m[38;5;159m FPS ([38;5;121m126.89[0m[38;5;159m FPS per env, [38;5;121m1[0m[38;5;159m envs).[0m
[38;5;159m[Genesis] [18:28:16] [INFO] Running at [38;5;121m126.87[0m[38;5;159m FPS ([38;5;121m126.87[0m[38;5;159m FPS per env, [38;5;121m1[0m[38;5;159m envs).[0m
[38;5;159m[Genesis] [18:28:16] [INFO] Running at [38;5;121m126.90[0m[38;5;159m FPS ([38;5;121m126.90[0m[38;5;159m FPS per env, [38;5;121m1[0m[38;5;159m envs).[0m
[38;5;159m[Genesis] [18:28:16] [INFO] Running at [38;5;121m126.93[0m[38;5;159m FPS ([38;5;121m126.93[0m[38;5;159m FPS per env, [38;5;121m1[0m[38;5;159m envs).[0m
[38;5;159m[Genesis] [18:28:16] [INFO] Running at [38;5;121m126.96[0m[38;5;159m FPS ([38;5;121m126.96[0m[38;5;159m FPS per env, [38;5;121m1[0m[38;5;159m envs).[0m
[38;5;159m[Genesis] [18:28:16] [INFO] Running at [38;5;121m126.77[0m[38;5;159m FPS ([38;5;121m126.77[0m[38;5;159m FPS per env, [38;5;121m1[0m[38;5;159m envs).[0m
[38;5;159m[Genesis] [18:28:16] [INFO] Running at [38;5;121m126.78[0m[38;5;159m FPS ([38;5;121m126.78[0m[38;5;159m FPS per env, [38;5;121m1[0m[38;5;159m envs).[0m
[38;5;159m[Genesis] [18:28:17] [INFO] Running at [38;5;121m126.80[0m[38;5;159m FPS ([38;5;121m126.80[0m[38;5;159m FPS per env, [38;5;121m1[0m[38;5;159m envs).[0m
[38;5;159m[Genesis] [18:28:17] [INFO] Running at [38;5;121m126.79[0m[38;5;159m FPS ([38;5;121m126.79[0m[38;5;159m FPS per env, [38;5;121m1[0m[38;5;159m envs).[0m
[38;5;159m[Genesis] [18:28:17] [INFO] Running at [38;5;121m126.81[0m[38;5;159m FPS ([38;5;121m126.81[0m[38;5;159m FPS per env, [38;5;121m1[0m[38;5;159m envs).[0m
[38;5;159m[Genesis] [18:28:17] [INFO] Running at [38;5;121m126.83[0m[38;5;159m FPS ([38;5;121m126.83[0m[38;5;159m FPS per env, [38;5;121m1[0m[38;5;159m envs).[0m
[38;5;159m[Genesis] [18:28:17] [INFO] Running at [38;5;121m126.85[0m[38;5;159m FPS ([38;5;121m126.85[0m[38;5;159m FPS per env, [38;5;121m1[0m[38;5;159m envs).[0m
[38;5;159m[Genesis] [18:28:17] [INFO] Running at [38;5;121m126.85[0m[38;5;159m FPS ([38;5;121m126.85[0m[38;5;159m FPS per env, [38;5;121m1[0m[38;5;159m envs).[0m
[38;5;159m[Genesis] [18:28:17] [INFO] Running at [38;5;121m126.86[0m[38;5;159m FPS ([38;5;121m126.86[0m[38;5;159m FPS per env, [38;5;121m1[0m[38;5;159m envs).[0m
fps 50
[38;5;159m[Genesis] [18:28:17] [INFO] Saving video to [38;5;121m"test_3000_behind.mp4"[0m[38;5;159m...[0m
[38;5;159m[Genesis] [18:28:18] [INFO] Video saved.[0m
[38;5;159m[Genesis] [18:28:18] [INFO] Saving video to [38;5;121m"test_3000_side.mp4"[0m[38;5;159m...[0m
[38;5;159m[Genesis] [18:28:19] [INFO] Video saved.[0m
Saved recordings for checkpoint 3000.
Finaler Gierraten-Fehler: 33.64 deg/s
[38;5;159m[Genesis] [18:28:19] [INFO] 💤 Exiting Genesis and caching compiled kernels...[0m
