[38;5;159m[Genesis] [18:15:50] [INFO] [38;5;121m╭───────────────────────────────────────────────╮[0m[38;5;159m[0m
[38;5;159m[Genesis] [18:15:50] [INFO] [38;5;121m│┈┉┈┉┈┉┈┉┈┉┈┉┈┉┈┉┈┉┈[0m[38;5;159m [38;5;121m[1m[3mGenesis[0m[38;5;159m [38;5;121m┈┉┈┉┈┉┈┉┈┉┈┉┈┉┈┉┈┉┈│[0m[38;5;159m[0m
[38;5;159m[Genesis] [18:15:50] [INFO] [38;5;121m╰───────────────────────────────────────────────╯[0m[38;5;159m[0m
[38;5;159m[Genesis] [18:15:51] [INFO] Running on [38;5;121m[4m[NVIDIA GeForce RTX 4090][0m[38;5;159m with backend [38;5;121m[4mgs.cuda[0m[38;5;159m. Device memory: [38;5;121m[4m23.52[0m[38;5;159m GB.[0m
[38;5;159m[Genesis] [18:15:51] [INFO] 🚀 Genesis initialized. 🔖 version: [38;5;121m[4m0.4.7[0m[38;5;159m, 🎨 theme: [38;5;121m[4mdark[0m[38;5;159m, 🌱 seed: [38;5;121m[4mNone[0m[38;5;159m, 🐛 debug: [38;5;121m[4mFalse[0m[38;5;159m, 📏 precision: [38;5;121m[4m32[0m[38;5;159m, 🔥 performance: [38;5;121m[4mFalse[0m[38;5;159m, 💬 verbose: [38;5;121m[4mINFO[0m[38;5;159m[0m
[38;5;226m[Genesis] [18:15:52] [WARNING] Viewer option 'n_rendered_envs' is deprecated and will be removed in a future release. Please use 'rendered_envs_idx' instead.[0m
[38;5;159m[Genesis] [18:15:52] [INFO] Scene [38;5;121m[3m<892eab4>[0m[38;5;159m created.[0m
[38;5;159m[Genesis] [18:15:52] [INFO] Adding [38;5;121m<gs.engine.entities.RigidEntity>[0m[38;5;159m. idx: [38;5;121m0[0m[38;5;159m, uid: [38;5;121m[3m<fb344a2>[0m[38;5;159m, morph: [38;5;121m<gs.morphs.Plane>[0m[38;5;159m, material: [38;5;121m<gs.materials.Rigid>[0m[38;5;159m.[0m
[38;5;159m[Genesis] [18:15:52] [INFO] Adding [38;5;121m<gs.engine.entities.RigidEntity>[0m[38;5;159m. idx: [38;5;121m1[0m[38;5;159m, uid: [38;5;121m[3m<0f9273e>[0m[38;5;159m, morph: [38;5;121m<gs.morphs.URDF(file='/home/jfriesen/.local/lib/python3.12/site-packages/genesis/assets/urdf/go2/urdf/go2.urdf')>[0m[38;5;159m, material: [38;5;121m<gs.materials.Rigid>[0m[38;5;159m.[0m
[38;5;159m[Genesis] [18:15:54] [INFO] Building scene [38;5;121m[3m<892eab4>[0m[38;5;159m...[0m
[38;5;226m[Genesis] [18:15:54] [WARNING] Neutral robot position (qpos0) exceeds joint limits.[0m
[38;5;159m[Genesis] [18:15:55] [INFO] Compiling simulation kernels...[0m
[38;5;159m[Genesis] [18:15:55] [INFO] Building visualizer...[0m
[38;5;226m[Genesis] [18:15:56] [WARNING] This property is deprecated and will be removed in future release. Please use 'dofs_idx_local' instead.[0m
[38;5;226m[Genesis] [18:15:56] [WARNING] This property is deprecated and will be removed in future release. Please use 'dofs_idx_local' instead.[0m
[38;5;226m[Genesis] [18:15:56] [WARNING] This property is deprecated and will be removed in future release. Please use 'dofs_idx_local' instead.[0m
[38;5;226m[Genesis] [18:15:56] [WARNING] This property is deprecated and will be removed in future release. Please use 'dofs_idx_local' instead.[0m
[38;5;226m[Genesis] [18:15:56] [WARNING] This property is deprecated and will be removed in future release. Please use 'dofs_idx_local' instead.[0m
[38;5;226m[Genesis] [18:15:56] [WARNING] This property is deprecated and will be removed in future release. Please use 'dofs_idx_local' instead.[0m
[38;5;226m[Genesis] [18:15:56] [WARNING] This property is deprecated and will be removed in future release. Please use 'dofs_idx_local' instead.[0m
[38;5;226m[Genesis] [18:15:56] [WARNING] This property is deprecated and will be removed in future release. Please use 'dofs_idx_local' instead.[0m
[38;5;226m[Genesis] [18:15:56] [WARNING] This property is deprecated and will be removed in future release. Please use 'dofs_idx_local' instead.[0m
[38;5;226m[Genesis] [18:15:56] [WARNING] This property is deprecated and will be removed in future release. Please use 'dofs_idx_local' instead.[0m
[38;5;226m[Genesis] [18:15:56] [WARNING] This property is deprecated and will be removed in future release. Please use 'dofs_idx_local' instead.[0m
[38;5;226m[Genesis] [18:15:56] [WARNING] This property is deprecated and will be removed in future release. Please use 'dofs_idx_local' instead.[0m
/home/jfriesen/.local/lib/python3.12/site-packages/torch/utils/_device.py:122: UserWarning: To copy construct from a tensor, it is recommended to use sourceTensor.detach().clone() or sourceTensor.detach().clone().requires_grad_(True), rather than torch.tensor(sourceTensor).
  return func(*args, **kwargs)
Actor MLP: Sequential(
  (0): Linear(in_features=51, out_features=512, bias=True)
  (1): ELU(alpha=1.0)
  (2): Linear(in_features=512, out_features=256, bias=True)
  (3): ELU(alpha=1.0)
  (4): Linear(in_features=256, out_features=128, bias=True)
  (5): ELU(alpha=1.0)
  (6): Linear(in_features=128, out_features=12, bias=True)
)
Critic MLP: Sequential(
  (0): Linear(in_features=75, out_features=512, bias=True)
  (1): ELU(alpha=1.0)
  (2): Linear(in_features=512, out_features=256, bias=True)
  (3): ELU(alpha=1.0)
  (4): Linear(in_features=256, out_features=128, bias=True)
  (5): ELU(alpha=1.0)
  (6): Linear(in_features=128, out_features=1, bias=True)
)
[38;5;159m[Genesis] [18:15:57] [INFO] Running at [38;5;121m3.74[0m[38;5;159m FPS ([38;5;121m3.74[0m[38;5;159m FPS per env, [38;5;121m1[0m[38;5;159m envs).[0m
[38;5;159m[Genesis] [18:15:57] [INFO] Running at [38;5;121m39.09[0m[38;5;159m FPS ([38;5;121m39.09[0m[38;5;159m FPS per env, [38;5;121m1[0m[38;5;159m envs).[0m
[38;5;159m[Genesis] [18:15:57] [INFO] Running at [38;5;121m117.12[0m[38;5;159m FPS ([38;5;121m117.12[0m[38;5;159m FPS per env, [38;5;121m1[0m[38;5;159m envs).[0m
[38;5;159m[Genesis] [18:15:57] [INFO] Running at [38;5;121m116.96[0m[38;5;159m FPS ([38;5;121m116.96[0m[38;5;159m FPS per env, [38;5;121m1[0m[38;5;159m envs).[0m
[38;5;159m[Genesis] [18:15:57] [INFO] Running at [38;5;121m117.08[0m[38;5;159m FPS ([38;5;121m117.08[0m[38;5;159m FPS per env, [38;5;121m1[0m[38;5;159m envs).[0m
[38;5;159m[Genesis] [18:15:57] [INFO] Running at [38;5;121m117.22[0m[38;5;159m FPS ([38;5;121m117.22[0m[38;5;159m FPS per env, [38;5;121m1[0m[38;5;159m envs).[0m
[38;5;159m[Genesis] [18:15:57] [INFO] Running at [38;5;121m117.34[0m[38;5;159m FPS ([38;5;121m117.34[0m[38;5;159m FPS per env, [38;5;121m1[0m[38;5;159m envs).[0m
[38;5;159m[Genesis] [18:15:57] [INFO] Running at [38;5;121m136.07[0m[38;5;159m FPS ([38;5;121m136.07[0m[38;5;159m FPS per env, [38;5;121m1[0m[38;5;159m envs).[0m
[38;5;159m[Genesis] [18:15:57] [INFO] Running at [38;5;121m135.29[0m[38;5;159m FPS ([38;5;121m135.29[0m[38;5;159m FPS per env, [38;5;121m1[0m[38;5;159m envs).[0m
[38;5;159m[Genesis] [18:15:57] [INFO] Running at [38;5;121m134.58[0m[38;5;159m FPS ([38;5;121m134.58[0m[38;5;159m FPS per env, [38;5;121m1[0m[38;5;159m envs).[0m
[38;5;159m[Genesis] [18:15:57] [INFO] Running at [38;5;121m133.92[0m[38;5;159m FPS ([38;5;121m133.92[0m[38;5;159m FPS per env, [38;5;121m1[0m[38;5;159m envs).[0m
[38;5;159m[Genesis] [18:15:57] [INFO] Running at [38;5;121m133.33[0m[38;5;159m FPS ([38;5;121m133.33[0m[38;5;159m FPS per env, [38;5;121m1[0m[38;5;159m envs).[0m
[38;5;159m[Genesis] [18:15:58] [INFO] Running at [38;5;121m132.73[0m[38;5;159m FPS ([38;5;121m132.73[0m[38;5;159m FPS per env, [38;5;121m1[0m[38;5;159m envs).[0m
[38;5;159m[Genesis] [18:15:58] [INFO] Running at [38;5;121m132.14[0m[38;5;159m FPS ([38;5;121m132.14[0m[38;5;159m FPS per env, [38;5;121m1[0m[38;5;159m envs).[0m
[38;5;159m[Genesis] [18:15:58] [INFO] Running at [38;5;121m113.58[0m[38;5;159m FPS ([38;5;121m113.58[0m[38;5;159m FPS per env, [38;5;121m1[0m[38;5;159m envs).[0m
[38;5;159m[Genesis] [18:15:58] [INFO] Running at [38;5;121m131.95[0m[38;5;159m FPS ([38;5;121m131.95[0m[38;5;159m FPS per env, [38;5;121m1[0m[38;5;159m envs).[0m
[38;5;159m[Genesis] [18:15:58] [INFO] Running at [38;5;121m131.48[0m[38;5;159m FPS ([38;5;121m131.48[0m[38;5;159m FPS per env, [38;5;121m1[0m[38;5;159m envs).[0m
[38;5;159m[Genesis] [18:15:58] [INFO] Running at [38;5;121m131.10[0m[38;5;159m FPS ([38;5;121m131.10[0m[38;5;159m FPS per env, [38;5;121m1[0m[38;5;159m envs).[0m
[38;5;159m[Genesis] [18:15:58] [INFO] Running at [38;5;121m130.76[0m[38;5;159m FPS ([38;5;121m130.76[0m[38;5;159m FPS per env, [38;5;121m1[0m[38;5;159m envs).[0m
[38;5;159m[Genesis] [18:15:58] [INFO] Running at [38;5;121m130.45[0m[38;5;159m FPS ([38;5;121m130.45[0m[38;5;159m FPS per env, [38;5;121m1[0m[38;5;159m envs).[0m
[38;5;159m[Genesis] [18:15:58] [INFO] Running at [38;5;121m130.18[0m[38;5;159m FPS ([38;5;121m130.18[0m[38;5;159m FPS per env, [38;5;121m1[0m[38;5;159m envs).[0m
[38;5;159m[Genesis] [18:15:58] [INFO] Running at [38;5;121m129.94[0m[38;5;159m FPS ([38;5;121m129.94[0m[38;5;159m FPS per env, [38;5;121m1[0m[38;5;159m envs).[0m
[38;5;159m[Genesis] [18:15:58] [INFO] Running at [38;5;121m129.70[0m[38;5;159m FPS ([38;5;121m129.70[0m[38;5;159m FPS per env, [38;5;121m1[0m[38;5;159m envs).[0m
[38;5;159m[Genesis] [18:15:58] [INFO] Running at [38;5;121m129.47[0m[38;5;159m FPS ([38;5;121m129.47[0m[38;5;159m FPS per env, [38;5;121m1[0m[38;5;159m envs).[0m
[38;5;159m[Genesis] [18:15:58] [INFO] Running at [38;5;121m129.26[0m[38;5;159m FPS ([38;5;121m129.26[0m[38;5;159m FPS per env, [38;5;121m1[0m[38;5;159m envs).[0m
[38;5;159m[Genesis] [18:15:58] [INFO] Running at [38;5;121m129.05[0m[38;5;159m FPS ([38;5;121m129.05[0m[38;5;159m FPS per env, [38;5;121m1[0m[38;5;159m envs).[0m
[38;5;159m[Genesis] [18:15:58] [INFO] Running at [38;5;121m128.71[0m[38;5;159m FPS ([38;5;121m128.71[0m[38;5;159m FPS per env, [38;5;121m1[0m[38;5;159m envs).[0m
[38;5;159m[Genesis] [18:15:58] [INFO] Running at [38;5;121m128.52[0m[38;5;159m FPS ([38;5;121m128.52[0m[38;5;159m FPS per env, [38;5;121m1[0m[38;5;159m envs).[0m
[38;5;159m[Genesis] [18:15:58] [INFO] Running at [38;5;121m128.38[0m[38;5;159m FPS ([38;5;121m128.38[0m[38;5;159m FPS per env, [38;5;121m1[0m[38;5;159m envs).[0m
[38;5;159m[Genesis] [18:15:58] [INFO] Running at [38;5;121m128.21[0m[38;5;159m FPS ([38;5;121m128.21[0m[38;5;159m FPS per env, [38;5;121m1[0m[38;5;159m envs).[0m
[38;5;159m[Genesis] [18:15:59] [INFO] Running at [38;5;121m128.06[0m[38;5;159m FPS ([38;5;121m128.06[0m[38;5;159m FPS per env, [38;5;121m1[0m[38;5;159m envs).[0m
[38;5;159m[Genesis] [18:15:59] [INFO] Running at [38;5;121m127.98[0m[38;5;159m FPS ([38;5;121m127.98[0m[38;5;159m FPS per env, [38;5;121m1[0m[38;5;159m envs).[0m
[38;5;159m[Genesis] [18:15:59] [INFO] Running at [38;5;121m127.90[0m[38;5;159m FPS ([38;5;121m127.90[0m[38;5;159m FPS per env, [38;5;121m1[0m[38;5;159m envs).[0m
[38;5;159m[Genesis] [18:15:59] [INFO] Running at [38;5;121m127.78[0m[38;5;159m FPS ([38;5;121m127.78[0m[38;5;159m FPS per env, [38;5;121m1[0m[38;5;159m envs).[0m
[38;5;159m[Genesis] [18:15:59] [INFO] Running at [38;5;121m127.71[0m[38;5;159m FPS ([38;5;121m127.71[0m[38;5;159m FPS per env, [38;5;121m1[0m[38;5;159m envs).[0m
[38;5;159m[Genesis] [18:15:59] [INFO] Running at [38;5;121m127.62[0m[38;5;159m FPS ([38;5;121m127.62[0m[38;5;159m FPS per env, [38;5;121m1[0m[38;5;159m envs).[0m
[38;5;159m[Genesis] [18:15:59] [INFO] Running at [38;5;121m127.55[0m[38;5;159m FPS ([38;5;121m127.55[0m[38;5;159m FPS per env, [38;5;121m1[0m[38;5;159m envs).[0m
[38;5;159m[Genesis] [18:15:59] [INFO] Running at [38;5;121m127.46[0m[38;5;159m FPS ([38;5;121m127.46[0m[38;5;159m FPS per env, [38;5;121m1[0m[38;5;159m envs).[0m
[38;5;159m[Genesis] [18:15:59] [INFO] Running at [38;5;121m127.18[0m[38;5;159m FPS ([38;5;121m127.18[0m[38;5;159m FPS per env, [38;5;121m1[0m[38;5;159m envs).[0m
[38;5;159m[Genesis] [18:15:59] [INFO] Running at [38;5;121m127.11[0m[38;5;159m FPS ([38;5;121m127.11[0m[38;5;159m FPS per env, [38;5;121m1[0m[38;5;159m envs).[0m
[38;5;159m[Genesis] [18:15:59] [INFO] Running at [38;5;121m127.06[0m[38;5;159m FPS ([38;5;121m127.06[0m[38;5;159m FPS per env, [38;5;121m1[0m[38;5;159m envs).[0m
[38;5;159m[Genesis] [18:15:59] [INFO] Running at [38;5;121m127.02[0m[38;5;159m FPS ([38;5;121m127.02[0m[38;5;159m FPS per env, [38;5;121m1[0m[38;5;159m envs).[0m
[38;5;159m[Genesis] [18:15:59] [INFO] Running at [38;5;121m126.98[0m[38;5;159m FPS ([38;5;121m126.98[0m[38;5;159m FPS per env, [38;5;121m1[0m[38;5;159m envs).[0m
[38;5;159m[Genesis] [18:15:59] [INFO] Running at [38;5;121m126.94[0m[38;5;159m FPS ([38;5;121m126.94[0m[38;5;159m FPS per env, [38;5;121m1[0m[38;5;159m envs).[0m
[38;5;159m[Genesis] [18:15:59] [INFO] Running at [38;5;121m126.91[0m[38;5;159m FPS ([38;5;121m126.91[0m[38;5;159m FPS per env, [38;5;121m1[0m[38;5;159m envs).[0m
[38;5;159m[Genesis] [18:15:59] [INFO] Running at [38;5;121m126.83[0m[38;5;159m FPS ([38;5;121m126.83[0m[38;5;159m FPS per env, [38;5;121m1[0m[38;5;159m envs).[0m
[38;5;159m[Genesis] [18:15:59] [INFO] Running at [38;5;121m126.79[0m[38;5;159m FPS ([38;5;121m126.79[0m[38;5;159m FPS per env, [38;5;121m1[0m[38;5;159m envs).[0m
[38;5;159m[Genesis] [18:15:59] [INFO] Running at [38;5;121m126.71[0m[38;5;159m FPS ([38;5;121m126.71[0m[38;5;159m FPS per env, [38;5;121m1[0m[38;5;159m envs).[0m
[38;5;159m[Genesis] [18:16:00] [INFO] Running at [38;5;121m126.64[0m[38;5;159m FPS ([38;5;121m126.64[0m[38;5;159m FPS per env, [38;5;121m1[0m[38;5;159m envs).[0m
[38;5;159m[Genesis] [18:16:00] [INFO] Running at [38;5;121m126.58[0m[38;5;159m FPS ([38;5;121m126.58[0m[38;5;159m FPS per env, [38;5;121m1[0m[38;5;159m envs).[0m
[38;5;159m[Genesis] [18:16:00] [INFO] Running at [38;5;121m126.34[0m[38;5;159m FPS ([38;5;121m126.34[0m[38;5;159m FPS per env, [38;5;121m1[0m[38;5;159m envs).[0m
[38;5;159m[Genesis] [18:16:00] [INFO] Running at [38;5;121m126.33[0m[38;5;159m FPS ([38;5;121m126.33[0m[38;5;159m FPS per env, [38;5;121m1[0m[38;5;159m envs).[0m
[38;5;159m[Genesis] [18:16:00] [INFO] Running at [38;5;121m126.27[0m[38;5;159m FPS ([38;5;121m126.27[0m[38;5;159m FPS per env, [38;5;121m1[0m[38;5;159m envs).[0m
[38;5;159m[Genesis] [18:16:00] [INFO] Running at [38;5;121m126.27[0m[38;5;159m FPS ([38;5;121m126.27[0m[38;5;159m FPS per env, [38;5;121m1[0m[38;5;159m envs).[0m
[38;5;159m[Genesis] [18:16:00] [INFO] Running at [38;5;121m126.27[0m[38;5;159m FPS ([38;5;121m126.27[0m[38;5;159m FPS per env, [38;5;121m1[0m[38;5;159m envs).[0m
[38;5;159m[Genesis] [18:16:00] [INFO] Running at [38;5;121m126.23[0m[38;5;159m FPS ([38;5;121m126.23[0m[38;5;159m FPS per env, [38;5;121m1[0m[38;5;159m envs).[0m
[38;5;159m[Genesis] [18:16:00] [INFO] Running at [38;5;121m126.26[0m[38;5;159m FPS ([38;5;121m126.26[0m[38;5;159m FPS per env, [38;5;121m1[0m[38;5;159m envs).[0m
[38;5;159m[Genesis] [18:16:00] [INFO] Running at [38;5;121m126.23[0m[38;5;159m FPS ([38;5;121m126.23[0m[38;5;159m FPS per env, [38;5;121m1[0m[38;5;159m envs).[0m
[38;5;159m[Genesis] [18:16:00] [INFO] Running at [38;5;121m126.22[0m[38;5;159m FPS ([38;5;121m126.22[0m[38;5;159m FPS per env, [38;5;121m1[0m[38;5;159m envs).[0m
[38;5;159m[Genesis] [18:16:00] [INFO] Running at [38;5;121m126.22[0m[38;5;159m FPS ([38;5;121m126.22[0m[38;5;159m FPS per env, [38;5;121m1[0m[38;5;159m envs).[0m
[38;5;159m[Genesis] [18:16:00] [INFO] Running at [38;5;121m126.19[0m[38;5;159m FPS ([38;5;121m126.19[0m[38;5;159m FPS per env, [38;5;121m1[0m[38;5;159m envs).[0m
[38;5;159m[Genesis] [18:16:00] [INFO] Running at [38;5;121m126.19[0m[38;5;159m FPS ([38;5;121m126.19[0m[38;5;159m FPS per env, [38;5;121m1[0m[38;5;159m envs).[0m
[38;5;159m[Genesis] [18:16:00] [INFO] Running at [38;5;121m126.19[0m[38;5;159m FPS ([38;5;121m126.19[0m[38;5;159m FPS per env, [38;5;121m1[0m[38;5;159m envs).[0m
[38;5;159m[Genesis] [18:16:00] [INFO] Running at [38;5;121m126.03[0m[38;5;159m FPS ([38;5;121m126.03[0m[38;5;159m FPS per env, [38;5;121m1[0m[38;5;159m envs).[0m
[38;5;159m[Genesis] [18:16:00] [INFO] Running at [38;5;121m126.06[0m[38;5;159m FPS ([38;5;121m126.06[0m[38;5;159m FPS per env, [38;5;121m1[0m[38;5;159m envs).[0m
[38;5;159m[Genesis] [18:16:00] [INFO] Running at [38;5;121m126.11[0m[38;5;159m FPS ([38;5;121m126.11[0m[38;5;159m FPS per env, [38;5;121m1[0m[38;5;159m envs).[0m
[38;5;159m[Genesis] [18:16:01] [INFO] Running at [38;5;121m126.14[0m[38;5;159m FPS ([38;5;121m126.14[0m[38;5;159m FPS per env, [38;5;121m1[0m[38;5;159m envs).[0m
[38;5;159m[Genesis] [18:16:01] [INFO] Running at [38;5;121m126.15[0m[38;5;159m FPS ([38;5;121m126.15[0m[38;5;159m FPS per env, [38;5;121m1[0m[38;5;159m envs).[0m
[38;5;159m[Genesis] [18:16:01] [INFO] Running at [38;5;121m126.21[0m[38;5;159m FPS ([38;5;121m126.21[0m[38;5;159m FPS per env, [38;5;121m1[0m[38;5;159m envs).[0m
[38;5;159m[Genesis] [18:16:01] [INFO] Running at [38;5;121m126.30[0m[38;5;159m FPS ([38;5;121m126.30[0m[38;5;159m FPS per env, [38;5;121m1[0m[38;5;159m envs).[0m
[38;5;159m[Genesis] [18:16:01] [INFO] Running at [38;5;121m126.33[0m[38;5;159m FPS ([38;5;121m126.33[0m[38;5;159m FPS per env, [38;5;121m1[0m[38;5;159m envs).[0m
[38;5;159m[Genesis] [18:16:01] [INFO] Running at [38;5;121m126.43[0m[38;5;159m FPS ([38;5;121m126.43[0m[38;5;159m FPS per env, [38;5;121m1[0m[38;5;159m envs).[0m
[38;5;159m[Genesis] [18:16:01] [INFO] Running at [38;5;121m126.38[0m[38;5;159m FPS ([38;5;121m126.38[0m[38;5;159m FPS per env, [38;5;121m1[0m[38;5;159m envs).[0m
[38;5;159m[Genesis] [18:16:01] [INFO] Running at [38;5;121m126.38[0m[38;5;159m FPS ([38;5;121m126.38[0m[38;5;159m FPS per env, [38;5;121m1[0m[38;5;159m envs).[0m
[38;5;159m[Genesis] [18:16:01] [INFO] Running at [38;5;121m126.37[0m[38;5;159m FPS ([38;5;121m126.37[0m[38;5;159m FPS per env, [38;5;121m1[0m[38;5;159m envs).[0m
[38;5;159m[Genesis] [18:16:01] [INFO] Running at [38;5;121m126.18[0m[38;5;159m FPS ([38;5;121m126.18[0m[38;5;159m FPS per env, [38;5;121m1[0m[38;5;159m envs).[0m
[38;5;159m[Genesis] [18:16:01] [INFO] Running at [38;5;121m126.22[0m[38;5;159m FPS ([38;5;121m126.22[0m[38;5;159m FPS per env, [38;5;121m1[0m[38;5;159m envs).[0m
[38;5;159m[Genesis] [18:16:01] [INFO] Running at [38;5;121m126.22[0m[38;5;159m FPS ([38;5;121m126.22[0m[38;5;159m FPS per env, [38;5;121m1[0m[38;5;159m envs).[0m
[38;5;159m[Genesis] [18:16:01] [INFO] Running at [38;5;121m126.24[0m[38;5;159m FPS ([38;5;121m126.24[0m[38;5;159m FPS per env, [38;5;121m1[0m[38;5;159m envs).[0m
[38;5;159m[Genesis] [18:16:01] [INFO] Running at [38;5;121m126.32[0m[38;5;159m FPS ([38;5;121m126.32[0m[38;5;159m FPS per env, [38;5;121m1[0m[38;5;159m envs).[0m
[38;5;159m[Genesis] [18:16:01] [INFO] Running at [38;5;121m126.31[0m[38;5;159m FPS ([38;5;121m126.31[0m[38;5;159m FPS per env, [38;5;121m1[0m[38;5;159m envs).[0m
[38;5;159m[Genesis] [18:16:01] [INFO] Running at [38;5;121m126.38[0m[38;5;159m FPS ([38;5;121m126.38[0m[38;5;159m FPS per env, [38;5;121m1[0m[38;5;159m envs).[0m
[38;5;159m[Genesis] [18:16:01] [INFO] Running at [38;5;121m126.43[0m[38;5;159m FPS ([38;5;121m126.43[0m[38;5;159m FPS per env, [38;5;121m1[0m[38;5;159m envs).[0m
[38;5;159m[Genesis] [18:16:01] [INFO] Running at [38;5;121m126.47[0m[38;5;159m FPS ([38;5;121m126.47[0m[38;5;159m FPS per env, [38;5;121m1[0m[38;5;159m envs).[0m
[38;5;159m[Genesis] [18:16:02] [INFO] Running at [38;5;121m126.50[0m[38;5;159m FPS ([38;5;121m126.50[0m[38;5;159m FPS per env, [38;5;121m1[0m[38;5;159m envs).[0m
[38;5;159m[Genesis] [18:16:02] [INFO] Running at [38;5;121m126.52[0m[38;5;159m FPS ([38;5;121m126.52[0m[38;5;159m FPS per env, [38;5;121m1[0m[38;5;159m envs).[0m
[38;5;159m[Genesis] [18:16:02] [INFO] Running at [38;5;121m126.44[0m[38;5;159m FPS ([38;5;121m126.44[0m[38;5;159m FPS per env, [38;5;121m1[0m[38;5;159m envs).[0m
[38;5;159m[Genesis] [18:16:02] [INFO] Running at [38;5;121m126.23[0m[38;5;159m FPS ([38;5;121m126.23[0m[38;5;159m FPS per env, [38;5;121m1[0m[38;5;159m envs).[0m
[38;5;159m[Genesis] [18:16:02] [INFO] Running at [38;5;121m126.26[0m[38;5;159m FPS ([38;5;121m126.26[0m[38;5;159m FPS per env, [38;5;121m1[0m[38;5;159m envs).[0m
[38;5;159m[Genesis] [18:16:02] [INFO] Running at [38;5;121m126.23[0m[38;5;159m FPS ([38;5;121m126.23[0m[38;5;159m FPS per env, [38;5;121m1[0m[38;5;159m envs).[0m
[38;5;159m[Genesis] [18:16:02] [INFO] Running at [38;5;121m126.24[0m[38;5;159m FPS ([38;5;121m126.24[0m[38;5;159m FPS per env, [38;5;121m1[0m[38;5;159m envs).[0m
[38;5;159m[Genesis] [18:16:02] [INFO] Running at [38;5;121m126.28[0m[38;5;159m FPS ([38;5;121m126.28[0m[38;5;159m FPS per env, [38;5;121m1[0m[38;5;159m envs).[0m
[38;5;159m[Genesis] [18:16:02] [INFO] Running at [38;5;121m126.32[0m[38;5;159m FPS ([38;5;121m126.32[0m[38;5;159m FPS per env, [38;5;121m1[0m[38;5;159m envs).[0m
[38;5;159m[Genesis] [18:16:02] [INFO] Running at [38;5;121m126.33[0m[38;5;159m FPS ([38;5;121m126.33[0m[38;5;159m FPS per env, [38;5;121m1[0m[38;5;159m envs).[0m
[38;5;159m[Genesis] [18:16:02] [INFO] Running at [38;5;121m126.37[0m[38;5;159m FPS ([38;5;121m126.37[0m[38;5;159m FPS per env, [38;5;121m1[0m[38;5;159m envs).[0m
[38;5;159m[Genesis] [18:16:02] [INFO] Running at [38;5;121m126.37[0m[38;5;159m FPS ([38;5;121m126.37[0m[38;5;159m FPS per env, [38;5;121m1[0m[38;5;159m envs).[0m
[38;5;159m[Genesis] [18:16:02] [INFO] Running at [38;5;121m126.40[0m[38;5;159m FPS ([38;5;121m126.40[0m[38;5;159m FPS per env, [38;5;121m1[0m[38;5;159m envs).[0m
[38;5;159m[Genesis] [18:16:02] [INFO] Running at [38;5;121m126.40[0m[38;5;159m FPS ([38;5;121m126.40[0m[38;5;159m FPS per env, [38;5;121m1[0m[38;5;159m envs).[0m
[38;5;159m[Genesis] [18:16:02] [INFO] Running at [38;5;121m126.44[0m[38;5;159m FPS ([38;5;121m126.44[0m[38;5;159m FPS per env, [38;5;121m1[0m[38;5;159m envs).[0m
[38;5;159m[Genesis] [18:16:02] [INFO] Running at [38;5;121m126.26[0m[38;5;159m FPS ([38;5;121m126.26[0m[38;5;159m FPS per env, [38;5;121m1[0m[38;5;159m envs).[0m
[38;5;159m[Genesis] [18:16:02] [INFO] Running at [38;5;121m126.32[0m[38;5;159m FPS ([38;5;121m126.32[0m[38;5;159m FPS per env, [38;5;121m1[0m[38;5;159m envs).[0m
[38;5;159m[Genesis] [18:16:02] [INFO] Running at [38;5;121m126.32[0m[38;5;159m FPS ([38;5;121m126.32[0m[38;5;159m FPS per env, [38;5;121m1[0m[38;5;159m envs).[0m
[38;5;159m[Genesis] [18:16:03] [INFO] Running at [38;5;121m126.38[0m[38;5;159m FPS ([38;5;121m126.38[0m[38;5;159m FPS per env, [38;5;121m1[0m[38;5;159m envs).[0m
[38;5;159m[Genesis] [18:16:03] [INFO] Running at [38;5;121m126.40[0m[38;5;159m FPS ([38;5;121m126.40[0m[38;5;159m FPS per env, [38;5;121m1[0m[38;5;159m envs).[0m
[38;5;159m[Genesis] [18:16:03] [INFO] Running at [38;5;121m126.44[0m[38;5;159m FPS ([38;5;121m126.44[0m[38;5;159m FPS per env, [38;5;121m1[0m[38;5;159m envs).[0m
[38;5;159m[Genesis] [18:16:03] [INFO] Running at [38;5;121m126.45[0m[38;5;159m FPS ([38;5;121m126.45[0m[38;5;159m FPS per env, [38;5;121m1[0m[38;5;159m envs).[0m
[38;5;159m[Genesis] [18:16:03] [INFO] Running at [38;5;121m126.49[0m[38;5;159m FPS ([38;5;121m126.49[0m[38;5;159m FPS per env, [38;5;121m1[0m[38;5;159m envs).[0m
[38;5;159m[Genesis] [18:16:03] [INFO] Running at [38;5;121m126.50[0m[38;5;159m FPS ([38;5;121m126.50[0m[38;5;159m FPS per env, [38;5;121m1[0m[38;5;159m envs).[0m
[38;5;159m[Genesis] [18:16:03] [INFO] Running at [38;5;121m126.42[0m[38;5;159m FPS ([38;5;121m126.42[0m[38;5;159m FPS per env, [38;5;121m1[0m[38;5;159m envs).[0m
[38;5;159m[Genesis] [18:16:03] [INFO] Running at [38;5;121m126.45[0m[38;5;159m FPS ([38;5;121m126.45[0m[38;5;159m FPS per env, [38;5;121m1[0m[38;5;159m envs).[0m
[38;5;159m[Genesis] [18:16:03] [INFO] Running at [38;5;121m126.45[0m[38;5;159m FPS ([38;5;121m126.45[0m[38;5;159m FPS per env, [38;5;121m1[0m[38;5;159m envs).[0m
[38;5;159m[Genesis] [18:16:03] [INFO] Running at [38;5;121m126.30[0m[38;5;159m FPS ([38;5;121m126.30[0m[38;5;159m FPS per env, [38;5;121m1[0m[38;5;159m envs).[0m
[38;5;159m[Genesis] [18:16:03] [INFO] Running at [38;5;121m126.36[0m[38;5;159m FPS ([38;5;121m126.36[0m[38;5;159m FPS per env, [38;5;121m1[0m[38;5;159m envs).[0m
[38;5;159m[Genesis] [18:16:03] [INFO] Running at [38;5;121m126.36[0m[38;5;159m FPS ([38;5;121m126.36[0m[38;5;159m FPS per env, [38;5;121m1[0m[38;5;159m envs).[0m
[38;5;159m[Genesis] [18:16:03] [INFO] Running at [38;5;121m126.44[0m[38;5;159m FPS ([38;5;121m126.44[0m[38;5;159m FPS per env, [38;5;121m1[0m[38;5;159m envs).[0m
[38;5;159m[Genesis] [18:16:03] [INFO] Running at [38;5;121m126.47[0m[38;5;159m FPS ([38;5;121m126.47[0m[38;5;159m FPS per env, [38;5;121m1[0m[38;5;159m envs).[0m
[38;5;159m[Genesis] [18:16:03] [INFO] Running at [38;5;121m126.48[0m[38;5;159m FPS ([38;5;121m126.48[0m[38;5;159m FPS per env, [38;5;121m1[0m[38;5;159m envs).[0m
[38;5;159m[Genesis] [18:16:03] [INFO] Running at [38;5;121m126.54[0m[38;5;159m FPS ([38;5;121m126.54[0m[38;5;159m FPS per env, [38;5;121m1[0m[38;5;159m envs).[0m
[38;5;159m[Genesis] [18:16:03] [INFO] Running at [38;5;121m126.51[0m[38;5;159m FPS ([38;5;121m126.51[0m[38;5;159m FPS per env, [38;5;121m1[0m[38;5;159m envs).[0m
[38;5;159m[Genesis] [18:16:03] [INFO] Running at [38;5;121m126.53[0m[38;5;159m FPS ([38;5;121m126.53[0m[38;5;159m FPS per env, [38;5;121m1[0m[38;5;159m envs).[0m
[38;5;159m[Genesis] [18:16:04] [INFO] Running at [38;5;121m126.55[0m[38;5;159m FPS ([38;5;121m126.55[0m[38;5;159m FPS per env, [38;5;121m1[0m[38;5;159m envs).[0m
[38;5;159m[Genesis] [18:16:04] [INFO] Running at [38;5;121m126.59[0m[38;5;159m FPS ([38;5;121m126.59[0m[38;5;159m FPS per env, [38;5;121m1[0m[38;5;159m envs).[0m
[38;5;159m[Genesis] [18:16:04] [INFO] Running at [38;5;121m126.59[0m[38;5;159m FPS ([38;5;121m126.59[0m[38;5;159m FPS per env, [38;5;121m1[0m[38;5;159m envs).[0m
[38;5;159m[Genesis] [18:16:04] [INFO] Running at [38;5;121m126.63[0m[38;5;159m FPS ([38;5;121m126.63[0m[38;5;159m FPS per env, [38;5;121m1[0m[38;5;159m envs).[0m
[38;5;159m[Genesis] [18:16:04] [INFO] Running at [38;5;121m126.43[0m[38;5;159m FPS ([38;5;121m126.43[0m[38;5;159m FPS per env, [38;5;121m1[0m[38;5;159m envs).[0m
[38;5;159m[Genesis] [18:16:04] [INFO] Running at [38;5;121m126.47[0m[38;5;159m FPS ([38;5;121m126.47[0m[38;5;159m FPS per env, [38;5;121m1[0m[38;5;159m envs).[0m
[38;5;159m[Genesis] [18:16:04] [INFO] Running at [38;5;121m126.48[0m[38;5;159m FPS ([38;5;121m126.48[0m[38;5;159m FPS per env, [38;5;121m1[0m[38;5;159m envs).[0m
[38;5;159m[Genesis] [18:16:04] [INFO] Running at [38;5;121m126.51[0m[38;5;159m FPS ([38;5;121m126.51[0m[38;5;159m FPS per env, [38;5;121m1[0m[38;5;159m envs).[0m
[38;5;159m[Genesis] [18:16:04] [INFO] Running at [38;5;121m126.53[0m[38;5;159m FPS ([38;5;121m126.53[0m[38;5;159m FPS per env, [38;5;121m1[0m[38;5;159m envs).[0m
[38;5;159m[Genesis] [18:16:04] [INFO] Running at [38;5;121m126.55[0m[38;5;159m FPS ([38;5;121m126.55[0m[38;5;159m FPS per env, [38;5;121m1[0m[38;5;159m envs).[0m
[38;5;159m[Genesis] [18:16:04] [INFO] Running at [38;5;121m126.57[0m[38;5;159m FPS ([38;5;121m126.57[0m[38;5;159m FPS per env, [38;5;121m1[0m[38;5;159m envs).[0m
[38;5;159m[Genesis] [18:16:04] [INFO] Running at [38;5;121m126.57[0m[38;5;159m FPS ([38;5;121m126.57[0m[38;5;159m FPS per env, [38;5;121m1[0m[38;5;159m envs).[0m
[38;5;159m[Genesis] [18:16:04] [INFO] Running at [38;5;121m126.58[0m[38;5;159m FPS ([38;5;121m126.58[0m[38;5;159m FPS per env, [38;5;121m1[0m[38;5;159m envs).[0m
[38;5;159m[Genesis] [18:16:04] [INFO] Running at [38;5;121m126.60[0m[38;5;159m FPS ([38;5;121m126.60[0m[38;5;159m FPS per env, [38;5;121m1[0m[38;5;159m envs).[0m
[38;5;159m[Genesis] [18:16:04] [INFO] Running at [38;5;121m126.63[0m[38;5;159m FPS ([38;5;121m126.63[0m[38;5;159m FPS per env, [38;5;121m1[0m[38;5;159m envs).[0m
[38;5;159m[Genesis] [18:16:04] [INFO] Running at [38;5;121m126.68[0m[38;5;159m FPS ([38;5;121m126.68[0m[38;5;159m FPS per env, [38;5;121m1[0m[38;5;159m envs).[0m
[38;5;159m[Genesis] [18:16:04] [INFO] Running at [38;5;121m126.48[0m[38;5;159m FPS ([38;5;121m126.48[0m[38;5;159m FPS per env, [38;5;121m1[0m[38;5;159m envs).[0m
[38;5;159m[Genesis] [18:16:04] [INFO] Running at [38;5;121m126.53[0m[38;5;159m FPS ([38;5;121m126.53[0m[38;5;159m FPS per env, [38;5;121m1[0m[38;5;159m envs).[0m
[38;5;159m[Genesis] [18:16:05] [INFO] Running at [38;5;121m126.57[0m[38;5;159m FPS ([38;5;121m126.57[0m[38;5;159m FPS per env, [38;5;121m1[0m[38;5;159m envs).[0m
[38;5;159m[Genesis] [18:16:05] [INFO] Running at [38;5;121m126.60[0m[38;5;159m FPS ([38;5;121m126.60[0m[38;5;159m FPS per env, [38;5;121m1[0m[38;5;159m envs).[0m
[38;5;159m[Genesis] [18:16:05] [INFO] Running at [38;5;121m126.66[0m[38;5;159m FPS ([38;5;121m126.66[0m[38;5;159m FPS per env, [38;5;121m1[0m[38;5;159m envs).[0m
[38;5;159m[Genesis] [18:16:05] [INFO] Running at [38;5;121m126.68[0m[38;5;159m FPS ([38;5;121m126.68[0m[38;5;159m FPS per env, [38;5;121m1[0m[38;5;159m envs).[0m
[38;5;159m[Genesis] [18:16:05] [INFO] Running at [38;5;121m126.69[0m[38;5;159m FPS ([38;5;121m126.69[0m[38;5;159m FPS per env, [38;5;121m1[0m[38;5;159m envs).[0m
[38;5;159m[Genesis] [18:16:05] [INFO] Running at [38;5;121m126.69[0m[38;5;159m FPS ([38;5;121m126.69[0m[38;5;159m FPS per env, [38;5;121m1[0m[38;5;159m envs).[0m
[38;5;159m[Genesis] [18:16:05] [INFO] Running at [38;5;121m126.74[0m[38;5;159m FPS ([38;5;121m126.74[0m[38;5;159m FPS per env, [38;5;121m1[0m[38;5;159m envs).[0m
fps 50
[38;5;159m[Genesis] [18:16:05] [INFO] Saving video to [38;5;121m"test_3000_behind.mp4"[0m[38;5;159m...[0m
[38;5;159m[Genesis] [18:16:06] [INFO] Video saved.[0m
[38;5;159m[Genesis] [18:16:06] [INFO] Saving video to [38;5;121m"test_3000_side.mp4"[0m[38;5;159m...[0m
[38;5;159m[Genesis] [18:16:07] [INFO] Video saved.[0m
Saved recordings for checkpoint 3000.
Traceback (most recent call last):
  File "/home/jfriesen/curved_run/eval.py", line 189, in <module>
    main()
  File "/home/jfriesen/curved_run/eval.py", line 170, in main
    ax3.plot(traj[:, 0], traj[:, 1], color="green")
  File "/home/jfriesen/.local/lib/python3.12/site-packages/matplotlib/axes/_axes.py", line 1777, in plot
    lines = [*self._get_lines(self, *args, data=data, **kwargs)]
            ^^^^^^^^^^^^^^^^^^^^^^^^^^^^^^^^^^^^^^^^^^^^^^^^^^^^
  File "/home/jfriesen/.local/lib/python3.12/site-packages/matplotlib/axes/_base.py", line 297, in __call__
    yield from self._plot_args(
               ^^^^^^^^^^^^^^^^
  File "/home/jfriesen/.local/lib/python3.12/site-packages/matplotlib/axes/_base.py", line 483, in _plot_args
    x = _check_1d(xy[0])
        ^^^^^^^^^^^^^^^^
  File "/home/jfriesen/.local/lib/python3.12/site-packages/matplotlib/cbook.py", line 1361, in _check_1d
    x = _unpack_to_numpy(x)
        ^^^^^^^^^^^^^^^^^^^
  File "/home/jfriesen/.local/lib/python3.12/site-packages/matplotlib/cbook.py", line 2387, in _unpack_to_numpy
    xtmp = np.asarray(x)
           ^^^^^^^^^^^^^
  File "/home/jfriesen/.local/lib/python3.12/site-packages/torch/_tensor.py", line 1251, in __array__
    return handle_torch_function(Tensor.__array__, (self,), self, dtype=dtype)
           ^^^^^^^^^^^^^^^^^^^^^^^^^^^^^^^^^^^^^^^^^^^^^^^^^^^^^^^^^^^^^^^^^^^
  File "/home/jfriesen/.local/lib/python3.12/site-packages/torch/overrides.py", line 1774, in handle_torch_function
    result = mode.__torch_function__(public_api, types, args, kwargs)
             ^^^^^^^^^^^^^^^^^^^^^^^^^^^^^^^^^^^^^^^^^^^^^^^^^^^^^^^^
  File "/home/jfriesen/.local/lib/python3.12/site-packages/torch/utils/_device.py", line 122, in __torch_function__
    return func(*args, **kwargs)
           ^^^^^^^^^^^^^^^^^^^^^
  File "/home/jfriesen/.local/lib/python3.12/site-packages/torch/_tensor.py", line 1253, in __array__
    return self.numpy()
           ^^^^^^^^^^^^
TypeError: can't convert cuda:0 device type tensor to numpy. Use Tensor.cpu() to copy the tensor to host memory first.

[38;5;9m[Genesis] [18:16:07] [ERROR] TypeError: can't convert cuda:0 device type tensor to numpy. Use Tensor.cpu() to copy the tensor to host memory first.[0m
[38;5;159m[Genesis] [18:16:07] [INFO] 💤 Exiting Genesis and caching compiled kernels...[0m
