[38;5;159m[Genesis] [04:48:12] [INFO] [38;5;121m╭───────────────────────────────────────────────╮[0m[38;5;159m[0m
[38;5;159m[Genesis] [04:48:12] [INFO] [38;5;121m│┈┉┈┉┈┉┈┉┈┉┈┉┈┉┈┉┈┉┈[0m[38;5;159m [38;5;121m[1m[3mGenesis[0m[38;5;159m [38;5;121m┈┉┈┉┈┉┈┉┈┉┈┉┈┉┈┉┈┉┈│[0m[38;5;159m[0m
[38;5;159m[Genesis] [04:48:12] [INFO] [38;5;121m╰───────────────────────────────────────────────╯[0m[38;5;159m[0m
[38;5;159m[Genesis] [04:48:12] [INFO] Running on [38;5;121m[4m[NVIDIA GeForce RTX 5090][0m[38;5;159m with backend [38;5;121m[4mgs.cuda[0m[38;5;159m. Device memory: [38;5;121m[4m31.36[0m[38;5;159m GB.[0m
[38;5;159m[Genesis] [04:48:12] [INFO] 🚀 Genesis initialized. 🔖 version: [38;5;121m[4m0.4.7[0m[38;5;159m, 🎨 theme: [38;5;121m[4mdark[0m[38;5;159m, 🌱 seed: [38;5;121m[4mNone[0m[38;5;159m, 🐛 debug: [38;5;121m[4mFalse[0m[38;5;159m, 📏 precision: [38;5;121m[4m32[0m[38;5;159m, 🔥 performance: [38;5;121m[4mFalse[0m[38;5;159m, 💬 verbose: [38;5;121m[4mINFO[0m[38;5;159m[0m
[38;5;226m[Genesis] [04:48:15] [WARNING] Viewer option 'n_rendered_envs' is deprecated and will be removed in a future release. Please use 'rendered_envs_idx' instead.[0m
[38;5;159m[Genesis] [04:48:15] [INFO] Scene [38;5;121m[3m<0adc975>[0m[38;5;159m created.[0m
[38;5;159m[Genesis] [04:48:15] [INFO] Adding [38;5;121m<gs.engine.entities.RigidEntity>[0m[38;5;159m. idx: [38;5;121m0[0m[38;5;159m, uid: [38;5;121m[3m<11beda4>[0m[38;5;159m, morph: [38;5;121m<gs.morphs.URDF(file='/home/jfriesen/.local/lib/python3.12/site-packages/genesis/assets/urdf/plane/plane.urdf')>[0m[38;5;159m, material: [38;5;121m<gs.materials.Rigid>[0m[38;5;159m.[0m
[38;5;159m[Genesis] [04:48:15] [INFO] Adding [38;5;121m<gs.engine.entities.RigidEntity>[0m[38;5;159m. idx: [38;5;121m1[0m[38;5;159m, uid: [38;5;121m[3m<7aee499>[0m[38;5;159m, morph: [38;5;121m<gs.morphs.URDF(file='/home/jfriesen/.local/lib/python3.12/site-packages/genesis/assets/urdf/go2/urdf/go2.urdf')>[0m[38;5;159m, material: [38;5;121m<gs.materials.Rigid>[0m[38;5;159m.[0m
[38;5;159m[Genesis] [04:48:18] [INFO] Building scene [38;5;121m[3m<0adc975>[0m[38;5;159m...[0m
[38;5;226m[Genesis] [04:48:19] [WARNING] Neutral robot position (qpos0) exceeds joint limits.[0m
[38;5;159m[Genesis] [04:48:19] [INFO] Compiling simulation kernels...[0m
[38;5;159m[Genesis] [04:48:21] [INFO] Building visualizer...[0m
[38;5;226m[Genesis] [04:48:21] [WARNING] This property is deprecated and will be removed in future release. Please use 'dofs_idx_local' instead.[0m
[38;5;226m[Genesis] [04:48:21] [WARNING] This property is deprecated and will be removed in future release. Please use 'dofs_idx_local' instead.[0m
[38;5;226m[Genesis] [04:48:21] [WARNING] This property is deprecated and will be removed in future release. Please use 'dofs_idx_local' instead.[0m
[38;5;226m[Genesis] [04:48:21] [WARNING] This property is deprecated and will be removed in future release. Please use 'dofs_idx_local' instead.[0m
[38;5;226m[Genesis] [04:48:21] [WARNING] This property is deprecated and will be removed in future release. Please use 'dofs_idx_local' instead.[0m
[38;5;226m[Genesis] [04:48:21] [WARNING] This property is deprecated and will be removed in future release. Please use 'dofs_idx_local' instead.[0m
[38;5;226m[Genesis] [04:48:21] [WARNING] This property is deprecated and will be removed in future release. Please use 'dofs_idx_local' instead.[0m
[38;5;226m[Genesis] [04:48:21] [WARNING] This property is deprecated and will be removed in future release. Please use 'dofs_idx_local' instead.[0m
[38;5;226m[Genesis] [04:48:21] [WARNING] This property is deprecated and will be removed in future release. Please use 'dofs_idx_local' instead.[0m
[38;5;226m[Genesis] [04:48:21] [WARNING] This property is deprecated and will be removed in future release. Please use 'dofs_idx_local' instead.[0m
[38;5;226m[Genesis] [04:48:21] [WARNING] This property is deprecated and will be removed in future release. Please use 'dofs_idx_local' instead.[0m
[38;5;226m[Genesis] [04:48:21] [WARNING] This property is deprecated and will be removed in future release. Please use 'dofs_idx_local' instead.[0m
/home/jfriesen/.local/lib/python3.12/site-packages/torch/utils/_device.py:122: UserWarning: To copy construct from a tensor, it is recommended to use sourceTensor.detach().clone() or sourceTensor.detach().clone().requires_grad_(True), rather than torch.tensor(sourceTensor).
  return func(*args, **kwargs)
Actor MLP: Sequential(
  (0): Linear(in_features=51, out_features=512, bias=True)
  (1): ELU(alpha=1.0)
  (2): Linear(in_features=512, out_features=256, bias=True)
  (3): ELU(alpha=1.0)
  (4): Linear(in_features=256, out_features=128, bias=True)
  (5): ELU(alpha=1.0)
  (6): Linear(in_features=128, out_features=12, bias=True)
)
Critic MLP: Sequential(
  (0): Linear(in_features=75, out_features=512, bias=True)
  (1): ELU(alpha=1.0)
  (2): Linear(in_features=512, out_features=256, bias=True)
  (3): ELU(alpha=1.0)
  (4): Linear(in_features=256, out_features=128, bias=True)
  (5): ELU(alpha=1.0)
  (6): Linear(in_features=128, out_features=1, bias=True)
)
[38;5;159m[Genesis] [04:48:23] [INFO] Running at [38;5;121m1.34[0m[38;5;159m FPS ([38;5;121m1.34[0m[38;5;159m FPS per env, [38;5;121m1[0m[38;5;159m envs).[0m
[38;5;159m[Genesis] [04:48:24] [INFO] Running at [38;5;121m8.89[0m[38;5;159m FPS ([38;5;121m8.89[0m[38;5;159m FPS per env, [38;5;121m1[0m[38;5;159m envs).[0m
[38;5;159m[Genesis] [04:48:24] [INFO] Running at [38;5;121m77.17[0m[38;5;159m FPS ([38;5;121m77.17[0m[38;5;159m FPS per env, [38;5;121m1[0m[38;5;159m envs).[0m
[38;5;159m[Genesis] [04:48:24] [INFO] Running at [38;5;121m62.31[0m[38;5;159m FPS ([38;5;121m62.31[0m[38;5;159m FPS per env, [38;5;121m1[0m[38;5;159m envs).[0m
[38;5;159m[Genesis] [04:48:24] [INFO] Running at [38;5;121m62.97[0m[38;5;159m FPS ([38;5;121m62.97[0m[38;5;159m FPS per env, [38;5;121m1[0m[38;5;159m envs).[0m
[38;5;159m[Genesis] [04:48:24] [INFO] Running at [38;5;121m63.61[0m[38;5;159m FPS ([38;5;121m63.61[0m[38;5;159m FPS per env, [38;5;121m1[0m[38;5;159m envs).[0m
[38;5;159m[Genesis] [04:48:24] [INFO] Running at [38;5;121m64.19[0m[38;5;159m FPS ([38;5;121m64.19[0m[38;5;159m FPS per env, [38;5;121m1[0m[38;5;159m envs).[0m
[38;5;159m[Genesis] [04:48:24] [INFO] Running at [38;5;121m64.81[0m[38;5;159m FPS ([38;5;121m64.81[0m[38;5;159m FPS per env, [38;5;121m1[0m[38;5;159m envs).[0m
[38;5;159m[Genesis] [04:48:24] [INFO] Running at [38;5;121m65.37[0m[38;5;159m FPS ([38;5;121m65.37[0m[38;5;159m FPS per env, [38;5;121m1[0m[38;5;159m envs).[0m
[38;5;159m[Genesis] [04:48:24] [INFO] Running at [38;5;121m65.93[0m[38;5;159m FPS ([38;5;121m65.93[0m[38;5;159m FPS per env, [38;5;121m1[0m[38;5;159m envs).[0m
[38;5;159m[Genesis] [04:48:24] [INFO] Running at [38;5;121m66.49[0m[38;5;159m FPS ([38;5;121m66.49[0m[38;5;159m FPS per env, [38;5;121m1[0m[38;5;159m envs).[0m
[38;5;159m[Genesis] [04:48:24] [INFO] Running at [38;5;121m66.98[0m[38;5;159m FPS ([38;5;121m66.98[0m[38;5;159m FPS per env, [38;5;121m1[0m[38;5;159m envs).[0m
[38;5;159m[Genesis] [04:48:24] [INFO] Running at [38;5;121m67.51[0m[38;5;159m FPS ([38;5;121m67.51[0m[38;5;159m FPS per env, [38;5;121m1[0m[38;5;159m envs).[0m
[38;5;159m[Genesis] [04:48:24] [INFO] Running at [38;5;121m68.01[0m[38;5;159m FPS ([38;5;121m68.01[0m[38;5;159m FPS per env, [38;5;121m1[0m[38;5;159m envs).[0m
[38;5;159m[Genesis] [04:48:24] [INFO] Running at [38;5;121m68.49[0m[38;5;159m FPS ([38;5;121m68.49[0m[38;5;159m FPS per env, [38;5;121m1[0m[38;5;159m envs).[0m
[38;5;159m[Genesis] [04:48:24] [INFO] Running at [38;5;121m68.97[0m[38;5;159m FPS ([38;5;121m68.97[0m[38;5;159m FPS per env, [38;5;121m1[0m[38;5;159m envs).[0m
[38;5;159m[Genesis] [04:48:24] [INFO] Running at [38;5;121m69.43[0m[38;5;159m FPS ([38;5;121m69.43[0m[38;5;159m FPS per env, [38;5;121m1[0m[38;5;159m envs).[0m
[38;5;159m[Genesis] [04:48:24] [INFO] Running at [38;5;121m69.84[0m[38;5;159m FPS ([38;5;121m69.84[0m[38;5;159m FPS per env, [38;5;121m1[0m[38;5;159m envs).[0m
[38;5;159m[Genesis] [04:48:24] [INFO] Running at [38;5;121m70.26[0m[38;5;159m FPS ([38;5;121m70.26[0m[38;5;159m FPS per env, [38;5;121m1[0m[38;5;159m envs).[0m
[38;5;159m[Genesis] [04:48:24] [INFO] Running at [38;5;121m70.68[0m[38;5;159m FPS ([38;5;121m70.68[0m[38;5;159m FPS per env, [38;5;121m1[0m[38;5;159m envs).[0m
[38;5;159m[Genesis] [04:48:25] [INFO] Running at [38;5;121m71.07[0m[38;5;159m FPS ([38;5;121m71.07[0m[38;5;159m FPS per env, [38;5;121m1[0m[38;5;159m envs).[0m
[38;5;159m[Genesis] [04:48:25] [INFO] Running at [38;5;121m71.45[0m[38;5;159m FPS ([38;5;121m71.45[0m[38;5;159m FPS per env, [38;5;121m1[0m[38;5;159m envs).[0m
[38;5;159m[Genesis] [04:48:25] [INFO] Running at [38;5;121m71.63[0m[38;5;159m FPS ([38;5;121m71.63[0m[38;5;159m FPS per env, [38;5;121m1[0m[38;5;159m envs).[0m
[38;5;159m[Genesis] [04:48:25] [INFO] Running at [38;5;121m71.96[0m[38;5;159m FPS ([38;5;121m71.96[0m[38;5;159m FPS per env, [38;5;121m1[0m[38;5;159m envs).[0m
[38;5;159m[Genesis] [04:48:25] [INFO] Running at [38;5;121m72.28[0m[38;5;159m FPS ([38;5;121m72.28[0m[38;5;159m FPS per env, [38;5;121m1[0m[38;5;159m envs).[0m
[38;5;159m[Genesis] [04:48:25] [INFO] Running at [38;5;121m72.61[0m[38;5;159m FPS ([38;5;121m72.61[0m[38;5;159m FPS per env, [38;5;121m1[0m[38;5;159m envs).[0m
[38;5;159m[Genesis] [04:48:25] [INFO] Running at [38;5;121m72.77[0m[38;5;159m FPS ([38;5;121m72.77[0m[38;5;159m FPS per env, [38;5;121m1[0m[38;5;159m envs).[0m
[38;5;159m[Genesis] [04:48:25] [INFO] Running at [38;5;121m73.09[0m[38;5;159m FPS ([38;5;121m73.09[0m[38;5;159m FPS per env, [38;5;121m1[0m[38;5;159m envs).[0m
[38;5;159m[Genesis] [04:48:25] [INFO] Running at [38;5;121m73.39[0m[38;5;159m FPS ([38;5;121m73.39[0m[38;5;159m FPS per env, [38;5;121m1[0m[38;5;159m envs).[0m
[38;5;159m[Genesis] [04:48:25] [INFO] Running at [38;5;121m73.66[0m[38;5;159m FPS ([38;5;121m73.66[0m[38;5;159m FPS per env, [38;5;121m1[0m[38;5;159m envs).[0m
[38;5;159m[Genesis] [04:48:25] [INFO] Running at [38;5;121m73.93[0m[38;5;159m FPS ([38;5;121m73.93[0m[38;5;159m FPS per env, [38;5;121m1[0m[38;5;159m envs).[0m
[38;5;159m[Genesis] [04:48:25] [INFO] Running at [38;5;121m74.17[0m[38;5;159m FPS ([38;5;121m74.17[0m[38;5;159m FPS per env, [38;5;121m1[0m[38;5;159m envs).[0m
[38;5;159m[Genesis] [04:48:25] [INFO] Running at [38;5;121m74.39[0m[38;5;159m FPS ([38;5;121m74.39[0m[38;5;159m FPS per env, [38;5;121m1[0m[38;5;159m envs).[0m
[38;5;159m[Genesis] [04:48:25] [INFO] Running at [38;5;121m74.61[0m[38;5;159m FPS ([38;5;121m74.61[0m[38;5;159m FPS per env, [38;5;121m1[0m[38;5;159m envs).[0m
[38;5;159m[Genesis] [04:48:25] [INFO] Running at [38;5;121m74.83[0m[38;5;159m FPS ([38;5;121m74.83[0m[38;5;159m FPS per env, [38;5;121m1[0m[38;5;159m envs).[0m
[38;5;159m[Genesis] [04:48:25] [INFO] Running at [38;5;121m75.05[0m[38;5;159m FPS ([38;5;121m75.05[0m[38;5;159m FPS per env, [38;5;121m1[0m[38;5;159m envs).[0m
[38;5;159m[Genesis] [04:48:25] [INFO] Running at [38;5;121m75.27[0m[38;5;159m FPS ([38;5;121m75.27[0m[38;5;159m FPS per env, [38;5;121m1[0m[38;5;159m envs).[0m
[38;5;159m[Genesis] [04:48:25] [INFO] Running at [38;5;121m93.23[0m[38;5;159m FPS ([38;5;121m93.23[0m[38;5;159m FPS per env, [38;5;121m1[0m[38;5;159m envs).[0m
[38;5;159m[Genesis] [04:48:25] [INFO] Running at [38;5;121m92.43[0m[38;5;159m FPS ([38;5;121m92.43[0m[38;5;159m FPS per env, [38;5;121m1[0m[38;5;159m envs).[0m
[38;5;159m[Genesis] [04:48:26] [INFO] Running at [38;5;121m74.22[0m[38;5;159m FPS ([38;5;121m74.22[0m[38;5;159m FPS per env, [38;5;121m1[0m[38;5;159m envs).[0m
[38;5;159m[Genesis] [04:48:26] [INFO] Running at [38;5;121m74.48[0m[38;5;159m FPS ([38;5;121m74.48[0m[38;5;159m FPS per env, [38;5;121m1[0m[38;5;159m envs).[0m
[38;5;159m[Genesis] [04:48:26] [INFO] Running at [38;5;121m74.54[0m[38;5;159m FPS ([38;5;121m74.54[0m[38;5;159m FPS per env, [38;5;121m1[0m[38;5;159m envs).[0m
[38;5;159m[Genesis] [04:48:26] [INFO] Running at [38;5;121m74.67[0m[38;5;159m FPS ([38;5;121m74.67[0m[38;5;159m FPS per env, [38;5;121m1[0m[38;5;159m envs).[0m
[38;5;159m[Genesis] [04:48:26] [INFO] Running at [38;5;121m74.75[0m[38;5;159m FPS ([38;5;121m74.75[0m[38;5;159m FPS per env, [38;5;121m1[0m[38;5;159m envs).[0m
[38;5;159m[Genesis] [04:48:26] [INFO] Running at [38;5;121m74.97[0m[38;5;159m FPS ([38;5;121m74.97[0m[38;5;159m FPS per env, [38;5;121m1[0m[38;5;159m envs).[0m
[38;5;159m[Genesis] [04:48:26] [INFO] Running at [38;5;121m75.19[0m[38;5;159m FPS ([38;5;121m75.19[0m[38;5;159m FPS per env, [38;5;121m1[0m[38;5;159m envs).[0m
[38;5;159m[Genesis] [04:48:26] [INFO] Running at [38;5;121m75.40[0m[38;5;159m FPS ([38;5;121m75.40[0m[38;5;159m FPS per env, [38;5;121m1[0m[38;5;159m envs).[0m
[38;5;159m[Genesis] [04:48:26] [INFO] Running at [38;5;121m75.61[0m[38;5;159m FPS ([38;5;121m75.61[0m[38;5;159m FPS per env, [38;5;121m1[0m[38;5;159m envs).[0m
[38;5;159m[Genesis] [04:48:26] [INFO] Running at [38;5;121m75.79[0m[38;5;159m FPS ([38;5;121m75.79[0m[38;5;159m FPS per env, [38;5;121m1[0m[38;5;159m envs).[0m
[38;5;159m[Genesis] [04:48:26] [INFO] Running at [38;5;121m75.98[0m[38;5;159m FPS ([38;5;121m75.98[0m[38;5;159m FPS per env, [38;5;121m1[0m[38;5;159m envs).[0m
[38;5;159m[Genesis] [04:48:26] [INFO] Running at [38;5;121m76.13[0m[38;5;159m FPS ([38;5;121m76.13[0m[38;5;159m FPS per env, [38;5;121m1[0m[38;5;159m envs).[0m
[38;5;159m[Genesis] [04:48:26] [INFO] Running at [38;5;121m94.24[0m[38;5;159m FPS ([38;5;121m94.24[0m[38;5;159m FPS per env, [38;5;121m1[0m[38;5;159m envs).[0m
[38;5;159m[Genesis] [04:48:26] [INFO] Running at [38;5;121m75.61[0m[38;5;159m FPS ([38;5;121m75.61[0m[38;5;159m FPS per env, [38;5;121m1[0m[38;5;159m envs).[0m
[38;5;159m[Genesis] [04:48:26] [INFO] Running at [38;5;121m75.79[0m[38;5;159m FPS ([38;5;121m75.79[0m[38;5;159m FPS per env, [38;5;121m1[0m[38;5;159m envs).[0m
[38;5;159m[Genesis] [04:48:26] [INFO] Running at [38;5;121m75.97[0m[38;5;159m FPS ([38;5;121m75.97[0m[38;5;159m FPS per env, [38;5;121m1[0m[38;5;159m envs).[0m
[38;5;159m[Genesis] [04:48:26] [INFO] Running at [38;5;121m76.13[0m[38;5;159m FPS ([38;5;121m76.13[0m[38;5;159m FPS per env, [38;5;121m1[0m[38;5;159m envs).[0m
[38;5;159m[Genesis] [04:48:26] [INFO] Running at [38;5;121m94.24[0m[38;5;159m FPS ([38;5;121m94.24[0m[38;5;159m FPS per env, [38;5;121m1[0m[38;5;159m envs).[0m
[38;5;159m[Genesis] [04:48:26] [INFO] Running at [38;5;121m75.60[0m[38;5;159m FPS ([38;5;121m75.60[0m[38;5;159m FPS per env, [38;5;121m1[0m[38;5;159m envs).[0m
[38;5;159m[Genesis] [04:48:27] [INFO] Running at [38;5;121m75.77[0m[38;5;159m FPS ([38;5;121m75.77[0m[38;5;159m FPS per env, [38;5;121m1[0m[38;5;159m envs).[0m
[38;5;159m[Genesis] [04:48:27] [INFO] Running at [38;5;121m75.96[0m[38;5;159m FPS ([38;5;121m75.96[0m[38;5;159m FPS per env, [38;5;121m1[0m[38;5;159m envs).[0m
[38;5;159m[Genesis] [04:48:27] [INFO] Running at [38;5;121m76.13[0m[38;5;159m FPS ([38;5;121m76.13[0m[38;5;159m FPS per env, [38;5;121m1[0m[38;5;159m envs).[0m
[38;5;159m[Genesis] [04:48:27] [INFO] Running at [38;5;121m76.29[0m[38;5;159m FPS ([38;5;121m76.29[0m[38;5;159m FPS per env, [38;5;121m1[0m[38;5;159m envs).[0m
[38;5;159m[Genesis] [04:48:27] [INFO] Running at [38;5;121m76.44[0m[38;5;159m FPS ([38;5;121m76.44[0m[38;5;159m FPS per env, [38;5;121m1[0m[38;5;159m envs).[0m
[38;5;159m[Genesis] [04:48:27] [INFO] Running at [38;5;121m76.42[0m[38;5;159m FPS ([38;5;121m76.42[0m[38;5;159m FPS per env, [38;5;121m1[0m[38;5;159m envs).[0m
[38;5;159m[Genesis] [04:48:27] [INFO] Running at [38;5;121m76.59[0m[38;5;159m FPS ([38;5;121m76.59[0m[38;5;159m FPS per env, [38;5;121m1[0m[38;5;159m envs).[0m
[38;5;159m[Genesis] [04:48:27] [INFO] Running at [38;5;121m76.73[0m[38;5;159m FPS ([38;5;121m76.73[0m[38;5;159m FPS per env, [38;5;121m1[0m[38;5;159m envs).[0m
[38;5;159m[Genesis] [04:48:27] [INFO] Running at [38;5;121m76.88[0m[38;5;159m FPS ([38;5;121m76.88[0m[38;5;159m FPS per env, [38;5;121m1[0m[38;5;159m envs).[0m
[38;5;159m[Genesis] [04:48:27] [INFO] Running at [38;5;121m76.95[0m[38;5;159m FPS ([38;5;121m76.95[0m[38;5;159m FPS per env, [38;5;121m1[0m[38;5;159m envs).[0m
[38;5;159m[Genesis] [04:48:27] [INFO] Running at [38;5;121m77.07[0m[38;5;159m FPS ([38;5;121m77.07[0m[38;5;159m FPS per env, [38;5;121m1[0m[38;5;159m envs).[0m
[38;5;159m[Genesis] [04:48:27] [INFO] Running at [38;5;121m95.34[0m[38;5;159m FPS ([38;5;121m95.34[0m[38;5;159m FPS per env, [38;5;121m1[0m[38;5;159m envs).[0m
[38;5;159m[Genesis] [04:48:27] [INFO] Running at [38;5;121m94.44[0m[38;5;159m FPS ([38;5;121m94.44[0m[38;5;159m FPS per env, [38;5;121m1[0m[38;5;159m envs).[0m
[38;5;159m[Genesis] [04:48:27] [INFO] Running at [38;5;121m75.76[0m[38;5;159m FPS ([38;5;121m75.76[0m[38;5;159m FPS per env, [38;5;121m1[0m[38;5;159m envs).[0m
[38;5;159m[Genesis] [04:48:27] [INFO] Running at [38;5;121m75.94[0m[38;5;159m FPS ([38;5;121m75.94[0m[38;5;159m FPS per env, [38;5;121m1[0m[38;5;159m envs).[0m
[38;5;159m[Genesis] [04:48:27] [INFO] Running at [38;5;121m76.12[0m[38;5;159m FPS ([38;5;121m76.12[0m[38;5;159m FPS per env, [38;5;121m1[0m[38;5;159m envs).[0m
[38;5;159m[Genesis] [04:48:27] [INFO] Running at [38;5;121m94.25[0m[38;5;159m FPS ([38;5;121m94.25[0m[38;5;159m FPS per env, [38;5;121m1[0m[38;5;159m envs).[0m
[38;5;159m[Genesis] [04:48:27] [INFO] Running at [38;5;121m75.59[0m[38;5;159m FPS ([38;5;121m75.59[0m[38;5;159m FPS per env, [38;5;121m1[0m[38;5;159m envs).[0m
[38;5;159m[Genesis] [04:48:27] [INFO] Running at [38;5;121m75.78[0m[38;5;159m FPS ([38;5;121m75.78[0m[38;5;159m FPS per env, [38;5;121m1[0m[38;5;159m envs).[0m
[38;5;159m[Genesis] [04:48:28] [INFO] Running at [38;5;121m75.98[0m[38;5;159m FPS ([38;5;121m75.98[0m[38;5;159m FPS per env, [38;5;121m1[0m[38;5;159m envs).[0m
[38;5;159m[Genesis] [04:48:28] [INFO] Running at [38;5;121m76.15[0m[38;5;159m FPS ([38;5;121m76.15[0m[38;5;159m FPS per env, [38;5;121m1[0m[38;5;159m envs).[0m
[38;5;159m[Genesis] [04:48:28] [INFO] Running at [38;5;121m76.33[0m[38;5;159m FPS ([38;5;121m76.33[0m[38;5;159m FPS per env, [38;5;121m1[0m[38;5;159m envs).[0m
[38;5;159m[Genesis] [04:48:28] [INFO] Running at [38;5;121m76.46[0m[38;5;159m FPS ([38;5;121m76.46[0m[38;5;159m FPS per env, [38;5;121m1[0m[38;5;159m envs).[0m
[38;5;159m[Genesis] [04:48:28] [INFO] Running at [38;5;121m76.47[0m[38;5;159m FPS ([38;5;121m76.47[0m[38;5;159m FPS per env, [38;5;121m1[0m[38;5;159m envs).[0m
[38;5;159m[Genesis] [04:48:28] [INFO] Running at [38;5;121m76.62[0m[38;5;159m FPS ([38;5;121m76.62[0m[38;5;159m FPS per env, [38;5;121m1[0m[38;5;159m envs).[0m
[38;5;159m[Genesis] [04:48:28] [INFO] Running at [38;5;121m76.74[0m[38;5;159m FPS ([38;5;121m76.74[0m[38;5;159m FPS per env, [38;5;121m1[0m[38;5;159m envs).[0m
[38;5;159m[Genesis] [04:48:28] [INFO] Running at [38;5;121m76.71[0m[38;5;159m FPS ([38;5;121m76.71[0m[38;5;159m FPS per env, [38;5;121m1[0m[38;5;159m envs).[0m
[38;5;159m[Genesis] [04:48:28] [INFO] Running at [38;5;121m76.85[0m[38;5;159m FPS ([38;5;121m76.85[0m[38;5;159m FPS per env, [38;5;121m1[0m[38;5;159m envs).[0m
[38;5;159m[Genesis] [04:48:28] [INFO] Running at [38;5;121m77.00[0m[38;5;159m FPS ([38;5;121m77.00[0m[38;5;159m FPS per env, [38;5;121m1[0m[38;5;159m envs).[0m
[38;5;159m[Genesis] [04:48:28] [INFO] Running at [38;5;121m77.08[0m[38;5;159m FPS ([38;5;121m77.08[0m[38;5;159m FPS per env, [38;5;121m1[0m[38;5;159m envs).[0m
[38;5;159m[Genesis] [04:48:28] [INFO] Running at [38;5;121m77.13[0m[38;5;159m FPS ([38;5;121m77.13[0m[38;5;159m FPS per env, [38;5;121m1[0m[38;5;159m envs).[0m
[38;5;159m[Genesis] [04:48:28] [INFO] Running at [38;5;121m77.25[0m[38;5;159m FPS ([38;5;121m77.25[0m[38;5;159m FPS per env, [38;5;121m1[0m[38;5;159m envs).[0m
[38;5;159m[Genesis] [04:48:28] [INFO] Running at [38;5;121m77.36[0m[38;5;159m FPS ([38;5;121m77.36[0m[38;5;159m FPS per env, [38;5;121m1[0m[38;5;159m envs).[0m
[38;5;159m[Genesis] [04:48:28] [INFO] Running at [38;5;121m77.47[0m[38;5;159m FPS ([38;5;121m77.47[0m[38;5;159m FPS per env, [38;5;121m1[0m[38;5;159m envs).[0m
[38;5;159m[Genesis] [04:48:28] [INFO] Running at [38;5;121m77.57[0m[38;5;159m FPS ([38;5;121m77.57[0m[38;5;159m FPS per env, [38;5;121m1[0m[38;5;159m envs).[0m
[38;5;159m[Genesis] [04:48:28] [INFO] Running at [38;5;121m77.67[0m[38;5;159m FPS ([38;5;121m77.67[0m[38;5;159m FPS per env, [38;5;121m1[0m[38;5;159m envs).[0m
[38;5;159m[Genesis] [04:48:28] [INFO] Running at [38;5;121m77.76[0m[38;5;159m FPS ([38;5;121m77.76[0m[38;5;159m FPS per env, [38;5;121m1[0m[38;5;159m envs).[0m
[38;5;159m[Genesis] [04:48:28] [INFO] Running at [38;5;121m77.86[0m[38;5;159m FPS ([38;5;121m77.86[0m[38;5;159m FPS per env, [38;5;121m1[0m[38;5;159m envs).[0m
[38;5;159m[Genesis] [04:48:28] [INFO] Running at [38;5;121m77.95[0m[38;5;159m FPS ([38;5;121m77.95[0m[38;5;159m FPS per env, [38;5;121m1[0m[38;5;159m envs).[0m
[38;5;159m[Genesis] [04:48:29] [INFO] Running at [38;5;121m78.00[0m[38;5;159m FPS ([38;5;121m78.00[0m[38;5;159m FPS per env, [38;5;121m1[0m[38;5;159m envs).[0m
[38;5;159m[Genesis] [04:48:29] [INFO] Running at [38;5;121m78.09[0m[38;5;159m FPS ([38;5;121m78.09[0m[38;5;159m FPS per env, [38;5;121m1[0m[38;5;159m envs).[0m
[38;5;159m[Genesis] [04:48:29] [INFO] Running at [38;5;121m78.12[0m[38;5;159m FPS ([38;5;121m78.12[0m[38;5;159m FPS per env, [38;5;121m1[0m[38;5;159m envs).[0m
[38;5;159m[Genesis] [04:48:29] [INFO] Running at [38;5;121m78.21[0m[38;5;159m FPS ([38;5;121m78.21[0m[38;5;159m FPS per env, [38;5;121m1[0m[38;5;159m envs).[0m
[38;5;159m[Genesis] [04:48:29] [INFO] Running at [38;5;121m78.26[0m[38;5;159m FPS ([38;5;121m78.26[0m[38;5;159m FPS per env, [38;5;121m1[0m[38;5;159m envs).[0m
[38;5;159m[Genesis] [04:48:29] [INFO] Running at [38;5;121m78.34[0m[38;5;159m FPS ([38;5;121m78.34[0m[38;5;159m FPS per env, [38;5;121m1[0m[38;5;159m envs).[0m
[38;5;159m[Genesis] [04:48:29] [INFO] Running at [38;5;121m78.39[0m[38;5;159m FPS ([38;5;121m78.39[0m[38;5;159m FPS per env, [38;5;121m1[0m[38;5;159m envs).[0m
[38;5;159m[Genesis] [04:48:29] [INFO] Running at [38;5;121m78.46[0m[38;5;159m FPS ([38;5;121m78.46[0m[38;5;159m FPS per env, [38;5;121m1[0m[38;5;159m envs).[0m
[38;5;159m[Genesis] [04:48:29] [INFO] Running at [38;5;121m78.34[0m[38;5;159m FPS ([38;5;121m78.34[0m[38;5;159m FPS per env, [38;5;121m1[0m[38;5;159m envs).[0m
[38;5;159m[Genesis] [04:48:29] [INFO] Running at [38;5;121m78.40[0m[38;5;159m FPS ([38;5;121m78.40[0m[38;5;159m FPS per env, [38;5;121m1[0m[38;5;159m envs).[0m
[38;5;159m[Genesis] [04:48:29] [INFO] Running at [38;5;121m78.48[0m[38;5;159m FPS ([38;5;121m78.48[0m[38;5;159m FPS per env, [38;5;121m1[0m[38;5;159m envs).[0m
[38;5;159m[Genesis] [04:48:29] [INFO] Running at [38;5;121m78.54[0m[38;5;159m FPS ([38;5;121m78.54[0m[38;5;159m FPS per env, [38;5;121m1[0m[38;5;159m envs).[0m
[38;5;159m[Genesis] [04:48:29] [INFO] Running at [38;5;121m78.60[0m[38;5;159m FPS ([38;5;121m78.60[0m[38;5;159m FPS per env, [38;5;121m1[0m[38;5;159m envs).[0m
[38;5;159m[Genesis] [04:48:29] [INFO] Running at [38;5;121m78.57[0m[38;5;159m FPS ([38;5;121m78.57[0m[38;5;159m FPS per env, [38;5;121m1[0m[38;5;159m envs).[0m
[38;5;159m[Genesis] [04:48:29] [INFO] Running at [38;5;121m78.61[0m[38;5;159m FPS ([38;5;121m78.61[0m[38;5;159m FPS per env, [38;5;121m1[0m[38;5;159m envs).[0m
[38;5;159m[Genesis] [04:48:29] [INFO] Running at [38;5;121m78.67[0m[38;5;159m FPS ([38;5;121m78.67[0m[38;5;159m FPS per env, [38;5;121m1[0m[38;5;159m envs).[0m
[38;5;159m[Genesis] [04:48:29] [INFO] Running at [38;5;121m78.61[0m[38;5;159m FPS ([38;5;121m78.61[0m[38;5;159m FPS per env, [38;5;121m1[0m[38;5;159m envs).[0m
[38;5;159m[Genesis] [04:48:29] [INFO] Running at [38;5;121m78.66[0m[38;5;159m FPS ([38;5;121m78.66[0m[38;5;159m FPS per env, [38;5;121m1[0m[38;5;159m envs).[0m
[38;5;159m[Genesis] [04:48:29] [INFO] Running at [38;5;121m78.64[0m[38;5;159m FPS ([38;5;121m78.64[0m[38;5;159m FPS per env, [38;5;121m1[0m[38;5;159m envs).[0m
[38;5;159m[Genesis] [04:48:29] [INFO] Running at [38;5;121m78.62[0m[38;5;159m FPS ([38;5;121m78.62[0m[38;5;159m FPS per env, [38;5;121m1[0m[38;5;159m envs).[0m
[38;5;159m[Genesis] [04:48:30] [INFO] Running at [38;5;121m78.60[0m[38;5;159m FPS ([38;5;121m78.60[0m[38;5;159m FPS per env, [38;5;121m1[0m[38;5;159m envs).[0m
[38;5;159m[Genesis] [04:48:30] [INFO] Running at [38;5;121m78.61[0m[38;5;159m FPS ([38;5;121m78.61[0m[38;5;159m FPS per env, [38;5;121m1[0m[38;5;159m envs).[0m
[38;5;159m[Genesis] [04:48:30] [INFO] Running at [38;5;121m78.57[0m[38;5;159m FPS ([38;5;121m78.57[0m[38;5;159m FPS per env, [38;5;121m1[0m[38;5;159m envs).[0m
[38;5;159m[Genesis] [04:48:30] [INFO] Running at [38;5;121m78.45[0m[38;5;159m FPS ([38;5;121m78.45[0m[38;5;159m FPS per env, [38;5;121m1[0m[38;5;159m envs).[0m
[38;5;159m[Genesis] [04:48:30] [INFO] Running at [38;5;121m78.47[0m[38;5;159m FPS ([38;5;121m78.47[0m[38;5;159m FPS per env, [38;5;121m1[0m[38;5;159m envs).[0m
[38;5;159m[Genesis] [04:48:30] [INFO] Running at [38;5;121m78.49[0m[38;5;159m FPS ([38;5;121m78.49[0m[38;5;159m FPS per env, [38;5;121m1[0m[38;5;159m envs).[0m
[38;5;159m[Genesis] [04:48:30] [INFO] Running at [38;5;121m78.48[0m[38;5;159m FPS ([38;5;121m78.48[0m[38;5;159m FPS per env, [38;5;121m1[0m[38;5;159m envs).[0m
[38;5;159m[Genesis] [04:48:30] [INFO] Running at [38;5;121m78.45[0m[38;5;159m FPS ([38;5;121m78.45[0m[38;5;159m FPS per env, [38;5;121m1[0m[38;5;159m envs).[0m
[38;5;159m[Genesis] [04:48:30] [INFO] Running at [38;5;121m78.45[0m[38;5;159m FPS ([38;5;121m78.45[0m[38;5;159m FPS per env, [38;5;121m1[0m[38;5;159m envs).[0m
[38;5;159m[Genesis] [04:48:30] [INFO] Running at [38;5;121m78.48[0m[38;5;159m FPS ([38;5;121m78.48[0m[38;5;159m FPS per env, [38;5;121m1[0m[38;5;159m envs).[0m
[38;5;159m[Genesis] [04:48:30] [INFO] Running at [38;5;121m78.33[0m[38;5;159m FPS ([38;5;121m78.33[0m[38;5;159m FPS per env, [38;5;121m1[0m[38;5;159m envs).[0m
[38;5;159m[Genesis] [04:48:30] [INFO] Running at [38;5;121m78.35[0m[38;5;159m FPS ([38;5;121m78.35[0m[38;5;159m FPS per env, [38;5;121m1[0m[38;5;159m envs).[0m
[38;5;159m[Genesis] [04:48:30] [INFO] Running at [38;5;121m78.38[0m[38;5;159m FPS ([38;5;121m78.38[0m[38;5;159m FPS per env, [38;5;121m1[0m[38;5;159m envs).[0m
[38;5;159m[Genesis] [04:48:30] [INFO] Running at [38;5;121m78.41[0m[38;5;159m FPS ([38;5;121m78.41[0m[38;5;159m FPS per env, [38;5;121m1[0m[38;5;159m envs).[0m
[38;5;159m[Genesis] [04:48:30] [INFO] Running at [38;5;121m78.45[0m[38;5;159m FPS ([38;5;121m78.45[0m[38;5;159m FPS per env, [38;5;121m1[0m[38;5;159m envs).[0m
[38;5;159m[Genesis] [04:48:30] [INFO] Running at [38;5;121m78.44[0m[38;5;159m FPS ([38;5;121m78.44[0m[38;5;159m FPS per env, [38;5;121m1[0m[38;5;159m envs).[0m
[38;5;159m[Genesis] [04:48:30] [INFO] Running at [38;5;121m78.48[0m[38;5;159m FPS ([38;5;121m78.48[0m[38;5;159m FPS per env, [38;5;121m1[0m[38;5;159m envs).[0m
[38;5;159m[Genesis] [04:48:30] [INFO] Running at [38;5;121m78.53[0m[38;5;159m FPS ([38;5;121m78.53[0m[38;5;159m FPS per env, [38;5;121m1[0m[38;5;159m envs).[0m
[38;5;159m[Genesis] [04:48:30] [INFO] Running at [38;5;121m78.57[0m[38;5;159m FPS ([38;5;121m78.57[0m[38;5;159m FPS per env, [38;5;121m1[0m[38;5;159m envs).[0m
[38;5;159m[Genesis] [04:48:31] [INFO] Running at [38;5;121m78.61[0m[38;5;159m FPS ([38;5;121m78.61[0m[38;5;159m FPS per env, [38;5;121m1[0m[38;5;159m envs).[0m
[38;5;159m[Genesis] [04:48:31] [INFO] Running at [38;5;121m78.65[0m[38;5;159m FPS ([38;5;121m78.65[0m[38;5;159m FPS per env, [38;5;121m1[0m[38;5;159m envs).[0m
[38;5;159m[Genesis] [04:48:31] [INFO] Running at [38;5;121m78.68[0m[38;5;159m FPS ([38;5;121m78.68[0m[38;5;159m FPS per env, [38;5;121m1[0m[38;5;159m envs).[0m
[38;5;159m[Genesis] [04:48:31] [INFO] Running at [38;5;121m78.72[0m[38;5;159m FPS ([38;5;121m78.72[0m[38;5;159m FPS per env, [38;5;121m1[0m[38;5;159m envs).[0m
[38;5;159m[Genesis] [04:48:31] [INFO] Running at [38;5;121m78.75[0m[38;5;159m FPS ([38;5;121m78.75[0m[38;5;159m FPS per env, [38;5;121m1[0m[38;5;159m envs).[0m
[38;5;159m[Genesis] [04:48:31] [INFO] Running at [38;5;121m78.79[0m[38;5;159m FPS ([38;5;121m78.79[0m[38;5;159m FPS per env, [38;5;121m1[0m[38;5;159m envs).[0m
[38;5;159m[Genesis] [04:48:31] [INFO] Running at [38;5;121m78.77[0m[38;5;159m FPS ([38;5;121m78.77[0m[38;5;159m FPS per env, [38;5;121m1[0m[38;5;159m envs).[0m
[38;5;159m[Genesis] [04:48:31] [INFO] Running at [38;5;121m78.79[0m[38;5;159m FPS ([38;5;121m78.79[0m[38;5;159m FPS per env, [38;5;121m1[0m[38;5;159m envs).[0m
[38;5;159m[Genesis] [04:48:31] [INFO] Running at [38;5;121m78.82[0m[38;5;159m FPS ([38;5;121m78.82[0m[38;5;159m FPS per env, [38;5;121m1[0m[38;5;159m envs).[0m
[38;5;159m[Genesis] [04:48:31] [INFO] Running at [38;5;121m78.85[0m[38;5;159m FPS ([38;5;121m78.85[0m[38;5;159m FPS per env, [38;5;121m1[0m[38;5;159m envs).[0m
[38;5;159m[Genesis] [04:48:31] [INFO] Running at [38;5;121m78.87[0m[38;5;159m FPS ([38;5;121m78.87[0m[38;5;159m FPS per env, [38;5;121m1[0m[38;5;159m envs).[0m
[38;5;159m[Genesis] [04:48:31] [INFO] Running at [38;5;121m78.91[0m[38;5;159m FPS ([38;5;121m78.91[0m[38;5;159m FPS per env, [38;5;121m1[0m[38;5;159m envs).[0m
[38;5;159m[Genesis] [04:48:31] [INFO] Running at [38;5;121m78.75[0m[38;5;159m FPS ([38;5;121m78.75[0m[38;5;159m FPS per env, [38;5;121m1[0m[38;5;159m envs).[0m
[38;5;159m[Genesis] [04:48:31] [INFO] Running at [38;5;121m78.75[0m[38;5;159m FPS ([38;5;121m78.75[0m[38;5;159m FPS per env, [38;5;121m1[0m[38;5;159m envs).[0m
[38;5;159m[Genesis] [04:48:31] [INFO] Running at [38;5;121m78.75[0m[38;5;159m FPS ([38;5;121m78.75[0m[38;5;159m FPS per env, [38;5;121m1[0m[38;5;159m envs).[0m
[38;5;159m[Genesis] [04:48:31] [INFO] Running at [38;5;121m78.77[0m[38;5;159m FPS ([38;5;121m78.77[0m[38;5;159m FPS per env, [38;5;121m1[0m[38;5;159m envs).[0m
[38;5;159m[Genesis] [04:48:31] [INFO] Running at [38;5;121m78.82[0m[38;5;159m FPS ([38;5;121m78.82[0m[38;5;159m FPS per env, [38;5;121m1[0m[38;5;159m envs).[0m
[38;5;159m[Genesis] [04:48:31] [INFO] Running at [38;5;121m78.75[0m[38;5;159m FPS ([38;5;121m78.75[0m[38;5;159m FPS per env, [38;5;121m1[0m[38;5;159m envs).[0m
[38;5;159m[Genesis] [04:48:31] [INFO] Running at [38;5;121m78.74[0m[38;5;159m FPS ([38;5;121m78.74[0m[38;5;159m FPS per env, [38;5;121m1[0m[38;5;159m envs).[0m
[38;5;159m[Genesis] [04:48:31] [INFO] Running at [38;5;121m78.75[0m[38;5;159m FPS ([38;5;121m78.75[0m[38;5;159m FPS per env, [38;5;121m1[0m[38;5;159m envs).[0m
[38;5;159m[Genesis] [04:48:32] [INFO] Running at [38;5;121m78.74[0m[38;5;159m FPS ([38;5;121m78.74[0m[38;5;159m FPS per env, [38;5;121m1[0m[38;5;159m envs).[0m
[38;5;159m[Genesis] [04:48:32] [INFO] Running at [38;5;121m78.78[0m[38;5;159m FPS ([38;5;121m78.78[0m[38;5;159m FPS per env, [38;5;121m1[0m[38;5;159m envs).[0m
[38;5;159m[Genesis] [04:48:32] [INFO] Running at [38;5;121m78.81[0m[38;5;159m FPS ([38;5;121m78.81[0m[38;5;159m FPS per env, [38;5;121m1[0m[38;5;159m envs).[0m
[38;5;159m[Genesis] [04:48:32] [INFO] Running at [38;5;121m78.84[0m[38;5;159m FPS ([38;5;121m78.84[0m[38;5;159m FPS per env, [38;5;121m1[0m[38;5;159m envs).[0m
[38;5;159m[Genesis] [04:48:32] [INFO] Running at [38;5;121m78.87[0m[38;5;159m FPS ([38;5;121m78.87[0m[38;5;159m FPS per env, [38;5;121m1[0m[38;5;159m envs).[0m
[38;5;159m[Genesis] [04:48:32] [INFO] Running at [38;5;121m78.90[0m[38;5;159m FPS ([38;5;121m78.90[0m[38;5;159m FPS per env, [38;5;121m1[0m[38;5;159m envs).[0m
[38;5;159m[Genesis] [04:48:32] [INFO] Running at [38;5;121m78.92[0m[38;5;159m FPS ([38;5;121m78.92[0m[38;5;159m FPS per env, [38;5;121m1[0m[38;5;159m envs).[0m
[38;5;159m[Genesis] [04:48:32] [INFO] Running at [38;5;121m78.96[0m[38;5;159m FPS ([38;5;121m78.96[0m[38;5;159m FPS per env, [38;5;121m1[0m[38;5;159m envs).[0m
[38;5;159m[Genesis] [04:48:32] [INFO] Running at [38;5;121m78.97[0m[38;5;159m FPS ([38;5;121m78.97[0m[38;5;159m FPS per env, [38;5;121m1[0m[38;5;159m envs).[0m
[38;5;159m[Genesis] [04:48:32] [INFO] Running at [38;5;121m78.99[0m[38;5;159m FPS ([38;5;121m78.99[0m[38;5;159m FPS per env, [38;5;121m1[0m[38;5;159m envs).[0m
[38;5;159m[Genesis] [04:48:32] [INFO] Running at [38;5;121m79.01[0m[38;5;159m FPS ([38;5;121m79.01[0m[38;5;159m FPS per env, [38;5;121m1[0m[38;5;159m envs).[0m
[38;5;159m[Genesis] [04:48:32] [INFO] Running at [38;5;121m79.03[0m[38;5;159m FPS ([38;5;121m79.03[0m[38;5;159m FPS per env, [38;5;121m1[0m[38;5;159m envs).[0m
[38;5;159m[Genesis] [04:48:32] [INFO] Running at [38;5;121m79.05[0m[38;5;159m FPS ([38;5;121m79.05[0m[38;5;159m FPS per env, [38;5;121m1[0m[38;5;159m envs).[0m
[38;5;159m[Genesis] [04:48:32] [INFO] Running at [38;5;121m78.88[0m[38;5;159m FPS ([38;5;121m78.88[0m[38;5;159m FPS per env, [38;5;121m1[0m[38;5;159m envs).[0m
[38;5;159m[Genesis] [04:48:32] [INFO] Running at [38;5;121m78.91[0m[38;5;159m FPS ([38;5;121m78.91[0m[38;5;159m FPS per env, [38;5;121m1[0m[38;5;159m envs).[0m
[38;5;159m[Genesis] [04:48:32] [INFO] Running at [38;5;121m78.94[0m[38;5;159m FPS ([38;5;121m78.94[0m[38;5;159m FPS per env, [38;5;121m1[0m[38;5;159m envs).[0m
[38;5;159m[Genesis] [04:48:32] [INFO] Running at [38;5;121m78.98[0m[38;5;159m FPS ([38;5;121m78.98[0m[38;5;159m FPS per env, [38;5;121m1[0m[38;5;159m envs).[0m
[38;5;159m[Genesis] [04:48:32] [INFO] Running at [38;5;121m79.00[0m[38;5;159m FPS ([38;5;121m79.00[0m[38;5;159m FPS per env, [38;5;121m1[0m[38;5;159m envs).[0m
[38;5;159m[Genesis] [04:48:32] [INFO] Running at [38;5;121m79.02[0m[38;5;159m FPS ([38;5;121m79.02[0m[38;5;159m FPS per env, [38;5;121m1[0m[38;5;159m envs).[0m
[38;5;159m[Genesis] [04:48:32] [INFO] Running at [38;5;121m78.98[0m[38;5;159m FPS ([38;5;121m78.98[0m[38;5;159m FPS per env, [38;5;121m1[0m[38;5;159m envs).[0m
[38;5;159m[Genesis] [04:48:33] [INFO] Running at [38;5;121m79.00[0m[38;5;159m FPS ([38;5;121m79.00[0m[38;5;159m FPS per env, [38;5;121m1[0m[38;5;159m envs).[0m
[38;5;159m[Genesis] [04:48:33] [INFO] Running at [38;5;121m79.01[0m[38;5;159m FPS ([38;5;121m79.01[0m[38;5;159m FPS per env, [38;5;121m1[0m[38;5;159m envs).[0m
[38;5;159m[Genesis] [04:48:33] [INFO] Running at [38;5;121m79.04[0m[38;5;159m FPS ([38;5;121m79.04[0m[38;5;159m FPS per env, [38;5;121m1[0m[38;5;159m envs).[0m
[38;5;159m[Genesis] [04:48:33] [INFO] Running at [38;5;121m79.05[0m[38;5;159m FPS ([38;5;121m79.05[0m[38;5;159m FPS per env, [38;5;121m1[0m[38;5;159m envs).[0m
[38;5;159m[Genesis] [04:48:33] [INFO] Running at [38;5;121m78.90[0m[38;5;159m FPS ([38;5;121m78.90[0m[38;5;159m FPS per env, [38;5;121m1[0m[38;5;159m envs).[0m
[38;5;159m[Genesis] [04:48:33] [INFO] Running at [38;5;121m78.92[0m[38;5;159m FPS ([38;5;121m78.92[0m[38;5;159m FPS per env, [38;5;121m1[0m[38;5;159m envs).[0m
[38;5;159m[Genesis] [04:48:33] [INFO] Running at [38;5;121m78.95[0m[38;5;159m FPS ([38;5;121m78.95[0m[38;5;159m FPS per env, [38;5;121m1[0m[38;5;159m envs).[0m
[38;5;159m[Genesis] [04:48:33] [INFO] Running at [38;5;121m78.97[0m[38;5;159m FPS ([38;5;121m78.97[0m[38;5;159m FPS per env, [38;5;121m1[0m[38;5;159m envs).[0m
[38;5;159m[Genesis] [04:48:33] [INFO] Running at [38;5;121m79.00[0m[38;5;159m FPS ([38;5;121m79.00[0m[38;5;159m FPS per env, [38;5;121m1[0m[38;5;159m envs).[0m
[38;5;159m[Genesis] [04:48:33] [INFO] Running at [38;5;121m79.02[0m[38;5;159m FPS ([38;5;121m79.02[0m[38;5;159m FPS per env, [38;5;121m1[0m[38;5;159m envs).[0m
[38;5;159m[Genesis] [04:48:33] [INFO] Running at [38;5;121m79.04[0m[38;5;159m FPS ([38;5;121m79.04[0m[38;5;159m FPS per env, [38;5;121m1[0m[38;5;159m envs).[0m
[38;5;159m[Genesis] [04:48:33] [INFO] Running at [38;5;121m79.05[0m[38;5;159m FPS ([38;5;121m79.05[0m[38;5;159m FPS per env, [38;5;121m1[0m[38;5;159m envs).[0m
[38;5;159m[Genesis] [04:48:33] [INFO] Running at [38;5;121m79.06[0m[38;5;159m FPS ([38;5;121m79.06[0m[38;5;159m FPS per env, [38;5;121m1[0m[38;5;159m envs).[0m
[38;5;159m[Genesis] [04:48:33] [INFO] Running at [38;5;121m79.07[0m[38;5;159m FPS ([38;5;121m79.07[0m[38;5;159m FPS per env, [38;5;121m1[0m[38;5;159m envs).[0m
[38;5;159m[Genesis] [04:48:33] [INFO] Running at [38;5;121m79.09[0m[38;5;159m FPS ([38;5;121m79.09[0m[38;5;159m FPS per env, [38;5;121m1[0m[38;5;159m envs).[0m
[38;5;159m[Genesis] [04:48:33] [INFO] Running at [38;5;121m78.93[0m[38;5;159m FPS ([38;5;121m78.93[0m[38;5;159m FPS per env, [38;5;121m1[0m[38;5;159m envs).[0m
[38;5;159m[Genesis] [04:48:33] [INFO] Running at [38;5;121m78.96[0m[38;5;159m FPS ([38;5;121m78.96[0m[38;5;159m FPS per env, [38;5;121m1[0m[38;5;159m envs).[0m
[38;5;159m[Genesis] [04:48:33] [INFO] Running at [38;5;121m78.97[0m[38;5;159m FPS ([38;5;121m78.97[0m[38;5;159m FPS per env, [38;5;121m1[0m[38;5;159m envs).[0m
[38;5;159m[Genesis] [04:48:33] [INFO] Running at [38;5;121m78.98[0m[38;5;159m FPS ([38;5;121m78.98[0m[38;5;159m FPS per env, [38;5;121m1[0m[38;5;159m envs).[0m
[38;5;159m[Genesis] [04:48:33] [INFO] Running at [38;5;121m79.00[0m[38;5;159m FPS ([38;5;121m79.00[0m[38;5;159m FPS per env, [38;5;121m1[0m[38;5;159m envs).[0m
[38;5;159m[Genesis] [04:48:34] [INFO] Running at [38;5;121m79.03[0m[38;5;159m FPS ([38;5;121m79.03[0m[38;5;159m FPS per env, [38;5;121m1[0m[38;5;159m envs).[0m
[38;5;159m[Genesis] [04:48:34] [INFO] Running at [38;5;121m79.00[0m[38;5;159m FPS ([38;5;121m79.00[0m[38;5;159m FPS per env, [38;5;121m1[0m[38;5;159m envs).[0m
[38;5;159m[Genesis] [04:48:34] [INFO] Running at [38;5;121m79.02[0m[38;5;159m FPS ([38;5;121m79.02[0m[38;5;159m FPS per env, [38;5;121m1[0m[38;5;159m envs).[0m
[38;5;159m[Genesis] [04:48:34] [INFO] Running at [38;5;121m79.01[0m[38;5;159m FPS ([38;5;121m79.01[0m[38;5;159m FPS per env, [38;5;121m1[0m[38;5;159m envs).[0m
[38;5;159m[Genesis] [04:48:34] [INFO] Running at [38;5;121m79.00[0m[38;5;159m FPS ([38;5;121m79.00[0m[38;5;159m FPS per env, [38;5;121m1[0m[38;5;159m envs).[0m
[38;5;159m[Genesis] [04:48:34] [INFO] Running at [38;5;121m78.99[0m[38;5;159m FPS ([38;5;121m78.99[0m[38;5;159m FPS per env, [38;5;121m1[0m[38;5;159m envs).[0m
[38;5;159m[Genesis] [04:48:34] [INFO] Running at [38;5;121m79.02[0m[38;5;159m FPS ([38;5;121m79.02[0m[38;5;159m FPS per env, [38;5;121m1[0m[38;5;159m envs).[0m
[38;5;159m[Genesis] [04:48:34] [INFO] Running at [38;5;121m79.04[0m[38;5;159m FPS ([38;5;121m79.04[0m[38;5;159m FPS per env, [38;5;121m1[0m[38;5;159m envs).[0m
[38;5;159m[Genesis] [04:48:34] [INFO] Running at [38;5;121m79.07[0m[38;5;159m FPS ([38;5;121m79.07[0m[38;5;159m FPS per env, [38;5;121m1[0m[38;5;159m envs).[0m
[38;5;159m[Genesis] [04:48:34] [INFO] Running at [38;5;121m79.11[0m[38;5;159m FPS ([38;5;121m79.11[0m[38;5;159m FPS per env, [38;5;121m1[0m[38;5;159m envs).[0m
[38;5;159m[Genesis] [04:48:34] [INFO] Running at [38;5;121m79.13[0m[38;5;159m FPS ([38;5;121m79.13[0m[38;5;159m FPS per env, [38;5;121m1[0m[38;5;159m envs).[0m
[38;5;159m[Genesis] [04:48:34] [INFO] Running at [38;5;121m97.76[0m[38;5;159m FPS ([38;5;121m97.76[0m[38;5;159m FPS per env, [38;5;121m1[0m[38;5;159m envs).[0m
[38;5;159m[Genesis] [04:48:34] [INFO] Running at [38;5;121m78.26[0m[38;5;159m FPS ([38;5;121m78.26[0m[38;5;159m FPS per env, [38;5;121m1[0m[38;5;159m envs).[0m
[38;5;159m[Genesis] [04:48:34] [INFO] Running at [38;5;121m78.31[0m[38;5;159m FPS ([38;5;121m78.31[0m[38;5;159m FPS per env, [38;5;121m1[0m[38;5;159m envs).[0m
[38;5;159m[Genesis] [04:48:34] [INFO] Running at [38;5;121m78.35[0m[38;5;159m FPS ([38;5;121m78.35[0m[38;5;159m FPS per env, [38;5;121m1[0m[38;5;159m envs).[0m
[38;5;159m[Genesis] [04:48:34] [INFO] Running at [38;5;121m78.11[0m[38;5;159m FPS ([38;5;121m78.11[0m[38;5;159m FPS per env, [38;5;121m1[0m[38;5;159m envs).[0m
[38;5;159m[Genesis] [04:48:34] [INFO] Running at [38;5;121m78.03[0m[38;5;159m FPS ([38;5;121m78.03[0m[38;5;159m FPS per env, [38;5;121m1[0m[38;5;159m envs).[0m
[38;5;159m[Genesis] [04:48:34] [INFO] Running at [38;5;121m78.05[0m[38;5;159m FPS ([38;5;121m78.05[0m[38;5;159m FPS per env, [38;5;121m1[0m[38;5;159m envs).[0m
[38;5;159m[Genesis] [04:48:34] [INFO] Running at [38;5;121m78.10[0m[38;5;159m FPS ([38;5;121m78.10[0m[38;5;159m FPS per env, [38;5;121m1[0m[38;5;159m envs).[0m
[38;5;159m[Genesis] [04:48:35] [INFO] Running at [38;5;121m78.15[0m[38;5;159m FPS ([38;5;121m78.15[0m[38;5;159m FPS per env, [38;5;121m1[0m[38;5;159m envs).[0m
[38;5;159m[Genesis] [04:48:35] [INFO] Running at [38;5;121m78.21[0m[38;5;159m FPS ([38;5;121m78.21[0m[38;5;159m FPS per env, [38;5;121m1[0m[38;5;159m envs).[0m
[38;5;159m[Genesis] [04:48:35] [INFO] Running at [38;5;121m78.29[0m[38;5;159m FPS ([38;5;121m78.29[0m[38;5;159m FPS per env, [38;5;121m1[0m[38;5;159m envs).[0m
[38;5;159m[Genesis] [04:48:35] [INFO] Running at [38;5;121m96.70[0m[38;5;159m FPS ([38;5;121m96.70[0m[38;5;159m FPS per env, [38;5;121m1[0m[38;5;159m envs).[0m
[38;5;159m[Genesis] [04:48:35] [INFO] Running at [38;5;121m77.45[0m[38;5;159m FPS ([38;5;121m77.45[0m[38;5;159m FPS per env, [38;5;121m1[0m[38;5;159m envs).[0m
[38;5;159m[Genesis] [04:48:35] [INFO] Running at [38;5;121m77.54[0m[38;5;159m FPS ([38;5;121m77.54[0m[38;5;159m FPS per env, [38;5;121m1[0m[38;5;159m envs).[0m
[38;5;159m[Genesis] [04:48:35] [INFO] Running at [38;5;121m77.64[0m[38;5;159m FPS ([38;5;121m77.64[0m[38;5;159m FPS per env, [38;5;121m1[0m[38;5;159m envs).[0m
[38;5;159m[Genesis] [04:48:35] [INFO] Running at [38;5;121m96.02[0m[38;5;159m FPS ([38;5;121m96.02[0m[38;5;159m FPS per env, [38;5;121m1[0m[38;5;159m envs).[0m
[38;5;159m[Genesis] [04:48:35] [INFO] Running at [38;5;121m95.05[0m[38;5;159m FPS ([38;5;121m95.05[0m[38;5;159m FPS per env, [38;5;121m1[0m[38;5;159m envs).[0m
[38;5;159m[Genesis] [04:48:35] [INFO] Running at [38;5;121m94.15[0m[38;5;159m FPS ([38;5;121m94.15[0m[38;5;159m FPS per env, [38;5;121m1[0m[38;5;159m envs).[0m
[38;5;159m[Genesis] [04:48:35] [INFO] Running at [38;5;121m93.32[0m[38;5;159m FPS ([38;5;121m93.32[0m[38;5;159m FPS per env, [38;5;121m1[0m[38;5;159m envs).[0m
[38;5;159m[Genesis] [04:48:35] [INFO] Running at [38;5;121m92.58[0m[38;5;159m FPS ([38;5;121m92.58[0m[38;5;159m FPS per env, [38;5;121m1[0m[38;5;159m envs).[0m
[38;5;159m[Genesis] [04:48:35] [INFO] Running at [38;5;121m74.33[0m[38;5;159m FPS ([38;5;121m74.33[0m[38;5;159m FPS per env, [38;5;121m1[0m[38;5;159m envs).[0m
[38;5;159m[Genesis] [04:48:35] [INFO] Running at [38;5;121m74.58[0m[38;5;159m FPS ([38;5;121m74.58[0m[38;5;159m FPS per env, [38;5;121m1[0m[38;5;159m envs).[0m
[38;5;159m[Genesis] [04:48:35] [INFO] Running at [38;5;121m92.49[0m[38;5;159m FPS ([38;5;121m92.49[0m[38;5;159m FPS per env, [38;5;121m1[0m[38;5;159m envs).[0m
[38;5;159m[Genesis] [04:48:35] [INFO] Running at [38;5;121m91.79[0m[38;5;159m FPS ([38;5;121m91.79[0m[38;5;159m FPS per env, [38;5;121m1[0m[38;5;159m envs).[0m
[38;5;159m[Genesis] [04:48:35] [INFO] Running at [38;5;121m73.60[0m[38;5;159m FPS ([38;5;121m73.60[0m[38;5;159m FPS per env, [38;5;121m1[0m[38;5;159m envs).[0m
[38;5;159m[Genesis] [04:48:35] [INFO] Running at [38;5;121m73.89[0m[38;5;159m FPS ([38;5;121m73.89[0m[38;5;159m FPS per env, [38;5;121m1[0m[38;5;159m envs).[0m
[38;5;159m[Genesis] [04:48:36] [INFO] Running at [38;5;121m74.17[0m[38;5;159m FPS ([38;5;121m74.17[0m[38;5;159m FPS per env, [38;5;121m1[0m[38;5;159m envs).[0m
[38;5;159m[Genesis] [04:48:36] [INFO] Running at [38;5;121m92.03[0m[38;5;159m FPS ([38;5;121m92.03[0m[38;5;159m FPS per env, [38;5;121m1[0m[38;5;159m envs).[0m
[38;5;159m[Genesis] [04:48:36] [INFO] Running at [38;5;121m91.35[0m[38;5;159m FPS ([38;5;121m91.35[0m[38;5;159m FPS per env, [38;5;121m1[0m[38;5;159m envs).[0m
[38;5;159m[Genesis] [04:48:36] [INFO] Running at [38;5;121m90.72[0m[38;5;159m FPS ([38;5;121m90.72[0m[38;5;159m FPS per env, [38;5;121m1[0m[38;5;159m envs).[0m
[38;5;159m[Genesis] [04:48:36] [INFO] Running at [38;5;121m72.91[0m[38;5;159m FPS ([38;5;121m72.91[0m[38;5;159m FPS per env, [38;5;121m1[0m[38;5;159m envs).[0m
[38;5;159m[Genesis] [04:48:36] [INFO] Running at [38;5;121m73.18[0m[38;5;159m FPS ([38;5;121m73.18[0m[38;5;159m FPS per env, [38;5;121m1[0m[38;5;159m envs).[0m
[38;5;159m[Genesis] [04:48:36] [INFO] Running at [38;5;121m73.25[0m[38;5;159m FPS ([38;5;121m73.25[0m[38;5;159m FPS per env, [38;5;121m1[0m[38;5;159m envs).[0m
[38;5;159m[Genesis] [04:48:36] [INFO] Running at [38;5;121m73.56[0m[38;5;159m FPS ([38;5;121m73.56[0m[38;5;159m FPS per env, [38;5;121m1[0m[38;5;159m envs).[0m
[38;5;159m[Genesis] [04:48:36] [INFO] Running at [38;5;121m91.28[0m[38;5;159m FPS ([38;5;121m91.28[0m[38;5;159m FPS per env, [38;5;121m1[0m[38;5;159m envs).[0m
[38;5;159m[Genesis] [04:48:36] [INFO] Running at [38;5;121m90.68[0m[38;5;159m FPS ([38;5;121m90.68[0m[38;5;159m FPS per env, [38;5;121m1[0m[38;5;159m envs).[0m
[38;5;159m[Genesis] [04:48:36] [INFO] Running at [38;5;121m90.13[0m[38;5;159m FPS ([38;5;121m90.13[0m[38;5;159m FPS per env, [38;5;121m1[0m[38;5;159m envs).[0m
[38;5;159m[Genesis] [04:48:36] [INFO] Running at [38;5;121m89.58[0m[38;5;159m FPS ([38;5;121m89.58[0m[38;5;159m FPS per env, [38;5;121m1[0m[38;5;159m envs).[0m
fps 50
[38;5;159m[Genesis] [04:48:36] [INFO] Saving video to [38;5;121m"test_3000_behind.mp4"[0m[38;5;159m...[0m
[38;5;159m[Genesis] [04:48:39] [INFO] Video saved.[0m
[38;5;159m[Genesis] [04:48:39] [INFO] Saving video to [38;5;121m"test_3000_side.mp4"[0m[38;5;159m...[0m
[38;5;159m[Genesis] [04:48:41] [INFO] Video saved.[0m
Saved recordings for checkpoint 3000.
[38;5;159m[Genesis] [04:48:41] [INFO] 💤 Exiting Genesis and caching compiled kernels...[0m
