[38;5;159m[Genesis] [19:11:59] [INFO] [38;5;121m╭───────────────────────────────────────────────╮[0m[38;5;159m[0m
[38;5;159m[Genesis] [19:11:59] [INFO] [38;5;121m│┈┉┈┉┈┉┈┉┈┉┈┉┈┉┈┉┈┉┈[0m[38;5;159m [38;5;121m[1m[3mGenesis[0m[38;5;159m [38;5;121m┈┉┈┉┈┉┈┉┈┉┈┉┈┉┈┉┈┉┈│[0m[38;5;159m[0m
[38;5;159m[Genesis] [19:11:59] [INFO] [38;5;121m╰───────────────────────────────────────────────╯[0m[38;5;159m[0m
[38;5;159m[Genesis] [19:11:59] [INFO] Running on [38;5;121m[4m[NVIDIA GeForce RTX 5090][0m[38;5;159m with backend [38;5;121m[4mgs.cuda[0m[38;5;159m. Device memory: [38;5;121m[4m31.36[0m[38;5;159m GB.[0m
[38;5;159m[Genesis] [19:11:59] [INFO] 🚀 Genesis initialized. 🔖 version: [38;5;121m[4m0.4.7[0m[38;5;159m, 🎨 theme: [38;5;121m[4mdark[0m[38;5;159m, 🌱 seed: [38;5;121m[4mNone[0m[38;5;159m, 🐛 debug: [38;5;121m[4mFalse[0m[38;5;159m, 📏 precision: [38;5;121m[4m32[0m[38;5;159m, 🔥 performance: [38;5;121m[4mFalse[0m[38;5;159m, 💬 verbose: [38;5;121m[4mINFO[0m[38;5;159m[0m
[38;5;226m[Genesis] [19:12:02] [WARNING] Viewer option 'n_rendered_envs' is deprecated and will be removed in a future release. Please use 'rendered_envs_idx' instead.[0m
[38;5;159m[Genesis] [19:12:02] [INFO] Scene [38;5;121m[3m<a6638eb>[0m[38;5;159m created.[0m
[38;5;159m[Genesis] [19:12:02] [INFO] Adding [38;5;121m<gs.engine.entities.RigidEntity>[0m[38;5;159m. idx: [38;5;121m0[0m[38;5;159m, uid: [38;5;121m[3m<130af2c>[0m[38;5;159m, morph: [38;5;121m<gs.morphs.Terrain>[0m[38;5;159m, material: [38;5;121m<gs.materials.Rigid>[0m[38;5;159m.[0m
[38;5;226m[Genesis] [19:12:03] [WARNING] Beware that SDF pre-processing of mesh  having more than 50000 vertices may take a very long time (>10min) and require large RAM allocation (>20Gb). Please either enable convexify or decimation. (see FileMorph options)[0m
[38;5;159m[Genesis] [19:12:03] [INFO] Adding [38;5;121m<gs.engine.entities.RigidEntity>[0m[38;5;159m. idx: [38;5;121m1[0m[38;5;159m, uid: [38;5;121m[3m<67ee8f9>[0m[38;5;159m, morph: [38;5;121m<gs.morphs.URDF(file='/home/jfriesen/.local/lib/python3.12/site-packages/genesis/assets/urdf/go2/urdf/go2.urdf')>[0m[38;5;159m, material: [38;5;121m<gs.materials.Rigid>[0m[38;5;159m.[0m
[38;5;159m[Genesis] [19:12:06] [INFO] Building scene [38;5;121m[3m<a6638eb>[0m[38;5;159m...[0m
[38;5;226m[Genesis] [19:12:06] [WARNING] Neutral robot position (qpos0) exceeds joint limits.[0m
[38;5;159m[Genesis] [19:12:08] [INFO] Compiling simulation kernels...[0m
[38;5;159m[Genesis] [19:12:09] [INFO] Building visualizer...[0m
[38;5;226m[Genesis] [19:12:10] [WARNING] This property is deprecated and will be removed in future release. Please use 'dofs_idx_local' instead.[0m
[38;5;226m[Genesis] [19:12:10] [WARNING] This property is deprecated and will be removed in future release. Please use 'dofs_idx_local' instead.[0m
[38;5;226m[Genesis] [19:12:10] [WARNING] This property is deprecated and will be removed in future release. Please use 'dofs_idx_local' instead.[0m
[38;5;226m[Genesis] [19:12:10] [WARNING] This property is deprecated and will be removed in future release. Please use 'dofs_idx_local' instead.[0m
[38;5;226m[Genesis] [19:12:10] [WARNING] This property is deprecated and will be removed in future release. Please use 'dofs_idx_local' instead.[0m
[38;5;226m[Genesis] [19:12:10] [WARNING] This property is deprecated and will be removed in future release. Please use 'dofs_idx_local' instead.[0m
[38;5;226m[Genesis] [19:12:10] [WARNING] This property is deprecated and will be removed in future release. Please use 'dofs_idx_local' instead.[0m
[38;5;226m[Genesis] [19:12:10] [WARNING] This property is deprecated and will be removed in future release. Please use 'dofs_idx_local' instead.[0m
[38;5;226m[Genesis] [19:12:10] [WARNING] This property is deprecated and will be removed in future release. Please use 'dofs_idx_local' instead.[0m
[38;5;226m[Genesis] [19:12:10] [WARNING] This property is deprecated and will be removed in future release. Please use 'dofs_idx_local' instead.[0m
[38;5;226m[Genesis] [19:12:10] [WARNING] This property is deprecated and will be removed in future release. Please use 'dofs_idx_local' instead.[0m
[38;5;226m[Genesis] [19:12:10] [WARNING] This property is deprecated and will be removed in future release. Please use 'dofs_idx_local' instead.[0m
/home/jfriesen/.local/lib/python3.12/site-packages/torch/utils/_device.py:122: UserWarning: To copy construct from a tensor, it is recommended to use sourceTensor.detach().clone() or sourceTensor.detach().clone().requires_grad_(True), rather than torch.tensor(sourceTensor).
  return func(*args, **kwargs)
Actor MLP: Sequential(
  (0): Linear(in_features=76, out_features=512, bias=True)
  (1): ELU(alpha=1.0)
  (2): Linear(in_features=512, out_features=256, bias=True)
  (3): ELU(alpha=1.0)
  (4): Linear(in_features=256, out_features=128, bias=True)
  (5): ELU(alpha=1.0)
  (6): Linear(in_features=128, out_features=12, bias=True)
)
Critic MLP: Sequential(
  (0): Linear(in_features=100, out_features=512, bias=True)
  (1): ELU(alpha=1.0)
  (2): Linear(in_features=512, out_features=256, bias=True)
  (3): ELU(alpha=1.0)
  (4): Linear(in_features=256, out_features=128, bias=True)
  (5): ELU(alpha=1.0)
  (6): Linear(in_features=128, out_features=1, bias=True)
)
[38;5;159m[Genesis] [19:12:13] [INFO] Running at [38;5;121m1.24[0m[38;5;159m FPS ([38;5;121m1.24[0m[38;5;159m FPS per env, [38;5;121m1[0m[38;5;159m envs).[0m
[38;5;159m[Genesis] [19:12:13] [INFO] Running at [38;5;121m3.36[0m[38;5;159m FPS ([38;5;121m3.36[0m[38;5;159m FPS per env, [38;5;121m1[0m[38;5;159m envs).[0m
[38;5;159m[Genesis] [19:12:13] [INFO] Running at [38;5;121m83.42[0m[38;5;159m FPS ([38;5;121m83.42[0m[38;5;159m FPS per env, [38;5;121m1[0m[38;5;159m envs).[0m
[38;5;159m[Genesis] [19:12:13] [INFO] Running at [38;5;121m83.36[0m[38;5;159m FPS ([38;5;121m83.36[0m[38;5;159m FPS per env, [38;5;121m1[0m[38;5;159m envs).[0m
[38;5;159m[Genesis] [19:12:13] [INFO] Running at [38;5;121m83.38[0m[38;5;159m FPS ([38;5;121m83.38[0m[38;5;159m FPS per env, [38;5;121m1[0m[38;5;159m envs).[0m
[38;5;159m[Genesis] [19:12:13] [INFO] Running at [38;5;121m67.25[0m[38;5;159m FPS ([38;5;121m67.25[0m[38;5;159m FPS per env, [38;5;121m1[0m[38;5;159m envs).[0m
[38;5;159m[Genesis] [19:12:14] [INFO] Running at [38;5;121m67.53[0m[38;5;159m FPS ([38;5;121m67.53[0m[38;5;159m FPS per env, [38;5;121m1[0m[38;5;159m envs).[0m
[38;5;159m[Genesis] [19:12:14] [INFO] Running at [38;5;121m67.82[0m[38;5;159m FPS ([38;5;121m67.82[0m[38;5;159m FPS per env, [38;5;121m1[0m[38;5;159m envs).[0m
[38;5;159m[Genesis] [19:12:14] [INFO] Running at [38;5;121m68.07[0m[38;5;159m FPS ([38;5;121m68.07[0m[38;5;159m FPS per env, [38;5;121m1[0m[38;5;159m envs).[0m
[38;5;159m[Genesis] [19:12:14] [INFO] Running at [38;5;121m68.34[0m[38;5;159m FPS ([38;5;121m68.34[0m[38;5;159m FPS per env, [38;5;121m1[0m[38;5;159m envs).[0m
[38;5;159m[Genesis] [19:12:14] [INFO] Running at [38;5;121m68.58[0m[38;5;159m FPS ([38;5;121m68.58[0m[38;5;159m FPS per env, [38;5;121m1[0m[38;5;159m envs).[0m
[38;5;159m[Genesis] [19:12:14] [INFO] Running at [38;5;121m68.80[0m[38;5;159m FPS ([38;5;121m68.80[0m[38;5;159m FPS per env, [38;5;121m1[0m[38;5;159m envs).[0m
[38;5;159m[Genesis] [19:12:14] [INFO] Running at [38;5;121m69.04[0m[38;5;159m FPS ([38;5;121m69.04[0m[38;5;159m FPS per env, [38;5;121m1[0m[38;5;159m envs).[0m
[38;5;159m[Genesis] [19:12:14] [INFO] Running at [38;5;121m69.27[0m[38;5;159m FPS ([38;5;121m69.27[0m[38;5;159m FPS per env, [38;5;121m1[0m[38;5;159m envs).[0m
[38;5;159m[Genesis] [19:12:14] [INFO] Running at [38;5;121m69.48[0m[38;5;159m FPS ([38;5;121m69.48[0m[38;5;159m FPS per env, [38;5;121m1[0m[38;5;159m envs).[0m
[38;5;159m[Genesis] [19:12:14] [INFO] Running at [38;5;121m69.66[0m[38;5;159m FPS ([38;5;121m69.66[0m[38;5;159m FPS per env, [38;5;121m1[0m[38;5;159m envs).[0m
[38;5;159m[Genesis] [19:12:14] [INFO] Running at [38;5;121m69.85[0m[38;5;159m FPS ([38;5;121m69.85[0m[38;5;159m FPS per env, [38;5;121m1[0m[38;5;159m envs).[0m
[38;5;159m[Genesis] [19:12:14] [INFO] Running at [38;5;121m70.03[0m[38;5;159m FPS ([38;5;121m70.03[0m[38;5;159m FPS per env, [38;5;121m1[0m[38;5;159m envs).[0m
[38;5;159m[Genesis] [19:12:14] [INFO] Running at [38;5;121m70.20[0m[38;5;159m FPS ([38;5;121m70.20[0m[38;5;159m FPS per env, [38;5;121m1[0m[38;5;159m envs).[0m
[38;5;159m[Genesis] [19:12:14] [INFO] Running at [38;5;121m70.38[0m[38;5;159m FPS ([38;5;121m70.38[0m[38;5;159m FPS per env, [38;5;121m1[0m[38;5;159m envs).[0m
[38;5;159m[Genesis] [19:12:14] [INFO] Running at [38;5;121m70.50[0m[38;5;159m FPS ([38;5;121m70.50[0m[38;5;159m FPS per env, [38;5;121m1[0m[38;5;159m envs).[0m
[38;5;159m[Genesis] [19:12:14] [INFO] Running at [38;5;121m70.51[0m[38;5;159m FPS ([38;5;121m70.51[0m[38;5;159m FPS per env, [38;5;121m1[0m[38;5;159m envs).[0m
[38;5;159m[Genesis] [19:12:14] [INFO] Running at [38;5;121m70.64[0m[38;5;159m FPS ([38;5;121m70.64[0m[38;5;159m FPS per env, [38;5;121m1[0m[38;5;159m envs).[0m
[38;5;159m[Genesis] [19:12:14] [INFO] Running at [38;5;121m70.79[0m[38;5;159m FPS ([38;5;121m70.79[0m[38;5;159m FPS per env, [38;5;121m1[0m[38;5;159m envs).[0m
[38;5;159m[Genesis] [19:12:14] [INFO] Running at [38;5;121m70.93[0m[38;5;159m FPS ([38;5;121m70.93[0m[38;5;159m FPS per env, [38;5;121m1[0m[38;5;159m envs).[0m
[38;5;159m[Genesis] [19:12:15] [INFO] Running at [38;5;121m71.05[0m[38;5;159m FPS ([38;5;121m71.05[0m[38;5;159m FPS per env, [38;5;121m1[0m[38;5;159m envs).[0m
[38;5;159m[Genesis] [19:12:15] [INFO] Running at [38;5;121m71.18[0m[38;5;159m FPS ([38;5;121m71.18[0m[38;5;159m FPS per env, [38;5;121m1[0m[38;5;159m envs).[0m
[38;5;159m[Genesis] [19:12:15] [INFO] Running at [38;5;121m71.28[0m[38;5;159m FPS ([38;5;121m71.28[0m[38;5;159m FPS per env, [38;5;121m1[0m[38;5;159m envs).[0m
[38;5;159m[Genesis] [19:12:15] [INFO] Running at [38;5;121m71.39[0m[38;5;159m FPS ([38;5;121m71.39[0m[38;5;159m FPS per env, [38;5;121m1[0m[38;5;159m envs).[0m
[38;5;159m[Genesis] [19:12:15] [INFO] Running at [38;5;121m71.49[0m[38;5;159m FPS ([38;5;121m71.49[0m[38;5;159m FPS per env, [38;5;121m1[0m[38;5;159m envs).[0m
[38;5;159m[Genesis] [19:12:15] [INFO] Running at [38;5;121m71.58[0m[38;5;159m FPS ([38;5;121m71.58[0m[38;5;159m FPS per env, [38;5;121m1[0m[38;5;159m envs).[0m
[38;5;159m[Genesis] [19:12:15] [INFO] Running at [38;5;121m71.68[0m[38;5;159m FPS ([38;5;121m71.68[0m[38;5;159m FPS per env, [38;5;121m1[0m[38;5;159m envs).[0m
[38;5;159m[Genesis] [19:12:15] [INFO] Running at [38;5;121m71.79[0m[38;5;159m FPS ([38;5;121m71.79[0m[38;5;159m FPS per env, [38;5;121m1[0m[38;5;159m envs).[0m
[38;5;159m[Genesis] [19:12:15] [INFO] Running at [38;5;121m71.88[0m[38;5;159m FPS ([38;5;121m71.88[0m[38;5;159m FPS per env, [38;5;121m1[0m[38;5;159m envs).[0m
[38;5;159m[Genesis] [19:12:15] [INFO] Running at [38;5;121m71.98[0m[38;5;159m FPS ([38;5;121m71.98[0m[38;5;159m FPS per env, [38;5;121m1[0m[38;5;159m envs).[0m
[38;5;159m[Genesis] [19:12:15] [INFO] Running at [38;5;121m72.05[0m[38;5;159m FPS ([38;5;121m72.05[0m[38;5;159m FPS per env, [38;5;121m1[0m[38;5;159m envs).[0m
[38;5;159m[Genesis] [19:12:15] [INFO] Running at [38;5;121m72.13[0m[38;5;159m FPS ([38;5;121m72.13[0m[38;5;159m FPS per env, [38;5;121m1[0m[38;5;159m envs).[0m
[38;5;159m[Genesis] [19:12:15] [INFO] Running at [38;5;121m72.18[0m[38;5;159m FPS ([38;5;121m72.18[0m[38;5;159m FPS per env, [38;5;121m1[0m[38;5;159m envs).[0m
[38;5;159m[Genesis] [19:12:15] [INFO] Running at [38;5;121m72.25[0m[38;5;159m FPS ([38;5;121m72.25[0m[38;5;159m FPS per env, [38;5;121m1[0m[38;5;159m envs).[0m
[38;5;159m[Genesis] [19:12:15] [INFO] Running at [38;5;121m72.31[0m[38;5;159m FPS ([38;5;121m72.31[0m[38;5;159m FPS per env, [38;5;121m1[0m[38;5;159m envs).[0m
[38;5;159m[Genesis] [19:12:15] [INFO] Running at [38;5;121m72.39[0m[38;5;159m FPS ([38;5;121m72.39[0m[38;5;159m FPS per env, [38;5;121m1[0m[38;5;159m envs).[0m
[38;5;159m[Genesis] [19:12:15] [INFO] Running at [38;5;121m72.46[0m[38;5;159m FPS ([38;5;121m72.46[0m[38;5;159m FPS per env, [38;5;121m1[0m[38;5;159m envs).[0m
[38;5;159m[Genesis] [19:12:15] [INFO] Running at [38;5;121m72.54[0m[38;5;159m FPS ([38;5;121m72.54[0m[38;5;159m FPS per env, [38;5;121m1[0m[38;5;159m envs).[0m
[38;5;159m[Genesis] [19:12:16] [INFO] Running at [38;5;121m72.43[0m[38;5;159m FPS ([38;5;121m72.43[0m[38;5;159m FPS per env, [38;5;121m1[0m[38;5;159m envs).[0m
[38;5;159m[Genesis] [19:12:16] [INFO] Running at [38;5;121m72.50[0m[38;5;159m FPS ([38;5;121m72.50[0m[38;5;159m FPS per env, [38;5;121m1[0m[38;5;159m envs).[0m
[38;5;159m[Genesis] [19:12:16] [INFO] Running at [38;5;121m72.55[0m[38;5;159m FPS ([38;5;121m72.55[0m[38;5;159m FPS per env, [38;5;121m1[0m[38;5;159m envs).[0m
[38;5;159m[Genesis] [19:12:16] [INFO] Running at [38;5;121m72.59[0m[38;5;159m FPS ([38;5;121m72.59[0m[38;5;159m FPS per env, [38;5;121m1[0m[38;5;159m envs).[0m
[38;5;159m[Genesis] [19:12:16] [INFO] Running at [38;5;121m72.63[0m[38;5;159m FPS ([38;5;121m72.63[0m[38;5;159m FPS per env, [38;5;121m1[0m[38;5;159m envs).[0m
[38;5;159m[Genesis] [19:12:16] [INFO] Running at [38;5;121m72.64[0m[38;5;159m FPS ([38;5;121m72.64[0m[38;5;159m FPS per env, [38;5;121m1[0m[38;5;159m envs).[0m
[38;5;159m[Genesis] [19:12:16] [INFO] Running at [38;5;121m72.68[0m[38;5;159m FPS ([38;5;121m72.68[0m[38;5;159m FPS per env, [38;5;121m1[0m[38;5;159m envs).[0m
[38;5;159m[Genesis] [19:12:16] [INFO] Running at [38;5;121m72.73[0m[38;5;159m FPS ([38;5;121m72.73[0m[38;5;159m FPS per env, [38;5;121m1[0m[38;5;159m envs).[0m
[38;5;159m[Genesis] [19:12:16] [INFO] Running at [38;5;121m72.76[0m[38;5;159m FPS ([38;5;121m72.76[0m[38;5;159m FPS per env, [38;5;121m1[0m[38;5;159m envs).[0m
[38;5;159m[Genesis] [19:12:16] [INFO] Running at [38;5;121m72.82[0m[38;5;159m FPS ([38;5;121m72.82[0m[38;5;159m FPS per env, [38;5;121m1[0m[38;5;159m envs).[0m
[38;5;159m[Genesis] [19:12:16] [INFO] Running at [38;5;121m72.84[0m[38;5;159m FPS ([38;5;121m72.84[0m[38;5;159m FPS per env, [38;5;121m1[0m[38;5;159m envs).[0m
[38;5;159m[Genesis] [19:12:16] [INFO] Running at [38;5;121m72.88[0m[38;5;159m FPS ([38;5;121m72.88[0m[38;5;159m FPS per env, [38;5;121m1[0m[38;5;159m envs).[0m
[38;5;159m[Genesis] [19:12:16] [INFO] Running at [38;5;121m72.92[0m[38;5;159m FPS ([38;5;121m72.92[0m[38;5;159m FPS per env, [38;5;121m1[0m[38;5;159m envs).[0m
[38;5;159m[Genesis] [19:12:16] [INFO] Running at [38;5;121m72.97[0m[38;5;159m FPS ([38;5;121m72.97[0m[38;5;159m FPS per env, [38;5;121m1[0m[38;5;159m envs).[0m
[38;5;159m[Genesis] [19:12:16] [INFO] Running at [38;5;121m73.01[0m[38;5;159m FPS ([38;5;121m73.01[0m[38;5;159m FPS per env, [38;5;121m1[0m[38;5;159m envs).[0m
[38;5;159m[Genesis] [19:12:16] [INFO] Running at [38;5;121m73.05[0m[38;5;159m FPS ([38;5;121m73.05[0m[38;5;159m FPS per env, [38;5;121m1[0m[38;5;159m envs).[0m
[38;5;159m[Genesis] [19:12:16] [INFO] Running at [38;5;121m73.07[0m[38;5;159m FPS ([38;5;121m73.07[0m[38;5;159m FPS per env, [38;5;121m1[0m[38;5;159m envs).[0m
[38;5;159m[Genesis] [19:12:16] [INFO] Running at [38;5;121m73.11[0m[38;5;159m FPS ([38;5;121m73.11[0m[38;5;159m FPS per env, [38;5;121m1[0m[38;5;159m envs).[0m
[38;5;159m[Genesis] [19:12:17] [INFO] Running at [38;5;121m73.14[0m[38;5;159m FPS ([38;5;121m73.14[0m[38;5;159m FPS per env, [38;5;121m1[0m[38;5;159m envs).[0m
[38;5;159m[Genesis] [19:12:17] [INFO] Running at [38;5;121m73.17[0m[38;5;159m FPS ([38;5;121m73.17[0m[38;5;159m FPS per env, [38;5;121m1[0m[38;5;159m envs).[0m
[38;5;159m[Genesis] [19:12:17] [INFO] Running at [38;5;121m73.19[0m[38;5;159m FPS ([38;5;121m73.19[0m[38;5;159m FPS per env, [38;5;121m1[0m[38;5;159m envs).[0m
[38;5;159m[Genesis] [19:12:17] [INFO] Running at [38;5;121m73.06[0m[38;5;159m FPS ([38;5;121m73.06[0m[38;5;159m FPS per env, [38;5;121m1[0m[38;5;159m envs).[0m
[38;5;159m[Genesis] [19:12:17] [INFO] Running at [38;5;121m73.10[0m[38;5;159m FPS ([38;5;121m73.10[0m[38;5;159m FPS per env, [38;5;121m1[0m[38;5;159m envs).[0m
[38;5;159m[Genesis] [19:12:17] [INFO] Running at [38;5;121m73.13[0m[38;5;159m FPS ([38;5;121m73.13[0m[38;5;159m FPS per env, [38;5;121m1[0m[38;5;159m envs).[0m
[38;5;159m[Genesis] [19:12:17] [INFO] Running at [38;5;121m73.16[0m[38;5;159m FPS ([38;5;121m73.16[0m[38;5;159m FPS per env, [38;5;121m1[0m[38;5;159m envs).[0m
[38;5;159m[Genesis] [19:12:17] [INFO] Running at [38;5;121m73.16[0m[38;5;159m FPS ([38;5;121m73.16[0m[38;5;159m FPS per env, [38;5;121m1[0m[38;5;159m envs).[0m
[38;5;159m[Genesis] [19:12:17] [INFO] Running at [38;5;121m73.19[0m[38;5;159m FPS ([38;5;121m73.19[0m[38;5;159m FPS per env, [38;5;121m1[0m[38;5;159m envs).[0m
[38;5;159m[Genesis] [19:12:17] [INFO] Running at [38;5;121m73.22[0m[38;5;159m FPS ([38;5;121m73.22[0m[38;5;159m FPS per env, [38;5;121m1[0m[38;5;159m envs).[0m
[38;5;159m[Genesis] [19:12:17] [INFO] Running at [38;5;121m73.25[0m[38;5;159m FPS ([38;5;121m73.25[0m[38;5;159m FPS per env, [38;5;121m1[0m[38;5;159m envs).[0m
[38;5;159m[Genesis] [19:12:17] [INFO] Running at [38;5;121m73.27[0m[38;5;159m FPS ([38;5;121m73.27[0m[38;5;159m FPS per env, [38;5;121m1[0m[38;5;159m envs).[0m
[38;5;159m[Genesis] [19:12:17] [INFO] Running at [38;5;121m73.29[0m[38;5;159m FPS ([38;5;121m73.29[0m[38;5;159m FPS per env, [38;5;121m1[0m[38;5;159m envs).[0m
[38;5;159m[Genesis] [19:12:17] [INFO] Running at [38;5;121m73.31[0m[38;5;159m FPS ([38;5;121m73.31[0m[38;5;159m FPS per env, [38;5;121m1[0m[38;5;159m envs).[0m
[38;5;159m[Genesis] [19:12:17] [INFO] Running at [38;5;121m73.34[0m[38;5;159m FPS ([38;5;121m73.34[0m[38;5;159m FPS per env, [38;5;121m1[0m[38;5;159m envs).[0m
[38;5;159m[Genesis] [19:12:17] [INFO] Running at [38;5;121m73.34[0m[38;5;159m FPS ([38;5;121m73.34[0m[38;5;159m FPS per env, [38;5;121m1[0m[38;5;159m envs).[0m
[38;5;159m[Genesis] [19:12:17] [INFO] Running at [38;5;121m73.37[0m[38;5;159m FPS ([38;5;121m73.37[0m[38;5;159m FPS per env, [38;5;121m1[0m[38;5;159m envs).[0m
[38;5;159m[Genesis] [19:12:17] [INFO] Running at [38;5;121m73.39[0m[38;5;159m FPS ([38;5;121m73.39[0m[38;5;159m FPS per env, [38;5;121m1[0m[38;5;159m envs).[0m
[38;5;159m[Genesis] [19:12:17] [INFO] Running at [38;5;121m73.41[0m[38;5;159m FPS ([38;5;121m73.41[0m[38;5;159m FPS per env, [38;5;121m1[0m[38;5;159m envs).[0m
[38;5;159m[Genesis] [19:12:18] [INFO] Running at [38;5;121m73.42[0m[38;5;159m FPS ([38;5;121m73.42[0m[38;5;159m FPS per env, [38;5;121m1[0m[38;5;159m envs).[0m
[38;5;159m[Genesis] [19:12:18] [INFO] Running at [38;5;121m73.44[0m[38;5;159m FPS ([38;5;121m73.44[0m[38;5;159m FPS per env, [38;5;121m1[0m[38;5;159m envs).[0m
[38;5;159m[Genesis] [19:12:18] [INFO] Running at [38;5;121m73.46[0m[38;5;159m FPS ([38;5;121m73.46[0m[38;5;159m FPS per env, [38;5;121m1[0m[38;5;159m envs).[0m
[38;5;159m[Genesis] [19:12:18] [INFO] Running at [38;5;121m73.47[0m[38;5;159m FPS ([38;5;121m73.47[0m[38;5;159m FPS per env, [38;5;121m1[0m[38;5;159m envs).[0m
[38;5;159m[Genesis] [19:12:18] [INFO] Running at [38;5;121m73.49[0m[38;5;159m FPS ([38;5;121m73.49[0m[38;5;159m FPS per env, [38;5;121m1[0m[38;5;159m envs).[0m
[38;5;159m[Genesis] [19:12:18] [INFO] Running at [38;5;121m73.35[0m[38;5;159m FPS ([38;5;121m73.35[0m[38;5;159m FPS per env, [38;5;121m1[0m[38;5;159m envs).[0m
[38;5;159m[Genesis] [19:12:18] [INFO] Running at [38;5;121m73.35[0m[38;5;159m FPS ([38;5;121m73.35[0m[38;5;159m FPS per env, [38;5;121m1[0m[38;5;159m envs).[0m
[38;5;159m[Genesis] [19:12:18] [INFO] Running at [38;5;121m73.39[0m[38;5;159m FPS ([38;5;121m73.39[0m[38;5;159m FPS per env, [38;5;121m1[0m[38;5;159m envs).[0m
[38;5;159m[Genesis] [19:12:18] [INFO] Running at [38;5;121m73.25[0m[38;5;159m FPS ([38;5;121m73.25[0m[38;5;159m FPS per env, [38;5;121m1[0m[38;5;159m envs).[0m
[38;5;159m[Genesis] [19:12:18] [INFO] Running at [38;5;121m73.27[0m[38;5;159m FPS ([38;5;121m73.27[0m[38;5;159m FPS per env, [38;5;121m1[0m[38;5;159m envs).[0m
[38;5;159m[Genesis] [19:12:18] [INFO] Running at [38;5;121m73.29[0m[38;5;159m FPS ([38;5;121m73.29[0m[38;5;159m FPS per env, [38;5;121m1[0m[38;5;159m envs).[0m
[38;5;159m[Genesis] [19:12:18] [INFO] Running at [38;5;121m73.31[0m[38;5;159m FPS ([38;5;121m73.31[0m[38;5;159m FPS per env, [38;5;121m1[0m[38;5;159m envs).[0m
[38;5;159m[Genesis] [19:12:18] [INFO] Running at [38;5;121m73.33[0m[38;5;159m FPS ([38;5;121m73.33[0m[38;5;159m FPS per env, [38;5;121m1[0m[38;5;159m envs).[0m
[38;5;159m[Genesis] [19:12:18] [INFO] Running at [38;5;121m73.35[0m[38;5;159m FPS ([38;5;121m73.35[0m[38;5;159m FPS per env, [38;5;121m1[0m[38;5;159m envs).[0m
[38;5;159m[Genesis] [19:12:18] [INFO] Running at [38;5;121m73.37[0m[38;5;159m FPS ([38;5;121m73.37[0m[38;5;159m FPS per env, [38;5;121m1[0m[38;5;159m envs).[0m
[38;5;159m[Genesis] [19:12:18] [INFO] Running at [38;5;121m73.39[0m[38;5;159m FPS ([38;5;121m73.39[0m[38;5;159m FPS per env, [38;5;121m1[0m[38;5;159m envs).[0m
[38;5;159m[Genesis] [19:12:18] [INFO] Running at [38;5;121m73.41[0m[38;5;159m FPS ([38;5;121m73.41[0m[38;5;159m FPS per env, [38;5;121m1[0m[38;5;159m envs).[0m
[38;5;159m[Genesis] [19:12:18] [INFO] Running at [38;5;121m73.44[0m[38;5;159m FPS ([38;5;121m73.44[0m[38;5;159m FPS per env, [38;5;121m1[0m[38;5;159m envs).[0m
[38;5;159m[Genesis] [19:12:19] [INFO] Running at [38;5;121m73.45[0m[38;5;159m FPS ([38;5;121m73.45[0m[38;5;159m FPS per env, [38;5;121m1[0m[38;5;159m envs).[0m
[38;5;159m[Genesis] [19:12:19] [INFO] Running at [38;5;121m73.46[0m[38;5;159m FPS ([38;5;121m73.46[0m[38;5;159m FPS per env, [38;5;121m1[0m[38;5;159m envs).[0m
[38;5;159m[Genesis] [19:12:19] [INFO] Running at [38;5;121m73.45[0m[38;5;159m FPS ([38;5;121m73.45[0m[38;5;159m FPS per env, [38;5;121m1[0m[38;5;159m envs).[0m
[38;5;159m[Genesis] [19:12:19] [INFO] Running at [38;5;121m73.14[0m[38;5;159m FPS ([38;5;121m73.14[0m[38;5;159m FPS per env, [38;5;121m1[0m[38;5;159m envs).[0m
[38;5;159m[Genesis] [19:12:19] [INFO] Running at [38;5;121m73.15[0m[38;5;159m FPS ([38;5;121m73.15[0m[38;5;159m FPS per env, [38;5;121m1[0m[38;5;159m envs).[0m
[38;5;159m[Genesis] [19:12:19] [INFO] Running at [38;5;121m73.16[0m[38;5;159m FPS ([38;5;121m73.16[0m[38;5;159m FPS per env, [38;5;121m1[0m[38;5;159m envs).[0m
[38;5;159m[Genesis] [19:12:19] [INFO] Running at [38;5;121m73.17[0m[38;5;159m FPS ([38;5;121m73.17[0m[38;5;159m FPS per env, [38;5;121m1[0m[38;5;159m envs).[0m
[38;5;159m[Genesis] [19:12:19] [INFO] Running at [38;5;121m73.19[0m[38;5;159m FPS ([38;5;121m73.19[0m[38;5;159m FPS per env, [38;5;121m1[0m[38;5;159m envs).[0m
[38;5;159m[Genesis] [19:12:19] [INFO] Running at [38;5;121m73.21[0m[38;5;159m FPS ([38;5;121m73.21[0m[38;5;159m FPS per env, [38;5;121m1[0m[38;5;159m envs).[0m
[38;5;159m[Genesis] [19:12:19] [INFO] Running at [38;5;121m73.07[0m[38;5;159m FPS ([38;5;121m73.07[0m[38;5;159m FPS per env, [38;5;121m1[0m[38;5;159m envs).[0m
[38;5;159m[Genesis] [19:12:19] [INFO] Running at [38;5;121m73.11[0m[38;5;159m FPS ([38;5;121m73.11[0m[38;5;159m FPS per env, [38;5;121m1[0m[38;5;159m envs).[0m
[38;5;159m[Genesis] [19:12:19] [INFO] Running at [38;5;121m73.13[0m[38;5;159m FPS ([38;5;121m73.13[0m[38;5;159m FPS per env, [38;5;121m1[0m[38;5;159m envs).[0m
[38;5;159m[Genesis] [19:12:19] [INFO] Running at [38;5;121m73.15[0m[38;5;159m FPS ([38;5;121m73.15[0m[38;5;159m FPS per env, [38;5;121m1[0m[38;5;159m envs).[0m
[38;5;159m[Genesis] [19:12:19] [INFO] Running at [38;5;121m73.16[0m[38;5;159m FPS ([38;5;121m73.16[0m[38;5;159m FPS per env, [38;5;121m1[0m[38;5;159m envs).[0m
[38;5;159m[Genesis] [19:12:19] [INFO] Running at [38;5;121m73.19[0m[38;5;159m FPS ([38;5;121m73.19[0m[38;5;159m FPS per env, [38;5;121m1[0m[38;5;159m envs).[0m
[38;5;159m[Genesis] [19:12:19] [INFO] Running at [38;5;121m73.22[0m[38;5;159m FPS ([38;5;121m73.22[0m[38;5;159m FPS per env, [38;5;121m1[0m[38;5;159m envs).[0m
[38;5;159m[Genesis] [19:12:19] [INFO] Running at [38;5;121m73.25[0m[38;5;159m FPS ([38;5;121m73.25[0m[38;5;159m FPS per env, [38;5;121m1[0m[38;5;159m envs).[0m
[38;5;159m[Genesis] [19:12:19] [INFO] Running at [38;5;121m73.28[0m[38;5;159m FPS ([38;5;121m73.28[0m[38;5;159m FPS per env, [38;5;121m1[0m[38;5;159m envs).[0m
[38;5;159m[Genesis] [19:12:20] [INFO] Running at [38;5;121m73.30[0m[38;5;159m FPS ([38;5;121m73.30[0m[38;5;159m FPS per env, [38;5;121m1[0m[38;5;159m envs).[0m
[38;5;159m[Genesis] [19:12:20] [INFO] Running at [38;5;121m73.33[0m[38;5;159m FPS ([38;5;121m73.33[0m[38;5;159m FPS per env, [38;5;121m1[0m[38;5;159m envs).[0m
[38;5;159m[Genesis] [19:12:20] [INFO] Running at [38;5;121m73.35[0m[38;5;159m FPS ([38;5;121m73.35[0m[38;5;159m FPS per env, [38;5;121m1[0m[38;5;159m envs).[0m
[38;5;159m[Genesis] [19:12:20] [INFO] Running at [38;5;121m73.36[0m[38;5;159m FPS ([38;5;121m73.36[0m[38;5;159m FPS per env, [38;5;121m1[0m[38;5;159m envs).[0m
[38;5;159m[Genesis] [19:12:20] [INFO] Running at [38;5;121m73.37[0m[38;5;159m FPS ([38;5;121m73.37[0m[38;5;159m FPS per env, [38;5;121m1[0m[38;5;159m envs).[0m
[38;5;159m[Genesis] [19:12:20] [INFO] Running at [38;5;121m73.37[0m[38;5;159m FPS ([38;5;121m73.37[0m[38;5;159m FPS per env, [38;5;121m1[0m[38;5;159m envs).[0m
[38;5;159m[Genesis] [19:12:20] [INFO] Running at [38;5;121m73.38[0m[38;5;159m FPS ([38;5;121m73.38[0m[38;5;159m FPS per env, [38;5;121m1[0m[38;5;159m envs).[0m
[38;5;159m[Genesis] [19:12:20] [INFO] Running at [38;5;121m73.40[0m[38;5;159m FPS ([38;5;121m73.40[0m[38;5;159m FPS per env, [38;5;121m1[0m[38;5;159m envs).[0m
[38;5;159m[Genesis] [19:12:20] [INFO] Running at [38;5;121m73.41[0m[38;5;159m FPS ([38;5;121m73.41[0m[38;5;159m FPS per env, [38;5;121m1[0m[38;5;159m envs).[0m
[38;5;159m[Genesis] [19:12:20] [INFO] Running at [38;5;121m73.41[0m[38;5;159m FPS ([38;5;121m73.41[0m[38;5;159m FPS per env, [38;5;121m1[0m[38;5;159m envs).[0m
[38;5;159m[Genesis] [19:12:20] [INFO] Running at [38;5;121m73.43[0m[38;5;159m FPS ([38;5;121m73.43[0m[38;5;159m FPS per env, [38;5;121m1[0m[38;5;159m envs).[0m
[38;5;159m[Genesis] [19:12:20] [INFO] Running at [38;5;121m73.43[0m[38;5;159m FPS ([38;5;121m73.43[0m[38;5;159m FPS per env, [38;5;121m1[0m[38;5;159m envs).[0m
[38;5;159m[Genesis] [19:12:20] [INFO] Running at [38;5;121m73.28[0m[38;5;159m FPS ([38;5;121m73.28[0m[38;5;159m FPS per env, [38;5;121m1[0m[38;5;159m envs).[0m
[38;5;159m[Genesis] [19:12:20] [INFO] Running at [38;5;121m73.29[0m[38;5;159m FPS ([38;5;121m73.29[0m[38;5;159m FPS per env, [38;5;121m1[0m[38;5;159m envs).[0m
[38;5;159m[Genesis] [19:12:20] [INFO] Running at [38;5;121m73.32[0m[38;5;159m FPS ([38;5;121m73.32[0m[38;5;159m FPS per env, [38;5;121m1[0m[38;5;159m envs).[0m
[38;5;159m[Genesis] [19:12:20] [INFO] Running at [38;5;121m73.33[0m[38;5;159m FPS ([38;5;121m73.33[0m[38;5;159m FPS per env, [38;5;121m1[0m[38;5;159m envs).[0m
[38;5;159m[Genesis] [19:12:20] [INFO] Running at [38;5;121m73.36[0m[38;5;159m FPS ([38;5;121m73.36[0m[38;5;159m FPS per env, [38;5;121m1[0m[38;5;159m envs).[0m
[38;5;159m[Genesis] [19:12:20] [INFO] Running at [38;5;121m73.32[0m[38;5;159m FPS ([38;5;121m73.32[0m[38;5;159m FPS per env, [38;5;121m1[0m[38;5;159m envs).[0m
[38;5;159m[Genesis] [19:12:20] [INFO] Running at [38;5;121m73.34[0m[38;5;159m FPS ([38;5;121m73.34[0m[38;5;159m FPS per env, [38;5;121m1[0m[38;5;159m envs).[0m
[38;5;159m[Genesis] [19:12:21] [INFO] Running at [38;5;121m73.36[0m[38;5;159m FPS ([38;5;121m73.36[0m[38;5;159m FPS per env, [38;5;121m1[0m[38;5;159m envs).[0m
[38;5;159m[Genesis] [19:12:21] [INFO] Running at [38;5;121m73.38[0m[38;5;159m FPS ([38;5;121m73.38[0m[38;5;159m FPS per env, [38;5;121m1[0m[38;5;159m envs).[0m
[38;5;159m[Genesis] [19:12:21] [INFO] Running at [38;5;121m73.39[0m[38;5;159m FPS ([38;5;121m73.39[0m[38;5;159m FPS per env, [38;5;121m1[0m[38;5;159m envs).[0m
[38;5;159m[Genesis] [19:12:21] [INFO] Running at [38;5;121m73.40[0m[38;5;159m FPS ([38;5;121m73.40[0m[38;5;159m FPS per env, [38;5;121m1[0m[38;5;159m envs).[0m
[38;5;159m[Genesis] [19:12:21] [INFO] Running at [38;5;121m73.42[0m[38;5;159m FPS ([38;5;121m73.42[0m[38;5;159m FPS per env, [38;5;121m1[0m[38;5;159m envs).[0m
[38;5;159m[Genesis] [19:12:21] [INFO] Running at [38;5;121m73.43[0m[38;5;159m FPS ([38;5;121m73.43[0m[38;5;159m FPS per env, [38;5;121m1[0m[38;5;159m envs).[0m
[38;5;159m[Genesis] [19:12:21] [INFO] Running at [38;5;121m73.44[0m[38;5;159m FPS ([38;5;121m73.44[0m[38;5;159m FPS per env, [38;5;121m1[0m[38;5;159m envs).[0m
[38;5;159m[Genesis] [19:12:21] [INFO] Running at [38;5;121m73.46[0m[38;5;159m FPS ([38;5;121m73.46[0m[38;5;159m FPS per env, [38;5;121m1[0m[38;5;159m envs).[0m
[38;5;159m[Genesis] [19:12:21] [INFO] Running at [38;5;121m73.47[0m[38;5;159m FPS ([38;5;121m73.47[0m[38;5;159m FPS per env, [38;5;121m1[0m[38;5;159m envs).[0m
[38;5;159m[Genesis] [19:12:21] [INFO] Running at [38;5;121m73.48[0m[38;5;159m FPS ([38;5;121m73.48[0m[38;5;159m FPS per env, [38;5;121m1[0m[38;5;159m envs).[0m
[38;5;159m[Genesis] [19:12:21] [INFO] Running at [38;5;121m73.49[0m[38;5;159m FPS ([38;5;121m73.49[0m[38;5;159m FPS per env, [38;5;121m1[0m[38;5;159m envs).[0m
[38;5;159m[Genesis] [19:12:21] [INFO] Running at [38;5;121m73.49[0m[38;5;159m FPS ([38;5;121m73.49[0m[38;5;159m FPS per env, [38;5;121m1[0m[38;5;159m envs).[0m
[38;5;159m[Genesis] [19:12:21] [INFO] Running at [38;5;121m73.50[0m[38;5;159m FPS ([38;5;121m73.50[0m[38;5;159m FPS per env, [38;5;121m1[0m[38;5;159m envs).[0m
[38;5;159m[Genesis] [19:12:21] [INFO] Running at [38;5;121m73.51[0m[38;5;159m FPS ([38;5;121m73.51[0m[38;5;159m FPS per env, [38;5;121m1[0m[38;5;159m envs).[0m
[38;5;159m[Genesis] [19:12:21] [INFO] Running at [38;5;121m73.36[0m[38;5;159m FPS ([38;5;121m73.36[0m[38;5;159m FPS per env, [38;5;121m1[0m[38;5;159m envs).[0m
[38;5;159m[Genesis] [19:12:21] [INFO] Running at [38;5;121m73.37[0m[38;5;159m FPS ([38;5;121m73.37[0m[38;5;159m FPS per env, [38;5;121m1[0m[38;5;159m envs).[0m
[38;5;159m[Genesis] [19:12:21] [INFO] Running at [38;5;121m73.38[0m[38;5;159m FPS ([38;5;121m73.38[0m[38;5;159m FPS per env, [38;5;121m1[0m[38;5;159m envs).[0m
[38;5;159m[Genesis] [19:12:21] [INFO] Running at [38;5;121m73.37[0m[38;5;159m FPS ([38;5;121m73.37[0m[38;5;159m FPS per env, [38;5;121m1[0m[38;5;159m envs).[0m
[38;5;159m[Genesis] [19:12:22] [INFO] Running at [38;5;121m73.40[0m[38;5;159m FPS ([38;5;121m73.40[0m[38;5;159m FPS per env, [38;5;121m1[0m[38;5;159m envs).[0m
[38;5;159m[Genesis] [19:12:22] [INFO] Running at [38;5;121m73.39[0m[38;5;159m FPS ([38;5;121m73.39[0m[38;5;159m FPS per env, [38;5;121m1[0m[38;5;159m envs).[0m
[38;5;159m[Genesis] [19:12:22] [INFO] Running at [38;5;121m73.41[0m[38;5;159m FPS ([38;5;121m73.41[0m[38;5;159m FPS per env, [38;5;121m1[0m[38;5;159m envs).[0m
[38;5;159m[Genesis] [19:12:22] [INFO] Running at [38;5;121m73.41[0m[38;5;159m FPS ([38;5;121m73.41[0m[38;5;159m FPS per env, [38;5;121m1[0m[38;5;159m envs).[0m
[38;5;159m[Genesis] [19:12:22] [INFO] Running at [38;5;121m73.43[0m[38;5;159m FPS ([38;5;121m73.43[0m[38;5;159m FPS per env, [38;5;121m1[0m[38;5;159m envs).[0m
[38;5;159m[Genesis] [19:12:22] [INFO] Running at [38;5;121m73.44[0m[38;5;159m FPS ([38;5;121m73.44[0m[38;5;159m FPS per env, [38;5;121m1[0m[38;5;159m envs).[0m
[38;5;159m[Genesis] [19:12:22] [INFO] Running at [38;5;121m73.45[0m[38;5;159m FPS ([38;5;121m73.45[0m[38;5;159m FPS per env, [38;5;121m1[0m[38;5;159m envs).[0m
[38;5;159m[Genesis] [19:12:22] [INFO] Running at [38;5;121m73.46[0m[38;5;159m FPS ([38;5;121m73.46[0m[38;5;159m FPS per env, [38;5;121m1[0m[38;5;159m envs).[0m
[38;5;159m[Genesis] [19:12:22] [INFO] Running at [38;5;121m73.47[0m[38;5;159m FPS ([38;5;121m73.47[0m[38;5;159m FPS per env, [38;5;121m1[0m[38;5;159m envs).[0m
[38;5;159m[Genesis] [19:12:22] [INFO] Running at [38;5;121m73.49[0m[38;5;159m FPS ([38;5;121m73.49[0m[38;5;159m FPS per env, [38;5;121m1[0m[38;5;159m envs).[0m
[38;5;159m[Genesis] [19:12:22] [INFO] Running at [38;5;121m73.50[0m[38;5;159m FPS ([38;5;121m73.50[0m[38;5;159m FPS per env, [38;5;121m1[0m[38;5;159m envs).[0m
[38;5;159m[Genesis] [19:12:22] [INFO] Running at [38;5;121m73.50[0m[38;5;159m FPS ([38;5;121m73.50[0m[38;5;159m FPS per env, [38;5;121m1[0m[38;5;159m envs).[0m
[38;5;159m[Genesis] [19:12:22] [INFO] Running at [38;5;121m73.49[0m[38;5;159m FPS ([38;5;121m73.49[0m[38;5;159m FPS per env, [38;5;121m1[0m[38;5;159m envs).[0m
[38;5;159m[Genesis] [19:12:22] [INFO] Running at [38;5;121m73.50[0m[38;5;159m FPS ([38;5;121m73.50[0m[38;5;159m FPS per env, [38;5;121m1[0m[38;5;159m envs).[0m
[38;5;159m[Genesis] [19:12:22] [INFO] Running at [38;5;121m73.51[0m[38;5;159m FPS ([38;5;121m73.51[0m[38;5;159m FPS per env, [38;5;121m1[0m[38;5;159m envs).[0m
[38;5;159m[Genesis] [19:12:22] [INFO] Running at [38;5;121m73.52[0m[38;5;159m FPS ([38;5;121m73.52[0m[38;5;159m FPS per env, [38;5;121m1[0m[38;5;159m envs).[0m
[38;5;159m[Genesis] [19:12:22] [INFO] Running at [38;5;121m73.52[0m[38;5;159m FPS ([38;5;121m73.52[0m[38;5;159m FPS per env, [38;5;121m1[0m[38;5;159m envs).[0m
[38;5;159m[Genesis] [19:12:22] [INFO] Running at [38;5;121m73.53[0m[38;5;159m FPS ([38;5;121m73.53[0m[38;5;159m FPS per env, [38;5;121m1[0m[38;5;159m envs).[0m
[38;5;159m[Genesis] [19:12:23] [INFO] Running at [38;5;121m73.38[0m[38;5;159m FPS ([38;5;121m73.38[0m[38;5;159m FPS per env, [38;5;121m1[0m[38;5;159m envs).[0m
[38;5;159m[Genesis] [19:12:23] [INFO] Running at [38;5;121m73.40[0m[38;5;159m FPS ([38;5;121m73.40[0m[38;5;159m FPS per env, [38;5;121m1[0m[38;5;159m envs).[0m
[38;5;159m[Genesis] [19:12:23] [INFO] Running at [38;5;121m73.43[0m[38;5;159m FPS ([38;5;121m73.43[0m[38;5;159m FPS per env, [38;5;121m1[0m[38;5;159m envs).[0m
[38;5;159m[Genesis] [19:12:23] [INFO] Running at [38;5;121m73.44[0m[38;5;159m FPS ([38;5;121m73.44[0m[38;5;159m FPS per env, [38;5;121m1[0m[38;5;159m envs).[0m
[38;5;159m[Genesis] [19:12:23] [INFO] Running at [38;5;121m73.45[0m[38;5;159m FPS ([38;5;121m73.45[0m[38;5;159m FPS per env, [38;5;121m1[0m[38;5;159m envs).[0m
[38;5;159m[Genesis] [19:12:23] [INFO] Running at [38;5;121m73.46[0m[38;5;159m FPS ([38;5;121m73.46[0m[38;5;159m FPS per env, [38;5;121m1[0m[38;5;159m envs).[0m
[38;5;159m[Genesis] [19:12:23] [INFO] Running at [38;5;121m73.49[0m[38;5;159m FPS ([38;5;121m73.49[0m[38;5;159m FPS per env, [38;5;121m1[0m[38;5;159m envs).[0m
[38;5;159m[Genesis] [19:12:23] [INFO] Running at [38;5;121m73.24[0m[38;5;159m FPS ([38;5;121m73.24[0m[38;5;159m FPS per env, [38;5;121m1[0m[38;5;159m envs).[0m
[38;5;159m[Genesis] [19:12:23] [INFO] Running at [38;5;121m73.27[0m[38;5;159m FPS ([38;5;121m73.27[0m[38;5;159m FPS per env, [38;5;121m1[0m[38;5;159m envs).[0m
[38;5;159m[Genesis] [19:12:23] [INFO] Running at [38;5;121m73.09[0m[38;5;159m FPS ([38;5;121m73.09[0m[38;5;159m FPS per env, [38;5;121m1[0m[38;5;159m envs).[0m
[38;5;159m[Genesis] [19:12:23] [INFO] Running at [38;5;121m73.11[0m[38;5;159m FPS ([38;5;121m73.11[0m[38;5;159m FPS per env, [38;5;121m1[0m[38;5;159m envs).[0m
[38;5;159m[Genesis] [19:12:23] [INFO] Running at [38;5;121m73.11[0m[38;5;159m FPS ([38;5;121m73.11[0m[38;5;159m FPS per env, [38;5;121m1[0m[38;5;159m envs).[0m
[38;5;159m[Genesis] [19:12:23] [INFO] Running at [38;5;121m73.14[0m[38;5;159m FPS ([38;5;121m73.14[0m[38;5;159m FPS per env, [38;5;121m1[0m[38;5;159m envs).[0m
[38;5;159m[Genesis] [19:12:23] [INFO] Running at [38;5;121m73.17[0m[38;5;159m FPS ([38;5;121m73.17[0m[38;5;159m FPS per env, [38;5;121m1[0m[38;5;159m envs).[0m
[38;5;159m[Genesis] [19:12:23] [INFO] Running at [38;5;121m73.20[0m[38;5;159m FPS ([38;5;121m73.20[0m[38;5;159m FPS per env, [38;5;121m1[0m[38;5;159m envs).[0m
[38;5;159m[Genesis] [19:12:23] [INFO] Running at [38;5;121m73.22[0m[38;5;159m FPS ([38;5;121m73.22[0m[38;5;159m FPS per env, [38;5;121m1[0m[38;5;159m envs).[0m
[38;5;159m[Genesis] [19:12:23] [INFO] Running at [38;5;121m73.25[0m[38;5;159m FPS ([38;5;121m73.25[0m[38;5;159m FPS per env, [38;5;121m1[0m[38;5;159m envs).[0m
[38;5;159m[Genesis] [19:12:23] [INFO] Running at [38;5;121m73.27[0m[38;5;159m FPS ([38;5;121m73.27[0m[38;5;159m FPS per env, [38;5;121m1[0m[38;5;159m envs).[0m
[38;5;159m[Genesis] [19:12:23] [INFO] Running at [38;5;121m73.29[0m[38;5;159m FPS ([38;5;121m73.29[0m[38;5;159m FPS per env, [38;5;121m1[0m[38;5;159m envs).[0m
[38;5;159m[Genesis] [19:12:24] [INFO] Running at [38;5;121m73.31[0m[38;5;159m FPS ([38;5;121m73.31[0m[38;5;159m FPS per env, [38;5;121m1[0m[38;5;159m envs).[0m
[38;5;159m[Genesis] [19:12:24] [INFO] Running at [38;5;121m73.32[0m[38;5;159m FPS ([38;5;121m73.32[0m[38;5;159m FPS per env, [38;5;121m1[0m[38;5;159m envs).[0m
[38;5;159m[Genesis] [19:12:24] [INFO] Running at [38;5;121m73.19[0m[38;5;159m FPS ([38;5;121m73.19[0m[38;5;159m FPS per env, [38;5;121m1[0m[38;5;159m envs).[0m
[38;5;159m[Genesis] [19:12:24] [INFO] Running at [38;5;121m73.21[0m[38;5;159m FPS ([38;5;121m73.21[0m[38;5;159m FPS per env, [38;5;121m1[0m[38;5;159m envs).[0m
[38;5;159m[Genesis] [19:12:24] [INFO] Running at [38;5;121m73.23[0m[38;5;159m FPS ([38;5;121m73.23[0m[38;5;159m FPS per env, [38;5;121m1[0m[38;5;159m envs).[0m
[38;5;159m[Genesis] [19:12:24] [INFO] Running at [38;5;121m73.26[0m[38;5;159m FPS ([38;5;121m73.26[0m[38;5;159m FPS per env, [38;5;121m1[0m[38;5;159m envs).[0m
[38;5;159m[Genesis] [19:12:24] [INFO] Running at [38;5;121m73.29[0m[38;5;159m FPS ([38;5;121m73.29[0m[38;5;159m FPS per env, [38;5;121m1[0m[38;5;159m envs).[0m
[38;5;159m[Genesis] [19:12:24] [INFO] Running at [38;5;121m73.31[0m[38;5;159m FPS ([38;5;121m73.31[0m[38;5;159m FPS per env, [38;5;121m1[0m[38;5;159m envs).[0m
[38;5;159m[Genesis] [19:12:24] [INFO] Running at [38;5;121m73.34[0m[38;5;159m FPS ([38;5;121m73.34[0m[38;5;159m FPS per env, [38;5;121m1[0m[38;5;159m envs).[0m
[38;5;159m[Genesis] [19:12:24] [INFO] Running at [38;5;121m73.36[0m[38;5;159m FPS ([38;5;121m73.36[0m[38;5;159m FPS per env, [38;5;121m1[0m[38;5;159m envs).[0m
[38;5;159m[Genesis] [19:12:24] [INFO] Running at [38;5;121m73.39[0m[38;5;159m FPS ([38;5;121m73.39[0m[38;5;159m FPS per env, [38;5;121m1[0m[38;5;159m envs).[0m
[38;5;159m[Genesis] [19:12:24] [INFO] Running at [38;5;121m73.40[0m[38;5;159m FPS ([38;5;121m73.40[0m[38;5;159m FPS per env, [38;5;121m1[0m[38;5;159m envs).[0m
[38;5;159m[Genesis] [19:12:24] [INFO] Running at [38;5;121m73.43[0m[38;5;159m FPS ([38;5;121m73.43[0m[38;5;159m FPS per env, [38;5;121m1[0m[38;5;159m envs).[0m
[38;5;159m[Genesis] [19:12:24] [INFO] Running at [38;5;121m73.45[0m[38;5;159m FPS ([38;5;121m73.45[0m[38;5;159m FPS per env, [38;5;121m1[0m[38;5;159m envs).[0m
[38;5;159m[Genesis] [19:12:24] [INFO] Running at [38;5;121m73.47[0m[38;5;159m FPS ([38;5;121m73.47[0m[38;5;159m FPS per env, [38;5;121m1[0m[38;5;159m envs).[0m
[38;5;159m[Genesis] [19:12:24] [INFO] Running at [38;5;121m73.49[0m[38;5;159m FPS ([38;5;121m73.49[0m[38;5;159m FPS per env, [38;5;121m1[0m[38;5;159m envs).[0m
[38;5;159m[Genesis] [19:12:24] [INFO] Running at [38;5;121m73.51[0m[38;5;159m FPS ([38;5;121m73.51[0m[38;5;159m FPS per env, [38;5;121m1[0m[38;5;159m envs).[0m
[38;5;159m[Genesis] [19:12:24] [INFO] Running at [38;5;121m73.54[0m[38;5;159m FPS ([38;5;121m73.54[0m[38;5;159m FPS per env, [38;5;121m1[0m[38;5;159m envs).[0m
[38;5;159m[Genesis] [19:12:25] [INFO] Running at [38;5;121m73.47[0m[38;5;159m FPS ([38;5;121m73.47[0m[38;5;159m FPS per env, [38;5;121m1[0m[38;5;159m envs).[0m
[38;5;159m[Genesis] [19:12:25] [INFO] Running at [38;5;121m73.22[0m[38;5;159m FPS ([38;5;121m73.22[0m[38;5;159m FPS per env, [38;5;121m1[0m[38;5;159m envs).[0m
[38;5;159m[Genesis] [19:12:25] [INFO] Running at [38;5;121m73.25[0m[38;5;159m FPS ([38;5;121m73.25[0m[38;5;159m FPS per env, [38;5;121m1[0m[38;5;159m envs).[0m
[38;5;159m[Genesis] [19:12:25] [INFO] Running at [38;5;121m73.24[0m[38;5;159m FPS ([38;5;121m73.24[0m[38;5;159m FPS per env, [38;5;121m1[0m[38;5;159m envs).[0m
[38;5;159m[Genesis] [19:12:25] [INFO] Running at [38;5;121m73.28[0m[38;5;159m FPS ([38;5;121m73.28[0m[38;5;159m FPS per env, [38;5;121m1[0m[38;5;159m envs).[0m
[38;5;159m[Genesis] [19:12:25] [INFO] Running at [38;5;121m73.13[0m[38;5;159m FPS ([38;5;121m73.13[0m[38;5;159m FPS per env, [38;5;121m1[0m[38;5;159m envs).[0m
[38;5;159m[Genesis] [19:12:25] [INFO] Running at [38;5;121m73.15[0m[38;5;159m FPS ([38;5;121m73.15[0m[38;5;159m FPS per env, [38;5;121m1[0m[38;5;159m envs).[0m
[38;5;159m[Genesis] [19:12:25] [INFO] Running at [38;5;121m73.15[0m[38;5;159m FPS ([38;5;121m73.15[0m[38;5;159m FPS per env, [38;5;121m1[0m[38;5;159m envs).[0m
[38;5;159m[Genesis] [19:12:25] [INFO] Running at [38;5;121m73.18[0m[38;5;159m FPS ([38;5;121m73.18[0m[38;5;159m FPS per env, [38;5;121m1[0m[38;5;159m envs).[0m
[38;5;159m[Genesis] [19:12:25] [INFO] Running at [38;5;121m73.22[0m[38;5;159m FPS ([38;5;121m73.22[0m[38;5;159m FPS per env, [38;5;121m1[0m[38;5;159m envs).[0m
[38;5;159m[Genesis] [19:12:25] [INFO] Running at [38;5;121m73.25[0m[38;5;159m FPS ([38;5;121m73.25[0m[38;5;159m FPS per env, [38;5;121m1[0m[38;5;159m envs).[0m
[38;5;159m[Genesis] [19:12:25] [INFO] Running at [38;5;121m73.28[0m[38;5;159m FPS ([38;5;121m73.28[0m[38;5;159m FPS per env, [38;5;121m1[0m[38;5;159m envs).[0m
[38;5;159m[Genesis] [19:12:25] [INFO] Running at [38;5;121m73.30[0m[38;5;159m FPS ([38;5;121m73.30[0m[38;5;159m FPS per env, [38;5;121m1[0m[38;5;159m envs).[0m
[38;5;159m[Genesis] [19:12:25] [INFO] Running at [38;5;121m73.33[0m[38;5;159m FPS ([38;5;121m73.33[0m[38;5;159m FPS per env, [38;5;121m1[0m[38;5;159m envs).[0m
[38;5;159m[Genesis] [19:12:25] [INFO] Running at [38;5;121m73.37[0m[38;5;159m FPS ([38;5;121m73.37[0m[38;5;159m FPS per env, [38;5;121m1[0m[38;5;159m envs).[0m
[38;5;159m[Genesis] [19:12:25] [INFO] Running at [38;5;121m73.39[0m[38;5;159m FPS ([38;5;121m73.39[0m[38;5;159m FPS per env, [38;5;121m1[0m[38;5;159m envs).[0m
[38;5;159m[Genesis] [19:12:25] [INFO] Running at [38;5;121m73.42[0m[38;5;159m FPS ([38;5;121m73.42[0m[38;5;159m FPS per env, [38;5;121m1[0m[38;5;159m envs).[0m
[38;5;159m[Genesis] [19:12:25] [INFO] Running at [38;5;121m73.45[0m[38;5;159m FPS ([38;5;121m73.45[0m[38;5;159m FPS per env, [38;5;121m1[0m[38;5;159m envs).[0m
[38;5;159m[Genesis] [19:12:26] [INFO] Running at [38;5;121m73.48[0m[38;5;159m FPS ([38;5;121m73.48[0m[38;5;159m FPS per env, [38;5;121m1[0m[38;5;159m envs).[0m
[38;5;159m[Genesis] [19:12:26] [INFO] Running at [38;5;121m73.52[0m[38;5;159m FPS ([38;5;121m73.52[0m[38;5;159m FPS per env, [38;5;121m1[0m[38;5;159m envs).[0m
[38;5;159m[Genesis] [19:12:26] [INFO] Running at [38;5;121m73.54[0m[38;5;159m FPS ([38;5;121m73.54[0m[38;5;159m FPS per env, [38;5;121m1[0m[38;5;159m envs).[0m
[38;5;159m[Genesis] [19:12:26] [INFO] Running at [38;5;121m73.56[0m[38;5;159m FPS ([38;5;121m73.56[0m[38;5;159m FPS per env, [38;5;121m1[0m[38;5;159m envs).[0m
[38;5;159m[Genesis] [19:12:26] [INFO] Running at [38;5;121m73.57[0m[38;5;159m FPS ([38;5;121m73.57[0m[38;5;159m FPS per env, [38;5;121m1[0m[38;5;159m envs).[0m
[38;5;159m[Genesis] [19:12:26] [INFO] Running at [38;5;121m73.59[0m[38;5;159m FPS ([38;5;121m73.59[0m[38;5;159m FPS per env, [38;5;121m1[0m[38;5;159m envs).[0m
[38;5;159m[Genesis] [19:12:26] [INFO] Running at [38;5;121m73.63[0m[38;5;159m FPS ([38;5;121m73.63[0m[38;5;159m FPS per env, [38;5;121m1[0m[38;5;159m envs).[0m
[38;5;159m[Genesis] [19:12:26] [INFO] Running at [38;5;121m73.64[0m[38;5;159m FPS ([38;5;121m73.64[0m[38;5;159m FPS per env, [38;5;121m1[0m[38;5;159m envs).[0m
[38;5;159m[Genesis] [19:12:26] [INFO] Running at [38;5;121m73.66[0m[38;5;159m FPS ([38;5;121m73.66[0m[38;5;159m FPS per env, [38;5;121m1[0m[38;5;159m envs).[0m
[38;5;159m[Genesis] [19:12:26] [INFO] Running at [38;5;121m73.53[0m[38;5;159m FPS ([38;5;121m73.53[0m[38;5;159m FPS per env, [38;5;121m1[0m[38;5;159m envs).[0m
[38;5;159m[Genesis] [19:12:26] [INFO] Running at [38;5;121m73.55[0m[38;5;159m FPS ([38;5;121m73.55[0m[38;5;159m FPS per env, [38;5;121m1[0m[38;5;159m envs).[0m
[38;5;159m[Genesis] [19:12:26] [INFO] Running at [38;5;121m73.56[0m[38;5;159m FPS ([38;5;121m73.56[0m[38;5;159m FPS per env, [38;5;121m1[0m[38;5;159m envs).[0m
[38;5;159m[Genesis] [19:12:26] [INFO] Running at [38;5;121m73.56[0m[38;5;159m FPS ([38;5;121m73.56[0m[38;5;159m FPS per env, [38;5;121m1[0m[38;5;159m envs).[0m
[38;5;159m[Genesis] [19:12:26] [INFO] Running at [38;5;121m73.57[0m[38;5;159m FPS ([38;5;121m73.57[0m[38;5;159m FPS per env, [38;5;121m1[0m[38;5;159m envs).[0m
[38;5;159m[Genesis] [19:12:26] [INFO] Running at [38;5;121m73.59[0m[38;5;159m FPS ([38;5;121m73.59[0m[38;5;159m FPS per env, [38;5;121m1[0m[38;5;159m envs).[0m
[38;5;159m[Genesis] [19:12:26] [INFO] Running at [38;5;121m73.61[0m[38;5;159m FPS ([38;5;121m73.61[0m[38;5;159m FPS per env, [38;5;121m1[0m[38;5;159m envs).[0m
[38;5;159m[Genesis] [19:12:26] [INFO] Running at [38;5;121m73.65[0m[38;5;159m FPS ([38;5;121m73.65[0m[38;5;159m FPS per env, [38;5;121m1[0m[38;5;159m envs).[0m
[38;5;159m[Genesis] [19:12:26] [INFO] Running at [38;5;121m73.67[0m[38;5;159m FPS ([38;5;121m73.67[0m[38;5;159m FPS per env, [38;5;121m1[0m[38;5;159m envs).[0m
[38;5;159m[Genesis] [19:12:26] [INFO] Running at [38;5;121m73.69[0m[38;5;159m FPS ([38;5;121m73.69[0m[38;5;159m FPS per env, [38;5;121m1[0m[38;5;159m envs).[0m
[38;5;159m[Genesis] [19:12:27] [INFO] Running at [38;5;121m73.70[0m[38;5;159m FPS ([38;5;121m73.70[0m[38;5;159m FPS per env, [38;5;121m1[0m[38;5;159m envs).[0m
[38;5;159m[Genesis] [19:12:27] [INFO] Running at [38;5;121m73.72[0m[38;5;159m FPS ([38;5;121m73.72[0m[38;5;159m FPS per env, [38;5;121m1[0m[38;5;159m envs).[0m
[38;5;159m[Genesis] [19:12:27] [INFO] Running at [38;5;121m73.72[0m[38;5;159m FPS ([38;5;121m73.72[0m[38;5;159m FPS per env, [38;5;121m1[0m[38;5;159m envs).[0m
[38;5;159m[Genesis] [19:12:27] [INFO] Running at [38;5;121m73.73[0m[38;5;159m FPS ([38;5;121m73.73[0m[38;5;159m FPS per env, [38;5;121m1[0m[38;5;159m envs).[0m
[38;5;159m[Genesis] [19:12:27] [INFO] Running at [38;5;121m73.75[0m[38;5;159m FPS ([38;5;121m73.75[0m[38;5;159m FPS per env, [38;5;121m1[0m[38;5;159m envs).[0m
fps 50
[38;5;159m[Genesis] [19:12:27] [INFO] Saving video to [38;5;121m"test_3200_5.0_0.0_behind.mp4"[0m[38;5;159m...[0m
[38;5;159m[Genesis] [19:12:29] [INFO] Video saved.[0m
[38;5;159m[Genesis] [19:12:29] [INFO] Saving video to [38;5;121m"test_3200_5.0_0.0_side.mp4"[0m[38;5;159m...[0m
[38;5;159m[Genesis] [19:12:31] [INFO] Video saved.[0m
Saved recordings for checkpoint 3200.
Final yaw-rate error: 20.25 deg/s
[38;5;159m[Genesis] [19:12:31] [INFO] 💤 Exiting Genesis and caching compiled kernels...[0m
