[38;5;159m[Genesis] [19:12:02] [INFO] [38;5;121m╭───────────────────────────────────────────────╮[0m[38;5;159m[0m
[38;5;159m[Genesis] [19:12:02] [INFO] [38;5;121m│┈┉┈┉┈┉┈┉┈┉┈┉┈┉┈┉┈┉┈[0m[38;5;159m [38;5;121m[1m[3mGenesis[0m[38;5;159m [38;5;121m┈┉┈┉┈┉┈┉┈┉┈┉┈┉┈┉┈┉┈│[0m[38;5;159m[0m
[38;5;159m[Genesis] [19:12:02] [INFO] [38;5;121m╰───────────────────────────────────────────────╯[0m[38;5;159m[0m
[38;5;159m[Genesis] [19:12:02] [INFO] Running on [38;5;121m[4m[NVIDIA GeForce RTX 5090][0m[38;5;159m with backend [38;5;121m[4mgs.cuda[0m[38;5;159m. Device memory: [38;5;121m[4m31.36[0m[38;5;159m GB.[0m
[38;5;159m[Genesis] [19:12:02] [INFO] 🚀 Genesis initialized. 🔖 version: [38;5;121m[4m0.4.7[0m[38;5;159m, 🎨 theme: [38;5;121m[4mdark[0m[38;5;159m, 🌱 seed: [38;5;121m[4mNone[0m[38;5;159m, 🐛 debug: [38;5;121m[4mFalse[0m[38;5;159m, 📏 precision: [38;5;121m[4m32[0m[38;5;159m, 🔥 performance: [38;5;121m[4mFalse[0m[38;5;159m, 💬 verbose: [38;5;121m[4mINFO[0m[38;5;159m[0m
[38;5;226m[Genesis] [19:12:05] [WARNING] Viewer option 'n_rendered_envs' is deprecated and will be removed in a future release. Please use 'rendered_envs_idx' instead.[0m
[38;5;159m[Genesis] [19:12:05] [INFO] Scene [38;5;121m[3m<4be9d1f>[0m[38;5;159m created.[0m
[38;5;159m[Genesis] [19:12:05] [INFO] Adding [38;5;121m<gs.engine.entities.RigidEntity>[0m[38;5;159m. idx: [38;5;121m0[0m[38;5;159m, uid: [38;5;121m[3m<7793705>[0m[38;5;159m, morph: [38;5;121m<gs.morphs.Terrain>[0m[38;5;159m, material: [38;5;121m<gs.materials.Rigid>[0m[38;5;159m.[0m
[38;5;226m[Genesis] [19:12:06] [WARNING] Beware that SDF pre-processing of mesh  having more than 50000 vertices may take a very long time (>10min) and require large RAM allocation (>20Gb). Please either enable convexify or decimation. (see FileMorph options)[0m
[38;5;159m[Genesis] [19:12:06] [INFO] Adding [38;5;121m<gs.engine.entities.RigidEntity>[0m[38;5;159m. idx: [38;5;121m1[0m[38;5;159m, uid: [38;5;121m[3m<673a3a6>[0m[38;5;159m, morph: [38;5;121m<gs.morphs.URDF(file='/home/jfriesen/.local/lib/python3.12/site-packages/genesis/assets/urdf/go2/urdf/go2.urdf')>[0m[38;5;159m, material: [38;5;121m<gs.materials.Rigid>[0m[38;5;159m.[0m
[38;5;159m[Genesis] [19:12:09] [INFO] Building scene [38;5;121m[3m<4be9d1f>[0m[38;5;159m...[0m
[38;5;226m[Genesis] [19:12:10] [WARNING] Neutral robot position (qpos0) exceeds joint limits.[0m
[38;5;159m[Genesis] [19:12:11] [INFO] Compiling simulation kernels...[0m
[38;5;159m[Genesis] [19:12:12] [INFO] Building visualizer...[0m
[38;5;226m[Genesis] [19:12:13] [WARNING] This property is deprecated and will be removed in future release. Please use 'dofs_idx_local' instead.[0m
[38;5;226m[Genesis] [19:12:13] [WARNING] This property is deprecated and will be removed in future release. Please use 'dofs_idx_local' instead.[0m
[38;5;226m[Genesis] [19:12:13] [WARNING] This property is deprecated and will be removed in future release. Please use 'dofs_idx_local' instead.[0m
[38;5;226m[Genesis] [19:12:13] [WARNING] This property is deprecated and will be removed in future release. Please use 'dofs_idx_local' instead.[0m
[38;5;226m[Genesis] [19:12:13] [WARNING] This property is deprecated and will be removed in future release. Please use 'dofs_idx_local' instead.[0m
[38;5;226m[Genesis] [19:12:13] [WARNING] This property is deprecated and will be removed in future release. Please use 'dofs_idx_local' instead.[0m
[38;5;226m[Genesis] [19:12:13] [WARNING] This property is deprecated and will be removed in future release. Please use 'dofs_idx_local' instead.[0m
[38;5;226m[Genesis] [19:12:13] [WARNING] This property is deprecated and will be removed in future release. Please use 'dofs_idx_local' instead.[0m
[38;5;226m[Genesis] [19:12:13] [WARNING] This property is deprecated and will be removed in future release. Please use 'dofs_idx_local' instead.[0m
[38;5;226m[Genesis] [19:12:13] [WARNING] This property is deprecated and will be removed in future release. Please use 'dofs_idx_local' instead.[0m
[38;5;226m[Genesis] [19:12:13] [WARNING] This property is deprecated and will be removed in future release. Please use 'dofs_idx_local' instead.[0m
[38;5;226m[Genesis] [19:12:13] [WARNING] This property is deprecated and will be removed in future release. Please use 'dofs_idx_local' instead.[0m
/home/jfriesen/.local/lib/python3.12/site-packages/torch/utils/_device.py:122: UserWarning: To copy construct from a tensor, it is recommended to use sourceTensor.detach().clone() or sourceTensor.detach().clone().requires_grad_(True), rather than torch.tensor(sourceTensor).
  return func(*args, **kwargs)
Actor MLP: Sequential(
  (0): Linear(in_features=76, out_features=512, bias=True)
  (1): ELU(alpha=1.0)
  (2): Linear(in_features=512, out_features=256, bias=True)
  (3): ELU(alpha=1.0)
  (4): Linear(in_features=256, out_features=128, bias=True)
  (5): ELU(alpha=1.0)
  (6): Linear(in_features=128, out_features=12, bias=True)
)
Critic MLP: Sequential(
  (0): Linear(in_features=100, out_features=512, bias=True)
  (1): ELU(alpha=1.0)
  (2): Linear(in_features=512, out_features=256, bias=True)
  (3): ELU(alpha=1.0)
  (4): Linear(in_features=256, out_features=128, bias=True)
  (5): ELU(alpha=1.0)
  (6): Linear(in_features=128, out_features=1, bias=True)
)
[38;5;159m[Genesis] [19:12:15] [INFO] Running at [38;5;121m1.65[0m[38;5;159m FPS ([38;5;121m1.65[0m[38;5;159m FPS per env, [38;5;121m1[0m[38;5;159m envs).[0m
[38;5;159m[Genesis] [19:12:15] [INFO] Running at [38;5;121m6.19[0m[38;5;159m FPS ([38;5;121m6.19[0m[38;5;159m FPS per env, [38;5;121m1[0m[38;5;159m envs).[0m
[38;5;159m[Genesis] [19:12:15] [INFO] Running at [38;5;121m79.20[0m[38;5;159m FPS ([38;5;121m79.20[0m[38;5;159m FPS per env, [38;5;121m1[0m[38;5;159m envs).[0m
[38;5;159m[Genesis] [19:12:15] [INFO] Running at [38;5;121m97.98[0m[38;5;159m FPS ([38;5;121m97.98[0m[38;5;159m FPS per env, [38;5;121m1[0m[38;5;159m envs).[0m
[38;5;159m[Genesis] [19:12:15] [INFO] Running at [38;5;121m97.01[0m[38;5;159m FPS ([38;5;121m97.01[0m[38;5;159m FPS per env, [38;5;121m1[0m[38;5;159m envs).[0m
[38;5;159m[Genesis] [19:12:15] [INFO] Running at [38;5;121m96.15[0m[38;5;159m FPS ([38;5;121m96.15[0m[38;5;159m FPS per env, [38;5;121m1[0m[38;5;159m envs).[0m
[38;5;159m[Genesis] [19:12:15] [INFO] Running at [38;5;121m95.29[0m[38;5;159m FPS ([38;5;121m95.29[0m[38;5;159m FPS per env, [38;5;121m1[0m[38;5;159m envs).[0m
[38;5;159m[Genesis] [19:12:15] [INFO] Running at [38;5;121m94.52[0m[38;5;159m FPS ([38;5;121m94.52[0m[38;5;159m FPS per env, [38;5;121m1[0m[38;5;159m envs).[0m
[38;5;159m[Genesis] [19:12:15] [INFO] Running at [38;5;121m93.83[0m[38;5;159m FPS ([38;5;121m93.83[0m[38;5;159m FPS per env, [38;5;121m1[0m[38;5;159m envs).[0m
[38;5;159m[Genesis] [19:12:15] [INFO] Running at [38;5;121m93.20[0m[38;5;159m FPS ([38;5;121m93.20[0m[38;5;159m FPS per env, [38;5;121m1[0m[38;5;159m envs).[0m
[38;5;159m[Genesis] [19:12:16] [INFO] Running at [38;5;121m92.60[0m[38;5;159m FPS ([38;5;121m92.60[0m[38;5;159m FPS per env, [38;5;121m1[0m[38;5;159m envs).[0m
[38;5;159m[Genesis] [19:12:16] [INFO] Running at [38;5;121m92.01[0m[38;5;159m FPS ([38;5;121m92.01[0m[38;5;159m FPS per env, [38;5;121m1[0m[38;5;159m envs).[0m
[38;5;159m[Genesis] [19:12:16] [INFO] Running at [38;5;121m91.46[0m[38;5;159m FPS ([38;5;121m91.46[0m[38;5;159m FPS per env, [38;5;121m1[0m[38;5;159m envs).[0m
[38;5;159m[Genesis] [19:12:16] [INFO] Running at [38;5;121m90.93[0m[38;5;159m FPS ([38;5;121m90.93[0m[38;5;159m FPS per env, [38;5;121m1[0m[38;5;159m envs).[0m
[38;5;159m[Genesis] [19:12:16] [INFO] Running at [38;5;121m90.45[0m[38;5;159m FPS ([38;5;121m90.45[0m[38;5;159m FPS per env, [38;5;121m1[0m[38;5;159m envs).[0m
[38;5;159m[Genesis] [19:12:16] [INFO] Running at [38;5;121m72.67[0m[38;5;159m FPS ([38;5;121m72.67[0m[38;5;159m FPS per env, [38;5;121m1[0m[38;5;159m envs).[0m
[38;5;159m[Genesis] [19:12:16] [INFO] Running at [38;5;121m90.42[0m[38;5;159m FPS ([38;5;121m90.42[0m[38;5;159m FPS per env, [38;5;121m1[0m[38;5;159m envs).[0m
[38;5;159m[Genesis] [19:12:16] [INFO] Running at [38;5;121m90.05[0m[38;5;159m FPS ([38;5;121m90.05[0m[38;5;159m FPS per env, [38;5;121m1[0m[38;5;159m envs).[0m
[38;5;159m[Genesis] [19:12:16] [INFO] Running at [38;5;121m89.52[0m[38;5;159m FPS ([38;5;121m89.52[0m[38;5;159m FPS per env, [38;5;121m1[0m[38;5;159m envs).[0m
[38;5;159m[Genesis] [19:12:16] [INFO] Running at [38;5;121m89.18[0m[38;5;159m FPS ([38;5;121m89.18[0m[38;5;159m FPS per env, [38;5;121m1[0m[38;5;159m envs).[0m
[38;5;159m[Genesis] [19:12:16] [INFO] Running at [38;5;121m88.88[0m[38;5;159m FPS ([38;5;121m88.88[0m[38;5;159m FPS per env, [38;5;121m1[0m[38;5;159m envs).[0m
[38;5;159m[Genesis] [19:12:16] [INFO] Running at [38;5;121m88.61[0m[38;5;159m FPS ([38;5;121m88.61[0m[38;5;159m FPS per env, [38;5;121m1[0m[38;5;159m envs).[0m
[38;5;159m[Genesis] [19:12:16] [INFO] Running at [38;5;121m88.35[0m[38;5;159m FPS ([38;5;121m88.35[0m[38;5;159m FPS per env, [38;5;121m1[0m[38;5;159m envs).[0m
[38;5;159m[Genesis] [19:12:16] [INFO] Running at [38;5;121m88.07[0m[38;5;159m FPS ([38;5;121m88.07[0m[38;5;159m FPS per env, [38;5;121m1[0m[38;5;159m envs).[0m
[38;5;159m[Genesis] [19:12:16] [INFO] Running at [38;5;121m87.85[0m[38;5;159m FPS ([38;5;121m87.85[0m[38;5;159m FPS per env, [38;5;121m1[0m[38;5;159m envs).[0m
[38;5;159m[Genesis] [19:12:16] [INFO] Running at [38;5;121m87.61[0m[38;5;159m FPS ([38;5;121m87.61[0m[38;5;159m FPS per env, [38;5;121m1[0m[38;5;159m envs).[0m
[38;5;159m[Genesis] [19:12:16] [INFO] Running at [38;5;121m87.41[0m[38;5;159m FPS ([38;5;121m87.41[0m[38;5;159m FPS per env, [38;5;121m1[0m[38;5;159m envs).[0m
[38;5;159m[Genesis] [19:12:17] [INFO] Running at [38;5;121m87.24[0m[38;5;159m FPS ([38;5;121m87.24[0m[38;5;159m FPS per env, [38;5;121m1[0m[38;5;159m envs).[0m
[38;5;159m[Genesis] [19:12:17] [INFO] Running at [38;5;121m87.04[0m[38;5;159m FPS ([38;5;121m87.04[0m[38;5;159m FPS per env, [38;5;121m1[0m[38;5;159m envs).[0m
[38;5;159m[Genesis] [19:12:17] [INFO] Running at [38;5;121m86.87[0m[38;5;159m FPS ([38;5;121m86.87[0m[38;5;159m FPS per env, [38;5;121m1[0m[38;5;159m envs).[0m
[38;5;159m[Genesis] [19:12:17] [INFO] Running at [38;5;121m86.73[0m[38;5;159m FPS ([38;5;121m86.73[0m[38;5;159m FPS per env, [38;5;121m1[0m[38;5;159m envs).[0m
[38;5;159m[Genesis] [19:12:17] [INFO] Running at [38;5;121m86.56[0m[38;5;159m FPS ([38;5;121m86.56[0m[38;5;159m FPS per env, [38;5;121m1[0m[38;5;159m envs).[0m
[38;5;159m[Genesis] [19:12:17] [INFO] Running at [38;5;121m86.38[0m[38;5;159m FPS ([38;5;121m86.38[0m[38;5;159m FPS per env, [38;5;121m1[0m[38;5;159m envs).[0m
[38;5;159m[Genesis] [19:12:17] [INFO] Running at [38;5;121m86.26[0m[38;5;159m FPS ([38;5;121m86.26[0m[38;5;159m FPS per env, [38;5;121m1[0m[38;5;159m envs).[0m
[38;5;159m[Genesis] [19:12:17] [INFO] Running at [38;5;121m86.13[0m[38;5;159m FPS ([38;5;121m86.13[0m[38;5;159m FPS per env, [38;5;121m1[0m[38;5;159m envs).[0m
[38;5;159m[Genesis] [19:12:17] [INFO] Running at [38;5;121m85.85[0m[38;5;159m FPS ([38;5;121m85.85[0m[38;5;159m FPS per env, [38;5;121m1[0m[38;5;159m envs).[0m
[38;5;159m[Genesis] [19:12:17] [INFO] Running at [38;5;121m85.75[0m[38;5;159m FPS ([38;5;121m85.75[0m[38;5;159m FPS per env, [38;5;121m1[0m[38;5;159m envs).[0m
[38;5;159m[Genesis] [19:12:17] [INFO] Running at [38;5;121m85.63[0m[38;5;159m FPS ([38;5;121m85.63[0m[38;5;159m FPS per env, [38;5;121m1[0m[38;5;159m envs).[0m
[38;5;159m[Genesis] [19:12:17] [INFO] Running at [38;5;121m85.53[0m[38;5;159m FPS ([38;5;121m85.53[0m[38;5;159m FPS per env, [38;5;121m1[0m[38;5;159m envs).[0m
[38;5;159m[Genesis] [19:12:17] [INFO] Running at [38;5;121m85.42[0m[38;5;159m FPS ([38;5;121m85.42[0m[38;5;159m FPS per env, [38;5;121m1[0m[38;5;159m envs).[0m
[38;5;159m[Genesis] [19:12:17] [INFO] Running at [38;5;121m85.34[0m[38;5;159m FPS ([38;5;121m85.34[0m[38;5;159m FPS per env, [38;5;121m1[0m[38;5;159m envs).[0m
[38;5;159m[Genesis] [19:12:17] [INFO] Running at [38;5;121m85.24[0m[38;5;159m FPS ([38;5;121m85.24[0m[38;5;159m FPS per env, [38;5;121m1[0m[38;5;159m envs).[0m
[38;5;159m[Genesis] [19:12:17] [INFO] Running at [38;5;121m85.15[0m[38;5;159m FPS ([38;5;121m85.15[0m[38;5;159m FPS per env, [38;5;121m1[0m[38;5;159m envs).[0m
[38;5;159m[Genesis] [19:12:17] [INFO] Running at [38;5;121m85.09[0m[38;5;159m FPS ([38;5;121m85.09[0m[38;5;159m FPS per env, [38;5;121m1[0m[38;5;159m envs).[0m
[38;5;159m[Genesis] [19:12:18] [INFO] Running at [38;5;121m85.00[0m[38;5;159m FPS ([38;5;121m85.00[0m[38;5;159m FPS per env, [38;5;121m1[0m[38;5;159m envs).[0m
[38;5;159m[Genesis] [19:12:18] [INFO] Running at [38;5;121m84.94[0m[38;5;159m FPS ([38;5;121m84.94[0m[38;5;159m FPS per env, [38;5;121m1[0m[38;5;159m envs).[0m
[38;5;159m[Genesis] [19:12:18] [INFO] Running at [38;5;121m84.90[0m[38;5;159m FPS ([38;5;121m84.90[0m[38;5;159m FPS per env, [38;5;121m1[0m[38;5;159m envs).[0m
[38;5;159m[Genesis] [19:12:18] [INFO] Running at [38;5;121m84.84[0m[38;5;159m FPS ([38;5;121m84.84[0m[38;5;159m FPS per env, [38;5;121m1[0m[38;5;159m envs).[0m
[38;5;159m[Genesis] [19:12:18] [INFO] Running at [38;5;121m84.79[0m[38;5;159m FPS ([38;5;121m84.79[0m[38;5;159m FPS per env, [38;5;121m1[0m[38;5;159m envs).[0m
[38;5;159m[Genesis] [19:12:18] [INFO] Running at [38;5;121m84.70[0m[38;5;159m FPS ([38;5;121m84.70[0m[38;5;159m FPS per env, [38;5;121m1[0m[38;5;159m envs).[0m
[38;5;159m[Genesis] [19:12:18] [INFO] Running at [38;5;121m84.66[0m[38;5;159m FPS ([38;5;121m84.66[0m[38;5;159m FPS per env, [38;5;121m1[0m[38;5;159m envs).[0m
[38;5;159m[Genesis] [19:12:18] [INFO] Running at [38;5;121m84.61[0m[38;5;159m FPS ([38;5;121m84.61[0m[38;5;159m FPS per env, [38;5;121m1[0m[38;5;159m envs).[0m
[38;5;159m[Genesis] [19:12:18] [INFO] Running at [38;5;121m84.41[0m[38;5;159m FPS ([38;5;121m84.41[0m[38;5;159m FPS per env, [38;5;121m1[0m[38;5;159m envs).[0m
[38;5;159m[Genesis] [19:12:18] [INFO] Running at [38;5;121m84.37[0m[38;5;159m FPS ([38;5;121m84.37[0m[38;5;159m FPS per env, [38;5;121m1[0m[38;5;159m envs).[0m
[38;5;159m[Genesis] [19:12:18] [INFO] Running at [38;5;121m84.35[0m[38;5;159m FPS ([38;5;121m84.35[0m[38;5;159m FPS per env, [38;5;121m1[0m[38;5;159m envs).[0m
[38;5;159m[Genesis] [19:12:18] [INFO] Running at [38;5;121m84.32[0m[38;5;159m FPS ([38;5;121m84.32[0m[38;5;159m FPS per env, [38;5;121m1[0m[38;5;159m envs).[0m
[38;5;159m[Genesis] [19:12:18] [INFO] Running at [38;5;121m84.29[0m[38;5;159m FPS ([38;5;121m84.29[0m[38;5;159m FPS per env, [38;5;121m1[0m[38;5;159m envs).[0m
[38;5;159m[Genesis] [19:12:18] [INFO] Running at [38;5;121m84.27[0m[38;5;159m FPS ([38;5;121m84.27[0m[38;5;159m FPS per env, [38;5;121m1[0m[38;5;159m envs).[0m
[38;5;159m[Genesis] [19:12:18] [INFO] Running at [38;5;121m84.26[0m[38;5;159m FPS ([38;5;121m84.26[0m[38;5;159m FPS per env, [38;5;121m1[0m[38;5;159m envs).[0m
[38;5;159m[Genesis] [19:12:18] [INFO] Running at [38;5;121m84.23[0m[38;5;159m FPS ([38;5;121m84.23[0m[38;5;159m FPS per env, [38;5;121m1[0m[38;5;159m envs).[0m
[38;5;159m[Genesis] [19:12:18] [INFO] Running at [38;5;121m84.21[0m[38;5;159m FPS ([38;5;121m84.21[0m[38;5;159m FPS per env, [38;5;121m1[0m[38;5;159m envs).[0m
[38;5;159m[Genesis] [19:12:19] [INFO] Running at [38;5;121m84.18[0m[38;5;159m FPS ([38;5;121m84.18[0m[38;5;159m FPS per env, [38;5;121m1[0m[38;5;159m envs).[0m
[38;5;159m[Genesis] [19:12:19] [INFO] Running at [38;5;121m84.16[0m[38;5;159m FPS ([38;5;121m84.16[0m[38;5;159m FPS per env, [38;5;121m1[0m[38;5;159m envs).[0m
[38;5;159m[Genesis] [19:12:19] [INFO] Running at [38;5;121m84.14[0m[38;5;159m FPS ([38;5;121m84.14[0m[38;5;159m FPS per env, [38;5;121m1[0m[38;5;159m envs).[0m
[38;5;159m[Genesis] [19:12:19] [INFO] Running at [38;5;121m84.11[0m[38;5;159m FPS ([38;5;121m84.11[0m[38;5;159m FPS per env, [38;5;121m1[0m[38;5;159m envs).[0m
[38;5;159m[Genesis] [19:12:19] [INFO] Running at [38;5;121m84.10[0m[38;5;159m FPS ([38;5;121m84.10[0m[38;5;159m FPS per env, [38;5;121m1[0m[38;5;159m envs).[0m
[38;5;159m[Genesis] [19:12:19] [INFO] Running at [38;5;121m84.06[0m[38;5;159m FPS ([38;5;121m84.06[0m[38;5;159m FPS per env, [38;5;121m1[0m[38;5;159m envs).[0m
[38;5;159m[Genesis] [19:12:19] [INFO] Running at [38;5;121m84.04[0m[38;5;159m FPS ([38;5;121m84.04[0m[38;5;159m FPS per env, [38;5;121m1[0m[38;5;159m envs).[0m
[38;5;159m[Genesis] [19:12:19] [INFO] Running at [38;5;121m84.04[0m[38;5;159m FPS ([38;5;121m84.04[0m[38;5;159m FPS per env, [38;5;121m1[0m[38;5;159m envs).[0m
[38;5;159m[Genesis] [19:12:19] [INFO] Running at [38;5;121m84.04[0m[38;5;159m FPS ([38;5;121m84.04[0m[38;5;159m FPS per env, [38;5;121m1[0m[38;5;159m envs).[0m
[38;5;159m[Genesis] [19:12:19] [INFO] Running at [38;5;121m83.87[0m[38;5;159m FPS ([38;5;121m83.87[0m[38;5;159m FPS per env, [38;5;121m1[0m[38;5;159m envs).[0m
[38;5;159m[Genesis] [19:12:19] [INFO] Running at [38;5;121m83.88[0m[38;5;159m FPS ([38;5;121m83.88[0m[38;5;159m FPS per env, [38;5;121m1[0m[38;5;159m envs).[0m
[38;5;159m[Genesis] [19:12:19] [INFO] Running at [38;5;121m83.87[0m[38;5;159m FPS ([38;5;121m83.87[0m[38;5;159m FPS per env, [38;5;121m1[0m[38;5;159m envs).[0m
[38;5;159m[Genesis] [19:12:19] [INFO] Running at [38;5;121m83.88[0m[38;5;159m FPS ([38;5;121m83.88[0m[38;5;159m FPS per env, [38;5;121m1[0m[38;5;159m envs).[0m
[38;5;159m[Genesis] [19:12:19] [INFO] Running at [38;5;121m83.87[0m[38;5;159m FPS ([38;5;121m83.87[0m[38;5;159m FPS per env, [38;5;121m1[0m[38;5;159m envs).[0m
[38;5;159m[Genesis] [19:12:19] [INFO] Running at [38;5;121m83.89[0m[38;5;159m FPS ([38;5;121m83.89[0m[38;5;159m FPS per env, [38;5;121m1[0m[38;5;159m envs).[0m
[38;5;159m[Genesis] [19:12:19] [INFO] Running at [38;5;121m83.88[0m[38;5;159m FPS ([38;5;121m83.88[0m[38;5;159m FPS per env, [38;5;121m1[0m[38;5;159m envs).[0m
[38;5;159m[Genesis] [19:12:20] [INFO] Running at [38;5;121m83.88[0m[38;5;159m FPS ([38;5;121m83.88[0m[38;5;159m FPS per env, [38;5;121m1[0m[38;5;159m envs).[0m
[38;5;159m[Genesis] [19:12:20] [INFO] Running at [38;5;121m83.88[0m[38;5;159m FPS ([38;5;121m83.88[0m[38;5;159m FPS per env, [38;5;121m1[0m[38;5;159m envs).[0m
[38;5;159m[Genesis] [19:12:20] [INFO] Running at [38;5;121m83.88[0m[38;5;159m FPS ([38;5;121m83.88[0m[38;5;159m FPS per env, [38;5;121m1[0m[38;5;159m envs).[0m
[38;5;159m[Genesis] [19:12:20] [INFO] Running at [38;5;121m83.89[0m[38;5;159m FPS ([38;5;121m83.89[0m[38;5;159m FPS per env, [38;5;121m1[0m[38;5;159m envs).[0m
[38;5;159m[Genesis] [19:12:20] [INFO] Running at [38;5;121m83.86[0m[38;5;159m FPS ([38;5;121m83.86[0m[38;5;159m FPS per env, [38;5;121m1[0m[38;5;159m envs).[0m
[38;5;159m[Genesis] [19:12:20] [INFO] Running at [38;5;121m83.76[0m[38;5;159m FPS ([38;5;121m83.76[0m[38;5;159m FPS per env, [38;5;121m1[0m[38;5;159m envs).[0m
[38;5;159m[Genesis] [19:12:20] [INFO] Running at [38;5;121m83.68[0m[38;5;159m FPS ([38;5;121m83.68[0m[38;5;159m FPS per env, [38;5;121m1[0m[38;5;159m envs).[0m
[38;5;159m[Genesis] [19:12:20] [INFO] Running at [38;5;121m83.68[0m[38;5;159m FPS ([38;5;121m83.68[0m[38;5;159m FPS per env, [38;5;121m1[0m[38;5;159m envs).[0m
[38;5;159m[Genesis] [19:12:20] [INFO] Running at [38;5;121m83.69[0m[38;5;159m FPS ([38;5;121m83.69[0m[38;5;159m FPS per env, [38;5;121m1[0m[38;5;159m envs).[0m
[38;5;159m[Genesis] [19:12:20] [INFO] Running at [38;5;121m83.69[0m[38;5;159m FPS ([38;5;121m83.69[0m[38;5;159m FPS per env, [38;5;121m1[0m[38;5;159m envs).[0m
[38;5;159m[Genesis] [19:12:20] [INFO] Running at [38;5;121m67.50[0m[38;5;159m FPS ([38;5;121m67.50[0m[38;5;159m FPS per env, [38;5;121m1[0m[38;5;159m envs).[0m
[38;5;159m[Genesis] [19:12:20] [INFO] Running at [38;5;121m84.34[0m[38;5;159m FPS ([38;5;121m84.34[0m[38;5;159m FPS per env, [38;5;121m1[0m[38;5;159m envs).[0m
[38;5;159m[Genesis] [19:12:20] [INFO] Running at [38;5;121m84.29[0m[38;5;159m FPS ([38;5;121m84.29[0m[38;5;159m FPS per env, [38;5;121m1[0m[38;5;159m envs).[0m
[38;5;159m[Genesis] [19:12:20] [INFO] Running at [38;5;121m84.28[0m[38;5;159m FPS ([38;5;121m84.28[0m[38;5;159m FPS per env, [38;5;121m1[0m[38;5;159m envs).[0m
[38;5;159m[Genesis] [19:12:20] [INFO] Running at [38;5;121m84.23[0m[38;5;159m FPS ([38;5;121m84.23[0m[38;5;159m FPS per env, [38;5;121m1[0m[38;5;159m envs).[0m
[38;5;159m[Genesis] [19:12:20] [INFO] Running at [38;5;121m84.22[0m[38;5;159m FPS ([38;5;121m84.22[0m[38;5;159m FPS per env, [38;5;121m1[0m[38;5;159m envs).[0m
[38;5;159m[Genesis] [19:12:20] [INFO] Running at [38;5;121m84.19[0m[38;5;159m FPS ([38;5;121m84.19[0m[38;5;159m FPS per env, [38;5;121m1[0m[38;5;159m envs).[0m
[38;5;159m[Genesis] [19:12:21] [INFO] Running at [38;5;121m84.18[0m[38;5;159m FPS ([38;5;121m84.18[0m[38;5;159m FPS per env, [38;5;121m1[0m[38;5;159m envs).[0m
[38;5;159m[Genesis] [19:12:21] [INFO] Running at [38;5;121m84.16[0m[38;5;159m FPS ([38;5;121m84.16[0m[38;5;159m FPS per env, [38;5;121m1[0m[38;5;159m envs).[0m
[38;5;159m[Genesis] [19:12:21] [INFO] Running at [38;5;121m84.14[0m[38;5;159m FPS ([38;5;121m84.14[0m[38;5;159m FPS per env, [38;5;121m1[0m[38;5;159m envs).[0m
[38;5;159m[Genesis] [19:12:21] [INFO] Running at [38;5;121m84.13[0m[38;5;159m FPS ([38;5;121m84.13[0m[38;5;159m FPS per env, [38;5;121m1[0m[38;5;159m envs).[0m
[38;5;159m[Genesis] [19:12:21] [INFO] Running at [38;5;121m84.08[0m[38;5;159m FPS ([38;5;121m84.08[0m[38;5;159m FPS per env, [38;5;121m1[0m[38;5;159m envs).[0m
[38;5;159m[Genesis] [19:12:21] [INFO] Running at [38;5;121m84.06[0m[38;5;159m FPS ([38;5;121m84.06[0m[38;5;159m FPS per env, [38;5;121m1[0m[38;5;159m envs).[0m
[38;5;159m[Genesis] [19:12:21] [INFO] Running at [38;5;121m84.06[0m[38;5;159m FPS ([38;5;121m84.06[0m[38;5;159m FPS per env, [38;5;121m1[0m[38;5;159m envs).[0m
[38;5;159m[Genesis] [19:12:21] [INFO] Running at [38;5;121m84.04[0m[38;5;159m FPS ([38;5;121m84.04[0m[38;5;159m FPS per env, [38;5;121m1[0m[38;5;159m envs).[0m
[38;5;159m[Genesis] [19:12:21] [INFO] Running at [38;5;121m84.00[0m[38;5;159m FPS ([38;5;121m84.00[0m[38;5;159m FPS per env, [38;5;121m1[0m[38;5;159m envs).[0m
[38;5;159m[Genesis] [19:12:21] [INFO] Running at [38;5;121m83.97[0m[38;5;159m FPS ([38;5;121m83.97[0m[38;5;159m FPS per env, [38;5;121m1[0m[38;5;159m envs).[0m
[38;5;159m[Genesis] [19:12:21] [INFO] Running at [38;5;121m67.71[0m[38;5;159m FPS ([38;5;121m67.71[0m[38;5;159m FPS per env, [38;5;121m1[0m[38;5;159m envs).[0m
[38;5;159m[Genesis] [19:12:21] [INFO] Running at [38;5;121m84.58[0m[38;5;159m FPS ([38;5;121m84.58[0m[38;5;159m FPS per env, [38;5;121m1[0m[38;5;159m envs).[0m
[38;5;159m[Genesis] [19:12:21] [INFO] Running at [38;5;121m84.54[0m[38;5;159m FPS ([38;5;121m84.54[0m[38;5;159m FPS per env, [38;5;121m1[0m[38;5;159m envs).[0m
[38;5;159m[Genesis] [19:12:21] [INFO] Running at [38;5;121m84.51[0m[38;5;159m FPS ([38;5;121m84.51[0m[38;5;159m FPS per env, [38;5;121m1[0m[38;5;159m envs).[0m
[38;5;159m[Genesis] [19:12:21] [INFO] Running at [38;5;121m84.48[0m[38;5;159m FPS ([38;5;121m84.48[0m[38;5;159m FPS per env, [38;5;121m1[0m[38;5;159m envs).[0m
[38;5;159m[Genesis] [19:12:21] [INFO] Running at [38;5;121m84.19[0m[38;5;159m FPS ([38;5;121m84.19[0m[38;5;159m FPS per env, [38;5;121m1[0m[38;5;159m envs).[0m
[38;5;159m[Genesis] [19:12:21] [INFO] Running at [38;5;121m84.16[0m[38;5;159m FPS ([38;5;121m84.16[0m[38;5;159m FPS per env, [38;5;121m1[0m[38;5;159m envs).[0m
[38;5;159m[Genesis] [19:12:22] [INFO] Running at [38;5;121m84.09[0m[38;5;159m FPS ([38;5;121m84.09[0m[38;5;159m FPS per env, [38;5;121m1[0m[38;5;159m envs).[0m
[38;5;159m[Genesis] [19:12:22] [INFO] Running at [38;5;121m84.07[0m[38;5;159m FPS ([38;5;121m84.07[0m[38;5;159m FPS per env, [38;5;121m1[0m[38;5;159m envs).[0m
[38;5;159m[Genesis] [19:12:22] [INFO] Running at [38;5;121m84.05[0m[38;5;159m FPS ([38;5;121m84.05[0m[38;5;159m FPS per env, [38;5;121m1[0m[38;5;159m envs).[0m
[38;5;159m[Genesis] [19:12:22] [INFO] Running at [38;5;121m84.03[0m[38;5;159m FPS ([38;5;121m84.03[0m[38;5;159m FPS per env, [38;5;121m1[0m[38;5;159m envs).[0m
[38;5;159m[Genesis] [19:12:22] [INFO] Running at [38;5;121m84.02[0m[38;5;159m FPS ([38;5;121m84.02[0m[38;5;159m FPS per env, [38;5;121m1[0m[38;5;159m envs).[0m
[38;5;159m[Genesis] [19:12:22] [INFO] Running at [38;5;121m84.01[0m[38;5;159m FPS ([38;5;121m84.01[0m[38;5;159m FPS per env, [38;5;121m1[0m[38;5;159m envs).[0m
[38;5;159m[Genesis] [19:12:22] [INFO] Running at [38;5;121m84.01[0m[38;5;159m FPS ([38;5;121m84.01[0m[38;5;159m FPS per env, [38;5;121m1[0m[38;5;159m envs).[0m
[38;5;159m[Genesis] [19:12:22] [INFO] Running at [38;5;121m84.00[0m[38;5;159m FPS ([38;5;121m84.00[0m[38;5;159m FPS per env, [38;5;121m1[0m[38;5;159m envs).[0m
[38;5;159m[Genesis] [19:12:22] [INFO] Running at [38;5;121m84.00[0m[38;5;159m FPS ([38;5;121m84.00[0m[38;5;159m FPS per env, [38;5;121m1[0m[38;5;159m envs).[0m
[38;5;159m[Genesis] [19:12:22] [INFO] Running at [38;5;121m83.96[0m[38;5;159m FPS ([38;5;121m83.96[0m[38;5;159m FPS per env, [38;5;121m1[0m[38;5;159m envs).[0m
[38;5;159m[Genesis] [19:12:22] [INFO] Running at [38;5;121m67.71[0m[38;5;159m FPS ([38;5;121m67.71[0m[38;5;159m FPS per env, [38;5;121m1[0m[38;5;159m envs).[0m
[38;5;159m[Genesis] [19:12:22] [INFO] Running at [38;5;121m84.59[0m[38;5;159m FPS ([38;5;121m84.59[0m[38;5;159m FPS per env, [38;5;121m1[0m[38;5;159m envs).[0m
[38;5;159m[Genesis] [19:12:22] [INFO] Running at [38;5;121m84.55[0m[38;5;159m FPS ([38;5;121m84.55[0m[38;5;159m FPS per env, [38;5;121m1[0m[38;5;159m envs).[0m
[38;5;159m[Genesis] [19:12:22] [INFO] Running at [38;5;121m84.51[0m[38;5;159m FPS ([38;5;121m84.51[0m[38;5;159m FPS per env, [38;5;121m1[0m[38;5;159m envs).[0m
[38;5;159m[Genesis] [19:12:22] [INFO] Running at [38;5;121m84.48[0m[38;5;159m FPS ([38;5;121m84.48[0m[38;5;159m FPS per env, [38;5;121m1[0m[38;5;159m envs).[0m
[38;5;159m[Genesis] [19:12:22] [INFO] Running at [38;5;121m84.44[0m[38;5;159m FPS ([38;5;121m84.44[0m[38;5;159m FPS per env, [38;5;121m1[0m[38;5;159m envs).[0m
[38;5;159m[Genesis] [19:12:22] [INFO] Running at [38;5;121m84.41[0m[38;5;159m FPS ([38;5;121m84.41[0m[38;5;159m FPS per env, [38;5;121m1[0m[38;5;159m envs).[0m
[38;5;159m[Genesis] [19:12:23] [INFO] Running at [38;5;121m84.38[0m[38;5;159m FPS ([38;5;121m84.38[0m[38;5;159m FPS per env, [38;5;121m1[0m[38;5;159m envs).[0m
[38;5;159m[Genesis] [19:12:23] [INFO] Running at [38;5;121m84.36[0m[38;5;159m FPS ([38;5;121m84.36[0m[38;5;159m FPS per env, [38;5;121m1[0m[38;5;159m envs).[0m
[38;5;159m[Genesis] [19:12:23] [INFO] Running at [38;5;121m84.34[0m[38;5;159m FPS ([38;5;121m84.34[0m[38;5;159m FPS per env, [38;5;121m1[0m[38;5;159m envs).[0m
[38;5;159m[Genesis] [19:12:23] [INFO] Running at [38;5;121m84.31[0m[38;5;159m FPS ([38;5;121m84.31[0m[38;5;159m FPS per env, [38;5;121m1[0m[38;5;159m envs).[0m
[38;5;159m[Genesis] [19:12:23] [INFO] Running at [38;5;121m84.27[0m[38;5;159m FPS ([38;5;121m84.27[0m[38;5;159m FPS per env, [38;5;121m1[0m[38;5;159m envs).[0m
[38;5;159m[Genesis] [19:12:23] [INFO] Running at [38;5;121m84.26[0m[38;5;159m FPS ([38;5;121m84.26[0m[38;5;159m FPS per env, [38;5;121m1[0m[38;5;159m envs).[0m
[38;5;159m[Genesis] [19:12:23] [INFO] Running at [38;5;121m84.22[0m[38;5;159m FPS ([38;5;121m84.22[0m[38;5;159m FPS per env, [38;5;121m1[0m[38;5;159m envs).[0m
[38;5;159m[Genesis] [19:12:23] [INFO] Running at [38;5;121m84.19[0m[38;5;159m FPS ([38;5;121m84.19[0m[38;5;159m FPS per env, [38;5;121m1[0m[38;5;159m envs).[0m
[38;5;159m[Genesis] [19:12:23] [INFO] Running at [38;5;121m84.18[0m[38;5;159m FPS ([38;5;121m84.18[0m[38;5;159m FPS per env, [38;5;121m1[0m[38;5;159m envs).[0m
[38;5;159m[Genesis] [19:12:23] [INFO] Running at [38;5;121m84.16[0m[38;5;159m FPS ([38;5;121m84.16[0m[38;5;159m FPS per env, [38;5;121m1[0m[38;5;159m envs).[0m
[38;5;159m[Genesis] [19:12:23] [INFO] Running at [38;5;121m83.97[0m[38;5;159m FPS ([38;5;121m83.97[0m[38;5;159m FPS per env, [38;5;121m1[0m[38;5;159m envs).[0m
[38;5;159m[Genesis] [19:12:23] [INFO] Running at [38;5;121m83.96[0m[38;5;159m FPS ([38;5;121m83.96[0m[38;5;159m FPS per env, [38;5;121m1[0m[38;5;159m envs).[0m
[38;5;159m[Genesis] [19:12:23] [INFO] Running at [38;5;121m83.96[0m[38;5;159m FPS ([38;5;121m83.96[0m[38;5;159m FPS per env, [38;5;121m1[0m[38;5;159m envs).[0m
[38;5;159m[Genesis] [19:12:23] [INFO] Running at [38;5;121m83.95[0m[38;5;159m FPS ([38;5;121m83.95[0m[38;5;159m FPS per env, [38;5;121m1[0m[38;5;159m envs).[0m
[38;5;159m[Genesis] [19:12:23] [INFO] Running at [38;5;121m83.95[0m[38;5;159m FPS ([38;5;121m83.95[0m[38;5;159m FPS per env, [38;5;121m1[0m[38;5;159m envs).[0m
[38;5;159m[Genesis] [19:12:23] [INFO] Running at [38;5;121m83.95[0m[38;5;159m FPS ([38;5;121m83.95[0m[38;5;159m FPS per env, [38;5;121m1[0m[38;5;159m envs).[0m
[38;5;159m[Genesis] [19:12:23] [INFO] Running at [38;5;121m83.96[0m[38;5;159m FPS ([38;5;121m83.96[0m[38;5;159m FPS per env, [38;5;121m1[0m[38;5;159m envs).[0m
[38;5;159m[Genesis] [19:12:24] [INFO] Running at [38;5;121m83.95[0m[38;5;159m FPS ([38;5;121m83.95[0m[38;5;159m FPS per env, [38;5;121m1[0m[38;5;159m envs).[0m
[38;5;159m[Genesis] [19:12:24] [INFO] Running at [38;5;121m83.94[0m[38;5;159m FPS ([38;5;121m83.94[0m[38;5;159m FPS per env, [38;5;121m1[0m[38;5;159m envs).[0m
[38;5;159m[Genesis] [19:12:24] [INFO] Running at [38;5;121m83.95[0m[38;5;159m FPS ([38;5;121m83.95[0m[38;5;159m FPS per env, [38;5;121m1[0m[38;5;159m envs).[0m
[38;5;159m[Genesis] [19:12:24] [INFO] Running at [38;5;121m83.94[0m[38;5;159m FPS ([38;5;121m83.94[0m[38;5;159m FPS per env, [38;5;121m1[0m[38;5;159m envs).[0m
[38;5;159m[Genesis] [19:12:24] [INFO] Running at [38;5;121m83.93[0m[38;5;159m FPS ([38;5;121m83.93[0m[38;5;159m FPS per env, [38;5;121m1[0m[38;5;159m envs).[0m
[38;5;159m[Genesis] [19:12:24] [INFO] Running at [38;5;121m83.92[0m[38;5;159m FPS ([38;5;121m83.92[0m[38;5;159m FPS per env, [38;5;121m1[0m[38;5;159m envs).[0m
[38;5;159m[Genesis] [19:12:24] [INFO] Running at [38;5;121m83.92[0m[38;5;159m FPS ([38;5;121m83.92[0m[38;5;159m FPS per env, [38;5;121m1[0m[38;5;159m envs).[0m
[38;5;159m[Genesis] [19:12:24] [INFO] Running at [38;5;121m83.91[0m[38;5;159m FPS ([38;5;121m83.91[0m[38;5;159m FPS per env, [38;5;121m1[0m[38;5;159m envs).[0m
[38;5;159m[Genesis] [19:12:24] [INFO] Running at [38;5;121m83.91[0m[38;5;159m FPS ([38;5;121m83.91[0m[38;5;159m FPS per env, [38;5;121m1[0m[38;5;159m envs).[0m
[38;5;159m[Genesis] [19:12:24] [INFO] Running at [38;5;121m83.91[0m[38;5;159m FPS ([38;5;121m83.91[0m[38;5;159m FPS per env, [38;5;121m1[0m[38;5;159m envs).[0m
[38;5;159m[Genesis] [19:12:24] [INFO] Running at [38;5;121m83.75[0m[38;5;159m FPS ([38;5;121m83.75[0m[38;5;159m FPS per env, [38;5;121m1[0m[38;5;159m envs).[0m
[38;5;159m[Genesis] [19:12:24] [INFO] Running at [38;5;121m83.76[0m[38;5;159m FPS ([38;5;121m83.76[0m[38;5;159m FPS per env, [38;5;121m1[0m[38;5;159m envs).[0m
[38;5;159m[Genesis] [19:12:24] [INFO] Running at [38;5;121m83.76[0m[38;5;159m FPS ([38;5;121m83.76[0m[38;5;159m FPS per env, [38;5;121m1[0m[38;5;159m envs).[0m
[38;5;159m[Genesis] [19:12:24] [INFO] Running at [38;5;121m83.77[0m[38;5;159m FPS ([38;5;121m83.77[0m[38;5;159m FPS per env, [38;5;121m1[0m[38;5;159m envs).[0m
[38;5;159m[Genesis] [19:12:24] [INFO] Running at [38;5;121m83.77[0m[38;5;159m FPS ([38;5;121m83.77[0m[38;5;159m FPS per env, [38;5;121m1[0m[38;5;159m envs).[0m
[38;5;159m[Genesis] [19:12:24] [INFO] Running at [38;5;121m83.77[0m[38;5;159m FPS ([38;5;121m83.77[0m[38;5;159m FPS per env, [38;5;121m1[0m[38;5;159m envs).[0m
[38;5;159m[Genesis] [19:12:25] [INFO] Running at [38;5;121m83.80[0m[38;5;159m FPS ([38;5;121m83.80[0m[38;5;159m FPS per env, [38;5;121m1[0m[38;5;159m envs).[0m
[38;5;159m[Genesis] [19:12:25] [INFO] Running at [38;5;121m83.80[0m[38;5;159m FPS ([38;5;121m83.80[0m[38;5;159m FPS per env, [38;5;121m1[0m[38;5;159m envs).[0m
[38;5;159m[Genesis] [19:12:25] [INFO] Running at [38;5;121m83.81[0m[38;5;159m FPS ([38;5;121m83.81[0m[38;5;159m FPS per env, [38;5;121m1[0m[38;5;159m envs).[0m
[38;5;159m[Genesis] [19:12:25] [INFO] Running at [38;5;121m83.83[0m[38;5;159m FPS ([38;5;121m83.83[0m[38;5;159m FPS per env, [38;5;121m1[0m[38;5;159m envs).[0m
[38;5;159m[Genesis] [19:12:25] [INFO] Running at [38;5;121m83.84[0m[38;5;159m FPS ([38;5;121m83.84[0m[38;5;159m FPS per env, [38;5;121m1[0m[38;5;159m envs).[0m
[38;5;159m[Genesis] [19:12:25] [INFO] Running at [38;5;121m83.85[0m[38;5;159m FPS ([38;5;121m83.85[0m[38;5;159m FPS per env, [38;5;121m1[0m[38;5;159m envs).[0m
[38;5;159m[Genesis] [19:12:25] [INFO] Running at [38;5;121m83.70[0m[38;5;159m FPS ([38;5;121m83.70[0m[38;5;159m FPS per env, [38;5;121m1[0m[38;5;159m envs).[0m
[38;5;159m[Genesis] [19:12:25] [INFO] Running at [38;5;121m83.71[0m[38;5;159m FPS ([38;5;121m83.71[0m[38;5;159m FPS per env, [38;5;121m1[0m[38;5;159m envs).[0m
[38;5;159m[Genesis] [19:12:25] [INFO] Running at [38;5;121m83.73[0m[38;5;159m FPS ([38;5;121m83.73[0m[38;5;159m FPS per env, [38;5;121m1[0m[38;5;159m envs).[0m
[38;5;159m[Genesis] [19:12:25] [INFO] Running at [38;5;121m83.72[0m[38;5;159m FPS ([38;5;121m83.72[0m[38;5;159m FPS per env, [38;5;121m1[0m[38;5;159m envs).[0m
[38;5;159m[Genesis] [19:12:25] [INFO] Running at [38;5;121m83.73[0m[38;5;159m FPS ([38;5;121m83.73[0m[38;5;159m FPS per env, [38;5;121m1[0m[38;5;159m envs).[0m
[38;5;159m[Genesis] [19:12:25] [INFO] Running at [38;5;121m83.75[0m[38;5;159m FPS ([38;5;121m83.75[0m[38;5;159m FPS per env, [38;5;121m1[0m[38;5;159m envs).[0m
[38;5;159m[Genesis] [19:12:25] [INFO] Running at [38;5;121m67.53[0m[38;5;159m FPS ([38;5;121m67.53[0m[38;5;159m FPS per env, [38;5;121m1[0m[38;5;159m envs).[0m
[38;5;159m[Genesis] [19:12:25] [INFO] Running at [38;5;121m84.39[0m[38;5;159m FPS ([38;5;121m84.39[0m[38;5;159m FPS per env, [38;5;121m1[0m[38;5;159m envs).[0m
[38;5;159m[Genesis] [19:12:25] [INFO] Running at [38;5;121m84.36[0m[38;5;159m FPS ([38;5;121m84.36[0m[38;5;159m FPS per env, [38;5;121m1[0m[38;5;159m envs).[0m
[38;5;159m[Genesis] [19:12:25] [INFO] Running at [38;5;121m84.33[0m[38;5;159m FPS ([38;5;121m84.33[0m[38;5;159m FPS per env, [38;5;121m1[0m[38;5;159m envs).[0m
[38;5;159m[Genesis] [19:12:25] [INFO] Running at [38;5;121m84.30[0m[38;5;159m FPS ([38;5;121m84.30[0m[38;5;159m FPS per env, [38;5;121m1[0m[38;5;159m envs).[0m
[38;5;159m[Genesis] [19:12:26] [INFO] Running at [38;5;121m84.29[0m[38;5;159m FPS ([38;5;121m84.29[0m[38;5;159m FPS per env, [38;5;121m1[0m[38;5;159m envs).[0m
[38;5;159m[Genesis] [19:12:26] [INFO] Running at [38;5;121m84.29[0m[38;5;159m FPS ([38;5;121m84.29[0m[38;5;159m FPS per env, [38;5;121m1[0m[38;5;159m envs).[0m
[38;5;159m[Genesis] [19:12:26] [INFO] Running at [38;5;121m84.24[0m[38;5;159m FPS ([38;5;121m84.24[0m[38;5;159m FPS per env, [38;5;121m1[0m[38;5;159m envs).[0m
[38;5;159m[Genesis] [19:12:26] [INFO] Running at [38;5;121m84.25[0m[38;5;159m FPS ([38;5;121m84.25[0m[38;5;159m FPS per env, [38;5;121m1[0m[38;5;159m envs).[0m
[38;5;159m[Genesis] [19:12:26] [INFO] Running at [38;5;121m84.24[0m[38;5;159m FPS ([38;5;121m84.24[0m[38;5;159m FPS per env, [38;5;121m1[0m[38;5;159m envs).[0m
[38;5;159m[Genesis] [19:12:26] [INFO] Running at [38;5;121m84.23[0m[38;5;159m FPS ([38;5;121m84.23[0m[38;5;159m FPS per env, [38;5;121m1[0m[38;5;159m envs).[0m
[38;5;159m[Genesis] [19:12:26] [INFO] Running at [38;5;121m84.23[0m[38;5;159m FPS ([38;5;121m84.23[0m[38;5;159m FPS per env, [38;5;121m1[0m[38;5;159m envs).[0m
[38;5;159m[Genesis] [19:12:26] [INFO] Running at [38;5;121m84.23[0m[38;5;159m FPS ([38;5;121m84.23[0m[38;5;159m FPS per env, [38;5;121m1[0m[38;5;159m envs).[0m
[38;5;159m[Genesis] [19:12:26] [INFO] Running at [38;5;121m84.24[0m[38;5;159m FPS ([38;5;121m84.24[0m[38;5;159m FPS per env, [38;5;121m1[0m[38;5;159m envs).[0m
[38;5;159m[Genesis] [19:12:26] [INFO] Running at [38;5;121m84.22[0m[38;5;159m FPS ([38;5;121m84.22[0m[38;5;159m FPS per env, [38;5;121m1[0m[38;5;159m envs).[0m
[38;5;159m[Genesis] [19:12:26] [INFO] Running at [38;5;121m84.22[0m[38;5;159m FPS ([38;5;121m84.22[0m[38;5;159m FPS per env, [38;5;121m1[0m[38;5;159m envs).[0m
[38;5;159m[Genesis] [19:12:26] [INFO] Running at [38;5;121m84.24[0m[38;5;159m FPS ([38;5;121m84.24[0m[38;5;159m FPS per env, [38;5;121m1[0m[38;5;159m envs).[0m
[38;5;159m[Genesis] [19:12:26] [INFO] Running at [38;5;121m84.07[0m[38;5;159m FPS ([38;5;121m84.07[0m[38;5;159m FPS per env, [38;5;121m1[0m[38;5;159m envs).[0m
[38;5;159m[Genesis] [19:12:26] [INFO] Running at [38;5;121m84.07[0m[38;5;159m FPS ([38;5;121m84.07[0m[38;5;159m FPS per env, [38;5;121m1[0m[38;5;159m envs).[0m
[38;5;159m[Genesis] [19:12:26] [INFO] Running at [38;5;121m84.09[0m[38;5;159m FPS ([38;5;121m84.09[0m[38;5;159m FPS per env, [38;5;121m1[0m[38;5;159m envs).[0m
[38;5;159m[Genesis] [19:12:26] [INFO] Running at [38;5;121m84.10[0m[38;5;159m FPS ([38;5;121m84.10[0m[38;5;159m FPS per env, [38;5;121m1[0m[38;5;159m envs).[0m
[38;5;159m[Genesis] [19:12:26] [INFO] Running at [38;5;121m84.07[0m[38;5;159m FPS ([38;5;121m84.07[0m[38;5;159m FPS per env, [38;5;121m1[0m[38;5;159m envs).[0m
[38;5;159m[Genesis] [19:12:27] [INFO] Running at [38;5;121m84.05[0m[38;5;159m FPS ([38;5;121m84.05[0m[38;5;159m FPS per env, [38;5;121m1[0m[38;5;159m envs).[0m
[38;5;159m[Genesis] [19:12:27] [INFO] Running at [38;5;121m84.07[0m[38;5;159m FPS ([38;5;121m84.07[0m[38;5;159m FPS per env, [38;5;121m1[0m[38;5;159m envs).[0m
[38;5;159m[Genesis] [19:12:27] [INFO] Running at [38;5;121m67.70[0m[38;5;159m FPS ([38;5;121m67.70[0m[38;5;159m FPS per env, [38;5;121m1[0m[38;5;159m envs).[0m
[38;5;159m[Genesis] [19:12:27] [INFO] Running at [38;5;121m84.61[0m[38;5;159m FPS ([38;5;121m84.61[0m[38;5;159m FPS per env, [38;5;121m1[0m[38;5;159m envs).[0m
[38;5;159m[Genesis] [19:12:27] [INFO] Running at [38;5;121m84.58[0m[38;5;159m FPS ([38;5;121m84.58[0m[38;5;159m FPS per env, [38;5;121m1[0m[38;5;159m envs).[0m
[38;5;159m[Genesis] [19:12:27] [INFO] Running at [38;5;121m84.57[0m[38;5;159m FPS ([38;5;121m84.57[0m[38;5;159m FPS per env, [38;5;121m1[0m[38;5;159m envs).[0m
[38;5;159m[Genesis] [19:12:27] [INFO] Running at [38;5;121m84.53[0m[38;5;159m FPS ([38;5;121m84.53[0m[38;5;159m FPS per env, [38;5;121m1[0m[38;5;159m envs).[0m
[38;5;159m[Genesis] [19:12:27] [INFO] Running at [38;5;121m68.15[0m[38;5;159m FPS ([38;5;121m68.15[0m[38;5;159m FPS per env, [38;5;121m1[0m[38;5;159m envs).[0m
fps 50
[38;5;159m[Genesis] [19:12:27] [INFO] Saving video to [38;5;121m"test_3200_4.5_0.0_behind.mp4"[0m[38;5;159m...[0m
[38;5;159m[Genesis] [19:12:29] [INFO] Video saved.[0m
[38;5;159m[Genesis] [19:12:29] [INFO] Saving video to [38;5;121m"test_3200_4.5_0.0_side.mp4"[0m[38;5;159m...[0m
[38;5;159m[Genesis] [19:12:31] [INFO] Video saved.[0m
Saved recordings for checkpoint 3200.
Final yaw-rate error: 22.09 deg/s
[38;5;159m[Genesis] [19:12:31] [INFO] 💤 Exiting Genesis and caching compiled kernels...[0m
