[38;5;159m[Genesis] [19:12:38] [INFO] [38;5;121m╭───────────────────────────────────────────────╮[0m[38;5;159m[0m
[38;5;159m[Genesis] [19:12:38] [INFO] [38;5;121m│┈┉┈┉┈┉┈┉┈┉┈┉┈┉┈┉┈┉┈[0m[38;5;159m [38;5;121m[1m[3mGenesis[0m[38;5;159m [38;5;121m┈┉┈┉┈┉┈┉┈┉┈┉┈┉┈┉┈┉┈│[0m[38;5;159m[0m
[38;5;159m[Genesis] [19:12:38] [INFO] [38;5;121m╰───────────────────────────────────────────────╯[0m[38;5;159m[0m
[38;5;159m[Genesis] [19:12:39] [INFO] Running on [38;5;121m[4m[NVIDIA GeForce RTX 5090][0m[38;5;159m with backend [38;5;121m[4mgs.cuda[0m[38;5;159m. Device memory: [38;5;121m[4m31.36[0m[38;5;159m GB.[0m
[38;5;159m[Genesis] [19:12:39] [INFO] 🚀 Genesis initialized. 🔖 version: [38;5;121m[4m0.4.7[0m[38;5;159m, 🎨 theme: [38;5;121m[4mdark[0m[38;5;159m, 🌱 seed: [38;5;121m[4mNone[0m[38;5;159m, 🐛 debug: [38;5;121m[4mFalse[0m[38;5;159m, 📏 precision: [38;5;121m[4m32[0m[38;5;159m, 🔥 performance: [38;5;121m[4mFalse[0m[38;5;159m, 💬 verbose: [38;5;121m[4mINFO[0m[38;5;159m[0m
[38;5;226m[Genesis] [19:12:41] [WARNING] Viewer option 'n_rendered_envs' is deprecated and will be removed in a future release. Please use 'rendered_envs_idx' instead.[0m
[38;5;159m[Genesis] [19:12:42] [INFO] Scene [38;5;121m[3m<685b9bc>[0m[38;5;159m created.[0m
[38;5;159m[Genesis] [19:12:42] [INFO] Adding [38;5;121m<gs.engine.entities.RigidEntity>[0m[38;5;159m. idx: [38;5;121m0[0m[38;5;159m, uid: [38;5;121m[3m<4d1860f>[0m[38;5;159m, morph: [38;5;121m<gs.morphs.Terrain>[0m[38;5;159m, material: [38;5;121m<gs.materials.Rigid>[0m[38;5;159m.[0m
[38;5;226m[Genesis] [19:12:42] [WARNING] Beware that SDF pre-processing of mesh  having more than 50000 vertices may take a very long time (>10min) and require large RAM allocation (>20Gb). Please either enable convexify or decimation. (see FileMorph options)[0m
[38;5;159m[Genesis] [19:12:42] [INFO] Adding [38;5;121m<gs.engine.entities.RigidEntity>[0m[38;5;159m. idx: [38;5;121m1[0m[38;5;159m, uid: [38;5;121m[3m<ca28eee>[0m[38;5;159m, morph: [38;5;121m<gs.morphs.URDF(file='/home/jfriesen/.local/lib/python3.12/site-packages/genesis/assets/urdf/go2/urdf/go2.urdf')>[0m[38;5;159m, material: [38;5;121m<gs.materials.Rigid>[0m[38;5;159m.[0m
[38;5;159m[Genesis] [19:12:45] [INFO] Building scene [38;5;121m[3m<685b9bc>[0m[38;5;159m...[0m
[38;5;226m[Genesis] [19:12:45] [WARNING] Neutral robot position (qpos0) exceeds joint limits.[0m
[38;5;159m[Genesis] [19:12:48] [INFO] Compiling simulation kernels...[0m
[38;5;159m[Genesis] [19:12:49] [INFO] Building visualizer...[0m
[38;5;226m[Genesis] [19:12:50] [WARNING] This property is deprecated and will be removed in future release. Please use 'dofs_idx_local' instead.[0m
[38;5;226m[Genesis] [19:12:50] [WARNING] This property is deprecated and will be removed in future release. Please use 'dofs_idx_local' instead.[0m
[38;5;226m[Genesis] [19:12:50] [WARNING] This property is deprecated and will be removed in future release. Please use 'dofs_idx_local' instead.[0m
[38;5;226m[Genesis] [19:12:50] [WARNING] This property is deprecated and will be removed in future release. Please use 'dofs_idx_local' instead.[0m
[38;5;226m[Genesis] [19:12:50] [WARNING] This property is deprecated and will be removed in future release. Please use 'dofs_idx_local' instead.[0m
[38;5;226m[Genesis] [19:12:50] [WARNING] This property is deprecated and will be removed in future release. Please use 'dofs_idx_local' instead.[0m
[38;5;226m[Genesis] [19:12:50] [WARNING] This property is deprecated and will be removed in future release. Please use 'dofs_idx_local' instead.[0m
[38;5;226m[Genesis] [19:12:50] [WARNING] This property is deprecated and will be removed in future release. Please use 'dofs_idx_local' instead.[0m
[38;5;226m[Genesis] [19:12:50] [WARNING] This property is deprecated and will be removed in future release. Please use 'dofs_idx_local' instead.[0m
[38;5;226m[Genesis] [19:12:50] [WARNING] This property is deprecated and will be removed in future release. Please use 'dofs_idx_local' instead.[0m
[38;5;226m[Genesis] [19:12:50] [WARNING] This property is deprecated and will be removed in future release. Please use 'dofs_idx_local' instead.[0m
[38;5;226m[Genesis] [19:12:50] [WARNING] This property is deprecated and will be removed in future release. Please use 'dofs_idx_local' instead.[0m
/home/jfriesen/.local/lib/python3.12/site-packages/torch/utils/_device.py:122: UserWarning: To copy construct from a tensor, it is recommended to use sourceTensor.detach().clone() or sourceTensor.detach().clone().requires_grad_(True), rather than torch.tensor(sourceTensor).
  return func(*args, **kwargs)
Actor MLP: Sequential(
  (0): Linear(in_features=76, out_features=512, bias=True)
  (1): ELU(alpha=1.0)
  (2): Linear(in_features=512, out_features=256, bias=True)
  (3): ELU(alpha=1.0)
  (4): Linear(in_features=256, out_features=128, bias=True)
  (5): ELU(alpha=1.0)
  (6): Linear(in_features=128, out_features=12, bias=True)
)
Critic MLP: Sequential(
  (0): Linear(in_features=100, out_features=512, bias=True)
  (1): ELU(alpha=1.0)
  (2): Linear(in_features=512, out_features=256, bias=True)
  (3): ELU(alpha=1.0)
  (4): Linear(in_features=256, out_features=128, bias=True)
  (5): ELU(alpha=1.0)
  (6): Linear(in_features=128, out_features=1, bias=True)
)
[38;5;159m[Genesis] [19:12:52] [INFO] Running at [38;5;121m1.63[0m[38;5;159m FPS ([38;5;121m1.63[0m[38;5;159m FPS per env, [38;5;121m1[0m[38;5;159m envs).[0m
[38;5;159m[Genesis] [19:12:52] [INFO] Running at [38;5;121m6.19[0m[38;5;159m FPS ([38;5;121m6.19[0m[38;5;159m FPS per env, [38;5;121m1[0m[38;5;159m envs).[0m
[38;5;159m[Genesis] [19:12:52] [INFO] Running at [38;5;121m78.69[0m[38;5;159m FPS ([38;5;121m78.69[0m[38;5;159m FPS per env, [38;5;121m1[0m[38;5;159m envs).[0m
[38;5;159m[Genesis] [19:12:52] [INFO] Running at [38;5;121m97.44[0m[38;5;159m FPS ([38;5;121m97.44[0m[38;5;159m FPS per env, [38;5;121m1[0m[38;5;159m envs).[0m
[38;5;159m[Genesis] [19:12:52] [INFO] Running at [38;5;121m96.59[0m[38;5;159m FPS ([38;5;121m96.59[0m[38;5;159m FPS per env, [38;5;121m1[0m[38;5;159m envs).[0m
[38;5;159m[Genesis] [19:12:52] [INFO] Running at [38;5;121m95.78[0m[38;5;159m FPS ([38;5;121m95.78[0m[38;5;159m FPS per env, [38;5;121m1[0m[38;5;159m envs).[0m
[38;5;159m[Genesis] [19:12:52] [INFO] Running at [38;5;121m95.08[0m[38;5;159m FPS ([38;5;121m95.08[0m[38;5;159m FPS per env, [38;5;121m1[0m[38;5;159m envs).[0m
[38;5;159m[Genesis] [19:12:52] [INFO] Running at [38;5;121m94.40[0m[38;5;159m FPS ([38;5;121m94.40[0m[38;5;159m FPS per env, [38;5;121m1[0m[38;5;159m envs).[0m
[38;5;159m[Genesis] [19:12:52] [INFO] Running at [38;5;121m93.77[0m[38;5;159m FPS ([38;5;121m93.77[0m[38;5;159m FPS per env, [38;5;121m1[0m[38;5;159m envs).[0m
[38;5;159m[Genesis] [19:12:52] [INFO] Running at [38;5;121m93.18[0m[38;5;159m FPS ([38;5;121m93.18[0m[38;5;159m FPS per env, [38;5;121m1[0m[38;5;159m envs).[0m
[38;5;159m[Genesis] [19:12:52] [INFO] Running at [38;5;121m92.65[0m[38;5;159m FPS ([38;5;121m92.65[0m[38;5;159m FPS per env, [38;5;121m1[0m[38;5;159m envs).[0m
[38;5;159m[Genesis] [19:12:52] [INFO] Running at [38;5;121m92.18[0m[38;5;159m FPS ([38;5;121m92.18[0m[38;5;159m FPS per env, [38;5;121m1[0m[38;5;159m envs).[0m
[38;5;159m[Genesis] [19:12:52] [INFO] Running at [38;5;121m91.71[0m[38;5;159m FPS ([38;5;121m91.71[0m[38;5;159m FPS per env, [38;5;121m1[0m[38;5;159m envs).[0m
[38;5;159m[Genesis] [19:12:52] [INFO] Running at [38;5;121m91.27[0m[38;5;159m FPS ([38;5;121m91.27[0m[38;5;159m FPS per env, [38;5;121m1[0m[38;5;159m envs).[0m
[38;5;159m[Genesis] [19:12:53] [INFO] Running at [38;5;121m90.82[0m[38;5;159m FPS ([38;5;121m90.82[0m[38;5;159m FPS per env, [38;5;121m1[0m[38;5;159m envs).[0m
[38;5;159m[Genesis] [19:12:53] [INFO] Running at [38;5;121m90.42[0m[38;5;159m FPS ([38;5;121m90.42[0m[38;5;159m FPS per env, [38;5;121m1[0m[38;5;159m envs).[0m
[38;5;159m[Genesis] [19:12:53] [INFO] Running at [38;5;121m90.08[0m[38;5;159m FPS ([38;5;121m90.08[0m[38;5;159m FPS per env, [38;5;121m1[0m[38;5;159m envs).[0m
[38;5;159m[Genesis] [19:12:53] [INFO] Running at [38;5;121m89.73[0m[38;5;159m FPS ([38;5;121m89.73[0m[38;5;159m FPS per env, [38;5;121m1[0m[38;5;159m envs).[0m
[38;5;159m[Genesis] [19:12:53] [INFO] Running at [38;5;121m72.15[0m[38;5;159m FPS ([38;5;121m72.15[0m[38;5;159m FPS per env, [38;5;121m1[0m[38;5;159m envs).[0m
[38;5;159m[Genesis] [19:12:53] [INFO] Running at [38;5;121m89.77[0m[38;5;159m FPS ([38;5;121m89.77[0m[38;5;159m FPS per env, [38;5;121m1[0m[38;5;159m envs).[0m
[38;5;159m[Genesis] [19:12:53] [INFO] Running at [38;5;121m89.43[0m[38;5;159m FPS ([38;5;121m89.43[0m[38;5;159m FPS per env, [38;5;121m1[0m[38;5;159m envs).[0m
[38;5;159m[Genesis] [19:12:53] [INFO] Running at [38;5;121m89.14[0m[38;5;159m FPS ([38;5;121m89.14[0m[38;5;159m FPS per env, [38;5;121m1[0m[38;5;159m envs).[0m
[38;5;159m[Genesis] [19:12:53] [INFO] Running at [38;5;121m88.82[0m[38;5;159m FPS ([38;5;121m88.82[0m[38;5;159m FPS per env, [38;5;121m1[0m[38;5;159m envs).[0m
[38;5;159m[Genesis] [19:12:53] [INFO] Running at [38;5;121m88.51[0m[38;5;159m FPS ([38;5;121m88.51[0m[38;5;159m FPS per env, [38;5;121m1[0m[38;5;159m envs).[0m
[38;5;159m[Genesis] [19:12:53] [INFO] Running at [38;5;121m88.22[0m[38;5;159m FPS ([38;5;121m88.22[0m[38;5;159m FPS per env, [38;5;121m1[0m[38;5;159m envs).[0m
[38;5;159m[Genesis] [19:12:53] [INFO] Running at [38;5;121m87.98[0m[38;5;159m FPS ([38;5;121m87.98[0m[38;5;159m FPS per env, [38;5;121m1[0m[38;5;159m envs).[0m
[38;5;159m[Genesis] [19:12:53] [INFO] Running at [38;5;121m87.72[0m[38;5;159m FPS ([38;5;121m87.72[0m[38;5;159m FPS per env, [38;5;121m1[0m[38;5;159m envs).[0m
[38;5;159m[Genesis] [19:12:53] [INFO] Running at [38;5;121m87.50[0m[38;5;159m FPS ([38;5;121m87.50[0m[38;5;159m FPS per env, [38;5;121m1[0m[38;5;159m envs).[0m
[38;5;159m[Genesis] [19:12:53] [INFO] Running at [38;5;121m87.31[0m[38;5;159m FPS ([38;5;121m87.31[0m[38;5;159m FPS per env, [38;5;121m1[0m[38;5;159m envs).[0m
[38;5;159m[Genesis] [19:12:53] [INFO] Running at [38;5;121m87.12[0m[38;5;159m FPS ([38;5;121m87.12[0m[38;5;159m FPS per env, [38;5;121m1[0m[38;5;159m envs).[0m
[38;5;159m[Genesis] [19:12:53] [INFO] Running at [38;5;121m86.94[0m[38;5;159m FPS ([38;5;121m86.94[0m[38;5;159m FPS per env, [38;5;121m1[0m[38;5;159m envs).[0m
[38;5;159m[Genesis] [19:12:54] [INFO] Running at [38;5;121m86.78[0m[38;5;159m FPS ([38;5;121m86.78[0m[38;5;159m FPS per env, [38;5;121m1[0m[38;5;159m envs).[0m
[38;5;159m[Genesis] [19:12:54] [INFO] Running at [38;5;121m86.63[0m[38;5;159m FPS ([38;5;121m86.63[0m[38;5;159m FPS per env, [38;5;121m1[0m[38;5;159m envs).[0m
[38;5;159m[Genesis] [19:12:54] [INFO] Running at [38;5;121m86.50[0m[38;5;159m FPS ([38;5;121m86.50[0m[38;5;159m FPS per env, [38;5;121m1[0m[38;5;159m envs).[0m
[38;5;159m[Genesis] [19:12:54] [INFO] Running at [38;5;121m86.37[0m[38;5;159m FPS ([38;5;121m86.37[0m[38;5;159m FPS per env, [38;5;121m1[0m[38;5;159m envs).[0m
[38;5;159m[Genesis] [19:12:54] [INFO] Running at [38;5;121m86.06[0m[38;5;159m FPS ([38;5;121m86.06[0m[38;5;159m FPS per env, [38;5;121m1[0m[38;5;159m envs).[0m
[38;5;159m[Genesis] [19:12:54] [INFO] Running at [38;5;121m85.89[0m[38;5;159m FPS ([38;5;121m85.89[0m[38;5;159m FPS per env, [38;5;121m1[0m[38;5;159m envs).[0m
[38;5;159m[Genesis] [19:12:54] [INFO] Running at [38;5;121m85.77[0m[38;5;159m FPS ([38;5;121m85.77[0m[38;5;159m FPS per env, [38;5;121m1[0m[38;5;159m envs).[0m
[38;5;159m[Genesis] [19:12:54] [INFO] Running at [38;5;121m85.68[0m[38;5;159m FPS ([38;5;121m85.68[0m[38;5;159m FPS per env, [38;5;121m1[0m[38;5;159m envs).[0m
[38;5;159m[Genesis] [19:12:54] [INFO] Running at [38;5;121m85.60[0m[38;5;159m FPS ([38;5;121m85.60[0m[38;5;159m FPS per env, [38;5;121m1[0m[38;5;159m envs).[0m
[38;5;159m[Genesis] [19:12:54] [INFO] Running at [38;5;121m85.49[0m[38;5;159m FPS ([38;5;121m85.49[0m[38;5;159m FPS per env, [38;5;121m1[0m[38;5;159m envs).[0m
[38;5;159m[Genesis] [19:12:54] [INFO] Running at [38;5;121m85.39[0m[38;5;159m FPS ([38;5;121m85.39[0m[38;5;159m FPS per env, [38;5;121m1[0m[38;5;159m envs).[0m
[38;5;159m[Genesis] [19:12:54] [INFO] Running at [38;5;121m85.30[0m[38;5;159m FPS ([38;5;121m85.30[0m[38;5;159m FPS per env, [38;5;121m1[0m[38;5;159m envs).[0m
[38;5;159m[Genesis] [19:12:54] [INFO] Running at [38;5;121m85.19[0m[38;5;159m FPS ([38;5;121m85.19[0m[38;5;159m FPS per env, [38;5;121m1[0m[38;5;159m envs).[0m
[38;5;159m[Genesis] [19:12:54] [INFO] Running at [38;5;121m85.13[0m[38;5;159m FPS ([38;5;121m85.13[0m[38;5;159m FPS per env, [38;5;121m1[0m[38;5;159m envs).[0m
[38;5;159m[Genesis] [19:12:54] [INFO] Running at [38;5;121m85.04[0m[38;5;159m FPS ([38;5;121m85.04[0m[38;5;159m FPS per env, [38;5;121m1[0m[38;5;159m envs).[0m
[38;5;159m[Genesis] [19:12:54] [INFO] Running at [38;5;121m84.97[0m[38;5;159m FPS ([38;5;121m84.97[0m[38;5;159m FPS per env, [38;5;121m1[0m[38;5;159m envs).[0m
[38;5;159m[Genesis] [19:12:55] [INFO] Running at [38;5;121m84.92[0m[38;5;159m FPS ([38;5;121m84.92[0m[38;5;159m FPS per env, [38;5;121m1[0m[38;5;159m envs).[0m
[38;5;159m[Genesis] [19:12:55] [INFO] Running at [38;5;121m84.86[0m[38;5;159m FPS ([38;5;121m84.86[0m[38;5;159m FPS per env, [38;5;121m1[0m[38;5;159m envs).[0m
[38;5;159m[Genesis] [19:12:55] [INFO] Running at [38;5;121m84.80[0m[38;5;159m FPS ([38;5;121m84.80[0m[38;5;159m FPS per env, [38;5;121m1[0m[38;5;159m envs).[0m
[38;5;159m[Genesis] [19:12:55] [INFO] Running at [38;5;121m84.72[0m[38;5;159m FPS ([38;5;121m84.72[0m[38;5;159m FPS per env, [38;5;121m1[0m[38;5;159m envs).[0m
[38;5;159m[Genesis] [19:12:55] [INFO] Running at [38;5;121m84.66[0m[38;5;159m FPS ([38;5;121m84.66[0m[38;5;159m FPS per env, [38;5;121m1[0m[38;5;159m envs).[0m
[38;5;159m[Genesis] [19:12:55] [INFO] Running at [38;5;121m84.41[0m[38;5;159m FPS ([38;5;121m84.41[0m[38;5;159m FPS per env, [38;5;121m1[0m[38;5;159m envs).[0m
[38;5;159m[Genesis] [19:12:55] [INFO] Running at [38;5;121m84.32[0m[38;5;159m FPS ([38;5;121m84.32[0m[38;5;159m FPS per env, [38;5;121m1[0m[38;5;159m envs).[0m
[38;5;159m[Genesis] [19:12:55] [INFO] Running at [38;5;121m84.30[0m[38;5;159m FPS ([38;5;121m84.30[0m[38;5;159m FPS per env, [38;5;121m1[0m[38;5;159m envs).[0m
[38;5;159m[Genesis] [19:12:55] [INFO] Running at [38;5;121m84.29[0m[38;5;159m FPS ([38;5;121m84.29[0m[38;5;159m FPS per env, [38;5;121m1[0m[38;5;159m envs).[0m
[38;5;159m[Genesis] [19:12:55] [INFO] Running at [38;5;121m84.28[0m[38;5;159m FPS ([38;5;121m84.28[0m[38;5;159m FPS per env, [38;5;121m1[0m[38;5;159m envs).[0m
[38;5;159m[Genesis] [19:12:55] [INFO] Running at [38;5;121m84.26[0m[38;5;159m FPS ([38;5;121m84.26[0m[38;5;159m FPS per env, [38;5;121m1[0m[38;5;159m envs).[0m
[38;5;159m[Genesis] [19:12:55] [INFO] Running at [38;5;121m84.25[0m[38;5;159m FPS ([38;5;121m84.25[0m[38;5;159m FPS per env, [38;5;121m1[0m[38;5;159m envs).[0m
[38;5;159m[Genesis] [19:12:55] [INFO] Running at [38;5;121m84.23[0m[38;5;159m FPS ([38;5;121m84.23[0m[38;5;159m FPS per env, [38;5;121m1[0m[38;5;159m envs).[0m
[38;5;159m[Genesis] [19:12:55] [INFO] Running at [38;5;121m84.20[0m[38;5;159m FPS ([38;5;121m84.20[0m[38;5;159m FPS per env, [38;5;121m1[0m[38;5;159m envs).[0m
[38;5;159m[Genesis] [19:12:55] [INFO] Running at [38;5;121m84.19[0m[38;5;159m FPS ([38;5;121m84.19[0m[38;5;159m FPS per env, [38;5;121m1[0m[38;5;159m envs).[0m
[38;5;159m[Genesis] [19:12:55] [INFO] Running at [38;5;121m84.18[0m[38;5;159m FPS ([38;5;121m84.18[0m[38;5;159m FPS per env, [38;5;121m1[0m[38;5;159m envs).[0m
[38;5;159m[Genesis] [19:12:55] [INFO] Running at [38;5;121m84.17[0m[38;5;159m FPS ([38;5;121m84.17[0m[38;5;159m FPS per env, [38;5;121m1[0m[38;5;159m envs).[0m
[38;5;159m[Genesis] [19:12:56] [INFO] Running at [38;5;121m84.15[0m[38;5;159m FPS ([38;5;121m84.15[0m[38;5;159m FPS per env, [38;5;121m1[0m[38;5;159m envs).[0m
[38;5;159m[Genesis] [19:12:56] [INFO] Running at [38;5;121m84.14[0m[38;5;159m FPS ([38;5;121m84.14[0m[38;5;159m FPS per env, [38;5;121m1[0m[38;5;159m envs).[0m
[38;5;159m[Genesis] [19:12:56] [INFO] Running at [38;5;121m84.12[0m[38;5;159m FPS ([38;5;121m84.12[0m[38;5;159m FPS per env, [38;5;121m1[0m[38;5;159m envs).[0m
[38;5;159m[Genesis] [19:12:56] [INFO] Running at [38;5;121m84.12[0m[38;5;159m FPS ([38;5;121m84.12[0m[38;5;159m FPS per env, [38;5;121m1[0m[38;5;159m envs).[0m
[38;5;159m[Genesis] [19:12:56] [INFO] Running at [38;5;121m84.11[0m[38;5;159m FPS ([38;5;121m84.11[0m[38;5;159m FPS per env, [38;5;121m1[0m[38;5;159m envs).[0m
[38;5;159m[Genesis] [19:12:56] [INFO] Running at [38;5;121m84.02[0m[38;5;159m FPS ([38;5;121m84.02[0m[38;5;159m FPS per env, [38;5;121m1[0m[38;5;159m envs).[0m
[38;5;159m[Genesis] [19:12:56] [INFO] Running at [38;5;121m83.85[0m[38;5;159m FPS ([38;5;121m83.85[0m[38;5;159m FPS per env, [38;5;121m1[0m[38;5;159m envs).[0m
[38;5;159m[Genesis] [19:12:56] [INFO] Running at [38;5;121m83.85[0m[38;5;159m FPS ([38;5;121m83.85[0m[38;5;159m FPS per env, [38;5;121m1[0m[38;5;159m envs).[0m
[38;5;159m[Genesis] [19:12:56] [INFO] Running at [38;5;121m83.86[0m[38;5;159m FPS ([38;5;121m83.86[0m[38;5;159m FPS per env, [38;5;121m1[0m[38;5;159m envs).[0m
[38;5;159m[Genesis] [19:12:56] [INFO] Running at [38;5;121m83.87[0m[38;5;159m FPS ([38;5;121m83.87[0m[38;5;159m FPS per env, [38;5;121m1[0m[38;5;159m envs).[0m
[38;5;159m[Genesis] [19:12:56] [INFO] Running at [38;5;121m83.87[0m[38;5;159m FPS ([38;5;121m83.87[0m[38;5;159m FPS per env, [38;5;121m1[0m[38;5;159m envs).[0m
[38;5;159m[Genesis] [19:12:56] [INFO] Running at [38;5;121m83.87[0m[38;5;159m FPS ([38;5;121m83.87[0m[38;5;159m FPS per env, [38;5;121m1[0m[38;5;159m envs).[0m
[38;5;159m[Genesis] [19:12:56] [INFO] Running at [38;5;121m83.88[0m[38;5;159m FPS ([38;5;121m83.88[0m[38;5;159m FPS per env, [38;5;121m1[0m[38;5;159m envs).[0m
[38;5;159m[Genesis] [19:12:56] [INFO] Running at [38;5;121m83.89[0m[38;5;159m FPS ([38;5;121m83.89[0m[38;5;159m FPS per env, [38;5;121m1[0m[38;5;159m envs).[0m
[38;5;159m[Genesis] [19:12:56] [INFO] Running at [38;5;121m83.86[0m[38;5;159m FPS ([38;5;121m83.86[0m[38;5;159m FPS per env, [38;5;121m1[0m[38;5;159m envs).[0m
[38;5;159m[Genesis] [19:12:56] [INFO] Running at [38;5;121m83.86[0m[38;5;159m FPS ([38;5;121m83.86[0m[38;5;159m FPS per env, [38;5;121m1[0m[38;5;159m envs).[0m
[38;5;159m[Genesis] [19:12:56] [INFO] Running at [38;5;121m83.86[0m[38;5;159m FPS ([38;5;121m83.86[0m[38;5;159m FPS per env, [38;5;121m1[0m[38;5;159m envs).[0m
[38;5;159m[Genesis] [19:12:57] [INFO] Running at [38;5;121m83.82[0m[38;5;159m FPS ([38;5;121m83.82[0m[38;5;159m FPS per env, [38;5;121m1[0m[38;5;159m envs).[0m
[38;5;159m[Genesis] [19:12:57] [INFO] Running at [38;5;121m83.76[0m[38;5;159m FPS ([38;5;121m83.76[0m[38;5;159m FPS per env, [38;5;121m1[0m[38;5;159m envs).[0m
[38;5;159m[Genesis] [19:12:57] [INFO] Running at [38;5;121m67.54[0m[38;5;159m FPS ([38;5;121m67.54[0m[38;5;159m FPS per env, [38;5;121m1[0m[38;5;159m envs).[0m
[38;5;159m[Genesis] [19:12:57] [INFO] Running at [38;5;121m84.35[0m[38;5;159m FPS ([38;5;121m84.35[0m[38;5;159m FPS per env, [38;5;121m1[0m[38;5;159m envs).[0m
[38;5;159m[Genesis] [19:12:57] [INFO] Running at [38;5;121m84.34[0m[38;5;159m FPS ([38;5;121m84.34[0m[38;5;159m FPS per env, [38;5;121m1[0m[38;5;159m envs).[0m
[38;5;159m[Genesis] [19:12:57] [INFO] Running at [38;5;121m84.24[0m[38;5;159m FPS ([38;5;121m84.24[0m[38;5;159m FPS per env, [38;5;121m1[0m[38;5;159m envs).[0m
[38;5;159m[Genesis] [19:12:57] [INFO] Running at [38;5;121m67.90[0m[38;5;159m FPS ([38;5;121m67.90[0m[38;5;159m FPS per env, [38;5;121m1[0m[38;5;159m envs).[0m
[38;5;159m[Genesis] [19:12:57] [INFO] Running at [38;5;121m84.69[0m[38;5;159m FPS ([38;5;121m84.69[0m[38;5;159m FPS per env, [38;5;121m1[0m[38;5;159m envs).[0m
[38;5;159m[Genesis] [19:12:57] [INFO] Running at [38;5;121m84.58[0m[38;5;159m FPS ([38;5;121m84.58[0m[38;5;159m FPS per env, [38;5;121m1[0m[38;5;159m envs).[0m
[38;5;159m[Genesis] [19:12:57] [INFO] Running at [38;5;121m84.53[0m[38;5;159m FPS ([38;5;121m84.53[0m[38;5;159m FPS per env, [38;5;121m1[0m[38;5;159m envs).[0m
[38;5;159m[Genesis] [19:12:57] [INFO] Running at [38;5;121m84.48[0m[38;5;159m FPS ([38;5;121m84.48[0m[38;5;159m FPS per env, [38;5;121m1[0m[38;5;159m envs).[0m
[38;5;159m[Genesis] [19:12:57] [INFO] Running at [38;5;121m84.44[0m[38;5;159m FPS ([38;5;121m84.44[0m[38;5;159m FPS per env, [38;5;121m1[0m[38;5;159m envs).[0m
[38;5;159m[Genesis] [19:12:57] [INFO] Running at [38;5;121m84.41[0m[38;5;159m FPS ([38;5;121m84.41[0m[38;5;159m FPS per env, [38;5;121m1[0m[38;5;159m envs).[0m
[38;5;159m[Genesis] [19:12:57] [INFO] Running at [38;5;121m67.96[0m[38;5;159m FPS ([38;5;121m67.96[0m[38;5;159m FPS per env, [38;5;121m1[0m[38;5;159m envs).[0m
[38;5;159m[Genesis] [19:12:57] [INFO] Running at [38;5;121m84.86[0m[38;5;159m FPS ([38;5;121m84.86[0m[38;5;159m FPS per env, [38;5;121m1[0m[38;5;159m envs).[0m
[38;5;159m[Genesis] [19:12:57] [INFO] Running at [38;5;121m84.77[0m[38;5;159m FPS ([38;5;121m84.77[0m[38;5;159m FPS per env, [38;5;121m1[0m[38;5;159m envs).[0m
[38;5;159m[Genesis] [19:12:57] [INFO] Running at [38;5;121m84.70[0m[38;5;159m FPS ([38;5;121m84.70[0m[38;5;159m FPS per env, [38;5;121m1[0m[38;5;159m envs).[0m
[38;5;159m[Genesis] [19:12:58] [INFO] Running at [38;5;121m84.66[0m[38;5;159m FPS ([38;5;121m84.66[0m[38;5;159m FPS per env, [38;5;121m1[0m[38;5;159m envs).[0m
[38;5;159m[Genesis] [19:12:58] [INFO] Running at [38;5;121m84.59[0m[38;5;159m FPS ([38;5;121m84.59[0m[38;5;159m FPS per env, [38;5;121m1[0m[38;5;159m envs).[0m
[38;5;159m[Genesis] [19:12:58] [INFO] Running at [38;5;121m84.55[0m[38;5;159m FPS ([38;5;121m84.55[0m[38;5;159m FPS per env, [38;5;121m1[0m[38;5;159m envs).[0m
[38;5;159m[Genesis] [19:12:58] [INFO] Running at [38;5;121m84.52[0m[38;5;159m FPS ([38;5;121m84.52[0m[38;5;159m FPS per env, [38;5;121m1[0m[38;5;159m envs).[0m
[38;5;159m[Genesis] [19:12:58] [INFO] Running at [38;5;121m84.48[0m[38;5;159m FPS ([38;5;121m84.48[0m[38;5;159m FPS per env, [38;5;121m1[0m[38;5;159m envs).[0m
[38;5;159m[Genesis] [19:12:58] [INFO] Running at [38;5;121m84.35[0m[38;5;159m FPS ([38;5;121m84.35[0m[38;5;159m FPS per env, [38;5;121m1[0m[38;5;159m envs).[0m
[38;5;159m[Genesis] [19:12:58] [INFO] Running at [38;5;121m84.17[0m[38;5;159m FPS ([38;5;121m84.17[0m[38;5;159m FPS per env, [38;5;121m1[0m[38;5;159m envs).[0m
[38;5;159m[Genesis] [19:12:58] [INFO] Running at [38;5;121m84.16[0m[38;5;159m FPS ([38;5;121m84.16[0m[38;5;159m FPS per env, [38;5;121m1[0m[38;5;159m envs).[0m
[38;5;159m[Genesis] [19:12:58] [INFO] Running at [38;5;121m84.14[0m[38;5;159m FPS ([38;5;121m84.14[0m[38;5;159m FPS per env, [38;5;121m1[0m[38;5;159m envs).[0m
[38;5;159m[Genesis] [19:12:58] [INFO] Running at [38;5;121m84.14[0m[38;5;159m FPS ([38;5;121m84.14[0m[38;5;159m FPS per env, [38;5;121m1[0m[38;5;159m envs).[0m
[38;5;159m[Genesis] [19:12:58] [INFO] Running at [38;5;121m84.12[0m[38;5;159m FPS ([38;5;121m84.12[0m[38;5;159m FPS per env, [38;5;121m1[0m[38;5;159m envs).[0m
[38;5;159m[Genesis] [19:12:58] [INFO] Running at [38;5;121m84.11[0m[38;5;159m FPS ([38;5;121m84.11[0m[38;5;159m FPS per env, [38;5;121m1[0m[38;5;159m envs).[0m
[38;5;159m[Genesis] [19:12:58] [INFO] Running at [38;5;121m84.11[0m[38;5;159m FPS ([38;5;121m84.11[0m[38;5;159m FPS per env, [38;5;121m1[0m[38;5;159m envs).[0m
[38;5;159m[Genesis] [19:12:58] [INFO] Running at [38;5;121m84.09[0m[38;5;159m FPS ([38;5;121m84.09[0m[38;5;159m FPS per env, [38;5;121m1[0m[38;5;159m envs).[0m
[38;5;159m[Genesis] [19:12:58] [INFO] Running at [38;5;121m84.09[0m[38;5;159m FPS ([38;5;121m84.09[0m[38;5;159m FPS per env, [38;5;121m1[0m[38;5;159m envs).[0m
[38;5;159m[Genesis] [19:12:58] [INFO] Running at [38;5;121m84.07[0m[38;5;159m FPS ([38;5;121m84.07[0m[38;5;159m FPS per env, [38;5;121m1[0m[38;5;159m envs).[0m
[38;5;159m[Genesis] [19:12:58] [INFO] Running at [38;5;121m84.06[0m[38;5;159m FPS ([38;5;121m84.06[0m[38;5;159m FPS per env, [38;5;121m1[0m[38;5;159m envs).[0m
[38;5;159m[Genesis] [19:12:59] [INFO] Running at [38;5;121m84.04[0m[38;5;159m FPS ([38;5;121m84.04[0m[38;5;159m FPS per env, [38;5;121m1[0m[38;5;159m envs).[0m
[38;5;159m[Genesis] [19:12:59] [INFO] Running at [38;5;121m84.03[0m[38;5;159m FPS ([38;5;121m84.03[0m[38;5;159m FPS per env, [38;5;121m1[0m[38;5;159m envs).[0m
[38;5;159m[Genesis] [19:12:59] [INFO] Running at [38;5;121m84.04[0m[38;5;159m FPS ([38;5;121m84.04[0m[38;5;159m FPS per env, [38;5;121m1[0m[38;5;159m envs).[0m
[38;5;159m[Genesis] [19:12:59] [INFO] Running at [38;5;121m84.04[0m[38;5;159m FPS ([38;5;121m84.04[0m[38;5;159m FPS per env, [38;5;121m1[0m[38;5;159m envs).[0m
[38;5;159m[Genesis] [19:12:59] [INFO] Running at [38;5;121m83.97[0m[38;5;159m FPS ([38;5;121m83.97[0m[38;5;159m FPS per env, [38;5;121m1[0m[38;5;159m envs).[0m
[38;5;159m[Genesis] [19:12:59] [INFO] Running at [38;5;121m83.95[0m[38;5;159m FPS ([38;5;121m83.95[0m[38;5;159m FPS per env, [38;5;121m1[0m[38;5;159m envs).[0m
[38;5;159m[Genesis] [19:12:59] [INFO] Running at [38;5;121m83.73[0m[38;5;159m FPS ([38;5;121m83.73[0m[38;5;159m FPS per env, [38;5;121m1[0m[38;5;159m envs).[0m
[38;5;159m[Genesis] [19:12:59] [INFO] Running at [38;5;121m83.75[0m[38;5;159m FPS ([38;5;121m83.75[0m[38;5;159m FPS per env, [38;5;121m1[0m[38;5;159m envs).[0m
[38;5;159m[Genesis] [19:12:59] [INFO] Running at [38;5;121m83.75[0m[38;5;159m FPS ([38;5;121m83.75[0m[38;5;159m FPS per env, [38;5;121m1[0m[38;5;159m envs).[0m
[38;5;159m[Genesis] [19:12:59] [INFO] Running at [38;5;121m83.74[0m[38;5;159m FPS ([38;5;121m83.74[0m[38;5;159m FPS per env, [38;5;121m1[0m[38;5;159m envs).[0m
[38;5;159m[Genesis] [19:12:59] [INFO] Running at [38;5;121m83.74[0m[38;5;159m FPS ([38;5;121m83.74[0m[38;5;159m FPS per env, [38;5;121m1[0m[38;5;159m envs).[0m
[38;5;159m[Genesis] [19:12:59] [INFO] Running at [38;5;121m83.75[0m[38;5;159m FPS ([38;5;121m83.75[0m[38;5;159m FPS per env, [38;5;121m1[0m[38;5;159m envs).[0m
[38;5;159m[Genesis] [19:12:59] [INFO] Running at [38;5;121m83.74[0m[38;5;159m FPS ([38;5;121m83.74[0m[38;5;159m FPS per env, [38;5;121m1[0m[38;5;159m envs).[0m
[38;5;159m[Genesis] [19:12:59] [INFO] Running at [38;5;121m83.74[0m[38;5;159m FPS ([38;5;121m83.74[0m[38;5;159m FPS per env, [38;5;121m1[0m[38;5;159m envs).[0m
[38;5;159m[Genesis] [19:12:59] [INFO] Running at [38;5;121m83.75[0m[38;5;159m FPS ([38;5;121m83.75[0m[38;5;159m FPS per env, [38;5;121m1[0m[38;5;159m envs).[0m
[38;5;159m[Genesis] [19:12:59] [INFO] Running at [38;5;121m83.76[0m[38;5;159m FPS ([38;5;121m83.76[0m[38;5;159m FPS per env, [38;5;121m1[0m[38;5;159m envs).[0m
[38;5;159m[Genesis] [19:13:00] [INFO] Running at [38;5;121m83.76[0m[38;5;159m FPS ([38;5;121m83.76[0m[38;5;159m FPS per env, [38;5;121m1[0m[38;5;159m envs).[0m
[38;5;159m[Genesis] [19:13:00] [INFO] Running at [38;5;121m83.77[0m[38;5;159m FPS ([38;5;121m83.77[0m[38;5;159m FPS per env, [38;5;121m1[0m[38;5;159m envs).[0m
[38;5;159m[Genesis] [19:13:00] [INFO] Running at [38;5;121m83.78[0m[38;5;159m FPS ([38;5;121m83.78[0m[38;5;159m FPS per env, [38;5;121m1[0m[38;5;159m envs).[0m
[38;5;159m[Genesis] [19:13:00] [INFO] Running at [38;5;121m83.78[0m[38;5;159m FPS ([38;5;121m83.78[0m[38;5;159m FPS per env, [38;5;121m1[0m[38;5;159m envs).[0m
[38;5;159m[Genesis] [19:13:00] [INFO] Running at [38;5;121m83.77[0m[38;5;159m FPS ([38;5;121m83.77[0m[38;5;159m FPS per env, [38;5;121m1[0m[38;5;159m envs).[0m
[38;5;159m[Genesis] [19:13:00] [INFO] Running at [38;5;121m83.74[0m[38;5;159m FPS ([38;5;121m83.74[0m[38;5;159m FPS per env, [38;5;121m1[0m[38;5;159m envs).[0m
[38;5;159m[Genesis] [19:13:00] [INFO] Running at [38;5;121m83.76[0m[38;5;159m FPS ([38;5;121m83.76[0m[38;5;159m FPS per env, [38;5;121m1[0m[38;5;159m envs).[0m
[38;5;159m[Genesis] [19:13:00] [INFO] Running at [38;5;121m83.62[0m[38;5;159m FPS ([38;5;121m83.62[0m[38;5;159m FPS per env, [38;5;121m1[0m[38;5;159m envs).[0m
[38;5;159m[Genesis] [19:13:00] [INFO] Running at [38;5;121m83.64[0m[38;5;159m FPS ([38;5;121m83.64[0m[38;5;159m FPS per env, [38;5;121m1[0m[38;5;159m envs).[0m
[38;5;159m[Genesis] [19:13:00] [INFO] Running at [38;5;121m83.66[0m[38;5;159m FPS ([38;5;121m83.66[0m[38;5;159m FPS per env, [38;5;121m1[0m[38;5;159m envs).[0m
[38;5;159m[Genesis] [19:13:00] [INFO] Running at [38;5;121m83.67[0m[38;5;159m FPS ([38;5;121m83.67[0m[38;5;159m FPS per env, [38;5;121m1[0m[38;5;159m envs).[0m
[38;5;159m[Genesis] [19:13:00] [INFO] Running at [38;5;121m83.57[0m[38;5;159m FPS ([38;5;121m83.57[0m[38;5;159m FPS per env, [38;5;121m1[0m[38;5;159m envs).[0m
[38;5;159m[Genesis] [19:13:00] [INFO] Running at [38;5;121m83.54[0m[38;5;159m FPS ([38;5;121m83.54[0m[38;5;159m FPS per env, [38;5;121m1[0m[38;5;159m envs).[0m
[38;5;159m[Genesis] [19:13:00] [INFO] Running at [38;5;121m83.49[0m[38;5;159m FPS ([38;5;121m83.49[0m[38;5;159m FPS per env, [38;5;121m1[0m[38;5;159m envs).[0m
[38;5;159m[Genesis] [19:13:00] [INFO] Running at [38;5;121m83.46[0m[38;5;159m FPS ([38;5;121m83.46[0m[38;5;159m FPS per env, [38;5;121m1[0m[38;5;159m envs).[0m
[38;5;159m[Genesis] [19:13:00] [INFO] Running at [38;5;121m83.45[0m[38;5;159m FPS ([38;5;121m83.45[0m[38;5;159m FPS per env, [38;5;121m1[0m[38;5;159m envs).[0m
[38;5;159m[Genesis] [19:13:00] [INFO] Running at [38;5;121m83.44[0m[38;5;159m FPS ([38;5;121m83.44[0m[38;5;159m FPS per env, [38;5;121m1[0m[38;5;159m envs).[0m
[38;5;159m[Genesis] [19:13:01] [INFO] Running at [38;5;121m83.41[0m[38;5;159m FPS ([38;5;121m83.41[0m[38;5;159m FPS per env, [38;5;121m1[0m[38;5;159m envs).[0m
[38;5;159m[Genesis] [19:13:01] [INFO] Running at [38;5;121m83.40[0m[38;5;159m FPS ([38;5;121m83.40[0m[38;5;159m FPS per env, [38;5;121m1[0m[38;5;159m envs).[0m
[38;5;159m[Genesis] [19:13:01] [INFO] Running at [38;5;121m83.36[0m[38;5;159m FPS ([38;5;121m83.36[0m[38;5;159m FPS per env, [38;5;121m1[0m[38;5;159m envs).[0m
[38;5;159m[Genesis] [19:13:01] [INFO] Running at [38;5;121m83.33[0m[38;5;159m FPS ([38;5;121m83.33[0m[38;5;159m FPS per env, [38;5;121m1[0m[38;5;159m envs).[0m
[38;5;159m[Genesis] [19:13:01] [INFO] Running at [38;5;121m83.22[0m[38;5;159m FPS ([38;5;121m83.22[0m[38;5;159m FPS per env, [38;5;121m1[0m[38;5;159m envs).[0m
[38;5;159m[Genesis] [19:13:01] [INFO] Running at [38;5;121m83.12[0m[38;5;159m FPS ([38;5;121m83.12[0m[38;5;159m FPS per env, [38;5;121m1[0m[38;5;159m envs).[0m
[38;5;159m[Genesis] [19:13:01] [INFO] Running at [38;5;121m83.15[0m[38;5;159m FPS ([38;5;121m83.15[0m[38;5;159m FPS per env, [38;5;121m1[0m[38;5;159m envs).[0m
[38;5;159m[Genesis] [19:13:01] [INFO] Running at [38;5;121m83.04[0m[38;5;159m FPS ([38;5;121m83.04[0m[38;5;159m FPS per env, [38;5;121m1[0m[38;5;159m envs).[0m
[38;5;159m[Genesis] [19:13:01] [INFO] Running at [38;5;121m83.06[0m[38;5;159m FPS ([38;5;121m83.06[0m[38;5;159m FPS per env, [38;5;121m1[0m[38;5;159m envs).[0m
[38;5;159m[Genesis] [19:13:01] [INFO] Running at [38;5;121m83.11[0m[38;5;159m FPS ([38;5;121m83.11[0m[38;5;159m FPS per env, [38;5;121m1[0m[38;5;159m envs).[0m
[38;5;159m[Genesis] [19:13:01] [INFO] Running at [38;5;121m83.15[0m[38;5;159m FPS ([38;5;121m83.15[0m[38;5;159m FPS per env, [38;5;121m1[0m[38;5;159m envs).[0m
[38;5;159m[Genesis] [19:13:01] [INFO] Running at [38;5;121m83.18[0m[38;5;159m FPS ([38;5;121m83.18[0m[38;5;159m FPS per env, [38;5;121m1[0m[38;5;159m envs).[0m
[38;5;159m[Genesis] [19:13:01] [INFO] Running at [38;5;121m83.22[0m[38;5;159m FPS ([38;5;121m83.22[0m[38;5;159m FPS per env, [38;5;121m1[0m[38;5;159m envs).[0m
[38;5;159m[Genesis] [19:13:01] [INFO] Running at [38;5;121m83.21[0m[38;5;159m FPS ([38;5;121m83.21[0m[38;5;159m FPS per env, [38;5;121m1[0m[38;5;159m envs).[0m
[38;5;159m[Genesis] [19:13:01] [INFO] Running at [38;5;121m83.25[0m[38;5;159m FPS ([38;5;121m83.25[0m[38;5;159m FPS per env, [38;5;121m1[0m[38;5;159m envs).[0m
[38;5;159m[Genesis] [19:13:01] [INFO] Running at [38;5;121m83.28[0m[38;5;159m FPS ([38;5;121m83.28[0m[38;5;159m FPS per env, [38;5;121m1[0m[38;5;159m envs).[0m
[38;5;159m[Genesis] [19:13:01] [INFO] Running at [38;5;121m83.30[0m[38;5;159m FPS ([38;5;121m83.30[0m[38;5;159m FPS per env, [38;5;121m1[0m[38;5;159m envs).[0m
[38;5;159m[Genesis] [19:13:02] [INFO] Running at [38;5;121m83.34[0m[38;5;159m FPS ([38;5;121m83.34[0m[38;5;159m FPS per env, [38;5;121m1[0m[38;5;159m envs).[0m
[38;5;159m[Genesis] [19:13:02] [INFO] Running at [38;5;121m83.36[0m[38;5;159m FPS ([38;5;121m83.36[0m[38;5;159m FPS per env, [38;5;121m1[0m[38;5;159m envs).[0m
[38;5;159m[Genesis] [19:13:02] [INFO] Running at [38;5;121m67.23[0m[38;5;159m FPS ([38;5;121m67.23[0m[38;5;159m FPS per env, [38;5;121m1[0m[38;5;159m envs).[0m
[38;5;159m[Genesis] [19:13:02] [INFO] Running at [38;5;121m84.03[0m[38;5;159m FPS ([38;5;121m84.03[0m[38;5;159m FPS per env, [38;5;121m1[0m[38;5;159m envs).[0m
[38;5;159m[Genesis] [19:13:02] [INFO] Running at [38;5;121m84.03[0m[38;5;159m FPS ([38;5;121m84.03[0m[38;5;159m FPS per env, [38;5;121m1[0m[38;5;159m envs).[0m
[38;5;159m[Genesis] [19:13:02] [INFO] Running at [38;5;121m83.98[0m[38;5;159m FPS ([38;5;121m83.98[0m[38;5;159m FPS per env, [38;5;121m1[0m[38;5;159m envs).[0m
[38;5;159m[Genesis] [19:13:02] [INFO] Running at [38;5;121m83.95[0m[38;5;159m FPS ([38;5;121m83.95[0m[38;5;159m FPS per env, [38;5;121m1[0m[38;5;159m envs).[0m
[38;5;159m[Genesis] [19:13:02] [INFO] Running at [38;5;121m83.96[0m[38;5;159m FPS ([38;5;121m83.96[0m[38;5;159m FPS per env, [38;5;121m1[0m[38;5;159m envs).[0m
[38;5;159m[Genesis] [19:13:02] [INFO] Running at [38;5;121m83.80[0m[38;5;159m FPS ([38;5;121m83.80[0m[38;5;159m FPS per env, [38;5;121m1[0m[38;5;159m envs).[0m
[38;5;159m[Genesis] [19:13:02] [INFO] Running at [38;5;121m83.53[0m[38;5;159m FPS ([38;5;121m83.53[0m[38;5;159m FPS per env, [38;5;121m1[0m[38;5;159m envs).[0m
[38;5;159m[Genesis] [19:13:02] [INFO] Running at [38;5;121m83.50[0m[38;5;159m FPS ([38;5;121m83.50[0m[38;5;159m FPS per env, [38;5;121m1[0m[38;5;159m envs).[0m
[38;5;159m[Genesis] [19:13:02] [INFO] Running at [38;5;121m83.50[0m[38;5;159m FPS ([38;5;121m83.50[0m[38;5;159m FPS per env, [38;5;121m1[0m[38;5;159m envs).[0m
[38;5;159m[Genesis] [19:13:02] [INFO] Running at [38;5;121m83.49[0m[38;5;159m FPS ([38;5;121m83.49[0m[38;5;159m FPS per env, [38;5;121m1[0m[38;5;159m envs).[0m
[38;5;159m[Genesis] [19:13:02] [INFO] Running at [38;5;121m83.52[0m[38;5;159m FPS ([38;5;121m83.52[0m[38;5;159m FPS per env, [38;5;121m1[0m[38;5;159m envs).[0m
[38;5;159m[Genesis] [19:13:02] [INFO] Running at [38;5;121m83.54[0m[38;5;159m FPS ([38;5;121m83.54[0m[38;5;159m FPS per env, [38;5;121m1[0m[38;5;159m envs).[0m
[38;5;159m[Genesis] [19:13:02] [INFO] Running at [38;5;121m83.56[0m[38;5;159m FPS ([38;5;121m83.56[0m[38;5;159m FPS per env, [38;5;121m1[0m[38;5;159m envs).[0m
[38;5;159m[Genesis] [19:13:03] [INFO] Running at [38;5;121m83.57[0m[38;5;159m FPS ([38;5;121m83.57[0m[38;5;159m FPS per env, [38;5;121m1[0m[38;5;159m envs).[0m
[38;5;159m[Genesis] [19:13:03] [INFO] Running at [38;5;121m83.60[0m[38;5;159m FPS ([38;5;121m83.60[0m[38;5;159m FPS per env, [38;5;121m1[0m[38;5;159m envs).[0m
[38;5;159m[Genesis] [19:13:03] [INFO] Running at [38;5;121m83.61[0m[38;5;159m FPS ([38;5;121m83.61[0m[38;5;159m FPS per env, [38;5;121m1[0m[38;5;159m envs).[0m
[38;5;159m[Genesis] [19:13:03] [INFO] Running at [38;5;121m83.64[0m[38;5;159m FPS ([38;5;121m83.64[0m[38;5;159m FPS per env, [38;5;121m1[0m[38;5;159m envs).[0m
[38;5;159m[Genesis] [19:13:03] [INFO] Running at [38;5;121m83.65[0m[38;5;159m FPS ([38;5;121m83.65[0m[38;5;159m FPS per env, [38;5;121m1[0m[38;5;159m envs).[0m
[38;5;159m[Genesis] [19:13:03] [INFO] Running at [38;5;121m83.61[0m[38;5;159m FPS ([38;5;121m83.61[0m[38;5;159m FPS per env, [38;5;121m1[0m[38;5;159m envs).[0m
[38;5;159m[Genesis] [19:13:03] [INFO] Running at [38;5;121m83.63[0m[38;5;159m FPS ([38;5;121m83.63[0m[38;5;159m FPS per env, [38;5;121m1[0m[38;5;159m envs).[0m
[38;5;159m[Genesis] [19:13:03] [INFO] Running at [38;5;121m83.64[0m[38;5;159m FPS ([38;5;121m83.64[0m[38;5;159m FPS per env, [38;5;121m1[0m[38;5;159m envs).[0m
[38;5;159m[Genesis] [19:13:03] [INFO] Running at [38;5;121m83.66[0m[38;5;159m FPS ([38;5;121m83.66[0m[38;5;159m FPS per env, [38;5;121m1[0m[38;5;159m envs).[0m
[38;5;159m[Genesis] [19:13:03] [INFO] Running at [38;5;121m67.43[0m[38;5;159m FPS ([38;5;121m67.43[0m[38;5;159m FPS per env, [38;5;121m1[0m[38;5;159m envs).[0m
[38;5;159m[Genesis] [19:13:03] [INFO] Running at [38;5;121m84.28[0m[38;5;159m FPS ([38;5;121m84.28[0m[38;5;159m FPS per env, [38;5;121m1[0m[38;5;159m envs).[0m
[38;5;159m[Genesis] [19:13:03] [INFO] Running at [38;5;121m84.27[0m[38;5;159m FPS ([38;5;121m84.27[0m[38;5;159m FPS per env, [38;5;121m1[0m[38;5;159m envs).[0m
[38;5;159m[Genesis] [19:13:03] [INFO] Running at [38;5;121m84.23[0m[38;5;159m FPS ([38;5;121m84.23[0m[38;5;159m FPS per env, [38;5;121m1[0m[38;5;159m envs).[0m
[38;5;159m[Genesis] [19:13:03] [INFO] Running at [38;5;121m84.23[0m[38;5;159m FPS ([38;5;121m84.23[0m[38;5;159m FPS per env, [38;5;121m1[0m[38;5;159m envs).[0m
[38;5;159m[Genesis] [19:13:03] [INFO] Running at [38;5;121m84.23[0m[38;5;159m FPS ([38;5;121m84.23[0m[38;5;159m FPS per env, [38;5;121m1[0m[38;5;159m envs).[0m
[38;5;159m[Genesis] [19:13:03] [INFO] Running at [38;5;121m84.24[0m[38;5;159m FPS ([38;5;121m84.24[0m[38;5;159m FPS per env, [38;5;121m1[0m[38;5;159m envs).[0m
[38;5;159m[Genesis] [19:13:03] [INFO] Running at [38;5;121m84.24[0m[38;5;159m FPS ([38;5;121m84.24[0m[38;5;159m FPS per env, [38;5;121m1[0m[38;5;159m envs).[0m
[38;5;159m[Genesis] [19:13:04] [INFO] Running at [38;5;121m84.23[0m[38;5;159m FPS ([38;5;121m84.23[0m[38;5;159m FPS per env, [38;5;121m1[0m[38;5;159m envs).[0m
[38;5;159m[Genesis] [19:13:04] [INFO] Running at [38;5;121m84.17[0m[38;5;159m FPS ([38;5;121m84.17[0m[38;5;159m FPS per env, [38;5;121m1[0m[38;5;159m envs).[0m
[38;5;159m[Genesis] [19:13:04] [INFO] Running at [38;5;121m84.18[0m[38;5;159m FPS ([38;5;121m84.18[0m[38;5;159m FPS per env, [38;5;121m1[0m[38;5;159m envs).[0m
[38;5;159m[Genesis] [19:13:04] [INFO] Running at [38;5;121m84.19[0m[38;5;159m FPS ([38;5;121m84.19[0m[38;5;159m FPS per env, [38;5;121m1[0m[38;5;159m envs).[0m
fps 50
[38;5;159m[Genesis] [19:13:04] [INFO] Saving video to [38;5;121m"test_5000_5.0_0.0_behind.mp4"[0m[38;5;159m...[0m
[38;5;159m[Genesis] [19:13:05] [INFO] Video saved.[0m
[38;5;159m[Genesis] [19:13:05] [INFO] Saving video to [38;5;121m"test_5000_5.0_0.0_side.mp4"[0m[38;5;159m...[0m
[38;5;159m[Genesis] [19:13:08] [INFO] Video saved.[0m
Saved recordings for checkpoint 5000.
Final yaw-rate error: 11.61 deg/s
[38;5;159m[Genesis] [19:13:08] [INFO] 💤 Exiting Genesis and caching compiled kernels...[0m
